[2021-04-06 18:36:13,443] {scheduler_job.py:182} INFO - Started process (PID=17366) to work on /Users/garonsmith/Desktop/airflow_study/airflow-etl-explore/.venv/lib/python3.8/site-packages/airflow/example_dags/subdags/subdag.py
[2021-04-06 18:36:13,444] {scheduler_job.py:629} INFO - Processing file /Users/garonsmith/Desktop/airflow_study/airflow-etl-explore/.venv/lib/python3.8/site-packages/airflow/example_dags/subdags/subdag.py for tasks to queue
[2021-04-06 18:36:13,444] {logging_mixin.py:104} INFO - [2021-04-06 18:36:13,444] {dagbag.py:448} INFO - Filling up the DagBag from /Users/garonsmith/Desktop/airflow_study/airflow-etl-explore/.venv/lib/python3.8/site-packages/airflow/example_dags/subdags/subdag.py
[2021-04-06 18:36:13,445] {scheduler_job.py:641} WARNING - No viable dags retrieved from /Users/garonsmith/Desktop/airflow_study/airflow-etl-explore/.venv/lib/python3.8/site-packages/airflow/example_dags/subdags/subdag.py
[2021-04-06 18:36:13,475] {scheduler_job.py:190} INFO - Processing /Users/garonsmith/Desktop/airflow_study/airflow-etl-explore/.venv/lib/python3.8/site-packages/airflow/example_dags/subdags/subdag.py took 0.032 seconds
[2021-04-06 18:36:44,273] {scheduler_job.py:182} INFO - Started process (PID=17458) to work on /Users/garonsmith/Desktop/airflow_study/airflow-etl-explore/.venv/lib/python3.8/site-packages/airflow/example_dags/subdags/subdag.py
[2021-04-06 18:36:44,274] {scheduler_job.py:629} INFO - Processing file /Users/garonsmith/Desktop/airflow_study/airflow-etl-explore/.venv/lib/python3.8/site-packages/airflow/example_dags/subdags/subdag.py for tasks to queue
[2021-04-06 18:36:44,274] {logging_mixin.py:104} INFO - [2021-04-06 18:36:44,274] {dagbag.py:448} INFO - Filling up the DagBag from /Users/garonsmith/Desktop/airflow_study/airflow-etl-explore/.venv/lib/python3.8/site-packages/airflow/example_dags/subdags/subdag.py
[2021-04-06 18:36:44,276] {scheduler_job.py:641} WARNING - No viable dags retrieved from /Users/garonsmith/Desktop/airflow_study/airflow-etl-explore/.venv/lib/python3.8/site-packages/airflow/example_dags/subdags/subdag.py
[2021-04-06 18:36:44,303] {scheduler_job.py:190} INFO - Processing /Users/garonsmith/Desktop/airflow_study/airflow-etl-explore/.venv/lib/python3.8/site-packages/airflow/example_dags/subdags/subdag.py took 0.031 seconds
[2021-04-06 18:37:15,494] {scheduler_job.py:182} INFO - Started process (PID=18355) to work on /Users/garonsmith/Desktop/airflow_study/airflow-etl-explore/.venv/lib/python3.8/site-packages/airflow/example_dags/subdags/subdag.py
[2021-04-06 18:37:15,496] {scheduler_job.py:629} INFO - Processing file /Users/garonsmith/Desktop/airflow_study/airflow-etl-explore/.venv/lib/python3.8/site-packages/airflow/example_dags/subdags/subdag.py for tasks to queue
[2021-04-06 18:37:15,496] {logging_mixin.py:104} INFO - [2021-04-06 18:37:15,496] {dagbag.py:448} INFO - Filling up the DagBag from /Users/garonsmith/Desktop/airflow_study/airflow-etl-explore/.venv/lib/python3.8/site-packages/airflow/example_dags/subdags/subdag.py
[2021-04-06 18:37:15,498] {scheduler_job.py:641} WARNING - No viable dags retrieved from /Users/garonsmith/Desktop/airflow_study/airflow-etl-explore/.venv/lib/python3.8/site-packages/airflow/example_dags/subdags/subdag.py
[2021-04-06 18:37:15,526] {scheduler_job.py:190} INFO - Processing /Users/garonsmith/Desktop/airflow_study/airflow-etl-explore/.venv/lib/python3.8/site-packages/airflow/example_dags/subdags/subdag.py took 0.032 seconds
[2021-04-06 18:37:46,680] {scheduler_job.py:182} INFO - Started process (PID=18439) to work on /Users/garonsmith/Desktop/airflow_study/airflow-etl-explore/.venv/lib/python3.8/site-packages/airflow/example_dags/subdags/subdag.py
[2021-04-06 18:37:46,681] {scheduler_job.py:629} INFO - Processing file /Users/garonsmith/Desktop/airflow_study/airflow-etl-explore/.venv/lib/python3.8/site-packages/airflow/example_dags/subdags/subdag.py for tasks to queue
[2021-04-06 18:37:46,681] {logging_mixin.py:104} INFO - [2021-04-06 18:37:46,681] {dagbag.py:448} INFO - Filling up the DagBag from /Users/garonsmith/Desktop/airflow_study/airflow-etl-explore/.venv/lib/python3.8/site-packages/airflow/example_dags/subdags/subdag.py
[2021-04-06 18:37:46,682] {scheduler_job.py:641} WARNING - No viable dags retrieved from /Users/garonsmith/Desktop/airflow_study/airflow-etl-explore/.venv/lib/python3.8/site-packages/airflow/example_dags/subdags/subdag.py
[2021-04-06 18:37:46,708] {scheduler_job.py:190} INFO - Processing /Users/garonsmith/Desktop/airflow_study/airflow-etl-explore/.venv/lib/python3.8/site-packages/airflow/example_dags/subdags/subdag.py took 0.028 seconds
[2021-04-06 18:38:17,973] {scheduler_job.py:182} INFO - Started process (PID=18526) to work on /Users/garonsmith/Desktop/airflow_study/airflow-etl-explore/.venv/lib/python3.8/site-packages/airflow/example_dags/subdags/subdag.py
[2021-04-06 18:38:17,973] {scheduler_job.py:629} INFO - Processing file /Users/garonsmith/Desktop/airflow_study/airflow-etl-explore/.venv/lib/python3.8/site-packages/airflow/example_dags/subdags/subdag.py for tasks to queue
[2021-04-06 18:38:17,973] {logging_mixin.py:104} INFO - [2021-04-06 18:38:17,973] {dagbag.py:448} INFO - Filling up the DagBag from /Users/garonsmith/Desktop/airflow_study/airflow-etl-explore/.venv/lib/python3.8/site-packages/airflow/example_dags/subdags/subdag.py
[2021-04-06 18:38:17,974] {scheduler_job.py:641} WARNING - No viable dags retrieved from /Users/garonsmith/Desktop/airflow_study/airflow-etl-explore/.venv/lib/python3.8/site-packages/airflow/example_dags/subdags/subdag.py
[2021-04-06 18:38:18,008] {scheduler_job.py:190} INFO - Processing /Users/garonsmith/Desktop/airflow_study/airflow-etl-explore/.venv/lib/python3.8/site-packages/airflow/example_dags/subdags/subdag.py took 0.036 seconds
[2021-04-06 18:38:49,213] {scheduler_job.py:182} INFO - Started process (PID=18622) to work on /Users/garonsmith/Desktop/airflow_study/airflow-etl-explore/.venv/lib/python3.8/site-packages/airflow/example_dags/subdags/subdag.py
[2021-04-06 18:38:49,213] {scheduler_job.py:629} INFO - Processing file /Users/garonsmith/Desktop/airflow_study/airflow-etl-explore/.venv/lib/python3.8/site-packages/airflow/example_dags/subdags/subdag.py for tasks to queue
[2021-04-06 18:38:49,213] {logging_mixin.py:104} INFO - [2021-04-06 18:38:49,213] {dagbag.py:448} INFO - Filling up the DagBag from /Users/garonsmith/Desktop/airflow_study/airflow-etl-explore/.venv/lib/python3.8/site-packages/airflow/example_dags/subdags/subdag.py
[2021-04-06 18:38:49,215] {scheduler_job.py:641} WARNING - No viable dags retrieved from /Users/garonsmith/Desktop/airflow_study/airflow-etl-explore/.venv/lib/python3.8/site-packages/airflow/example_dags/subdags/subdag.py
[2021-04-06 18:38:49,241] {scheduler_job.py:190} INFO - Processing /Users/garonsmith/Desktop/airflow_study/airflow-etl-explore/.venv/lib/python3.8/site-packages/airflow/example_dags/subdags/subdag.py took 0.028 seconds
[2021-04-06 18:39:19,914] {scheduler_job.py:182} INFO - Started process (PID=18710) to work on /Users/garonsmith/Desktop/airflow_study/airflow-etl-explore/.venv/lib/python3.8/site-packages/airflow/example_dags/subdags/subdag.py
[2021-04-06 18:39:19,915] {scheduler_job.py:629} INFO - Processing file /Users/garonsmith/Desktop/airflow_study/airflow-etl-explore/.venv/lib/python3.8/site-packages/airflow/example_dags/subdags/subdag.py for tasks to queue
[2021-04-06 18:39:19,915] {logging_mixin.py:104} INFO - [2021-04-06 18:39:19,915] {dagbag.py:448} INFO - Filling up the DagBag from /Users/garonsmith/Desktop/airflow_study/airflow-etl-explore/.venv/lib/python3.8/site-packages/airflow/example_dags/subdags/subdag.py
[2021-04-06 18:39:19,916] {scheduler_job.py:641} WARNING - No viable dags retrieved from /Users/garonsmith/Desktop/airflow_study/airflow-etl-explore/.venv/lib/python3.8/site-packages/airflow/example_dags/subdags/subdag.py
[2021-04-06 18:39:19,943] {scheduler_job.py:190} INFO - Processing /Users/garonsmith/Desktop/airflow_study/airflow-etl-explore/.venv/lib/python3.8/site-packages/airflow/example_dags/subdags/subdag.py took 0.030 seconds
[2021-04-06 18:39:51,006] {scheduler_job.py:182} INFO - Started process (PID=18822) to work on /Users/garonsmith/Desktop/airflow_study/airflow-etl-explore/.venv/lib/python3.8/site-packages/airflow/example_dags/subdags/subdag.py
[2021-04-06 18:39:51,006] {scheduler_job.py:629} INFO - Processing file /Users/garonsmith/Desktop/airflow_study/airflow-etl-explore/.venv/lib/python3.8/site-packages/airflow/example_dags/subdags/subdag.py for tasks to queue
[2021-04-06 18:39:51,006] {logging_mixin.py:104} INFO - [2021-04-06 18:39:51,006] {dagbag.py:448} INFO - Filling up the DagBag from /Users/garonsmith/Desktop/airflow_study/airflow-etl-explore/.venv/lib/python3.8/site-packages/airflow/example_dags/subdags/subdag.py
[2021-04-06 18:39:51,007] {scheduler_job.py:641} WARNING - No viable dags retrieved from /Users/garonsmith/Desktop/airflow_study/airflow-etl-explore/.venv/lib/python3.8/site-packages/airflow/example_dags/subdags/subdag.py
[2021-04-06 18:39:51,034] {scheduler_job.py:190} INFO - Processing /Users/garonsmith/Desktop/airflow_study/airflow-etl-explore/.venv/lib/python3.8/site-packages/airflow/example_dags/subdags/subdag.py took 0.029 seconds
[2021-04-06 18:40:23,249] {scheduler_job.py:182} INFO - Started process (PID=18929) to work on /Users/garonsmith/Desktop/airflow_study/airflow-etl-explore/.venv/lib/python3.8/site-packages/airflow/example_dags/subdags/subdag.py
[2021-04-06 18:40:23,249] {scheduler_job.py:629} INFO - Processing file /Users/garonsmith/Desktop/airflow_study/airflow-etl-explore/.venv/lib/python3.8/site-packages/airflow/example_dags/subdags/subdag.py for tasks to queue
[2021-04-06 18:40:23,249] {logging_mixin.py:104} INFO - [2021-04-06 18:40:23,249] {dagbag.py:448} INFO - Filling up the DagBag from /Users/garonsmith/Desktop/airflow_study/airflow-etl-explore/.venv/lib/python3.8/site-packages/airflow/example_dags/subdags/subdag.py
[2021-04-06 18:40:23,250] {scheduler_job.py:641} WARNING - No viable dags retrieved from /Users/garonsmith/Desktop/airflow_study/airflow-etl-explore/.venv/lib/python3.8/site-packages/airflow/example_dags/subdags/subdag.py
[2021-04-06 18:40:23,278] {scheduler_job.py:190} INFO - Processing /Users/garonsmith/Desktop/airflow_study/airflow-etl-explore/.venv/lib/python3.8/site-packages/airflow/example_dags/subdags/subdag.py took 0.029 seconds
[2021-04-06 18:40:54,492] {scheduler_job.py:182} INFO - Started process (PID=19017) to work on /Users/garonsmith/Desktop/airflow_study/airflow-etl-explore/.venv/lib/python3.8/site-packages/airflow/example_dags/subdags/subdag.py
[2021-04-06 18:40:54,492] {scheduler_job.py:629} INFO - Processing file /Users/garonsmith/Desktop/airflow_study/airflow-etl-explore/.venv/lib/python3.8/site-packages/airflow/example_dags/subdags/subdag.py for tasks to queue
[2021-04-06 18:40:54,492] {logging_mixin.py:104} INFO - [2021-04-06 18:40:54,492] {dagbag.py:448} INFO - Filling up the DagBag from /Users/garonsmith/Desktop/airflow_study/airflow-etl-explore/.venv/lib/python3.8/site-packages/airflow/example_dags/subdags/subdag.py
[2021-04-06 18:40:54,493] {scheduler_job.py:641} WARNING - No viable dags retrieved from /Users/garonsmith/Desktop/airflow_study/airflow-etl-explore/.venv/lib/python3.8/site-packages/airflow/example_dags/subdags/subdag.py
[2021-04-06 18:40:54,520] {scheduler_job.py:190} INFO - Processing /Users/garonsmith/Desktop/airflow_study/airflow-etl-explore/.venv/lib/python3.8/site-packages/airflow/example_dags/subdags/subdag.py took 0.029 seconds
[2021-04-06 18:41:25,839] {scheduler_job.py:182} INFO - Started process (PID=19108) to work on /Users/garonsmith/Desktop/airflow_study/airflow-etl-explore/.venv/lib/python3.8/site-packages/airflow/example_dags/subdags/subdag.py
[2021-04-06 18:41:25,840] {scheduler_job.py:629} INFO - Processing file /Users/garonsmith/Desktop/airflow_study/airflow-etl-explore/.venv/lib/python3.8/site-packages/airflow/example_dags/subdags/subdag.py for tasks to queue
[2021-04-06 18:41:25,840] {logging_mixin.py:104} INFO - [2021-04-06 18:41:25,840] {dagbag.py:448} INFO - Filling up the DagBag from /Users/garonsmith/Desktop/airflow_study/airflow-etl-explore/.venv/lib/python3.8/site-packages/airflow/example_dags/subdags/subdag.py
[2021-04-06 18:41:25,841] {scheduler_job.py:641} WARNING - No viable dags retrieved from /Users/garonsmith/Desktop/airflow_study/airflow-etl-explore/.venv/lib/python3.8/site-packages/airflow/example_dags/subdags/subdag.py
[2021-04-06 18:41:25,871] {scheduler_job.py:190} INFO - Processing /Users/garonsmith/Desktop/airflow_study/airflow-etl-explore/.venv/lib/python3.8/site-packages/airflow/example_dags/subdags/subdag.py took 0.032 seconds
[2021-04-06 18:41:57,073] {scheduler_job.py:182} INFO - Started process (PID=19214) to work on /Users/garonsmith/Desktop/airflow_study/airflow-etl-explore/.venv/lib/python3.8/site-packages/airflow/example_dags/subdags/subdag.py
[2021-04-06 18:41:57,073] {scheduler_job.py:629} INFO - Processing file /Users/garonsmith/Desktop/airflow_study/airflow-etl-explore/.venv/lib/python3.8/site-packages/airflow/example_dags/subdags/subdag.py for tasks to queue
[2021-04-06 18:41:57,074] {logging_mixin.py:104} INFO - [2021-04-06 18:41:57,074] {dagbag.py:448} INFO - Filling up the DagBag from /Users/garonsmith/Desktop/airflow_study/airflow-etl-explore/.venv/lib/python3.8/site-packages/airflow/example_dags/subdags/subdag.py
[2021-04-06 18:41:57,075] {scheduler_job.py:641} WARNING - No viable dags retrieved from /Users/garonsmith/Desktop/airflow_study/airflow-etl-explore/.venv/lib/python3.8/site-packages/airflow/example_dags/subdags/subdag.py
[2021-04-06 18:41:57,108] {scheduler_job.py:190} INFO - Processing /Users/garonsmith/Desktop/airflow_study/airflow-etl-explore/.venv/lib/python3.8/site-packages/airflow/example_dags/subdags/subdag.py took 0.035 seconds
[2021-04-06 18:42:27,751] {scheduler_job.py:182} INFO - Started process (PID=19304) to work on /Users/garonsmith/Desktop/airflow_study/airflow-etl-explore/.venv/lib/python3.8/site-packages/airflow/example_dags/subdags/subdag.py
[2021-04-06 18:42:27,752] {scheduler_job.py:629} INFO - Processing file /Users/garonsmith/Desktop/airflow_study/airflow-etl-explore/.venv/lib/python3.8/site-packages/airflow/example_dags/subdags/subdag.py for tasks to queue
[2021-04-06 18:42:27,752] {logging_mixin.py:104} INFO - [2021-04-06 18:42:27,752] {dagbag.py:448} INFO - Filling up the DagBag from /Users/garonsmith/Desktop/airflow_study/airflow-etl-explore/.venv/lib/python3.8/site-packages/airflow/example_dags/subdags/subdag.py
[2021-04-06 18:42:27,753] {scheduler_job.py:641} WARNING - No viable dags retrieved from /Users/garonsmith/Desktop/airflow_study/airflow-etl-explore/.venv/lib/python3.8/site-packages/airflow/example_dags/subdags/subdag.py
[2021-04-06 18:42:27,781] {scheduler_job.py:190} INFO - Processing /Users/garonsmith/Desktop/airflow_study/airflow-etl-explore/.venv/lib/python3.8/site-packages/airflow/example_dags/subdags/subdag.py took 0.030 seconds
[2021-04-06 18:42:58,730] {scheduler_job.py:182} INFO - Started process (PID=19396) to work on /Users/garonsmith/Desktop/airflow_study/airflow-etl-explore/.venv/lib/python3.8/site-packages/airflow/example_dags/subdags/subdag.py
[2021-04-06 18:42:58,730] {scheduler_job.py:629} INFO - Processing file /Users/garonsmith/Desktop/airflow_study/airflow-etl-explore/.venv/lib/python3.8/site-packages/airflow/example_dags/subdags/subdag.py for tasks to queue
[2021-04-06 18:42:58,731] {logging_mixin.py:104} INFO - [2021-04-06 18:42:58,730] {dagbag.py:448} INFO - Filling up the DagBag from /Users/garonsmith/Desktop/airflow_study/airflow-etl-explore/.venv/lib/python3.8/site-packages/airflow/example_dags/subdags/subdag.py
[2021-04-06 18:42:58,731] {scheduler_job.py:641} WARNING - No viable dags retrieved from /Users/garonsmith/Desktop/airflow_study/airflow-etl-explore/.venv/lib/python3.8/site-packages/airflow/example_dags/subdags/subdag.py
[2021-04-06 18:42:58,762] {scheduler_job.py:190} INFO - Processing /Users/garonsmith/Desktop/airflow_study/airflow-etl-explore/.venv/lib/python3.8/site-packages/airflow/example_dags/subdags/subdag.py took 0.033 seconds
[2021-04-06 18:43:30,024] {scheduler_job.py:182} INFO - Started process (PID=19506) to work on /Users/garonsmith/Desktop/airflow_study/airflow-etl-explore/.venv/lib/python3.8/site-packages/airflow/example_dags/subdags/subdag.py
[2021-04-06 18:43:30,024] {scheduler_job.py:629} INFO - Processing file /Users/garonsmith/Desktop/airflow_study/airflow-etl-explore/.venv/lib/python3.8/site-packages/airflow/example_dags/subdags/subdag.py for tasks to queue
[2021-04-06 18:43:30,024] {logging_mixin.py:104} INFO - [2021-04-06 18:43:30,024] {dagbag.py:448} INFO - Filling up the DagBag from /Users/garonsmith/Desktop/airflow_study/airflow-etl-explore/.venv/lib/python3.8/site-packages/airflow/example_dags/subdags/subdag.py
[2021-04-06 18:43:30,025] {scheduler_job.py:641} WARNING - No viable dags retrieved from /Users/garonsmith/Desktop/airflow_study/airflow-etl-explore/.venv/lib/python3.8/site-packages/airflow/example_dags/subdags/subdag.py
[2021-04-06 18:43:30,059] {scheduler_job.py:190} INFO - Processing /Users/garonsmith/Desktop/airflow_study/airflow-etl-explore/.venv/lib/python3.8/site-packages/airflow/example_dags/subdags/subdag.py took 0.036 seconds
[2021-04-06 18:43:49,270] {scheduler_job.py:182} INFO - Started process (PID=19622) to work on /Users/garonsmith/Desktop/airflow_study/airflow-etl-explore/.venv/lib/python3.8/site-packages/airflow/example_dags/subdags/subdag.py
[2021-04-06 18:43:49,270] {scheduler_job.py:629} INFO - Processing file /Users/garonsmith/Desktop/airflow_study/airflow-etl-explore/.venv/lib/python3.8/site-packages/airflow/example_dags/subdags/subdag.py for tasks to queue
[2021-04-06 18:43:49,270] {logging_mixin.py:104} INFO - [2021-04-06 18:43:49,270] {dagbag.py:448} INFO - Filling up the DagBag from /Users/garonsmith/Desktop/airflow_study/airflow-etl-explore/.venv/lib/python3.8/site-packages/airflow/example_dags/subdags/subdag.py
[2021-04-06 18:43:49,272] {scheduler_job.py:641} WARNING - No viable dags retrieved from /Users/garonsmith/Desktop/airflow_study/airflow-etl-explore/.venv/lib/python3.8/site-packages/airflow/example_dags/subdags/subdag.py
[2021-04-06 18:43:49,310] {scheduler_job.py:190} INFO - Processing /Users/garonsmith/Desktop/airflow_study/airflow-etl-explore/.venv/lib/python3.8/site-packages/airflow/example_dags/subdags/subdag.py took 0.041 seconds
[2021-04-06 18:44:20,179] {scheduler_job.py:182} INFO - Started process (PID=19713) to work on /Users/garonsmith/Desktop/airflow_study/airflow-etl-explore/.venv/lib/python3.8/site-packages/airflow/example_dags/subdags/subdag.py
[2021-04-06 18:44:20,180] {scheduler_job.py:629} INFO - Processing file /Users/garonsmith/Desktop/airflow_study/airflow-etl-explore/.venv/lib/python3.8/site-packages/airflow/example_dags/subdags/subdag.py for tasks to queue
[2021-04-06 18:44:20,180] {logging_mixin.py:104} INFO - [2021-04-06 18:44:20,180] {dagbag.py:448} INFO - Filling up the DagBag from /Users/garonsmith/Desktop/airflow_study/airflow-etl-explore/.venv/lib/python3.8/site-packages/airflow/example_dags/subdags/subdag.py
[2021-04-06 18:44:20,182] {scheduler_job.py:641} WARNING - No viable dags retrieved from /Users/garonsmith/Desktop/airflow_study/airflow-etl-explore/.venv/lib/python3.8/site-packages/airflow/example_dags/subdags/subdag.py
[2021-04-06 18:44:20,212] {scheduler_job.py:190} INFO - Processing /Users/garonsmith/Desktop/airflow_study/airflow-etl-explore/.venv/lib/python3.8/site-packages/airflow/example_dags/subdags/subdag.py took 0.034 seconds
[2021-04-06 18:44:51,179] {scheduler_job.py:182} INFO - Started process (PID=19799) to work on /Users/garonsmith/Desktop/airflow_study/airflow-etl-explore/.venv/lib/python3.8/site-packages/airflow/example_dags/subdags/subdag.py
[2021-04-06 18:44:51,180] {scheduler_job.py:629} INFO - Processing file /Users/garonsmith/Desktop/airflow_study/airflow-etl-explore/.venv/lib/python3.8/site-packages/airflow/example_dags/subdags/subdag.py for tasks to queue
[2021-04-06 18:44:51,180] {logging_mixin.py:104} INFO - [2021-04-06 18:44:51,180] {dagbag.py:448} INFO - Filling up the DagBag from /Users/garonsmith/Desktop/airflow_study/airflow-etl-explore/.venv/lib/python3.8/site-packages/airflow/example_dags/subdags/subdag.py
[2021-04-06 18:44:51,181] {scheduler_job.py:641} WARNING - No viable dags retrieved from /Users/garonsmith/Desktop/airflow_study/airflow-etl-explore/.venv/lib/python3.8/site-packages/airflow/example_dags/subdags/subdag.py
[2021-04-06 18:44:51,210] {scheduler_job.py:190} INFO - Processing /Users/garonsmith/Desktop/airflow_study/airflow-etl-explore/.venv/lib/python3.8/site-packages/airflow/example_dags/subdags/subdag.py took 0.031 seconds
[2021-04-06 18:45:22,180] {scheduler_job.py:182} INFO - Started process (PID=19885) to work on /Users/garonsmith/Desktop/airflow_study/airflow-etl-explore/.venv/lib/python3.8/site-packages/airflow/example_dags/subdags/subdag.py
[2021-04-06 18:45:22,180] {scheduler_job.py:629} INFO - Processing file /Users/garonsmith/Desktop/airflow_study/airflow-etl-explore/.venv/lib/python3.8/site-packages/airflow/example_dags/subdags/subdag.py for tasks to queue
[2021-04-06 18:45:22,180] {logging_mixin.py:104} INFO - [2021-04-06 18:45:22,180] {dagbag.py:448} INFO - Filling up the DagBag from /Users/garonsmith/Desktop/airflow_study/airflow-etl-explore/.venv/lib/python3.8/site-packages/airflow/example_dags/subdags/subdag.py
[2021-04-06 18:45:22,182] {scheduler_job.py:641} WARNING - No viable dags retrieved from /Users/garonsmith/Desktop/airflow_study/airflow-etl-explore/.venv/lib/python3.8/site-packages/airflow/example_dags/subdags/subdag.py
[2021-04-06 18:45:22,212] {scheduler_job.py:190} INFO - Processing /Users/garonsmith/Desktop/airflow_study/airflow-etl-explore/.venv/lib/python3.8/site-packages/airflow/example_dags/subdags/subdag.py took 0.033 seconds
[2021-04-06 18:45:53,104] {scheduler_job.py:182} INFO - Started process (PID=19979) to work on /Users/garonsmith/Desktop/airflow_study/airflow-etl-explore/.venv/lib/python3.8/site-packages/airflow/example_dags/subdags/subdag.py
[2021-04-06 18:45:53,104] {scheduler_job.py:629} INFO - Processing file /Users/garonsmith/Desktop/airflow_study/airflow-etl-explore/.venv/lib/python3.8/site-packages/airflow/example_dags/subdags/subdag.py for tasks to queue
[2021-04-06 18:45:53,104] {logging_mixin.py:104} INFO - [2021-04-06 18:45:53,104] {dagbag.py:448} INFO - Filling up the DagBag from /Users/garonsmith/Desktop/airflow_study/airflow-etl-explore/.venv/lib/python3.8/site-packages/airflow/example_dags/subdags/subdag.py
[2021-04-06 18:45:53,105] {scheduler_job.py:641} WARNING - No viable dags retrieved from /Users/garonsmith/Desktop/airflow_study/airflow-etl-explore/.venv/lib/python3.8/site-packages/airflow/example_dags/subdags/subdag.py
[2021-04-06 18:45:53,135] {scheduler_job.py:190} INFO - Processing /Users/garonsmith/Desktop/airflow_study/airflow-etl-explore/.venv/lib/python3.8/site-packages/airflow/example_dags/subdags/subdag.py took 0.032 seconds
[2021-04-06 18:46:24,055] {scheduler_job.py:182} INFO - Started process (PID=20068) to work on /Users/garonsmith/Desktop/airflow_study/airflow-etl-explore/.venv/lib/python3.8/site-packages/airflow/example_dags/subdags/subdag.py
[2021-04-06 18:46:24,056] {scheduler_job.py:629} INFO - Processing file /Users/garonsmith/Desktop/airflow_study/airflow-etl-explore/.venv/lib/python3.8/site-packages/airflow/example_dags/subdags/subdag.py for tasks to queue
[2021-04-06 18:46:24,056] {logging_mixin.py:104} INFO - [2021-04-06 18:46:24,056] {dagbag.py:448} INFO - Filling up the DagBag from /Users/garonsmith/Desktop/airflow_study/airflow-etl-explore/.venv/lib/python3.8/site-packages/airflow/example_dags/subdags/subdag.py
[2021-04-06 18:46:24,057] {scheduler_job.py:641} WARNING - No viable dags retrieved from /Users/garonsmith/Desktop/airflow_study/airflow-etl-explore/.venv/lib/python3.8/site-packages/airflow/example_dags/subdags/subdag.py
[2021-04-06 18:46:24,082] {scheduler_job.py:190} INFO - Processing /Users/garonsmith/Desktop/airflow_study/airflow-etl-explore/.venv/lib/python3.8/site-packages/airflow/example_dags/subdags/subdag.py took 0.028 seconds
[2021-04-06 18:46:55,128] {scheduler_job.py:182} INFO - Started process (PID=20156) to work on /Users/garonsmith/Desktop/airflow_study/airflow-etl-explore/.venv/lib/python3.8/site-packages/airflow/example_dags/subdags/subdag.py
[2021-04-06 18:46:55,129] {scheduler_job.py:629} INFO - Processing file /Users/garonsmith/Desktop/airflow_study/airflow-etl-explore/.venv/lib/python3.8/site-packages/airflow/example_dags/subdags/subdag.py for tasks to queue
[2021-04-06 18:46:55,129] {logging_mixin.py:104} INFO - [2021-04-06 18:46:55,129] {dagbag.py:448} INFO - Filling up the DagBag from /Users/garonsmith/Desktop/airflow_study/airflow-etl-explore/.venv/lib/python3.8/site-packages/airflow/example_dags/subdags/subdag.py
[2021-04-06 18:46:55,130] {scheduler_job.py:641} WARNING - No viable dags retrieved from /Users/garonsmith/Desktop/airflow_study/airflow-etl-explore/.venv/lib/python3.8/site-packages/airflow/example_dags/subdags/subdag.py
[2021-04-06 18:46:55,165] {scheduler_job.py:190} INFO - Processing /Users/garonsmith/Desktop/airflow_study/airflow-etl-explore/.venv/lib/python3.8/site-packages/airflow/example_dags/subdags/subdag.py took 0.037 seconds
[2021-04-06 18:47:26,089] {scheduler_job.py:182} INFO - Started process (PID=20242) to work on /Users/garonsmith/Desktop/airflow_study/airflow-etl-explore/.venv/lib/python3.8/site-packages/airflow/example_dags/subdags/subdag.py
[2021-04-06 18:47:26,090] {scheduler_job.py:629} INFO - Processing file /Users/garonsmith/Desktop/airflow_study/airflow-etl-explore/.venv/lib/python3.8/site-packages/airflow/example_dags/subdags/subdag.py for tasks to queue
[2021-04-06 18:47:26,090] {logging_mixin.py:104} INFO - [2021-04-06 18:47:26,090] {dagbag.py:448} INFO - Filling up the DagBag from /Users/garonsmith/Desktop/airflow_study/airflow-etl-explore/.venv/lib/python3.8/site-packages/airflow/example_dags/subdags/subdag.py
[2021-04-06 18:47:26,091] {scheduler_job.py:641} WARNING - No viable dags retrieved from /Users/garonsmith/Desktop/airflow_study/airflow-etl-explore/.venv/lib/python3.8/site-packages/airflow/example_dags/subdags/subdag.py
[2021-04-06 18:47:26,117] {scheduler_job.py:190} INFO - Processing /Users/garonsmith/Desktop/airflow_study/airflow-etl-explore/.venv/lib/python3.8/site-packages/airflow/example_dags/subdags/subdag.py took 0.028 seconds
[2021-04-06 18:47:57,375] {scheduler_job.py:182} INFO - Started process (PID=20326) to work on /Users/garonsmith/Desktop/airflow_study/airflow-etl-explore/.venv/lib/python3.8/site-packages/airflow/example_dags/subdags/subdag.py
[2021-04-06 18:47:57,376] {scheduler_job.py:629} INFO - Processing file /Users/garonsmith/Desktop/airflow_study/airflow-etl-explore/.venv/lib/python3.8/site-packages/airflow/example_dags/subdags/subdag.py for tasks to queue
[2021-04-06 18:47:57,376] {logging_mixin.py:104} INFO - [2021-04-06 18:47:57,376] {dagbag.py:448} INFO - Filling up the DagBag from /Users/garonsmith/Desktop/airflow_study/airflow-etl-explore/.venv/lib/python3.8/site-packages/airflow/example_dags/subdags/subdag.py
[2021-04-06 18:47:57,377] {scheduler_job.py:641} WARNING - No viable dags retrieved from /Users/garonsmith/Desktop/airflow_study/airflow-etl-explore/.venv/lib/python3.8/site-packages/airflow/example_dags/subdags/subdag.py
[2021-04-06 18:47:57,415] {scheduler_job.py:190} INFO - Processing /Users/garonsmith/Desktop/airflow_study/airflow-etl-explore/.venv/lib/python3.8/site-packages/airflow/example_dags/subdags/subdag.py took 0.041 seconds
[2021-04-06 18:48:28,101] {scheduler_job.py:182} INFO - Started process (PID=20412) to work on /Users/garonsmith/Desktop/airflow_study/airflow-etl-explore/.venv/lib/python3.8/site-packages/airflow/example_dags/subdags/subdag.py
[2021-04-06 18:48:28,102] {scheduler_job.py:629} INFO - Processing file /Users/garonsmith/Desktop/airflow_study/airflow-etl-explore/.venv/lib/python3.8/site-packages/airflow/example_dags/subdags/subdag.py for tasks to queue
[2021-04-06 18:48:28,102] {logging_mixin.py:104} INFO - [2021-04-06 18:48:28,102] {dagbag.py:448} INFO - Filling up the DagBag from /Users/garonsmith/Desktop/airflow_study/airflow-etl-explore/.venv/lib/python3.8/site-packages/airflow/example_dags/subdags/subdag.py
[2021-04-06 18:48:28,103] {scheduler_job.py:641} WARNING - No viable dags retrieved from /Users/garonsmith/Desktop/airflow_study/airflow-etl-explore/.venv/lib/python3.8/site-packages/airflow/example_dags/subdags/subdag.py
[2021-04-06 18:48:28,129] {scheduler_job.py:190} INFO - Processing /Users/garonsmith/Desktop/airflow_study/airflow-etl-explore/.venv/lib/python3.8/site-packages/airflow/example_dags/subdags/subdag.py took 0.028 seconds
[2021-04-06 18:48:58,900] {scheduler_job.py:182} INFO - Started process (PID=20497) to work on /Users/garonsmith/Desktop/airflow_study/airflow-etl-explore/.venv/lib/python3.8/site-packages/airflow/example_dags/subdags/subdag.py
[2021-04-06 18:48:58,900] {scheduler_job.py:629} INFO - Processing file /Users/garonsmith/Desktop/airflow_study/airflow-etl-explore/.venv/lib/python3.8/site-packages/airflow/example_dags/subdags/subdag.py for tasks to queue
[2021-04-06 18:48:58,901] {logging_mixin.py:104} INFO - [2021-04-06 18:48:58,901] {dagbag.py:448} INFO - Filling up the DagBag from /Users/garonsmith/Desktop/airflow_study/airflow-etl-explore/.venv/lib/python3.8/site-packages/airflow/example_dags/subdags/subdag.py
[2021-04-06 18:48:58,902] {scheduler_job.py:641} WARNING - No viable dags retrieved from /Users/garonsmith/Desktop/airflow_study/airflow-etl-explore/.venv/lib/python3.8/site-packages/airflow/example_dags/subdags/subdag.py
[2021-04-06 18:48:58,928] {scheduler_job.py:190} INFO - Processing /Users/garonsmith/Desktop/airflow_study/airflow-etl-explore/.venv/lib/python3.8/site-packages/airflow/example_dags/subdags/subdag.py took 0.029 seconds
[2021-04-06 18:49:10,934] {scheduler_job.py:182} INFO - Started process (PID=20643) to work on /Users/garonsmith/Desktop/airflow_study/airflow-etl-explore/.venv/lib/python3.8/site-packages/airflow/example_dags/subdags/subdag.py
[2021-04-06 18:49:10,934] {scheduler_job.py:629} INFO - Processing file /Users/garonsmith/Desktop/airflow_study/airflow-etl-explore/.venv/lib/python3.8/site-packages/airflow/example_dags/subdags/subdag.py for tasks to queue
[2021-04-06 18:49:10,934] {logging_mixin.py:104} INFO - [2021-04-06 18:49:10,934] {dagbag.py:448} INFO - Filling up the DagBag from /Users/garonsmith/Desktop/airflow_study/airflow-etl-explore/.venv/lib/python3.8/site-packages/airflow/example_dags/subdags/subdag.py
[2021-04-06 18:49:10,935] {scheduler_job.py:641} WARNING - No viable dags retrieved from /Users/garonsmith/Desktop/airflow_study/airflow-etl-explore/.venv/lib/python3.8/site-packages/airflow/example_dags/subdags/subdag.py
[2021-04-06 18:49:10,966] {scheduler_job.py:190} INFO - Processing /Users/garonsmith/Desktop/airflow_study/airflow-etl-explore/.venv/lib/python3.8/site-packages/airflow/example_dags/subdags/subdag.py took 0.033 seconds
[2021-04-06 18:49:29,555] {scheduler_job.py:182} INFO - Started process (PID=20670) to work on /Users/garonsmith/Desktop/airflow_study/airflow-etl-explore/.venv/lib/python3.8/site-packages/airflow/example_dags/subdags/subdag.py
[2021-04-06 18:49:29,556] {scheduler_job.py:629} INFO - Processing file /Users/garonsmith/Desktop/airflow_study/airflow-etl-explore/.venv/lib/python3.8/site-packages/airflow/example_dags/subdags/subdag.py for tasks to queue
[2021-04-06 18:49:29,556] {logging_mixin.py:104} INFO - [2021-04-06 18:49:29,556] {dagbag.py:448} INFO - Filling up the DagBag from /Users/garonsmith/Desktop/airflow_study/airflow-etl-explore/.venv/lib/python3.8/site-packages/airflow/example_dags/subdags/subdag.py
[2021-04-06 18:49:29,558] {scheduler_job.py:641} WARNING - No viable dags retrieved from /Users/garonsmith/Desktop/airflow_study/airflow-etl-explore/.venv/lib/python3.8/site-packages/airflow/example_dags/subdags/subdag.py
[2021-04-06 18:49:29,586] {scheduler_job.py:190} INFO - Processing /Users/garonsmith/Desktop/airflow_study/airflow-etl-explore/.venv/lib/python3.8/site-packages/airflow/example_dags/subdags/subdag.py took 0.031 seconds
[2021-04-06 18:49:42,366] {scheduler_job.py:182} INFO - Started process (PID=20811) to work on /Users/garonsmith/Desktop/airflow_study/airflow-etl-explore/.venv/lib/python3.8/site-packages/airflow/example_dags/subdags/subdag.py
[2021-04-06 18:49:42,366] {scheduler_job.py:629} INFO - Processing file /Users/garonsmith/Desktop/airflow_study/airflow-etl-explore/.venv/lib/python3.8/site-packages/airflow/example_dags/subdags/subdag.py for tasks to queue
[2021-04-06 18:49:42,367] {logging_mixin.py:104} INFO - [2021-04-06 18:49:42,367] {dagbag.py:448} INFO - Filling up the DagBag from /Users/garonsmith/Desktop/airflow_study/airflow-etl-explore/.venv/lib/python3.8/site-packages/airflow/example_dags/subdags/subdag.py
[2021-04-06 18:49:42,368] {scheduler_job.py:641} WARNING - No viable dags retrieved from /Users/garonsmith/Desktop/airflow_study/airflow-etl-explore/.venv/lib/python3.8/site-packages/airflow/example_dags/subdags/subdag.py
[2021-04-06 18:49:42,415] {scheduler_job.py:190} INFO - Processing /Users/garonsmith/Desktop/airflow_study/airflow-etl-explore/.venv/lib/python3.8/site-packages/airflow/example_dags/subdags/subdag.py took 0.050 seconds
[2021-04-06 18:50:00,289] {scheduler_job.py:182} INFO - Started process (PID=20845) to work on /Users/garonsmith/Desktop/airflow_study/airflow-etl-explore/.venv/lib/python3.8/site-packages/airflow/example_dags/subdags/subdag.py
[2021-04-06 18:50:00,289] {scheduler_job.py:629} INFO - Processing file /Users/garonsmith/Desktop/airflow_study/airflow-etl-explore/.venv/lib/python3.8/site-packages/airflow/example_dags/subdags/subdag.py for tasks to queue
[2021-04-06 18:50:00,289] {logging_mixin.py:104} INFO - [2021-04-06 18:50:00,289] {dagbag.py:448} INFO - Filling up the DagBag from /Users/garonsmith/Desktop/airflow_study/airflow-etl-explore/.venv/lib/python3.8/site-packages/airflow/example_dags/subdags/subdag.py
[2021-04-06 18:50:00,291] {scheduler_job.py:641} WARNING - No viable dags retrieved from /Users/garonsmith/Desktop/airflow_study/airflow-etl-explore/.venv/lib/python3.8/site-packages/airflow/example_dags/subdags/subdag.py
[2021-04-06 18:50:00,320] {scheduler_job.py:190} INFO - Processing /Users/garonsmith/Desktop/airflow_study/airflow-etl-explore/.venv/lib/python3.8/site-packages/airflow/example_dags/subdags/subdag.py took 0.032 seconds
[2021-04-06 18:50:13,899] {scheduler_job.py:182} INFO - Started process (PID=20988) to work on /Users/garonsmith/Desktop/airflow_study/airflow-etl-explore/.venv/lib/python3.8/site-packages/airflow/example_dags/subdags/subdag.py
[2021-04-06 18:50:13,900] {scheduler_job.py:629} INFO - Processing file /Users/garonsmith/Desktop/airflow_study/airflow-etl-explore/.venv/lib/python3.8/site-packages/airflow/example_dags/subdags/subdag.py for tasks to queue
[2021-04-06 18:50:13,900] {logging_mixin.py:104} INFO - [2021-04-06 18:50:13,900] {dagbag.py:448} INFO - Filling up the DagBag from /Users/garonsmith/Desktop/airflow_study/airflow-etl-explore/.venv/lib/python3.8/site-packages/airflow/example_dags/subdags/subdag.py
[2021-04-06 18:50:13,901] {scheduler_job.py:641} WARNING - No viable dags retrieved from /Users/garonsmith/Desktop/airflow_study/airflow-etl-explore/.venv/lib/python3.8/site-packages/airflow/example_dags/subdags/subdag.py
[2021-04-06 18:50:13,929] {scheduler_job.py:190} INFO - Processing /Users/garonsmith/Desktop/airflow_study/airflow-etl-explore/.venv/lib/python3.8/site-packages/airflow/example_dags/subdags/subdag.py took 0.030 seconds
[2021-04-06 18:50:31,207] {scheduler_job.py:182} INFO - Started process (PID=21010) to work on /Users/garonsmith/Desktop/airflow_study/airflow-etl-explore/.venv/lib/python3.8/site-packages/airflow/example_dags/subdags/subdag.py
[2021-04-06 18:50:31,208] {scheduler_job.py:629} INFO - Processing file /Users/garonsmith/Desktop/airflow_study/airflow-etl-explore/.venv/lib/python3.8/site-packages/airflow/example_dags/subdags/subdag.py for tasks to queue
[2021-04-06 18:50:31,208] {logging_mixin.py:104} INFO - [2021-04-06 18:50:31,208] {dagbag.py:448} INFO - Filling up the DagBag from /Users/garonsmith/Desktop/airflow_study/airflow-etl-explore/.venv/lib/python3.8/site-packages/airflow/example_dags/subdags/subdag.py
[2021-04-06 18:50:31,209] {scheduler_job.py:641} WARNING - No viable dags retrieved from /Users/garonsmith/Desktop/airflow_study/airflow-etl-explore/.venv/lib/python3.8/site-packages/airflow/example_dags/subdags/subdag.py
[2021-04-06 18:50:31,238] {scheduler_job.py:190} INFO - Processing /Users/garonsmith/Desktop/airflow_study/airflow-etl-explore/.venv/lib/python3.8/site-packages/airflow/example_dags/subdags/subdag.py took 0.031 seconds
[2021-04-06 18:50:45,200] {scheduler_job.py:182} INFO - Started process (PID=21153) to work on /Users/garonsmith/Desktop/airflow_study/airflow-etl-explore/.venv/lib/python3.8/site-packages/airflow/example_dags/subdags/subdag.py
[2021-04-06 18:50:45,200] {scheduler_job.py:629} INFO - Processing file /Users/garonsmith/Desktop/airflow_study/airflow-etl-explore/.venv/lib/python3.8/site-packages/airflow/example_dags/subdags/subdag.py for tasks to queue
[2021-04-06 18:50:45,200] {logging_mixin.py:104} INFO - [2021-04-06 18:50:45,200] {dagbag.py:448} INFO - Filling up the DagBag from /Users/garonsmith/Desktop/airflow_study/airflow-etl-explore/.venv/lib/python3.8/site-packages/airflow/example_dags/subdags/subdag.py
[2021-04-06 18:50:45,201] {scheduler_job.py:641} WARNING - No viable dags retrieved from /Users/garonsmith/Desktop/airflow_study/airflow-etl-explore/.venv/lib/python3.8/site-packages/airflow/example_dags/subdags/subdag.py
[2021-04-06 18:50:45,229] {scheduler_job.py:190} INFO - Processing /Users/garonsmith/Desktop/airflow_study/airflow-etl-explore/.venv/lib/python3.8/site-packages/airflow/example_dags/subdags/subdag.py took 0.029 seconds
[2021-04-06 18:51:02,435] {scheduler_job.py:182} INFO - Started process (PID=21178) to work on /Users/garonsmith/Desktop/airflow_study/airflow-etl-explore/.venv/lib/python3.8/site-packages/airflow/example_dags/subdags/subdag.py
[2021-04-06 18:51:02,435] {scheduler_job.py:629} INFO - Processing file /Users/garonsmith/Desktop/airflow_study/airflow-etl-explore/.venv/lib/python3.8/site-packages/airflow/example_dags/subdags/subdag.py for tasks to queue
[2021-04-06 18:51:02,435] {logging_mixin.py:104} INFO - [2021-04-06 18:51:02,435] {dagbag.py:448} INFO - Filling up the DagBag from /Users/garonsmith/Desktop/airflow_study/airflow-etl-explore/.venv/lib/python3.8/site-packages/airflow/example_dags/subdags/subdag.py
[2021-04-06 18:51:02,436] {scheduler_job.py:641} WARNING - No viable dags retrieved from /Users/garonsmith/Desktop/airflow_study/airflow-etl-explore/.venv/lib/python3.8/site-packages/airflow/example_dags/subdags/subdag.py
[2021-04-06 18:51:02,473] {scheduler_job.py:190} INFO - Processing /Users/garonsmith/Desktop/airflow_study/airflow-etl-explore/.venv/lib/python3.8/site-packages/airflow/example_dags/subdags/subdag.py took 0.039 seconds
[2021-04-06 18:51:17,589] {scheduler_job.py:182} INFO - Started process (PID=21324) to work on /Users/garonsmith/Desktop/airflow_study/airflow-etl-explore/.venv/lib/python3.8/site-packages/airflow/example_dags/subdags/subdag.py
[2021-04-06 18:51:17,589] {scheduler_job.py:629} INFO - Processing file /Users/garonsmith/Desktop/airflow_study/airflow-etl-explore/.venv/lib/python3.8/site-packages/airflow/example_dags/subdags/subdag.py for tasks to queue
[2021-04-06 18:51:17,589] {logging_mixin.py:104} INFO - [2021-04-06 18:51:17,589] {dagbag.py:448} INFO - Filling up the DagBag from /Users/garonsmith/Desktop/airflow_study/airflow-etl-explore/.venv/lib/python3.8/site-packages/airflow/example_dags/subdags/subdag.py
[2021-04-06 18:51:17,590] {scheduler_job.py:641} WARNING - No viable dags retrieved from /Users/garonsmith/Desktop/airflow_study/airflow-etl-explore/.venv/lib/python3.8/site-packages/airflow/example_dags/subdags/subdag.py
[2021-04-06 18:51:17,620] {scheduler_job.py:190} INFO - Processing /Users/garonsmith/Desktop/airflow_study/airflow-etl-explore/.venv/lib/python3.8/site-packages/airflow/example_dags/subdags/subdag.py took 0.032 seconds
[2021-04-06 18:51:33,574] {scheduler_job.py:182} INFO - Started process (PID=21343) to work on /Users/garonsmith/Desktop/airflow_study/airflow-etl-explore/.venv/lib/python3.8/site-packages/airflow/example_dags/subdags/subdag.py
[2021-04-06 18:51:33,574] {scheduler_job.py:629} INFO - Processing file /Users/garonsmith/Desktop/airflow_study/airflow-etl-explore/.venv/lib/python3.8/site-packages/airflow/example_dags/subdags/subdag.py for tasks to queue
[2021-04-06 18:51:33,574] {logging_mixin.py:104} INFO - [2021-04-06 18:51:33,574] {dagbag.py:448} INFO - Filling up the DagBag from /Users/garonsmith/Desktop/airflow_study/airflow-etl-explore/.venv/lib/python3.8/site-packages/airflow/example_dags/subdags/subdag.py
[2021-04-06 18:51:33,575] {scheduler_job.py:641} WARNING - No viable dags retrieved from /Users/garonsmith/Desktop/airflow_study/airflow-etl-explore/.venv/lib/python3.8/site-packages/airflow/example_dags/subdags/subdag.py
[2021-04-06 18:51:33,623] {scheduler_job.py:190} INFO - Processing /Users/garonsmith/Desktop/airflow_study/airflow-etl-explore/.venv/lib/python3.8/site-packages/airflow/example_dags/subdags/subdag.py took 0.050 seconds
[2021-04-06 18:51:49,398] {scheduler_job.py:182} INFO - Started process (PID=21496) to work on /Users/garonsmith/Desktop/airflow_study/airflow-etl-explore/.venv/lib/python3.8/site-packages/airflow/example_dags/subdags/subdag.py
[2021-04-06 18:51:49,398] {scheduler_job.py:629} INFO - Processing file /Users/garonsmith/Desktop/airflow_study/airflow-etl-explore/.venv/lib/python3.8/site-packages/airflow/example_dags/subdags/subdag.py for tasks to queue
[2021-04-06 18:51:49,398] {logging_mixin.py:104} INFO - [2021-04-06 18:51:49,398] {dagbag.py:448} INFO - Filling up the DagBag from /Users/garonsmith/Desktop/airflow_study/airflow-etl-explore/.venv/lib/python3.8/site-packages/airflow/example_dags/subdags/subdag.py
[2021-04-06 18:51:49,399] {scheduler_job.py:641} WARNING - No viable dags retrieved from /Users/garonsmith/Desktop/airflow_study/airflow-etl-explore/.venv/lib/python3.8/site-packages/airflow/example_dags/subdags/subdag.py
[2021-04-06 18:51:49,425] {scheduler_job.py:190} INFO - Processing /Users/garonsmith/Desktop/airflow_study/airflow-etl-explore/.venv/lib/python3.8/site-packages/airflow/example_dags/subdags/subdag.py took 0.028 seconds
[2021-04-06 18:52:04,422] {scheduler_job.py:182} INFO - Started process (PID=21514) to work on /Users/garonsmith/Desktop/airflow_study/airflow-etl-explore/.venv/lib/python3.8/site-packages/airflow/example_dags/subdags/subdag.py
[2021-04-06 18:52:04,422] {scheduler_job.py:629} INFO - Processing file /Users/garonsmith/Desktop/airflow_study/airflow-etl-explore/.venv/lib/python3.8/site-packages/airflow/example_dags/subdags/subdag.py for tasks to queue
[2021-04-06 18:52:04,423] {logging_mixin.py:104} INFO - [2021-04-06 18:52:04,423] {dagbag.py:448} INFO - Filling up the DagBag from /Users/garonsmith/Desktop/airflow_study/airflow-etl-explore/.venv/lib/python3.8/site-packages/airflow/example_dags/subdags/subdag.py
[2021-04-06 18:52:04,423] {scheduler_job.py:641} WARNING - No viable dags retrieved from /Users/garonsmith/Desktop/airflow_study/airflow-etl-explore/.venv/lib/python3.8/site-packages/airflow/example_dags/subdags/subdag.py
[2021-04-06 18:52:04,469] {scheduler_job.py:190} INFO - Processing /Users/garonsmith/Desktop/airflow_study/airflow-etl-explore/.venv/lib/python3.8/site-packages/airflow/example_dags/subdags/subdag.py took 0.047 seconds
[2021-04-06 18:52:36,810] {scheduler_job.py:182} INFO - Started process (PID=21616) to work on /Users/garonsmith/Desktop/airflow_study/airflow-etl-explore/.venv/lib/python3.8/site-packages/airflow/example_dags/subdags/subdag.py
[2021-04-06 18:52:36,811] {scheduler_job.py:629} INFO - Processing file /Users/garonsmith/Desktop/airflow_study/airflow-etl-explore/.venv/lib/python3.8/site-packages/airflow/example_dags/subdags/subdag.py for tasks to queue
[2021-04-06 18:52:36,811] {logging_mixin.py:104} INFO - [2021-04-06 18:52:36,811] {dagbag.py:448} INFO - Filling up the DagBag from /Users/garonsmith/Desktop/airflow_study/airflow-etl-explore/.venv/lib/python3.8/site-packages/airflow/example_dags/subdags/subdag.py
[2021-04-06 18:52:36,812] {scheduler_job.py:641} WARNING - No viable dags retrieved from /Users/garonsmith/Desktop/airflow_study/airflow-etl-explore/.venv/lib/python3.8/site-packages/airflow/example_dags/subdags/subdag.py
[2021-04-06 18:52:36,843] {scheduler_job.py:190} INFO - Processing /Users/garonsmith/Desktop/airflow_study/airflow-etl-explore/.venv/lib/python3.8/site-packages/airflow/example_dags/subdags/subdag.py took 0.033 seconds
[2021-04-06 18:53:07,957] {scheduler_job.py:182} INFO - Started process (PID=21704) to work on /Users/garonsmith/Desktop/airflow_study/airflow-etl-explore/.venv/lib/python3.8/site-packages/airflow/example_dags/subdags/subdag.py
[2021-04-06 18:53:07,958] {scheduler_job.py:629} INFO - Processing file /Users/garonsmith/Desktop/airflow_study/airflow-etl-explore/.venv/lib/python3.8/site-packages/airflow/example_dags/subdags/subdag.py for tasks to queue
[2021-04-06 18:53:07,958] {logging_mixin.py:104} INFO - [2021-04-06 18:53:07,958] {dagbag.py:448} INFO - Filling up the DagBag from /Users/garonsmith/Desktop/airflow_study/airflow-etl-explore/.venv/lib/python3.8/site-packages/airflow/example_dags/subdags/subdag.py
[2021-04-06 18:53:07,959] {scheduler_job.py:641} WARNING - No viable dags retrieved from /Users/garonsmith/Desktop/airflow_study/airflow-etl-explore/.venv/lib/python3.8/site-packages/airflow/example_dags/subdags/subdag.py
[2021-04-06 18:53:07,987] {scheduler_job.py:190} INFO - Processing /Users/garonsmith/Desktop/airflow_study/airflow-etl-explore/.venv/lib/python3.8/site-packages/airflow/example_dags/subdags/subdag.py took 0.031 seconds
[2021-04-06 18:53:38,827] {scheduler_job.py:182} INFO - Started process (PID=21801) to work on /Users/garonsmith/Desktop/airflow_study/airflow-etl-explore/.venv/lib/python3.8/site-packages/airflow/example_dags/subdags/subdag.py
[2021-04-06 18:53:38,828] {scheduler_job.py:629} INFO - Processing file /Users/garonsmith/Desktop/airflow_study/airflow-etl-explore/.venv/lib/python3.8/site-packages/airflow/example_dags/subdags/subdag.py for tasks to queue
[2021-04-06 18:53:38,828] {logging_mixin.py:104} INFO - [2021-04-06 18:53:38,828] {dagbag.py:448} INFO - Filling up the DagBag from /Users/garonsmith/Desktop/airflow_study/airflow-etl-explore/.venv/lib/python3.8/site-packages/airflow/example_dags/subdags/subdag.py
[2021-04-06 18:53:38,829] {scheduler_job.py:641} WARNING - No viable dags retrieved from /Users/garonsmith/Desktop/airflow_study/airflow-etl-explore/.venv/lib/python3.8/site-packages/airflow/example_dags/subdags/subdag.py
[2021-04-06 18:53:38,873] {scheduler_job.py:190} INFO - Processing /Users/garonsmith/Desktop/airflow_study/airflow-etl-explore/.venv/lib/python3.8/site-packages/airflow/example_dags/subdags/subdag.py took 0.047 seconds
[2021-04-06 18:54:10,084] {scheduler_job.py:182} INFO - Started process (PID=21903) to work on /Users/garonsmith/Desktop/airflow_study/airflow-etl-explore/.venv/lib/python3.8/site-packages/airflow/example_dags/subdags/subdag.py
[2021-04-06 18:54:10,085] {scheduler_job.py:629} INFO - Processing file /Users/garonsmith/Desktop/airflow_study/airflow-etl-explore/.venv/lib/python3.8/site-packages/airflow/example_dags/subdags/subdag.py for tasks to queue
[2021-04-06 18:54:10,085] {logging_mixin.py:104} INFO - [2021-04-06 18:54:10,085] {dagbag.py:448} INFO - Filling up the DagBag from /Users/garonsmith/Desktop/airflow_study/airflow-etl-explore/.venv/lib/python3.8/site-packages/airflow/example_dags/subdags/subdag.py
[2021-04-06 18:54:10,086] {scheduler_job.py:641} WARNING - No viable dags retrieved from /Users/garonsmith/Desktop/airflow_study/airflow-etl-explore/.venv/lib/python3.8/site-packages/airflow/example_dags/subdags/subdag.py
[2021-04-06 18:54:10,123] {scheduler_job.py:190} INFO - Processing /Users/garonsmith/Desktop/airflow_study/airflow-etl-explore/.venv/lib/python3.8/site-packages/airflow/example_dags/subdags/subdag.py took 0.040 seconds
