[2021-04-06 18:36:15,604] {scheduler_job.py:182} INFO - Started process (PID=17389) to work on /Users/garonsmith/Desktop/airflow_study/airflow-etl-explore/.venv/lib/python3.8/site-packages/airflow/example_dags/example_latest_only.py
[2021-04-06 18:36:15,604] {scheduler_job.py:629} INFO - Processing file /Users/garonsmith/Desktop/airflow_study/airflow-etl-explore/.venv/lib/python3.8/site-packages/airflow/example_dags/example_latest_only.py for tasks to queue
[2021-04-06 18:36:15,605] {logging_mixin.py:104} INFO - [2021-04-06 18:36:15,604] {dagbag.py:448} INFO - Filling up the DagBag from /Users/garonsmith/Desktop/airflow_study/airflow-etl-explore/.venv/lib/python3.8/site-packages/airflow/example_dags/example_latest_only.py
[2021-04-06 18:36:15,609] {scheduler_job.py:639} INFO - DAG(s) dict_keys(['latest_only']) retrieved from /Users/garonsmith/Desktop/airflow_study/airflow-etl-explore/.venv/lib/python3.8/site-packages/airflow/example_dags/example_latest_only.py
[2021-04-06 18:36:15,638] {logging_mixin.py:104} INFO - [2021-04-06 18:36:15,638] {dag.py:1818} INFO - Sync 1 DAGs
[2021-04-06 18:36:15,644] {logging_mixin.py:104} INFO - [2021-04-06 18:36:15,644] {dag.py:2273} INFO - Setting next_dagrun for latest_only to 2021-04-04 00:00:00+00:00
[2021-04-06 18:36:15,649] {scheduler_job.py:190} INFO - Processing /Users/garonsmith/Desktop/airflow_study/airflow-etl-explore/.venv/lib/python3.8/site-packages/airflow/example_dags/example_latest_only.py took 0.045 seconds
[2021-04-06 18:36:46,801] {scheduler_job.py:182} INFO - Started process (PID=17479) to work on /Users/garonsmith/Desktop/airflow_study/airflow-etl-explore/.venv/lib/python3.8/site-packages/airflow/example_dags/example_latest_only.py
[2021-04-06 18:36:46,802] {scheduler_job.py:629} INFO - Processing file /Users/garonsmith/Desktop/airflow_study/airflow-etl-explore/.venv/lib/python3.8/site-packages/airflow/example_dags/example_latest_only.py for tasks to queue
[2021-04-06 18:36:46,802] {logging_mixin.py:104} INFO - [2021-04-06 18:36:46,802] {dagbag.py:448} INFO - Filling up the DagBag from /Users/garonsmith/Desktop/airflow_study/airflow-etl-explore/.venv/lib/python3.8/site-packages/airflow/example_dags/example_latest_only.py
[2021-04-06 18:36:46,806] {scheduler_job.py:639} INFO - DAG(s) dict_keys(['latest_only']) retrieved from /Users/garonsmith/Desktop/airflow_study/airflow-etl-explore/.venv/lib/python3.8/site-packages/airflow/example_dags/example_latest_only.py
[2021-04-06 18:36:46,834] {logging_mixin.py:104} INFO - [2021-04-06 18:36:46,834] {dag.py:1818} INFO - Sync 1 DAGs
[2021-04-06 18:36:46,840] {logging_mixin.py:104} INFO - [2021-04-06 18:36:46,840] {dag.py:2273} INFO - Setting next_dagrun for latest_only to 2021-04-04 00:00:00+00:00
[2021-04-06 18:36:46,844] {scheduler_job.py:190} INFO - Processing /Users/garonsmith/Desktop/airflow_study/airflow-etl-explore/.venv/lib/python3.8/site-packages/airflow/example_dags/example_latest_only.py took 0.044 seconds
[2021-04-06 18:37:18,002] {scheduler_job.py:182} INFO - Started process (PID=18376) to work on /Users/garonsmith/Desktop/airflow_study/airflow-etl-explore/.venv/lib/python3.8/site-packages/airflow/example_dags/example_latest_only.py
[2021-04-06 18:37:18,002] {scheduler_job.py:629} INFO - Processing file /Users/garonsmith/Desktop/airflow_study/airflow-etl-explore/.venv/lib/python3.8/site-packages/airflow/example_dags/example_latest_only.py for tasks to queue
[2021-04-06 18:37:18,003] {logging_mixin.py:104} INFO - [2021-04-06 18:37:18,002] {dagbag.py:448} INFO - Filling up the DagBag from /Users/garonsmith/Desktop/airflow_study/airflow-etl-explore/.venv/lib/python3.8/site-packages/airflow/example_dags/example_latest_only.py
[2021-04-06 18:37:18,007] {scheduler_job.py:639} INFO - DAG(s) dict_keys(['latest_only']) retrieved from /Users/garonsmith/Desktop/airflow_study/airflow-etl-explore/.venv/lib/python3.8/site-packages/airflow/example_dags/example_latest_only.py
[2021-04-06 18:37:18,036] {logging_mixin.py:104} INFO - [2021-04-06 18:37:18,036] {dag.py:1818} INFO - Sync 1 DAGs
[2021-04-06 18:37:18,043] {logging_mixin.py:104} INFO - [2021-04-06 18:37:18,043] {dag.py:2273} INFO - Setting next_dagrun for latest_only to 2021-04-04 00:00:00+00:00
[2021-04-06 18:37:18,052] {scheduler_job.py:190} INFO - Processing /Users/garonsmith/Desktop/airflow_study/airflow-etl-explore/.venv/lib/python3.8/site-packages/airflow/example_dags/example_latest_only.py took 0.051 seconds
[2021-04-06 18:37:49,297] {scheduler_job.py:182} INFO - Started process (PID=18460) to work on /Users/garonsmith/Desktop/airflow_study/airflow-etl-explore/.venv/lib/python3.8/site-packages/airflow/example_dags/example_latest_only.py
[2021-04-06 18:37:49,297] {scheduler_job.py:629} INFO - Processing file /Users/garonsmith/Desktop/airflow_study/airflow-etl-explore/.venv/lib/python3.8/site-packages/airflow/example_dags/example_latest_only.py for tasks to queue
[2021-04-06 18:37:49,297] {logging_mixin.py:104} INFO - [2021-04-06 18:37:49,297] {dagbag.py:448} INFO - Filling up the DagBag from /Users/garonsmith/Desktop/airflow_study/airflow-etl-explore/.venv/lib/python3.8/site-packages/airflow/example_dags/example_latest_only.py
[2021-04-06 18:37:49,301] {scheduler_job.py:639} INFO - DAG(s) dict_keys(['latest_only']) retrieved from /Users/garonsmith/Desktop/airflow_study/airflow-etl-explore/.venv/lib/python3.8/site-packages/airflow/example_dags/example_latest_only.py
[2021-04-06 18:37:49,332] {logging_mixin.py:104} INFO - [2021-04-06 18:37:49,332] {dag.py:1818} INFO - Sync 1 DAGs
[2021-04-06 18:37:49,338] {logging_mixin.py:104} INFO - [2021-04-06 18:37:49,338] {dag.py:2273} INFO - Setting next_dagrun for latest_only to 2021-04-04 00:00:00+00:00
[2021-04-06 18:37:49,342] {scheduler_job.py:190} INFO - Processing /Users/garonsmith/Desktop/airflow_study/airflow-etl-explore/.venv/lib/python3.8/site-packages/airflow/example_dags/example_latest_only.py took 0.046 seconds
[2021-04-06 18:38:20,322] {scheduler_job.py:182} INFO - Started process (PID=18548) to work on /Users/garonsmith/Desktop/airflow_study/airflow-etl-explore/.venv/lib/python3.8/site-packages/airflow/example_dags/example_latest_only.py
[2021-04-06 18:38:20,322] {scheduler_job.py:629} INFO - Processing file /Users/garonsmith/Desktop/airflow_study/airflow-etl-explore/.venv/lib/python3.8/site-packages/airflow/example_dags/example_latest_only.py for tasks to queue
[2021-04-06 18:38:20,323] {logging_mixin.py:104} INFO - [2021-04-06 18:38:20,323] {dagbag.py:448} INFO - Filling up the DagBag from /Users/garonsmith/Desktop/airflow_study/airflow-etl-explore/.venv/lib/python3.8/site-packages/airflow/example_dags/example_latest_only.py
[2021-04-06 18:38:20,327] {scheduler_job.py:639} INFO - DAG(s) dict_keys(['latest_only']) retrieved from /Users/garonsmith/Desktop/airflow_study/airflow-etl-explore/.venv/lib/python3.8/site-packages/airflow/example_dags/example_latest_only.py
[2021-04-06 18:38:20,356] {logging_mixin.py:104} INFO - [2021-04-06 18:38:20,356] {dag.py:1818} INFO - Sync 1 DAGs
[2021-04-06 18:38:20,362] {logging_mixin.py:104} INFO - [2021-04-06 18:38:20,362] {dag.py:2273} INFO - Setting next_dagrun for latest_only to 2021-04-04 00:00:00+00:00
[2021-04-06 18:38:20,366] {scheduler_job.py:190} INFO - Processing /Users/garonsmith/Desktop/airflow_study/airflow-etl-explore/.venv/lib/python3.8/site-packages/airflow/example_dags/example_latest_only.py took 0.045 seconds
[2021-04-06 18:38:51,531] {scheduler_job.py:182} INFO - Started process (PID=18642) to work on /Users/garonsmith/Desktop/airflow_study/airflow-etl-explore/.venv/lib/python3.8/site-packages/airflow/example_dags/example_latest_only.py
[2021-04-06 18:38:51,531] {scheduler_job.py:629} INFO - Processing file /Users/garonsmith/Desktop/airflow_study/airflow-etl-explore/.venv/lib/python3.8/site-packages/airflow/example_dags/example_latest_only.py for tasks to queue
[2021-04-06 18:38:51,531] {logging_mixin.py:104} INFO - [2021-04-06 18:38:51,531] {dagbag.py:448} INFO - Filling up the DagBag from /Users/garonsmith/Desktop/airflow_study/airflow-etl-explore/.venv/lib/python3.8/site-packages/airflow/example_dags/example_latest_only.py
[2021-04-06 18:38:51,535] {scheduler_job.py:639} INFO - DAG(s) dict_keys(['latest_only']) retrieved from /Users/garonsmith/Desktop/airflow_study/airflow-etl-explore/.venv/lib/python3.8/site-packages/airflow/example_dags/example_latest_only.py
[2021-04-06 18:38:51,564] {logging_mixin.py:104} INFO - [2021-04-06 18:38:51,564] {dag.py:1818} INFO - Sync 1 DAGs
[2021-04-06 18:38:51,570] {logging_mixin.py:104} INFO - [2021-04-06 18:38:51,570] {dag.py:2273} INFO - Setting next_dagrun for latest_only to 2021-04-04 00:00:00+00:00
[2021-04-06 18:38:51,574] {scheduler_job.py:190} INFO - Processing /Users/garonsmith/Desktop/airflow_study/airflow-etl-explore/.venv/lib/python3.8/site-packages/airflow/example_dags/example_latest_only.py took 0.044 seconds
[2021-04-06 18:39:23,172] {scheduler_job.py:182} INFO - Started process (PID=18740) to work on /Users/garonsmith/Desktop/airflow_study/airflow-etl-explore/.venv/lib/python3.8/site-packages/airflow/example_dags/example_latest_only.py
[2021-04-06 18:39:23,172] {scheduler_job.py:629} INFO - Processing file /Users/garonsmith/Desktop/airflow_study/airflow-etl-explore/.venv/lib/python3.8/site-packages/airflow/example_dags/example_latest_only.py for tasks to queue
[2021-04-06 18:39:23,173] {logging_mixin.py:104} INFO - [2021-04-06 18:39:23,173] {dagbag.py:448} INFO - Filling up the DagBag from /Users/garonsmith/Desktop/airflow_study/airflow-etl-explore/.venv/lib/python3.8/site-packages/airflow/example_dags/example_latest_only.py
[2021-04-06 18:39:23,177] {scheduler_job.py:639} INFO - DAG(s) dict_keys(['latest_only']) retrieved from /Users/garonsmith/Desktop/airflow_study/airflow-etl-explore/.venv/lib/python3.8/site-packages/airflow/example_dags/example_latest_only.py
[2021-04-06 18:39:23,216] {logging_mixin.py:104} INFO - [2021-04-06 18:39:23,215] {dag.py:1818} INFO - Sync 1 DAGs
[2021-04-06 18:39:23,222] {logging_mixin.py:104} INFO - [2021-04-06 18:39:23,222] {dag.py:2273} INFO - Setting next_dagrun for latest_only to 2021-04-04 00:00:00+00:00
[2021-04-06 18:39:23,226] {scheduler_job.py:190} INFO - Processing /Users/garonsmith/Desktop/airflow_study/airflow-etl-explore/.venv/lib/python3.8/site-packages/airflow/example_dags/example_latest_only.py took 0.054 seconds
[2021-04-06 18:39:54,393] {scheduler_job.py:182} INFO - Started process (PID=18858) to work on /Users/garonsmith/Desktop/airflow_study/airflow-etl-explore/.venv/lib/python3.8/site-packages/airflow/example_dags/example_latest_only.py
[2021-04-06 18:39:54,393] {scheduler_job.py:629} INFO - Processing file /Users/garonsmith/Desktop/airflow_study/airflow-etl-explore/.venv/lib/python3.8/site-packages/airflow/example_dags/example_latest_only.py for tasks to queue
[2021-04-06 18:39:54,393] {logging_mixin.py:104} INFO - [2021-04-06 18:39:54,393] {dagbag.py:448} INFO - Filling up the DagBag from /Users/garonsmith/Desktop/airflow_study/airflow-etl-explore/.venv/lib/python3.8/site-packages/airflow/example_dags/example_latest_only.py
[2021-04-06 18:39:54,398] {scheduler_job.py:639} INFO - DAG(s) dict_keys(['latest_only']) retrieved from /Users/garonsmith/Desktop/airflow_study/airflow-etl-explore/.venv/lib/python3.8/site-packages/airflow/example_dags/example_latest_only.py
[2021-04-06 18:39:54,450] {logging_mixin.py:104} INFO - [2021-04-06 18:39:54,449] {dag.py:1818} INFO - Sync 1 DAGs
[2021-04-06 18:39:54,472] {logging_mixin.py:104} INFO - [2021-04-06 18:39:54,472] {dag.py:2273} INFO - Setting next_dagrun for latest_only to 2021-04-04 00:00:00+00:00
[2021-04-06 18:39:54,477] {scheduler_job.py:190} INFO - Processing /Users/garonsmith/Desktop/airflow_study/airflow-etl-explore/.venv/lib/python3.8/site-packages/airflow/example_dags/example_latest_only.py took 0.085 seconds
[2021-04-06 18:40:26,599] {scheduler_job.py:182} INFO - Started process (PID=18965) to work on /Users/garonsmith/Desktop/airflow_study/airflow-etl-explore/.venv/lib/python3.8/site-packages/airflow/example_dags/example_latest_only.py
[2021-04-06 18:40:26,599] {scheduler_job.py:629} INFO - Processing file /Users/garonsmith/Desktop/airflow_study/airflow-etl-explore/.venv/lib/python3.8/site-packages/airflow/example_dags/example_latest_only.py for tasks to queue
[2021-04-06 18:40:26,600] {logging_mixin.py:104} INFO - [2021-04-06 18:40:26,600] {dagbag.py:448} INFO - Filling up the DagBag from /Users/garonsmith/Desktop/airflow_study/airflow-etl-explore/.venv/lib/python3.8/site-packages/airflow/example_dags/example_latest_only.py
[2021-04-06 18:40:26,604] {scheduler_job.py:639} INFO - DAG(s) dict_keys(['latest_only']) retrieved from /Users/garonsmith/Desktop/airflow_study/airflow-etl-explore/.venv/lib/python3.8/site-packages/airflow/example_dags/example_latest_only.py
[2021-04-06 18:40:26,631] {logging_mixin.py:104} INFO - [2021-04-06 18:40:26,631] {dag.py:1818} INFO - Sync 1 DAGs
[2021-04-06 18:40:26,654] {logging_mixin.py:104} INFO - [2021-04-06 18:40:26,654] {dag.py:2273} INFO - Setting next_dagrun for latest_only to 2021-04-04 00:00:00+00:00
[2021-04-06 18:40:26,658] {scheduler_job.py:190} INFO - Processing /Users/garonsmith/Desktop/airflow_study/airflow-etl-explore/.venv/lib/python3.8/site-packages/airflow/example_dags/example_latest_only.py took 0.059 seconds
[2021-04-06 18:40:58,079] {scheduler_job.py:182} INFO - Started process (PID=19046) to work on /Users/garonsmith/Desktop/airflow_study/airflow-etl-explore/.venv/lib/python3.8/site-packages/airflow/example_dags/example_latest_only.py
[2021-04-06 18:40:58,079] {scheduler_job.py:629} INFO - Processing file /Users/garonsmith/Desktop/airflow_study/airflow-etl-explore/.venv/lib/python3.8/site-packages/airflow/example_dags/example_latest_only.py for tasks to queue
[2021-04-06 18:40:58,080] {logging_mixin.py:104} INFO - [2021-04-06 18:40:58,079] {dagbag.py:448} INFO - Filling up the DagBag from /Users/garonsmith/Desktop/airflow_study/airflow-etl-explore/.venv/lib/python3.8/site-packages/airflow/example_dags/example_latest_only.py
[2021-04-06 18:40:58,084] {scheduler_job.py:639} INFO - DAG(s) dict_keys(['latest_only']) retrieved from /Users/garonsmith/Desktop/airflow_study/airflow-etl-explore/.venv/lib/python3.8/site-packages/airflow/example_dags/example_latest_only.py
[2021-04-06 18:40:58,130] {logging_mixin.py:104} INFO - [2021-04-06 18:40:58,129] {dag.py:1818} INFO - Sync 1 DAGs
[2021-04-06 18:40:58,153] {logging_mixin.py:104} INFO - [2021-04-06 18:40:58,153] {dag.py:2273} INFO - Setting next_dagrun for latest_only to 2021-04-04 00:00:00+00:00
[2021-04-06 18:40:58,157] {scheduler_job.py:190} INFO - Processing /Users/garonsmith/Desktop/airflow_study/airflow-etl-explore/.venv/lib/python3.8/site-packages/airflow/example_dags/example_latest_only.py took 0.079 seconds
[2021-04-06 18:41:30,264] {scheduler_job.py:182} INFO - Started process (PID=19149) to work on /Users/garonsmith/Desktop/airflow_study/airflow-etl-explore/.venv/lib/python3.8/site-packages/airflow/example_dags/example_latest_only.py
[2021-04-06 18:41:30,265] {scheduler_job.py:629} INFO - Processing file /Users/garonsmith/Desktop/airflow_study/airflow-etl-explore/.venv/lib/python3.8/site-packages/airflow/example_dags/example_latest_only.py for tasks to queue
[2021-04-06 18:41:30,265] {logging_mixin.py:104} INFO - [2021-04-06 18:41:30,265] {dagbag.py:448} INFO - Filling up the DagBag from /Users/garonsmith/Desktop/airflow_study/airflow-etl-explore/.venv/lib/python3.8/site-packages/airflow/example_dags/example_latest_only.py
[2021-04-06 18:41:30,271] {scheduler_job.py:639} INFO - DAG(s) dict_keys(['latest_only']) retrieved from /Users/garonsmith/Desktop/airflow_study/airflow-etl-explore/.venv/lib/python3.8/site-packages/airflow/example_dags/example_latest_only.py
[2021-04-06 18:41:30,324] {logging_mixin.py:104} INFO - [2021-04-06 18:41:30,323] {dag.py:1818} INFO - Sync 1 DAGs
[2021-04-06 18:41:30,332] {logging_mixin.py:104} INFO - [2021-04-06 18:41:30,331] {dag.py:2273} INFO - Setting next_dagrun for latest_only to 2021-04-04 00:00:00+00:00
[2021-04-06 18:41:30,354] {scheduler_job.py:190} INFO - Processing /Users/garonsmith/Desktop/airflow_study/airflow-etl-explore/.venv/lib/python3.8/site-packages/airflow/example_dags/example_latest_only.py took 0.090 seconds
[2021-04-06 18:42:01,159] {scheduler_job.py:182} INFO - Started process (PID=19251) to work on /Users/garonsmith/Desktop/airflow_study/airflow-etl-explore/.venv/lib/python3.8/site-packages/airflow/example_dags/example_latest_only.py
[2021-04-06 18:42:01,159] {scheduler_job.py:629} INFO - Processing file /Users/garonsmith/Desktop/airflow_study/airflow-etl-explore/.venv/lib/python3.8/site-packages/airflow/example_dags/example_latest_only.py for tasks to queue
[2021-04-06 18:42:01,159] {logging_mixin.py:104} INFO - [2021-04-06 18:42:01,159] {dagbag.py:448} INFO - Filling up the DagBag from /Users/garonsmith/Desktop/airflow_study/airflow-etl-explore/.venv/lib/python3.8/site-packages/airflow/example_dags/example_latest_only.py
[2021-04-06 18:42:01,163] {scheduler_job.py:639} INFO - DAG(s) dict_keys(['latest_only']) retrieved from /Users/garonsmith/Desktop/airflow_study/airflow-etl-explore/.venv/lib/python3.8/site-packages/airflow/example_dags/example_latest_only.py
[2021-04-06 18:42:01,200] {logging_mixin.py:104} INFO - [2021-04-06 18:42:01,200] {dag.py:1818} INFO - Sync 1 DAGs
[2021-04-06 18:42:01,207] {logging_mixin.py:104} INFO - [2021-04-06 18:42:01,207] {dag.py:2273} INFO - Setting next_dagrun for latest_only to 2021-04-04 00:00:00+00:00
[2021-04-06 18:42:01,212] {scheduler_job.py:190} INFO - Processing /Users/garonsmith/Desktop/airflow_study/airflow-etl-explore/.venv/lib/python3.8/site-packages/airflow/example_dags/example_latest_only.py took 0.054 seconds
[2021-04-06 18:42:32,310] {scheduler_job.py:182} INFO - Started process (PID=19343) to work on /Users/garonsmith/Desktop/airflow_study/airflow-etl-explore/.venv/lib/python3.8/site-packages/airflow/example_dags/example_latest_only.py
[2021-04-06 18:42:32,310] {scheduler_job.py:629} INFO - Processing file /Users/garonsmith/Desktop/airflow_study/airflow-etl-explore/.venv/lib/python3.8/site-packages/airflow/example_dags/example_latest_only.py for tasks to queue
[2021-04-06 18:42:32,310] {logging_mixin.py:104} INFO - [2021-04-06 18:42:32,310] {dagbag.py:448} INFO - Filling up the DagBag from /Users/garonsmith/Desktop/airflow_study/airflow-etl-explore/.venv/lib/python3.8/site-packages/airflow/example_dags/example_latest_only.py
[2021-04-06 18:42:32,315] {scheduler_job.py:639} INFO - DAG(s) dict_keys(['latest_only']) retrieved from /Users/garonsmith/Desktop/airflow_study/airflow-etl-explore/.venv/lib/python3.8/site-packages/airflow/example_dags/example_latest_only.py
[2021-04-06 18:42:32,350] {logging_mixin.py:104} INFO - [2021-04-06 18:42:32,350] {dag.py:1818} INFO - Sync 1 DAGs
[2021-04-06 18:42:32,358] {logging_mixin.py:104} INFO - [2021-04-06 18:42:32,358] {dag.py:2273} INFO - Setting next_dagrun for latest_only to 2021-04-04 00:00:00+00:00
[2021-04-06 18:42:32,362] {scheduler_job.py:190} INFO - Processing /Users/garonsmith/Desktop/airflow_study/airflow-etl-explore/.venv/lib/python3.8/site-packages/airflow/example_dags/example_latest_only.py took 0.052 seconds
[2021-04-06 18:43:04,549] {scheduler_job.py:182} INFO - Started process (PID=19440) to work on /Users/garonsmith/Desktop/airflow_study/airflow-etl-explore/.venv/lib/python3.8/site-packages/airflow/example_dags/example_latest_only.py
[2021-04-06 18:43:04,550] {scheduler_job.py:629} INFO - Processing file /Users/garonsmith/Desktop/airflow_study/airflow-etl-explore/.venv/lib/python3.8/site-packages/airflow/example_dags/example_latest_only.py for tasks to queue
[2021-04-06 18:43:04,550] {logging_mixin.py:104} INFO - [2021-04-06 18:43:04,550] {dagbag.py:448} INFO - Filling up the DagBag from /Users/garonsmith/Desktop/airflow_study/airflow-etl-explore/.venv/lib/python3.8/site-packages/airflow/example_dags/example_latest_only.py
[2021-04-06 18:43:04,554] {scheduler_job.py:639} INFO - DAG(s) dict_keys(['latest_only']) retrieved from /Users/garonsmith/Desktop/airflow_study/airflow-etl-explore/.venv/lib/python3.8/site-packages/airflow/example_dags/example_latest_only.py
[2021-04-06 18:43:04,584] {logging_mixin.py:104} INFO - [2021-04-06 18:43:04,583] {dag.py:1818} INFO - Sync 1 DAGs
[2021-04-06 18:43:04,605] {logging_mixin.py:104} INFO - [2021-04-06 18:43:04,605] {dag.py:2273} INFO - Setting next_dagrun for latest_only to 2021-04-04 00:00:00+00:00
[2021-04-06 18:43:04,610] {scheduler_job.py:190} INFO - Processing /Users/garonsmith/Desktop/airflow_study/airflow-etl-explore/.venv/lib/python3.8/site-packages/airflow/example_dags/example_latest_only.py took 0.061 seconds
[2021-04-06 18:43:35,604] {scheduler_job.py:182} INFO - Started process (PID=19556) to work on /Users/garonsmith/Desktop/airflow_study/airflow-etl-explore/.venv/lib/python3.8/site-packages/airflow/example_dags/example_latest_only.py
[2021-04-06 18:43:35,605] {scheduler_job.py:629} INFO - Processing file /Users/garonsmith/Desktop/airflow_study/airflow-etl-explore/.venv/lib/python3.8/site-packages/airflow/example_dags/example_latest_only.py for tasks to queue
[2021-04-06 18:43:35,605] {logging_mixin.py:104} INFO - [2021-04-06 18:43:35,605] {dagbag.py:448} INFO - Filling up the DagBag from /Users/garonsmith/Desktop/airflow_study/airflow-etl-explore/.venv/lib/python3.8/site-packages/airflow/example_dags/example_latest_only.py
[2021-04-06 18:43:35,610] {scheduler_job.py:639} INFO - DAG(s) dict_keys(['latest_only']) retrieved from /Users/garonsmith/Desktop/airflow_study/airflow-etl-explore/.venv/lib/python3.8/site-packages/airflow/example_dags/example_latest_only.py
[2021-04-06 18:43:35,652] {logging_mixin.py:104} INFO - [2021-04-06 18:43:35,652] {dag.py:1818} INFO - Sync 1 DAGs
[2021-04-06 18:43:35,660] {logging_mixin.py:104} INFO - [2021-04-06 18:43:35,660] {dag.py:2273} INFO - Setting next_dagrun for latest_only to 2021-04-04 00:00:00+00:00
[2021-04-06 18:43:35,664] {scheduler_job.py:190} INFO - Processing /Users/garonsmith/Desktop/airflow_study/airflow-etl-explore/.venv/lib/python3.8/site-packages/airflow/example_dags/example_latest_only.py took 0.061 seconds
[2021-04-06 18:43:52,611] {scheduler_job.py:182} INFO - Started process (PID=19653) to work on /Users/garonsmith/Desktop/airflow_study/airflow-etl-explore/.venv/lib/python3.8/site-packages/airflow/example_dags/example_latest_only.py
[2021-04-06 18:43:52,612] {scheduler_job.py:629} INFO - Processing file /Users/garonsmith/Desktop/airflow_study/airflow-etl-explore/.venv/lib/python3.8/site-packages/airflow/example_dags/example_latest_only.py for tasks to queue
[2021-04-06 18:43:52,612] {logging_mixin.py:104} INFO - [2021-04-06 18:43:52,612] {dagbag.py:448} INFO - Filling up the DagBag from /Users/garonsmith/Desktop/airflow_study/airflow-etl-explore/.venv/lib/python3.8/site-packages/airflow/example_dags/example_latest_only.py
[2021-04-06 18:43:52,617] {scheduler_job.py:639} INFO - DAG(s) dict_keys(['latest_only']) retrieved from /Users/garonsmith/Desktop/airflow_study/airflow-etl-explore/.venv/lib/python3.8/site-packages/airflow/example_dags/example_latest_only.py
[2021-04-06 18:43:52,662] {logging_mixin.py:104} INFO - [2021-04-06 18:43:52,661] {dag.py:1818} INFO - Sync 1 DAGs
[2021-04-06 18:43:52,670] {logging_mixin.py:104} INFO - [2021-04-06 18:43:52,670] {dag.py:2273} INFO - Setting next_dagrun for latest_only to 2021-04-04 00:00:00+00:00
[2021-04-06 18:43:52,675] {scheduler_job.py:190} INFO - Processing /Users/garonsmith/Desktop/airflow_study/airflow-etl-explore/.venv/lib/python3.8/site-packages/airflow/example_dags/example_latest_only.py took 0.064 seconds
[2021-04-06 18:44:23,457] {scheduler_job.py:182} INFO - Started process (PID=19743) to work on /Users/garonsmith/Desktop/airflow_study/airflow-etl-explore/.venv/lib/python3.8/site-packages/airflow/example_dags/example_latest_only.py
[2021-04-06 18:44:23,457] {scheduler_job.py:629} INFO - Processing file /Users/garonsmith/Desktop/airflow_study/airflow-etl-explore/.venv/lib/python3.8/site-packages/airflow/example_dags/example_latest_only.py for tasks to queue
[2021-04-06 18:44:23,457] {logging_mixin.py:104} INFO - [2021-04-06 18:44:23,457] {dagbag.py:448} INFO - Filling up the DagBag from /Users/garonsmith/Desktop/airflow_study/airflow-etl-explore/.venv/lib/python3.8/site-packages/airflow/example_dags/example_latest_only.py
[2021-04-06 18:44:23,461] {scheduler_job.py:639} INFO - DAG(s) dict_keys(['latest_only']) retrieved from /Users/garonsmith/Desktop/airflow_study/airflow-etl-explore/.venv/lib/python3.8/site-packages/airflow/example_dags/example_latest_only.py
[2021-04-06 18:44:23,503] {logging_mixin.py:104} INFO - [2021-04-06 18:44:23,503] {dag.py:1818} INFO - Sync 1 DAGs
[2021-04-06 18:44:23,509] {logging_mixin.py:104} INFO - [2021-04-06 18:44:23,509] {dag.py:2273} INFO - Setting next_dagrun for latest_only to 2021-04-04 00:00:00+00:00
[2021-04-06 18:44:23,514] {scheduler_job.py:190} INFO - Processing /Users/garonsmith/Desktop/airflow_study/airflow-etl-explore/.venv/lib/python3.8/site-packages/airflow/example_dags/example_latest_only.py took 0.057 seconds
[2021-04-06 18:44:54,122] {scheduler_job.py:182} INFO - Started process (PID=19826) to work on /Users/garonsmith/Desktop/airflow_study/airflow-etl-explore/.venv/lib/python3.8/site-packages/airflow/example_dags/example_latest_only.py
[2021-04-06 18:44:54,122] {scheduler_job.py:629} INFO - Processing file /Users/garonsmith/Desktop/airflow_study/airflow-etl-explore/.venv/lib/python3.8/site-packages/airflow/example_dags/example_latest_only.py for tasks to queue
[2021-04-06 18:44:54,122] {logging_mixin.py:104} INFO - [2021-04-06 18:44:54,122] {dagbag.py:448} INFO - Filling up the DagBag from /Users/garonsmith/Desktop/airflow_study/airflow-etl-explore/.venv/lib/python3.8/site-packages/airflow/example_dags/example_latest_only.py
[2021-04-06 18:44:54,126] {scheduler_job.py:639} INFO - DAG(s) dict_keys(['latest_only']) retrieved from /Users/garonsmith/Desktop/airflow_study/airflow-etl-explore/.venv/lib/python3.8/site-packages/airflow/example_dags/example_latest_only.py
[2021-04-06 18:44:54,173] {logging_mixin.py:104} INFO - [2021-04-06 18:44:54,172] {dag.py:1818} INFO - Sync 1 DAGs
[2021-04-06 18:44:54,179] {logging_mixin.py:104} INFO - [2021-04-06 18:44:54,179] {dag.py:2273} INFO - Setting next_dagrun for latest_only to 2021-04-04 00:00:00+00:00
[2021-04-06 18:44:54,183] {scheduler_job.py:190} INFO - Processing /Users/garonsmith/Desktop/airflow_study/airflow-etl-explore/.venv/lib/python3.8/site-packages/airflow/example_dags/example_latest_only.py took 0.061 seconds
[2021-04-06 18:45:25,512] {scheduler_job.py:182} INFO - Started process (PID=19916) to work on /Users/garonsmith/Desktop/airflow_study/airflow-etl-explore/.venv/lib/python3.8/site-packages/airflow/example_dags/example_latest_only.py
[2021-04-06 18:45:25,512] {scheduler_job.py:629} INFO - Processing file /Users/garonsmith/Desktop/airflow_study/airflow-etl-explore/.venv/lib/python3.8/site-packages/airflow/example_dags/example_latest_only.py for tasks to queue
[2021-04-06 18:45:25,512] {logging_mixin.py:104} INFO - [2021-04-06 18:45:25,512] {dagbag.py:448} INFO - Filling up the DagBag from /Users/garonsmith/Desktop/airflow_study/airflow-etl-explore/.venv/lib/python3.8/site-packages/airflow/example_dags/example_latest_only.py
[2021-04-06 18:45:25,516] {scheduler_job.py:639} INFO - DAG(s) dict_keys(['latest_only']) retrieved from /Users/garonsmith/Desktop/airflow_study/airflow-etl-explore/.venv/lib/python3.8/site-packages/airflow/example_dags/example_latest_only.py
[2021-04-06 18:45:25,554] {logging_mixin.py:104} INFO - [2021-04-06 18:45:25,554] {dag.py:1818} INFO - Sync 1 DAGs
[2021-04-06 18:45:25,562] {logging_mixin.py:104} INFO - [2021-04-06 18:45:25,562] {dag.py:2273} INFO - Setting next_dagrun for latest_only to 2021-04-04 00:00:00+00:00
[2021-04-06 18:45:25,567] {scheduler_job.py:190} INFO - Processing /Users/garonsmith/Desktop/airflow_study/airflow-etl-explore/.venv/lib/python3.8/site-packages/airflow/example_dags/example_latest_only.py took 0.056 seconds
[2021-04-06 18:45:56,830] {scheduler_job.py:182} INFO - Started process (PID=20010) to work on /Users/garonsmith/Desktop/airflow_study/airflow-etl-explore/.venv/lib/python3.8/site-packages/airflow/example_dags/example_latest_only.py
[2021-04-06 18:45:56,830] {scheduler_job.py:629} INFO - Processing file /Users/garonsmith/Desktop/airflow_study/airflow-etl-explore/.venv/lib/python3.8/site-packages/airflow/example_dags/example_latest_only.py for tasks to queue
[2021-04-06 18:45:56,830] {logging_mixin.py:104} INFO - [2021-04-06 18:45:56,830] {dagbag.py:448} INFO - Filling up the DagBag from /Users/garonsmith/Desktop/airflow_study/airflow-etl-explore/.venv/lib/python3.8/site-packages/airflow/example_dags/example_latest_only.py
[2021-04-06 18:45:56,835] {scheduler_job.py:639} INFO - DAG(s) dict_keys(['latest_only']) retrieved from /Users/garonsmith/Desktop/airflow_study/airflow-etl-explore/.venv/lib/python3.8/site-packages/airflow/example_dags/example_latest_only.py
[2021-04-06 18:45:56,886] {logging_mixin.py:104} INFO - [2021-04-06 18:45:56,886] {dag.py:1818} INFO - Sync 1 DAGs
[2021-04-06 18:45:56,910] {logging_mixin.py:104} INFO - [2021-04-06 18:45:56,910] {dag.py:2273} INFO - Setting next_dagrun for latest_only to 2021-04-04 00:00:00+00:00
[2021-04-06 18:45:56,915] {scheduler_job.py:190} INFO - Processing /Users/garonsmith/Desktop/airflow_study/airflow-etl-explore/.venv/lib/python3.8/site-packages/airflow/example_dags/example_latest_only.py took 0.086 seconds
[2021-04-06 18:46:28,459] {scheduler_job.py:182} INFO - Started process (PID=20105) to work on /Users/garonsmith/Desktop/airflow_study/airflow-etl-explore/.venv/lib/python3.8/site-packages/airflow/example_dags/example_latest_only.py
[2021-04-06 18:46:28,459] {scheduler_job.py:629} INFO - Processing file /Users/garonsmith/Desktop/airflow_study/airflow-etl-explore/.venv/lib/python3.8/site-packages/airflow/example_dags/example_latest_only.py for tasks to queue
[2021-04-06 18:46:28,460] {logging_mixin.py:104} INFO - [2021-04-06 18:46:28,460] {dagbag.py:448} INFO - Filling up the DagBag from /Users/garonsmith/Desktop/airflow_study/airflow-etl-explore/.venv/lib/python3.8/site-packages/airflow/example_dags/example_latest_only.py
[2021-04-06 18:46:28,463] {scheduler_job.py:639} INFO - DAG(s) dict_keys(['latest_only']) retrieved from /Users/garonsmith/Desktop/airflow_study/airflow-etl-explore/.venv/lib/python3.8/site-packages/airflow/example_dags/example_latest_only.py
[2021-04-06 18:46:28,506] {logging_mixin.py:104} INFO - [2021-04-06 18:46:28,506] {dag.py:1818} INFO - Sync 1 DAGs
[2021-04-06 18:46:28,512] {logging_mixin.py:104} INFO - [2021-04-06 18:46:28,512] {dag.py:2273} INFO - Setting next_dagrun for latest_only to 2021-04-04 00:00:00+00:00
[2021-04-06 18:46:28,516] {scheduler_job.py:190} INFO - Processing /Users/garonsmith/Desktop/airflow_study/airflow-etl-explore/.venv/lib/python3.8/site-packages/airflow/example_dags/example_latest_only.py took 0.058 seconds
[2021-04-06 18:46:59,639] {scheduler_job.py:182} INFO - Started process (PID=20193) to work on /Users/garonsmith/Desktop/airflow_study/airflow-etl-explore/.venv/lib/python3.8/site-packages/airflow/example_dags/example_latest_only.py
[2021-04-06 18:46:59,640] {scheduler_job.py:629} INFO - Processing file /Users/garonsmith/Desktop/airflow_study/airflow-etl-explore/.venv/lib/python3.8/site-packages/airflow/example_dags/example_latest_only.py for tasks to queue
[2021-04-06 18:46:59,640] {logging_mixin.py:104} INFO - [2021-04-06 18:46:59,640] {dagbag.py:448} INFO - Filling up the DagBag from /Users/garonsmith/Desktop/airflow_study/airflow-etl-explore/.venv/lib/python3.8/site-packages/airflow/example_dags/example_latest_only.py
[2021-04-06 18:46:59,644] {scheduler_job.py:639} INFO - DAG(s) dict_keys(['latest_only']) retrieved from /Users/garonsmith/Desktop/airflow_study/airflow-etl-explore/.venv/lib/python3.8/site-packages/airflow/example_dags/example_latest_only.py
[2021-04-06 18:46:59,684] {logging_mixin.py:104} INFO - [2021-04-06 18:46:59,684] {dag.py:1818} INFO - Sync 1 DAGs
[2021-04-06 18:46:59,709] {logging_mixin.py:104} INFO - [2021-04-06 18:46:59,709] {dag.py:2273} INFO - Setting next_dagrun for latest_only to 2021-04-04 00:00:00+00:00
[2021-04-06 18:46:59,713] {scheduler_job.py:190} INFO - Processing /Users/garonsmith/Desktop/airflow_study/airflow-etl-explore/.venv/lib/python3.8/site-packages/airflow/example_dags/example_latest_only.py took 0.075 seconds
[2021-04-06 18:47:30,548] {scheduler_job.py:182} INFO - Started process (PID=20278) to work on /Users/garonsmith/Desktop/airflow_study/airflow-etl-explore/.venv/lib/python3.8/site-packages/airflow/example_dags/example_latest_only.py
[2021-04-06 18:47:30,548] {scheduler_job.py:629} INFO - Processing file /Users/garonsmith/Desktop/airflow_study/airflow-etl-explore/.venv/lib/python3.8/site-packages/airflow/example_dags/example_latest_only.py for tasks to queue
[2021-04-06 18:47:30,548] {logging_mixin.py:104} INFO - [2021-04-06 18:47:30,548] {dagbag.py:448} INFO - Filling up the DagBag from /Users/garonsmith/Desktop/airflow_study/airflow-etl-explore/.venv/lib/python3.8/site-packages/airflow/example_dags/example_latest_only.py
[2021-04-06 18:47:30,552] {scheduler_job.py:639} INFO - DAG(s) dict_keys(['latest_only']) retrieved from /Users/garonsmith/Desktop/airflow_study/airflow-etl-explore/.venv/lib/python3.8/site-packages/airflow/example_dags/example_latest_only.py
[2021-04-06 18:47:30,582] {logging_mixin.py:104} INFO - [2021-04-06 18:47:30,582] {dag.py:1818} INFO - Sync 1 DAGs
[2021-04-06 18:47:30,588] {logging_mixin.py:104} INFO - [2021-04-06 18:47:30,588] {dag.py:2273} INFO - Setting next_dagrun for latest_only to 2021-04-04 00:00:00+00:00
[2021-04-06 18:47:30,609] {scheduler_job.py:190} INFO - Processing /Users/garonsmith/Desktop/airflow_study/airflow-etl-explore/.venv/lib/python3.8/site-packages/airflow/example_dags/example_latest_only.py took 0.061 seconds
[2021-04-06 18:48:01,891] {scheduler_job.py:182} INFO - Started process (PID=20365) to work on /Users/garonsmith/Desktop/airflow_study/airflow-etl-explore/.venv/lib/python3.8/site-packages/airflow/example_dags/example_latest_only.py
[2021-04-06 18:48:01,891] {scheduler_job.py:629} INFO - Processing file /Users/garonsmith/Desktop/airflow_study/airflow-etl-explore/.venv/lib/python3.8/site-packages/airflow/example_dags/example_latest_only.py for tasks to queue
[2021-04-06 18:48:01,892] {logging_mixin.py:104} INFO - [2021-04-06 18:48:01,892] {dagbag.py:448} INFO - Filling up the DagBag from /Users/garonsmith/Desktop/airflow_study/airflow-etl-explore/.venv/lib/python3.8/site-packages/airflow/example_dags/example_latest_only.py
[2021-04-06 18:48:01,895] {scheduler_job.py:639} INFO - DAG(s) dict_keys(['latest_only']) retrieved from /Users/garonsmith/Desktop/airflow_study/airflow-etl-explore/.venv/lib/python3.8/site-packages/airflow/example_dags/example_latest_only.py
[2021-04-06 18:48:01,934] {logging_mixin.py:104} INFO - [2021-04-06 18:48:01,934] {dag.py:1818} INFO - Sync 1 DAGs
[2021-04-06 18:48:01,941] {logging_mixin.py:104} INFO - [2021-04-06 18:48:01,941] {dag.py:2273} INFO - Setting next_dagrun for latest_only to 2021-04-04 00:00:00+00:00
[2021-04-06 18:48:01,964] {scheduler_job.py:190} INFO - Processing /Users/garonsmith/Desktop/airflow_study/airflow-etl-explore/.venv/lib/python3.8/site-packages/airflow/example_dags/example_latest_only.py took 0.073 seconds
[2021-04-06 18:48:33,171] {scheduler_job.py:182} INFO - Started process (PID=20452) to work on /Users/garonsmith/Desktop/airflow_study/airflow-etl-explore/.venv/lib/python3.8/site-packages/airflow/example_dags/example_latest_only.py
[2021-04-06 18:48:33,171] {scheduler_job.py:629} INFO - Processing file /Users/garonsmith/Desktop/airflow_study/airflow-etl-explore/.venv/lib/python3.8/site-packages/airflow/example_dags/example_latest_only.py for tasks to queue
[2021-04-06 18:48:33,172] {logging_mixin.py:104} INFO - [2021-04-06 18:48:33,172] {dagbag.py:448} INFO - Filling up the DagBag from /Users/garonsmith/Desktop/airflow_study/airflow-etl-explore/.venv/lib/python3.8/site-packages/airflow/example_dags/example_latest_only.py
[2021-04-06 18:48:33,176] {scheduler_job.py:639} INFO - DAG(s) dict_keys(['latest_only']) retrieved from /Users/garonsmith/Desktop/airflow_study/airflow-etl-explore/.venv/lib/python3.8/site-packages/airflow/example_dags/example_latest_only.py
[2021-04-06 18:48:33,209] {logging_mixin.py:104} INFO - [2021-04-06 18:48:33,209] {dag.py:1818} INFO - Sync 1 DAGs
[2021-04-06 18:48:33,217] {logging_mixin.py:104} INFO - [2021-04-06 18:48:33,217] {dag.py:2273} INFO - Setting next_dagrun for latest_only to 2021-04-04 00:00:00+00:00
[2021-04-06 18:48:33,221] {scheduler_job.py:190} INFO - Processing /Users/garonsmith/Desktop/airflow_study/airflow-etl-explore/.venv/lib/python3.8/site-packages/airflow/example_dags/example_latest_only.py took 0.051 seconds
[2021-04-06 18:49:04,436] {scheduler_job.py:182} INFO - Started process (PID=20550) to work on /Users/garonsmith/Desktop/airflow_study/airflow-etl-explore/.venv/lib/python3.8/site-packages/airflow/example_dags/example_latest_only.py
[2021-04-06 18:49:04,436] {scheduler_job.py:629} INFO - Processing file /Users/garonsmith/Desktop/airflow_study/airflow-etl-explore/.venv/lib/python3.8/site-packages/airflow/example_dags/example_latest_only.py for tasks to queue
[2021-04-06 18:49:04,437] {logging_mixin.py:104} INFO - [2021-04-06 18:49:04,437] {dagbag.py:448} INFO - Filling up the DagBag from /Users/garonsmith/Desktop/airflow_study/airflow-etl-explore/.venv/lib/python3.8/site-packages/airflow/example_dags/example_latest_only.py
[2021-04-06 18:49:04,442] {scheduler_job.py:639} INFO - DAG(s) dict_keys(['latest_only']) retrieved from /Users/garonsmith/Desktop/airflow_study/airflow-etl-explore/.venv/lib/python3.8/site-packages/airflow/example_dags/example_latest_only.py
[2021-04-06 18:49:04,490] {logging_mixin.py:104} INFO - [2021-04-06 18:49:04,490] {dag.py:1818} INFO - Sync 1 DAGs
[2021-04-06 18:49:04,515] {logging_mixin.py:104} INFO - [2021-04-06 18:49:04,515] {dag.py:2273} INFO - Setting next_dagrun for latest_only to 2021-04-04 00:00:00+00:00
[2021-04-06 18:49:04,521] {scheduler_job.py:190} INFO - Processing /Users/garonsmith/Desktop/airflow_study/airflow-etl-explore/.venv/lib/python3.8/site-packages/airflow/example_dags/example_latest_only.py took 0.086 seconds
[2021-04-06 18:49:07,432] {scheduler_job.py:182} INFO - Started process (PID=20601) to work on /Users/garonsmith/Desktop/airflow_study/airflow-etl-explore/.venv/lib/python3.8/site-packages/airflow/example_dags/example_latest_only.py
[2021-04-06 18:49:07,432] {scheduler_job.py:629} INFO - Processing file /Users/garonsmith/Desktop/airflow_study/airflow-etl-explore/.venv/lib/python3.8/site-packages/airflow/example_dags/example_latest_only.py for tasks to queue
[2021-04-06 18:49:07,433] {logging_mixin.py:104} INFO - [2021-04-06 18:49:07,433] {dagbag.py:448} INFO - Filling up the DagBag from /Users/garonsmith/Desktop/airflow_study/airflow-etl-explore/.venv/lib/python3.8/site-packages/airflow/example_dags/example_latest_only.py
[2021-04-06 18:49:07,437] {scheduler_job.py:639} INFO - DAG(s) dict_keys(['latest_only']) retrieved from /Users/garonsmith/Desktop/airflow_study/airflow-etl-explore/.venv/lib/python3.8/site-packages/airflow/example_dags/example_latest_only.py
[2021-04-06 18:49:07,491] {logging_mixin.py:104} INFO - [2021-04-06 18:49:07,491] {dag.py:1818} INFO - Sync 1 DAGs
[2021-04-06 18:49:07,514] {logging_mixin.py:104} INFO - [2021-04-06 18:49:07,514] {dag.py:2273} INFO - Setting next_dagrun for latest_only to 2021-04-04 00:00:00+00:00
[2021-04-06 18:49:07,519] {scheduler_job.py:190} INFO - Processing /Users/garonsmith/Desktop/airflow_study/airflow-etl-explore/.venv/lib/python3.8/site-packages/airflow/example_dags/example_latest_only.py took 0.088 seconds
[2021-04-06 18:49:35,795] {scheduler_job.py:182} INFO - Started process (PID=20727) to work on /Users/garonsmith/Desktop/airflow_study/airflow-etl-explore/.venv/lib/python3.8/site-packages/airflow/example_dags/example_latest_only.py
[2021-04-06 18:49:35,796] {scheduler_job.py:629} INFO - Processing file /Users/garonsmith/Desktop/airflow_study/airflow-etl-explore/.venv/lib/python3.8/site-packages/airflow/example_dags/example_latest_only.py for tasks to queue
[2021-04-06 18:49:35,796] {logging_mixin.py:104} INFO - [2021-04-06 18:49:35,796] {dagbag.py:448} INFO - Filling up the DagBag from /Users/garonsmith/Desktop/airflow_study/airflow-etl-explore/.venv/lib/python3.8/site-packages/airflow/example_dags/example_latest_only.py
[2021-04-06 18:49:35,802] {scheduler_job.py:639} INFO - DAG(s) dict_keys(['latest_only']) retrieved from /Users/garonsmith/Desktop/airflow_study/airflow-etl-explore/.venv/lib/python3.8/site-packages/airflow/example_dags/example_latest_only.py
[2021-04-06 18:49:35,841] {logging_mixin.py:104} INFO - [2021-04-06 18:49:35,841] {dag.py:1818} INFO - Sync 1 DAGs
[2021-04-06 18:49:35,865] {logging_mixin.py:104} INFO - [2021-04-06 18:49:35,864] {dag.py:2273} INFO - Setting next_dagrun for latest_only to 2021-04-04 00:00:00+00:00
[2021-04-06 18:49:35,871] {scheduler_job.py:190} INFO - Processing /Users/garonsmith/Desktop/airflow_study/airflow-etl-explore/.venv/lib/python3.8/site-packages/airflow/example_dags/example_latest_only.py took 0.076 seconds
[2021-04-06 18:49:38,919] {scheduler_job.py:182} INFO - Started process (PID=20774) to work on /Users/garonsmith/Desktop/airflow_study/airflow-etl-explore/.venv/lib/python3.8/site-packages/airflow/example_dags/example_latest_only.py
[2021-04-06 18:49:38,919] {scheduler_job.py:629} INFO - Processing file /Users/garonsmith/Desktop/airflow_study/airflow-etl-explore/.venv/lib/python3.8/site-packages/airflow/example_dags/example_latest_only.py for tasks to queue
[2021-04-06 18:49:38,919] {logging_mixin.py:104} INFO - [2021-04-06 18:49:38,919] {dagbag.py:448} INFO - Filling up the DagBag from /Users/garonsmith/Desktop/airflow_study/airflow-etl-explore/.venv/lib/python3.8/site-packages/airflow/example_dags/example_latest_only.py
[2021-04-06 18:49:38,924] {scheduler_job.py:639} INFO - DAG(s) dict_keys(['latest_only']) retrieved from /Users/garonsmith/Desktop/airflow_study/airflow-etl-explore/.venv/lib/python3.8/site-packages/airflow/example_dags/example_latest_only.py
[2021-04-06 18:49:38,960] {logging_mixin.py:104} INFO - [2021-04-06 18:49:38,960] {dag.py:1818} INFO - Sync 1 DAGs
[2021-04-06 18:49:38,968] {logging_mixin.py:104} INFO - [2021-04-06 18:49:38,968] {dag.py:2273} INFO - Setting next_dagrun for latest_only to 2021-04-04 00:00:00+00:00
[2021-04-06 18:49:38,973] {scheduler_job.py:190} INFO - Processing /Users/garonsmith/Desktop/airflow_study/airflow-etl-explore/.venv/lib/python3.8/site-packages/airflow/example_dags/example_latest_only.py took 0.055 seconds
[2021-04-06 18:50:07,006] {scheduler_job.py:182} INFO - Started process (PID=20903) to work on /Users/garonsmith/Desktop/airflow_study/airflow-etl-explore/.venv/lib/python3.8/site-packages/airflow/example_dags/example_latest_only.py
[2021-04-06 18:50:07,006] {scheduler_job.py:629} INFO - Processing file /Users/garonsmith/Desktop/airflow_study/airflow-etl-explore/.venv/lib/python3.8/site-packages/airflow/example_dags/example_latest_only.py for tasks to queue
[2021-04-06 18:50:07,006] {logging_mixin.py:104} INFO - [2021-04-06 18:50:07,006] {dagbag.py:448} INFO - Filling up the DagBag from /Users/garonsmith/Desktop/airflow_study/airflow-etl-explore/.venv/lib/python3.8/site-packages/airflow/example_dags/example_latest_only.py
[2021-04-06 18:50:07,010] {scheduler_job.py:639} INFO - DAG(s) dict_keys(['latest_only']) retrieved from /Users/garonsmith/Desktop/airflow_study/airflow-etl-explore/.venv/lib/python3.8/site-packages/airflow/example_dags/example_latest_only.py
[2021-04-06 18:50:07,044] {logging_mixin.py:104} INFO - [2021-04-06 18:50:07,043] {dag.py:1818} INFO - Sync 1 DAGs
[2021-04-06 18:50:07,065] {logging_mixin.py:104} INFO - [2021-04-06 18:50:07,065] {dag.py:2273} INFO - Setting next_dagrun for latest_only to 2021-04-04 00:00:00+00:00
[2021-04-06 18:50:07,069] {scheduler_job.py:190} INFO - Processing /Users/garonsmith/Desktop/airflow_study/airflow-etl-explore/.venv/lib/python3.8/site-packages/airflow/example_dags/example_latest_only.py took 0.064 seconds
[2021-04-06 18:50:10,320] {scheduler_job.py:182} INFO - Started process (PID=20949) to work on /Users/garonsmith/Desktop/airflow_study/airflow-etl-explore/.venv/lib/python3.8/site-packages/airflow/example_dags/example_latest_only.py
[2021-04-06 18:50:10,320] {scheduler_job.py:629} INFO - Processing file /Users/garonsmith/Desktop/airflow_study/airflow-etl-explore/.venv/lib/python3.8/site-packages/airflow/example_dags/example_latest_only.py for tasks to queue
[2021-04-06 18:50:10,321] {logging_mixin.py:104} INFO - [2021-04-06 18:50:10,320] {dagbag.py:448} INFO - Filling up the DagBag from /Users/garonsmith/Desktop/airflow_study/airflow-etl-explore/.venv/lib/python3.8/site-packages/airflow/example_dags/example_latest_only.py
[2021-04-06 18:50:10,325] {scheduler_job.py:639} INFO - DAG(s) dict_keys(['latest_only']) retrieved from /Users/garonsmith/Desktop/airflow_study/airflow-etl-explore/.venv/lib/python3.8/site-packages/airflow/example_dags/example_latest_only.py
[2021-04-06 18:50:10,361] {logging_mixin.py:104} INFO - [2021-04-06 18:50:10,361] {dag.py:1818} INFO - Sync 1 DAGs
[2021-04-06 18:50:10,372] {logging_mixin.py:104} INFO - [2021-04-06 18:50:10,372] {dag.py:2273} INFO - Setting next_dagrun for latest_only to 2021-04-04 00:00:00+00:00
[2021-04-06 18:50:10,377] {scheduler_job.py:190} INFO - Processing /Users/garonsmith/Desktop/airflow_study/airflow-etl-explore/.venv/lib/python3.8/site-packages/airflow/example_dags/example_latest_only.py took 0.057 seconds
[2021-04-06 18:50:37,774] {scheduler_job.py:182} INFO - Started process (PID=21064) to work on /Users/garonsmith/Desktop/airflow_study/airflow-etl-explore/.venv/lib/python3.8/site-packages/airflow/example_dags/example_latest_only.py
[2021-04-06 18:50:37,775] {scheduler_job.py:629} INFO - Processing file /Users/garonsmith/Desktop/airflow_study/airflow-etl-explore/.venv/lib/python3.8/site-packages/airflow/example_dags/example_latest_only.py for tasks to queue
[2021-04-06 18:50:37,775] {logging_mixin.py:104} INFO - [2021-04-06 18:50:37,775] {dagbag.py:448} INFO - Filling up the DagBag from /Users/garonsmith/Desktop/airflow_study/airflow-etl-explore/.venv/lib/python3.8/site-packages/airflow/example_dags/example_latest_only.py
[2021-04-06 18:50:37,779] {scheduler_job.py:639} INFO - DAG(s) dict_keys(['latest_only']) retrieved from /Users/garonsmith/Desktop/airflow_study/airflow-etl-explore/.venv/lib/python3.8/site-packages/airflow/example_dags/example_latest_only.py
[2021-04-06 18:50:37,812] {logging_mixin.py:104} INFO - [2021-04-06 18:50:37,812] {dag.py:1818} INFO - Sync 1 DAGs
[2021-04-06 18:50:37,821] {logging_mixin.py:104} INFO - [2021-04-06 18:50:37,821] {dag.py:2273} INFO - Setting next_dagrun for latest_only to 2021-04-04 00:00:00+00:00
[2021-04-06 18:50:37,826] {scheduler_job.py:190} INFO - Processing /Users/garonsmith/Desktop/airflow_study/airflow-etl-explore/.venv/lib/python3.8/site-packages/airflow/example_dags/example_latest_only.py took 0.052 seconds
[2021-04-06 18:50:41,905] {scheduler_job.py:182} INFO - Started process (PID=21118) to work on /Users/garonsmith/Desktop/airflow_study/airflow-etl-explore/.venv/lib/python3.8/site-packages/airflow/example_dags/example_latest_only.py
[2021-04-06 18:50:41,906] {scheduler_job.py:629} INFO - Processing file /Users/garonsmith/Desktop/airflow_study/airflow-etl-explore/.venv/lib/python3.8/site-packages/airflow/example_dags/example_latest_only.py for tasks to queue
[2021-04-06 18:50:41,906] {logging_mixin.py:104} INFO - [2021-04-06 18:50:41,906] {dagbag.py:448} INFO - Filling up the DagBag from /Users/garonsmith/Desktop/airflow_study/airflow-etl-explore/.venv/lib/python3.8/site-packages/airflow/example_dags/example_latest_only.py
[2021-04-06 18:50:41,910] {scheduler_job.py:639} INFO - DAG(s) dict_keys(['latest_only']) retrieved from /Users/garonsmith/Desktop/airflow_study/airflow-etl-explore/.venv/lib/python3.8/site-packages/airflow/example_dags/example_latest_only.py
[2021-04-06 18:50:41,941] {logging_mixin.py:104} INFO - [2021-04-06 18:50:41,941] {dag.py:1818} INFO - Sync 1 DAGs
[2021-04-06 18:50:41,964] {logging_mixin.py:104} INFO - [2021-04-06 18:50:41,964] {dag.py:2273} INFO - Setting next_dagrun for latest_only to 2021-04-04 00:00:00+00:00
[2021-04-06 18:50:41,969] {scheduler_job.py:190} INFO - Processing /Users/garonsmith/Desktop/airflow_study/airflow-etl-explore/.venv/lib/python3.8/site-packages/airflow/example_dags/example_latest_only.py took 0.064 seconds
[2021-04-06 18:51:08,635] {scheduler_job.py:182} INFO - Started process (PID=21232) to work on /Users/garonsmith/Desktop/airflow_study/airflow-etl-explore/.venv/lib/python3.8/site-packages/airflow/example_dags/example_latest_only.py
[2021-04-06 18:51:08,635] {scheduler_job.py:629} INFO - Processing file /Users/garonsmith/Desktop/airflow_study/airflow-etl-explore/.venv/lib/python3.8/site-packages/airflow/example_dags/example_latest_only.py for tasks to queue
[2021-04-06 18:51:08,636] {logging_mixin.py:104} INFO - [2021-04-06 18:51:08,636] {dagbag.py:448} INFO - Filling up the DagBag from /Users/garonsmith/Desktop/airflow_study/airflow-etl-explore/.venv/lib/python3.8/site-packages/airflow/example_dags/example_latest_only.py
[2021-04-06 18:51:08,640] {scheduler_job.py:639} INFO - DAG(s) dict_keys(['latest_only']) retrieved from /Users/garonsmith/Desktop/airflow_study/airflow-etl-explore/.venv/lib/python3.8/site-packages/airflow/example_dags/example_latest_only.py
[2021-04-06 18:51:08,692] {logging_mixin.py:104} INFO - [2021-04-06 18:51:08,692] {dag.py:1818} INFO - Sync 1 DAGs
[2021-04-06 18:51:08,716] {logging_mixin.py:104} INFO - [2021-04-06 18:51:08,716] {dag.py:2273} INFO - Setting next_dagrun for latest_only to 2021-04-04 00:00:00+00:00
[2021-04-06 18:51:08,722] {scheduler_job.py:190} INFO - Processing /Users/garonsmith/Desktop/airflow_study/airflow-etl-explore/.venv/lib/python3.8/site-packages/airflow/example_dags/example_latest_only.py took 0.088 seconds
[2021-04-06 18:51:13,551] {scheduler_job.py:182} INFO - Started process (PID=21289) to work on /Users/garonsmith/Desktop/airflow_study/airflow-etl-explore/.venv/lib/python3.8/site-packages/airflow/example_dags/example_latest_only.py
[2021-04-06 18:51:13,552] {scheduler_job.py:629} INFO - Processing file /Users/garonsmith/Desktop/airflow_study/airflow-etl-explore/.venv/lib/python3.8/site-packages/airflow/example_dags/example_latest_only.py for tasks to queue
[2021-04-06 18:51:13,552] {logging_mixin.py:104} INFO - [2021-04-06 18:51:13,552] {dagbag.py:448} INFO - Filling up the DagBag from /Users/garonsmith/Desktop/airflow_study/airflow-etl-explore/.venv/lib/python3.8/site-packages/airflow/example_dags/example_latest_only.py
[2021-04-06 18:51:13,556] {scheduler_job.py:639} INFO - DAG(s) dict_keys(['latest_only']) retrieved from /Users/garonsmith/Desktop/airflow_study/airflow-etl-explore/.venv/lib/python3.8/site-packages/airflow/example_dags/example_latest_only.py
[2021-04-06 18:51:13,591] {logging_mixin.py:104} INFO - [2021-04-06 18:51:13,591] {dag.py:1818} INFO - Sync 1 DAGs
[2021-04-06 18:51:13,615] {logging_mixin.py:104} INFO - [2021-04-06 18:51:13,614] {dag.py:2273} INFO - Setting next_dagrun for latest_only to 2021-04-04 00:00:00+00:00
[2021-04-06 18:51:13,619] {scheduler_job.py:190} INFO - Processing /Users/garonsmith/Desktop/airflow_study/airflow-etl-explore/.venv/lib/python3.8/site-packages/airflow/example_dags/example_latest_only.py took 0.068 seconds
[2021-04-06 18:51:39,673] {scheduler_job.py:182} INFO - Started process (PID=21400) to work on /Users/garonsmith/Desktop/airflow_study/airflow-etl-explore/.venv/lib/python3.8/site-packages/airflow/example_dags/example_latest_only.py
[2021-04-06 18:51:39,673] {scheduler_job.py:629} INFO - Processing file /Users/garonsmith/Desktop/airflow_study/airflow-etl-explore/.venv/lib/python3.8/site-packages/airflow/example_dags/example_latest_only.py for tasks to queue
[2021-04-06 18:51:39,674] {logging_mixin.py:104} INFO - [2021-04-06 18:51:39,674] {dagbag.py:448} INFO - Filling up the DagBag from /Users/garonsmith/Desktop/airflow_study/airflow-etl-explore/.venv/lib/python3.8/site-packages/airflow/example_dags/example_latest_only.py
[2021-04-06 18:51:39,680] {scheduler_job.py:639} INFO - DAG(s) dict_keys(['latest_only']) retrieved from /Users/garonsmith/Desktop/airflow_study/airflow-etl-explore/.venv/lib/python3.8/site-packages/airflow/example_dags/example_latest_only.py
[2021-04-06 18:51:39,740] {logging_mixin.py:104} INFO - [2021-04-06 18:51:39,740] {dag.py:1818} INFO - Sync 1 DAGs
[2021-04-06 18:51:39,763] {logging_mixin.py:104} INFO - [2021-04-06 18:51:39,763] {dag.py:2273} INFO - Setting next_dagrun for latest_only to 2021-04-04 00:00:00+00:00
[2021-04-06 18:51:39,768] {scheduler_job.py:190} INFO - Processing /Users/garonsmith/Desktop/airflow_study/airflow-etl-explore/.venv/lib/python3.8/site-packages/airflow/example_dags/example_latest_only.py took 0.096 seconds
[2021-04-06 18:51:44,758] {scheduler_job.py:182} INFO - Started process (PID=21457) to work on /Users/garonsmith/Desktop/airflow_study/airflow-etl-explore/.venv/lib/python3.8/site-packages/airflow/example_dags/example_latest_only.py
[2021-04-06 18:51:44,758] {scheduler_job.py:629} INFO - Processing file /Users/garonsmith/Desktop/airflow_study/airflow-etl-explore/.venv/lib/python3.8/site-packages/airflow/example_dags/example_latest_only.py for tasks to queue
[2021-04-06 18:51:44,759] {logging_mixin.py:104} INFO - [2021-04-06 18:51:44,759] {dagbag.py:448} INFO - Filling up the DagBag from /Users/garonsmith/Desktop/airflow_study/airflow-etl-explore/.venv/lib/python3.8/site-packages/airflow/example_dags/example_latest_only.py
[2021-04-06 18:51:44,764] {scheduler_job.py:639} INFO - DAG(s) dict_keys(['latest_only']) retrieved from /Users/garonsmith/Desktop/airflow_study/airflow-etl-explore/.venv/lib/python3.8/site-packages/airflow/example_dags/example_latest_only.py
[2021-04-06 18:51:44,813] {logging_mixin.py:104} INFO - [2021-04-06 18:51:44,813] {dag.py:1818} INFO - Sync 1 DAGs
[2021-04-06 18:51:44,821] {logging_mixin.py:104} INFO - [2021-04-06 18:51:44,821] {dag.py:2273} INFO - Setting next_dagrun for latest_only to 2021-04-04 00:00:00+00:00
[2021-04-06 18:51:44,826] {scheduler_job.py:190} INFO - Processing /Users/garonsmith/Desktop/airflow_study/airflow-etl-explore/.venv/lib/python3.8/site-packages/airflow/example_dags/example_latest_only.py took 0.069 seconds
[2021-04-06 18:52:10,549] {scheduler_job.py:182} INFO - Started process (PID=21560) to work on /Users/garonsmith/Desktop/airflow_study/airflow-etl-explore/.venv/lib/python3.8/site-packages/airflow/example_dags/example_latest_only.py
[2021-04-06 18:52:10,549] {scheduler_job.py:629} INFO - Processing file /Users/garonsmith/Desktop/airflow_study/airflow-etl-explore/.venv/lib/python3.8/site-packages/airflow/example_dags/example_latest_only.py for tasks to queue
[2021-04-06 18:52:10,549] {logging_mixin.py:104} INFO - [2021-04-06 18:52:10,549] {dagbag.py:448} INFO - Filling up the DagBag from /Users/garonsmith/Desktop/airflow_study/airflow-etl-explore/.venv/lib/python3.8/site-packages/airflow/example_dags/example_latest_only.py
[2021-04-06 18:52:10,553] {scheduler_job.py:639} INFO - DAG(s) dict_keys(['latest_only']) retrieved from /Users/garonsmith/Desktop/airflow_study/airflow-etl-explore/.venv/lib/python3.8/site-packages/airflow/example_dags/example_latest_only.py
[2021-04-06 18:52:10,597] {logging_mixin.py:104} INFO - [2021-04-06 18:52:10,597] {dag.py:1818} INFO - Sync 1 DAGs
[2021-04-06 18:52:10,621] {logging_mixin.py:104} INFO - [2021-04-06 18:52:10,621] {dag.py:2273} INFO - Setting next_dagrun for latest_only to 2021-04-04 00:00:00+00:00
[2021-04-06 18:52:10,629] {scheduler_job.py:190} INFO - Processing /Users/garonsmith/Desktop/airflow_study/airflow-etl-explore/.venv/lib/python3.8/site-packages/airflow/example_dags/example_latest_only.py took 0.082 seconds
[2021-04-06 18:52:42,341] {scheduler_job.py:182} INFO - Started process (PID=21660) to work on /Users/garonsmith/Desktop/airflow_study/airflow-etl-explore/.venv/lib/python3.8/site-packages/airflow/example_dags/example_latest_only.py
[2021-04-06 18:52:42,341] {scheduler_job.py:629} INFO - Processing file /Users/garonsmith/Desktop/airflow_study/airflow-etl-explore/.venv/lib/python3.8/site-packages/airflow/example_dags/example_latest_only.py for tasks to queue
[2021-04-06 18:52:42,341] {logging_mixin.py:104} INFO - [2021-04-06 18:52:42,341] {dagbag.py:448} INFO - Filling up the DagBag from /Users/garonsmith/Desktop/airflow_study/airflow-etl-explore/.venv/lib/python3.8/site-packages/airflow/example_dags/example_latest_only.py
[2021-04-06 18:52:42,346] {scheduler_job.py:639} INFO - DAG(s) dict_keys(['latest_only']) retrieved from /Users/garonsmith/Desktop/airflow_study/airflow-etl-explore/.venv/lib/python3.8/site-packages/airflow/example_dags/example_latest_only.py
[2021-04-06 18:52:42,396] {logging_mixin.py:104} INFO - [2021-04-06 18:52:42,396] {dag.py:1818} INFO - Sync 1 DAGs
[2021-04-06 18:52:42,419] {logging_mixin.py:104} INFO - [2021-04-06 18:52:42,419] {dag.py:2273} INFO - Setting next_dagrun for latest_only to 2021-04-04 00:00:00+00:00
[2021-04-06 18:52:42,424] {scheduler_job.py:190} INFO - Processing /Users/garonsmith/Desktop/airflow_study/airflow-etl-explore/.venv/lib/python3.8/site-packages/airflow/example_dags/example_latest_only.py took 0.084 seconds
[2021-04-06 18:53:13,262] {scheduler_job.py:182} INFO - Started process (PID=21747) to work on /Users/garonsmith/Desktop/airflow_study/airflow-etl-explore/.venv/lib/python3.8/site-packages/airflow/example_dags/example_latest_only.py
[2021-04-06 18:53:13,263] {scheduler_job.py:629} INFO - Processing file /Users/garonsmith/Desktop/airflow_study/airflow-etl-explore/.venv/lib/python3.8/site-packages/airflow/example_dags/example_latest_only.py for tasks to queue
[2021-04-06 18:53:13,263] {logging_mixin.py:104} INFO - [2021-04-06 18:53:13,263] {dagbag.py:448} INFO - Filling up the DagBag from /Users/garonsmith/Desktop/airflow_study/airflow-etl-explore/.venv/lib/python3.8/site-packages/airflow/example_dags/example_latest_only.py
[2021-04-06 18:53:13,267] {scheduler_job.py:639} INFO - DAG(s) dict_keys(['latest_only']) retrieved from /Users/garonsmith/Desktop/airflow_study/airflow-etl-explore/.venv/lib/python3.8/site-packages/airflow/example_dags/example_latest_only.py
[2021-04-06 18:53:13,298] {logging_mixin.py:104} INFO - [2021-04-06 18:53:13,298] {dag.py:1818} INFO - Sync 1 DAGs
[2021-04-06 18:53:13,322] {logging_mixin.py:104} INFO - [2021-04-06 18:53:13,322] {dag.py:2273} INFO - Setting next_dagrun for latest_only to 2021-04-04 00:00:00+00:00
[2021-04-06 18:53:13,328] {scheduler_job.py:190} INFO - Processing /Users/garonsmith/Desktop/airflow_study/airflow-etl-explore/.venv/lib/python3.8/site-packages/airflow/example_dags/example_latest_only.py took 0.066 seconds
[2021-04-06 18:53:44,473] {scheduler_job.py:182} INFO - Started process (PID=21854) to work on /Users/garonsmith/Desktop/airflow_study/airflow-etl-explore/.venv/lib/python3.8/site-packages/airflow/example_dags/example_latest_only.py
[2021-04-06 18:53:44,474] {scheduler_job.py:629} INFO - Processing file /Users/garonsmith/Desktop/airflow_study/airflow-etl-explore/.venv/lib/python3.8/site-packages/airflow/example_dags/example_latest_only.py for tasks to queue
[2021-04-06 18:53:44,474] {logging_mixin.py:104} INFO - [2021-04-06 18:53:44,474] {dagbag.py:448} INFO - Filling up the DagBag from /Users/garonsmith/Desktop/airflow_study/airflow-etl-explore/.venv/lib/python3.8/site-packages/airflow/example_dags/example_latest_only.py
[2021-04-06 18:53:44,479] {scheduler_job.py:639} INFO - DAG(s) dict_keys(['latest_only']) retrieved from /Users/garonsmith/Desktop/airflow_study/airflow-etl-explore/.venv/lib/python3.8/site-packages/airflow/example_dags/example_latest_only.py
[2021-04-06 18:53:44,517] {logging_mixin.py:104} INFO - [2021-04-06 18:53:44,517] {dag.py:1818} INFO - Sync 1 DAGs
[2021-04-06 18:53:44,524] {logging_mixin.py:104} INFO - [2021-04-06 18:53:44,524] {dag.py:2273} INFO - Setting next_dagrun for latest_only to 2021-04-04 00:00:00+00:00
[2021-04-06 18:53:44,531] {scheduler_job.py:190} INFO - Processing /Users/garonsmith/Desktop/airflow_study/airflow-etl-explore/.venv/lib/python3.8/site-packages/airflow/example_dags/example_latest_only.py took 0.058 seconds
[2021-04-06 18:54:15,416] {scheduler_job.py:182} INFO - Started process (PID=21953) to work on /Users/garonsmith/Desktop/airflow_study/airflow-etl-explore/.venv/lib/python3.8/site-packages/airflow/example_dags/example_latest_only.py
[2021-04-06 18:54:15,416] {scheduler_job.py:629} INFO - Processing file /Users/garonsmith/Desktop/airflow_study/airflow-etl-explore/.venv/lib/python3.8/site-packages/airflow/example_dags/example_latest_only.py for tasks to queue
[2021-04-06 18:54:15,416] {logging_mixin.py:104} INFO - [2021-04-06 18:54:15,416] {dagbag.py:448} INFO - Filling up the DagBag from /Users/garonsmith/Desktop/airflow_study/airflow-etl-explore/.venv/lib/python3.8/site-packages/airflow/example_dags/example_latest_only.py
[2021-04-06 18:54:15,421] {scheduler_job.py:639} INFO - DAG(s) dict_keys(['latest_only']) retrieved from /Users/garonsmith/Desktop/airflow_study/airflow-etl-explore/.venv/lib/python3.8/site-packages/airflow/example_dags/example_latest_only.py
[2021-04-06 18:54:15,467] {logging_mixin.py:104} INFO - [2021-04-06 18:54:15,467] {dag.py:1818} INFO - Sync 1 DAGs
[2021-04-06 18:54:15,477] {logging_mixin.py:104} INFO - [2021-04-06 18:54:15,477] {dag.py:2273} INFO - Setting next_dagrun for latest_only to 2021-04-04 00:00:00+00:00
[2021-04-06 18:54:15,483] {scheduler_job.py:190} INFO - Processing /Users/garonsmith/Desktop/airflow_study/airflow-etl-explore/.venv/lib/python3.8/site-packages/airflow/example_dags/example_latest_only.py took 0.068 seconds
