[2021-04-06 18:36:20,412] {scheduler_job.py:182} INFO - Started process (PID=17435) to work on /Users/garonsmith/Desktop/airflow_study/airflow-etl-explore/.venv/lib/python3.8/site-packages/airflow/example_dags/example_dag_decorator.py
[2021-04-06 18:36:20,412] {scheduler_job.py:629} INFO - Processing file /Users/garonsmith/Desktop/airflow_study/airflow-etl-explore/.venv/lib/python3.8/site-packages/airflow/example_dags/example_dag_decorator.py for tasks to queue
[2021-04-06 18:36:20,413] {logging_mixin.py:104} INFO - [2021-04-06 18:36:20,413] {dagbag.py:448} INFO - Filling up the DagBag from /Users/garonsmith/Desktop/airflow_study/airflow-etl-explore/.venv/lib/python3.8/site-packages/airflow/example_dags/example_dag_decorator.py
[2021-04-06 18:36:20,419] {scheduler_job.py:639} INFO - DAG(s) dict_keys(['example_dag_decorator']) retrieved from /Users/garonsmith/Desktop/airflow_study/airflow-etl-explore/.venv/lib/python3.8/site-packages/airflow/example_dags/example_dag_decorator.py
[2021-04-06 18:36:20,453] {logging_mixin.py:104} INFO - [2021-04-06 18:36:20,453] {dag.py:1818} INFO - Sync 1 DAGs
[2021-04-06 18:36:20,459] {logging_mixin.py:104} INFO - [2021-04-06 18:36:20,459] {dag.py:2273} INFO - Setting next_dagrun for example_dag_decorator to None
[2021-04-06 18:36:20,465] {scheduler_job.py:190} INFO - Processing /Users/garonsmith/Desktop/airflow_study/airflow-etl-explore/.venv/lib/python3.8/site-packages/airflow/example_dags/example_dag_decorator.py took 0.053 seconds
[2021-04-06 18:36:51,672] {scheduler_job.py:182} INFO - Started process (PID=17521) to work on /Users/garonsmith/Desktop/airflow_study/airflow-etl-explore/.venv/lib/python3.8/site-packages/airflow/example_dags/example_dag_decorator.py
[2021-04-06 18:36:51,673] {scheduler_job.py:629} INFO - Processing file /Users/garonsmith/Desktop/airflow_study/airflow-etl-explore/.venv/lib/python3.8/site-packages/airflow/example_dags/example_dag_decorator.py for tasks to queue
[2021-04-06 18:36:51,673] {logging_mixin.py:104} INFO - [2021-04-06 18:36:51,673] {dagbag.py:448} INFO - Filling up the DagBag from /Users/garonsmith/Desktop/airflow_study/airflow-etl-explore/.venv/lib/python3.8/site-packages/airflow/example_dags/example_dag_decorator.py
[2021-04-06 18:36:51,680] {scheduler_job.py:639} INFO - DAG(s) dict_keys(['example_dag_decorator']) retrieved from /Users/garonsmith/Desktop/airflow_study/airflow-etl-explore/.venv/lib/python3.8/site-packages/airflow/example_dags/example_dag_decorator.py
[2021-04-06 18:36:51,710] {logging_mixin.py:104} INFO - [2021-04-06 18:36:51,710] {dag.py:1818} INFO - Sync 1 DAGs
[2021-04-06 18:36:51,716] {logging_mixin.py:104} INFO - [2021-04-06 18:36:51,716] {dag.py:2273} INFO - Setting next_dagrun for example_dag_decorator to None
[2021-04-06 18:36:51,721] {scheduler_job.py:190} INFO - Processing /Users/garonsmith/Desktop/airflow_study/airflow-etl-explore/.venv/lib/python3.8/site-packages/airflow/example_dags/example_dag_decorator.py took 0.049 seconds
[2021-04-06 18:37:22,327] {scheduler_job.py:182} INFO - Started process (PID=18418) to work on /Users/garonsmith/Desktop/airflow_study/airflow-etl-explore/.venv/lib/python3.8/site-packages/airflow/example_dags/example_dag_decorator.py
[2021-04-06 18:37:22,328] {scheduler_job.py:629} INFO - Processing file /Users/garonsmith/Desktop/airflow_study/airflow-etl-explore/.venv/lib/python3.8/site-packages/airflow/example_dags/example_dag_decorator.py for tasks to queue
[2021-04-06 18:37:22,328] {logging_mixin.py:104} INFO - [2021-04-06 18:37:22,328] {dagbag.py:448} INFO - Filling up the DagBag from /Users/garonsmith/Desktop/airflow_study/airflow-etl-explore/.venv/lib/python3.8/site-packages/airflow/example_dags/example_dag_decorator.py
[2021-04-06 18:37:22,334] {scheduler_job.py:639} INFO - DAG(s) dict_keys(['example_dag_decorator']) retrieved from /Users/garonsmith/Desktop/airflow_study/airflow-etl-explore/.venv/lib/python3.8/site-packages/airflow/example_dags/example_dag_decorator.py
[2021-04-06 18:37:22,370] {logging_mixin.py:104} INFO - [2021-04-06 18:37:22,369] {dag.py:1818} INFO - Sync 1 DAGs
[2021-04-06 18:37:22,376] {logging_mixin.py:104} INFO - [2021-04-06 18:37:22,376] {dag.py:2273} INFO - Setting next_dagrun for example_dag_decorator to None
[2021-04-06 18:37:22,381] {scheduler_job.py:190} INFO - Processing /Users/garonsmith/Desktop/airflow_study/airflow-etl-explore/.venv/lib/python3.8/site-packages/airflow/example_dags/example_dag_decorator.py took 0.054 seconds
[2021-04-06 18:37:54,235] {scheduler_job.py:182} INFO - Started process (PID=18505) to work on /Users/garonsmith/Desktop/airflow_study/airflow-etl-explore/.venv/lib/python3.8/site-packages/airflow/example_dags/example_dag_decorator.py
[2021-04-06 18:37:54,236] {scheduler_job.py:629} INFO - Processing file /Users/garonsmith/Desktop/airflow_study/airflow-etl-explore/.venv/lib/python3.8/site-packages/airflow/example_dags/example_dag_decorator.py for tasks to queue
[2021-04-06 18:37:54,236] {logging_mixin.py:104} INFO - [2021-04-06 18:37:54,236] {dagbag.py:448} INFO - Filling up the DagBag from /Users/garonsmith/Desktop/airflow_study/airflow-etl-explore/.venv/lib/python3.8/site-packages/airflow/example_dags/example_dag_decorator.py
[2021-04-06 18:37:54,241] {scheduler_job.py:639} INFO - DAG(s) dict_keys(['example_dag_decorator']) retrieved from /Users/garonsmith/Desktop/airflow_study/airflow-etl-explore/.venv/lib/python3.8/site-packages/airflow/example_dags/example_dag_decorator.py
[2021-04-06 18:37:54,276] {logging_mixin.py:104} INFO - [2021-04-06 18:37:54,276] {dag.py:1818} INFO - Sync 1 DAGs
[2021-04-06 18:37:54,282] {logging_mixin.py:104} INFO - [2021-04-06 18:37:54,282] {dag.py:2273} INFO - Setting next_dagrun for example_dag_decorator to None
[2021-04-06 18:37:54,287] {scheduler_job.py:190} INFO - Processing /Users/garonsmith/Desktop/airflow_study/airflow-etl-explore/.venv/lib/python3.8/site-packages/airflow/example_dags/example_dag_decorator.py took 0.052 seconds
[2021-04-06 18:38:25,488] {scheduler_job.py:182} INFO - Started process (PID=18594) to work on /Users/garonsmith/Desktop/airflow_study/airflow-etl-explore/.venv/lib/python3.8/site-packages/airflow/example_dags/example_dag_decorator.py
[2021-04-06 18:38:25,489] {scheduler_job.py:629} INFO - Processing file /Users/garonsmith/Desktop/airflow_study/airflow-etl-explore/.venv/lib/python3.8/site-packages/airflow/example_dags/example_dag_decorator.py for tasks to queue
[2021-04-06 18:38:25,489] {logging_mixin.py:104} INFO - [2021-04-06 18:38:25,489] {dagbag.py:448} INFO - Filling up the DagBag from /Users/garonsmith/Desktop/airflow_study/airflow-etl-explore/.venv/lib/python3.8/site-packages/airflow/example_dags/example_dag_decorator.py
[2021-04-06 18:38:25,496] {scheduler_job.py:639} INFO - DAG(s) dict_keys(['example_dag_decorator']) retrieved from /Users/garonsmith/Desktop/airflow_study/airflow-etl-explore/.venv/lib/python3.8/site-packages/airflow/example_dags/example_dag_decorator.py
[2021-04-06 18:38:25,540] {logging_mixin.py:104} INFO - [2021-04-06 18:38:25,539] {dag.py:1818} INFO - Sync 1 DAGs
[2021-04-06 18:38:25,547] {logging_mixin.py:104} INFO - [2021-04-06 18:38:25,547] {dag.py:2273} INFO - Setting next_dagrun for example_dag_decorator to None
[2021-04-06 18:38:25,562] {scheduler_job.py:190} INFO - Processing /Users/garonsmith/Desktop/airflow_study/airflow-etl-explore/.venv/lib/python3.8/site-packages/airflow/example_dags/example_dag_decorator.py took 0.075 seconds
[2021-04-06 18:38:56,392] {scheduler_job.py:182} INFO - Started process (PID=18687) to work on /Users/garonsmith/Desktop/airflow_study/airflow-etl-explore/.venv/lib/python3.8/site-packages/airflow/example_dags/example_dag_decorator.py
[2021-04-06 18:38:56,393] {scheduler_job.py:629} INFO - Processing file /Users/garonsmith/Desktop/airflow_study/airflow-etl-explore/.venv/lib/python3.8/site-packages/airflow/example_dags/example_dag_decorator.py for tasks to queue
[2021-04-06 18:38:56,393] {logging_mixin.py:104} INFO - [2021-04-06 18:38:56,393] {dagbag.py:448} INFO - Filling up the DagBag from /Users/garonsmith/Desktop/airflow_study/airflow-etl-explore/.venv/lib/python3.8/site-packages/airflow/example_dags/example_dag_decorator.py
[2021-04-06 18:38:56,399] {scheduler_job.py:639} INFO - DAG(s) dict_keys(['example_dag_decorator']) retrieved from /Users/garonsmith/Desktop/airflow_study/airflow-etl-explore/.venv/lib/python3.8/site-packages/airflow/example_dags/example_dag_decorator.py
[2021-04-06 18:38:56,441] {logging_mixin.py:104} INFO - [2021-04-06 18:38:56,441] {dag.py:1818} INFO - Sync 1 DAGs
[2021-04-06 18:38:56,448] {logging_mixin.py:104} INFO - [2021-04-06 18:38:56,447] {dag.py:2273} INFO - Setting next_dagrun for example_dag_decorator to None
[2021-04-06 18:38:56,466] {scheduler_job.py:190} INFO - Processing /Users/garonsmith/Desktop/airflow_study/airflow-etl-explore/.venv/lib/python3.8/site-packages/airflow/example_dags/example_dag_decorator.py took 0.075 seconds
[2021-04-06 18:39:27,407] {scheduler_job.py:182} INFO - Started process (PID=18787) to work on /Users/garonsmith/Desktop/airflow_study/airflow-etl-explore/.venv/lib/python3.8/site-packages/airflow/example_dags/example_dag_decorator.py
[2021-04-06 18:39:27,407] {scheduler_job.py:629} INFO - Processing file /Users/garonsmith/Desktop/airflow_study/airflow-etl-explore/.venv/lib/python3.8/site-packages/airflow/example_dags/example_dag_decorator.py for tasks to queue
[2021-04-06 18:39:27,408] {logging_mixin.py:104} INFO - [2021-04-06 18:39:27,408] {dagbag.py:448} INFO - Filling up the DagBag from /Users/garonsmith/Desktop/airflow_study/airflow-etl-explore/.venv/lib/python3.8/site-packages/airflow/example_dags/example_dag_decorator.py
[2021-04-06 18:39:27,415] {scheduler_job.py:639} INFO - DAG(s) dict_keys(['example_dag_decorator']) retrieved from /Users/garonsmith/Desktop/airflow_study/airflow-etl-explore/.venv/lib/python3.8/site-packages/airflow/example_dags/example_dag_decorator.py
[2021-04-06 18:39:27,449] {logging_mixin.py:104} INFO - [2021-04-06 18:39:27,449] {dag.py:1818} INFO - Sync 1 DAGs
[2021-04-06 18:39:27,469] {logging_mixin.py:104} INFO - [2021-04-06 18:39:27,469] {dag.py:2273} INFO - Setting next_dagrun for example_dag_decorator to None
[2021-04-06 18:39:27,475] {scheduler_job.py:190} INFO - Processing /Users/garonsmith/Desktop/airflow_study/airflow-etl-explore/.venv/lib/python3.8/site-packages/airflow/example_dags/example_dag_decorator.py took 0.068 seconds
[2021-04-06 18:39:59,025] {scheduler_job.py:182} INFO - Started process (PID=18902) to work on /Users/garonsmith/Desktop/airflow_study/airflow-etl-explore/.venv/lib/python3.8/site-packages/airflow/example_dags/example_dag_decorator.py
[2021-04-06 18:39:59,026] {scheduler_job.py:629} INFO - Processing file /Users/garonsmith/Desktop/airflow_study/airflow-etl-explore/.venv/lib/python3.8/site-packages/airflow/example_dags/example_dag_decorator.py for tasks to queue
[2021-04-06 18:39:59,026] {logging_mixin.py:104} INFO - [2021-04-06 18:39:59,026] {dagbag.py:448} INFO - Filling up the DagBag from /Users/garonsmith/Desktop/airflow_study/airflow-etl-explore/.venv/lib/python3.8/site-packages/airflow/example_dags/example_dag_decorator.py
[2021-04-06 18:39:59,031] {scheduler_job.py:639} INFO - DAG(s) dict_keys(['example_dag_decorator']) retrieved from /Users/garonsmith/Desktop/airflow_study/airflow-etl-explore/.venv/lib/python3.8/site-packages/airflow/example_dags/example_dag_decorator.py
[2021-04-06 18:39:59,067] {logging_mixin.py:104} INFO - [2021-04-06 18:39:59,067] {dag.py:1818} INFO - Sync 1 DAGs
[2021-04-06 18:39:59,074] {logging_mixin.py:104} INFO - [2021-04-06 18:39:59,074] {dag.py:2273} INFO - Setting next_dagrun for example_dag_decorator to None
[2021-04-06 18:39:59,079] {scheduler_job.py:190} INFO - Processing /Users/garonsmith/Desktop/airflow_study/airflow-etl-explore/.venv/lib/python3.8/site-packages/airflow/example_dags/example_dag_decorator.py took 0.055 seconds
[2021-04-06 18:40:29,948] {scheduler_job.py:182} INFO - Started process (PID=18995) to work on /Users/garonsmith/Desktop/airflow_study/airflow-etl-explore/.venv/lib/python3.8/site-packages/airflow/example_dags/example_dag_decorator.py
[2021-04-06 18:40:29,948] {scheduler_job.py:629} INFO - Processing file /Users/garonsmith/Desktop/airflow_study/airflow-etl-explore/.venv/lib/python3.8/site-packages/airflow/example_dags/example_dag_decorator.py for tasks to queue
[2021-04-06 18:40:29,948] {logging_mixin.py:104} INFO - [2021-04-06 18:40:29,948] {dagbag.py:448} INFO - Filling up the DagBag from /Users/garonsmith/Desktop/airflow_study/airflow-etl-explore/.venv/lib/python3.8/site-packages/airflow/example_dags/example_dag_decorator.py
[2021-04-06 18:40:29,955] {scheduler_job.py:639} INFO - DAG(s) dict_keys(['example_dag_decorator']) retrieved from /Users/garonsmith/Desktop/airflow_study/airflow-etl-explore/.venv/lib/python3.8/site-packages/airflow/example_dags/example_dag_decorator.py
[2021-04-06 18:40:30,001] {logging_mixin.py:104} INFO - [2021-04-06 18:40:30,001] {dag.py:1818} INFO - Sync 1 DAGs
[2021-04-06 18:40:30,008] {logging_mixin.py:104} INFO - [2021-04-06 18:40:30,008] {dag.py:2273} INFO - Setting next_dagrun for example_dag_decorator to None
[2021-04-06 18:40:30,013] {scheduler_job.py:190} INFO - Processing /Users/garonsmith/Desktop/airflow_study/airflow-etl-explore/.venv/lib/python3.8/site-packages/airflow/example_dags/example_dag_decorator.py took 0.066 seconds
[2021-04-06 18:41:01,377] {scheduler_job.py:182} INFO - Started process (PID=19077) to work on /Users/garonsmith/Desktop/airflow_study/airflow-etl-explore/.venv/lib/python3.8/site-packages/airflow/example_dags/example_dag_decorator.py
[2021-04-06 18:41:01,377] {scheduler_job.py:629} INFO - Processing file /Users/garonsmith/Desktop/airflow_study/airflow-etl-explore/.venv/lib/python3.8/site-packages/airflow/example_dags/example_dag_decorator.py for tasks to queue
[2021-04-06 18:41:01,377] {logging_mixin.py:104} INFO - [2021-04-06 18:41:01,377] {dagbag.py:448} INFO - Filling up the DagBag from /Users/garonsmith/Desktop/airflow_study/airflow-etl-explore/.venv/lib/python3.8/site-packages/airflow/example_dags/example_dag_decorator.py
[2021-04-06 18:41:01,384] {scheduler_job.py:639} INFO - DAG(s) dict_keys(['example_dag_decorator']) retrieved from /Users/garonsmith/Desktop/airflow_study/airflow-etl-explore/.venv/lib/python3.8/site-packages/airflow/example_dags/example_dag_decorator.py
[2021-04-06 18:41:01,430] {logging_mixin.py:104} INFO - [2021-04-06 18:41:01,430] {dag.py:1818} INFO - Sync 1 DAGs
[2021-04-06 18:41:01,453] {logging_mixin.py:104} INFO - [2021-04-06 18:41:01,453] {dag.py:2273} INFO - Setting next_dagrun for example_dag_decorator to None
[2021-04-06 18:41:01,459] {scheduler_job.py:190} INFO - Processing /Users/garonsmith/Desktop/airflow_study/airflow-etl-explore/.venv/lib/python3.8/site-packages/airflow/example_dags/example_dag_decorator.py took 0.083 seconds
[2021-04-06 18:41:33,612] {scheduler_job.py:182} INFO - Started process (PID=19178) to work on /Users/garonsmith/Desktop/airflow_study/airflow-etl-explore/.venv/lib/python3.8/site-packages/airflow/example_dags/example_dag_decorator.py
[2021-04-06 18:41:33,612] {scheduler_job.py:629} INFO - Processing file /Users/garonsmith/Desktop/airflow_study/airflow-etl-explore/.venv/lib/python3.8/site-packages/airflow/example_dags/example_dag_decorator.py for tasks to queue
[2021-04-06 18:41:33,613] {logging_mixin.py:104} INFO - [2021-04-06 18:41:33,613] {dagbag.py:448} INFO - Filling up the DagBag from /Users/garonsmith/Desktop/airflow_study/airflow-etl-explore/.venv/lib/python3.8/site-packages/airflow/example_dags/example_dag_decorator.py
[2021-04-06 18:41:33,618] {scheduler_job.py:639} INFO - DAG(s) dict_keys(['example_dag_decorator']) retrieved from /Users/garonsmith/Desktop/airflow_study/airflow-etl-explore/.venv/lib/python3.8/site-packages/airflow/example_dags/example_dag_decorator.py
[2021-04-06 18:41:33,650] {logging_mixin.py:104} INFO - [2021-04-06 18:41:33,650] {dag.py:1818} INFO - Sync 1 DAGs
[2021-04-06 18:41:33,656] {logging_mixin.py:104} INFO - [2021-04-06 18:41:33,656] {dag.py:2273} INFO - Setting next_dagrun for example_dag_decorator to None
[2021-04-06 18:41:33,661] {scheduler_job.py:190} INFO - Processing /Users/garonsmith/Desktop/airflow_study/airflow-etl-explore/.venv/lib/python3.8/site-packages/airflow/example_dags/example_dag_decorator.py took 0.049 seconds
[2021-04-06 18:42:04,264] {scheduler_job.py:182} INFO - Started process (PID=19276) to work on /Users/garonsmith/Desktop/airflow_study/airflow-etl-explore/.venv/lib/python3.8/site-packages/airflow/example_dags/example_dag_decorator.py
[2021-04-06 18:42:04,264] {scheduler_job.py:629} INFO - Processing file /Users/garonsmith/Desktop/airflow_study/airflow-etl-explore/.venv/lib/python3.8/site-packages/airflow/example_dags/example_dag_decorator.py for tasks to queue
[2021-04-06 18:42:04,264] {logging_mixin.py:104} INFO - [2021-04-06 18:42:04,264] {dagbag.py:448} INFO - Filling up the DagBag from /Users/garonsmith/Desktop/airflow_study/airflow-etl-explore/.venv/lib/python3.8/site-packages/airflow/example_dags/example_dag_decorator.py
[2021-04-06 18:42:04,270] {scheduler_job.py:639} INFO - DAG(s) dict_keys(['example_dag_decorator']) retrieved from /Users/garonsmith/Desktop/airflow_study/airflow-etl-explore/.venv/lib/python3.8/site-packages/airflow/example_dags/example_dag_decorator.py
[2021-04-06 18:42:04,306] {logging_mixin.py:104} INFO - [2021-04-06 18:42:04,306] {dag.py:1818} INFO - Sync 1 DAGs
[2021-04-06 18:42:04,312] {logging_mixin.py:104} INFO - [2021-04-06 18:42:04,312] {dag.py:2273} INFO - Setting next_dagrun for example_dag_decorator to None
[2021-04-06 18:42:04,318] {scheduler_job.py:190} INFO - Processing /Users/garonsmith/Desktop/airflow_study/airflow-etl-explore/.venv/lib/python3.8/site-packages/airflow/example_dags/example_dag_decorator.py took 0.055 seconds
[2021-04-06 18:42:35,628] {scheduler_job.py:182} INFO - Started process (PID=19367) to work on /Users/garonsmith/Desktop/airflow_study/airflow-etl-explore/.venv/lib/python3.8/site-packages/airflow/example_dags/example_dag_decorator.py
[2021-04-06 18:42:35,628] {scheduler_job.py:629} INFO - Processing file /Users/garonsmith/Desktop/airflow_study/airflow-etl-explore/.venv/lib/python3.8/site-packages/airflow/example_dags/example_dag_decorator.py for tasks to queue
[2021-04-06 18:42:35,629] {logging_mixin.py:104} INFO - [2021-04-06 18:42:35,629] {dagbag.py:448} INFO - Filling up the DagBag from /Users/garonsmith/Desktop/airflow_study/airflow-etl-explore/.venv/lib/python3.8/site-packages/airflow/example_dags/example_dag_decorator.py
[2021-04-06 18:42:35,636] {scheduler_job.py:639} INFO - DAG(s) dict_keys(['example_dag_decorator']) retrieved from /Users/garonsmith/Desktop/airflow_study/airflow-etl-explore/.venv/lib/python3.8/site-packages/airflow/example_dags/example_dag_decorator.py
[2021-04-06 18:42:35,683] {logging_mixin.py:104} INFO - [2021-04-06 18:42:35,683] {dag.py:1818} INFO - Sync 1 DAGs
[2021-04-06 18:42:35,705] {logging_mixin.py:104} INFO - [2021-04-06 18:42:35,705] {dag.py:2273} INFO - Setting next_dagrun for example_dag_decorator to None
[2021-04-06 18:42:35,711] {scheduler_job.py:190} INFO - Processing /Users/garonsmith/Desktop/airflow_study/airflow-etl-explore/.venv/lib/python3.8/site-packages/airflow/example_dags/example_dag_decorator.py took 0.084 seconds
[2021-04-06 18:43:06,477] {scheduler_job.py:182} INFO - Started process (PID=19456) to work on /Users/garonsmith/Desktop/airflow_study/airflow-etl-explore/.venv/lib/python3.8/site-packages/airflow/example_dags/example_dag_decorator.py
[2021-04-06 18:43:06,478] {scheduler_job.py:629} INFO - Processing file /Users/garonsmith/Desktop/airflow_study/airflow-etl-explore/.venv/lib/python3.8/site-packages/airflow/example_dags/example_dag_decorator.py for tasks to queue
[2021-04-06 18:43:06,478] {logging_mixin.py:104} INFO - [2021-04-06 18:43:06,478] {dagbag.py:448} INFO - Filling up the DagBag from /Users/garonsmith/Desktop/airflow_study/airflow-etl-explore/.venv/lib/python3.8/site-packages/airflow/example_dags/example_dag_decorator.py
[2021-04-06 18:43:06,484] {scheduler_job.py:639} INFO - DAG(s) dict_keys(['example_dag_decorator']) retrieved from /Users/garonsmith/Desktop/airflow_study/airflow-etl-explore/.venv/lib/python3.8/site-packages/airflow/example_dags/example_dag_decorator.py
[2021-04-06 18:43:06,554] {logging_mixin.py:104} INFO - [2021-04-06 18:43:06,554] {dag.py:1818} INFO - Sync 1 DAGs
[2021-04-06 18:43:06,563] {logging_mixin.py:104} INFO - [2021-04-06 18:43:06,563] {dag.py:2273} INFO - Setting next_dagrun for example_dag_decorator to None
[2021-04-06 18:43:06,569] {scheduler_job.py:190} INFO - Processing /Users/garonsmith/Desktop/airflow_study/airflow-etl-explore/.venv/lib/python3.8/site-packages/airflow/example_dags/example_dag_decorator.py took 0.092 seconds
[2021-04-06 18:43:37,526] {scheduler_job.py:182} INFO - Started process (PID=19571) to work on /Users/garonsmith/Desktop/airflow_study/airflow-etl-explore/.venv/lib/python3.8/site-packages/airflow/example_dags/example_dag_decorator.py
[2021-04-06 18:43:37,527] {scheduler_job.py:629} INFO - Processing file /Users/garonsmith/Desktop/airflow_study/airflow-etl-explore/.venv/lib/python3.8/site-packages/airflow/example_dags/example_dag_decorator.py for tasks to queue
[2021-04-06 18:43:37,527] {logging_mixin.py:104} INFO - [2021-04-06 18:43:37,527] {dagbag.py:448} INFO - Filling up the DagBag from /Users/garonsmith/Desktop/airflow_study/airflow-etl-explore/.venv/lib/python3.8/site-packages/airflow/example_dags/example_dag_decorator.py
[2021-04-06 18:43:37,533] {scheduler_job.py:639} INFO - DAG(s) dict_keys(['example_dag_decorator']) retrieved from /Users/garonsmith/Desktop/airflow_study/airflow-etl-explore/.venv/lib/python3.8/site-packages/airflow/example_dags/example_dag_decorator.py
[2021-04-06 18:43:37,580] {logging_mixin.py:104} INFO - [2021-04-06 18:43:37,580] {dag.py:1818} INFO - Sync 1 DAGs
[2021-04-06 18:43:37,602] {logging_mixin.py:104} INFO - [2021-04-06 18:43:37,602] {dag.py:2273} INFO - Setting next_dagrun for example_dag_decorator to None
[2021-04-06 18:43:37,607] {scheduler_job.py:190} INFO - Processing /Users/garonsmith/Desktop/airflow_study/airflow-etl-explore/.venv/lib/python3.8/site-packages/airflow/example_dags/example_dag_decorator.py took 0.081 seconds
[2021-04-06 18:43:54,480] {scheduler_job.py:182} INFO - Started process (PID=19669) to work on /Users/garonsmith/Desktop/airflow_study/airflow-etl-explore/.venv/lib/python3.8/site-packages/airflow/example_dags/example_dag_decorator.py
[2021-04-06 18:43:54,481] {scheduler_job.py:629} INFO - Processing file /Users/garonsmith/Desktop/airflow_study/airflow-etl-explore/.venv/lib/python3.8/site-packages/airflow/example_dags/example_dag_decorator.py for tasks to queue
[2021-04-06 18:43:54,481] {logging_mixin.py:104} INFO - [2021-04-06 18:43:54,481] {dagbag.py:448} INFO - Filling up the DagBag from /Users/garonsmith/Desktop/airflow_study/airflow-etl-explore/.venv/lib/python3.8/site-packages/airflow/example_dags/example_dag_decorator.py
[2021-04-06 18:43:54,487] {scheduler_job.py:639} INFO - DAG(s) dict_keys(['example_dag_decorator']) retrieved from /Users/garonsmith/Desktop/airflow_study/airflow-etl-explore/.venv/lib/python3.8/site-packages/airflow/example_dags/example_dag_decorator.py
[2021-04-06 18:43:54,510] {logging_mixin.py:104} INFO - [2021-04-06 18:43:54,509] {dag.py:1818} INFO - Sync 1 DAGs
[2021-04-06 18:43:54,531] {logging_mixin.py:104} INFO - [2021-04-06 18:43:54,531] {dag.py:2273} INFO - Setting next_dagrun for example_dag_decorator to None
[2021-04-06 18:43:54,552] {scheduler_job.py:190} INFO - Processing /Users/garonsmith/Desktop/airflow_study/airflow-etl-explore/.venv/lib/python3.8/site-packages/airflow/example_dags/example_dag_decorator.py took 0.072 seconds
[2021-04-06 18:44:25,367] {scheduler_job.py:182} INFO - Started process (PID=19759) to work on /Users/garonsmith/Desktop/airflow_study/airflow-etl-explore/.venv/lib/python3.8/site-packages/airflow/example_dags/example_dag_decorator.py
[2021-04-06 18:44:25,367] {scheduler_job.py:629} INFO - Processing file /Users/garonsmith/Desktop/airflow_study/airflow-etl-explore/.venv/lib/python3.8/site-packages/airflow/example_dags/example_dag_decorator.py for tasks to queue
[2021-04-06 18:44:25,367] {logging_mixin.py:104} INFO - [2021-04-06 18:44:25,367] {dagbag.py:448} INFO - Filling up the DagBag from /Users/garonsmith/Desktop/airflow_study/airflow-etl-explore/.venv/lib/python3.8/site-packages/airflow/example_dags/example_dag_decorator.py
[2021-04-06 18:44:25,373] {scheduler_job.py:639} INFO - DAG(s) dict_keys(['example_dag_decorator']) retrieved from /Users/garonsmith/Desktop/airflow_study/airflow-etl-explore/.venv/lib/python3.8/site-packages/airflow/example_dags/example_dag_decorator.py
[2021-04-06 18:44:25,404] {logging_mixin.py:104} INFO - [2021-04-06 18:44:25,404] {dag.py:1818} INFO - Sync 1 DAGs
[2021-04-06 18:44:25,411] {logging_mixin.py:104} INFO - [2021-04-06 18:44:25,411] {dag.py:2273} INFO - Setting next_dagrun for example_dag_decorator to None
[2021-04-06 18:44:25,417] {scheduler_job.py:190} INFO - Processing /Users/garonsmith/Desktop/airflow_study/airflow-etl-explore/.venv/lib/python3.8/site-packages/airflow/example_dags/example_dag_decorator.py took 0.051 seconds
[2021-04-06 18:44:56,038] {scheduler_job.py:182} INFO - Started process (PID=19844) to work on /Users/garonsmith/Desktop/airflow_study/airflow-etl-explore/.venv/lib/python3.8/site-packages/airflow/example_dags/example_dag_decorator.py
[2021-04-06 18:44:56,039] {scheduler_job.py:629} INFO - Processing file /Users/garonsmith/Desktop/airflow_study/airflow-etl-explore/.venv/lib/python3.8/site-packages/airflow/example_dags/example_dag_decorator.py for tasks to queue
[2021-04-06 18:44:56,039] {logging_mixin.py:104} INFO - [2021-04-06 18:44:56,039] {dagbag.py:448} INFO - Filling up the DagBag from /Users/garonsmith/Desktop/airflow_study/airflow-etl-explore/.venv/lib/python3.8/site-packages/airflow/example_dags/example_dag_decorator.py
[2021-04-06 18:44:56,044] {scheduler_job.py:639} INFO - DAG(s) dict_keys(['example_dag_decorator']) retrieved from /Users/garonsmith/Desktop/airflow_study/airflow-etl-explore/.venv/lib/python3.8/site-packages/airflow/example_dags/example_dag_decorator.py
[2021-04-06 18:44:56,105] {logging_mixin.py:104} INFO - [2021-04-06 18:44:56,104] {dag.py:1818} INFO - Sync 1 DAGs
[2021-04-06 18:44:56,113] {logging_mixin.py:104} INFO - [2021-04-06 18:44:56,113] {dag.py:2273} INFO - Setting next_dagrun for example_dag_decorator to None
[2021-04-06 18:44:56,120] {scheduler_job.py:190} INFO - Processing /Users/garonsmith/Desktop/airflow_study/airflow-etl-explore/.venv/lib/python3.8/site-packages/airflow/example_dags/example_dag_decorator.py took 0.082 seconds
[2021-04-06 18:45:27,650] {scheduler_job.py:182} INFO - Started process (PID=19934) to work on /Users/garonsmith/Desktop/airflow_study/airflow-etl-explore/.venv/lib/python3.8/site-packages/airflow/example_dags/example_dag_decorator.py
[2021-04-06 18:45:27,651] {scheduler_job.py:629} INFO - Processing file /Users/garonsmith/Desktop/airflow_study/airflow-etl-explore/.venv/lib/python3.8/site-packages/airflow/example_dags/example_dag_decorator.py for tasks to queue
[2021-04-06 18:45:27,651] {logging_mixin.py:104} INFO - [2021-04-06 18:45:27,651] {dagbag.py:448} INFO - Filling up the DagBag from /Users/garonsmith/Desktop/airflow_study/airflow-etl-explore/.venv/lib/python3.8/site-packages/airflow/example_dags/example_dag_decorator.py
[2021-04-06 18:45:27,658] {scheduler_job.py:639} INFO - DAG(s) dict_keys(['example_dag_decorator']) retrieved from /Users/garonsmith/Desktop/airflow_study/airflow-etl-explore/.venv/lib/python3.8/site-packages/airflow/example_dags/example_dag_decorator.py
[2021-04-06 18:45:27,706] {logging_mixin.py:104} INFO - [2021-04-06 18:45:27,706] {dag.py:1818} INFO - Sync 1 DAGs
[2021-04-06 18:45:27,714] {logging_mixin.py:104} INFO - [2021-04-06 18:45:27,714] {dag.py:2273} INFO - Setting next_dagrun for example_dag_decorator to None
[2021-04-06 18:45:27,719] {scheduler_job.py:190} INFO - Processing /Users/garonsmith/Desktop/airflow_study/airflow-etl-explore/.venv/lib/python3.8/site-packages/airflow/example_dags/example_dag_decorator.py took 0.070 seconds
[2021-04-06 18:45:58,937] {scheduler_job.py:182} INFO - Started process (PID=20028) to work on /Users/garonsmith/Desktop/airflow_study/airflow-etl-explore/.venv/lib/python3.8/site-packages/airflow/example_dags/example_dag_decorator.py
[2021-04-06 18:45:58,938] {scheduler_job.py:629} INFO - Processing file /Users/garonsmith/Desktop/airflow_study/airflow-etl-explore/.venv/lib/python3.8/site-packages/airflow/example_dags/example_dag_decorator.py for tasks to queue
[2021-04-06 18:45:58,938] {logging_mixin.py:104} INFO - [2021-04-06 18:45:58,938] {dagbag.py:448} INFO - Filling up the DagBag from /Users/garonsmith/Desktop/airflow_study/airflow-etl-explore/.venv/lib/python3.8/site-packages/airflow/example_dags/example_dag_decorator.py
[2021-04-06 18:45:58,945] {scheduler_job.py:639} INFO - DAG(s) dict_keys(['example_dag_decorator']) retrieved from /Users/garonsmith/Desktop/airflow_study/airflow-etl-explore/.venv/lib/python3.8/site-packages/airflow/example_dags/example_dag_decorator.py
[2021-04-06 18:45:58,986] {logging_mixin.py:104} INFO - [2021-04-06 18:45:58,986] {dag.py:1818} INFO - Sync 1 DAGs
[2021-04-06 18:45:59,009] {logging_mixin.py:104} INFO - [2021-04-06 18:45:59,009] {dag.py:2273} INFO - Setting next_dagrun for example_dag_decorator to None
[2021-04-06 18:45:59,014] {scheduler_job.py:190} INFO - Processing /Users/garonsmith/Desktop/airflow_study/airflow-etl-explore/.venv/lib/python3.8/site-packages/airflow/example_dags/example_dag_decorator.py took 0.078 seconds
[2021-04-06 18:46:30,513] {scheduler_job.py:182} INFO - Started process (PID=20125) to work on /Users/garonsmith/Desktop/airflow_study/airflow-etl-explore/.venv/lib/python3.8/site-packages/airflow/example_dags/example_dag_decorator.py
[2021-04-06 18:46:30,514] {scheduler_job.py:629} INFO - Processing file /Users/garonsmith/Desktop/airflow_study/airflow-etl-explore/.venv/lib/python3.8/site-packages/airflow/example_dags/example_dag_decorator.py for tasks to queue
[2021-04-06 18:46:30,514] {logging_mixin.py:104} INFO - [2021-04-06 18:46:30,514] {dagbag.py:448} INFO - Filling up the DagBag from /Users/garonsmith/Desktop/airflow_study/airflow-etl-explore/.venv/lib/python3.8/site-packages/airflow/example_dags/example_dag_decorator.py
[2021-04-06 18:46:30,520] {scheduler_job.py:639} INFO - DAG(s) dict_keys(['example_dag_decorator']) retrieved from /Users/garonsmith/Desktop/airflow_study/airflow-etl-explore/.venv/lib/python3.8/site-packages/airflow/example_dags/example_dag_decorator.py
[2021-04-06 18:46:30,558] {logging_mixin.py:104} INFO - [2021-04-06 18:46:30,558] {dag.py:1818} INFO - Sync 1 DAGs
[2021-04-06 18:46:30,567] {logging_mixin.py:104} INFO - [2021-04-06 18:46:30,567] {dag.py:2273} INFO - Setting next_dagrun for example_dag_decorator to None
[2021-04-06 18:46:30,573] {scheduler_job.py:190} INFO - Processing /Users/garonsmith/Desktop/airflow_study/airflow-etl-explore/.venv/lib/python3.8/site-packages/airflow/example_dags/example_dag_decorator.py took 0.060 seconds
[2021-04-06 18:47:02,316] {scheduler_job.py:182} INFO - Started process (PID=20214) to work on /Users/garonsmith/Desktop/airflow_study/airflow-etl-explore/.venv/lib/python3.8/site-packages/airflow/example_dags/example_dag_decorator.py
[2021-04-06 18:47:02,316] {scheduler_job.py:629} INFO - Processing file /Users/garonsmith/Desktop/airflow_study/airflow-etl-explore/.venv/lib/python3.8/site-packages/airflow/example_dags/example_dag_decorator.py for tasks to queue
[2021-04-06 18:47:02,316] {logging_mixin.py:104} INFO - [2021-04-06 18:47:02,316] {dagbag.py:448} INFO - Filling up the DagBag from /Users/garonsmith/Desktop/airflow_study/airflow-etl-explore/.venv/lib/python3.8/site-packages/airflow/example_dags/example_dag_decorator.py
[2021-04-06 18:47:02,323] {scheduler_job.py:639} INFO - DAG(s) dict_keys(['example_dag_decorator']) retrieved from /Users/garonsmith/Desktop/airflow_study/airflow-etl-explore/.venv/lib/python3.8/site-packages/airflow/example_dags/example_dag_decorator.py
[2021-04-06 18:47:02,358] {logging_mixin.py:104} INFO - [2021-04-06 18:47:02,358] {dag.py:1818} INFO - Sync 1 DAGs
[2021-04-06 18:47:02,365] {logging_mixin.py:104} INFO - [2021-04-06 18:47:02,365] {dag.py:2273} INFO - Setting next_dagrun for example_dag_decorator to None
[2021-04-06 18:47:02,372] {scheduler_job.py:190} INFO - Processing /Users/garonsmith/Desktop/airflow_study/airflow-etl-explore/.venv/lib/python3.8/site-packages/airflow/example_dags/example_dag_decorator.py took 0.057 seconds
[2021-04-06 18:47:33,146] {scheduler_job.py:182} INFO - Started process (PID=20298) to work on /Users/garonsmith/Desktop/airflow_study/airflow-etl-explore/.venv/lib/python3.8/site-packages/airflow/example_dags/example_dag_decorator.py
[2021-04-06 18:47:33,146] {scheduler_job.py:629} INFO - Processing file /Users/garonsmith/Desktop/airflow_study/airflow-etl-explore/.venv/lib/python3.8/site-packages/airflow/example_dags/example_dag_decorator.py for tasks to queue
[2021-04-06 18:47:33,147] {logging_mixin.py:104} INFO - [2021-04-06 18:47:33,147] {dagbag.py:448} INFO - Filling up the DagBag from /Users/garonsmith/Desktop/airflow_study/airflow-etl-explore/.venv/lib/python3.8/site-packages/airflow/example_dags/example_dag_decorator.py
[2021-04-06 18:47:33,152] {scheduler_job.py:639} INFO - DAG(s) dict_keys(['example_dag_decorator']) retrieved from /Users/garonsmith/Desktop/airflow_study/airflow-etl-explore/.venv/lib/python3.8/site-packages/airflow/example_dags/example_dag_decorator.py
[2021-04-06 18:47:33,186] {logging_mixin.py:104} INFO - [2021-04-06 18:47:33,185] {dag.py:1818} INFO - Sync 1 DAGs
[2021-04-06 18:47:33,210] {logging_mixin.py:104} INFO - [2021-04-06 18:47:33,210] {dag.py:2273} INFO - Setting next_dagrun for example_dag_decorator to None
[2021-04-06 18:47:33,217] {scheduler_job.py:190} INFO - Processing /Users/garonsmith/Desktop/airflow_study/airflow-etl-explore/.venv/lib/python3.8/site-packages/airflow/example_dags/example_dag_decorator.py took 0.071 seconds
[2021-04-06 18:48:03,976] {scheduler_job.py:182} INFO - Started process (PID=20384) to work on /Users/garonsmith/Desktop/airflow_study/airflow-etl-explore/.venv/lib/python3.8/site-packages/airflow/example_dags/example_dag_decorator.py
[2021-04-06 18:48:03,977] {scheduler_job.py:629} INFO - Processing file /Users/garonsmith/Desktop/airflow_study/airflow-etl-explore/.venv/lib/python3.8/site-packages/airflow/example_dags/example_dag_decorator.py for tasks to queue
[2021-04-06 18:48:03,977] {logging_mixin.py:104} INFO - [2021-04-06 18:48:03,977] {dagbag.py:448} INFO - Filling up the DagBag from /Users/garonsmith/Desktop/airflow_study/airflow-etl-explore/.venv/lib/python3.8/site-packages/airflow/example_dags/example_dag_decorator.py
[2021-04-06 18:48:03,984] {scheduler_job.py:639} INFO - DAG(s) dict_keys(['example_dag_decorator']) retrieved from /Users/garonsmith/Desktop/airflow_study/airflow-etl-explore/.venv/lib/python3.8/site-packages/airflow/example_dags/example_dag_decorator.py
[2021-04-06 18:48:04,033] {logging_mixin.py:104} INFO - [2021-04-06 18:48:04,033] {dag.py:1818} INFO - Sync 1 DAGs
[2021-04-06 18:48:04,039] {logging_mixin.py:104} INFO - [2021-04-06 18:48:04,039] {dag.py:2273} INFO - Setting next_dagrun for example_dag_decorator to None
[2021-04-06 18:48:04,061] {scheduler_job.py:190} INFO - Processing /Users/garonsmith/Desktop/airflow_study/airflow-etl-explore/.venv/lib/python3.8/site-packages/airflow/example_dags/example_dag_decorator.py took 0.085 seconds
[2021-04-06 18:48:35,698] {scheduler_job.py:182} INFO - Started process (PID=20471) to work on /Users/garonsmith/Desktop/airflow_study/airflow-etl-explore/.venv/lib/python3.8/site-packages/airflow/example_dags/example_dag_decorator.py
[2021-04-06 18:48:35,699] {scheduler_job.py:629} INFO - Processing file /Users/garonsmith/Desktop/airflow_study/airflow-etl-explore/.venv/lib/python3.8/site-packages/airflow/example_dags/example_dag_decorator.py for tasks to queue
[2021-04-06 18:48:35,699] {logging_mixin.py:104} INFO - [2021-04-06 18:48:35,699] {dagbag.py:448} INFO - Filling up the DagBag from /Users/garonsmith/Desktop/airflow_study/airflow-etl-explore/.venv/lib/python3.8/site-packages/airflow/example_dags/example_dag_decorator.py
[2021-04-06 18:48:35,704] {scheduler_job.py:639} INFO - DAG(s) dict_keys(['example_dag_decorator']) retrieved from /Users/garonsmith/Desktop/airflow_study/airflow-etl-explore/.venv/lib/python3.8/site-packages/airflow/example_dags/example_dag_decorator.py
[2021-04-06 18:48:35,735] {logging_mixin.py:104} INFO - [2021-04-06 18:48:35,735] {dag.py:1818} INFO - Sync 1 DAGs
[2021-04-06 18:48:35,741] {logging_mixin.py:104} INFO - [2021-04-06 18:48:35,741] {dag.py:2273} INFO - Setting next_dagrun for example_dag_decorator to None
[2021-04-06 18:48:35,763] {scheduler_job.py:190} INFO - Processing /Users/garonsmith/Desktop/airflow_study/airflow-etl-explore/.venv/lib/python3.8/site-packages/airflow/example_dags/example_dag_decorator.py took 0.065 seconds
[2021-04-06 18:49:06,635] {scheduler_job.py:182} INFO - Started process (PID=20587) to work on /Users/garonsmith/Desktop/airflow_study/airflow-etl-explore/.venv/lib/python3.8/site-packages/airflow/example_dags/example_dag_decorator.py
[2021-04-06 18:49:06,635] {scheduler_job.py:629} INFO - Processing file /Users/garonsmith/Desktop/airflow_study/airflow-etl-explore/.venv/lib/python3.8/site-packages/airflow/example_dags/example_dag_decorator.py for tasks to queue
[2021-04-06 18:49:06,635] {logging_mixin.py:104} INFO - [2021-04-06 18:49:06,635] {dagbag.py:448} INFO - Filling up the DagBag from /Users/garonsmith/Desktop/airflow_study/airflow-etl-explore/.venv/lib/python3.8/site-packages/airflow/example_dags/example_dag_decorator.py
[2021-04-06 18:49:06,643] {scheduler_job.py:639} INFO - DAG(s) dict_keys(['example_dag_decorator']) retrieved from /Users/garonsmith/Desktop/airflow_study/airflow-etl-explore/.venv/lib/python3.8/site-packages/airflow/example_dags/example_dag_decorator.py
[2021-04-06 18:49:06,689] {logging_mixin.py:104} INFO - [2021-04-06 18:49:06,689] {dag.py:1818} INFO - Sync 1 DAGs
[2021-04-06 18:49:06,711] {logging_mixin.py:104} INFO - [2021-04-06 18:49:06,711] {dag.py:2273} INFO - Setting next_dagrun for example_dag_decorator to None
[2021-04-06 18:49:06,717] {scheduler_job.py:190} INFO - Processing /Users/garonsmith/Desktop/airflow_study/airflow-etl-explore/.venv/lib/python3.8/site-packages/airflow/example_dags/example_dag_decorator.py took 0.083 seconds
[2021-04-06 18:49:11,195] {scheduler_job.py:182} INFO - Started process (PID=20646) to work on /Users/garonsmith/Desktop/airflow_study/airflow-etl-explore/.venv/lib/python3.8/site-packages/airflow/example_dags/example_dag_decorator.py
[2021-04-06 18:49:11,196] {scheduler_job.py:629} INFO - Processing file /Users/garonsmith/Desktop/airflow_study/airflow-etl-explore/.venv/lib/python3.8/site-packages/airflow/example_dags/example_dag_decorator.py for tasks to queue
[2021-04-06 18:49:11,196] {logging_mixin.py:104} INFO - [2021-04-06 18:49:11,196] {dagbag.py:448} INFO - Filling up the DagBag from /Users/garonsmith/Desktop/airflow_study/airflow-etl-explore/.venv/lib/python3.8/site-packages/airflow/example_dags/example_dag_decorator.py
[2021-04-06 18:49:11,204] {scheduler_job.py:639} INFO - DAG(s) dict_keys(['example_dag_decorator']) retrieved from /Users/garonsmith/Desktop/airflow_study/airflow-etl-explore/.venv/lib/python3.8/site-packages/airflow/example_dags/example_dag_decorator.py
[2021-04-06 18:49:11,218] {logging_mixin.py:104} INFO - [2021-04-06 18:49:11,217] {dag.py:1818} INFO - Sync 1 DAGs
[2021-04-06 18:49:11,260] {logging_mixin.py:104} INFO - [2021-04-06 18:49:11,260] {dag.py:2273} INFO - Setting next_dagrun for example_dag_decorator to None
[2021-04-06 18:49:11,264] {scheduler_job.py:190} INFO - Processing /Users/garonsmith/Desktop/airflow_study/airflow-etl-explore/.venv/lib/python3.8/site-packages/airflow/example_dags/example_dag_decorator.py took 0.069 seconds
[2021-04-06 18:49:37,896] {scheduler_job.py:182} INFO - Started process (PID=20756) to work on /Users/garonsmith/Desktop/airflow_study/airflow-etl-explore/.venv/lib/python3.8/site-packages/airflow/example_dags/example_dag_decorator.py
[2021-04-06 18:49:37,897] {scheduler_job.py:629} INFO - Processing file /Users/garonsmith/Desktop/airflow_study/airflow-etl-explore/.venv/lib/python3.8/site-packages/airflow/example_dags/example_dag_decorator.py for tasks to queue
[2021-04-06 18:49:37,897] {logging_mixin.py:104} INFO - [2021-04-06 18:49:37,897] {dagbag.py:448} INFO - Filling up the DagBag from /Users/garonsmith/Desktop/airflow_study/airflow-etl-explore/.venv/lib/python3.8/site-packages/airflow/example_dags/example_dag_decorator.py
[2021-04-06 18:49:37,906] {scheduler_job.py:639} INFO - DAG(s) dict_keys(['example_dag_decorator']) retrieved from /Users/garonsmith/Desktop/airflow_study/airflow-etl-explore/.venv/lib/python3.8/site-packages/airflow/example_dags/example_dag_decorator.py
[2021-04-06 18:49:37,941] {logging_mixin.py:104} INFO - [2021-04-06 18:49:37,941] {dag.py:1818} INFO - Sync 1 DAGs
[2021-04-06 18:49:37,965] {logging_mixin.py:104} INFO - [2021-04-06 18:49:37,964] {dag.py:2273} INFO - Setting next_dagrun for example_dag_decorator to None
[2021-04-06 18:49:37,970] {scheduler_job.py:190} INFO - Processing /Users/garonsmith/Desktop/airflow_study/airflow-etl-explore/.venv/lib/python3.8/site-packages/airflow/example_dags/example_dag_decorator.py took 0.075 seconds
[2021-04-06 18:49:43,056] {scheduler_job.py:182} INFO - Started process (PID=20817) to work on /Users/garonsmith/Desktop/airflow_study/airflow-etl-explore/.venv/lib/python3.8/site-packages/airflow/example_dags/example_dag_decorator.py
[2021-04-06 18:49:43,056] {scheduler_job.py:629} INFO - Processing file /Users/garonsmith/Desktop/airflow_study/airflow-etl-explore/.venv/lib/python3.8/site-packages/airflow/example_dags/example_dag_decorator.py for tasks to queue
[2021-04-06 18:49:43,057] {logging_mixin.py:104} INFO - [2021-04-06 18:49:43,057] {dagbag.py:448} INFO - Filling up the DagBag from /Users/garonsmith/Desktop/airflow_study/airflow-etl-explore/.venv/lib/python3.8/site-packages/airflow/example_dags/example_dag_decorator.py
[2021-04-06 18:49:43,063] {scheduler_job.py:639} INFO - DAG(s) dict_keys(['example_dag_decorator']) retrieved from /Users/garonsmith/Desktop/airflow_study/airflow-etl-explore/.venv/lib/python3.8/site-packages/airflow/example_dags/example_dag_decorator.py
[2021-04-06 18:49:43,075] {logging_mixin.py:104} INFO - [2021-04-06 18:49:43,075] {dag.py:1818} INFO - Sync 1 DAGs
[2021-04-06 18:49:43,114] {logging_mixin.py:104} INFO - [2021-04-06 18:49:43,114] {dag.py:2273} INFO - Setting next_dagrun for example_dag_decorator to None
[2021-04-06 18:49:43,119] {scheduler_job.py:190} INFO - Processing /Users/garonsmith/Desktop/airflow_study/airflow-etl-explore/.venv/lib/python3.8/site-packages/airflow/example_dags/example_dag_decorator.py took 0.064 seconds
[2021-04-06 18:50:09,007] {scheduler_job.py:182} INFO - Started process (PID=20933) to work on /Users/garonsmith/Desktop/airflow_study/airflow-etl-explore/.venv/lib/python3.8/site-packages/airflow/example_dags/example_dag_decorator.py
[2021-04-06 18:50:09,008] {scheduler_job.py:629} INFO - Processing file /Users/garonsmith/Desktop/airflow_study/airflow-etl-explore/.venv/lib/python3.8/site-packages/airflow/example_dags/example_dag_decorator.py for tasks to queue
[2021-04-06 18:50:09,008] {logging_mixin.py:104} INFO - [2021-04-06 18:50:09,008] {dagbag.py:448} INFO - Filling up the DagBag from /Users/garonsmith/Desktop/airflow_study/airflow-etl-explore/.venv/lib/python3.8/site-packages/airflow/example_dags/example_dag_decorator.py
[2021-04-06 18:50:09,014] {scheduler_job.py:639} INFO - DAG(s) dict_keys(['example_dag_decorator']) retrieved from /Users/garonsmith/Desktop/airflow_study/airflow-etl-explore/.venv/lib/python3.8/site-packages/airflow/example_dags/example_dag_decorator.py
[2021-04-06 18:50:09,044] {logging_mixin.py:104} INFO - [2021-04-06 18:50:09,044] {dag.py:1818} INFO - Sync 1 DAGs
[2021-04-06 18:50:09,066] {logging_mixin.py:104} INFO - [2021-04-06 18:50:09,066] {dag.py:2273} INFO - Setting next_dagrun for example_dag_decorator to None
[2021-04-06 18:50:09,072] {scheduler_job.py:190} INFO - Processing /Users/garonsmith/Desktop/airflow_study/airflow-etl-explore/.venv/lib/python3.8/site-packages/airflow/example_dags/example_dag_decorator.py took 0.065 seconds
[2021-04-06 18:50:14,521] {scheduler_job.py:182} INFO - Started process (PID=20994) to work on /Users/garonsmith/Desktop/airflow_study/airflow-etl-explore/.venv/lib/python3.8/site-packages/airflow/example_dags/example_dag_decorator.py
[2021-04-06 18:50:14,521] {scheduler_job.py:629} INFO - Processing file /Users/garonsmith/Desktop/airflow_study/airflow-etl-explore/.venv/lib/python3.8/site-packages/airflow/example_dags/example_dag_decorator.py for tasks to queue
[2021-04-06 18:50:14,521] {logging_mixin.py:104} INFO - [2021-04-06 18:50:14,521] {dagbag.py:448} INFO - Filling up the DagBag from /Users/garonsmith/Desktop/airflow_study/airflow-etl-explore/.venv/lib/python3.8/site-packages/airflow/example_dags/example_dag_decorator.py
[2021-04-06 18:50:14,528] {scheduler_job.py:639} INFO - DAG(s) dict_keys(['example_dag_decorator']) retrieved from /Users/garonsmith/Desktop/airflow_study/airflow-etl-explore/.venv/lib/python3.8/site-packages/airflow/example_dags/example_dag_decorator.py
[2021-04-06 18:50:14,541] {logging_mixin.py:104} INFO - [2021-04-06 18:50:14,541] {dag.py:1818} INFO - Sync 1 DAGs
[2021-04-06 18:50:14,565] {logging_mixin.py:104} INFO - [2021-04-06 18:50:14,565] {dag.py:2273} INFO - Setting next_dagrun for example_dag_decorator to None
[2021-04-06 18:50:14,569] {scheduler_job.py:190} INFO - Processing /Users/garonsmith/Desktop/airflow_study/airflow-etl-explore/.venv/lib/python3.8/site-packages/airflow/example_dags/example_dag_decorator.py took 0.049 seconds
[2021-04-06 18:50:40,534] {scheduler_job.py:182} INFO - Started process (PID=21101) to work on /Users/garonsmith/Desktop/airflow_study/airflow-etl-explore/.venv/lib/python3.8/site-packages/airflow/example_dags/example_dag_decorator.py
[2021-04-06 18:50:40,534] {scheduler_job.py:629} INFO - Processing file /Users/garonsmith/Desktop/airflow_study/airflow-etl-explore/.venv/lib/python3.8/site-packages/airflow/example_dags/example_dag_decorator.py for tasks to queue
[2021-04-06 18:50:40,534] {logging_mixin.py:104} INFO - [2021-04-06 18:50:40,534] {dagbag.py:448} INFO - Filling up the DagBag from /Users/garonsmith/Desktop/airflow_study/airflow-etl-explore/.venv/lib/python3.8/site-packages/airflow/example_dags/example_dag_decorator.py
[2021-04-06 18:50:40,540] {scheduler_job.py:639} INFO - DAG(s) dict_keys(['example_dag_decorator']) retrieved from /Users/garonsmith/Desktop/airflow_study/airflow-etl-explore/.venv/lib/python3.8/site-packages/airflow/example_dags/example_dag_decorator.py
[2021-04-06 18:50:40,612] {logging_mixin.py:104} INFO - [2021-04-06 18:50:40,612] {dag.py:1818} INFO - Sync 1 DAGs
[2021-04-06 18:50:40,619] {logging_mixin.py:104} INFO - [2021-04-06 18:50:40,619] {dag.py:2273} INFO - Setting next_dagrun for example_dag_decorator to None
[2021-04-06 18:50:40,626] {scheduler_job.py:190} INFO - Processing /Users/garonsmith/Desktop/airflow_study/airflow-etl-explore/.venv/lib/python3.8/site-packages/airflow/example_dags/example_dag_decorator.py took 0.093 seconds
[2021-04-06 18:50:46,235] {scheduler_job.py:182} INFO - Started process (PID=21160) to work on /Users/garonsmith/Desktop/airflow_study/airflow-etl-explore/.venv/lib/python3.8/site-packages/airflow/example_dags/example_dag_decorator.py
[2021-04-06 18:50:46,236] {scheduler_job.py:629} INFO - Processing file /Users/garonsmith/Desktop/airflow_study/airflow-etl-explore/.venv/lib/python3.8/site-packages/airflow/example_dags/example_dag_decorator.py for tasks to queue
[2021-04-06 18:50:46,236] {logging_mixin.py:104} INFO - [2021-04-06 18:50:46,236] {dagbag.py:448} INFO - Filling up the DagBag from /Users/garonsmith/Desktop/airflow_study/airflow-etl-explore/.venv/lib/python3.8/site-packages/airflow/example_dags/example_dag_decorator.py
[2021-04-06 18:50:46,242] {scheduler_job.py:639} INFO - DAG(s) dict_keys(['example_dag_decorator']) retrieved from /Users/garonsmith/Desktop/airflow_study/airflow-etl-explore/.venv/lib/python3.8/site-packages/airflow/example_dags/example_dag_decorator.py
[2021-04-06 18:50:46,272] {logging_mixin.py:104} INFO - [2021-04-06 18:50:46,272] {dag.py:1818} INFO - Sync 1 DAGs
[2021-04-06 18:50:46,314] {logging_mixin.py:104} INFO - [2021-04-06 18:50:46,314] {dag.py:2273} INFO - Setting next_dagrun for example_dag_decorator to None
[2021-04-06 18:50:46,319] {scheduler_job.py:190} INFO - Processing /Users/garonsmith/Desktop/airflow_study/airflow-etl-explore/.venv/lib/python3.8/site-packages/airflow/example_dags/example_dag_decorator.py took 0.085 seconds
[2021-04-06 18:51:11,512] {scheduler_job.py:182} INFO - Started process (PID=21269) to work on /Users/garonsmith/Desktop/airflow_study/airflow-etl-explore/.venv/lib/python3.8/site-packages/airflow/example_dags/example_dag_decorator.py
[2021-04-06 18:51:11,512] {scheduler_job.py:629} INFO - Processing file /Users/garonsmith/Desktop/airflow_study/airflow-etl-explore/.venv/lib/python3.8/site-packages/airflow/example_dags/example_dag_decorator.py for tasks to queue
[2021-04-06 18:51:11,512] {logging_mixin.py:104} INFO - [2021-04-06 18:51:11,512] {dagbag.py:448} INFO - Filling up the DagBag from /Users/garonsmith/Desktop/airflow_study/airflow-etl-explore/.venv/lib/python3.8/site-packages/airflow/example_dags/example_dag_decorator.py
[2021-04-06 18:51:11,519] {scheduler_job.py:639} INFO - DAG(s) dict_keys(['example_dag_decorator']) retrieved from /Users/garonsmith/Desktop/airflow_study/airflow-etl-explore/.venv/lib/python3.8/site-packages/airflow/example_dags/example_dag_decorator.py
[2021-04-06 18:51:11,564] {logging_mixin.py:104} INFO - [2021-04-06 18:51:11,564] {dag.py:1818} INFO - Sync 1 DAGs
[2021-04-06 18:51:11,573] {logging_mixin.py:104} INFO - [2021-04-06 18:51:11,573] {dag.py:2273} INFO - Setting next_dagrun for example_dag_decorator to None
[2021-04-06 18:51:11,580] {scheduler_job.py:190} INFO - Processing /Users/garonsmith/Desktop/airflow_study/airflow-etl-explore/.venv/lib/python3.8/site-packages/airflow/example_dags/example_dag_decorator.py took 0.069 seconds
[2021-04-06 18:51:17,945] {scheduler_job.py:182} INFO - Started process (PID=21327) to work on /Users/garonsmith/Desktop/airflow_study/airflow-etl-explore/.venv/lib/python3.8/site-packages/airflow/example_dags/example_dag_decorator.py
[2021-04-06 18:51:17,945] {scheduler_job.py:629} INFO - Processing file /Users/garonsmith/Desktop/airflow_study/airflow-etl-explore/.venv/lib/python3.8/site-packages/airflow/example_dags/example_dag_decorator.py for tasks to queue
[2021-04-06 18:51:17,945] {logging_mixin.py:104} INFO - [2021-04-06 18:51:17,945] {dagbag.py:448} INFO - Filling up the DagBag from /Users/garonsmith/Desktop/airflow_study/airflow-etl-explore/.venv/lib/python3.8/site-packages/airflow/example_dags/example_dag_decorator.py
[2021-04-06 18:51:17,951] {scheduler_job.py:639} INFO - DAG(s) dict_keys(['example_dag_decorator']) retrieved from /Users/garonsmith/Desktop/airflow_study/airflow-etl-explore/.venv/lib/python3.8/site-packages/airflow/example_dags/example_dag_decorator.py
[2021-04-06 18:51:17,970] {logging_mixin.py:104} INFO - [2021-04-06 18:51:17,970] {dag.py:1818} INFO - Sync 1 DAGs
[2021-04-06 18:51:17,993] {logging_mixin.py:104} INFO - [2021-04-06 18:51:17,993] {dag.py:2273} INFO - Setting next_dagrun for example_dag_decorator to None
[2021-04-06 18:51:18,014] {scheduler_job.py:190} INFO - Processing /Users/garonsmith/Desktop/airflow_study/airflow-etl-explore/.venv/lib/python3.8/site-packages/airflow/example_dags/example_dag_decorator.py took 0.070 seconds
[2021-04-06 18:51:43,317] {scheduler_job.py:182} INFO - Started process (PID=21440) to work on /Users/garonsmith/Desktop/airflow_study/airflow-etl-explore/.venv/lib/python3.8/site-packages/airflow/example_dags/example_dag_decorator.py
[2021-04-06 18:51:43,318] {scheduler_job.py:629} INFO - Processing file /Users/garonsmith/Desktop/airflow_study/airflow-etl-explore/.venv/lib/python3.8/site-packages/airflow/example_dags/example_dag_decorator.py for tasks to queue
[2021-04-06 18:51:43,318] {logging_mixin.py:104} INFO - [2021-04-06 18:51:43,318] {dagbag.py:448} INFO - Filling up the DagBag from /Users/garonsmith/Desktop/airflow_study/airflow-etl-explore/.venv/lib/python3.8/site-packages/airflow/example_dags/example_dag_decorator.py
[2021-04-06 18:51:43,327] {scheduler_job.py:639} INFO - DAG(s) dict_keys(['example_dag_decorator']) retrieved from /Users/garonsmith/Desktop/airflow_study/airflow-etl-explore/.venv/lib/python3.8/site-packages/airflow/example_dags/example_dag_decorator.py
[2021-04-06 18:51:43,365] {logging_mixin.py:104} INFO - [2021-04-06 18:51:43,365] {dag.py:1818} INFO - Sync 1 DAGs
[2021-04-06 18:51:43,373] {logging_mixin.py:104} INFO - [2021-04-06 18:51:43,373] {dag.py:2273} INFO - Setting next_dagrun for example_dag_decorator to None
[2021-04-06 18:51:43,379] {scheduler_job.py:190} INFO - Processing /Users/garonsmith/Desktop/airflow_study/airflow-etl-explore/.venv/lib/python3.8/site-packages/airflow/example_dags/example_dag_decorator.py took 0.062 seconds
[2021-04-06 18:51:48,921] {scheduler_job.py:182} INFO - Started process (PID=21492) to work on /Users/garonsmith/Desktop/airflow_study/airflow-etl-explore/.venv/lib/python3.8/site-packages/airflow/example_dags/example_dag_decorator.py
[2021-04-06 18:51:48,921] {scheduler_job.py:629} INFO - Processing file /Users/garonsmith/Desktop/airflow_study/airflow-etl-explore/.venv/lib/python3.8/site-packages/airflow/example_dags/example_dag_decorator.py for tasks to queue
[2021-04-06 18:51:48,922] {logging_mixin.py:104} INFO - [2021-04-06 18:51:48,922] {dagbag.py:448} INFO - Filling up the DagBag from /Users/garonsmith/Desktop/airflow_study/airflow-etl-explore/.venv/lib/python3.8/site-packages/airflow/example_dags/example_dag_decorator.py
[2021-04-06 18:51:48,928] {scheduler_job.py:639} INFO - DAG(s) dict_keys(['example_dag_decorator']) retrieved from /Users/garonsmith/Desktop/airflow_study/airflow-etl-explore/.venv/lib/python3.8/site-packages/airflow/example_dags/example_dag_decorator.py
[2021-04-06 18:51:48,940] {logging_mixin.py:104} INFO - [2021-04-06 18:51:48,940] {dag.py:1818} INFO - Sync 1 DAGs
[2021-04-06 18:51:48,967] {logging_mixin.py:104} INFO - [2021-04-06 18:51:48,966] {dag.py:2273} INFO - Setting next_dagrun for example_dag_decorator to None
[2021-04-06 18:51:48,970] {scheduler_job.py:190} INFO - Processing /Users/garonsmith/Desktop/airflow_study/airflow-etl-explore/.venv/lib/python3.8/site-packages/airflow/example_dags/example_dag_decorator.py took 0.050 seconds
[2021-04-06 18:52:14,491] {scheduler_job.py:182} INFO - Started process (PID=21593) to work on /Users/garonsmith/Desktop/airflow_study/airflow-etl-explore/.venv/lib/python3.8/site-packages/airflow/example_dags/example_dag_decorator.py
[2021-04-06 18:52:14,491] {scheduler_job.py:629} INFO - Processing file /Users/garonsmith/Desktop/airflow_study/airflow-etl-explore/.venv/lib/python3.8/site-packages/airflow/example_dags/example_dag_decorator.py for tasks to queue
[2021-04-06 18:52:14,491] {logging_mixin.py:104} INFO - [2021-04-06 18:52:14,491] {dagbag.py:448} INFO - Filling up the DagBag from /Users/garonsmith/Desktop/airflow_study/airflow-etl-explore/.venv/lib/python3.8/site-packages/airflow/example_dags/example_dag_decorator.py
[2021-04-06 18:52:14,497] {scheduler_job.py:639} INFO - DAG(s) dict_keys(['example_dag_decorator']) retrieved from /Users/garonsmith/Desktop/airflow_study/airflow-etl-explore/.venv/lib/python3.8/site-packages/airflow/example_dags/example_dag_decorator.py
[2021-04-06 18:52:14,545] {logging_mixin.py:104} INFO - [2021-04-06 18:52:14,545] {dag.py:1818} INFO - Sync 1 DAGs
[2021-04-06 18:52:14,569] {logging_mixin.py:104} INFO - [2021-04-06 18:52:14,568] {dag.py:2273} INFO - Setting next_dagrun for example_dag_decorator to None
[2021-04-06 18:52:14,578] {scheduler_job.py:190} INFO - Processing /Users/garonsmith/Desktop/airflow_study/airflow-etl-explore/.venv/lib/python3.8/site-packages/airflow/example_dags/example_dag_decorator.py took 0.087 seconds
[2021-04-06 18:52:45,583] {scheduler_job.py:182} INFO - Started process (PID=21682) to work on /Users/garonsmith/Desktop/airflow_study/airflow-etl-explore/.venv/lib/python3.8/site-packages/airflow/example_dags/example_dag_decorator.py
[2021-04-06 18:52:45,583] {scheduler_job.py:629} INFO - Processing file /Users/garonsmith/Desktop/airflow_study/airflow-etl-explore/.venv/lib/python3.8/site-packages/airflow/example_dags/example_dag_decorator.py for tasks to queue
[2021-04-06 18:52:45,584] {logging_mixin.py:104} INFO - [2021-04-06 18:52:45,583] {dagbag.py:448} INFO - Filling up the DagBag from /Users/garonsmith/Desktop/airflow_study/airflow-etl-explore/.venv/lib/python3.8/site-packages/airflow/example_dags/example_dag_decorator.py
[2021-04-06 18:52:45,590] {scheduler_job.py:639} INFO - DAG(s) dict_keys(['example_dag_decorator']) retrieved from /Users/garonsmith/Desktop/airflow_study/airflow-etl-explore/.venv/lib/python3.8/site-packages/airflow/example_dags/example_dag_decorator.py
[2021-04-06 18:52:45,641] {logging_mixin.py:104} INFO - [2021-04-06 18:52:45,641] {dag.py:1818} INFO - Sync 1 DAGs
[2021-04-06 18:52:45,664] {logging_mixin.py:104} INFO - [2021-04-06 18:52:45,664] {dag.py:2273} INFO - Setting next_dagrun for example_dag_decorator to None
[2021-04-06 18:52:45,670] {scheduler_job.py:190} INFO - Processing /Users/garonsmith/Desktop/airflow_study/airflow-etl-explore/.venv/lib/python3.8/site-packages/airflow/example_dags/example_dag_decorator.py took 0.088 seconds
[2021-04-06 18:53:16,291] {scheduler_job.py:182} INFO - Started process (PID=21770) to work on /Users/garonsmith/Desktop/airflow_study/airflow-etl-explore/.venv/lib/python3.8/site-packages/airflow/example_dags/example_dag_decorator.py
[2021-04-06 18:53:16,292] {scheduler_job.py:629} INFO - Processing file /Users/garonsmith/Desktop/airflow_study/airflow-etl-explore/.venv/lib/python3.8/site-packages/airflow/example_dags/example_dag_decorator.py for tasks to queue
[2021-04-06 18:53:16,292] {logging_mixin.py:104} INFO - [2021-04-06 18:53:16,292] {dagbag.py:448} INFO - Filling up the DagBag from /Users/garonsmith/Desktop/airflow_study/airflow-etl-explore/.venv/lib/python3.8/site-packages/airflow/example_dags/example_dag_decorator.py
[2021-04-06 18:53:16,298] {scheduler_job.py:639} INFO - DAG(s) dict_keys(['example_dag_decorator']) retrieved from /Users/garonsmith/Desktop/airflow_study/airflow-etl-explore/.venv/lib/python3.8/site-packages/airflow/example_dags/example_dag_decorator.py
[2021-04-06 18:53:16,369] {logging_mixin.py:104} INFO - [2021-04-06 18:53:16,368] {dag.py:1818} INFO - Sync 1 DAGs
[2021-04-06 18:53:16,378] {logging_mixin.py:104} INFO - [2021-04-06 18:53:16,377] {dag.py:2273} INFO - Setting next_dagrun for example_dag_decorator to None
[2021-04-06 18:53:16,384] {scheduler_job.py:190} INFO - Processing /Users/garonsmith/Desktop/airflow_study/airflow-etl-explore/.venv/lib/python3.8/site-packages/airflow/example_dags/example_dag_decorator.py took 0.093 seconds
[2021-04-06 18:53:47,125] {scheduler_job.py:182} INFO - Started process (PID=21876) to work on /Users/garonsmith/Desktop/airflow_study/airflow-etl-explore/.venv/lib/python3.8/site-packages/airflow/example_dags/example_dag_decorator.py
[2021-04-06 18:53:47,125] {scheduler_job.py:629} INFO - Processing file /Users/garonsmith/Desktop/airflow_study/airflow-etl-explore/.venv/lib/python3.8/site-packages/airflow/example_dags/example_dag_decorator.py for tasks to queue
[2021-04-06 18:53:47,126] {logging_mixin.py:104} INFO - [2021-04-06 18:53:47,125] {dagbag.py:448} INFO - Filling up the DagBag from /Users/garonsmith/Desktop/airflow_study/airflow-etl-explore/.venv/lib/python3.8/site-packages/airflow/example_dags/example_dag_decorator.py
[2021-04-06 18:53:47,131] {scheduler_job.py:639} INFO - DAG(s) dict_keys(['example_dag_decorator']) retrieved from /Users/garonsmith/Desktop/airflow_study/airflow-etl-explore/.venv/lib/python3.8/site-packages/airflow/example_dags/example_dag_decorator.py
[2021-04-06 18:53:47,168] {logging_mixin.py:104} INFO - [2021-04-06 18:53:47,167] {dag.py:1818} INFO - Sync 1 DAGs
[2021-04-06 18:53:47,176] {logging_mixin.py:104} INFO - [2021-04-06 18:53:47,176] {dag.py:2273} INFO - Setting next_dagrun for example_dag_decorator to None
[2021-04-06 18:53:47,184] {scheduler_job.py:190} INFO - Processing /Users/garonsmith/Desktop/airflow_study/airflow-etl-explore/.venv/lib/python3.8/site-packages/airflow/example_dags/example_dag_decorator.py took 0.060 seconds
