[2021-04-06 18:36:15,332] {scheduler_job.py:182} INFO - Started process (PID=17386) to work on /Users/garonsmith/Desktop/airflow_study/airflow-etl-explore/.venv/lib/python3.8/site-packages/airflow/example_dags/example_short_circuit_operator.py
[2021-04-06 18:36:15,332] {scheduler_job.py:629} INFO - Processing file /Users/garonsmith/Desktop/airflow_study/airflow-etl-explore/.venv/lib/python3.8/site-packages/airflow/example_dags/example_short_circuit_operator.py for tasks to queue
[2021-04-06 18:36:15,332] {logging_mixin.py:104} INFO - [2021-04-06 18:36:15,332] {dagbag.py:448} INFO - Filling up the DagBag from /Users/garonsmith/Desktop/airflow_study/airflow-etl-explore/.venv/lib/python3.8/site-packages/airflow/example_dags/example_short_circuit_operator.py
[2021-04-06 18:36:15,337] {scheduler_job.py:639} INFO - DAG(s) dict_keys(['example_short_circuit_operator']) retrieved from /Users/garonsmith/Desktop/airflow_study/airflow-etl-explore/.venv/lib/python3.8/site-packages/airflow/example_dags/example_short_circuit_operator.py
[2021-04-06 18:36:15,368] {logging_mixin.py:104} INFO - [2021-04-06 18:36:15,368] {dag.py:1818} INFO - Sync 1 DAGs
[2021-04-06 18:36:15,374] {logging_mixin.py:104} INFO - [2021-04-06 18:36:15,374] {dag.py:2273} INFO - Setting next_dagrun for example_short_circuit_operator to 2021-04-04 00:00:00+00:00
[2021-04-06 18:36:15,378] {scheduler_job.py:190} INFO - Processing /Users/garonsmith/Desktop/airflow_study/airflow-etl-explore/.venv/lib/python3.8/site-packages/airflow/example_dags/example_short_circuit_operator.py took 0.047 seconds
[2021-04-06 18:36:46,172] {scheduler_job.py:182} INFO - Started process (PID=17474) to work on /Users/garonsmith/Desktop/airflow_study/airflow-etl-explore/.venv/lib/python3.8/site-packages/airflow/example_dags/example_short_circuit_operator.py
[2021-04-06 18:36:46,172] {scheduler_job.py:629} INFO - Processing file /Users/garonsmith/Desktop/airflow_study/airflow-etl-explore/.venv/lib/python3.8/site-packages/airflow/example_dags/example_short_circuit_operator.py for tasks to queue
[2021-04-06 18:36:46,172] {logging_mixin.py:104} INFO - [2021-04-06 18:36:46,172] {dagbag.py:448} INFO - Filling up the DagBag from /Users/garonsmith/Desktop/airflow_study/airflow-etl-explore/.venv/lib/python3.8/site-packages/airflow/example_dags/example_short_circuit_operator.py
[2021-04-06 18:36:46,178] {scheduler_job.py:639} INFO - DAG(s) dict_keys(['example_short_circuit_operator']) retrieved from /Users/garonsmith/Desktop/airflow_study/airflow-etl-explore/.venv/lib/python3.8/site-packages/airflow/example_dags/example_short_circuit_operator.py
[2021-04-06 18:36:46,207] {logging_mixin.py:104} INFO - [2021-04-06 18:36:46,207] {dag.py:1818} INFO - Sync 1 DAGs
[2021-04-06 18:36:46,213] {logging_mixin.py:104} INFO - [2021-04-06 18:36:46,213] {dag.py:2273} INFO - Setting next_dagrun for example_short_circuit_operator to 2021-04-04 00:00:00+00:00
[2021-04-06 18:36:46,219] {scheduler_job.py:190} INFO - Processing /Users/garonsmith/Desktop/airflow_study/airflow-etl-explore/.venv/lib/python3.8/site-packages/airflow/example_dags/example_short_circuit_operator.py took 0.048 seconds
[2021-04-06 18:37:17,366] {scheduler_job.py:182} INFO - Started process (PID=18371) to work on /Users/garonsmith/Desktop/airflow_study/airflow-etl-explore/.venv/lib/python3.8/site-packages/airflow/example_dags/example_short_circuit_operator.py
[2021-04-06 18:37:17,366] {scheduler_job.py:629} INFO - Processing file /Users/garonsmith/Desktop/airflow_study/airflow-etl-explore/.venv/lib/python3.8/site-packages/airflow/example_dags/example_short_circuit_operator.py for tasks to queue
[2021-04-06 18:37:17,367] {logging_mixin.py:104} INFO - [2021-04-06 18:37:17,367] {dagbag.py:448} INFO - Filling up the DagBag from /Users/garonsmith/Desktop/airflow_study/airflow-etl-explore/.venv/lib/python3.8/site-packages/airflow/example_dags/example_short_circuit_operator.py
[2021-04-06 18:37:17,372] {scheduler_job.py:639} INFO - DAG(s) dict_keys(['example_short_circuit_operator']) retrieved from /Users/garonsmith/Desktop/airflow_study/airflow-etl-explore/.venv/lib/python3.8/site-packages/airflow/example_dags/example_short_circuit_operator.py
[2021-04-06 18:37:17,399] {logging_mixin.py:104} INFO - [2021-04-06 18:37:17,399] {dag.py:1818} INFO - Sync 1 DAGs
[2021-04-06 18:37:17,406] {logging_mixin.py:104} INFO - [2021-04-06 18:37:17,406] {dag.py:2273} INFO - Setting next_dagrun for example_short_circuit_operator to 2021-04-04 00:00:00+00:00
[2021-04-06 18:37:17,410] {scheduler_job.py:190} INFO - Processing /Users/garonsmith/Desktop/airflow_study/airflow-etl-explore/.venv/lib/python3.8/site-packages/airflow/example_dags/example_short_circuit_operator.py took 0.045 seconds
[2021-04-06 18:37:49,010] {scheduler_job.py:182} INFO - Started process (PID=18457) to work on /Users/garonsmith/Desktop/airflow_study/airflow-etl-explore/.venv/lib/python3.8/site-packages/airflow/example_dags/example_short_circuit_operator.py
[2021-04-06 18:37:49,010] {scheduler_job.py:629} INFO - Processing file /Users/garonsmith/Desktop/airflow_study/airflow-etl-explore/.venv/lib/python3.8/site-packages/airflow/example_dags/example_short_circuit_operator.py for tasks to queue
[2021-04-06 18:37:49,010] {logging_mixin.py:104} INFO - [2021-04-06 18:37:49,010] {dagbag.py:448} INFO - Filling up the DagBag from /Users/garonsmith/Desktop/airflow_study/airflow-etl-explore/.venv/lib/python3.8/site-packages/airflow/example_dags/example_short_circuit_operator.py
[2021-04-06 18:37:49,015] {scheduler_job.py:639} INFO - DAG(s) dict_keys(['example_short_circuit_operator']) retrieved from /Users/garonsmith/Desktop/airflow_study/airflow-etl-explore/.venv/lib/python3.8/site-packages/airflow/example_dags/example_short_circuit_operator.py
[2021-04-06 18:37:49,045] {logging_mixin.py:104} INFO - [2021-04-06 18:37:49,045] {dag.py:1818} INFO - Sync 1 DAGs
[2021-04-06 18:37:49,051] {logging_mixin.py:104} INFO - [2021-04-06 18:37:49,051] {dag.py:2273} INFO - Setting next_dagrun for example_short_circuit_operator to 2021-04-04 00:00:00+00:00
[2021-04-06 18:37:49,054] {scheduler_job.py:190} INFO - Processing /Users/garonsmith/Desktop/airflow_study/airflow-etl-explore/.venv/lib/python3.8/site-packages/airflow/example_dags/example_short_circuit_operator.py took 0.045 seconds
[2021-04-06 18:38:20,017] {scheduler_job.py:182} INFO - Started process (PID=18545) to work on /Users/garonsmith/Desktop/airflow_study/airflow-etl-explore/.venv/lib/python3.8/site-packages/airflow/example_dags/example_short_circuit_operator.py
[2021-04-06 18:38:20,017] {scheduler_job.py:629} INFO - Processing file /Users/garonsmith/Desktop/airflow_study/airflow-etl-explore/.venv/lib/python3.8/site-packages/airflow/example_dags/example_short_circuit_operator.py for tasks to queue
[2021-04-06 18:38:20,018] {logging_mixin.py:104} INFO - [2021-04-06 18:38:20,018] {dagbag.py:448} INFO - Filling up the DagBag from /Users/garonsmith/Desktop/airflow_study/airflow-etl-explore/.venv/lib/python3.8/site-packages/airflow/example_dags/example_short_circuit_operator.py
[2021-04-06 18:38:20,022] {scheduler_job.py:639} INFO - DAG(s) dict_keys(['example_short_circuit_operator']) retrieved from /Users/garonsmith/Desktop/airflow_study/airflow-etl-explore/.venv/lib/python3.8/site-packages/airflow/example_dags/example_short_circuit_operator.py
[2021-04-06 18:38:20,054] {logging_mixin.py:104} INFO - [2021-04-06 18:38:20,054] {dag.py:1818} INFO - Sync 1 DAGs
[2021-04-06 18:38:20,060] {logging_mixin.py:104} INFO - [2021-04-06 18:38:20,060] {dag.py:2273} INFO - Setting next_dagrun for example_short_circuit_operator to 2021-04-04 00:00:00+00:00
[2021-04-06 18:38:20,066] {scheduler_job.py:190} INFO - Processing /Users/garonsmith/Desktop/airflow_study/airflow-etl-explore/.venv/lib/python3.8/site-packages/airflow/example_dags/example_short_circuit_operator.py took 0.049 seconds
[2021-04-06 18:38:51,143] {scheduler_job.py:182} INFO - Started process (PID=18639) to work on /Users/garonsmith/Desktop/airflow_study/airflow-etl-explore/.venv/lib/python3.8/site-packages/airflow/example_dags/example_short_circuit_operator.py
[2021-04-06 18:38:51,143] {scheduler_job.py:629} INFO - Processing file /Users/garonsmith/Desktop/airflow_study/airflow-etl-explore/.venv/lib/python3.8/site-packages/airflow/example_dags/example_short_circuit_operator.py for tasks to queue
[2021-04-06 18:38:51,143] {logging_mixin.py:104} INFO - [2021-04-06 18:38:51,143] {dagbag.py:448} INFO - Filling up the DagBag from /Users/garonsmith/Desktop/airflow_study/airflow-etl-explore/.venv/lib/python3.8/site-packages/airflow/example_dags/example_short_circuit_operator.py
[2021-04-06 18:38:51,148] {scheduler_job.py:639} INFO - DAG(s) dict_keys(['example_short_circuit_operator']) retrieved from /Users/garonsmith/Desktop/airflow_study/airflow-etl-explore/.venv/lib/python3.8/site-packages/airflow/example_dags/example_short_circuit_operator.py
[2021-04-06 18:38:51,188] {logging_mixin.py:104} INFO - [2021-04-06 18:38:51,187] {dag.py:1818} INFO - Sync 1 DAGs
[2021-04-06 18:38:51,194] {logging_mixin.py:104} INFO - [2021-04-06 18:38:51,194] {dag.py:2273} INFO - Setting next_dagrun for example_short_circuit_operator to 2021-04-04 00:00:00+00:00
[2021-04-06 18:38:51,198] {scheduler_job.py:190} INFO - Processing /Users/garonsmith/Desktop/airflow_study/airflow-etl-explore/.venv/lib/python3.8/site-packages/airflow/example_dags/example_short_circuit_operator.py took 0.056 seconds
[2021-04-06 18:39:22,516] {scheduler_job.py:182} INFO - Started process (PID=18734) to work on /Users/garonsmith/Desktop/airflow_study/airflow-etl-explore/.venv/lib/python3.8/site-packages/airflow/example_dags/example_short_circuit_operator.py
[2021-04-06 18:39:22,517] {scheduler_job.py:629} INFO - Processing file /Users/garonsmith/Desktop/airflow_study/airflow-etl-explore/.venv/lib/python3.8/site-packages/airflow/example_dags/example_short_circuit_operator.py for tasks to queue
[2021-04-06 18:39:22,517] {logging_mixin.py:104} INFO - [2021-04-06 18:39:22,517] {dagbag.py:448} INFO - Filling up the DagBag from /Users/garonsmith/Desktop/airflow_study/airflow-etl-explore/.venv/lib/python3.8/site-packages/airflow/example_dags/example_short_circuit_operator.py
[2021-04-06 18:39:22,522] {scheduler_job.py:639} INFO - DAG(s) dict_keys(['example_short_circuit_operator']) retrieved from /Users/garonsmith/Desktop/airflow_study/airflow-etl-explore/.venv/lib/python3.8/site-packages/airflow/example_dags/example_short_circuit_operator.py
[2021-04-06 18:39:22,566] {logging_mixin.py:104} INFO - [2021-04-06 18:39:22,566] {dag.py:1818} INFO - Sync 1 DAGs
[2021-04-06 18:39:22,572] {logging_mixin.py:104} INFO - [2021-04-06 18:39:22,572] {dag.py:2273} INFO - Setting next_dagrun for example_short_circuit_operator to 2021-04-04 00:00:00+00:00
[2021-04-06 18:39:22,577] {scheduler_job.py:190} INFO - Processing /Users/garonsmith/Desktop/airflow_study/airflow-etl-explore/.venv/lib/python3.8/site-packages/airflow/example_dags/example_short_circuit_operator.py took 0.061 seconds
[2021-04-06 18:39:53,667] {scheduler_job.py:182} INFO - Started process (PID=18846) to work on /Users/garonsmith/Desktop/airflow_study/airflow-etl-explore/.venv/lib/python3.8/site-packages/airflow/example_dags/example_short_circuit_operator.py
[2021-04-06 18:39:53,667] {scheduler_job.py:629} INFO - Processing file /Users/garonsmith/Desktop/airflow_study/airflow-etl-explore/.venv/lib/python3.8/site-packages/airflow/example_dags/example_short_circuit_operator.py for tasks to queue
[2021-04-06 18:39:53,667] {logging_mixin.py:104} INFO - [2021-04-06 18:39:53,667] {dagbag.py:448} INFO - Filling up the DagBag from /Users/garonsmith/Desktop/airflow_study/airflow-etl-explore/.venv/lib/python3.8/site-packages/airflow/example_dags/example_short_circuit_operator.py
[2021-04-06 18:39:53,673] {scheduler_job.py:639} INFO - DAG(s) dict_keys(['example_short_circuit_operator']) retrieved from /Users/garonsmith/Desktop/airflow_study/airflow-etl-explore/.venv/lib/python3.8/site-packages/airflow/example_dags/example_short_circuit_operator.py
[2021-04-06 18:39:53,716] {logging_mixin.py:104} INFO - [2021-04-06 18:39:53,716] {dag.py:1818} INFO - Sync 1 DAGs
[2021-04-06 18:39:53,725] {logging_mixin.py:104} INFO - [2021-04-06 18:39:53,724] {dag.py:2273} INFO - Setting next_dagrun for example_short_circuit_operator to 2021-04-04 00:00:00+00:00
[2021-04-06 18:39:53,730] {scheduler_job.py:190} INFO - Processing /Users/garonsmith/Desktop/airflow_study/airflow-etl-explore/.venv/lib/python3.8/site-packages/airflow/example_dags/example_short_circuit_operator.py took 0.064 seconds
[2021-04-06 18:40:25,535] {scheduler_job.py:182} INFO - Started process (PID=18956) to work on /Users/garonsmith/Desktop/airflow_study/airflow-etl-explore/.venv/lib/python3.8/site-packages/airflow/example_dags/example_short_circuit_operator.py
[2021-04-06 18:40:25,535] {scheduler_job.py:629} INFO - Processing file /Users/garonsmith/Desktop/airflow_study/airflow-etl-explore/.venv/lib/python3.8/site-packages/airflow/example_dags/example_short_circuit_operator.py for tasks to queue
[2021-04-06 18:40:25,536] {logging_mixin.py:104} INFO - [2021-04-06 18:40:25,536] {dagbag.py:448} INFO - Filling up the DagBag from /Users/garonsmith/Desktop/airflow_study/airflow-etl-explore/.venv/lib/python3.8/site-packages/airflow/example_dags/example_short_circuit_operator.py
[2021-04-06 18:40:25,540] {scheduler_job.py:639} INFO - DAG(s) dict_keys(['example_short_circuit_operator']) retrieved from /Users/garonsmith/Desktop/airflow_study/airflow-etl-explore/.venv/lib/python3.8/site-packages/airflow/example_dags/example_short_circuit_operator.py
[2021-04-06 18:40:25,577] {logging_mixin.py:104} INFO - [2021-04-06 18:40:25,577] {dag.py:1818} INFO - Sync 1 DAGs
[2021-04-06 18:40:25,583] {logging_mixin.py:104} INFO - [2021-04-06 18:40:25,583] {dag.py:2273} INFO - Setting next_dagrun for example_short_circuit_operator to 2021-04-04 00:00:00+00:00
[2021-04-06 18:40:25,604] {scheduler_job.py:190} INFO - Processing /Users/garonsmith/Desktop/airflow_study/airflow-etl-explore/.venv/lib/python3.8/site-packages/airflow/example_dags/example_short_circuit_operator.py took 0.069 seconds
[2021-04-06 18:40:56,951] {scheduler_job.py:182} INFO - Started process (PID=19037) to work on /Users/garonsmith/Desktop/airflow_study/airflow-etl-explore/.venv/lib/python3.8/site-packages/airflow/example_dags/example_short_circuit_operator.py
[2021-04-06 18:40:56,951] {scheduler_job.py:629} INFO - Processing file /Users/garonsmith/Desktop/airflow_study/airflow-etl-explore/.venv/lib/python3.8/site-packages/airflow/example_dags/example_short_circuit_operator.py for tasks to queue
[2021-04-06 18:40:56,952] {logging_mixin.py:104} INFO - [2021-04-06 18:40:56,952] {dagbag.py:448} INFO - Filling up the DagBag from /Users/garonsmith/Desktop/airflow_study/airflow-etl-explore/.venv/lib/python3.8/site-packages/airflow/example_dags/example_short_circuit_operator.py
[2021-04-06 18:40:56,957] {scheduler_job.py:639} INFO - DAG(s) dict_keys(['example_short_circuit_operator']) retrieved from /Users/garonsmith/Desktop/airflow_study/airflow-etl-explore/.venv/lib/python3.8/site-packages/airflow/example_dags/example_short_circuit_operator.py
[2021-04-06 18:40:56,999] {logging_mixin.py:104} INFO - [2021-04-06 18:40:56,999] {dag.py:1818} INFO - Sync 1 DAGs
[2021-04-06 18:40:57,005] {logging_mixin.py:104} INFO - [2021-04-06 18:40:57,005] {dag.py:2273} INFO - Setting next_dagrun for example_short_circuit_operator to 2021-04-04 00:00:00+00:00
[2021-04-06 18:40:57,010] {scheduler_job.py:190} INFO - Processing /Users/garonsmith/Desktop/airflow_study/airflow-etl-explore/.venv/lib/python3.8/site-packages/airflow/example_dags/example_short_circuit_operator.py took 0.060 seconds
[2021-04-06 18:41:28,431] {scheduler_job.py:182} INFO - Started process (PID=19134) to work on /Users/garonsmith/Desktop/airflow_study/airflow-etl-explore/.venv/lib/python3.8/site-packages/airflow/example_dags/example_short_circuit_operator.py
[2021-04-06 18:41:28,432] {scheduler_job.py:629} INFO - Processing file /Users/garonsmith/Desktop/airflow_study/airflow-etl-explore/.venv/lib/python3.8/site-packages/airflow/example_dags/example_short_circuit_operator.py for tasks to queue
[2021-04-06 18:41:28,432] {logging_mixin.py:104} INFO - [2021-04-06 18:41:28,432] {dagbag.py:448} INFO - Filling up the DagBag from /Users/garonsmith/Desktop/airflow_study/airflow-etl-explore/.venv/lib/python3.8/site-packages/airflow/example_dags/example_short_circuit_operator.py
[2021-04-06 18:41:28,438] {scheduler_job.py:639} INFO - DAG(s) dict_keys(['example_short_circuit_operator']) retrieved from /Users/garonsmith/Desktop/airflow_study/airflow-etl-explore/.venv/lib/python3.8/site-packages/airflow/example_dags/example_short_circuit_operator.py
[2021-04-06 18:41:28,479] {logging_mixin.py:104} INFO - [2021-04-06 18:41:28,479] {dag.py:1818} INFO - Sync 1 DAGs
[2021-04-06 18:41:28,504] {logging_mixin.py:104} INFO - [2021-04-06 18:41:28,503] {dag.py:2273} INFO - Setting next_dagrun for example_short_circuit_operator to 2021-04-04 00:00:00+00:00
[2021-04-06 18:41:28,509] {scheduler_job.py:190} INFO - Processing /Users/garonsmith/Desktop/airflow_study/airflow-etl-explore/.venv/lib/python3.8/site-packages/airflow/example_dags/example_short_circuit_operator.py took 0.078 seconds
[2021-04-06 18:41:59,795] {scheduler_job.py:182} INFO - Started process (PID=19239) to work on /Users/garonsmith/Desktop/airflow_study/airflow-etl-explore/.venv/lib/python3.8/site-packages/airflow/example_dags/example_short_circuit_operator.py
[2021-04-06 18:41:59,795] {scheduler_job.py:629} INFO - Processing file /Users/garonsmith/Desktop/airflow_study/airflow-etl-explore/.venv/lib/python3.8/site-packages/airflow/example_dags/example_short_circuit_operator.py for tasks to queue
[2021-04-06 18:41:59,795] {logging_mixin.py:104} INFO - [2021-04-06 18:41:59,795] {dagbag.py:448} INFO - Filling up the DagBag from /Users/garonsmith/Desktop/airflow_study/airflow-etl-explore/.venv/lib/python3.8/site-packages/airflow/example_dags/example_short_circuit_operator.py
[2021-04-06 18:41:59,800] {scheduler_job.py:639} INFO - DAG(s) dict_keys(['example_short_circuit_operator']) retrieved from /Users/garonsmith/Desktop/airflow_study/airflow-etl-explore/.venv/lib/python3.8/site-packages/airflow/example_dags/example_short_circuit_operator.py
[2021-04-06 18:41:59,832] {logging_mixin.py:104} INFO - [2021-04-06 18:41:59,832] {dag.py:1818} INFO - Sync 1 DAGs
[2021-04-06 18:41:59,854] {logging_mixin.py:104} INFO - [2021-04-06 18:41:59,854] {dag.py:2273} INFO - Setting next_dagrun for example_short_circuit_operator to 2021-04-04 00:00:00+00:00
[2021-04-06 18:41:59,858] {scheduler_job.py:190} INFO - Processing /Users/garonsmith/Desktop/airflow_study/airflow-etl-explore/.venv/lib/python3.8/site-packages/airflow/example_dags/example_short_circuit_operator.py took 0.064 seconds
[2021-04-06 18:42:31,136] {scheduler_job.py:182} INFO - Started process (PID=19334) to work on /Users/garonsmith/Desktop/airflow_study/airflow-etl-explore/.venv/lib/python3.8/site-packages/airflow/example_dags/example_short_circuit_operator.py
[2021-04-06 18:42:31,137] {scheduler_job.py:629} INFO - Processing file /Users/garonsmith/Desktop/airflow_study/airflow-etl-explore/.venv/lib/python3.8/site-packages/airflow/example_dags/example_short_circuit_operator.py for tasks to queue
[2021-04-06 18:42:31,137] {logging_mixin.py:104} INFO - [2021-04-06 18:42:31,137] {dagbag.py:448} INFO - Filling up the DagBag from /Users/garonsmith/Desktop/airflow_study/airflow-etl-explore/.venv/lib/python3.8/site-packages/airflow/example_dags/example_short_circuit_operator.py
[2021-04-06 18:42:31,142] {scheduler_job.py:639} INFO - DAG(s) dict_keys(['example_short_circuit_operator']) retrieved from /Users/garonsmith/Desktop/airflow_study/airflow-etl-explore/.venv/lib/python3.8/site-packages/airflow/example_dags/example_short_circuit_operator.py
[2021-04-06 18:42:31,180] {logging_mixin.py:104} INFO - [2021-04-06 18:42:31,180] {dag.py:1818} INFO - Sync 1 DAGs
[2021-04-06 18:42:31,202] {logging_mixin.py:104} INFO - [2021-04-06 18:42:31,202] {dag.py:2273} INFO - Setting next_dagrun for example_short_circuit_operator to 2021-04-04 00:00:00+00:00
[2021-04-06 18:42:31,207] {scheduler_job.py:190} INFO - Processing /Users/garonsmith/Desktop/airflow_study/airflow-etl-explore/.venv/lib/python3.8/site-packages/airflow/example_dags/example_short_circuit_operator.py took 0.071 seconds
[2021-04-06 18:43:03,427] {scheduler_job.py:182} INFO - Started process (PID=19430) to work on /Users/garonsmith/Desktop/airflow_study/airflow-etl-explore/.venv/lib/python3.8/site-packages/airflow/example_dags/example_short_circuit_operator.py
[2021-04-06 18:43:03,428] {scheduler_job.py:629} INFO - Processing file /Users/garonsmith/Desktop/airflow_study/airflow-etl-explore/.venv/lib/python3.8/site-packages/airflow/example_dags/example_short_circuit_operator.py for tasks to queue
[2021-04-06 18:43:03,428] {logging_mixin.py:104} INFO - [2021-04-06 18:43:03,428] {dagbag.py:448} INFO - Filling up the DagBag from /Users/garonsmith/Desktop/airflow_study/airflow-etl-explore/.venv/lib/python3.8/site-packages/airflow/example_dags/example_short_circuit_operator.py
[2021-04-06 18:43:03,433] {scheduler_job.py:639} INFO - DAG(s) dict_keys(['example_short_circuit_operator']) retrieved from /Users/garonsmith/Desktop/airflow_study/airflow-etl-explore/.venv/lib/python3.8/site-packages/airflow/example_dags/example_short_circuit_operator.py
[2021-04-06 18:43:03,481] {logging_mixin.py:104} INFO - [2021-04-06 18:43:03,481] {dag.py:1818} INFO - Sync 1 DAGs
[2021-04-06 18:43:03,505] {logging_mixin.py:104} INFO - [2021-04-06 18:43:03,505] {dag.py:2273} INFO - Setting next_dagrun for example_short_circuit_operator to 2021-04-04 00:00:00+00:00
[2021-04-06 18:43:03,509] {scheduler_job.py:190} INFO - Processing /Users/garonsmith/Desktop/airflow_study/airflow-etl-explore/.venv/lib/python3.8/site-packages/airflow/example_dags/example_short_circuit_operator.py took 0.083 seconds
[2021-04-06 18:43:34,666] {scheduler_job.py:182} INFO - Started process (PID=19549) to work on /Users/garonsmith/Desktop/airflow_study/airflow-etl-explore/.venv/lib/python3.8/site-packages/airflow/example_dags/example_short_circuit_operator.py
[2021-04-06 18:43:34,667] {scheduler_job.py:629} INFO - Processing file /Users/garonsmith/Desktop/airflow_study/airflow-etl-explore/.venv/lib/python3.8/site-packages/airflow/example_dags/example_short_circuit_operator.py for tasks to queue
[2021-04-06 18:43:34,667] {logging_mixin.py:104} INFO - [2021-04-06 18:43:34,667] {dagbag.py:448} INFO - Filling up the DagBag from /Users/garonsmith/Desktop/airflow_study/airflow-etl-explore/.venv/lib/python3.8/site-packages/airflow/example_dags/example_short_circuit_operator.py
[2021-04-06 18:43:34,672] {scheduler_job.py:639} INFO - DAG(s) dict_keys(['example_short_circuit_operator']) retrieved from /Users/garonsmith/Desktop/airflow_study/airflow-etl-explore/.venv/lib/python3.8/site-packages/airflow/example_dags/example_short_circuit_operator.py
[2021-04-06 18:43:34,723] {logging_mixin.py:104} INFO - [2021-04-06 18:43:34,723] {dag.py:1818} INFO - Sync 1 DAGs
[2021-04-06 18:43:34,729] {logging_mixin.py:104} INFO - [2021-04-06 18:43:34,729] {dag.py:2273} INFO - Setting next_dagrun for example_short_circuit_operator to 2021-04-04 00:00:00+00:00
[2021-04-06 18:43:34,733] {scheduler_job.py:190} INFO - Processing /Users/garonsmith/Desktop/airflow_study/airflow-etl-explore/.venv/lib/python3.8/site-packages/airflow/example_dags/example_short_circuit_operator.py took 0.068 seconds
[2021-04-06 18:43:50,632] {scheduler_job.py:182} INFO - Started process (PID=19636) to work on /Users/garonsmith/Desktop/airflow_study/airflow-etl-explore/.venv/lib/python3.8/site-packages/airflow/example_dags/example_short_circuit_operator.py
[2021-04-06 18:43:50,633] {scheduler_job.py:629} INFO - Processing file /Users/garonsmith/Desktop/airflow_study/airflow-etl-explore/.venv/lib/python3.8/site-packages/airflow/example_dags/example_short_circuit_operator.py for tasks to queue
[2021-04-06 18:43:50,633] {logging_mixin.py:104} INFO - [2021-04-06 18:43:50,633] {dagbag.py:448} INFO - Filling up the DagBag from /Users/garonsmith/Desktop/airflow_study/airflow-etl-explore/.venv/lib/python3.8/site-packages/airflow/example_dags/example_short_circuit_operator.py
[2021-04-06 18:43:50,638] {scheduler_job.py:639} INFO - DAG(s) dict_keys(['example_short_circuit_operator']) retrieved from /Users/garonsmith/Desktop/airflow_study/airflow-etl-explore/.venv/lib/python3.8/site-packages/airflow/example_dags/example_short_circuit_operator.py
[2021-04-06 18:43:50,679] {logging_mixin.py:104} INFO - [2021-04-06 18:43:50,679] {dag.py:1818} INFO - Sync 1 DAGs
[2021-04-06 18:43:50,702] {logging_mixin.py:104} INFO - [2021-04-06 18:43:50,702] {dag.py:2273} INFO - Setting next_dagrun for example_short_circuit_operator to 2021-04-04 00:00:00+00:00
[2021-04-06 18:43:50,707] {scheduler_job.py:190} INFO - Processing /Users/garonsmith/Desktop/airflow_study/airflow-etl-explore/.venv/lib/python3.8/site-packages/airflow/example_dags/example_short_circuit_operator.py took 0.075 seconds
[2021-04-06 18:44:21,457] {scheduler_job.py:182} INFO - Started process (PID=19724) to work on /Users/garonsmith/Desktop/airflow_study/airflow-etl-explore/.venv/lib/python3.8/site-packages/airflow/example_dags/example_short_circuit_operator.py
[2021-04-06 18:44:21,458] {scheduler_job.py:629} INFO - Processing file /Users/garonsmith/Desktop/airflow_study/airflow-etl-explore/.venv/lib/python3.8/site-packages/airflow/example_dags/example_short_circuit_operator.py for tasks to queue
[2021-04-06 18:44:21,458] {logging_mixin.py:104} INFO - [2021-04-06 18:44:21,458] {dagbag.py:448} INFO - Filling up the DagBag from /Users/garonsmith/Desktop/airflow_study/airflow-etl-explore/.venv/lib/python3.8/site-packages/airflow/example_dags/example_short_circuit_operator.py
[2021-04-06 18:44:21,462] {scheduler_job.py:639} INFO - DAG(s) dict_keys(['example_short_circuit_operator']) retrieved from /Users/garonsmith/Desktop/airflow_study/airflow-etl-explore/.venv/lib/python3.8/site-packages/airflow/example_dags/example_short_circuit_operator.py
[2021-04-06 18:44:21,503] {logging_mixin.py:104} INFO - [2021-04-06 18:44:21,503] {dag.py:1818} INFO - Sync 1 DAGs
[2021-04-06 18:44:21,510] {logging_mixin.py:104} INFO - [2021-04-06 18:44:21,510] {dag.py:2273} INFO - Setting next_dagrun for example_short_circuit_operator to 2021-04-04 00:00:00+00:00
[2021-04-06 18:44:21,513] {scheduler_job.py:190} INFO - Processing /Users/garonsmith/Desktop/airflow_study/airflow-etl-explore/.venv/lib/python3.8/site-packages/airflow/example_dags/example_short_circuit_operator.py took 0.057 seconds
[2021-04-06 18:44:52,143] {scheduler_job.py:182} INFO - Started process (PID=19808) to work on /Users/garonsmith/Desktop/airflow_study/airflow-etl-explore/.venv/lib/python3.8/site-packages/airflow/example_dags/example_short_circuit_operator.py
[2021-04-06 18:44:52,144] {scheduler_job.py:629} INFO - Processing file /Users/garonsmith/Desktop/airflow_study/airflow-etl-explore/.venv/lib/python3.8/site-packages/airflow/example_dags/example_short_circuit_operator.py for tasks to queue
[2021-04-06 18:44:52,144] {logging_mixin.py:104} INFO - [2021-04-06 18:44:52,144] {dagbag.py:448} INFO - Filling up the DagBag from /Users/garonsmith/Desktop/airflow_study/airflow-etl-explore/.venv/lib/python3.8/site-packages/airflow/example_dags/example_short_circuit_operator.py
[2021-04-06 18:44:52,149] {scheduler_job.py:639} INFO - DAG(s) dict_keys(['example_short_circuit_operator']) retrieved from /Users/garonsmith/Desktop/airflow_study/airflow-etl-explore/.venv/lib/python3.8/site-packages/airflow/example_dags/example_short_circuit_operator.py
[2021-04-06 18:44:52,180] {logging_mixin.py:104} INFO - [2021-04-06 18:44:52,180] {dag.py:1818} INFO - Sync 1 DAGs
[2021-04-06 18:44:52,186] {logging_mixin.py:104} INFO - [2021-04-06 18:44:52,186] {dag.py:2273} INFO - Setting next_dagrun for example_short_circuit_operator to 2021-04-04 00:00:00+00:00
[2021-04-06 18:44:52,207] {scheduler_job.py:190} INFO - Processing /Users/garonsmith/Desktop/airflow_study/airflow-etl-explore/.venv/lib/python3.8/site-packages/airflow/example_dags/example_short_circuit_operator.py took 0.064 seconds
[2021-04-06 18:45:23,399] {scheduler_job.py:182} INFO - Started process (PID=19895) to work on /Users/garonsmith/Desktop/airflow_study/airflow-etl-explore/.venv/lib/python3.8/site-packages/airflow/example_dags/example_short_circuit_operator.py
[2021-04-06 18:45:23,399] {scheduler_job.py:629} INFO - Processing file /Users/garonsmith/Desktop/airflow_study/airflow-etl-explore/.venv/lib/python3.8/site-packages/airflow/example_dags/example_short_circuit_operator.py for tasks to queue
[2021-04-06 18:45:23,400] {logging_mixin.py:104} INFO - [2021-04-06 18:45:23,400] {dagbag.py:448} INFO - Filling up the DagBag from /Users/garonsmith/Desktop/airflow_study/airflow-etl-explore/.venv/lib/python3.8/site-packages/airflow/example_dags/example_short_circuit_operator.py
[2021-04-06 18:45:23,405] {scheduler_job.py:639} INFO - DAG(s) dict_keys(['example_short_circuit_operator']) retrieved from /Users/garonsmith/Desktop/airflow_study/airflow-etl-explore/.venv/lib/python3.8/site-packages/airflow/example_dags/example_short_circuit_operator.py
[2021-04-06 18:45:23,435] {logging_mixin.py:104} INFO - [2021-04-06 18:45:23,435] {dag.py:1818} INFO - Sync 1 DAGs
[2021-04-06 18:45:23,458] {logging_mixin.py:104} INFO - [2021-04-06 18:45:23,458] {dag.py:2273} INFO - Setting next_dagrun for example_short_circuit_operator to 2021-04-04 00:00:00+00:00
[2021-04-06 18:45:23,463] {scheduler_job.py:190} INFO - Processing /Users/garonsmith/Desktop/airflow_study/airflow-etl-explore/.venv/lib/python3.8/site-packages/airflow/example_dags/example_short_circuit_operator.py took 0.065 seconds
[2021-04-06 18:45:54,533] {scheduler_job.py:182} INFO - Started process (PID=19990) to work on /Users/garonsmith/Desktop/airflow_study/airflow-etl-explore/.venv/lib/python3.8/site-packages/airflow/example_dags/example_short_circuit_operator.py
[2021-04-06 18:45:54,533] {scheduler_job.py:629} INFO - Processing file /Users/garonsmith/Desktop/airflow_study/airflow-etl-explore/.venv/lib/python3.8/site-packages/airflow/example_dags/example_short_circuit_operator.py for tasks to queue
[2021-04-06 18:45:54,534] {logging_mixin.py:104} INFO - [2021-04-06 18:45:54,534] {dagbag.py:448} INFO - Filling up the DagBag from /Users/garonsmith/Desktop/airflow_study/airflow-etl-explore/.venv/lib/python3.8/site-packages/airflow/example_dags/example_short_circuit_operator.py
[2021-04-06 18:45:54,539] {scheduler_job.py:639} INFO - DAG(s) dict_keys(['example_short_circuit_operator']) retrieved from /Users/garonsmith/Desktop/airflow_study/airflow-etl-explore/.venv/lib/python3.8/site-packages/airflow/example_dags/example_short_circuit_operator.py
[2021-04-06 18:45:54,583] {logging_mixin.py:104} INFO - [2021-04-06 18:45:54,583] {dag.py:1818} INFO - Sync 1 DAGs
[2021-04-06 18:45:54,608] {logging_mixin.py:104} INFO - [2021-04-06 18:45:54,608] {dag.py:2273} INFO - Setting next_dagrun for example_short_circuit_operator to 2021-04-04 00:00:00+00:00
[2021-04-06 18:45:54,614] {scheduler_job.py:190} INFO - Processing /Users/garonsmith/Desktop/airflow_study/airflow-etl-explore/.venv/lib/python3.8/site-packages/airflow/example_dags/example_short_circuit_operator.py took 0.081 seconds
[2021-04-06 18:46:25,369] {scheduler_job.py:182} INFO - Started process (PID=20080) to work on /Users/garonsmith/Desktop/airflow_study/airflow-etl-explore/.venv/lib/python3.8/site-packages/airflow/example_dags/example_short_circuit_operator.py
[2021-04-06 18:46:25,370] {scheduler_job.py:629} INFO - Processing file /Users/garonsmith/Desktop/airflow_study/airflow-etl-explore/.venv/lib/python3.8/site-packages/airflow/example_dags/example_short_circuit_operator.py for tasks to queue
[2021-04-06 18:46:25,370] {logging_mixin.py:104} INFO - [2021-04-06 18:46:25,370] {dagbag.py:448} INFO - Filling up the DagBag from /Users/garonsmith/Desktop/airflow_study/airflow-etl-explore/.venv/lib/python3.8/site-packages/airflow/example_dags/example_short_circuit_operator.py
[2021-04-06 18:46:25,375] {scheduler_job.py:639} INFO - DAG(s) dict_keys(['example_short_circuit_operator']) retrieved from /Users/garonsmith/Desktop/airflow_study/airflow-etl-explore/.venv/lib/python3.8/site-packages/airflow/example_dags/example_short_circuit_operator.py
[2021-04-06 18:46:25,406] {logging_mixin.py:104} INFO - [2021-04-06 18:46:25,406] {dag.py:1818} INFO - Sync 1 DAGs
[2021-04-06 18:46:25,413] {logging_mixin.py:104} INFO - [2021-04-06 18:46:25,413] {dag.py:2273} INFO - Setting next_dagrun for example_short_circuit_operator to 2021-04-04 00:00:00+00:00
[2021-04-06 18:46:25,418] {scheduler_job.py:190} INFO - Processing /Users/garonsmith/Desktop/airflow_study/airflow-etl-explore/.venv/lib/python3.8/site-packages/airflow/example_dags/example_short_circuit_operator.py took 0.049 seconds
[2021-04-06 18:46:56,458] {scheduler_job.py:182} INFO - Started process (PID=20167) to work on /Users/garonsmith/Desktop/airflow_study/airflow-etl-explore/.venv/lib/python3.8/site-packages/airflow/example_dags/example_short_circuit_operator.py
[2021-04-06 18:46:56,459] {scheduler_job.py:629} INFO - Processing file /Users/garonsmith/Desktop/airflow_study/airflow-etl-explore/.venv/lib/python3.8/site-packages/airflow/example_dags/example_short_circuit_operator.py for tasks to queue
[2021-04-06 18:46:56,459] {logging_mixin.py:104} INFO - [2021-04-06 18:46:56,459] {dagbag.py:448} INFO - Filling up the DagBag from /Users/garonsmith/Desktop/airflow_study/airflow-etl-explore/.venv/lib/python3.8/site-packages/airflow/example_dags/example_short_circuit_operator.py
[2021-04-06 18:46:56,465] {scheduler_job.py:639} INFO - DAG(s) dict_keys(['example_short_circuit_operator']) retrieved from /Users/garonsmith/Desktop/airflow_study/airflow-etl-explore/.venv/lib/python3.8/site-packages/airflow/example_dags/example_short_circuit_operator.py
[2021-04-06 18:46:56,507] {logging_mixin.py:104} INFO - [2021-04-06 18:46:56,507] {dag.py:1818} INFO - Sync 1 DAGs
[2021-04-06 18:46:56,517] {logging_mixin.py:104} INFO - [2021-04-06 18:46:56,517] {dag.py:2273} INFO - Setting next_dagrun for example_short_circuit_operator to 2021-04-04 00:00:00+00:00
[2021-04-06 18:46:56,522] {scheduler_job.py:190} INFO - Processing /Users/garonsmith/Desktop/airflow_study/airflow-etl-explore/.venv/lib/python3.8/site-packages/airflow/example_dags/example_short_circuit_operator.py took 0.065 seconds
[2021-04-06 18:47:27,351] {scheduler_job.py:182} INFO - Started process (PID=20254) to work on /Users/garonsmith/Desktop/airflow_study/airflow-etl-explore/.venv/lib/python3.8/site-packages/airflow/example_dags/example_short_circuit_operator.py
[2021-04-06 18:47:27,351] {scheduler_job.py:629} INFO - Processing file /Users/garonsmith/Desktop/airflow_study/airflow-etl-explore/.venv/lib/python3.8/site-packages/airflow/example_dags/example_short_circuit_operator.py for tasks to queue
[2021-04-06 18:47:27,352] {logging_mixin.py:104} INFO - [2021-04-06 18:47:27,352] {dagbag.py:448} INFO - Filling up the DagBag from /Users/garonsmith/Desktop/airflow_study/airflow-etl-explore/.venv/lib/python3.8/site-packages/airflow/example_dags/example_short_circuit_operator.py
[2021-04-06 18:47:27,356] {scheduler_job.py:639} INFO - DAG(s) dict_keys(['example_short_circuit_operator']) retrieved from /Users/garonsmith/Desktop/airflow_study/airflow-etl-explore/.venv/lib/python3.8/site-packages/airflow/example_dags/example_short_circuit_operator.py
[2021-04-06 18:47:27,386] {logging_mixin.py:104} INFO - [2021-04-06 18:47:27,386] {dag.py:1818} INFO - Sync 1 DAGs
[2021-04-06 18:47:27,412] {logging_mixin.py:104} INFO - [2021-04-06 18:47:27,412] {dag.py:2273} INFO - Setting next_dagrun for example_short_circuit_operator to 2021-04-04 00:00:00+00:00
[2021-04-06 18:47:27,418] {scheduler_job.py:190} INFO - Processing /Users/garonsmith/Desktop/airflow_study/airflow-etl-explore/.venv/lib/python3.8/site-packages/airflow/example_dags/example_short_circuit_operator.py took 0.067 seconds
[2021-04-06 18:47:58,714] {scheduler_job.py:182} INFO - Started process (PID=20339) to work on /Users/garonsmith/Desktop/airflow_study/airflow-etl-explore/.venv/lib/python3.8/site-packages/airflow/example_dags/example_short_circuit_operator.py
[2021-04-06 18:47:58,715] {scheduler_job.py:629} INFO - Processing file /Users/garonsmith/Desktop/airflow_study/airflow-etl-explore/.venv/lib/python3.8/site-packages/airflow/example_dags/example_short_circuit_operator.py for tasks to queue
[2021-04-06 18:47:58,715] {logging_mixin.py:104} INFO - [2021-04-06 18:47:58,715] {dagbag.py:448} INFO - Filling up the DagBag from /Users/garonsmith/Desktop/airflow_study/airflow-etl-explore/.venv/lib/python3.8/site-packages/airflow/example_dags/example_short_circuit_operator.py
[2021-04-06 18:47:58,719] {scheduler_job.py:639} INFO - DAG(s) dict_keys(['example_short_circuit_operator']) retrieved from /Users/garonsmith/Desktop/airflow_study/airflow-etl-explore/.venv/lib/python3.8/site-packages/airflow/example_dags/example_short_circuit_operator.py
[2021-04-06 18:47:58,758] {logging_mixin.py:104} INFO - [2021-04-06 18:47:58,758] {dag.py:1818} INFO - Sync 1 DAGs
[2021-04-06 18:47:58,766] {logging_mixin.py:104} INFO - [2021-04-06 18:47:58,766] {dag.py:2273} INFO - Setting next_dagrun for example_short_circuit_operator to 2021-04-04 00:00:00+00:00
[2021-04-06 18:47:58,770] {scheduler_job.py:190} INFO - Processing /Users/garonsmith/Desktop/airflow_study/airflow-etl-explore/.venv/lib/python3.8/site-packages/airflow/example_dags/example_short_circuit_operator.py took 0.057 seconds
[2021-04-06 18:48:29,669] {scheduler_job.py:182} INFO - Started process (PID=20426) to work on /Users/garonsmith/Desktop/airflow_study/airflow-etl-explore/.venv/lib/python3.8/site-packages/airflow/example_dags/example_short_circuit_operator.py
[2021-04-06 18:48:29,669] {scheduler_job.py:629} INFO - Processing file /Users/garonsmith/Desktop/airflow_study/airflow-etl-explore/.venv/lib/python3.8/site-packages/airflow/example_dags/example_short_circuit_operator.py for tasks to queue
[2021-04-06 18:48:29,670] {logging_mixin.py:104} INFO - [2021-04-06 18:48:29,670] {dagbag.py:448} INFO - Filling up the DagBag from /Users/garonsmith/Desktop/airflow_study/airflow-etl-explore/.venv/lib/python3.8/site-packages/airflow/example_dags/example_short_circuit_operator.py
[2021-04-06 18:48:29,674] {scheduler_job.py:639} INFO - DAG(s) dict_keys(['example_short_circuit_operator']) retrieved from /Users/garonsmith/Desktop/airflow_study/airflow-etl-explore/.venv/lib/python3.8/site-packages/airflow/example_dags/example_short_circuit_operator.py
[2021-04-06 18:48:29,709] {logging_mixin.py:104} INFO - [2021-04-06 18:48:29,709] {dag.py:1818} INFO - Sync 1 DAGs
[2021-04-06 18:48:29,716] {logging_mixin.py:104} INFO - [2021-04-06 18:48:29,716] {dag.py:2273} INFO - Setting next_dagrun for example_short_circuit_operator to 2021-04-04 00:00:00+00:00
[2021-04-06 18:48:29,720] {scheduler_job.py:190} INFO - Processing /Users/garonsmith/Desktop/airflow_study/airflow-etl-explore/.venv/lib/python3.8/site-packages/airflow/example_dags/example_short_circuit_operator.py took 0.052 seconds
[2021-04-06 18:49:01,253] {scheduler_job.py:182} INFO - Started process (PID=20515) to work on /Users/garonsmith/Desktop/airflow_study/airflow-etl-explore/.venv/lib/python3.8/site-packages/airflow/example_dags/example_short_circuit_operator.py
[2021-04-06 18:49:01,253] {scheduler_job.py:629} INFO - Processing file /Users/garonsmith/Desktop/airflow_study/airflow-etl-explore/.venv/lib/python3.8/site-packages/airflow/example_dags/example_short_circuit_operator.py for tasks to queue
[2021-04-06 18:49:01,253] {logging_mixin.py:104} INFO - [2021-04-06 18:49:01,253] {dagbag.py:448} INFO - Filling up the DagBag from /Users/garonsmith/Desktop/airflow_study/airflow-etl-explore/.venv/lib/python3.8/site-packages/airflow/example_dags/example_short_circuit_operator.py
[2021-04-06 18:49:01,258] {scheduler_job.py:639} INFO - DAG(s) dict_keys(['example_short_circuit_operator']) retrieved from /Users/garonsmith/Desktop/airflow_study/airflow-etl-explore/.venv/lib/python3.8/site-packages/airflow/example_dags/example_short_circuit_operator.py
[2021-04-06 18:49:01,290] {logging_mixin.py:104} INFO - [2021-04-06 18:49:01,290] {dag.py:1818} INFO - Sync 1 DAGs
[2021-04-06 18:49:01,313] {logging_mixin.py:104} INFO - [2021-04-06 18:49:01,313] {dag.py:2273} INFO - Setting next_dagrun for example_short_circuit_operator to 2021-04-04 00:00:00+00:00
[2021-04-06 18:49:01,317] {scheduler_job.py:190} INFO - Processing /Users/garonsmith/Desktop/airflow_study/airflow-etl-explore/.venv/lib/python3.8/site-packages/airflow/example_dags/example_short_circuit_operator.py took 0.065 seconds
[2021-04-06 18:49:06,004] {scheduler_job.py:182} INFO - Started process (PID=20577) to work on /Users/garonsmith/Desktop/airflow_study/airflow-etl-explore/.venv/lib/python3.8/site-packages/airflow/example_dags/example_short_circuit_operator.py
[2021-04-06 18:49:06,005] {scheduler_job.py:629} INFO - Processing file /Users/garonsmith/Desktop/airflow_study/airflow-etl-explore/.venv/lib/python3.8/site-packages/airflow/example_dags/example_short_circuit_operator.py for tasks to queue
[2021-04-06 18:49:06,005] {logging_mixin.py:104} INFO - [2021-04-06 18:49:06,005] {dagbag.py:448} INFO - Filling up the DagBag from /Users/garonsmith/Desktop/airflow_study/airflow-etl-explore/.venv/lib/python3.8/site-packages/airflow/example_dags/example_short_circuit_operator.py
[2021-04-06 18:49:06,011] {scheduler_job.py:639} INFO - DAG(s) dict_keys(['example_short_circuit_operator']) retrieved from /Users/garonsmith/Desktop/airflow_study/airflow-etl-explore/.venv/lib/python3.8/site-packages/airflow/example_dags/example_short_circuit_operator.py
[2021-04-06 18:49:06,060] {logging_mixin.py:104} INFO - [2021-04-06 18:49:06,059] {dag.py:1818} INFO - Sync 1 DAGs
[2021-04-06 18:49:06,067] {logging_mixin.py:104} INFO - [2021-04-06 18:49:06,067] {dag.py:2273} INFO - Setting next_dagrun for example_short_circuit_operator to 2021-04-04 00:00:00+00:00
[2021-04-06 18:49:06,072] {scheduler_job.py:190} INFO - Processing /Users/garonsmith/Desktop/airflow_study/airflow-etl-explore/.venv/lib/python3.8/site-packages/airflow/example_dags/example_short_circuit_operator.py took 0.068 seconds
[2021-04-06 18:49:32,676] {scheduler_job.py:182} INFO - Started process (PID=20692) to work on /Users/garonsmith/Desktop/airflow_study/airflow-etl-explore/.venv/lib/python3.8/site-packages/airflow/example_dags/example_short_circuit_operator.py
[2021-04-06 18:49:32,677] {scheduler_job.py:629} INFO - Processing file /Users/garonsmith/Desktop/airflow_study/airflow-etl-explore/.venv/lib/python3.8/site-packages/airflow/example_dags/example_short_circuit_operator.py for tasks to queue
[2021-04-06 18:49:32,677] {logging_mixin.py:104} INFO - [2021-04-06 18:49:32,677] {dagbag.py:448} INFO - Filling up the DagBag from /Users/garonsmith/Desktop/airflow_study/airflow-etl-explore/.venv/lib/python3.8/site-packages/airflow/example_dags/example_short_circuit_operator.py
[2021-04-06 18:49:32,684] {scheduler_job.py:639} INFO - DAG(s) dict_keys(['example_short_circuit_operator']) retrieved from /Users/garonsmith/Desktop/airflow_study/airflow-etl-explore/.venv/lib/python3.8/site-packages/airflow/example_dags/example_short_circuit_operator.py
[2021-04-06 18:49:32,736] {logging_mixin.py:104} INFO - [2021-04-06 18:49:32,735] {dag.py:1818} INFO - Sync 1 DAGs
[2021-04-06 18:49:32,760] {logging_mixin.py:104} INFO - [2021-04-06 18:49:32,760] {dag.py:2273} INFO - Setting next_dagrun for example_short_circuit_operator to 2021-04-04 00:00:00+00:00
[2021-04-06 18:49:32,766] {scheduler_job.py:190} INFO - Processing /Users/garonsmith/Desktop/airflow_study/airflow-etl-explore/.venv/lib/python3.8/site-packages/airflow/example_dags/example_short_circuit_operator.py took 0.091 seconds
[2021-04-06 18:49:37,151] {scheduler_job.py:182} INFO - Started process (PID=20746) to work on /Users/garonsmith/Desktop/airflow_study/airflow-etl-explore/.venv/lib/python3.8/site-packages/airflow/example_dags/example_short_circuit_operator.py
[2021-04-06 18:49:37,151] {scheduler_job.py:629} INFO - Processing file /Users/garonsmith/Desktop/airflow_study/airflow-etl-explore/.venv/lib/python3.8/site-packages/airflow/example_dags/example_short_circuit_operator.py for tasks to queue
[2021-04-06 18:49:37,151] {logging_mixin.py:104} INFO - [2021-04-06 18:49:37,151] {dagbag.py:448} INFO - Filling up the DagBag from /Users/garonsmith/Desktop/airflow_study/airflow-etl-explore/.venv/lib/python3.8/site-packages/airflow/example_dags/example_short_circuit_operator.py
[2021-04-06 18:49:37,158] {scheduler_job.py:639} INFO - DAG(s) dict_keys(['example_short_circuit_operator']) retrieved from /Users/garonsmith/Desktop/airflow_study/airflow-etl-explore/.venv/lib/python3.8/site-packages/airflow/example_dags/example_short_circuit_operator.py
[2021-04-06 18:49:37,191] {logging_mixin.py:104} INFO - [2021-04-06 18:49:37,191] {dag.py:1818} INFO - Sync 1 DAGs
[2021-04-06 18:49:37,215] {logging_mixin.py:104} INFO - [2021-04-06 18:49:37,215] {dag.py:2273} INFO - Setting next_dagrun for example_short_circuit_operator to 2021-04-04 00:00:00+00:00
[2021-04-06 18:49:37,220] {scheduler_job.py:190} INFO - Processing /Users/garonsmith/Desktop/airflow_study/airflow-etl-explore/.venv/lib/python3.8/site-packages/airflow/example_dags/example_short_circuit_operator.py took 0.070 seconds
[2021-04-06 18:50:03,547] {scheduler_job.py:182} INFO - Started process (PID=20868) to work on /Users/garonsmith/Desktop/airflow_study/airflow-etl-explore/.venv/lib/python3.8/site-packages/airflow/example_dags/example_short_circuit_operator.py
[2021-04-06 18:50:03,548] {scheduler_job.py:629} INFO - Processing file /Users/garonsmith/Desktop/airflow_study/airflow-etl-explore/.venv/lib/python3.8/site-packages/airflow/example_dags/example_short_circuit_operator.py for tasks to queue
[2021-04-06 18:50:03,548] {logging_mixin.py:104} INFO - [2021-04-06 18:50:03,548] {dagbag.py:448} INFO - Filling up the DagBag from /Users/garonsmith/Desktop/airflow_study/airflow-etl-explore/.venv/lib/python3.8/site-packages/airflow/example_dags/example_short_circuit_operator.py
[2021-04-06 18:50:03,552] {scheduler_job.py:639} INFO - DAG(s) dict_keys(['example_short_circuit_operator']) retrieved from /Users/garonsmith/Desktop/airflow_study/airflow-etl-explore/.venv/lib/python3.8/site-packages/airflow/example_dags/example_short_circuit_operator.py
[2021-04-06 18:50:03,612] {logging_mixin.py:104} INFO - [2021-04-06 18:50:03,611] {dag.py:1818} INFO - Sync 1 DAGs
[2021-04-06 18:50:03,622] {logging_mixin.py:104} INFO - [2021-04-06 18:50:03,622] {dag.py:2273} INFO - Setting next_dagrun for example_short_circuit_operator to 2021-04-04 00:00:00+00:00
[2021-04-06 18:50:03,627] {scheduler_job.py:190} INFO - Processing /Users/garonsmith/Desktop/airflow_study/airflow-etl-explore/.venv/lib/python3.8/site-packages/airflow/example_dags/example_short_circuit_operator.py took 0.081 seconds
[2021-04-06 18:50:07,954] {scheduler_job.py:182} INFO - Started process (PID=20919) to work on /Users/garonsmith/Desktop/airflow_study/airflow-etl-explore/.venv/lib/python3.8/site-packages/airflow/example_dags/example_short_circuit_operator.py
[2021-04-06 18:50:07,954] {scheduler_job.py:629} INFO - Processing file /Users/garonsmith/Desktop/airflow_study/airflow-etl-explore/.venv/lib/python3.8/site-packages/airflow/example_dags/example_short_circuit_operator.py for tasks to queue
[2021-04-06 18:50:07,954] {logging_mixin.py:104} INFO - [2021-04-06 18:50:07,954] {dagbag.py:448} INFO - Filling up the DagBag from /Users/garonsmith/Desktop/airflow_study/airflow-etl-explore/.venv/lib/python3.8/site-packages/airflow/example_dags/example_short_circuit_operator.py
[2021-04-06 18:50:07,959] {scheduler_job.py:639} INFO - DAG(s) dict_keys(['example_short_circuit_operator']) retrieved from /Users/garonsmith/Desktop/airflow_study/airflow-etl-explore/.venv/lib/python3.8/site-packages/airflow/example_dags/example_short_circuit_operator.py
[2021-04-06 18:50:08,011] {logging_mixin.py:104} INFO - [2021-04-06 18:50:08,011] {dag.py:1818} INFO - Sync 1 DAGs
[2021-04-06 18:50:08,019] {logging_mixin.py:104} INFO - [2021-04-06 18:50:08,019] {dag.py:2273} INFO - Setting next_dagrun for example_short_circuit_operator to 2021-04-04 00:00:00+00:00
[2021-04-06 18:50:08,023] {scheduler_job.py:190} INFO - Processing /Users/garonsmith/Desktop/airflow_study/airflow-etl-explore/.venv/lib/python3.8/site-packages/airflow/example_dags/example_short_circuit_operator.py took 0.070 seconds
[2021-04-06 18:50:34,412] {scheduler_job.py:182} INFO - Started process (PID=21034) to work on /Users/garonsmith/Desktop/airflow_study/airflow-etl-explore/.venv/lib/python3.8/site-packages/airflow/example_dags/example_short_circuit_operator.py
[2021-04-06 18:50:34,413] {scheduler_job.py:629} INFO - Processing file /Users/garonsmith/Desktop/airflow_study/airflow-etl-explore/.venv/lib/python3.8/site-packages/airflow/example_dags/example_short_circuit_operator.py for tasks to queue
[2021-04-06 18:50:34,413] {logging_mixin.py:104} INFO - [2021-04-06 18:50:34,413] {dagbag.py:448} INFO - Filling up the DagBag from /Users/garonsmith/Desktop/airflow_study/airflow-etl-explore/.venv/lib/python3.8/site-packages/airflow/example_dags/example_short_circuit_operator.py
[2021-04-06 18:50:34,418] {scheduler_job.py:639} INFO - DAG(s) dict_keys(['example_short_circuit_operator']) retrieved from /Users/garonsmith/Desktop/airflow_study/airflow-etl-explore/.venv/lib/python3.8/site-packages/airflow/example_dags/example_short_circuit_operator.py
[2021-04-06 18:50:34,462] {logging_mixin.py:104} INFO - [2021-04-06 18:50:34,462] {dag.py:1818} INFO - Sync 1 DAGs
[2021-04-06 18:50:34,474] {logging_mixin.py:104} INFO - [2021-04-06 18:50:34,473] {dag.py:2273} INFO - Setting next_dagrun for example_short_circuit_operator to 2021-04-04 00:00:00+00:00
[2021-04-06 18:50:34,479] {scheduler_job.py:190} INFO - Processing /Users/garonsmith/Desktop/airflow_study/airflow-etl-explore/.venv/lib/python3.8/site-packages/airflow/example_dags/example_short_circuit_operator.py took 0.067 seconds
[2021-04-06 18:50:39,280] {scheduler_job.py:182} INFO - Started process (PID=21087) to work on /Users/garonsmith/Desktop/airflow_study/airflow-etl-explore/.venv/lib/python3.8/site-packages/airflow/example_dags/example_short_circuit_operator.py
[2021-04-06 18:50:39,280] {scheduler_job.py:629} INFO - Processing file /Users/garonsmith/Desktop/airflow_study/airflow-etl-explore/.venv/lib/python3.8/site-packages/airflow/example_dags/example_short_circuit_operator.py for tasks to queue
[2021-04-06 18:50:39,281] {logging_mixin.py:104} INFO - [2021-04-06 18:50:39,281] {dagbag.py:448} INFO - Filling up the DagBag from /Users/garonsmith/Desktop/airflow_study/airflow-etl-explore/.venv/lib/python3.8/site-packages/airflow/example_dags/example_short_circuit_operator.py
[2021-04-06 18:50:39,286] {scheduler_job.py:639} INFO - DAG(s) dict_keys(['example_short_circuit_operator']) retrieved from /Users/garonsmith/Desktop/airflow_study/airflow-etl-explore/.venv/lib/python3.8/site-packages/airflow/example_dags/example_short_circuit_operator.py
[2021-04-06 18:50:39,340] {logging_mixin.py:104} INFO - [2021-04-06 18:50:39,340] {dag.py:1818} INFO - Sync 1 DAGs
[2021-04-06 18:50:39,367] {logging_mixin.py:104} INFO - [2021-04-06 18:50:39,367] {dag.py:2273} INFO - Setting next_dagrun for example_short_circuit_operator to 2021-04-04 00:00:00+00:00
[2021-04-06 18:50:39,373] {scheduler_job.py:190} INFO - Processing /Users/garonsmith/Desktop/airflow_study/airflow-etl-explore/.venv/lib/python3.8/site-packages/airflow/example_dags/example_short_circuit_operator.py took 0.094 seconds
[2021-04-06 18:51:05,723] {scheduler_job.py:182} INFO - Started process (PID=21202) to work on /Users/garonsmith/Desktop/airflow_study/airflow-etl-explore/.venv/lib/python3.8/site-packages/airflow/example_dags/example_short_circuit_operator.py
[2021-04-06 18:51:05,723] {scheduler_job.py:629} INFO - Processing file /Users/garonsmith/Desktop/airflow_study/airflow-etl-explore/.venv/lib/python3.8/site-packages/airflow/example_dags/example_short_circuit_operator.py for tasks to queue
[2021-04-06 18:51:05,723] {logging_mixin.py:104} INFO - [2021-04-06 18:51:05,723] {dagbag.py:448} INFO - Filling up the DagBag from /Users/garonsmith/Desktop/airflow_study/airflow-etl-explore/.venv/lib/python3.8/site-packages/airflow/example_dags/example_short_circuit_operator.py
[2021-04-06 18:51:05,728] {scheduler_job.py:639} INFO - DAG(s) dict_keys(['example_short_circuit_operator']) retrieved from /Users/garonsmith/Desktop/airflow_study/airflow-etl-explore/.venv/lib/python3.8/site-packages/airflow/example_dags/example_short_circuit_operator.py
[2021-04-06 18:51:05,762] {logging_mixin.py:104} INFO - [2021-04-06 18:51:05,762] {dag.py:1818} INFO - Sync 1 DAGs
[2021-04-06 18:51:05,770] {logging_mixin.py:104} INFO - [2021-04-06 18:51:05,770] {dag.py:2273} INFO - Setting next_dagrun for example_short_circuit_operator to 2021-04-04 00:00:00+00:00
[2021-04-06 18:51:05,775] {scheduler_job.py:190} INFO - Processing /Users/garonsmith/Desktop/airflow_study/airflow-etl-explore/.venv/lib/python3.8/site-packages/airflow/example_dags/example_short_circuit_operator.py took 0.053 seconds
[2021-04-06 18:51:10,166] {scheduler_job.py:182} INFO - Started process (PID=21255) to work on /Users/garonsmith/Desktop/airflow_study/airflow-etl-explore/.venv/lib/python3.8/site-packages/airflow/example_dags/example_short_circuit_operator.py
[2021-04-06 18:51:10,166] {scheduler_job.py:629} INFO - Processing file /Users/garonsmith/Desktop/airflow_study/airflow-etl-explore/.venv/lib/python3.8/site-packages/airflow/example_dags/example_short_circuit_operator.py for tasks to queue
[2021-04-06 18:51:10,166] {logging_mixin.py:104} INFO - [2021-04-06 18:51:10,166] {dagbag.py:448} INFO - Filling up the DagBag from /Users/garonsmith/Desktop/airflow_study/airflow-etl-explore/.venv/lib/python3.8/site-packages/airflow/example_dags/example_short_circuit_operator.py
[2021-04-06 18:51:10,172] {scheduler_job.py:639} INFO - DAG(s) dict_keys(['example_short_circuit_operator']) retrieved from /Users/garonsmith/Desktop/airflow_study/airflow-etl-explore/.venv/lib/python3.8/site-packages/airflow/example_dags/example_short_circuit_operator.py
[2021-04-06 18:51:10,212] {logging_mixin.py:104} INFO - [2021-04-06 18:51:10,212] {dag.py:1818} INFO - Sync 1 DAGs
[2021-04-06 18:51:10,221] {logging_mixin.py:104} INFO - [2021-04-06 18:51:10,221] {dag.py:2273} INFO - Setting next_dagrun for example_short_circuit_operator to 2021-04-04 00:00:00+00:00
[2021-04-06 18:51:10,227] {scheduler_job.py:190} INFO - Processing /Users/garonsmith/Desktop/airflow_study/airflow-etl-explore/.venv/lib/python3.8/site-packages/airflow/example_dags/example_short_circuit_operator.py took 0.063 seconds
[2021-04-06 18:51:36,848] {scheduler_job.py:182} INFO - Started process (PID=21367) to work on /Users/garonsmith/Desktop/airflow_study/airflow-etl-explore/.venv/lib/python3.8/site-packages/airflow/example_dags/example_short_circuit_operator.py
[2021-04-06 18:51:36,848] {scheduler_job.py:629} INFO - Processing file /Users/garonsmith/Desktop/airflow_study/airflow-etl-explore/.venv/lib/python3.8/site-packages/airflow/example_dags/example_short_circuit_operator.py for tasks to queue
[2021-04-06 18:51:36,849] {logging_mixin.py:104} INFO - [2021-04-06 18:51:36,849] {dagbag.py:448} INFO - Filling up the DagBag from /Users/garonsmith/Desktop/airflow_study/airflow-etl-explore/.venv/lib/python3.8/site-packages/airflow/example_dags/example_short_circuit_operator.py
[2021-04-06 18:51:36,853] {scheduler_job.py:639} INFO - DAG(s) dict_keys(['example_short_circuit_operator']) retrieved from /Users/garonsmith/Desktop/airflow_study/airflow-etl-explore/.venv/lib/python3.8/site-packages/airflow/example_dags/example_short_circuit_operator.py
[2021-04-06 18:51:36,891] {logging_mixin.py:104} INFO - [2021-04-06 18:51:36,891] {dag.py:1818} INFO - Sync 1 DAGs
[2021-04-06 18:51:36,914] {logging_mixin.py:104} INFO - [2021-04-06 18:51:36,914] {dag.py:2273} INFO - Setting next_dagrun for example_short_circuit_operator to 2021-04-04 00:00:00+00:00
[2021-04-06 18:51:36,921] {scheduler_job.py:190} INFO - Processing /Users/garonsmith/Desktop/airflow_study/airflow-etl-explore/.venv/lib/python3.8/site-packages/airflow/example_dags/example_short_circuit_operator.py took 0.073 seconds
[2021-04-06 18:51:41,298] {scheduler_job.py:182} INFO - Started process (PID=21421) to work on /Users/garonsmith/Desktop/airflow_study/airflow-etl-explore/.venv/lib/python3.8/site-packages/airflow/example_dags/example_short_circuit_operator.py
[2021-04-06 18:51:41,299] {scheduler_job.py:629} INFO - Processing file /Users/garonsmith/Desktop/airflow_study/airflow-etl-explore/.venv/lib/python3.8/site-packages/airflow/example_dags/example_short_circuit_operator.py for tasks to queue
[2021-04-06 18:51:41,299] {logging_mixin.py:104} INFO - [2021-04-06 18:51:41,299] {dagbag.py:448} INFO - Filling up the DagBag from /Users/garonsmith/Desktop/airflow_study/airflow-etl-explore/.venv/lib/python3.8/site-packages/airflow/example_dags/example_short_circuit_operator.py
[2021-04-06 18:51:41,305] {scheduler_job.py:639} INFO - DAG(s) dict_keys(['example_short_circuit_operator']) retrieved from /Users/garonsmith/Desktop/airflow_study/airflow-etl-explore/.venv/lib/python3.8/site-packages/airflow/example_dags/example_short_circuit_operator.py
[2021-04-06 18:51:41,346] {logging_mixin.py:104} INFO - [2021-04-06 18:51:41,346] {dag.py:1818} INFO - Sync 1 DAGs
[2021-04-06 18:51:41,367] {logging_mixin.py:104} INFO - [2021-04-06 18:51:41,367] {dag.py:2273} INFO - Setting next_dagrun for example_short_circuit_operator to 2021-04-04 00:00:00+00:00
[2021-04-06 18:51:41,372] {scheduler_job.py:190} INFO - Processing /Users/garonsmith/Desktop/airflow_study/airflow-etl-explore/.venv/lib/python3.8/site-packages/airflow/example_dags/example_short_circuit_operator.py took 0.074 seconds
[2021-04-06 18:52:07,925] {scheduler_job.py:182} INFO - Started process (PID=21537) to work on /Users/garonsmith/Desktop/airflow_study/airflow-etl-explore/.venv/lib/python3.8/site-packages/airflow/example_dags/example_short_circuit_operator.py
[2021-04-06 18:52:07,925] {scheduler_job.py:629} INFO - Processing file /Users/garonsmith/Desktop/airflow_study/airflow-etl-explore/.venv/lib/python3.8/site-packages/airflow/example_dags/example_short_circuit_operator.py for tasks to queue
[2021-04-06 18:52:07,925] {logging_mixin.py:104} INFO - [2021-04-06 18:52:07,925] {dagbag.py:448} INFO - Filling up the DagBag from /Users/garonsmith/Desktop/airflow_study/airflow-etl-explore/.venv/lib/python3.8/site-packages/airflow/example_dags/example_short_circuit_operator.py
[2021-04-06 18:52:07,931] {scheduler_job.py:639} INFO - DAG(s) dict_keys(['example_short_circuit_operator']) retrieved from /Users/garonsmith/Desktop/airflow_study/airflow-etl-explore/.venv/lib/python3.8/site-packages/airflow/example_dags/example_short_circuit_operator.py
[2021-04-06 18:52:07,964] {logging_mixin.py:104} INFO - [2021-04-06 18:52:07,964] {dag.py:1818} INFO - Sync 1 DAGs
[2021-04-06 18:52:07,972] {logging_mixin.py:104} INFO - [2021-04-06 18:52:07,972] {dag.py:2273} INFO - Setting next_dagrun for example_short_circuit_operator to 2021-04-04 00:00:00+00:00
[2021-04-06 18:52:07,976] {scheduler_job.py:190} INFO - Processing /Users/garonsmith/Desktop/airflow_study/airflow-etl-explore/.venv/lib/python3.8/site-packages/airflow/example_dags/example_short_circuit_operator.py took 0.052 seconds
[2021-04-06 18:52:38,964] {scheduler_job.py:182} INFO - Started process (PID=21633) to work on /Users/garonsmith/Desktop/airflow_study/airflow-etl-explore/.venv/lib/python3.8/site-packages/airflow/example_dags/example_short_circuit_operator.py
[2021-04-06 18:52:38,964] {scheduler_job.py:629} INFO - Processing file /Users/garonsmith/Desktop/airflow_study/airflow-etl-explore/.venv/lib/python3.8/site-packages/airflow/example_dags/example_short_circuit_operator.py for tasks to queue
[2021-04-06 18:52:38,964] {logging_mixin.py:104} INFO - [2021-04-06 18:52:38,964] {dagbag.py:448} INFO - Filling up the DagBag from /Users/garonsmith/Desktop/airflow_study/airflow-etl-explore/.venv/lib/python3.8/site-packages/airflow/example_dags/example_short_circuit_operator.py
[2021-04-06 18:52:38,969] {scheduler_job.py:639} INFO - DAG(s) dict_keys(['example_short_circuit_operator']) retrieved from /Users/garonsmith/Desktop/airflow_study/airflow-etl-explore/.venv/lib/python3.8/site-packages/airflow/example_dags/example_short_circuit_operator.py
[2021-04-06 18:52:39,014] {logging_mixin.py:104} INFO - [2021-04-06 18:52:39,014] {dag.py:1818} INFO - Sync 1 DAGs
[2021-04-06 18:52:39,021] {logging_mixin.py:104} INFO - [2021-04-06 18:52:39,021] {dag.py:2273} INFO - Setting next_dagrun for example_short_circuit_operator to 2021-04-04 00:00:00+00:00
[2021-04-06 18:52:39,028] {scheduler_job.py:190} INFO - Processing /Users/garonsmith/Desktop/airflow_study/airflow-etl-explore/.venv/lib/python3.8/site-packages/airflow/example_dags/example_short_circuit_operator.py took 0.065 seconds
[2021-04-06 18:53:09,996] {scheduler_job.py:182} INFO - Started process (PID=21722) to work on /Users/garonsmith/Desktop/airflow_study/airflow-etl-explore/.venv/lib/python3.8/site-packages/airflow/example_dags/example_short_circuit_operator.py
[2021-04-06 18:53:09,996] {scheduler_job.py:629} INFO - Processing file /Users/garonsmith/Desktop/airflow_study/airflow-etl-explore/.venv/lib/python3.8/site-packages/airflow/example_dags/example_short_circuit_operator.py for tasks to queue
[2021-04-06 18:53:09,996] {logging_mixin.py:104} INFO - [2021-04-06 18:53:09,996] {dagbag.py:448} INFO - Filling up the DagBag from /Users/garonsmith/Desktop/airflow_study/airflow-etl-explore/.venv/lib/python3.8/site-packages/airflow/example_dags/example_short_circuit_operator.py
[2021-04-06 18:53:10,002] {scheduler_job.py:639} INFO - DAG(s) dict_keys(['example_short_circuit_operator']) retrieved from /Users/garonsmith/Desktop/airflow_study/airflow-etl-explore/.venv/lib/python3.8/site-packages/airflow/example_dags/example_short_circuit_operator.py
[2021-04-06 18:53:10,042] {logging_mixin.py:104} INFO - [2021-04-06 18:53:10,042] {dag.py:1818} INFO - Sync 1 DAGs
[2021-04-06 18:53:10,066] {logging_mixin.py:104} INFO - [2021-04-06 18:53:10,065] {dag.py:2273} INFO - Setting next_dagrun for example_short_circuit_operator to 2021-04-04 00:00:00+00:00
[2021-04-06 18:53:10,070] {scheduler_job.py:190} INFO - Processing /Users/garonsmith/Desktop/airflow_study/airflow-etl-explore/.venv/lib/python3.8/site-packages/airflow/example_dags/example_short_circuit_operator.py took 0.075 seconds
[2021-04-06 18:53:41,047] {scheduler_job.py:182} INFO - Started process (PID=21821) to work on /Users/garonsmith/Desktop/airflow_study/airflow-etl-explore/.venv/lib/python3.8/site-packages/airflow/example_dags/example_short_circuit_operator.py
[2021-04-06 18:53:41,047] {scheduler_job.py:629} INFO - Processing file /Users/garonsmith/Desktop/airflow_study/airflow-etl-explore/.venv/lib/python3.8/site-packages/airflow/example_dags/example_short_circuit_operator.py for tasks to queue
[2021-04-06 18:53:41,048] {logging_mixin.py:104} INFO - [2021-04-06 18:53:41,048] {dagbag.py:448} INFO - Filling up the DagBag from /Users/garonsmith/Desktop/airflow_study/airflow-etl-explore/.venv/lib/python3.8/site-packages/airflow/example_dags/example_short_circuit_operator.py
[2021-04-06 18:53:41,053] {scheduler_job.py:639} INFO - DAG(s) dict_keys(['example_short_circuit_operator']) retrieved from /Users/garonsmith/Desktop/airflow_study/airflow-etl-explore/.venv/lib/python3.8/site-packages/airflow/example_dags/example_short_circuit_operator.py
[2021-04-06 18:53:41,116] {logging_mixin.py:104} INFO - [2021-04-06 18:53:41,116] {dag.py:1818} INFO - Sync 1 DAGs
[2021-04-06 18:53:41,124] {logging_mixin.py:104} INFO - [2021-04-06 18:53:41,124] {dag.py:2273} INFO - Setting next_dagrun for example_short_circuit_operator to 2021-04-04 00:00:00+00:00
[2021-04-06 18:53:41,145] {scheduler_job.py:190} INFO - Processing /Users/garonsmith/Desktop/airflow_study/airflow-etl-explore/.venv/lib/python3.8/site-packages/airflow/example_dags/example_short_circuit_operator.py took 0.099 seconds
[2021-04-06 18:54:12,103] {scheduler_job.py:182} INFO - Started process (PID=21925) to work on /Users/garonsmith/Desktop/airflow_study/airflow-etl-explore/.venv/lib/python3.8/site-packages/airflow/example_dags/example_short_circuit_operator.py
[2021-04-06 18:54:12,103] {scheduler_job.py:629} INFO - Processing file /Users/garonsmith/Desktop/airflow_study/airflow-etl-explore/.venv/lib/python3.8/site-packages/airflow/example_dags/example_short_circuit_operator.py for tasks to queue
[2021-04-06 18:54:12,104] {logging_mixin.py:104} INFO - [2021-04-06 18:54:12,104] {dagbag.py:448} INFO - Filling up the DagBag from /Users/garonsmith/Desktop/airflow_study/airflow-etl-explore/.venv/lib/python3.8/site-packages/airflow/example_dags/example_short_circuit_operator.py
[2021-04-06 18:54:12,108] {scheduler_job.py:639} INFO - DAG(s) dict_keys(['example_short_circuit_operator']) retrieved from /Users/garonsmith/Desktop/airflow_study/airflow-etl-explore/.venv/lib/python3.8/site-packages/airflow/example_dags/example_short_circuit_operator.py
[2021-04-06 18:54:12,142] {logging_mixin.py:104} INFO - [2021-04-06 18:54:12,142] {dag.py:1818} INFO - Sync 1 DAGs
[2021-04-06 18:54:12,148] {logging_mixin.py:104} INFO - [2021-04-06 18:54:12,148] {dag.py:2273} INFO - Setting next_dagrun for example_short_circuit_operator to 2021-04-04 00:00:00+00:00
[2021-04-06 18:54:12,168] {scheduler_job.py:190} INFO - Processing /Users/garonsmith/Desktop/airflow_study/airflow-etl-explore/.venv/lib/python3.8/site-packages/airflow/example_dags/example_short_circuit_operator.py took 0.065 seconds
