[2021-04-06 18:36:16,222] {scheduler_job.py:182} INFO - Started process (PID=17395) to work on /Users/garonsmith/Desktop/airflow_study/airflow-etl-explore/.venv/lib/python3.8/site-packages/airflow/example_dags/example_branch_operator.py
[2021-04-06 18:36:16,223] {scheduler_job.py:629} INFO - Processing file /Users/garonsmith/Desktop/airflow_study/airflow-etl-explore/.venv/lib/python3.8/site-packages/airflow/example_dags/example_branch_operator.py for tasks to queue
[2021-04-06 18:36:16,223] {logging_mixin.py:104} INFO - [2021-04-06 18:36:16,223] {dagbag.py:448} INFO - Filling up the DagBag from /Users/garonsmith/Desktop/airflow_study/airflow-etl-explore/.venv/lib/python3.8/site-packages/airflow/example_dags/example_branch_operator.py
[2021-04-06 18:36:16,229] {scheduler_job.py:639} INFO - DAG(s) dict_keys(['example_branch_operator']) retrieved from /Users/garonsmith/Desktop/airflow_study/airflow-etl-explore/.venv/lib/python3.8/site-packages/airflow/example_dags/example_branch_operator.py
[2021-04-06 18:36:16,258] {logging_mixin.py:104} INFO - [2021-04-06 18:36:16,258] {dag.py:1818} INFO - Sync 1 DAGs
[2021-04-06 18:36:16,268] {logging_mixin.py:104} INFO - [2021-04-06 18:36:16,268] {dag.py:2273} INFO - Setting next_dagrun for example_branch_operator to 2021-04-04 00:00:00+00:00
[2021-04-06 18:36:16,273] {scheduler_job.py:190} INFO - Processing /Users/garonsmith/Desktop/airflow_study/airflow-etl-explore/.venv/lib/python3.8/site-packages/airflow/example_dags/example_branch_operator.py took 0.051 seconds
[2021-04-06 18:36:47,419] {scheduler_job.py:182} INFO - Started process (PID=17485) to work on /Users/garonsmith/Desktop/airflow_study/airflow-etl-explore/.venv/lib/python3.8/site-packages/airflow/example_dags/example_branch_operator.py
[2021-04-06 18:36:47,420] {scheduler_job.py:629} INFO - Processing file /Users/garonsmith/Desktop/airflow_study/airflow-etl-explore/.venv/lib/python3.8/site-packages/airflow/example_dags/example_branch_operator.py for tasks to queue
[2021-04-06 18:36:47,420] {logging_mixin.py:104} INFO - [2021-04-06 18:36:47,420] {dagbag.py:448} INFO - Filling up the DagBag from /Users/garonsmith/Desktop/airflow_study/airflow-etl-explore/.venv/lib/python3.8/site-packages/airflow/example_dags/example_branch_operator.py
[2021-04-06 18:36:47,426] {scheduler_job.py:639} INFO - DAG(s) dict_keys(['example_branch_operator']) retrieved from /Users/garonsmith/Desktop/airflow_study/airflow-etl-explore/.venv/lib/python3.8/site-packages/airflow/example_dags/example_branch_operator.py
[2021-04-06 18:36:47,456] {logging_mixin.py:104} INFO - [2021-04-06 18:36:47,456] {dag.py:1818} INFO - Sync 1 DAGs
[2021-04-06 18:36:47,466] {logging_mixin.py:104} INFO - [2021-04-06 18:36:47,466] {dag.py:2273} INFO - Setting next_dagrun for example_branch_operator to 2021-04-04 00:00:00+00:00
[2021-04-06 18:36:47,471] {scheduler_job.py:190} INFO - Processing /Users/garonsmith/Desktop/airflow_study/airflow-etl-explore/.venv/lib/python3.8/site-packages/airflow/example_dags/example_branch_operator.py took 0.053 seconds
[2021-04-06 18:37:18,612] {scheduler_job.py:182} INFO - Started process (PID=18383) to work on /Users/garonsmith/Desktop/airflow_study/airflow-etl-explore/.venv/lib/python3.8/site-packages/airflow/example_dags/example_branch_operator.py
[2021-04-06 18:37:18,613] {scheduler_job.py:629} INFO - Processing file /Users/garonsmith/Desktop/airflow_study/airflow-etl-explore/.venv/lib/python3.8/site-packages/airflow/example_dags/example_branch_operator.py for tasks to queue
[2021-04-06 18:37:18,613] {logging_mixin.py:104} INFO - [2021-04-06 18:37:18,613] {dagbag.py:448} INFO - Filling up the DagBag from /Users/garonsmith/Desktop/airflow_study/airflow-etl-explore/.venv/lib/python3.8/site-packages/airflow/example_dags/example_branch_operator.py
[2021-04-06 18:37:18,620] {scheduler_job.py:639} INFO - DAG(s) dict_keys(['example_branch_operator']) retrieved from /Users/garonsmith/Desktop/airflow_study/airflow-etl-explore/.venv/lib/python3.8/site-packages/airflow/example_dags/example_branch_operator.py
[2021-04-06 18:37:18,654] {logging_mixin.py:104} INFO - [2021-04-06 18:37:18,654] {dag.py:1818} INFO - Sync 1 DAGs
[2021-04-06 18:37:18,667] {logging_mixin.py:104} INFO - [2021-04-06 18:37:18,667] {dag.py:2273} INFO - Setting next_dagrun for example_branch_operator to 2021-04-04 00:00:00+00:00
[2021-04-06 18:37:18,673] {scheduler_job.py:190} INFO - Processing /Users/garonsmith/Desktop/airflow_study/airflow-etl-explore/.venv/lib/python3.8/site-packages/airflow/example_dags/example_branch_operator.py took 0.061 seconds
[2021-04-06 18:37:49,975] {scheduler_job.py:182} INFO - Started process (PID=18466) to work on /Users/garonsmith/Desktop/airflow_study/airflow-etl-explore/.venv/lib/python3.8/site-packages/airflow/example_dags/example_branch_operator.py
[2021-04-06 18:37:49,976] {scheduler_job.py:629} INFO - Processing file /Users/garonsmith/Desktop/airflow_study/airflow-etl-explore/.venv/lib/python3.8/site-packages/airflow/example_dags/example_branch_operator.py for tasks to queue
[2021-04-06 18:37:49,976] {logging_mixin.py:104} INFO - [2021-04-06 18:37:49,976] {dagbag.py:448} INFO - Filling up the DagBag from /Users/garonsmith/Desktop/airflow_study/airflow-etl-explore/.venv/lib/python3.8/site-packages/airflow/example_dags/example_branch_operator.py
[2021-04-06 18:37:49,983] {scheduler_job.py:639} INFO - DAG(s) dict_keys(['example_branch_operator']) retrieved from /Users/garonsmith/Desktop/airflow_study/airflow-etl-explore/.venv/lib/python3.8/site-packages/airflow/example_dags/example_branch_operator.py
[2021-04-06 18:37:50,019] {logging_mixin.py:104} INFO - [2021-04-06 18:37:50,018] {dag.py:1818} INFO - Sync 1 DAGs
[2021-04-06 18:37:50,032] {logging_mixin.py:104} INFO - [2021-04-06 18:37:50,032] {dag.py:2273} INFO - Setting next_dagrun for example_branch_operator to 2021-04-04 00:00:00+00:00
[2021-04-06 18:37:50,038] {scheduler_job.py:190} INFO - Processing /Users/garonsmith/Desktop/airflow_study/airflow-etl-explore/.venv/lib/python3.8/site-packages/airflow/example_dags/example_branch_operator.py took 0.064 seconds
[2021-04-06 18:38:20,678] {scheduler_job.py:182} INFO - Started process (PID=18551) to work on /Users/garonsmith/Desktop/airflow_study/airflow-etl-explore/.venv/lib/python3.8/site-packages/airflow/example_dags/example_branch_operator.py
[2021-04-06 18:38:20,679] {scheduler_job.py:629} INFO - Processing file /Users/garonsmith/Desktop/airflow_study/airflow-etl-explore/.venv/lib/python3.8/site-packages/airflow/example_dags/example_branch_operator.py for tasks to queue
[2021-04-06 18:38:20,679] {logging_mixin.py:104} INFO - [2021-04-06 18:38:20,679] {dagbag.py:448} INFO - Filling up the DagBag from /Users/garonsmith/Desktop/airflow_study/airflow-etl-explore/.venv/lib/python3.8/site-packages/airflow/example_dags/example_branch_operator.py
[2021-04-06 18:38:20,685] {scheduler_job.py:639} INFO - DAG(s) dict_keys(['example_branch_operator']) retrieved from /Users/garonsmith/Desktop/airflow_study/airflow-etl-explore/.venv/lib/python3.8/site-packages/airflow/example_dags/example_branch_operator.py
[2021-04-06 18:38:20,715] {logging_mixin.py:104} INFO - [2021-04-06 18:38:20,715] {dag.py:1818} INFO - Sync 1 DAGs
[2021-04-06 18:38:20,725] {logging_mixin.py:104} INFO - [2021-04-06 18:38:20,725] {dag.py:2273} INFO - Setting next_dagrun for example_branch_operator to 2021-04-04 00:00:00+00:00
[2021-04-06 18:38:20,730] {scheduler_job.py:190} INFO - Processing /Users/garonsmith/Desktop/airflow_study/airflow-etl-explore/.venv/lib/python3.8/site-packages/airflow/example_dags/example_branch_operator.py took 0.053 seconds
[2021-04-06 18:38:51,771] {scheduler_job.py:182} INFO - Started process (PID=18645) to work on /Users/garonsmith/Desktop/airflow_study/airflow-etl-explore/.venv/lib/python3.8/site-packages/airflow/example_dags/example_branch_operator.py
[2021-04-06 18:38:51,771] {scheduler_job.py:629} INFO - Processing file /Users/garonsmith/Desktop/airflow_study/airflow-etl-explore/.venv/lib/python3.8/site-packages/airflow/example_dags/example_branch_operator.py for tasks to queue
[2021-04-06 18:38:51,771] {logging_mixin.py:104} INFO - [2021-04-06 18:38:51,771] {dagbag.py:448} INFO - Filling up the DagBag from /Users/garonsmith/Desktop/airflow_study/airflow-etl-explore/.venv/lib/python3.8/site-packages/airflow/example_dags/example_branch_operator.py
[2021-04-06 18:38:51,777] {scheduler_job.py:639} INFO - DAG(s) dict_keys(['example_branch_operator']) retrieved from /Users/garonsmith/Desktop/airflow_study/airflow-etl-explore/.venv/lib/python3.8/site-packages/airflow/example_dags/example_branch_operator.py
[2021-04-06 18:38:51,813] {logging_mixin.py:104} INFO - [2021-04-06 18:38:51,813] {dag.py:1818} INFO - Sync 1 DAGs
[2021-04-06 18:38:51,825] {logging_mixin.py:104} INFO - [2021-04-06 18:38:51,825] {dag.py:2273} INFO - Setting next_dagrun for example_branch_operator to 2021-04-04 00:00:00+00:00
[2021-04-06 18:38:51,831] {scheduler_job.py:190} INFO - Processing /Users/garonsmith/Desktop/airflow_study/airflow-etl-explore/.venv/lib/python3.8/site-packages/airflow/example_dags/example_branch_operator.py took 0.061 seconds
[2021-04-06 18:39:22,621] {scheduler_job.py:182} INFO - Started process (PID=18735) to work on /Users/garonsmith/Desktop/airflow_study/airflow-etl-explore/.venv/lib/python3.8/site-packages/airflow/example_dags/example_branch_operator.py
[2021-04-06 18:39:22,621] {scheduler_job.py:629} INFO - Processing file /Users/garonsmith/Desktop/airflow_study/airflow-etl-explore/.venv/lib/python3.8/site-packages/airflow/example_dags/example_branch_operator.py for tasks to queue
[2021-04-06 18:39:22,621] {logging_mixin.py:104} INFO - [2021-04-06 18:39:22,621] {dagbag.py:448} INFO - Filling up the DagBag from /Users/garonsmith/Desktop/airflow_study/airflow-etl-explore/.venv/lib/python3.8/site-packages/airflow/example_dags/example_branch_operator.py
[2021-04-06 18:39:22,629] {scheduler_job.py:639} INFO - DAG(s) dict_keys(['example_branch_operator']) retrieved from /Users/garonsmith/Desktop/airflow_study/airflow-etl-explore/.venv/lib/python3.8/site-packages/airflow/example_dags/example_branch_operator.py
[2021-04-06 18:39:22,669] {logging_mixin.py:104} INFO - [2021-04-06 18:39:22,669] {dag.py:1818} INFO - Sync 1 DAGs
[2021-04-06 18:39:22,681] {logging_mixin.py:104} INFO - [2021-04-06 18:39:22,681] {dag.py:2273} INFO - Setting next_dagrun for example_branch_operator to 2021-04-04 00:00:00+00:00
[2021-04-06 18:39:22,687] {scheduler_job.py:190} INFO - Processing /Users/garonsmith/Desktop/airflow_study/airflow-etl-explore/.venv/lib/python3.8/site-packages/airflow/example_dags/example_branch_operator.py took 0.067 seconds
[2021-04-06 18:39:53,611] {scheduler_job.py:182} INFO - Started process (PID=18845) to work on /Users/garonsmith/Desktop/airflow_study/airflow-etl-explore/.venv/lib/python3.8/site-packages/airflow/example_dags/example_branch_operator.py
[2021-04-06 18:39:53,611] {scheduler_job.py:629} INFO - Processing file /Users/garonsmith/Desktop/airflow_study/airflow-etl-explore/.venv/lib/python3.8/site-packages/airflow/example_dags/example_branch_operator.py for tasks to queue
[2021-04-06 18:39:53,612] {logging_mixin.py:104} INFO - [2021-04-06 18:39:53,612] {dagbag.py:448} INFO - Filling up the DagBag from /Users/garonsmith/Desktop/airflow_study/airflow-etl-explore/.venv/lib/python3.8/site-packages/airflow/example_dags/example_branch_operator.py
[2021-04-06 18:39:53,618] {scheduler_job.py:639} INFO - DAG(s) dict_keys(['example_branch_operator']) retrieved from /Users/garonsmith/Desktop/airflow_study/airflow-etl-explore/.venv/lib/python3.8/site-packages/airflow/example_dags/example_branch_operator.py
[2021-04-06 18:39:53,668] {logging_mixin.py:104} INFO - [2021-04-06 18:39:53,668] {dag.py:1818} INFO - Sync 1 DAGs
[2021-04-06 18:39:53,681] {logging_mixin.py:104} INFO - [2021-04-06 18:39:53,680] {dag.py:2273} INFO - Setting next_dagrun for example_branch_operator to 2021-04-04 00:00:00+00:00
[2021-04-06 18:39:53,687] {scheduler_job.py:190} INFO - Processing /Users/garonsmith/Desktop/airflow_study/airflow-etl-explore/.venv/lib/python3.8/site-packages/airflow/example_dags/example_branch_operator.py took 0.077 seconds
[2021-04-06 18:40:25,222] {scheduler_job.py:182} INFO - Started process (PID=18954) to work on /Users/garonsmith/Desktop/airflow_study/airflow-etl-explore/.venv/lib/python3.8/site-packages/airflow/example_dags/example_branch_operator.py
[2021-04-06 18:40:25,222] {scheduler_job.py:629} INFO - Processing file /Users/garonsmith/Desktop/airflow_study/airflow-etl-explore/.venv/lib/python3.8/site-packages/airflow/example_dags/example_branch_operator.py for tasks to queue
[2021-04-06 18:40:25,222] {logging_mixin.py:104} INFO - [2021-04-06 18:40:25,222] {dagbag.py:448} INFO - Filling up the DagBag from /Users/garonsmith/Desktop/airflow_study/airflow-etl-explore/.venv/lib/python3.8/site-packages/airflow/example_dags/example_branch_operator.py
[2021-04-06 18:40:25,228] {scheduler_job.py:639} INFO - DAG(s) dict_keys(['example_branch_operator']) retrieved from /Users/garonsmith/Desktop/airflow_study/airflow-etl-explore/.venv/lib/python3.8/site-packages/airflow/example_dags/example_branch_operator.py
[2021-04-06 18:40:25,275] {logging_mixin.py:104} INFO - [2021-04-06 18:40:25,275] {dag.py:1818} INFO - Sync 1 DAGs
[2021-04-06 18:40:25,287] {logging_mixin.py:104} INFO - [2021-04-06 18:40:25,287] {dag.py:2273} INFO - Setting next_dagrun for example_branch_operator to 2021-04-04 00:00:00+00:00
[2021-04-06 18:40:25,305] {scheduler_job.py:190} INFO - Processing /Users/garonsmith/Desktop/airflow_study/airflow-etl-explore/.venv/lib/python3.8/site-packages/airflow/example_dags/example_branch_operator.py took 0.084 seconds
[2021-04-06 18:40:56,582] {scheduler_job.py:182} INFO - Started process (PID=19035) to work on /Users/garonsmith/Desktop/airflow_study/airflow-etl-explore/.venv/lib/python3.8/site-packages/airflow/example_dags/example_branch_operator.py
[2021-04-06 18:40:56,583] {scheduler_job.py:629} INFO - Processing file /Users/garonsmith/Desktop/airflow_study/airflow-etl-explore/.venv/lib/python3.8/site-packages/airflow/example_dags/example_branch_operator.py for tasks to queue
[2021-04-06 18:40:56,583] {logging_mixin.py:104} INFO - [2021-04-06 18:40:56,583] {dagbag.py:448} INFO - Filling up the DagBag from /Users/garonsmith/Desktop/airflow_study/airflow-etl-explore/.venv/lib/python3.8/site-packages/airflow/example_dags/example_branch_operator.py
[2021-04-06 18:40:56,590] {scheduler_job.py:639} INFO - DAG(s) dict_keys(['example_branch_operator']) retrieved from /Users/garonsmith/Desktop/airflow_study/airflow-etl-explore/.venv/lib/python3.8/site-packages/airflow/example_dags/example_branch_operator.py
[2021-04-06 18:40:56,629] {logging_mixin.py:104} INFO - [2021-04-06 18:40:56,629] {dag.py:1818} INFO - Sync 1 DAGs
[2021-04-06 18:40:56,659] {logging_mixin.py:104} INFO - [2021-04-06 18:40:56,658] {dag.py:2273} INFO - Setting next_dagrun for example_branch_operator to 2021-04-04 00:00:00+00:00
[2021-04-06 18:40:56,665] {scheduler_job.py:190} INFO - Processing /Users/garonsmith/Desktop/airflow_study/airflow-etl-explore/.venv/lib/python3.8/site-packages/airflow/example_dags/example_branch_operator.py took 0.083 seconds
[2021-04-06 18:41:27,980] {scheduler_job.py:182} INFO - Started process (PID=19127) to work on /Users/garonsmith/Desktop/airflow_study/airflow-etl-explore/.venv/lib/python3.8/site-packages/airflow/example_dags/example_branch_operator.py
[2021-04-06 18:41:27,980] {scheduler_job.py:629} INFO - Processing file /Users/garonsmith/Desktop/airflow_study/airflow-etl-explore/.venv/lib/python3.8/site-packages/airflow/example_dags/example_branch_operator.py for tasks to queue
[2021-04-06 18:41:27,981] {logging_mixin.py:104} INFO - [2021-04-06 18:41:27,981] {dagbag.py:448} INFO - Filling up the DagBag from /Users/garonsmith/Desktop/airflow_study/airflow-etl-explore/.venv/lib/python3.8/site-packages/airflow/example_dags/example_branch_operator.py
[2021-04-06 18:41:27,990] {scheduler_job.py:639} INFO - DAG(s) dict_keys(['example_branch_operator']) retrieved from /Users/garonsmith/Desktop/airflow_study/airflow-etl-explore/.venv/lib/python3.8/site-packages/airflow/example_dags/example_branch_operator.py
[2021-04-06 18:41:28,051] {logging_mixin.py:104} INFO - [2021-04-06 18:41:28,051] {dag.py:1818} INFO - Sync 1 DAGs
[2021-04-06 18:41:28,068] {logging_mixin.py:104} INFO - [2021-04-06 18:41:28,067] {dag.py:2273} INFO - Setting next_dagrun for example_branch_operator to 2021-04-04 00:00:00+00:00
[2021-04-06 18:41:28,076] {scheduler_job.py:190} INFO - Processing /Users/garonsmith/Desktop/airflow_study/airflow-etl-explore/.venv/lib/python3.8/site-packages/airflow/example_dags/example_branch_operator.py took 0.097 seconds
[2021-04-06 18:41:58,915] {scheduler_job.py:182} INFO - Started process (PID=19230) to work on /Users/garonsmith/Desktop/airflow_study/airflow-etl-explore/.venv/lib/python3.8/site-packages/airflow/example_dags/example_branch_operator.py
[2021-04-06 18:41:58,916] {scheduler_job.py:629} INFO - Processing file /Users/garonsmith/Desktop/airflow_study/airflow-etl-explore/.venv/lib/python3.8/site-packages/airflow/example_dags/example_branch_operator.py for tasks to queue
[2021-04-06 18:41:58,916] {logging_mixin.py:104} INFO - [2021-04-06 18:41:58,916] {dagbag.py:448} INFO - Filling up the DagBag from /Users/garonsmith/Desktop/airflow_study/airflow-etl-explore/.venv/lib/python3.8/site-packages/airflow/example_dags/example_branch_operator.py
[2021-04-06 18:41:58,922] {scheduler_job.py:639} INFO - DAG(s) dict_keys(['example_branch_operator']) retrieved from /Users/garonsmith/Desktop/airflow_study/airflow-etl-explore/.venv/lib/python3.8/site-packages/airflow/example_dags/example_branch_operator.py
[2021-04-06 18:41:58,974] {logging_mixin.py:104} INFO - [2021-04-06 18:41:58,974] {dag.py:1818} INFO - Sync 1 DAGs
[2021-04-06 18:41:58,984] {logging_mixin.py:104} INFO - [2021-04-06 18:41:58,984] {dag.py:2273} INFO - Setting next_dagrun for example_branch_operator to 2021-04-04 00:00:00+00:00
[2021-04-06 18:41:59,004] {scheduler_job.py:190} INFO - Processing /Users/garonsmith/Desktop/airflow_study/airflow-etl-explore/.venv/lib/python3.8/site-packages/airflow/example_dags/example_branch_operator.py took 0.089 seconds
[2021-04-06 18:42:29,716] {scheduler_job.py:182} INFO - Started process (PID=19319) to work on /Users/garonsmith/Desktop/airflow_study/airflow-etl-explore/.venv/lib/python3.8/site-packages/airflow/example_dags/example_branch_operator.py
[2021-04-06 18:42:29,716] {scheduler_job.py:629} INFO - Processing file /Users/garonsmith/Desktop/airflow_study/airflow-etl-explore/.venv/lib/python3.8/site-packages/airflow/example_dags/example_branch_operator.py for tasks to queue
[2021-04-06 18:42:29,716] {logging_mixin.py:104} INFO - [2021-04-06 18:42:29,716] {dagbag.py:448} INFO - Filling up the DagBag from /Users/garonsmith/Desktop/airflow_study/airflow-etl-explore/.venv/lib/python3.8/site-packages/airflow/example_dags/example_branch_operator.py
[2021-04-06 18:42:29,722] {scheduler_job.py:639} INFO - DAG(s) dict_keys(['example_branch_operator']) retrieved from /Users/garonsmith/Desktop/airflow_study/airflow-etl-explore/.venv/lib/python3.8/site-packages/airflow/example_dags/example_branch_operator.py
[2021-04-06 18:42:29,752] {logging_mixin.py:104} INFO - [2021-04-06 18:42:29,752] {dag.py:1818} INFO - Sync 1 DAGs
[2021-04-06 18:42:29,763] {logging_mixin.py:104} INFO - [2021-04-06 18:42:29,763] {dag.py:2273} INFO - Setting next_dagrun for example_branch_operator to 2021-04-04 00:00:00+00:00
[2021-04-06 18:42:29,769] {scheduler_job.py:190} INFO - Processing /Users/garonsmith/Desktop/airflow_study/airflow-etl-explore/.venv/lib/python3.8/site-packages/airflow/example_dags/example_branch_operator.py took 0.054 seconds
[2021-04-06 18:43:00,707] {scheduler_job.py:182} INFO - Started process (PID=19410) to work on /Users/garonsmith/Desktop/airflow_study/airflow-etl-explore/.venv/lib/python3.8/site-packages/airflow/example_dags/example_branch_operator.py
[2021-04-06 18:43:00,707] {scheduler_job.py:629} INFO - Processing file /Users/garonsmith/Desktop/airflow_study/airflow-etl-explore/.venv/lib/python3.8/site-packages/airflow/example_dags/example_branch_operator.py for tasks to queue
[2021-04-06 18:43:00,707] {logging_mixin.py:104} INFO - [2021-04-06 18:43:00,707] {dagbag.py:448} INFO - Filling up the DagBag from /Users/garonsmith/Desktop/airflow_study/airflow-etl-explore/.venv/lib/python3.8/site-packages/airflow/example_dags/example_branch_operator.py
[2021-04-06 18:43:00,713] {scheduler_job.py:639} INFO - DAG(s) dict_keys(['example_branch_operator']) retrieved from /Users/garonsmith/Desktop/airflow_study/airflow-etl-explore/.venv/lib/python3.8/site-packages/airflow/example_dags/example_branch_operator.py
[2021-04-06 18:43:00,752] {logging_mixin.py:104} INFO - [2021-04-06 18:43:00,752] {dag.py:1818} INFO - Sync 1 DAGs
[2021-04-06 18:43:00,764] {logging_mixin.py:104} INFO - [2021-04-06 18:43:00,764] {dag.py:2273} INFO - Setting next_dagrun for example_branch_operator to 2021-04-04 00:00:00+00:00
[2021-04-06 18:43:00,771] {scheduler_job.py:190} INFO - Processing /Users/garonsmith/Desktop/airflow_study/airflow-etl-explore/.venv/lib/python3.8/site-packages/airflow/example_dags/example_branch_operator.py took 0.065 seconds
[2021-04-06 18:43:31,860] {scheduler_job.py:182} INFO - Started process (PID=19526) to work on /Users/garonsmith/Desktop/airflow_study/airflow-etl-explore/.venv/lib/python3.8/site-packages/airflow/example_dags/example_branch_operator.py
[2021-04-06 18:43:31,861] {scheduler_job.py:629} INFO - Processing file /Users/garonsmith/Desktop/airflow_study/airflow-etl-explore/.venv/lib/python3.8/site-packages/airflow/example_dags/example_branch_operator.py for tasks to queue
[2021-04-06 18:43:31,861] {logging_mixin.py:104} INFO - [2021-04-06 18:43:31,861] {dagbag.py:448} INFO - Filling up the DagBag from /Users/garonsmith/Desktop/airflow_study/airflow-etl-explore/.venv/lib/python3.8/site-packages/airflow/example_dags/example_branch_operator.py
[2021-04-06 18:43:31,868] {scheduler_job.py:639} INFO - DAG(s) dict_keys(['example_branch_operator']) retrieved from /Users/garonsmith/Desktop/airflow_study/airflow-etl-explore/.venv/lib/python3.8/site-packages/airflow/example_dags/example_branch_operator.py
[2021-04-06 18:43:31,903] {logging_mixin.py:104} INFO - [2021-04-06 18:43:31,903] {dag.py:1818} INFO - Sync 1 DAGs
[2021-04-06 18:43:31,917] {logging_mixin.py:104} INFO - [2021-04-06 18:43:31,917] {dag.py:2273} INFO - Setting next_dagrun for example_branch_operator to 2021-04-04 00:00:00+00:00
[2021-04-06 18:43:31,923] {scheduler_job.py:190} INFO - Processing /Users/garonsmith/Desktop/airflow_study/airflow-etl-explore/.venv/lib/python3.8/site-packages/airflow/example_dags/example_branch_operator.py took 0.063 seconds
[2021-04-06 18:43:50,947] {scheduler_job.py:182} INFO - Started process (PID=19638) to work on /Users/garonsmith/Desktop/airflow_study/airflow-etl-explore/.venv/lib/python3.8/site-packages/airflow/example_dags/example_branch_operator.py
[2021-04-06 18:43:50,947] {scheduler_job.py:629} INFO - Processing file /Users/garonsmith/Desktop/airflow_study/airflow-etl-explore/.venv/lib/python3.8/site-packages/airflow/example_dags/example_branch_operator.py for tasks to queue
[2021-04-06 18:43:50,947] {logging_mixin.py:104} INFO - [2021-04-06 18:43:50,947] {dagbag.py:448} INFO - Filling up the DagBag from /Users/garonsmith/Desktop/airflow_study/airflow-etl-explore/.venv/lib/python3.8/site-packages/airflow/example_dags/example_branch_operator.py
[2021-04-06 18:43:50,953] {scheduler_job.py:639} INFO - DAG(s) dict_keys(['example_branch_operator']) retrieved from /Users/garonsmith/Desktop/airflow_study/airflow-etl-explore/.venv/lib/python3.8/site-packages/airflow/example_dags/example_branch_operator.py
[2021-04-06 18:43:50,984] {logging_mixin.py:104} INFO - [2021-04-06 18:43:50,984] {dag.py:1818} INFO - Sync 1 DAGs
[2021-04-06 18:43:51,012] {logging_mixin.py:104} INFO - [2021-04-06 18:43:51,011] {dag.py:2273} INFO - Setting next_dagrun for example_branch_operator to 2021-04-04 00:00:00+00:00
[2021-04-06 18:43:51,018] {scheduler_job.py:190} INFO - Processing /Users/garonsmith/Desktop/airflow_study/airflow-etl-explore/.venv/lib/python3.8/site-packages/airflow/example_dags/example_branch_operator.py took 0.072 seconds
[2021-04-06 18:44:21,803] {scheduler_job.py:182} INFO - Started process (PID=19727) to work on /Users/garonsmith/Desktop/airflow_study/airflow-etl-explore/.venv/lib/python3.8/site-packages/airflow/example_dags/example_branch_operator.py
[2021-04-06 18:44:21,803] {scheduler_job.py:629} INFO - Processing file /Users/garonsmith/Desktop/airflow_study/airflow-etl-explore/.venv/lib/python3.8/site-packages/airflow/example_dags/example_branch_operator.py for tasks to queue
[2021-04-06 18:44:21,804] {logging_mixin.py:104} INFO - [2021-04-06 18:44:21,804] {dagbag.py:448} INFO - Filling up the DagBag from /Users/garonsmith/Desktop/airflow_study/airflow-etl-explore/.venv/lib/python3.8/site-packages/airflow/example_dags/example_branch_operator.py
[2021-04-06 18:44:21,810] {scheduler_job.py:639} INFO - DAG(s) dict_keys(['example_branch_operator']) retrieved from /Users/garonsmith/Desktop/airflow_study/airflow-etl-explore/.venv/lib/python3.8/site-packages/airflow/example_dags/example_branch_operator.py
[2021-04-06 18:44:21,854] {logging_mixin.py:104} INFO - [2021-04-06 18:44:21,854] {dag.py:1818} INFO - Sync 1 DAGs
[2021-04-06 18:44:21,864] {logging_mixin.py:104} INFO - [2021-04-06 18:44:21,864] {dag.py:2273} INFO - Setting next_dagrun for example_branch_operator to 2021-04-04 00:00:00+00:00
[2021-04-06 18:44:21,870] {scheduler_job.py:190} INFO - Processing /Users/garonsmith/Desktop/airflow_study/airflow-etl-explore/.venv/lib/python3.8/site-packages/airflow/example_dags/example_branch_operator.py took 0.068 seconds
[2021-04-06 18:44:52,788] {scheduler_job.py:182} INFO - Started process (PID=19814) to work on /Users/garonsmith/Desktop/airflow_study/airflow-etl-explore/.venv/lib/python3.8/site-packages/airflow/example_dags/example_branch_operator.py
[2021-04-06 18:44:52,788] {scheduler_job.py:629} INFO - Processing file /Users/garonsmith/Desktop/airflow_study/airflow-etl-explore/.venv/lib/python3.8/site-packages/airflow/example_dags/example_branch_operator.py for tasks to queue
[2021-04-06 18:44:52,788] {logging_mixin.py:104} INFO - [2021-04-06 18:44:52,788] {dagbag.py:448} INFO - Filling up the DagBag from /Users/garonsmith/Desktop/airflow_study/airflow-etl-explore/.venv/lib/python3.8/site-packages/airflow/example_dags/example_branch_operator.py
[2021-04-06 18:44:52,794] {scheduler_job.py:639} INFO - DAG(s) dict_keys(['example_branch_operator']) retrieved from /Users/garonsmith/Desktop/airflow_study/airflow-etl-explore/.venv/lib/python3.8/site-packages/airflow/example_dags/example_branch_operator.py
[2021-04-06 18:44:52,832] {logging_mixin.py:104} INFO - [2021-04-06 18:44:52,832] {dag.py:1818} INFO - Sync 1 DAGs
[2021-04-06 18:44:52,858] {logging_mixin.py:104} INFO - [2021-04-06 18:44:52,858] {dag.py:2273} INFO - Setting next_dagrun for example_branch_operator to 2021-04-04 00:00:00+00:00
[2021-04-06 18:44:52,863] {scheduler_job.py:190} INFO - Processing /Users/garonsmith/Desktop/airflow_study/airflow-etl-explore/.venv/lib/python3.8/site-packages/airflow/example_dags/example_branch_operator.py took 0.076 seconds
[2021-04-06 18:45:24,081] {scheduler_job.py:182} INFO - Started process (PID=19903) to work on /Users/garonsmith/Desktop/airflow_study/airflow-etl-explore/.venv/lib/python3.8/site-packages/airflow/example_dags/example_branch_operator.py
[2021-04-06 18:45:24,082] {scheduler_job.py:629} INFO - Processing file /Users/garonsmith/Desktop/airflow_study/airflow-etl-explore/.venv/lib/python3.8/site-packages/airflow/example_dags/example_branch_operator.py for tasks to queue
[2021-04-06 18:45:24,082] {logging_mixin.py:104} INFO - [2021-04-06 18:45:24,082] {dagbag.py:448} INFO - Filling up the DagBag from /Users/garonsmith/Desktop/airflow_study/airflow-etl-explore/.venv/lib/python3.8/site-packages/airflow/example_dags/example_branch_operator.py
[2021-04-06 18:45:24,089] {scheduler_job.py:639} INFO - DAG(s) dict_keys(['example_branch_operator']) retrieved from /Users/garonsmith/Desktop/airflow_study/airflow-etl-explore/.venv/lib/python3.8/site-packages/airflow/example_dags/example_branch_operator.py
[2021-04-06 18:45:24,131] {logging_mixin.py:104} INFO - [2021-04-06 18:45:24,131] {dag.py:1818} INFO - Sync 1 DAGs
[2021-04-06 18:45:24,159] {logging_mixin.py:104} INFO - [2021-04-06 18:45:24,159] {dag.py:2273} INFO - Setting next_dagrun for example_branch_operator to 2021-04-04 00:00:00+00:00
[2021-04-06 18:45:24,166] {scheduler_job.py:190} INFO - Processing /Users/garonsmith/Desktop/airflow_study/airflow-etl-explore/.venv/lib/python3.8/site-packages/airflow/example_dags/example_branch_operator.py took 0.085 seconds
[2021-04-06 18:45:55,257] {scheduler_job.py:182} INFO - Started process (PID=19996) to work on /Users/garonsmith/Desktop/airflow_study/airflow-etl-explore/.venv/lib/python3.8/site-packages/airflow/example_dags/example_branch_operator.py
[2021-04-06 18:45:55,257] {scheduler_job.py:629} INFO - Processing file /Users/garonsmith/Desktop/airflow_study/airflow-etl-explore/.venv/lib/python3.8/site-packages/airflow/example_dags/example_branch_operator.py for tasks to queue
[2021-04-06 18:45:55,258] {logging_mixin.py:104} INFO - [2021-04-06 18:45:55,257] {dagbag.py:448} INFO - Filling up the DagBag from /Users/garonsmith/Desktop/airflow_study/airflow-etl-explore/.venv/lib/python3.8/site-packages/airflow/example_dags/example_branch_operator.py
[2021-04-06 18:45:55,264] {scheduler_job.py:639} INFO - DAG(s) dict_keys(['example_branch_operator']) retrieved from /Users/garonsmith/Desktop/airflow_study/airflow-etl-explore/.venv/lib/python3.8/site-packages/airflow/example_dags/example_branch_operator.py
[2021-04-06 18:45:55,307] {logging_mixin.py:104} INFO - [2021-04-06 18:45:55,307] {dag.py:1818} INFO - Sync 1 DAGs
[2021-04-06 18:45:55,319] {logging_mixin.py:104} INFO - [2021-04-06 18:45:55,319] {dag.py:2273} INFO - Setting next_dagrun for example_branch_operator to 2021-04-04 00:00:00+00:00
[2021-04-06 18:45:55,326] {scheduler_job.py:190} INFO - Processing /Users/garonsmith/Desktop/airflow_study/airflow-etl-explore/.venv/lib/python3.8/site-packages/airflow/example_dags/example_branch_operator.py took 0.069 seconds
[2021-04-06 18:46:26,042] {scheduler_job.py:182} INFO - Started process (PID=20083) to work on /Users/garonsmith/Desktop/airflow_study/airflow-etl-explore/.venv/lib/python3.8/site-packages/airflow/example_dags/example_branch_operator.py
[2021-04-06 18:46:26,042] {scheduler_job.py:629} INFO - Processing file /Users/garonsmith/Desktop/airflow_study/airflow-etl-explore/.venv/lib/python3.8/site-packages/airflow/example_dags/example_branch_operator.py for tasks to queue
[2021-04-06 18:46:26,043] {logging_mixin.py:104} INFO - [2021-04-06 18:46:26,043] {dagbag.py:448} INFO - Filling up the DagBag from /Users/garonsmith/Desktop/airflow_study/airflow-etl-explore/.venv/lib/python3.8/site-packages/airflow/example_dags/example_branch_operator.py
[2021-04-06 18:46:26,049] {scheduler_job.py:639} INFO - DAG(s) dict_keys(['example_branch_operator']) retrieved from /Users/garonsmith/Desktop/airflow_study/airflow-etl-explore/.venv/lib/python3.8/site-packages/airflow/example_dags/example_branch_operator.py
[2021-04-06 18:46:26,087] {logging_mixin.py:104} INFO - [2021-04-06 18:46:26,087] {dag.py:1818} INFO - Sync 1 DAGs
[2021-04-06 18:46:26,119] {logging_mixin.py:104} INFO - [2021-04-06 18:46:26,119] {dag.py:2273} INFO - Setting next_dagrun for example_branch_operator to 2021-04-04 00:00:00+00:00
[2021-04-06 18:46:26,127] {scheduler_job.py:190} INFO - Processing /Users/garonsmith/Desktop/airflow_study/airflow-etl-explore/.venv/lib/python3.8/site-packages/airflow/example_dags/example_branch_operator.py took 0.086 seconds
[2021-04-06 18:46:57,186] {scheduler_job.py:182} INFO - Started process (PID=20171) to work on /Users/garonsmith/Desktop/airflow_study/airflow-etl-explore/.venv/lib/python3.8/site-packages/airflow/example_dags/example_branch_operator.py
[2021-04-06 18:46:57,187] {scheduler_job.py:629} INFO - Processing file /Users/garonsmith/Desktop/airflow_study/airflow-etl-explore/.venv/lib/python3.8/site-packages/airflow/example_dags/example_branch_operator.py for tasks to queue
[2021-04-06 18:46:57,187] {logging_mixin.py:104} INFO - [2021-04-06 18:46:57,187] {dagbag.py:448} INFO - Filling up the DagBag from /Users/garonsmith/Desktop/airflow_study/airflow-etl-explore/.venv/lib/python3.8/site-packages/airflow/example_dags/example_branch_operator.py
[2021-04-06 18:46:57,194] {scheduler_job.py:639} INFO - DAG(s) dict_keys(['example_branch_operator']) retrieved from /Users/garonsmith/Desktop/airflow_study/airflow-etl-explore/.venv/lib/python3.8/site-packages/airflow/example_dags/example_branch_operator.py
[2021-04-06 18:46:57,260] {logging_mixin.py:104} INFO - [2021-04-06 18:46:57,260] {dag.py:1818} INFO - Sync 1 DAGs
[2021-04-06 18:46:57,275] {logging_mixin.py:104} INFO - [2021-04-06 18:46:57,275] {dag.py:2273} INFO - Setting next_dagrun for example_branch_operator to 2021-04-04 00:00:00+00:00
[2021-04-06 18:46:57,282] {scheduler_job.py:190} INFO - Processing /Users/garonsmith/Desktop/airflow_study/airflow-etl-explore/.venv/lib/python3.8/site-packages/airflow/example_dags/example_branch_operator.py took 0.096 seconds
[2021-04-06 18:47:28,585] {scheduler_job.py:182} INFO - Started process (PID=20261) to work on /Users/garonsmith/Desktop/airflow_study/airflow-etl-explore/.venv/lib/python3.8/site-packages/airflow/example_dags/example_branch_operator.py
[2021-04-06 18:47:28,586] {scheduler_job.py:629} INFO - Processing file /Users/garonsmith/Desktop/airflow_study/airflow-etl-explore/.venv/lib/python3.8/site-packages/airflow/example_dags/example_branch_operator.py for tasks to queue
[2021-04-06 18:47:28,586] {logging_mixin.py:104} INFO - [2021-04-06 18:47:28,586] {dagbag.py:448} INFO - Filling up the DagBag from /Users/garonsmith/Desktop/airflow_study/airflow-etl-explore/.venv/lib/python3.8/site-packages/airflow/example_dags/example_branch_operator.py
[2021-04-06 18:47:28,592] {scheduler_job.py:639} INFO - DAG(s) dict_keys(['example_branch_operator']) retrieved from /Users/garonsmith/Desktop/airflow_study/airflow-etl-explore/.venv/lib/python3.8/site-packages/airflow/example_dags/example_branch_operator.py
[2021-04-06 18:47:28,633] {logging_mixin.py:104} INFO - [2021-04-06 18:47:28,633] {dag.py:1818} INFO - Sync 1 DAGs
[2021-04-06 18:47:28,643] {logging_mixin.py:104} INFO - [2021-04-06 18:47:28,643] {dag.py:2273} INFO - Setting next_dagrun for example_branch_operator to 2021-04-04 00:00:00+00:00
[2021-04-06 18:47:28,661] {scheduler_job.py:190} INFO - Processing /Users/garonsmith/Desktop/airflow_study/airflow-etl-explore/.venv/lib/python3.8/site-packages/airflow/example_dags/example_branch_operator.py took 0.077 seconds
[2021-04-06 18:47:59,327] {scheduler_job.py:182} INFO - Started process (PID=20344) to work on /Users/garonsmith/Desktop/airflow_study/airflow-etl-explore/.venv/lib/python3.8/site-packages/airflow/example_dags/example_branch_operator.py
[2021-04-06 18:47:59,327] {scheduler_job.py:629} INFO - Processing file /Users/garonsmith/Desktop/airflow_study/airflow-etl-explore/.venv/lib/python3.8/site-packages/airflow/example_dags/example_branch_operator.py for tasks to queue
[2021-04-06 18:47:59,327] {logging_mixin.py:104} INFO - [2021-04-06 18:47:59,327] {dagbag.py:448} INFO - Filling up the DagBag from /Users/garonsmith/Desktop/airflow_study/airflow-etl-explore/.venv/lib/python3.8/site-packages/airflow/example_dags/example_branch_operator.py
[2021-04-06 18:47:59,333] {scheduler_job.py:639} INFO - DAG(s) dict_keys(['example_branch_operator']) retrieved from /Users/garonsmith/Desktop/airflow_study/airflow-etl-explore/.venv/lib/python3.8/site-packages/airflow/example_dags/example_branch_operator.py
[2021-04-06 18:47:59,380] {logging_mixin.py:104} INFO - [2021-04-06 18:47:59,380] {dag.py:1818} INFO - Sync 1 DAGs
[2021-04-06 18:47:59,391] {logging_mixin.py:104} INFO - [2021-04-06 18:47:59,391] {dag.py:2273} INFO - Setting next_dagrun for example_branch_operator to 2021-04-04 00:00:00+00:00
[2021-04-06 18:47:59,416] {scheduler_job.py:190} INFO - Processing /Users/garonsmith/Desktop/airflow_study/airflow-etl-explore/.venv/lib/python3.8/site-packages/airflow/example_dags/example_branch_operator.py took 0.089 seconds
[2021-04-06 18:48:30,023] {scheduler_job.py:182} INFO - Started process (PID=20429) to work on /Users/garonsmith/Desktop/airflow_study/airflow-etl-explore/.venv/lib/python3.8/site-packages/airflow/example_dags/example_branch_operator.py
[2021-04-06 18:48:30,024] {scheduler_job.py:629} INFO - Processing file /Users/garonsmith/Desktop/airflow_study/airflow-etl-explore/.venv/lib/python3.8/site-packages/airflow/example_dags/example_branch_operator.py for tasks to queue
[2021-04-06 18:48:30,024] {logging_mixin.py:104} INFO - [2021-04-06 18:48:30,024] {dagbag.py:448} INFO - Filling up the DagBag from /Users/garonsmith/Desktop/airflow_study/airflow-etl-explore/.venv/lib/python3.8/site-packages/airflow/example_dags/example_branch_operator.py
[2021-04-06 18:48:30,029] {scheduler_job.py:639} INFO - DAG(s) dict_keys(['example_branch_operator']) retrieved from /Users/garonsmith/Desktop/airflow_study/airflow-etl-explore/.venv/lib/python3.8/site-packages/airflow/example_dags/example_branch_operator.py
[2021-04-06 18:48:30,060] {logging_mixin.py:104} INFO - [2021-04-06 18:48:30,060] {dag.py:1818} INFO - Sync 1 DAGs
[2021-04-06 18:48:30,070] {logging_mixin.py:104} INFO - [2021-04-06 18:48:30,069] {dag.py:2273} INFO - Setting next_dagrun for example_branch_operator to 2021-04-04 00:00:00+00:00
[2021-04-06 18:48:30,075] {scheduler_job.py:190} INFO - Processing /Users/garonsmith/Desktop/airflow_study/airflow-etl-explore/.venv/lib/python3.8/site-packages/airflow/example_dags/example_branch_operator.py took 0.052 seconds
[2021-04-06 18:49:00,925] {scheduler_job.py:182} INFO - Started process (PID=20513) to work on /Users/garonsmith/Desktop/airflow_study/airflow-etl-explore/.venv/lib/python3.8/site-packages/airflow/example_dags/example_branch_operator.py
[2021-04-06 18:49:00,926] {scheduler_job.py:629} INFO - Processing file /Users/garonsmith/Desktop/airflow_study/airflow-etl-explore/.venv/lib/python3.8/site-packages/airflow/example_dags/example_branch_operator.py for tasks to queue
[2021-04-06 18:49:00,926] {logging_mixin.py:104} INFO - [2021-04-06 18:49:00,926] {dagbag.py:448} INFO - Filling up the DagBag from /Users/garonsmith/Desktop/airflow_study/airflow-etl-explore/.venv/lib/python3.8/site-packages/airflow/example_dags/example_branch_operator.py
[2021-04-06 18:49:00,931] {scheduler_job.py:639} INFO - DAG(s) dict_keys(['example_branch_operator']) retrieved from /Users/garonsmith/Desktop/airflow_study/airflow-etl-explore/.venv/lib/python3.8/site-packages/airflow/example_dags/example_branch_operator.py
[2021-04-06 18:49:00,981] {logging_mixin.py:104} INFO - [2021-04-06 18:49:00,981] {dag.py:1818} INFO - Sync 1 DAGs
[2021-04-06 18:49:00,991] {logging_mixin.py:104} INFO - [2021-04-06 18:49:00,991] {dag.py:2273} INFO - Setting next_dagrun for example_branch_operator to 2021-04-04 00:00:00+00:00
[2021-04-06 18:49:01,013] {scheduler_job.py:190} INFO - Processing /Users/garonsmith/Desktop/airflow_study/airflow-etl-explore/.venv/lib/python3.8/site-packages/airflow/example_dags/example_branch_operator.py took 0.088 seconds
[2021-04-06 18:49:10,498] {scheduler_job.py:182} INFO - Started process (PID=20640) to work on /Users/garonsmith/Desktop/airflow_study/airflow-etl-explore/.venv/lib/python3.8/site-packages/airflow/example_dags/example_branch_operator.py
[2021-04-06 18:49:10,498] {scheduler_job.py:629} INFO - Processing file /Users/garonsmith/Desktop/airflow_study/airflow-etl-explore/.venv/lib/python3.8/site-packages/airflow/example_dags/example_branch_operator.py for tasks to queue
[2021-04-06 18:49:10,499] {logging_mixin.py:104} INFO - [2021-04-06 18:49:10,499] {dagbag.py:448} INFO - Filling up the DagBag from /Users/garonsmith/Desktop/airflow_study/airflow-etl-explore/.venv/lib/python3.8/site-packages/airflow/example_dags/example_branch_operator.py
[2021-04-06 18:49:10,504] {scheduler_job.py:639} INFO - DAG(s) dict_keys(['example_branch_operator']) retrieved from /Users/garonsmith/Desktop/airflow_study/airflow-etl-explore/.venv/lib/python3.8/site-packages/airflow/example_dags/example_branch_operator.py
[2021-04-06 18:49:10,517] {logging_mixin.py:104} INFO - [2021-04-06 18:49:10,516] {dag.py:1818} INFO - Sync 1 DAGs
[2021-04-06 18:49:10,543] {logging_mixin.py:104} INFO - [2021-04-06 18:49:10,543] {dag.py:2273} INFO - Setting next_dagrun for example_branch_operator to 2021-04-04 00:00:00+00:00
[2021-04-06 18:49:10,563] {scheduler_job.py:190} INFO - Processing /Users/garonsmith/Desktop/airflow_study/airflow-etl-explore/.venv/lib/python3.8/site-packages/airflow/example_dags/example_branch_operator.py took 0.065 seconds
[2021-04-06 18:49:31,894] {scheduler_job.py:182} INFO - Started process (PID=20686) to work on /Users/garonsmith/Desktop/airflow_study/airflow-etl-explore/.venv/lib/python3.8/site-packages/airflow/example_dags/example_branch_operator.py
[2021-04-06 18:49:31,895] {scheduler_job.py:629} INFO - Processing file /Users/garonsmith/Desktop/airflow_study/airflow-etl-explore/.venv/lib/python3.8/site-packages/airflow/example_dags/example_branch_operator.py for tasks to queue
[2021-04-06 18:49:31,895] {logging_mixin.py:104} INFO - [2021-04-06 18:49:31,895] {dagbag.py:448} INFO - Filling up the DagBag from /Users/garonsmith/Desktop/airflow_study/airflow-etl-explore/.venv/lib/python3.8/site-packages/airflow/example_dags/example_branch_operator.py
[2021-04-06 18:49:31,903] {scheduler_job.py:639} INFO - DAG(s) dict_keys(['example_branch_operator']) retrieved from /Users/garonsmith/Desktop/airflow_study/airflow-etl-explore/.venv/lib/python3.8/site-packages/airflow/example_dags/example_branch_operator.py
[2021-04-06 18:49:31,943] {logging_mixin.py:104} INFO - [2021-04-06 18:49:31,943] {dag.py:1818} INFO - Sync 1 DAGs
[2021-04-06 18:49:31,970] {logging_mixin.py:104} INFO - [2021-04-06 18:49:31,970] {dag.py:2273} INFO - Setting next_dagrun for example_branch_operator to 2021-04-04 00:00:00+00:00
[2021-04-06 18:49:31,982] {scheduler_job.py:190} INFO - Processing /Users/garonsmith/Desktop/airflow_study/airflow-etl-explore/.venv/lib/python3.8/site-packages/airflow/example_dags/example_branch_operator.py took 0.089 seconds
[2021-04-06 18:49:41,836] {scheduler_job.py:182} INFO - Started process (PID=20808) to work on /Users/garonsmith/Desktop/airflow_study/airflow-etl-explore/.venv/lib/python3.8/site-packages/airflow/example_dags/example_branch_operator.py
[2021-04-06 18:49:41,836] {scheduler_job.py:629} INFO - Processing file /Users/garonsmith/Desktop/airflow_study/airflow-etl-explore/.venv/lib/python3.8/site-packages/airflow/example_dags/example_branch_operator.py for tasks to queue
[2021-04-06 18:49:41,837] {logging_mixin.py:104} INFO - [2021-04-06 18:49:41,837] {dagbag.py:448} INFO - Filling up the DagBag from /Users/garonsmith/Desktop/airflow_study/airflow-etl-explore/.venv/lib/python3.8/site-packages/airflow/example_dags/example_branch_operator.py
[2021-04-06 18:49:41,843] {scheduler_job.py:639} INFO - DAG(s) dict_keys(['example_branch_operator']) retrieved from /Users/garonsmith/Desktop/airflow_study/airflow-etl-explore/.venv/lib/python3.8/site-packages/airflow/example_dags/example_branch_operator.py
[2021-04-06 18:49:41,870] {logging_mixin.py:104} INFO - [2021-04-06 18:49:41,870] {dag.py:1818} INFO - Sync 1 DAGs
[2021-04-06 18:49:41,918] {logging_mixin.py:104} INFO - [2021-04-06 18:49:41,918] {dag.py:2273} INFO - Setting next_dagrun for example_branch_operator to 2021-04-04 00:00:00+00:00
[2021-04-06 18:49:41,924] {scheduler_job.py:190} INFO - Processing /Users/garonsmith/Desktop/airflow_study/airflow-etl-explore/.venv/lib/python3.8/site-packages/airflow/example_dags/example_branch_operator.py took 0.089 seconds
[2021-04-06 18:50:02,876] {scheduler_job.py:182} INFO - Started process (PID=20862) to work on /Users/garonsmith/Desktop/airflow_study/airflow-etl-explore/.venv/lib/python3.8/site-packages/airflow/example_dags/example_branch_operator.py
[2021-04-06 18:50:02,876] {scheduler_job.py:629} INFO - Processing file /Users/garonsmith/Desktop/airflow_study/airflow-etl-explore/.venv/lib/python3.8/site-packages/airflow/example_dags/example_branch_operator.py for tasks to queue
[2021-04-06 18:50:02,876] {logging_mixin.py:104} INFO - [2021-04-06 18:50:02,876] {dagbag.py:448} INFO - Filling up the DagBag from /Users/garonsmith/Desktop/airflow_study/airflow-etl-explore/.venv/lib/python3.8/site-packages/airflow/example_dags/example_branch_operator.py
[2021-04-06 18:50:02,882] {scheduler_job.py:639} INFO - DAG(s) dict_keys(['example_branch_operator']) retrieved from /Users/garonsmith/Desktop/airflow_study/airflow-etl-explore/.venv/lib/python3.8/site-packages/airflow/example_dags/example_branch_operator.py
[2021-04-06 18:50:02,937] {logging_mixin.py:104} INFO - [2021-04-06 18:50:02,937] {dag.py:1818} INFO - Sync 1 DAGs
[2021-04-06 18:50:02,969] {logging_mixin.py:104} INFO - [2021-04-06 18:50:02,969] {dag.py:2273} INFO - Setting next_dagrun for example_branch_operator to 2021-04-04 00:00:00+00:00
[2021-04-06 18:50:02,976] {scheduler_job.py:190} INFO - Processing /Users/garonsmith/Desktop/airflow_study/airflow-etl-explore/.venv/lib/python3.8/site-packages/airflow/example_dags/example_branch_operator.py took 0.101 seconds
[2021-04-06 18:50:12,993] {scheduler_job.py:182} INFO - Started process (PID=20979) to work on /Users/garonsmith/Desktop/airflow_study/airflow-etl-explore/.venv/lib/python3.8/site-packages/airflow/example_dags/example_branch_operator.py
[2021-04-06 18:50:12,993] {scheduler_job.py:629} INFO - Processing file /Users/garonsmith/Desktop/airflow_study/airflow-etl-explore/.venv/lib/python3.8/site-packages/airflow/example_dags/example_branch_operator.py for tasks to queue
[2021-04-06 18:50:12,993] {logging_mixin.py:104} INFO - [2021-04-06 18:50:12,993] {dagbag.py:448} INFO - Filling up the DagBag from /Users/garonsmith/Desktop/airflow_study/airflow-etl-explore/.venv/lib/python3.8/site-packages/airflow/example_dags/example_branch_operator.py
[2021-04-06 18:50:13,000] {scheduler_job.py:639} INFO - DAG(s) dict_keys(['example_branch_operator']) retrieved from /Users/garonsmith/Desktop/airflow_study/airflow-etl-explore/.venv/lib/python3.8/site-packages/airflow/example_dags/example_branch_operator.py
[2021-04-06 18:50:13,019] {logging_mixin.py:104} INFO - [2021-04-06 18:50:13,019] {dag.py:1818} INFO - Sync 1 DAGs
[2021-04-06 18:50:13,047] {logging_mixin.py:104} INFO - [2021-04-06 18:50:13,047] {dag.py:2273} INFO - Setting next_dagrun for example_branch_operator to 2021-04-04 00:00:00+00:00
[2021-04-06 18:50:13,065] {scheduler_job.py:190} INFO - Processing /Users/garonsmith/Desktop/airflow_study/airflow-etl-explore/.venv/lib/python3.8/site-packages/airflow/example_dags/example_branch_operator.py took 0.073 seconds
[2021-04-06 18:50:33,765] {scheduler_job.py:182} INFO - Started process (PID=21028) to work on /Users/garonsmith/Desktop/airflow_study/airflow-etl-explore/.venv/lib/python3.8/site-packages/airflow/example_dags/example_branch_operator.py
[2021-04-06 18:50:33,765] {scheduler_job.py:629} INFO - Processing file /Users/garonsmith/Desktop/airflow_study/airflow-etl-explore/.venv/lib/python3.8/site-packages/airflow/example_dags/example_branch_operator.py for tasks to queue
[2021-04-06 18:50:33,765] {logging_mixin.py:104} INFO - [2021-04-06 18:50:33,765] {dagbag.py:448} INFO - Filling up the DagBag from /Users/garonsmith/Desktop/airflow_study/airflow-etl-explore/.venv/lib/python3.8/site-packages/airflow/example_dags/example_branch_operator.py
[2021-04-06 18:50:33,772] {scheduler_job.py:639} INFO - DAG(s) dict_keys(['example_branch_operator']) retrieved from /Users/garonsmith/Desktop/airflow_study/airflow-etl-explore/.venv/lib/python3.8/site-packages/airflow/example_dags/example_branch_operator.py
[2021-04-06 18:50:33,815] {logging_mixin.py:104} INFO - [2021-04-06 18:50:33,815] {dag.py:1818} INFO - Sync 1 DAGs
[2021-04-06 18:50:33,830] {logging_mixin.py:104} INFO - [2021-04-06 18:50:33,829] {dag.py:2273} INFO - Setting next_dagrun for example_branch_operator to 2021-04-04 00:00:00+00:00
[2021-04-06 18:50:33,836] {scheduler_job.py:190} INFO - Processing /Users/garonsmith/Desktop/airflow_study/airflow-etl-explore/.venv/lib/python3.8/site-packages/airflow/example_dags/example_branch_operator.py took 0.072 seconds
[2021-04-06 18:50:43,851] {scheduler_job.py:182} INFO - Started process (PID=21140) to work on /Users/garonsmith/Desktop/airflow_study/airflow-etl-explore/.venv/lib/python3.8/site-packages/airflow/example_dags/example_branch_operator.py
[2021-04-06 18:50:43,851] {scheduler_job.py:629} INFO - Processing file /Users/garonsmith/Desktop/airflow_study/airflow-etl-explore/.venv/lib/python3.8/site-packages/airflow/example_dags/example_branch_operator.py for tasks to queue
[2021-04-06 18:50:43,852] {logging_mixin.py:104} INFO - [2021-04-06 18:50:43,852] {dagbag.py:448} INFO - Filling up the DagBag from /Users/garonsmith/Desktop/airflow_study/airflow-etl-explore/.venv/lib/python3.8/site-packages/airflow/example_dags/example_branch_operator.py
[2021-04-06 18:50:43,857] {scheduler_job.py:639} INFO - DAG(s) dict_keys(['example_branch_operator']) retrieved from /Users/garonsmith/Desktop/airflow_study/airflow-etl-explore/.venv/lib/python3.8/site-packages/airflow/example_dags/example_branch_operator.py
[2021-04-06 18:50:43,868] {logging_mixin.py:104} INFO - [2021-04-06 18:50:43,868] {dag.py:1818} INFO - Sync 1 DAGs
[2021-04-06 18:50:43,894] {logging_mixin.py:104} INFO - [2021-04-06 18:50:43,894] {dag.py:2273} INFO - Setting next_dagrun for example_branch_operator to 2021-04-04 00:00:00+00:00
[2021-04-06 18:50:43,918] {scheduler_job.py:190} INFO - Processing /Users/garonsmith/Desktop/airflow_study/airflow-etl-explore/.venv/lib/python3.8/site-packages/airflow/example_dags/example_branch_operator.py took 0.068 seconds
[2021-04-06 18:51:05,069] {scheduler_job.py:182} INFO - Started process (PID=21196) to work on /Users/garonsmith/Desktop/airflow_study/airflow-etl-explore/.venv/lib/python3.8/site-packages/airflow/example_dags/example_branch_operator.py
[2021-04-06 18:51:05,070] {scheduler_job.py:629} INFO - Processing file /Users/garonsmith/Desktop/airflow_study/airflow-etl-explore/.venv/lib/python3.8/site-packages/airflow/example_dags/example_branch_operator.py for tasks to queue
[2021-04-06 18:51:05,070] {logging_mixin.py:104} INFO - [2021-04-06 18:51:05,070] {dagbag.py:448} INFO - Filling up the DagBag from /Users/garonsmith/Desktop/airflow_study/airflow-etl-explore/.venv/lib/python3.8/site-packages/airflow/example_dags/example_branch_operator.py
[2021-04-06 18:51:05,075] {scheduler_job.py:639} INFO - DAG(s) dict_keys(['example_branch_operator']) retrieved from /Users/garonsmith/Desktop/airflow_study/airflow-etl-explore/.venv/lib/python3.8/site-packages/airflow/example_dags/example_branch_operator.py
[2021-04-06 18:51:05,116] {logging_mixin.py:104} INFO - [2021-04-06 18:51:05,115] {dag.py:1818} INFO - Sync 1 DAGs
[2021-04-06 18:51:05,129] {logging_mixin.py:104} INFO - [2021-04-06 18:51:05,129] {dag.py:2273} INFO - Setting next_dagrun for example_branch_operator to 2021-04-04 00:00:00+00:00
[2021-04-06 18:51:05,135] {scheduler_job.py:190} INFO - Processing /Users/garonsmith/Desktop/airflow_study/airflow-etl-explore/.venv/lib/python3.8/site-packages/airflow/example_dags/example_branch_operator.py took 0.066 seconds
[2021-04-06 18:51:16,619] {scheduler_job.py:182} INFO - Started process (PID=21315) to work on /Users/garonsmith/Desktop/airflow_study/airflow-etl-explore/.venv/lib/python3.8/site-packages/airflow/example_dags/example_branch_operator.py
[2021-04-06 18:51:16,619] {scheduler_job.py:629} INFO - Processing file /Users/garonsmith/Desktop/airflow_study/airflow-etl-explore/.venv/lib/python3.8/site-packages/airflow/example_dags/example_branch_operator.py for tasks to queue
[2021-04-06 18:51:16,619] {logging_mixin.py:104} INFO - [2021-04-06 18:51:16,619] {dagbag.py:448} INFO - Filling up the DagBag from /Users/garonsmith/Desktop/airflow_study/airflow-etl-explore/.venv/lib/python3.8/site-packages/airflow/example_dags/example_branch_operator.py
[2021-04-06 18:51:16,625] {scheduler_job.py:639} INFO - DAG(s) dict_keys(['example_branch_operator']) retrieved from /Users/garonsmith/Desktop/airflow_study/airflow-etl-explore/.venv/lib/python3.8/site-packages/airflow/example_dags/example_branch_operator.py
[2021-04-06 18:51:16,637] {logging_mixin.py:104} INFO - [2021-04-06 18:51:16,637] {dag.py:1818} INFO - Sync 1 DAGs
[2021-04-06 18:51:16,671] {logging_mixin.py:104} INFO - [2021-04-06 18:51:16,671] {dag.py:2273} INFO - Setting next_dagrun for example_branch_operator to 2021-04-04 00:00:00+00:00
[2021-04-06 18:51:16,676] {scheduler_job.py:190} INFO - Processing /Users/garonsmith/Desktop/airflow_study/airflow-etl-explore/.venv/lib/python3.8/site-packages/airflow/example_dags/example_branch_operator.py took 0.057 seconds
[2021-04-06 18:51:36,149] {scheduler_job.py:182} INFO - Started process (PID=21361) to work on /Users/garonsmith/Desktop/airflow_study/airflow-etl-explore/.venv/lib/python3.8/site-packages/airflow/example_dags/example_branch_operator.py
[2021-04-06 18:51:36,149] {scheduler_job.py:629} INFO - Processing file /Users/garonsmith/Desktop/airflow_study/airflow-etl-explore/.venv/lib/python3.8/site-packages/airflow/example_dags/example_branch_operator.py for tasks to queue
[2021-04-06 18:51:36,149] {logging_mixin.py:104} INFO - [2021-04-06 18:51:36,149] {dagbag.py:448} INFO - Filling up the DagBag from /Users/garonsmith/Desktop/airflow_study/airflow-etl-explore/.venv/lib/python3.8/site-packages/airflow/example_dags/example_branch_operator.py
[2021-04-06 18:51:36,155] {scheduler_job.py:639} INFO - DAG(s) dict_keys(['example_branch_operator']) retrieved from /Users/garonsmith/Desktop/airflow_study/airflow-etl-explore/.venv/lib/python3.8/site-packages/airflow/example_dags/example_branch_operator.py
[2021-04-06 18:51:36,190] {logging_mixin.py:104} INFO - [2021-04-06 18:51:36,190] {dag.py:1818} INFO - Sync 1 DAGs
[2021-04-06 18:51:36,223] {logging_mixin.py:104} INFO - [2021-04-06 18:51:36,223] {dag.py:2273} INFO - Setting next_dagrun for example_branch_operator to 2021-04-04 00:00:00+00:00
[2021-04-06 18:51:36,233] {scheduler_job.py:190} INFO - Processing /Users/garonsmith/Desktop/airflow_study/airflow-etl-explore/.venv/lib/python3.8/site-packages/airflow/example_dags/example_branch_operator.py took 0.085 seconds
[2021-04-06 18:51:48,248] {scheduler_job.py:182} INFO - Started process (PID=21486) to work on /Users/garonsmith/Desktop/airflow_study/airflow-etl-explore/.venv/lib/python3.8/site-packages/airflow/example_dags/example_branch_operator.py
[2021-04-06 18:51:48,248] {scheduler_job.py:629} INFO - Processing file /Users/garonsmith/Desktop/airflow_study/airflow-etl-explore/.venv/lib/python3.8/site-packages/airflow/example_dags/example_branch_operator.py for tasks to queue
[2021-04-06 18:51:48,248] {logging_mixin.py:104} INFO - [2021-04-06 18:51:48,248] {dagbag.py:448} INFO - Filling up the DagBag from /Users/garonsmith/Desktop/airflow_study/airflow-etl-explore/.venv/lib/python3.8/site-packages/airflow/example_dags/example_branch_operator.py
[2021-04-06 18:51:48,255] {scheduler_job.py:639} INFO - DAG(s) dict_keys(['example_branch_operator']) retrieved from /Users/garonsmith/Desktop/airflow_study/airflow-etl-explore/.venv/lib/python3.8/site-packages/airflow/example_dags/example_branch_operator.py
[2021-04-06 18:51:48,270] {logging_mixin.py:104} INFO - [2021-04-06 18:51:48,270] {dag.py:1818} INFO - Sync 1 DAGs
[2021-04-06 18:51:48,298] {logging_mixin.py:104} INFO - [2021-04-06 18:51:48,298] {dag.py:2273} INFO - Setting next_dagrun for example_branch_operator to 2021-04-04 00:00:00+00:00
[2021-04-06 18:51:48,316] {scheduler_job.py:190} INFO - Processing /Users/garonsmith/Desktop/airflow_study/airflow-etl-explore/.venv/lib/python3.8/site-packages/airflow/example_dags/example_branch_operator.py took 0.069 seconds
[2021-04-06 18:52:07,212] {scheduler_job.py:182} INFO - Started process (PID=21531) to work on /Users/garonsmith/Desktop/airflow_study/airflow-etl-explore/.venv/lib/python3.8/site-packages/airflow/example_dags/example_branch_operator.py
[2021-04-06 18:52:07,213] {scheduler_job.py:629} INFO - Processing file /Users/garonsmith/Desktop/airflow_study/airflow-etl-explore/.venv/lib/python3.8/site-packages/airflow/example_dags/example_branch_operator.py for tasks to queue
[2021-04-06 18:52:07,213] {logging_mixin.py:104} INFO - [2021-04-06 18:52:07,213] {dagbag.py:448} INFO - Filling up the DagBag from /Users/garonsmith/Desktop/airflow_study/airflow-etl-explore/.venv/lib/python3.8/site-packages/airflow/example_dags/example_branch_operator.py
[2021-04-06 18:52:07,219] {scheduler_job.py:639} INFO - DAG(s) dict_keys(['example_branch_operator']) retrieved from /Users/garonsmith/Desktop/airflow_study/airflow-etl-explore/.venv/lib/python3.8/site-packages/airflow/example_dags/example_branch_operator.py
[2021-04-06 18:52:07,267] {logging_mixin.py:104} INFO - [2021-04-06 18:52:07,266] {dag.py:1818} INFO - Sync 1 DAGs
[2021-04-06 18:52:07,280] {logging_mixin.py:104} INFO - [2021-04-06 18:52:07,280] {dag.py:2273} INFO - Setting next_dagrun for example_branch_operator to 2021-04-04 00:00:00+00:00
[2021-04-06 18:52:07,286] {scheduler_job.py:190} INFO - Processing /Users/garonsmith/Desktop/airflow_study/airflow-etl-explore/.venv/lib/python3.8/site-packages/airflow/example_dags/example_branch_operator.py took 0.074 seconds
[2021-04-06 18:52:38,227] {scheduler_job.py:182} INFO - Started process (PID=21628) to work on /Users/garonsmith/Desktop/airflow_study/airflow-etl-explore/.venv/lib/python3.8/site-packages/airflow/example_dags/example_branch_operator.py
[2021-04-06 18:52:38,227] {scheduler_job.py:629} INFO - Processing file /Users/garonsmith/Desktop/airflow_study/airflow-etl-explore/.venv/lib/python3.8/site-packages/airflow/example_dags/example_branch_operator.py for tasks to queue
[2021-04-06 18:52:38,227] {logging_mixin.py:104} INFO - [2021-04-06 18:52:38,227] {dagbag.py:448} INFO - Filling up the DagBag from /Users/garonsmith/Desktop/airflow_study/airflow-etl-explore/.venv/lib/python3.8/site-packages/airflow/example_dags/example_branch_operator.py
[2021-04-06 18:52:38,235] {scheduler_job.py:639} INFO - DAG(s) dict_keys(['example_branch_operator']) retrieved from /Users/garonsmith/Desktop/airflow_study/airflow-etl-explore/.venv/lib/python3.8/site-packages/airflow/example_dags/example_branch_operator.py
[2021-04-06 18:52:38,288] {logging_mixin.py:104} INFO - [2021-04-06 18:52:38,288] {dag.py:1818} INFO - Sync 1 DAGs
[2021-04-06 18:52:38,299] {logging_mixin.py:104} INFO - [2021-04-06 18:52:38,299] {dag.py:2273} INFO - Setting next_dagrun for example_branch_operator to 2021-04-04 00:00:00+00:00
[2021-04-06 18:52:38,319] {scheduler_job.py:190} INFO - Processing /Users/garonsmith/Desktop/airflow_study/airflow-etl-explore/.venv/lib/python3.8/site-packages/airflow/example_dags/example_branch_operator.py took 0.093 seconds
[2021-04-06 18:53:09,305] {scheduler_job.py:182} INFO - Started process (PID=21716) to work on /Users/garonsmith/Desktop/airflow_study/airflow-etl-explore/.venv/lib/python3.8/site-packages/airflow/example_dags/example_branch_operator.py
[2021-04-06 18:53:09,306] {scheduler_job.py:629} INFO - Processing file /Users/garonsmith/Desktop/airflow_study/airflow-etl-explore/.venv/lib/python3.8/site-packages/airflow/example_dags/example_branch_operator.py for tasks to queue
[2021-04-06 18:53:09,306] {logging_mixin.py:104} INFO - [2021-04-06 18:53:09,306] {dagbag.py:448} INFO - Filling up the DagBag from /Users/garonsmith/Desktop/airflow_study/airflow-etl-explore/.venv/lib/python3.8/site-packages/airflow/example_dags/example_branch_operator.py
[2021-04-06 18:53:09,312] {scheduler_job.py:639} INFO - DAG(s) dict_keys(['example_branch_operator']) retrieved from /Users/garonsmith/Desktop/airflow_study/airflow-etl-explore/.venv/lib/python3.8/site-packages/airflow/example_dags/example_branch_operator.py
[2021-04-06 18:53:09,348] {logging_mixin.py:104} INFO - [2021-04-06 18:53:09,348] {dag.py:1818} INFO - Sync 1 DAGs
[2021-04-06 18:53:09,375] {logging_mixin.py:104} INFO - [2021-04-06 18:53:09,375] {dag.py:2273} INFO - Setting next_dagrun for example_branch_operator to 2021-04-04 00:00:00+00:00
[2021-04-06 18:53:09,381] {scheduler_job.py:190} INFO - Processing /Users/garonsmith/Desktop/airflow_study/airflow-etl-explore/.venv/lib/python3.8/site-packages/airflow/example_dags/example_branch_operator.py took 0.076 seconds
[2021-04-06 18:53:40,198] {scheduler_job.py:182} INFO - Started process (PID=21814) to work on /Users/garonsmith/Desktop/airflow_study/airflow-etl-explore/.venv/lib/python3.8/site-packages/airflow/example_dags/example_branch_operator.py
[2021-04-06 18:53:40,199] {scheduler_job.py:629} INFO - Processing file /Users/garonsmith/Desktop/airflow_study/airflow-etl-explore/.venv/lib/python3.8/site-packages/airflow/example_dags/example_branch_operator.py for tasks to queue
[2021-04-06 18:53:40,199] {logging_mixin.py:104} INFO - [2021-04-06 18:53:40,199] {dagbag.py:448} INFO - Filling up the DagBag from /Users/garonsmith/Desktop/airflow_study/airflow-etl-explore/.venv/lib/python3.8/site-packages/airflow/example_dags/example_branch_operator.py
[2021-04-06 18:53:40,206] {scheduler_job.py:639} INFO - DAG(s) dict_keys(['example_branch_operator']) retrieved from /Users/garonsmith/Desktop/airflow_study/airflow-etl-explore/.venv/lib/python3.8/site-packages/airflow/example_dags/example_branch_operator.py
[2021-04-06 18:53:40,249] {logging_mixin.py:104} INFO - [2021-04-06 18:53:40,249] {dag.py:1818} INFO - Sync 1 DAGs
[2021-04-06 18:53:40,276] {logging_mixin.py:104} INFO - [2021-04-06 18:53:40,276] {dag.py:2273} INFO - Setting next_dagrun for example_branch_operator to 2021-04-04 00:00:00+00:00
[2021-04-06 18:53:40,285] {scheduler_job.py:190} INFO - Processing /Users/garonsmith/Desktop/airflow_study/airflow-etl-explore/.venv/lib/python3.8/site-packages/airflow/example_dags/example_branch_operator.py took 0.088 seconds
[2021-04-06 18:54:11,413] {scheduler_job.py:182} INFO - Started process (PID=21916) to work on /Users/garonsmith/Desktop/airflow_study/airflow-etl-explore/.venv/lib/python3.8/site-packages/airflow/example_dags/example_branch_operator.py
[2021-04-06 18:54:11,413] {scheduler_job.py:629} INFO - Processing file /Users/garonsmith/Desktop/airflow_study/airflow-etl-explore/.venv/lib/python3.8/site-packages/airflow/example_dags/example_branch_operator.py for tasks to queue
[2021-04-06 18:54:11,414] {logging_mixin.py:104} INFO - [2021-04-06 18:54:11,414] {dagbag.py:448} INFO - Filling up the DagBag from /Users/garonsmith/Desktop/airflow_study/airflow-etl-explore/.venv/lib/python3.8/site-packages/airflow/example_dags/example_branch_operator.py
[2021-04-06 18:54:11,419] {scheduler_job.py:639} INFO - DAG(s) dict_keys(['example_branch_operator']) retrieved from /Users/garonsmith/Desktop/airflow_study/airflow-etl-explore/.venv/lib/python3.8/site-packages/airflow/example_dags/example_branch_operator.py
[2021-04-06 18:54:11,468] {logging_mixin.py:104} INFO - [2021-04-06 18:54:11,468] {dag.py:1818} INFO - Sync 1 DAGs
[2021-04-06 18:54:11,480] {logging_mixin.py:104} INFO - [2021-04-06 18:54:11,480] {dag.py:2273} INFO - Setting next_dagrun for example_branch_operator to 2021-04-04 00:00:00+00:00
[2021-04-06 18:54:11,487] {scheduler_job.py:190} INFO - Processing /Users/garonsmith/Desktop/airflow_study/airflow-etl-explore/.venv/lib/python3.8/site-packages/airflow/example_dags/example_branch_operator.py took 0.075 seconds
