[2021-04-06 18:36:17,455] {scheduler_job.py:182} INFO - Started process (PID=17407) to work on /Users/garonsmith/Desktop/airflow_study/airflow-etl-explore/.venv/lib/python3.8/site-packages/airflow/example_dags/example_trigger_target_dag.py
[2021-04-06 18:36:17,455] {scheduler_job.py:629} INFO - Processing file /Users/garonsmith/Desktop/airflow_study/airflow-etl-explore/.venv/lib/python3.8/site-packages/airflow/example_dags/example_trigger_target_dag.py for tasks to queue
[2021-04-06 18:36:17,456] {logging_mixin.py:104} INFO - [2021-04-06 18:36:17,455] {dagbag.py:448} INFO - Filling up the DagBag from /Users/garonsmith/Desktop/airflow_study/airflow-etl-explore/.venv/lib/python3.8/site-packages/airflow/example_dags/example_trigger_target_dag.py
[2021-04-06 18:36:17,460] {scheduler_job.py:639} INFO - DAG(s) dict_keys(['example_trigger_target_dag']) retrieved from /Users/garonsmith/Desktop/airflow_study/airflow-etl-explore/.venv/lib/python3.8/site-packages/airflow/example_dags/example_trigger_target_dag.py
[2021-04-06 18:36:17,490] {logging_mixin.py:104} INFO - [2021-04-06 18:36:17,490] {dag.py:1818} INFO - Sync 1 DAGs
[2021-04-06 18:36:17,496] {logging_mixin.py:104} INFO - [2021-04-06 18:36:17,496] {dag.py:2273} INFO - Setting next_dagrun for example_trigger_target_dag to None
[2021-04-06 18:36:17,500] {scheduler_job.py:190} INFO - Processing /Users/garonsmith/Desktop/airflow_study/airflow-etl-explore/.venv/lib/python3.8/site-packages/airflow/example_dags/example_trigger_target_dag.py took 0.045 seconds
[2021-04-06 18:36:48,837] {scheduler_job.py:182} INFO - Started process (PID=17497) to work on /Users/garonsmith/Desktop/airflow_study/airflow-etl-explore/.venv/lib/python3.8/site-packages/airflow/example_dags/example_trigger_target_dag.py
[2021-04-06 18:36:48,838] {scheduler_job.py:629} INFO - Processing file /Users/garonsmith/Desktop/airflow_study/airflow-etl-explore/.venv/lib/python3.8/site-packages/airflow/example_dags/example_trigger_target_dag.py for tasks to queue
[2021-04-06 18:36:48,838] {logging_mixin.py:104} INFO - [2021-04-06 18:36:48,838] {dagbag.py:448} INFO - Filling up the DagBag from /Users/garonsmith/Desktop/airflow_study/airflow-etl-explore/.venv/lib/python3.8/site-packages/airflow/example_dags/example_trigger_target_dag.py
[2021-04-06 18:36:48,844] {scheduler_job.py:639} INFO - DAG(s) dict_keys(['example_trigger_target_dag']) retrieved from /Users/garonsmith/Desktop/airflow_study/airflow-etl-explore/.venv/lib/python3.8/site-packages/airflow/example_dags/example_trigger_target_dag.py
[2021-04-06 18:36:48,876] {logging_mixin.py:104} INFO - [2021-04-06 18:36:48,876] {dag.py:1818} INFO - Sync 1 DAGs
[2021-04-06 18:36:48,882] {logging_mixin.py:104} INFO - [2021-04-06 18:36:48,882] {dag.py:2273} INFO - Setting next_dagrun for example_trigger_target_dag to None
[2021-04-06 18:36:48,888] {scheduler_job.py:190} INFO - Processing /Users/garonsmith/Desktop/airflow_study/airflow-etl-explore/.venv/lib/python3.8/site-packages/airflow/example_dags/example_trigger_target_dag.py took 0.051 seconds
[2021-04-06 18:37:19,858] {scheduler_job.py:182} INFO - Started process (PID=18394) to work on /Users/garonsmith/Desktop/airflow_study/airflow-etl-explore/.venv/lib/python3.8/site-packages/airflow/example_dags/example_trigger_target_dag.py
[2021-04-06 18:37:19,860] {scheduler_job.py:629} INFO - Processing file /Users/garonsmith/Desktop/airflow_study/airflow-etl-explore/.venv/lib/python3.8/site-packages/airflow/example_dags/example_trigger_target_dag.py for tasks to queue
[2021-04-06 18:37:19,860] {logging_mixin.py:104} INFO - [2021-04-06 18:37:19,860] {dagbag.py:448} INFO - Filling up the DagBag from /Users/garonsmith/Desktop/airflow_study/airflow-etl-explore/.venv/lib/python3.8/site-packages/airflow/example_dags/example_trigger_target_dag.py
[2021-04-06 18:37:19,865] {scheduler_job.py:639} INFO - DAG(s) dict_keys(['example_trigger_target_dag']) retrieved from /Users/garonsmith/Desktop/airflow_study/airflow-etl-explore/.venv/lib/python3.8/site-packages/airflow/example_dags/example_trigger_target_dag.py
[2021-04-06 18:37:19,896] {logging_mixin.py:104} INFO - [2021-04-06 18:37:19,896] {dag.py:1818} INFO - Sync 1 DAGs
[2021-04-06 18:37:19,901] {logging_mixin.py:104} INFO - [2021-04-06 18:37:19,901] {dag.py:2273} INFO - Setting next_dagrun for example_trigger_target_dag to None
[2021-04-06 18:37:19,905] {scheduler_job.py:190} INFO - Processing /Users/garonsmith/Desktop/airflow_study/airflow-etl-explore/.venv/lib/python3.8/site-packages/airflow/example_dags/example_trigger_target_dag.py took 0.047 seconds
[2021-04-06 18:37:50,992] {scheduler_job.py:182} INFO - Started process (PID=18475) to work on /Users/garonsmith/Desktop/airflow_study/airflow-etl-explore/.venv/lib/python3.8/site-packages/airflow/example_dags/example_trigger_target_dag.py
[2021-04-06 18:37:50,992] {scheduler_job.py:629} INFO - Processing file /Users/garonsmith/Desktop/airflow_study/airflow-etl-explore/.venv/lib/python3.8/site-packages/airflow/example_dags/example_trigger_target_dag.py for tasks to queue
[2021-04-06 18:37:50,992] {logging_mixin.py:104} INFO - [2021-04-06 18:37:50,992] {dagbag.py:448} INFO - Filling up the DagBag from /Users/garonsmith/Desktop/airflow_study/airflow-etl-explore/.venv/lib/python3.8/site-packages/airflow/example_dags/example_trigger_target_dag.py
[2021-04-06 18:37:50,997] {scheduler_job.py:639} INFO - DAG(s) dict_keys(['example_trigger_target_dag']) retrieved from /Users/garonsmith/Desktop/airflow_study/airflow-etl-explore/.venv/lib/python3.8/site-packages/airflow/example_dags/example_trigger_target_dag.py
[2021-04-06 18:37:51,028] {logging_mixin.py:104} INFO - [2021-04-06 18:37:51,028] {dag.py:1818} INFO - Sync 1 DAGs
[2021-04-06 18:37:51,034] {logging_mixin.py:104} INFO - [2021-04-06 18:37:51,034] {dag.py:2273} INFO - Setting next_dagrun for example_trigger_target_dag to None
[2021-04-06 18:37:51,038] {scheduler_job.py:190} INFO - Processing /Users/garonsmith/Desktop/airflow_study/airflow-etl-explore/.venv/lib/python3.8/site-packages/airflow/example_dags/example_trigger_target_dag.py took 0.047 seconds
[2021-04-06 18:38:22,025] {scheduler_job.py:182} INFO - Started process (PID=18563) to work on /Users/garonsmith/Desktop/airflow_study/airflow-etl-explore/.venv/lib/python3.8/site-packages/airflow/example_dags/example_trigger_target_dag.py
[2021-04-06 18:38:22,026] {scheduler_job.py:629} INFO - Processing file /Users/garonsmith/Desktop/airflow_study/airflow-etl-explore/.venv/lib/python3.8/site-packages/airflow/example_dags/example_trigger_target_dag.py for tasks to queue
[2021-04-06 18:38:22,026] {logging_mixin.py:104} INFO - [2021-04-06 18:38:22,026] {dagbag.py:448} INFO - Filling up the DagBag from /Users/garonsmith/Desktop/airflow_study/airflow-etl-explore/.venv/lib/python3.8/site-packages/airflow/example_dags/example_trigger_target_dag.py
[2021-04-06 18:38:22,030] {scheduler_job.py:639} INFO - DAG(s) dict_keys(['example_trigger_target_dag']) retrieved from /Users/garonsmith/Desktop/airflow_study/airflow-etl-explore/.venv/lib/python3.8/site-packages/airflow/example_dags/example_trigger_target_dag.py
[2021-04-06 18:38:22,059] {logging_mixin.py:104} INFO - [2021-04-06 18:38:22,059] {dag.py:1818} INFO - Sync 1 DAGs
[2021-04-06 18:38:22,065] {logging_mixin.py:104} INFO - [2021-04-06 18:38:22,065] {dag.py:2273} INFO - Setting next_dagrun for example_trigger_target_dag to None
[2021-04-06 18:38:22,069] {scheduler_job.py:190} INFO - Processing /Users/garonsmith/Desktop/airflow_study/airflow-etl-explore/.venv/lib/python3.8/site-packages/airflow/example_dags/example_trigger_target_dag.py took 0.044 seconds
[2021-04-06 18:38:53,063] {scheduler_job.py:182} INFO - Started process (PID=18657) to work on /Users/garonsmith/Desktop/airflow_study/airflow-etl-explore/.venv/lib/python3.8/site-packages/airflow/example_dags/example_trigger_target_dag.py
[2021-04-06 18:38:53,064] {scheduler_job.py:629} INFO - Processing file /Users/garonsmith/Desktop/airflow_study/airflow-etl-explore/.venv/lib/python3.8/site-packages/airflow/example_dags/example_trigger_target_dag.py for tasks to queue
[2021-04-06 18:38:53,064] {logging_mixin.py:104} INFO - [2021-04-06 18:38:53,064] {dagbag.py:448} INFO - Filling up the DagBag from /Users/garonsmith/Desktop/airflow_study/airflow-etl-explore/.venv/lib/python3.8/site-packages/airflow/example_dags/example_trigger_target_dag.py
[2021-04-06 18:38:53,070] {scheduler_job.py:639} INFO - DAG(s) dict_keys(['example_trigger_target_dag']) retrieved from /Users/garonsmith/Desktop/airflow_study/airflow-etl-explore/.venv/lib/python3.8/site-packages/airflow/example_dags/example_trigger_target_dag.py
[2021-04-06 18:38:53,112] {logging_mixin.py:104} INFO - [2021-04-06 18:38:53,111] {dag.py:1818} INFO - Sync 1 DAGs
[2021-04-06 18:38:53,118] {logging_mixin.py:104} INFO - [2021-04-06 18:38:53,118] {dag.py:2273} INFO - Setting next_dagrun for example_trigger_target_dag to None
[2021-04-06 18:38:53,121] {scheduler_job.py:190} INFO - Processing /Users/garonsmith/Desktop/airflow_study/airflow-etl-explore/.venv/lib/python3.8/site-packages/airflow/example_dags/example_trigger_target_dag.py took 0.059 seconds
[2021-04-06 18:39:23,971] {scheduler_job.py:182} INFO - Started process (PID=18754) to work on /Users/garonsmith/Desktop/airflow_study/airflow-etl-explore/.venv/lib/python3.8/site-packages/airflow/example_dags/example_trigger_target_dag.py
[2021-04-06 18:39:23,972] {scheduler_job.py:629} INFO - Processing file /Users/garonsmith/Desktop/airflow_study/airflow-etl-explore/.venv/lib/python3.8/site-packages/airflow/example_dags/example_trigger_target_dag.py for tasks to queue
[2021-04-06 18:39:23,972] {logging_mixin.py:104} INFO - [2021-04-06 18:39:23,972] {dagbag.py:448} INFO - Filling up the DagBag from /Users/garonsmith/Desktop/airflow_study/airflow-etl-explore/.venv/lib/python3.8/site-packages/airflow/example_dags/example_trigger_target_dag.py
[2021-04-06 18:39:23,978] {scheduler_job.py:639} INFO - DAG(s) dict_keys(['example_trigger_target_dag']) retrieved from /Users/garonsmith/Desktop/airflow_study/airflow-etl-explore/.venv/lib/python3.8/site-packages/airflow/example_dags/example_trigger_target_dag.py
[2021-04-06 18:39:24,016] {logging_mixin.py:104} INFO - [2021-04-06 18:39:24,016] {dag.py:1818} INFO - Sync 1 DAGs
[2021-04-06 18:39:24,023] {logging_mixin.py:104} INFO - [2021-04-06 18:39:24,023] {dag.py:2273} INFO - Setting next_dagrun for example_trigger_target_dag to None
[2021-04-06 18:39:24,028] {scheduler_job.py:190} INFO - Processing /Users/garonsmith/Desktop/airflow_study/airflow-etl-explore/.venv/lib/python3.8/site-packages/airflow/example_dags/example_trigger_target_dag.py took 0.057 seconds
[2021-04-06 18:39:55,106] {scheduler_job.py:182} INFO - Started process (PID=18865) to work on /Users/garonsmith/Desktop/airflow_study/airflow-etl-explore/.venv/lib/python3.8/site-packages/airflow/example_dags/example_trigger_target_dag.py
[2021-04-06 18:39:55,106] {scheduler_job.py:629} INFO - Processing file /Users/garonsmith/Desktop/airflow_study/airflow-etl-explore/.venv/lib/python3.8/site-packages/airflow/example_dags/example_trigger_target_dag.py for tasks to queue
[2021-04-06 18:39:55,106] {logging_mixin.py:104} INFO - [2021-04-06 18:39:55,106] {dagbag.py:448} INFO - Filling up the DagBag from /Users/garonsmith/Desktop/airflow_study/airflow-etl-explore/.venv/lib/python3.8/site-packages/airflow/example_dags/example_trigger_target_dag.py
[2021-04-06 18:39:55,112] {scheduler_job.py:639} INFO - DAG(s) dict_keys(['example_trigger_target_dag']) retrieved from /Users/garonsmith/Desktop/airflow_study/airflow-etl-explore/.venv/lib/python3.8/site-packages/airflow/example_dags/example_trigger_target_dag.py
[2021-04-06 18:39:55,147] {logging_mixin.py:104} INFO - [2021-04-06 18:39:55,147] {dag.py:1818} INFO - Sync 1 DAGs
[2021-04-06 18:39:55,171] {logging_mixin.py:104} INFO - [2021-04-06 18:39:55,171] {dag.py:2273} INFO - Setting next_dagrun for example_trigger_target_dag to None
[2021-04-06 18:39:55,175] {scheduler_job.py:190} INFO - Processing /Users/garonsmith/Desktop/airflow_study/airflow-etl-explore/.venv/lib/python3.8/site-packages/airflow/example_dags/example_trigger_target_dag.py took 0.070 seconds
[2021-04-06 18:40:26,228] {scheduler_job.py:182} INFO - Started process (PID=18962) to work on /Users/garonsmith/Desktop/airflow_study/airflow-etl-explore/.venv/lib/python3.8/site-packages/airflow/example_dags/example_trigger_target_dag.py
[2021-04-06 18:40:26,228] {scheduler_job.py:629} INFO - Processing file /Users/garonsmith/Desktop/airflow_study/airflow-etl-explore/.venv/lib/python3.8/site-packages/airflow/example_dags/example_trigger_target_dag.py for tasks to queue
[2021-04-06 18:40:26,228] {logging_mixin.py:104} INFO - [2021-04-06 18:40:26,228] {dagbag.py:448} INFO - Filling up the DagBag from /Users/garonsmith/Desktop/airflow_study/airflow-etl-explore/.venv/lib/python3.8/site-packages/airflow/example_dags/example_trigger_target_dag.py
[2021-04-06 18:40:26,233] {scheduler_job.py:639} INFO - DAG(s) dict_keys(['example_trigger_target_dag']) retrieved from /Users/garonsmith/Desktop/airflow_study/airflow-etl-explore/.venv/lib/python3.8/site-packages/airflow/example_dags/example_trigger_target_dag.py
[2021-04-06 18:40:26,276] {logging_mixin.py:104} INFO - [2021-04-06 18:40:26,276] {dag.py:1818} INFO - Sync 1 DAGs
[2021-04-06 18:40:26,301] {logging_mixin.py:104} INFO - [2021-04-06 18:40:26,301] {dag.py:2273} INFO - Setting next_dagrun for example_trigger_target_dag to None
[2021-04-06 18:40:26,305] {scheduler_job.py:190} INFO - Processing /Users/garonsmith/Desktop/airflow_study/airflow-etl-explore/.venv/lib/python3.8/site-packages/airflow/example_dags/example_trigger_target_dag.py took 0.078 seconds
[2021-04-06 18:40:57,670] {scheduler_job.py:182} INFO - Started process (PID=19043) to work on /Users/garonsmith/Desktop/airflow_study/airflow-etl-explore/.venv/lib/python3.8/site-packages/airflow/example_dags/example_trigger_target_dag.py
[2021-04-06 18:40:57,670] {scheduler_job.py:629} INFO - Processing file /Users/garonsmith/Desktop/airflow_study/airflow-etl-explore/.venv/lib/python3.8/site-packages/airflow/example_dags/example_trigger_target_dag.py for tasks to queue
[2021-04-06 18:40:57,671] {logging_mixin.py:104} INFO - [2021-04-06 18:40:57,671] {dagbag.py:448} INFO - Filling up the DagBag from /Users/garonsmith/Desktop/airflow_study/airflow-etl-explore/.venv/lib/python3.8/site-packages/airflow/example_dags/example_trigger_target_dag.py
[2021-04-06 18:40:57,676] {scheduler_job.py:639} INFO - DAG(s) dict_keys(['example_trigger_target_dag']) retrieved from /Users/garonsmith/Desktop/airflow_study/airflow-etl-explore/.venv/lib/python3.8/site-packages/airflow/example_dags/example_trigger_target_dag.py
[2021-04-06 18:40:57,727] {logging_mixin.py:104} INFO - [2021-04-06 18:40:57,727] {dag.py:1818} INFO - Sync 1 DAGs
[2021-04-06 18:40:57,751] {logging_mixin.py:104} INFO - [2021-04-06 18:40:57,750] {dag.py:2273} INFO - Setting next_dagrun for example_trigger_target_dag to None
[2021-04-06 18:40:57,755] {scheduler_job.py:190} INFO - Processing /Users/garonsmith/Desktop/airflow_study/airflow-etl-explore/.venv/lib/python3.8/site-packages/airflow/example_dags/example_trigger_target_dag.py took 0.086 seconds
[2021-04-06 18:41:29,179] {scheduler_job.py:182} INFO - Started process (PID=19140) to work on /Users/garonsmith/Desktop/airflow_study/airflow-etl-explore/.venv/lib/python3.8/site-packages/airflow/example_dags/example_trigger_target_dag.py
[2021-04-06 18:41:29,179] {scheduler_job.py:629} INFO - Processing file /Users/garonsmith/Desktop/airflow_study/airflow-etl-explore/.venv/lib/python3.8/site-packages/airflow/example_dags/example_trigger_target_dag.py for tasks to queue
[2021-04-06 18:41:29,180] {logging_mixin.py:104} INFO - [2021-04-06 18:41:29,180] {dagbag.py:448} INFO - Filling up the DagBag from /Users/garonsmith/Desktop/airflow_study/airflow-etl-explore/.venv/lib/python3.8/site-packages/airflow/example_dags/example_trigger_target_dag.py
[2021-04-06 18:41:29,185] {scheduler_job.py:639} INFO - DAG(s) dict_keys(['example_trigger_target_dag']) retrieved from /Users/garonsmith/Desktop/airflow_study/airflow-etl-explore/.venv/lib/python3.8/site-packages/airflow/example_dags/example_trigger_target_dag.py
[2021-04-06 18:41:29,230] {logging_mixin.py:104} INFO - [2021-04-06 18:41:29,230] {dag.py:1818} INFO - Sync 1 DAGs
[2021-04-06 18:41:29,254] {logging_mixin.py:104} INFO - [2021-04-06 18:41:29,254] {dag.py:2273} INFO - Setting next_dagrun for example_trigger_target_dag to None
[2021-04-06 18:41:29,260] {scheduler_job.py:190} INFO - Processing /Users/garonsmith/Desktop/airflow_study/airflow-etl-explore/.venv/lib/python3.8/site-packages/airflow/example_dags/example_trigger_target_dag.py took 0.081 seconds
[2021-04-06 18:42:00,250] {scheduler_job.py:182} INFO - Started process (PID=19242) to work on /Users/garonsmith/Desktop/airflow_study/airflow-etl-explore/.venv/lib/python3.8/site-packages/airflow/example_dags/example_trigger_target_dag.py
[2021-04-06 18:42:00,251] {scheduler_job.py:629} INFO - Processing file /Users/garonsmith/Desktop/airflow_study/airflow-etl-explore/.venv/lib/python3.8/site-packages/airflow/example_dags/example_trigger_target_dag.py for tasks to queue
[2021-04-06 18:42:00,251] {logging_mixin.py:104} INFO - [2021-04-06 18:42:00,251] {dagbag.py:448} INFO - Filling up the DagBag from /Users/garonsmith/Desktop/airflow_study/airflow-etl-explore/.venv/lib/python3.8/site-packages/airflow/example_dags/example_trigger_target_dag.py
[2021-04-06 18:42:00,256] {scheduler_job.py:639} INFO - DAG(s) dict_keys(['example_trigger_target_dag']) retrieved from /Users/garonsmith/Desktop/airflow_study/airflow-etl-explore/.venv/lib/python3.8/site-packages/airflow/example_dags/example_trigger_target_dag.py
[2021-04-06 18:42:00,300] {logging_mixin.py:104} INFO - [2021-04-06 18:42:00,300] {dag.py:1818} INFO - Sync 1 DAGs
[2021-04-06 18:42:00,307] {logging_mixin.py:104} INFO - [2021-04-06 18:42:00,307] {dag.py:2273} INFO - Setting next_dagrun for example_trigger_target_dag to None
[2021-04-06 18:42:00,312] {scheduler_job.py:190} INFO - Processing /Users/garonsmith/Desktop/airflow_study/airflow-etl-explore/.venv/lib/python3.8/site-packages/airflow/example_dags/example_trigger_target_dag.py took 0.062 seconds
[2021-04-06 18:42:30,986] {scheduler_job.py:182} INFO - Started process (PID=19331) to work on /Users/garonsmith/Desktop/airflow_study/airflow-etl-explore/.venv/lib/python3.8/site-packages/airflow/example_dags/example_trigger_target_dag.py
[2021-04-06 18:42:30,987] {scheduler_job.py:629} INFO - Processing file /Users/garonsmith/Desktop/airflow_study/airflow-etl-explore/.venv/lib/python3.8/site-packages/airflow/example_dags/example_trigger_target_dag.py for tasks to queue
[2021-04-06 18:42:30,987] {logging_mixin.py:104} INFO - [2021-04-06 18:42:30,987] {dagbag.py:448} INFO - Filling up the DagBag from /Users/garonsmith/Desktop/airflow_study/airflow-etl-explore/.venv/lib/python3.8/site-packages/airflow/example_dags/example_trigger_target_dag.py
[2021-04-06 18:42:30,993] {scheduler_job.py:639} INFO - DAG(s) dict_keys(['example_trigger_target_dag']) retrieved from /Users/garonsmith/Desktop/airflow_study/airflow-etl-explore/.venv/lib/python3.8/site-packages/airflow/example_dags/example_trigger_target_dag.py
[2021-04-06 18:42:31,026] {logging_mixin.py:104} INFO - [2021-04-06 18:42:31,026] {dag.py:1818} INFO - Sync 1 DAGs
[2021-04-06 18:42:31,033] {logging_mixin.py:104} INFO - [2021-04-06 18:42:31,033] {dag.py:2273} INFO - Setting next_dagrun for example_trigger_target_dag to None
[2021-04-06 18:42:31,054] {scheduler_job.py:190} INFO - Processing /Users/garonsmith/Desktop/airflow_study/airflow-etl-explore/.venv/lib/python3.8/site-packages/airflow/example_dags/example_trigger_target_dag.py took 0.068 seconds
[2021-04-06 18:43:02,007] {scheduler_job.py:182} INFO - Started process (PID=19418) to work on /Users/garonsmith/Desktop/airflow_study/airflow-etl-explore/.venv/lib/python3.8/site-packages/airflow/example_dags/example_trigger_target_dag.py
[2021-04-06 18:43:02,007] {scheduler_job.py:629} INFO - Processing file /Users/garonsmith/Desktop/airflow_study/airflow-etl-explore/.venv/lib/python3.8/site-packages/airflow/example_dags/example_trigger_target_dag.py for tasks to queue
[2021-04-06 18:43:02,008] {logging_mixin.py:104} INFO - [2021-04-06 18:43:02,007] {dagbag.py:448} INFO - Filling up the DagBag from /Users/garonsmith/Desktop/airflow_study/airflow-etl-explore/.venv/lib/python3.8/site-packages/airflow/example_dags/example_trigger_target_dag.py
[2021-04-06 18:43:02,012] {scheduler_job.py:639} INFO - DAG(s) dict_keys(['example_trigger_target_dag']) retrieved from /Users/garonsmith/Desktop/airflow_study/airflow-etl-explore/.venv/lib/python3.8/site-packages/airflow/example_dags/example_trigger_target_dag.py
[2021-04-06 18:43:02,051] {logging_mixin.py:104} INFO - [2021-04-06 18:43:02,051] {dag.py:1818} INFO - Sync 1 DAGs
[2021-04-06 18:43:02,060] {logging_mixin.py:104} INFO - [2021-04-06 18:43:02,060] {dag.py:2273} INFO - Setting next_dagrun for example_trigger_target_dag to None
[2021-04-06 18:43:02,066] {scheduler_job.py:190} INFO - Processing /Users/garonsmith/Desktop/airflow_study/airflow-etl-explore/.venv/lib/python3.8/site-packages/airflow/example_dags/example_trigger_target_dag.py took 0.060 seconds
[2021-04-06 18:43:33,285] {scheduler_job.py:182} INFO - Started process (PID=19535) to work on /Users/garonsmith/Desktop/airflow_study/airflow-etl-explore/.venv/lib/python3.8/site-packages/airflow/example_dags/example_trigger_target_dag.py
[2021-04-06 18:43:33,286] {scheduler_job.py:629} INFO - Processing file /Users/garonsmith/Desktop/airflow_study/airflow-etl-explore/.venv/lib/python3.8/site-packages/airflow/example_dags/example_trigger_target_dag.py for tasks to queue
[2021-04-06 18:43:33,286] {logging_mixin.py:104} INFO - [2021-04-06 18:43:33,286] {dagbag.py:448} INFO - Filling up the DagBag from /Users/garonsmith/Desktop/airflow_study/airflow-etl-explore/.venv/lib/python3.8/site-packages/airflow/example_dags/example_trigger_target_dag.py
[2021-04-06 18:43:33,290] {scheduler_job.py:639} INFO - DAG(s) dict_keys(['example_trigger_target_dag']) retrieved from /Users/garonsmith/Desktop/airflow_study/airflow-etl-explore/.venv/lib/python3.8/site-packages/airflow/example_dags/example_trigger_target_dag.py
[2021-04-06 18:43:33,333] {logging_mixin.py:104} INFO - [2021-04-06 18:43:33,333] {dag.py:1818} INFO - Sync 1 DAGs
[2021-04-06 18:43:33,359] {logging_mixin.py:104} INFO - [2021-04-06 18:43:33,359] {dag.py:2273} INFO - Setting next_dagrun for example_trigger_target_dag to None
[2021-04-06 18:43:33,364] {scheduler_job.py:190} INFO - Processing /Users/garonsmith/Desktop/airflow_study/airflow-etl-explore/.venv/lib/python3.8/site-packages/airflow/example_dags/example_trigger_target_dag.py took 0.080 seconds
[2021-04-06 18:43:53,358] {scheduler_job.py:182} INFO - Started process (PID=19660) to work on /Users/garonsmith/Desktop/airflow_study/airflow-etl-explore/.venv/lib/python3.8/site-packages/airflow/example_dags/example_trigger_target_dag.py
[2021-04-06 18:43:53,359] {scheduler_job.py:629} INFO - Processing file /Users/garonsmith/Desktop/airflow_study/airflow-etl-explore/.venv/lib/python3.8/site-packages/airflow/example_dags/example_trigger_target_dag.py for tasks to queue
[2021-04-06 18:43:53,359] {logging_mixin.py:104} INFO - [2021-04-06 18:43:53,359] {dagbag.py:448} INFO - Filling up the DagBag from /Users/garonsmith/Desktop/airflow_study/airflow-etl-explore/.venv/lib/python3.8/site-packages/airflow/example_dags/example_trigger_target_dag.py
[2021-04-06 18:43:53,364] {scheduler_job.py:639} INFO - DAG(s) dict_keys(['example_trigger_target_dag']) retrieved from /Users/garonsmith/Desktop/airflow_study/airflow-etl-explore/.venv/lib/python3.8/site-packages/airflow/example_dags/example_trigger_target_dag.py
[2021-04-06 18:43:53,402] {logging_mixin.py:104} INFO - [2021-04-06 18:43:53,402] {dag.py:1818} INFO - Sync 1 DAGs
[2021-04-06 18:43:53,411] {logging_mixin.py:104} INFO - [2021-04-06 18:43:53,411] {dag.py:2273} INFO - Setting next_dagrun for example_trigger_target_dag to None
[2021-04-06 18:43:53,415] {scheduler_job.py:190} INFO - Processing /Users/garonsmith/Desktop/airflow_study/airflow-etl-explore/.venv/lib/python3.8/site-packages/airflow/example_dags/example_trigger_target_dag.py took 0.058 seconds
[2021-04-06 18:44:24,124] {scheduler_job.py:182} INFO - Started process (PID=19749) to work on /Users/garonsmith/Desktop/airflow_study/airflow-etl-explore/.venv/lib/python3.8/site-packages/airflow/example_dags/example_trigger_target_dag.py
[2021-04-06 18:44:24,124] {scheduler_job.py:629} INFO - Processing file /Users/garonsmith/Desktop/airflow_study/airflow-etl-explore/.venv/lib/python3.8/site-packages/airflow/example_dags/example_trigger_target_dag.py for tasks to queue
[2021-04-06 18:44:24,124] {logging_mixin.py:104} INFO - [2021-04-06 18:44:24,124] {dagbag.py:448} INFO - Filling up the DagBag from /Users/garonsmith/Desktop/airflow_study/airflow-etl-explore/.venv/lib/python3.8/site-packages/airflow/example_dags/example_trigger_target_dag.py
[2021-04-06 18:44:24,129] {scheduler_job.py:639} INFO - DAG(s) dict_keys(['example_trigger_target_dag']) retrieved from /Users/garonsmith/Desktop/airflow_study/airflow-etl-explore/.venv/lib/python3.8/site-packages/airflow/example_dags/example_trigger_target_dag.py
[2021-04-06 18:44:24,174] {logging_mixin.py:104} INFO - [2021-04-06 18:44:24,173] {dag.py:1818} INFO - Sync 1 DAGs
[2021-04-06 18:44:24,179] {logging_mixin.py:104} INFO - [2021-04-06 18:44:24,179] {dag.py:2273} INFO - Setting next_dagrun for example_trigger_target_dag to None
[2021-04-06 18:44:24,186] {scheduler_job.py:190} INFO - Processing /Users/garonsmith/Desktop/airflow_study/airflow-etl-explore/.venv/lib/python3.8/site-packages/airflow/example_dags/example_trigger_target_dag.py took 0.063 seconds
[2021-04-06 18:44:55,404] {scheduler_job.py:182} INFO - Started process (PID=19838) to work on /Users/garonsmith/Desktop/airflow_study/airflow-etl-explore/.venv/lib/python3.8/site-packages/airflow/example_dags/example_trigger_target_dag.py
[2021-04-06 18:44:55,405] {scheduler_job.py:629} INFO - Processing file /Users/garonsmith/Desktop/airflow_study/airflow-etl-explore/.venv/lib/python3.8/site-packages/airflow/example_dags/example_trigger_target_dag.py for tasks to queue
[2021-04-06 18:44:55,405] {logging_mixin.py:104} INFO - [2021-04-06 18:44:55,405] {dagbag.py:448} INFO - Filling up the DagBag from /Users/garonsmith/Desktop/airflow_study/airflow-etl-explore/.venv/lib/python3.8/site-packages/airflow/example_dags/example_trigger_target_dag.py
[2021-04-06 18:44:55,410] {scheduler_job.py:639} INFO - DAG(s) dict_keys(['example_trigger_target_dag']) retrieved from /Users/garonsmith/Desktop/airflow_study/airflow-etl-explore/.venv/lib/python3.8/site-packages/airflow/example_dags/example_trigger_target_dag.py
[2021-04-06 18:44:55,454] {logging_mixin.py:104} INFO - [2021-04-06 18:44:55,454] {dag.py:1818} INFO - Sync 1 DAGs
[2021-04-06 18:44:55,460] {logging_mixin.py:104} INFO - [2021-04-06 18:44:55,460] {dag.py:2273} INFO - Setting next_dagrun for example_trigger_target_dag to None
[2021-04-06 18:44:55,464] {scheduler_job.py:190} INFO - Processing /Users/garonsmith/Desktop/airflow_study/airflow-etl-explore/.venv/lib/python3.8/site-packages/airflow/example_dags/example_trigger_target_dag.py took 0.060 seconds
[2021-04-06 18:45:26,908] {scheduler_job.py:182} INFO - Started process (PID=19928) to work on /Users/garonsmith/Desktop/airflow_study/airflow-etl-explore/.venv/lib/python3.8/site-packages/airflow/example_dags/example_trigger_target_dag.py
[2021-04-06 18:45:26,909] {scheduler_job.py:629} INFO - Processing file /Users/garonsmith/Desktop/airflow_study/airflow-etl-explore/.venv/lib/python3.8/site-packages/airflow/example_dags/example_trigger_target_dag.py for tasks to queue
[2021-04-06 18:45:26,909] {logging_mixin.py:104} INFO - [2021-04-06 18:45:26,909] {dagbag.py:448} INFO - Filling up the DagBag from /Users/garonsmith/Desktop/airflow_study/airflow-etl-explore/.venv/lib/python3.8/site-packages/airflow/example_dags/example_trigger_target_dag.py
[2021-04-06 18:45:26,915] {scheduler_job.py:639} INFO - DAG(s) dict_keys(['example_trigger_target_dag']) retrieved from /Users/garonsmith/Desktop/airflow_study/airflow-etl-explore/.venv/lib/python3.8/site-packages/airflow/example_dags/example_trigger_target_dag.py
[2021-04-06 18:45:26,955] {logging_mixin.py:104} INFO - [2021-04-06 18:45:26,954] {dag.py:1818} INFO - Sync 1 DAGs
[2021-04-06 18:45:26,963] {logging_mixin.py:104} INFO - [2021-04-06 18:45:26,963] {dag.py:2273} INFO - Setting next_dagrun for example_trigger_target_dag to None
[2021-04-06 18:45:26,967] {scheduler_job.py:190} INFO - Processing /Users/garonsmith/Desktop/airflow_study/airflow-etl-explore/.venv/lib/python3.8/site-packages/airflow/example_dags/example_trigger_target_dag.py took 0.060 seconds
[2021-04-06 18:45:58,253] {scheduler_job.py:182} INFO - Started process (PID=20022) to work on /Users/garonsmith/Desktop/airflow_study/airflow-etl-explore/.venv/lib/python3.8/site-packages/airflow/example_dags/example_trigger_target_dag.py
[2021-04-06 18:45:58,254] {scheduler_job.py:629} INFO - Processing file /Users/garonsmith/Desktop/airflow_study/airflow-etl-explore/.venv/lib/python3.8/site-packages/airflow/example_dags/example_trigger_target_dag.py for tasks to queue
[2021-04-06 18:45:58,254] {logging_mixin.py:104} INFO - [2021-04-06 18:45:58,254] {dagbag.py:448} INFO - Filling up the DagBag from /Users/garonsmith/Desktop/airflow_study/airflow-etl-explore/.venv/lib/python3.8/site-packages/airflow/example_dags/example_trigger_target_dag.py
[2021-04-06 18:45:58,259] {scheduler_job.py:639} INFO - DAG(s) dict_keys(['example_trigger_target_dag']) retrieved from /Users/garonsmith/Desktop/airflow_study/airflow-etl-explore/.venv/lib/python3.8/site-packages/airflow/example_dags/example_trigger_target_dag.py
[2021-04-06 18:45:58,305] {logging_mixin.py:104} INFO - [2021-04-06 18:45:58,305] {dag.py:1818} INFO - Sync 1 DAGs
[2021-04-06 18:45:58,313] {logging_mixin.py:104} INFO - [2021-04-06 18:45:58,313] {dag.py:2273} INFO - Setting next_dagrun for example_trigger_target_dag to None
[2021-04-06 18:45:58,318] {scheduler_job.py:190} INFO - Processing /Users/garonsmith/Desktop/airflow_study/airflow-etl-explore/.venv/lib/python3.8/site-packages/airflow/example_dags/example_trigger_target_dag.py took 0.065 seconds
[2021-04-06 18:46:29,847] {scheduler_job.py:182} INFO - Started process (PID=20119) to work on /Users/garonsmith/Desktop/airflow_study/airflow-etl-explore/.venv/lib/python3.8/site-packages/airflow/example_dags/example_trigger_target_dag.py
[2021-04-06 18:46:29,847] {scheduler_job.py:629} INFO - Processing file /Users/garonsmith/Desktop/airflow_study/airflow-etl-explore/.venv/lib/python3.8/site-packages/airflow/example_dags/example_trigger_target_dag.py for tasks to queue
[2021-04-06 18:46:29,848] {logging_mixin.py:104} INFO - [2021-04-06 18:46:29,848] {dagbag.py:448} INFO - Filling up the DagBag from /Users/garonsmith/Desktop/airflow_study/airflow-etl-explore/.venv/lib/python3.8/site-packages/airflow/example_dags/example_trigger_target_dag.py
[2021-04-06 18:46:29,854] {scheduler_job.py:639} INFO - DAG(s) dict_keys(['example_trigger_target_dag']) retrieved from /Users/garonsmith/Desktop/airflow_study/airflow-etl-explore/.venv/lib/python3.8/site-packages/airflow/example_dags/example_trigger_target_dag.py
[2021-04-06 18:46:29,887] {logging_mixin.py:104} INFO - [2021-04-06 18:46:29,887] {dag.py:1818} INFO - Sync 1 DAGs
[2021-04-06 18:46:29,909] {logging_mixin.py:104} INFO - [2021-04-06 18:46:29,909] {dag.py:2273} INFO - Setting next_dagrun for example_trigger_target_dag to None
[2021-04-06 18:46:29,913] {scheduler_job.py:190} INFO - Processing /Users/garonsmith/Desktop/airflow_study/airflow-etl-explore/.venv/lib/python3.8/site-packages/airflow/example_dags/example_trigger_target_dag.py took 0.067 seconds
[2021-04-06 18:47:01,163] {scheduler_job.py:182} INFO - Started process (PID=20205) to work on /Users/garonsmith/Desktop/airflow_study/airflow-etl-explore/.venv/lib/python3.8/site-packages/airflow/example_dags/example_trigger_target_dag.py
[2021-04-06 18:47:01,164] {scheduler_job.py:629} INFO - Processing file /Users/garonsmith/Desktop/airflow_study/airflow-etl-explore/.venv/lib/python3.8/site-packages/airflow/example_dags/example_trigger_target_dag.py for tasks to queue
[2021-04-06 18:47:01,164] {logging_mixin.py:104} INFO - [2021-04-06 18:47:01,164] {dagbag.py:448} INFO - Filling up the DagBag from /Users/garonsmith/Desktop/airflow_study/airflow-etl-explore/.venv/lib/python3.8/site-packages/airflow/example_dags/example_trigger_target_dag.py
[2021-04-06 18:47:01,171] {scheduler_job.py:639} INFO - DAG(s) dict_keys(['example_trigger_target_dag']) retrieved from /Users/garonsmith/Desktop/airflow_study/airflow-etl-explore/.venv/lib/python3.8/site-packages/airflow/example_dags/example_trigger_target_dag.py
[2021-04-06 18:47:01,207] {logging_mixin.py:104} INFO - [2021-04-06 18:47:01,206] {dag.py:1818} INFO - Sync 1 DAGs
[2021-04-06 18:47:01,214] {logging_mixin.py:104} INFO - [2021-04-06 18:47:01,214] {dag.py:2273} INFO - Setting next_dagrun for example_trigger_target_dag to None
[2021-04-06 18:47:01,219] {scheduler_job.py:190} INFO - Processing /Users/garonsmith/Desktop/airflow_study/airflow-etl-explore/.venv/lib/python3.8/site-packages/airflow/example_dags/example_trigger_target_dag.py took 0.056 seconds
[2021-04-06 18:47:31,832] {scheduler_job.py:182} INFO - Started process (PID=20290) to work on /Users/garonsmith/Desktop/airflow_study/airflow-etl-explore/.venv/lib/python3.8/site-packages/airflow/example_dags/example_trigger_target_dag.py
[2021-04-06 18:47:31,832] {scheduler_job.py:629} INFO - Processing file /Users/garonsmith/Desktop/airflow_study/airflow-etl-explore/.venv/lib/python3.8/site-packages/airflow/example_dags/example_trigger_target_dag.py for tasks to queue
[2021-04-06 18:47:31,832] {logging_mixin.py:104} INFO - [2021-04-06 18:47:31,832] {dagbag.py:448} INFO - Filling up the DagBag from /Users/garonsmith/Desktop/airflow_study/airflow-etl-explore/.venv/lib/python3.8/site-packages/airflow/example_dags/example_trigger_target_dag.py
[2021-04-06 18:47:31,836] {scheduler_job.py:639} INFO - DAG(s) dict_keys(['example_trigger_target_dag']) retrieved from /Users/garonsmith/Desktop/airflow_study/airflow-etl-explore/.venv/lib/python3.8/site-packages/airflow/example_dags/example_trigger_target_dag.py
[2021-04-06 18:47:31,908] {logging_mixin.py:104} INFO - [2021-04-06 18:47:31,908] {dag.py:1818} INFO - Sync 1 DAGs
[2021-04-06 18:47:31,919] {logging_mixin.py:104} INFO - [2021-04-06 18:47:31,919] {dag.py:2273} INFO - Setting next_dagrun for example_trigger_target_dag to None
[2021-04-06 18:47:31,925] {scheduler_job.py:190} INFO - Processing /Users/garonsmith/Desktop/airflow_study/airflow-etl-explore/.venv/lib/python3.8/site-packages/airflow/example_dags/example_trigger_target_dag.py took 0.094 seconds
[2021-04-06 18:48:03,241] {scheduler_job.py:182} INFO - Started process (PID=20377) to work on /Users/garonsmith/Desktop/airflow_study/airflow-etl-explore/.venv/lib/python3.8/site-packages/airflow/example_dags/example_trigger_target_dag.py
[2021-04-06 18:48:03,241] {scheduler_job.py:629} INFO - Processing file /Users/garonsmith/Desktop/airflow_study/airflow-etl-explore/.venv/lib/python3.8/site-packages/airflow/example_dags/example_trigger_target_dag.py for tasks to queue
[2021-04-06 18:48:03,241] {logging_mixin.py:104} INFO - [2021-04-06 18:48:03,241] {dagbag.py:448} INFO - Filling up the DagBag from /Users/garonsmith/Desktop/airflow_study/airflow-etl-explore/.venv/lib/python3.8/site-packages/airflow/example_dags/example_trigger_target_dag.py
[2021-04-06 18:48:03,246] {scheduler_job.py:639} INFO - DAG(s) dict_keys(['example_trigger_target_dag']) retrieved from /Users/garonsmith/Desktop/airflow_study/airflow-etl-explore/.venv/lib/python3.8/site-packages/airflow/example_dags/example_trigger_target_dag.py
[2021-04-06 18:48:03,284] {logging_mixin.py:104} INFO - [2021-04-06 18:48:03,283] {dag.py:1818} INFO - Sync 1 DAGs
[2021-04-06 18:48:03,289] {logging_mixin.py:104} INFO - [2021-04-06 18:48:03,289] {dag.py:2273} INFO - Setting next_dagrun for example_trigger_target_dag to None
[2021-04-06 18:48:03,309] {scheduler_job.py:190} INFO - Processing /Users/garonsmith/Desktop/airflow_study/airflow-etl-explore/.venv/lib/python3.8/site-packages/airflow/example_dags/example_trigger_target_dag.py took 0.069 seconds
[2021-04-06 18:48:35,983] {scheduler_job.py:182} INFO - Started process (PID=20473) to work on /Users/garonsmith/Desktop/airflow_study/airflow-etl-explore/.venv/lib/python3.8/site-packages/airflow/example_dags/example_trigger_target_dag.py
[2021-04-06 18:48:35,984] {scheduler_job.py:629} INFO - Processing file /Users/garonsmith/Desktop/airflow_study/airflow-etl-explore/.venv/lib/python3.8/site-packages/airflow/example_dags/example_trigger_target_dag.py for tasks to queue
[2021-04-06 18:48:35,984] {logging_mixin.py:104} INFO - [2021-04-06 18:48:35,984] {dagbag.py:448} INFO - Filling up the DagBag from /Users/garonsmith/Desktop/airflow_study/airflow-etl-explore/.venv/lib/python3.8/site-packages/airflow/example_dags/example_trigger_target_dag.py
[2021-04-06 18:48:35,988] {scheduler_job.py:639} INFO - DAG(s) dict_keys(['example_trigger_target_dag']) retrieved from /Users/garonsmith/Desktop/airflow_study/airflow-etl-explore/.venv/lib/python3.8/site-packages/airflow/example_dags/example_trigger_target_dag.py
[2021-04-06 18:48:36,033] {logging_mixin.py:104} INFO - [2021-04-06 18:48:36,033] {dag.py:1818} INFO - Sync 1 DAGs
[2021-04-06 18:48:36,039] {logging_mixin.py:104} INFO - [2021-04-06 18:48:36,039] {dag.py:2273} INFO - Setting next_dagrun for example_trigger_target_dag to None
[2021-04-06 18:48:36,059] {scheduler_job.py:190} INFO - Processing /Users/garonsmith/Desktop/airflow_study/airflow-etl-explore/.venv/lib/python3.8/site-packages/airflow/example_dags/example_trigger_target_dag.py took 0.076 seconds
[2021-04-06 18:49:03,853] {scheduler_job.py:182} INFO - Started process (PID=20544) to work on /Users/garonsmith/Desktop/airflow_study/airflow-etl-explore/.venv/lib/python3.8/site-packages/airflow/example_dags/example_trigger_target_dag.py
[2021-04-06 18:49:03,854] {scheduler_job.py:629} INFO - Processing file /Users/garonsmith/Desktop/airflow_study/airflow-etl-explore/.venv/lib/python3.8/site-packages/airflow/example_dags/example_trigger_target_dag.py for tasks to queue
[2021-04-06 18:49:03,854] {logging_mixin.py:104} INFO - [2021-04-06 18:49:03,854] {dagbag.py:448} INFO - Filling up the DagBag from /Users/garonsmith/Desktop/airflow_study/airflow-etl-explore/.venv/lib/python3.8/site-packages/airflow/example_dags/example_trigger_target_dag.py
[2021-04-06 18:49:03,859] {scheduler_job.py:639} INFO - DAG(s) dict_keys(['example_trigger_target_dag']) retrieved from /Users/garonsmith/Desktop/airflow_study/airflow-etl-explore/.venv/lib/python3.8/site-packages/airflow/example_dags/example_trigger_target_dag.py
[2021-04-06 18:49:03,910] {logging_mixin.py:104} INFO - [2021-04-06 18:49:03,909] {dag.py:1818} INFO - Sync 1 DAGs
[2021-04-06 18:49:03,917] {logging_mixin.py:104} INFO - [2021-04-06 18:49:03,917] {dag.py:2273} INFO - Setting next_dagrun for example_trigger_target_dag to None
[2021-04-06 18:49:03,922] {scheduler_job.py:190} INFO - Processing /Users/garonsmith/Desktop/airflow_study/airflow-etl-explore/.venv/lib/python3.8/site-packages/airflow/example_dags/example_trigger_target_dag.py took 0.070 seconds
[2021-04-06 18:49:07,387] {scheduler_job.py:182} INFO - Started process (PID=20600) to work on /Users/garonsmith/Desktop/airflow_study/airflow-etl-explore/.venv/lib/python3.8/site-packages/airflow/example_dags/example_trigger_target_dag.py
[2021-04-06 18:49:07,387] {scheduler_job.py:629} INFO - Processing file /Users/garonsmith/Desktop/airflow_study/airflow-etl-explore/.venv/lib/python3.8/site-packages/airflow/example_dags/example_trigger_target_dag.py for tasks to queue
[2021-04-06 18:49:07,387] {logging_mixin.py:104} INFO - [2021-04-06 18:49:07,387] {dagbag.py:448} INFO - Filling up the DagBag from /Users/garonsmith/Desktop/airflow_study/airflow-etl-explore/.venv/lib/python3.8/site-packages/airflow/example_dags/example_trigger_target_dag.py
[2021-04-06 18:49:07,392] {scheduler_job.py:639} INFO - DAG(s) dict_keys(['example_trigger_target_dag']) retrieved from /Users/garonsmith/Desktop/airflow_study/airflow-etl-explore/.venv/lib/python3.8/site-packages/airflow/example_dags/example_trigger_target_dag.py
[2021-04-06 18:49:07,460] {logging_mixin.py:104} INFO - [2021-04-06 18:49:07,460] {dag.py:1818} INFO - Sync 1 DAGs
[2021-04-06 18:49:07,470] {logging_mixin.py:104} INFO - [2021-04-06 18:49:07,469] {dag.py:2273} INFO - Setting next_dagrun for example_trigger_target_dag to None
[2021-04-06 18:49:07,475] {scheduler_job.py:190} INFO - Processing /Users/garonsmith/Desktop/airflow_study/airflow-etl-explore/.venv/lib/python3.8/site-packages/airflow/example_dags/example_trigger_target_dag.py took 0.089 seconds
[2021-04-06 18:49:34,801] {scheduler_job.py:182} INFO - Started process (PID=20709) to work on /Users/garonsmith/Desktop/airflow_study/airflow-etl-explore/.venv/lib/python3.8/site-packages/airflow/example_dags/example_trigger_target_dag.py
[2021-04-06 18:49:34,802] {scheduler_job.py:629} INFO - Processing file /Users/garonsmith/Desktop/airflow_study/airflow-etl-explore/.venv/lib/python3.8/site-packages/airflow/example_dags/example_trigger_target_dag.py for tasks to queue
[2021-04-06 18:49:34,802] {logging_mixin.py:104} INFO - [2021-04-06 18:49:34,802] {dagbag.py:448} INFO - Filling up the DagBag from /Users/garonsmith/Desktop/airflow_study/airflow-etl-explore/.venv/lib/python3.8/site-packages/airflow/example_dags/example_trigger_target_dag.py
[2021-04-06 18:49:34,808] {scheduler_job.py:639} INFO - DAG(s) dict_keys(['example_trigger_target_dag']) retrieved from /Users/garonsmith/Desktop/airflow_study/airflow-etl-explore/.venv/lib/python3.8/site-packages/airflow/example_dags/example_trigger_target_dag.py
[2021-04-06 18:49:34,842] {logging_mixin.py:104} INFO - [2021-04-06 18:49:34,842] {dag.py:1818} INFO - Sync 1 DAGs
[2021-04-06 18:49:34,865] {logging_mixin.py:104} INFO - [2021-04-06 18:49:34,865] {dag.py:2273} INFO - Setting next_dagrun for example_trigger_target_dag to None
[2021-04-06 18:49:34,872] {scheduler_job.py:190} INFO - Processing /Users/garonsmith/Desktop/airflow_study/airflow-etl-explore/.venv/lib/python3.8/site-packages/airflow/example_dags/example_trigger_target_dag.py took 0.072 seconds
[2021-04-06 18:49:38,871] {scheduler_job.py:182} INFO - Started process (PID=20773) to work on /Users/garonsmith/Desktop/airflow_study/airflow-etl-explore/.venv/lib/python3.8/site-packages/airflow/example_dags/example_trigger_target_dag.py
[2021-04-06 18:49:38,871] {scheduler_job.py:629} INFO - Processing file /Users/garonsmith/Desktop/airflow_study/airflow-etl-explore/.venv/lib/python3.8/site-packages/airflow/example_dags/example_trigger_target_dag.py for tasks to queue
[2021-04-06 18:49:38,872] {logging_mixin.py:104} INFO - [2021-04-06 18:49:38,872] {dagbag.py:448} INFO - Filling up the DagBag from /Users/garonsmith/Desktop/airflow_study/airflow-etl-explore/.venv/lib/python3.8/site-packages/airflow/example_dags/example_trigger_target_dag.py
[2021-04-06 18:49:38,878] {scheduler_job.py:639} INFO - DAG(s) dict_keys(['example_trigger_target_dag']) retrieved from /Users/garonsmith/Desktop/airflow_study/airflow-etl-explore/.venv/lib/python3.8/site-packages/airflow/example_dags/example_trigger_target_dag.py
[2021-04-06 18:49:38,912] {logging_mixin.py:104} INFO - [2021-04-06 18:49:38,912] {dag.py:1818} INFO - Sync 1 DAGs
[2021-04-06 18:49:38,920] {logging_mixin.py:104} INFO - [2021-04-06 18:49:38,920] {dag.py:2273} INFO - Setting next_dagrun for example_trigger_target_dag to None
[2021-04-06 18:49:38,925] {scheduler_job.py:190} INFO - Processing /Users/garonsmith/Desktop/airflow_study/airflow-etl-explore/.venv/lib/python3.8/site-packages/airflow/example_dags/example_trigger_target_dag.py took 0.055 seconds
[2021-04-06 18:50:05,820] {scheduler_job.py:182} INFO - Started process (PID=20886) to work on /Users/garonsmith/Desktop/airflow_study/airflow-etl-explore/.venv/lib/python3.8/site-packages/airflow/example_dags/example_trigger_target_dag.py
[2021-04-06 18:50:05,820] {scheduler_job.py:629} INFO - Processing file /Users/garonsmith/Desktop/airflow_study/airflow-etl-explore/.venv/lib/python3.8/site-packages/airflow/example_dags/example_trigger_target_dag.py for tasks to queue
[2021-04-06 18:50:05,820] {logging_mixin.py:104} INFO - [2021-04-06 18:50:05,820] {dagbag.py:448} INFO - Filling up the DagBag from /Users/garonsmith/Desktop/airflow_study/airflow-etl-explore/.venv/lib/python3.8/site-packages/airflow/example_dags/example_trigger_target_dag.py
[2021-04-06 18:50:05,826] {scheduler_job.py:639} INFO - DAG(s) dict_keys(['example_trigger_target_dag']) retrieved from /Users/garonsmith/Desktop/airflow_study/airflow-etl-explore/.venv/lib/python3.8/site-packages/airflow/example_dags/example_trigger_target_dag.py
[2021-04-06 18:50:05,862] {logging_mixin.py:104} INFO - [2021-04-06 18:50:05,862] {dag.py:1818} INFO - Sync 1 DAGs
[2021-04-06 18:50:05,871] {logging_mixin.py:104} INFO - [2021-04-06 18:50:05,871] {dag.py:2273} INFO - Setting next_dagrun for example_trigger_target_dag to None
[2021-04-06 18:50:05,877] {scheduler_job.py:190} INFO - Processing /Users/garonsmith/Desktop/airflow_study/airflow-etl-explore/.venv/lib/python3.8/site-packages/airflow/example_dags/example_trigger_target_dag.py took 0.058 seconds
[2021-04-06 18:50:10,053] {scheduler_job.py:182} INFO - Started process (PID=20944) to work on /Users/garonsmith/Desktop/airflow_study/airflow-etl-explore/.venv/lib/python3.8/site-packages/airflow/example_dags/example_trigger_target_dag.py
[2021-04-06 18:50:10,053] {scheduler_job.py:629} INFO - Processing file /Users/garonsmith/Desktop/airflow_study/airflow-etl-explore/.venv/lib/python3.8/site-packages/airflow/example_dags/example_trigger_target_dag.py for tasks to queue
[2021-04-06 18:50:10,053] {logging_mixin.py:104} INFO - [2021-04-06 18:50:10,053] {dagbag.py:448} INFO - Filling up the DagBag from /Users/garonsmith/Desktop/airflow_study/airflow-etl-explore/.venv/lib/python3.8/site-packages/airflow/example_dags/example_trigger_target_dag.py
[2021-04-06 18:50:10,058] {scheduler_job.py:639} INFO - DAG(s) dict_keys(['example_trigger_target_dag']) retrieved from /Users/garonsmith/Desktop/airflow_study/airflow-etl-explore/.venv/lib/python3.8/site-packages/airflow/example_dags/example_trigger_target_dag.py
[2021-04-06 18:50:10,092] {logging_mixin.py:104} INFO - [2021-04-06 18:50:10,092] {dag.py:1818} INFO - Sync 1 DAGs
[2021-04-06 18:50:10,115] {logging_mixin.py:104} INFO - [2021-04-06 18:50:10,115] {dag.py:2273} INFO - Setting next_dagrun for example_trigger_target_dag to None
[2021-04-06 18:50:10,120] {scheduler_job.py:190} INFO - Processing /Users/garonsmith/Desktop/airflow_study/airflow-etl-explore/.venv/lib/python3.8/site-packages/airflow/example_dags/example_trigger_target_dag.py took 0.068 seconds
[2021-04-06 18:50:37,127] {scheduler_job.py:182} INFO - Started process (PID=21054) to work on /Users/garonsmith/Desktop/airflow_study/airflow-etl-explore/.venv/lib/python3.8/site-packages/airflow/example_dags/example_trigger_target_dag.py
[2021-04-06 18:50:37,127] {scheduler_job.py:629} INFO - Processing file /Users/garonsmith/Desktop/airflow_study/airflow-etl-explore/.venv/lib/python3.8/site-packages/airflow/example_dags/example_trigger_target_dag.py for tasks to queue
[2021-04-06 18:50:37,128] {logging_mixin.py:104} INFO - [2021-04-06 18:50:37,128] {dagbag.py:448} INFO - Filling up the DagBag from /Users/garonsmith/Desktop/airflow_study/airflow-etl-explore/.venv/lib/python3.8/site-packages/airflow/example_dags/example_trigger_target_dag.py
[2021-04-06 18:50:37,133] {scheduler_job.py:639} INFO - DAG(s) dict_keys(['example_trigger_target_dag']) retrieved from /Users/garonsmith/Desktop/airflow_study/airflow-etl-explore/.venv/lib/python3.8/site-packages/airflow/example_dags/example_trigger_target_dag.py
[2021-04-06 18:50:37,194] {logging_mixin.py:104} INFO - [2021-04-06 18:50:37,193] {dag.py:1818} INFO - Sync 1 DAGs
[2021-04-06 18:50:37,218] {logging_mixin.py:104} INFO - [2021-04-06 18:50:37,218] {dag.py:2273} INFO - Setting next_dagrun for example_trigger_target_dag to None
[2021-04-06 18:50:37,226] {scheduler_job.py:190} INFO - Processing /Users/garonsmith/Desktop/airflow_study/airflow-etl-explore/.venv/lib/python3.8/site-packages/airflow/example_dags/example_trigger_target_dag.py took 0.099 seconds
[2021-04-06 18:50:41,251] {scheduler_job.py:182} INFO - Started process (PID=21108) to work on /Users/garonsmith/Desktop/airflow_study/airflow-etl-explore/.venv/lib/python3.8/site-packages/airflow/example_dags/example_trigger_target_dag.py
[2021-04-06 18:50:41,251] {scheduler_job.py:629} INFO - Processing file /Users/garonsmith/Desktop/airflow_study/airflow-etl-explore/.venv/lib/python3.8/site-packages/airflow/example_dags/example_trigger_target_dag.py for tasks to queue
[2021-04-06 18:50:41,251] {logging_mixin.py:104} INFO - [2021-04-06 18:50:41,251] {dagbag.py:448} INFO - Filling up the DagBag from /Users/garonsmith/Desktop/airflow_study/airflow-etl-explore/.venv/lib/python3.8/site-packages/airflow/example_dags/example_trigger_target_dag.py
[2021-04-06 18:50:41,256] {scheduler_job.py:639} INFO - DAG(s) dict_keys(['example_trigger_target_dag']) retrieved from /Users/garonsmith/Desktop/airflow_study/airflow-etl-explore/.venv/lib/python3.8/site-packages/airflow/example_dags/example_trigger_target_dag.py
[2021-04-06 18:50:41,293] {logging_mixin.py:104} INFO - [2021-04-06 18:50:41,293] {dag.py:1818} INFO - Sync 1 DAGs
[2021-04-06 18:50:41,318] {logging_mixin.py:104} INFO - [2021-04-06 18:50:41,318] {dag.py:2273} INFO - Setting next_dagrun for example_trigger_target_dag to None
[2021-04-06 18:50:41,324] {scheduler_job.py:190} INFO - Processing /Users/garonsmith/Desktop/airflow_study/airflow-etl-explore/.venv/lib/python3.8/site-packages/airflow/example_dags/example_trigger_target_dag.py took 0.074 seconds
[2021-04-06 18:51:07,949] {scheduler_job.py:182} INFO - Started process (PID=21222) to work on /Users/garonsmith/Desktop/airflow_study/airflow-etl-explore/.venv/lib/python3.8/site-packages/airflow/example_dags/example_trigger_target_dag.py
[2021-04-06 18:51:07,950] {scheduler_job.py:629} INFO - Processing file /Users/garonsmith/Desktop/airflow_study/airflow-etl-explore/.venv/lib/python3.8/site-packages/airflow/example_dags/example_trigger_target_dag.py for tasks to queue
[2021-04-06 18:51:07,950] {logging_mixin.py:104} INFO - [2021-04-06 18:51:07,950] {dagbag.py:448} INFO - Filling up the DagBag from /Users/garonsmith/Desktop/airflow_study/airflow-etl-explore/.venv/lib/python3.8/site-packages/airflow/example_dags/example_trigger_target_dag.py
[2021-04-06 18:51:07,954] {scheduler_job.py:639} INFO - DAG(s) dict_keys(['example_trigger_target_dag']) retrieved from /Users/garonsmith/Desktop/airflow_study/airflow-etl-explore/.venv/lib/python3.8/site-packages/airflow/example_dags/example_trigger_target_dag.py
[2021-04-06 18:51:08,013] {logging_mixin.py:104} INFO - [2021-04-06 18:51:08,012] {dag.py:1818} INFO - Sync 1 DAGs
[2021-04-06 18:51:08,024] {logging_mixin.py:104} INFO - [2021-04-06 18:51:08,024] {dag.py:2273} INFO - Setting next_dagrun for example_trigger_target_dag to None
[2021-04-06 18:51:08,032] {scheduler_job.py:190} INFO - Processing /Users/garonsmith/Desktop/airflow_study/airflow-etl-explore/.venv/lib/python3.8/site-packages/airflow/example_dags/example_trigger_target_dag.py took 0.083 seconds
[2021-04-06 18:51:12,086] {scheduler_job.py:182} INFO - Started process (PID=21274) to work on /Users/garonsmith/Desktop/airflow_study/airflow-etl-explore/.venv/lib/python3.8/site-packages/airflow/example_dags/example_trigger_target_dag.py
[2021-04-06 18:51:12,087] {scheduler_job.py:629} INFO - Processing file /Users/garonsmith/Desktop/airflow_study/airflow-etl-explore/.venv/lib/python3.8/site-packages/airflow/example_dags/example_trigger_target_dag.py for tasks to queue
[2021-04-06 18:51:12,087] {logging_mixin.py:104} INFO - [2021-04-06 18:51:12,087] {dagbag.py:448} INFO - Filling up the DagBag from /Users/garonsmith/Desktop/airflow_study/airflow-etl-explore/.venv/lib/python3.8/site-packages/airflow/example_dags/example_trigger_target_dag.py
[2021-04-06 18:51:12,091] {scheduler_job.py:639} INFO - DAG(s) dict_keys(['example_trigger_target_dag']) retrieved from /Users/garonsmith/Desktop/airflow_study/airflow-etl-explore/.venv/lib/python3.8/site-packages/airflow/example_dags/example_trigger_target_dag.py
[2021-04-06 18:51:12,163] {logging_mixin.py:104} INFO - [2021-04-06 18:51:12,163] {dag.py:1818} INFO - Sync 1 DAGs
[2021-04-06 18:51:12,175] {logging_mixin.py:104} INFO - [2021-04-06 18:51:12,175] {dag.py:2273} INFO - Setting next_dagrun for example_trigger_target_dag to None
[2021-04-06 18:51:12,181] {scheduler_job.py:190} INFO - Processing /Users/garonsmith/Desktop/airflow_study/airflow-etl-explore/.venv/lib/python3.8/site-packages/airflow/example_dags/example_trigger_target_dag.py took 0.095 seconds
[2021-04-06 18:51:38,822] {scheduler_job.py:182} INFO - Started process (PID=21384) to work on /Users/garonsmith/Desktop/airflow_study/airflow-etl-explore/.venv/lib/python3.8/site-packages/airflow/example_dags/example_trigger_target_dag.py
[2021-04-06 18:51:38,823] {scheduler_job.py:629} INFO - Processing file /Users/garonsmith/Desktop/airflow_study/airflow-etl-explore/.venv/lib/python3.8/site-packages/airflow/example_dags/example_trigger_target_dag.py for tasks to queue
[2021-04-06 18:51:38,823] {logging_mixin.py:104} INFO - [2021-04-06 18:51:38,823] {dagbag.py:448} INFO - Filling up the DagBag from /Users/garonsmith/Desktop/airflow_study/airflow-etl-explore/.venv/lib/python3.8/site-packages/airflow/example_dags/example_trigger_target_dag.py
[2021-04-06 18:51:38,828] {scheduler_job.py:639} INFO - DAG(s) dict_keys(['example_trigger_target_dag']) retrieved from /Users/garonsmith/Desktop/airflow_study/airflow-etl-explore/.venv/lib/python3.8/site-packages/airflow/example_dags/example_trigger_target_dag.py
[2021-04-06 18:51:38,863] {logging_mixin.py:104} INFO - [2021-04-06 18:51:38,863] {dag.py:1818} INFO - Sync 1 DAGs
[2021-04-06 18:51:38,871] {logging_mixin.py:104} INFO - [2021-04-06 18:51:38,871] {dag.py:2273} INFO - Setting next_dagrun for example_trigger_target_dag to None
[2021-04-06 18:51:38,879] {scheduler_job.py:190} INFO - Processing /Users/garonsmith/Desktop/airflow_study/airflow-etl-explore/.venv/lib/python3.8/site-packages/airflow/example_dags/example_trigger_target_dag.py took 0.058 seconds
[2021-04-06 18:51:42,916] {scheduler_job.py:182} INFO - Started process (PID=21437) to work on /Users/garonsmith/Desktop/airflow_study/airflow-etl-explore/.venv/lib/python3.8/site-packages/airflow/example_dags/example_trigger_target_dag.py
[2021-04-06 18:51:42,916] {scheduler_job.py:629} INFO - Processing file /Users/garonsmith/Desktop/airflow_study/airflow-etl-explore/.venv/lib/python3.8/site-packages/airflow/example_dags/example_trigger_target_dag.py for tasks to queue
[2021-04-06 18:51:42,916] {logging_mixin.py:104} INFO - [2021-04-06 18:51:42,916] {dagbag.py:448} INFO - Filling up the DagBag from /Users/garonsmith/Desktop/airflow_study/airflow-etl-explore/.venv/lib/python3.8/site-packages/airflow/example_dags/example_trigger_target_dag.py
[2021-04-06 18:51:42,921] {scheduler_job.py:639} INFO - DAG(s) dict_keys(['example_trigger_target_dag']) retrieved from /Users/garonsmith/Desktop/airflow_study/airflow-etl-explore/.venv/lib/python3.8/site-packages/airflow/example_dags/example_trigger_target_dag.py
[2021-04-06 18:51:42,963] {logging_mixin.py:104} INFO - [2021-04-06 18:51:42,963] {dag.py:1818} INFO - Sync 1 DAGs
[2021-04-06 18:51:42,969] {logging_mixin.py:104} INFO - [2021-04-06 18:51:42,969] {dag.py:2273} INFO - Setting next_dagrun for example_trigger_target_dag to None
[2021-04-06 18:51:42,975] {scheduler_job.py:190} INFO - Processing /Users/garonsmith/Desktop/airflow_study/airflow-etl-explore/.venv/lib/python3.8/site-packages/airflow/example_dags/example_trigger_target_dag.py took 0.060 seconds
[2021-04-06 18:52:13,790] {scheduler_job.py:182} INFO - Started process (PID=21583) to work on /Users/garonsmith/Desktop/airflow_study/airflow-etl-explore/.venv/lib/python3.8/site-packages/airflow/example_dags/example_trigger_target_dag.py
[2021-04-06 18:52:13,790] {scheduler_job.py:629} INFO - Processing file /Users/garonsmith/Desktop/airflow_study/airflow-etl-explore/.venv/lib/python3.8/site-packages/airflow/example_dags/example_trigger_target_dag.py for tasks to queue
[2021-04-06 18:52:13,790] {logging_mixin.py:104} INFO - [2021-04-06 18:52:13,790] {dagbag.py:448} INFO - Filling up the DagBag from /Users/garonsmith/Desktop/airflow_study/airflow-etl-explore/.venv/lib/python3.8/site-packages/airflow/example_dags/example_trigger_target_dag.py
[2021-04-06 18:52:13,795] {scheduler_job.py:639} INFO - DAG(s) dict_keys(['example_trigger_target_dag']) retrieved from /Users/garonsmith/Desktop/airflow_study/airflow-etl-explore/.venv/lib/python3.8/site-packages/airflow/example_dags/example_trigger_target_dag.py
[2021-04-06 18:52:13,845] {logging_mixin.py:104} INFO - [2021-04-06 18:52:13,845] {dag.py:1818} INFO - Sync 1 DAGs
[2021-04-06 18:52:13,869] {logging_mixin.py:104} INFO - [2021-04-06 18:52:13,869] {dag.py:2273} INFO - Setting next_dagrun for example_trigger_target_dag to None
[2021-04-06 18:52:13,874] {scheduler_job.py:190} INFO - Processing /Users/garonsmith/Desktop/airflow_study/airflow-etl-explore/.venv/lib/python3.8/site-packages/airflow/example_dags/example_trigger_target_dag.py took 0.085 seconds
[2021-04-06 18:52:44,901] {scheduler_job.py:182} INFO - Started process (PID=21677) to work on /Users/garonsmith/Desktop/airflow_study/airflow-etl-explore/.venv/lib/python3.8/site-packages/airflow/example_dags/example_trigger_target_dag.py
[2021-04-06 18:52:44,901] {scheduler_job.py:629} INFO - Processing file /Users/garonsmith/Desktop/airflow_study/airflow-etl-explore/.venv/lib/python3.8/site-packages/airflow/example_dags/example_trigger_target_dag.py for tasks to queue
[2021-04-06 18:52:44,902] {logging_mixin.py:104} INFO - [2021-04-06 18:52:44,902] {dagbag.py:448} INFO - Filling up the DagBag from /Users/garonsmith/Desktop/airflow_study/airflow-etl-explore/.venv/lib/python3.8/site-packages/airflow/example_dags/example_trigger_target_dag.py
[2021-04-06 18:52:44,907] {scheduler_job.py:639} INFO - DAG(s) dict_keys(['example_trigger_target_dag']) retrieved from /Users/garonsmith/Desktop/airflow_study/airflow-etl-explore/.venv/lib/python3.8/site-packages/airflow/example_dags/example_trigger_target_dag.py
[2021-04-06 18:52:44,948] {logging_mixin.py:104} INFO - [2021-04-06 18:52:44,948] {dag.py:1818} INFO - Sync 1 DAGs
[2021-04-06 18:52:44,970] {logging_mixin.py:104} INFO - [2021-04-06 18:52:44,970] {dag.py:2273} INFO - Setting next_dagrun for example_trigger_target_dag to None
[2021-04-06 18:52:44,976] {scheduler_job.py:190} INFO - Processing /Users/garonsmith/Desktop/airflow_study/airflow-etl-explore/.venv/lib/python3.8/site-packages/airflow/example_dags/example_trigger_target_dag.py took 0.076 seconds
[2021-04-06 18:53:15,630] {scheduler_job.py:182} INFO - Started process (PID=21765) to work on /Users/garonsmith/Desktop/airflow_study/airflow-etl-explore/.venv/lib/python3.8/site-packages/airflow/example_dags/example_trigger_target_dag.py
[2021-04-06 18:53:15,630] {scheduler_job.py:629} INFO - Processing file /Users/garonsmith/Desktop/airflow_study/airflow-etl-explore/.venv/lib/python3.8/site-packages/airflow/example_dags/example_trigger_target_dag.py for tasks to queue
[2021-04-06 18:53:15,630] {logging_mixin.py:104} INFO - [2021-04-06 18:53:15,630] {dagbag.py:448} INFO - Filling up the DagBag from /Users/garonsmith/Desktop/airflow_study/airflow-etl-explore/.venv/lib/python3.8/site-packages/airflow/example_dags/example_trigger_target_dag.py
[2021-04-06 18:53:15,635] {scheduler_job.py:639} INFO - DAG(s) dict_keys(['example_trigger_target_dag']) retrieved from /Users/garonsmith/Desktop/airflow_study/airflow-etl-explore/.venv/lib/python3.8/site-packages/airflow/example_dags/example_trigger_target_dag.py
[2021-04-06 18:53:15,669] {logging_mixin.py:104} INFO - [2021-04-06 18:53:15,668] {dag.py:1818} INFO - Sync 1 DAGs
[2021-04-06 18:53:15,680] {logging_mixin.py:104} INFO - [2021-04-06 18:53:15,680] {dag.py:2273} INFO - Setting next_dagrun for example_trigger_target_dag to None
[2021-04-06 18:53:15,685] {scheduler_job.py:190} INFO - Processing /Users/garonsmith/Desktop/airflow_study/airflow-etl-explore/.venv/lib/python3.8/site-packages/airflow/example_dags/example_trigger_target_dag.py took 0.056 seconds
[2021-04-06 18:53:46,825] {scheduler_job.py:182} INFO - Started process (PID=21873) to work on /Users/garonsmith/Desktop/airflow_study/airflow-etl-explore/.venv/lib/python3.8/site-packages/airflow/example_dags/example_trigger_target_dag.py
[2021-04-06 18:53:46,825] {scheduler_job.py:629} INFO - Processing file /Users/garonsmith/Desktop/airflow_study/airflow-etl-explore/.venv/lib/python3.8/site-packages/airflow/example_dags/example_trigger_target_dag.py for tasks to queue
[2021-04-06 18:53:46,825] {logging_mixin.py:104} INFO - [2021-04-06 18:53:46,825] {dagbag.py:448} INFO - Filling up the DagBag from /Users/garonsmith/Desktop/airflow_study/airflow-etl-explore/.venv/lib/python3.8/site-packages/airflow/example_dags/example_trigger_target_dag.py
[2021-04-06 18:53:46,830] {scheduler_job.py:639} INFO - DAG(s) dict_keys(['example_trigger_target_dag']) retrieved from /Users/garonsmith/Desktop/airflow_study/airflow-etl-explore/.venv/lib/python3.8/site-packages/airflow/example_dags/example_trigger_target_dag.py
[2021-04-06 18:53:46,867] {logging_mixin.py:104} INFO - [2021-04-06 18:53:46,867] {dag.py:1818} INFO - Sync 1 DAGs
[2021-04-06 18:53:46,875] {logging_mixin.py:104} INFO - [2021-04-06 18:53:46,875] {dag.py:2273} INFO - Setting next_dagrun for example_trigger_target_dag to None
[2021-04-06 18:53:46,882] {scheduler_job.py:190} INFO - Processing /Users/garonsmith/Desktop/airflow_study/airflow-etl-explore/.venv/lib/python3.8/site-packages/airflow/example_dags/example_trigger_target_dag.py took 0.058 seconds
