[2021-04-06 18:36:14,693] {scheduler_job.py:182} INFO - Started process (PID=17377) to work on /Users/garonsmith/Desktop/airflow_study/airflow-etl-explore/.venv/lib/python3.8/site-packages/airflow/example_dags/example_external_task_marker_dag.py
[2021-04-06 18:36:14,693] {scheduler_job.py:629} INFO - Processing file /Users/garonsmith/Desktop/airflow_study/airflow-etl-explore/.venv/lib/python3.8/site-packages/airflow/example_dags/example_external_task_marker_dag.py for tasks to queue
[2021-04-06 18:36:14,693] {logging_mixin.py:104} INFO - [2021-04-06 18:36:14,693] {dagbag.py:448} INFO - Filling up the DagBag from /Users/garonsmith/Desktop/airflow_study/airflow-etl-explore/.venv/lib/python3.8/site-packages/airflow/example_dags/example_external_task_marker_dag.py
[2021-04-06 18:36:14,699] {scheduler_job.py:639} INFO - DAG(s) dict_keys(['example_external_task_marker_parent', 'example_external_task_marker_child']) retrieved from /Users/garonsmith/Desktop/airflow_study/airflow-etl-explore/.venv/lib/python3.8/site-packages/airflow/example_dags/example_external_task_marker_dag.py
[2021-04-06 18:36:14,738] {logging_mixin.py:104} INFO - [2021-04-06 18:36:14,738] {dag.py:1818} INFO - Sync 2 DAGs
[2021-04-06 18:36:14,744] {logging_mixin.py:104} INFO - [2021-04-06 18:36:14,744] {dag.py:2273} INFO - Setting next_dagrun for example_external_task_marker_child to None
[2021-04-06 18:36:14,745] {logging_mixin.py:104} INFO - [2021-04-06 18:36:14,745] {dag.py:2273} INFO - Setting next_dagrun for example_external_task_marker_parent to None
[2021-04-06 18:36:14,750] {scheduler_job.py:190} INFO - Processing /Users/garonsmith/Desktop/airflow_study/airflow-etl-explore/.venv/lib/python3.8/site-packages/airflow/example_dags/example_external_task_marker_dag.py took 0.058 seconds
[2021-04-06 18:36:45,540] {scheduler_job.py:182} INFO - Started process (PID=17468) to work on /Users/garonsmith/Desktop/airflow_study/airflow-etl-explore/.venv/lib/python3.8/site-packages/airflow/example_dags/example_external_task_marker_dag.py
[2021-04-06 18:36:45,541] {scheduler_job.py:629} INFO - Processing file /Users/garonsmith/Desktop/airflow_study/airflow-etl-explore/.venv/lib/python3.8/site-packages/airflow/example_dags/example_external_task_marker_dag.py for tasks to queue
[2021-04-06 18:36:45,541] {logging_mixin.py:104} INFO - [2021-04-06 18:36:45,541] {dagbag.py:448} INFO - Filling up the DagBag from /Users/garonsmith/Desktop/airflow_study/airflow-etl-explore/.venv/lib/python3.8/site-packages/airflow/example_dags/example_external_task_marker_dag.py
[2021-04-06 18:36:45,546] {scheduler_job.py:639} INFO - DAG(s) dict_keys(['example_external_task_marker_parent', 'example_external_task_marker_child']) retrieved from /Users/garonsmith/Desktop/airflow_study/airflow-etl-explore/.venv/lib/python3.8/site-packages/airflow/example_dags/example_external_task_marker_dag.py
[2021-04-06 18:36:45,577] {logging_mixin.py:104} INFO - [2021-04-06 18:36:45,577] {dag.py:1818} INFO - Sync 2 DAGs
[2021-04-06 18:36:45,584] {logging_mixin.py:104} INFO - [2021-04-06 18:36:45,584] {dag.py:2273} INFO - Setting next_dagrun for example_external_task_marker_child to None
[2021-04-06 18:36:45,585] {logging_mixin.py:104} INFO - [2021-04-06 18:36:45,585] {dag.py:2273} INFO - Setting next_dagrun for example_external_task_marker_parent to None
[2021-04-06 18:36:45,591] {scheduler_job.py:190} INFO - Processing /Users/garonsmith/Desktop/airflow_study/airflow-etl-explore/.venv/lib/python3.8/site-packages/airflow/example_dags/example_external_task_marker_dag.py took 0.051 seconds
[2021-04-06 18:37:16,734] {scheduler_job.py:182} INFO - Started process (PID=18365) to work on /Users/garonsmith/Desktop/airflow_study/airflow-etl-explore/.venv/lib/python3.8/site-packages/airflow/example_dags/example_external_task_marker_dag.py
[2021-04-06 18:37:16,734] {scheduler_job.py:629} INFO - Processing file /Users/garonsmith/Desktop/airflow_study/airflow-etl-explore/.venv/lib/python3.8/site-packages/airflow/example_dags/example_external_task_marker_dag.py for tasks to queue
[2021-04-06 18:37:16,735] {logging_mixin.py:104} INFO - [2021-04-06 18:37:16,735] {dagbag.py:448} INFO - Filling up the DagBag from /Users/garonsmith/Desktop/airflow_study/airflow-etl-explore/.venv/lib/python3.8/site-packages/airflow/example_dags/example_external_task_marker_dag.py
[2021-04-06 18:37:16,741] {scheduler_job.py:639} INFO - DAG(s) dict_keys(['example_external_task_marker_parent', 'example_external_task_marker_child']) retrieved from /Users/garonsmith/Desktop/airflow_study/airflow-etl-explore/.venv/lib/python3.8/site-packages/airflow/example_dags/example_external_task_marker_dag.py
[2021-04-06 18:37:16,772] {logging_mixin.py:104} INFO - [2021-04-06 18:37:16,772] {dag.py:1818} INFO - Sync 2 DAGs
[2021-04-06 18:37:16,779] {logging_mixin.py:104} INFO - [2021-04-06 18:37:16,778] {dag.py:2273} INFO - Setting next_dagrun for example_external_task_marker_child to None
[2021-04-06 18:37:16,779] {logging_mixin.py:104} INFO - [2021-04-06 18:37:16,779] {dag.py:2273} INFO - Setting next_dagrun for example_external_task_marker_parent to None
[2021-04-06 18:37:16,784] {scheduler_job.py:190} INFO - Processing /Users/garonsmith/Desktop/airflow_study/airflow-etl-explore/.venv/lib/python3.8/site-packages/airflow/example_dags/example_external_task_marker_dag.py took 0.051 seconds
[2021-04-06 18:37:48,306] {scheduler_job.py:182} INFO - Started process (PID=18451) to work on /Users/garonsmith/Desktop/airflow_study/airflow-etl-explore/.venv/lib/python3.8/site-packages/airflow/example_dags/example_external_task_marker_dag.py
[2021-04-06 18:37:48,306] {scheduler_job.py:629} INFO - Processing file /Users/garonsmith/Desktop/airflow_study/airflow-etl-explore/.venv/lib/python3.8/site-packages/airflow/example_dags/example_external_task_marker_dag.py for tasks to queue
[2021-04-06 18:37:48,306] {logging_mixin.py:104} INFO - [2021-04-06 18:37:48,306] {dagbag.py:448} INFO - Filling up the DagBag from /Users/garonsmith/Desktop/airflow_study/airflow-etl-explore/.venv/lib/python3.8/site-packages/airflow/example_dags/example_external_task_marker_dag.py
[2021-04-06 18:37:48,311] {scheduler_job.py:639} INFO - DAG(s) dict_keys(['example_external_task_marker_parent', 'example_external_task_marker_child']) retrieved from /Users/garonsmith/Desktop/airflow_study/airflow-etl-explore/.venv/lib/python3.8/site-packages/airflow/example_dags/example_external_task_marker_dag.py
[2021-04-06 18:37:48,344] {logging_mixin.py:104} INFO - [2021-04-06 18:37:48,344] {dag.py:1818} INFO - Sync 2 DAGs
[2021-04-06 18:37:48,352] {logging_mixin.py:104} INFO - [2021-04-06 18:37:48,352] {dag.py:2273} INFO - Setting next_dagrun for example_external_task_marker_child to None
[2021-04-06 18:37:48,352] {logging_mixin.py:104} INFO - [2021-04-06 18:37:48,352] {dag.py:2273} INFO - Setting next_dagrun for example_external_task_marker_parent to None
[2021-04-06 18:37:48,358] {scheduler_job.py:190} INFO - Processing /Users/garonsmith/Desktop/airflow_study/airflow-etl-explore/.venv/lib/python3.8/site-packages/airflow/example_dags/example_external_task_marker_dag.py took 0.052 seconds
[2021-04-06 18:38:19,359] {scheduler_job.py:182} INFO - Started process (PID=18539) to work on /Users/garonsmith/Desktop/airflow_study/airflow-etl-explore/.venv/lib/python3.8/site-packages/airflow/example_dags/example_external_task_marker_dag.py
[2021-04-06 18:38:19,359] {scheduler_job.py:629} INFO - Processing file /Users/garonsmith/Desktop/airflow_study/airflow-etl-explore/.venv/lib/python3.8/site-packages/airflow/example_dags/example_external_task_marker_dag.py for tasks to queue
[2021-04-06 18:38:19,360] {logging_mixin.py:104} INFO - [2021-04-06 18:38:19,360] {dagbag.py:448} INFO - Filling up the DagBag from /Users/garonsmith/Desktop/airflow_study/airflow-etl-explore/.venv/lib/python3.8/site-packages/airflow/example_dags/example_external_task_marker_dag.py
[2021-04-06 18:38:19,364] {scheduler_job.py:639} INFO - DAG(s) dict_keys(['example_external_task_marker_parent', 'example_external_task_marker_child']) retrieved from /Users/garonsmith/Desktop/airflow_study/airflow-etl-explore/.venv/lib/python3.8/site-packages/airflow/example_dags/example_external_task_marker_dag.py
[2021-04-06 18:38:19,397] {logging_mixin.py:104} INFO - [2021-04-06 18:38:19,397] {dag.py:1818} INFO - Sync 2 DAGs
[2021-04-06 18:38:19,408] {logging_mixin.py:104} INFO - [2021-04-06 18:38:19,408] {dag.py:2273} INFO - Setting next_dagrun for example_external_task_marker_child to None
[2021-04-06 18:38:19,409] {logging_mixin.py:104} INFO - [2021-04-06 18:38:19,409] {dag.py:2273} INFO - Setting next_dagrun for example_external_task_marker_parent to None
[2021-04-06 18:38:19,413] {scheduler_job.py:190} INFO - Processing /Users/garonsmith/Desktop/airflow_study/airflow-etl-explore/.venv/lib/python3.8/site-packages/airflow/example_dags/example_external_task_marker_dag.py took 0.055 seconds
[2021-04-06 18:38:50,488] {scheduler_job.py:182} INFO - Started process (PID=18633) to work on /Users/garonsmith/Desktop/airflow_study/airflow-etl-explore/.venv/lib/python3.8/site-packages/airflow/example_dags/example_external_task_marker_dag.py
[2021-04-06 18:38:50,488] {scheduler_job.py:629} INFO - Processing file /Users/garonsmith/Desktop/airflow_study/airflow-etl-explore/.venv/lib/python3.8/site-packages/airflow/example_dags/example_external_task_marker_dag.py for tasks to queue
[2021-04-06 18:38:50,488] {logging_mixin.py:104} INFO - [2021-04-06 18:38:50,488] {dagbag.py:448} INFO - Filling up the DagBag from /Users/garonsmith/Desktop/airflow_study/airflow-etl-explore/.venv/lib/python3.8/site-packages/airflow/example_dags/example_external_task_marker_dag.py
[2021-04-06 18:38:50,492] {scheduler_job.py:639} INFO - DAG(s) dict_keys(['example_external_task_marker_parent', 'example_external_task_marker_child']) retrieved from /Users/garonsmith/Desktop/airflow_study/airflow-etl-explore/.venv/lib/python3.8/site-packages/airflow/example_dags/example_external_task_marker_dag.py
[2021-04-06 18:38:50,536] {logging_mixin.py:104} INFO - [2021-04-06 18:38:50,536] {dag.py:1818} INFO - Sync 2 DAGs
[2021-04-06 18:38:50,542] {logging_mixin.py:104} INFO - [2021-04-06 18:38:50,542] {dag.py:2273} INFO - Setting next_dagrun for example_external_task_marker_child to None
[2021-04-06 18:38:50,543] {logging_mixin.py:104} INFO - [2021-04-06 18:38:50,543] {dag.py:2273} INFO - Setting next_dagrun for example_external_task_marker_parent to None
[2021-04-06 18:38:50,548] {scheduler_job.py:190} INFO - Processing /Users/garonsmith/Desktop/airflow_study/airflow-etl-explore/.venv/lib/python3.8/site-packages/airflow/example_dags/example_external_task_marker_dag.py took 0.060 seconds
[2021-04-06 18:39:21,254] {scheduler_job.py:182} INFO - Started process (PID=18722) to work on /Users/garonsmith/Desktop/airflow_study/airflow-etl-explore/.venv/lib/python3.8/site-packages/airflow/example_dags/example_external_task_marker_dag.py
[2021-04-06 18:39:21,255] {scheduler_job.py:629} INFO - Processing file /Users/garonsmith/Desktop/airflow_study/airflow-etl-explore/.venv/lib/python3.8/site-packages/airflow/example_dags/example_external_task_marker_dag.py for tasks to queue
[2021-04-06 18:39:21,255] {logging_mixin.py:104} INFO - [2021-04-06 18:39:21,255] {dagbag.py:448} INFO - Filling up the DagBag from /Users/garonsmith/Desktop/airflow_study/airflow-etl-explore/.venv/lib/python3.8/site-packages/airflow/example_dags/example_external_task_marker_dag.py
[2021-04-06 18:39:21,259] {scheduler_job.py:639} INFO - DAG(s) dict_keys(['example_external_task_marker_parent', 'example_external_task_marker_child']) retrieved from /Users/garonsmith/Desktop/airflow_study/airflow-etl-explore/.venv/lib/python3.8/site-packages/airflow/example_dags/example_external_task_marker_dag.py
[2021-04-06 18:39:21,299] {logging_mixin.py:104} INFO - [2021-04-06 18:39:21,298] {dag.py:1818} INFO - Sync 2 DAGs
[2021-04-06 18:39:21,320] {logging_mixin.py:104} INFO - [2021-04-06 18:39:21,320] {dag.py:2273} INFO - Setting next_dagrun for example_external_task_marker_child to None
[2021-04-06 18:39:21,321] {logging_mixin.py:104} INFO - [2021-04-06 18:39:21,321] {dag.py:2273} INFO - Setting next_dagrun for example_external_task_marker_parent to None
[2021-04-06 18:39:21,327] {scheduler_job.py:190} INFO - Processing /Users/garonsmith/Desktop/airflow_study/airflow-etl-explore/.venv/lib/python3.8/site-packages/airflow/example_dags/example_external_task_marker_dag.py took 0.073 seconds
[2021-04-06 18:39:52,272] {scheduler_job.py:182} INFO - Started process (PID=18833) to work on /Users/garonsmith/Desktop/airflow_study/airflow-etl-explore/.venv/lib/python3.8/site-packages/airflow/example_dags/example_external_task_marker_dag.py
[2021-04-06 18:39:52,272] {scheduler_job.py:629} INFO - Processing file /Users/garonsmith/Desktop/airflow_study/airflow-etl-explore/.venv/lib/python3.8/site-packages/airflow/example_dags/example_external_task_marker_dag.py for tasks to queue
[2021-04-06 18:39:52,272] {logging_mixin.py:104} INFO - [2021-04-06 18:39:52,272] {dagbag.py:448} INFO - Filling up the DagBag from /Users/garonsmith/Desktop/airflow_study/airflow-etl-explore/.venv/lib/python3.8/site-packages/airflow/example_dags/example_external_task_marker_dag.py
[2021-04-06 18:39:52,277] {scheduler_job.py:639} INFO - DAG(s) dict_keys(['example_external_task_marker_parent', 'example_external_task_marker_child']) retrieved from /Users/garonsmith/Desktop/airflow_study/airflow-etl-explore/.venv/lib/python3.8/site-packages/airflow/example_dags/example_external_task_marker_dag.py
[2021-04-06 18:39:52,318] {logging_mixin.py:104} INFO - [2021-04-06 18:39:52,318] {dag.py:1818} INFO - Sync 2 DAGs
[2021-04-06 18:39:52,325] {logging_mixin.py:104} INFO - [2021-04-06 18:39:52,325] {dag.py:2273} INFO - Setting next_dagrun for example_external_task_marker_child to None
[2021-04-06 18:39:52,325] {logging_mixin.py:104} INFO - [2021-04-06 18:39:52,325] {dag.py:2273} INFO - Setting next_dagrun for example_external_task_marker_parent to None
[2021-04-06 18:39:52,331] {scheduler_job.py:190} INFO - Processing /Users/garonsmith/Desktop/airflow_study/airflow-etl-explore/.venv/lib/python3.8/site-packages/airflow/example_dags/example_external_task_marker_dag.py took 0.059 seconds
[2021-04-06 18:40:23,937] {scheduler_job.py:182} INFO - Started process (PID=18936) to work on /Users/garonsmith/Desktop/airflow_study/airflow-etl-explore/.venv/lib/python3.8/site-packages/airflow/example_dags/example_external_task_marker_dag.py
[2021-04-06 18:40:23,938] {scheduler_job.py:629} INFO - Processing file /Users/garonsmith/Desktop/airflow_study/airflow-etl-explore/.venv/lib/python3.8/site-packages/airflow/example_dags/example_external_task_marker_dag.py for tasks to queue
[2021-04-06 18:40:23,938] {logging_mixin.py:104} INFO - [2021-04-06 18:40:23,938] {dagbag.py:448} INFO - Filling up the DagBag from /Users/garonsmith/Desktop/airflow_study/airflow-etl-explore/.venv/lib/python3.8/site-packages/airflow/example_dags/example_external_task_marker_dag.py
[2021-04-06 18:40:23,943] {scheduler_job.py:639} INFO - DAG(s) dict_keys(['example_external_task_marker_parent', 'example_external_task_marker_child']) retrieved from /Users/garonsmith/Desktop/airflow_study/airflow-etl-explore/.venv/lib/python3.8/site-packages/airflow/example_dags/example_external_task_marker_dag.py
[2021-04-06 18:40:24,003] {logging_mixin.py:104} INFO - [2021-04-06 18:40:24,003] {dag.py:1818} INFO - Sync 2 DAGs
[2021-04-06 18:40:24,011] {logging_mixin.py:104} INFO - [2021-04-06 18:40:24,010] {dag.py:2273} INFO - Setting next_dagrun for example_external_task_marker_child to None
[2021-04-06 18:40:24,011] {logging_mixin.py:104} INFO - [2021-04-06 18:40:24,011] {dag.py:2273} INFO - Setting next_dagrun for example_external_task_marker_parent to None
[2021-04-06 18:40:24,019] {scheduler_job.py:190} INFO - Processing /Users/garonsmith/Desktop/airflow_study/airflow-etl-explore/.venv/lib/python3.8/site-packages/airflow/example_dags/example_external_task_marker_dag.py took 0.082 seconds
[2021-04-06 18:40:55,185] {scheduler_job.py:182} INFO - Started process (PID=19023) to work on /Users/garonsmith/Desktop/airflow_study/airflow-etl-explore/.venv/lib/python3.8/site-packages/airflow/example_dags/example_external_task_marker_dag.py
[2021-04-06 18:40:55,185] {scheduler_job.py:629} INFO - Processing file /Users/garonsmith/Desktop/airflow_study/airflow-etl-explore/.venv/lib/python3.8/site-packages/airflow/example_dags/example_external_task_marker_dag.py for tasks to queue
[2021-04-06 18:40:55,186] {logging_mixin.py:104} INFO - [2021-04-06 18:40:55,186] {dagbag.py:448} INFO - Filling up the DagBag from /Users/garonsmith/Desktop/airflow_study/airflow-etl-explore/.venv/lib/python3.8/site-packages/airflow/example_dags/example_external_task_marker_dag.py
[2021-04-06 18:40:55,190] {scheduler_job.py:639} INFO - DAG(s) dict_keys(['example_external_task_marker_parent', 'example_external_task_marker_child']) retrieved from /Users/garonsmith/Desktop/airflow_study/airflow-etl-explore/.venv/lib/python3.8/site-packages/airflow/example_dags/example_external_task_marker_dag.py
[2021-04-06 18:40:55,231] {logging_mixin.py:104} INFO - [2021-04-06 18:40:55,230] {dag.py:1818} INFO - Sync 2 DAGs
[2021-04-06 18:40:55,253] {logging_mixin.py:104} INFO - [2021-04-06 18:40:55,253] {dag.py:2273} INFO - Setting next_dagrun for example_external_task_marker_child to None
[2021-04-06 18:40:55,254] {logging_mixin.py:104} INFO - [2021-04-06 18:40:55,254] {dag.py:2273} INFO - Setting next_dagrun for example_external_task_marker_parent to None
[2021-04-06 18:40:55,259] {scheduler_job.py:190} INFO - Processing /Users/garonsmith/Desktop/airflow_study/airflow-etl-explore/.venv/lib/python3.8/site-packages/airflow/example_dags/example_external_task_marker_dag.py took 0.075 seconds
[2021-04-06 18:41:26,496] {scheduler_job.py:182} INFO - Started process (PID=19113) to work on /Users/garonsmith/Desktop/airflow_study/airflow-etl-explore/.venv/lib/python3.8/site-packages/airflow/example_dags/example_external_task_marker_dag.py
[2021-04-06 18:41:26,496] {scheduler_job.py:629} INFO - Processing file /Users/garonsmith/Desktop/airflow_study/airflow-etl-explore/.venv/lib/python3.8/site-packages/airflow/example_dags/example_external_task_marker_dag.py for tasks to queue
[2021-04-06 18:41:26,496] {logging_mixin.py:104} INFO - [2021-04-06 18:41:26,496] {dagbag.py:448} INFO - Filling up the DagBag from /Users/garonsmith/Desktop/airflow_study/airflow-etl-explore/.venv/lib/python3.8/site-packages/airflow/example_dags/example_external_task_marker_dag.py
[2021-04-06 18:41:26,501] {scheduler_job.py:639} INFO - DAG(s) dict_keys(['example_external_task_marker_parent', 'example_external_task_marker_child']) retrieved from /Users/garonsmith/Desktop/airflow_study/airflow-etl-explore/.venv/lib/python3.8/site-packages/airflow/example_dags/example_external_task_marker_dag.py
[2021-04-06 18:41:26,553] {logging_mixin.py:104} INFO - [2021-04-06 18:41:26,553] {dag.py:1818} INFO - Sync 2 DAGs
[2021-04-06 18:41:26,560] {logging_mixin.py:104} INFO - [2021-04-06 18:41:26,560] {dag.py:2273} INFO - Setting next_dagrun for example_external_task_marker_child to None
[2021-04-06 18:41:26,560] {logging_mixin.py:104} INFO - [2021-04-06 18:41:26,560] {dag.py:2273} INFO - Setting next_dagrun for example_external_task_marker_parent to None
[2021-04-06 18:41:26,566] {scheduler_job.py:190} INFO - Processing /Users/garonsmith/Desktop/airflow_study/airflow-etl-explore/.venv/lib/python3.8/site-packages/airflow/example_dags/example_external_task_marker_dag.py took 0.071 seconds
[2021-04-06 18:41:57,521] {scheduler_job.py:182} INFO - Started process (PID=19217) to work on /Users/garonsmith/Desktop/airflow_study/airflow-etl-explore/.venv/lib/python3.8/site-packages/airflow/example_dags/example_external_task_marker_dag.py
[2021-04-06 18:41:57,521] {scheduler_job.py:629} INFO - Processing file /Users/garonsmith/Desktop/airflow_study/airflow-etl-explore/.venv/lib/python3.8/site-packages/airflow/example_dags/example_external_task_marker_dag.py for tasks to queue
[2021-04-06 18:41:57,522] {logging_mixin.py:104} INFO - [2021-04-06 18:41:57,521] {dagbag.py:448} INFO - Filling up the DagBag from /Users/garonsmith/Desktop/airflow_study/airflow-etl-explore/.venv/lib/python3.8/site-packages/airflow/example_dags/example_external_task_marker_dag.py
[2021-04-06 18:41:57,527] {scheduler_job.py:639} INFO - DAG(s) dict_keys(['example_external_task_marker_parent', 'example_external_task_marker_child']) retrieved from /Users/garonsmith/Desktop/airflow_study/airflow-etl-explore/.venv/lib/python3.8/site-packages/airflow/example_dags/example_external_task_marker_dag.py
[2021-04-06 18:41:57,582] {logging_mixin.py:104} INFO - [2021-04-06 18:41:57,582] {dag.py:1818} INFO - Sync 2 DAGs
[2021-04-06 18:41:57,606] {logging_mixin.py:104} INFO - [2021-04-06 18:41:57,606] {dag.py:2273} INFO - Setting next_dagrun for example_external_task_marker_child to None
[2021-04-06 18:41:57,607] {logging_mixin.py:104} INFO - [2021-04-06 18:41:57,607] {dag.py:2273} INFO - Setting next_dagrun for example_external_task_marker_parent to None
[2021-04-06 18:41:57,615] {scheduler_job.py:190} INFO - Processing /Users/garonsmith/Desktop/airflow_study/airflow-etl-explore/.venv/lib/python3.8/site-packages/airflow/example_dags/example_external_task_marker_dag.py took 0.094 seconds
[2021-04-06 18:42:28,363] {scheduler_job.py:182} INFO - Started process (PID=19309) to work on /Users/garonsmith/Desktop/airflow_study/airflow-etl-explore/.venv/lib/python3.8/site-packages/airflow/example_dags/example_external_task_marker_dag.py
[2021-04-06 18:42:28,363] {scheduler_job.py:629} INFO - Processing file /Users/garonsmith/Desktop/airflow_study/airflow-etl-explore/.venv/lib/python3.8/site-packages/airflow/example_dags/example_external_task_marker_dag.py for tasks to queue
[2021-04-06 18:42:28,363] {logging_mixin.py:104} INFO - [2021-04-06 18:42:28,363] {dagbag.py:448} INFO - Filling up the DagBag from /Users/garonsmith/Desktop/airflow_study/airflow-etl-explore/.venv/lib/python3.8/site-packages/airflow/example_dags/example_external_task_marker_dag.py
[2021-04-06 18:42:28,369] {scheduler_job.py:639} INFO - DAG(s) dict_keys(['example_external_task_marker_parent', 'example_external_task_marker_child']) retrieved from /Users/garonsmith/Desktop/airflow_study/airflow-etl-explore/.venv/lib/python3.8/site-packages/airflow/example_dags/example_external_task_marker_dag.py
[2021-04-06 18:42:28,404] {logging_mixin.py:104} INFO - [2021-04-06 18:42:28,404] {dag.py:1818} INFO - Sync 2 DAGs
[2021-04-06 18:42:28,412] {logging_mixin.py:104} INFO - [2021-04-06 18:42:28,412] {dag.py:2273} INFO - Setting next_dagrun for example_external_task_marker_child to None
[2021-04-06 18:42:28,412] {logging_mixin.py:104} INFO - [2021-04-06 18:42:28,412] {dag.py:2273} INFO - Setting next_dagrun for example_external_task_marker_parent to None
[2021-04-06 18:42:28,419] {scheduler_job.py:190} INFO - Processing /Users/garonsmith/Desktop/airflow_study/airflow-etl-explore/.venv/lib/python3.8/site-packages/airflow/example_dags/example_external_task_marker_dag.py took 0.056 seconds
[2021-04-06 18:42:59,354] {scheduler_job.py:182} INFO - Started process (PID=19401) to work on /Users/garonsmith/Desktop/airflow_study/airflow-etl-explore/.venv/lib/python3.8/site-packages/airflow/example_dags/example_external_task_marker_dag.py
[2021-04-06 18:42:59,355] {scheduler_job.py:629} INFO - Processing file /Users/garonsmith/Desktop/airflow_study/airflow-etl-explore/.venv/lib/python3.8/site-packages/airflow/example_dags/example_external_task_marker_dag.py for tasks to queue
[2021-04-06 18:42:59,355] {logging_mixin.py:104} INFO - [2021-04-06 18:42:59,355] {dagbag.py:448} INFO - Filling up the DagBag from /Users/garonsmith/Desktop/airflow_study/airflow-etl-explore/.venv/lib/python3.8/site-packages/airflow/example_dags/example_external_task_marker_dag.py
[2021-04-06 18:42:59,359] {scheduler_job.py:639} INFO - DAG(s) dict_keys(['example_external_task_marker_parent', 'example_external_task_marker_child']) retrieved from /Users/garonsmith/Desktop/airflow_study/airflow-etl-explore/.venv/lib/python3.8/site-packages/airflow/example_dags/example_external_task_marker_dag.py
[2021-04-06 18:42:59,408] {logging_mixin.py:104} INFO - [2021-04-06 18:42:59,408] {dag.py:1818} INFO - Sync 2 DAGs
[2021-04-06 18:42:59,417] {logging_mixin.py:104} INFO - [2021-04-06 18:42:59,417] {dag.py:2273} INFO - Setting next_dagrun for example_external_task_marker_child to None
[2021-04-06 18:42:59,417] {logging_mixin.py:104} INFO - [2021-04-06 18:42:59,417] {dag.py:2273} INFO - Setting next_dagrun for example_external_task_marker_parent to None
[2021-04-06 18:42:59,425] {scheduler_job.py:190} INFO - Processing /Users/garonsmith/Desktop/airflow_study/airflow-etl-explore/.venv/lib/python3.8/site-packages/airflow/example_dags/example_external_task_marker_dag.py took 0.071 seconds
[2021-04-06 18:43:30,356] {scheduler_job.py:182} INFO - Started process (PID=19509) to work on /Users/garonsmith/Desktop/airflow_study/airflow-etl-explore/.venv/lib/python3.8/site-packages/airflow/example_dags/example_external_task_marker_dag.py
[2021-04-06 18:43:30,357] {scheduler_job.py:629} INFO - Processing file /Users/garonsmith/Desktop/airflow_study/airflow-etl-explore/.venv/lib/python3.8/site-packages/airflow/example_dags/example_external_task_marker_dag.py for tasks to queue
[2021-04-06 18:43:30,358] {logging_mixin.py:104} INFO - [2021-04-06 18:43:30,357] {dagbag.py:448} INFO - Filling up the DagBag from /Users/garonsmith/Desktop/airflow_study/airflow-etl-explore/.venv/lib/python3.8/site-packages/airflow/example_dags/example_external_task_marker_dag.py
[2021-04-06 18:43:30,364] {scheduler_job.py:639} INFO - DAG(s) dict_keys(['example_external_task_marker_parent', 'example_external_task_marker_child']) retrieved from /Users/garonsmith/Desktop/airflow_study/airflow-etl-explore/.venv/lib/python3.8/site-packages/airflow/example_dags/example_external_task_marker_dag.py
[2021-04-06 18:43:30,406] {logging_mixin.py:104} INFO - [2021-04-06 18:43:30,405] {dag.py:1818} INFO - Sync 2 DAGs
[2021-04-06 18:43:30,414] {logging_mixin.py:104} INFO - [2021-04-06 18:43:30,414] {dag.py:2273} INFO - Setting next_dagrun for example_external_task_marker_child to None
[2021-04-06 18:43:30,414] {logging_mixin.py:104} INFO - [2021-04-06 18:43:30,414] {dag.py:2273} INFO - Setting next_dagrun for example_external_task_marker_parent to None
[2021-04-06 18:43:30,421] {scheduler_job.py:190} INFO - Processing /Users/garonsmith/Desktop/airflow_study/airflow-etl-explore/.venv/lib/python3.8/site-packages/airflow/example_dags/example_external_task_marker_dag.py took 0.066 seconds
[2021-04-06 18:43:51,291] {scheduler_job.py:182} INFO - Started process (PID=19641) to work on /Users/garonsmith/Desktop/airflow_study/airflow-etl-explore/.venv/lib/python3.8/site-packages/airflow/example_dags/example_external_task_marker_dag.py
[2021-04-06 18:43:51,292] {scheduler_job.py:629} INFO - Processing file /Users/garonsmith/Desktop/airflow_study/airflow-etl-explore/.venv/lib/python3.8/site-packages/airflow/example_dags/example_external_task_marker_dag.py for tasks to queue
[2021-04-06 18:43:51,292] {logging_mixin.py:104} INFO - [2021-04-06 18:43:51,292] {dagbag.py:448} INFO - Filling up the DagBag from /Users/garonsmith/Desktop/airflow_study/airflow-etl-explore/.venv/lib/python3.8/site-packages/airflow/example_dags/example_external_task_marker_dag.py
[2021-04-06 18:43:51,296] {scheduler_job.py:639} INFO - DAG(s) dict_keys(['example_external_task_marker_parent', 'example_external_task_marker_child']) retrieved from /Users/garonsmith/Desktop/airflow_study/airflow-etl-explore/.venv/lib/python3.8/site-packages/airflow/example_dags/example_external_task_marker_dag.py
[2021-04-06 18:43:51,330] {logging_mixin.py:104} INFO - [2021-04-06 18:43:51,330] {dag.py:1818} INFO - Sync 2 DAGs
[2021-04-06 18:43:51,352] {logging_mixin.py:104} INFO - [2021-04-06 18:43:51,352] {dag.py:2273} INFO - Setting next_dagrun for example_external_task_marker_child to None
[2021-04-06 18:43:51,353] {logging_mixin.py:104} INFO - [2021-04-06 18:43:51,353] {dag.py:2273} INFO - Setting next_dagrun for example_external_task_marker_parent to None
[2021-04-06 18:43:51,357] {scheduler_job.py:190} INFO - Processing /Users/garonsmith/Desktop/airflow_study/airflow-etl-explore/.venv/lib/python3.8/site-packages/airflow/example_dags/example_external_task_marker_dag.py took 0.066 seconds
[2021-04-06 18:44:22,101] {scheduler_job.py:182} INFO - Started process (PID=19730) to work on /Users/garonsmith/Desktop/airflow_study/airflow-etl-explore/.venv/lib/python3.8/site-packages/airflow/example_dags/example_external_task_marker_dag.py
[2021-04-06 18:44:22,102] {scheduler_job.py:629} INFO - Processing file /Users/garonsmith/Desktop/airflow_study/airflow-etl-explore/.venv/lib/python3.8/site-packages/airflow/example_dags/example_external_task_marker_dag.py for tasks to queue
[2021-04-06 18:44:22,102] {logging_mixin.py:104} INFO - [2021-04-06 18:44:22,102] {dagbag.py:448} INFO - Filling up the DagBag from /Users/garonsmith/Desktop/airflow_study/airflow-etl-explore/.venv/lib/python3.8/site-packages/airflow/example_dags/example_external_task_marker_dag.py
[2021-04-06 18:44:22,107] {scheduler_job.py:639} INFO - DAG(s) dict_keys(['example_external_task_marker_parent', 'example_external_task_marker_child']) retrieved from /Users/garonsmith/Desktop/airflow_study/airflow-etl-explore/.venv/lib/python3.8/site-packages/airflow/example_dags/example_external_task_marker_dag.py
[2021-04-06 18:44:22,158] {logging_mixin.py:104} INFO - [2021-04-06 18:44:22,157] {dag.py:1818} INFO - Sync 2 DAGs
[2021-04-06 18:44:22,165] {logging_mixin.py:104} INFO - [2021-04-06 18:44:22,165] {dag.py:2273} INFO - Setting next_dagrun for example_external_task_marker_child to None
[2021-04-06 18:44:22,166] {logging_mixin.py:104} INFO - [2021-04-06 18:44:22,166] {dag.py:2273} INFO - Setting next_dagrun for example_external_task_marker_parent to None
[2021-04-06 18:44:22,172] {scheduler_job.py:190} INFO - Processing /Users/garonsmith/Desktop/airflow_study/airflow-etl-explore/.venv/lib/python3.8/site-packages/airflow/example_dags/example_external_task_marker_dag.py took 0.071 seconds
[2021-04-06 18:44:53,099] {scheduler_job.py:182} INFO - Started process (PID=19817) to work on /Users/garonsmith/Desktop/airflow_study/airflow-etl-explore/.venv/lib/python3.8/site-packages/airflow/example_dags/example_external_task_marker_dag.py
[2021-04-06 18:44:53,100] {scheduler_job.py:629} INFO - Processing file /Users/garonsmith/Desktop/airflow_study/airflow-etl-explore/.venv/lib/python3.8/site-packages/airflow/example_dags/example_external_task_marker_dag.py for tasks to queue
[2021-04-06 18:44:53,100] {logging_mixin.py:104} INFO - [2021-04-06 18:44:53,100] {dagbag.py:448} INFO - Filling up the DagBag from /Users/garonsmith/Desktop/airflow_study/airflow-etl-explore/.venv/lib/python3.8/site-packages/airflow/example_dags/example_external_task_marker_dag.py
[2021-04-06 18:44:53,105] {scheduler_job.py:639} INFO - DAG(s) dict_keys(['example_external_task_marker_parent', 'example_external_task_marker_child']) retrieved from /Users/garonsmith/Desktop/airflow_study/airflow-etl-explore/.venv/lib/python3.8/site-packages/airflow/example_dags/example_external_task_marker_dag.py
[2021-04-06 18:44:53,154] {logging_mixin.py:104} INFO - [2021-04-06 18:44:53,154] {dag.py:1818} INFO - Sync 2 DAGs
[2021-04-06 18:44:53,160] {logging_mixin.py:104} INFO - [2021-04-06 18:44:53,160] {dag.py:2273} INFO - Setting next_dagrun for example_external_task_marker_child to None
[2021-04-06 18:44:53,160] {logging_mixin.py:104} INFO - [2021-04-06 18:44:53,160] {dag.py:2273} INFO - Setting next_dagrun for example_external_task_marker_parent to None
[2021-04-06 18:44:53,165] {scheduler_job.py:190} INFO - Processing /Users/garonsmith/Desktop/airflow_study/airflow-etl-explore/.venv/lib/python3.8/site-packages/airflow/example_dags/example_external_task_marker_dag.py took 0.066 seconds
[2021-04-06 18:45:24,171] {scheduler_job.py:182} INFO - Started process (PID=19904) to work on /Users/garonsmith/Desktop/airflow_study/airflow-etl-explore/.venv/lib/python3.8/site-packages/airflow/example_dags/example_external_task_marker_dag.py
[2021-04-06 18:45:24,171] {scheduler_job.py:629} INFO - Processing file /Users/garonsmith/Desktop/airflow_study/airflow-etl-explore/.venv/lib/python3.8/site-packages/airflow/example_dags/example_external_task_marker_dag.py for tasks to queue
[2021-04-06 18:45:24,172] {logging_mixin.py:104} INFO - [2021-04-06 18:45:24,172] {dagbag.py:448} INFO - Filling up the DagBag from /Users/garonsmith/Desktop/airflow_study/airflow-etl-explore/.venv/lib/python3.8/site-packages/airflow/example_dags/example_external_task_marker_dag.py
[2021-04-06 18:45:24,177] {scheduler_job.py:639} INFO - DAG(s) dict_keys(['example_external_task_marker_parent', 'example_external_task_marker_child']) retrieved from /Users/garonsmith/Desktop/airflow_study/airflow-etl-explore/.venv/lib/python3.8/site-packages/airflow/example_dags/example_external_task_marker_dag.py
[2021-04-06 18:45:24,235] {logging_mixin.py:104} INFO - [2021-04-06 18:45:24,235] {dag.py:1818} INFO - Sync 2 DAGs
[2021-04-06 18:45:24,259] {logging_mixin.py:104} INFO - [2021-04-06 18:45:24,259] {dag.py:2273} INFO - Setting next_dagrun for example_external_task_marker_child to None
[2021-04-06 18:45:24,259] {logging_mixin.py:104} INFO - [2021-04-06 18:45:24,259] {dag.py:2273} INFO - Setting next_dagrun for example_external_task_marker_parent to None
[2021-04-06 18:45:24,265] {scheduler_job.py:190} INFO - Processing /Users/garonsmith/Desktop/airflow_study/airflow-etl-explore/.venv/lib/python3.8/site-packages/airflow/example_dags/example_external_task_marker_dag.py took 0.094 seconds
[2021-04-06 18:45:55,471] {scheduler_job.py:182} INFO - Started process (PID=19998) to work on /Users/garonsmith/Desktop/airflow_study/airflow-etl-explore/.venv/lib/python3.8/site-packages/airflow/example_dags/example_external_task_marker_dag.py
[2021-04-06 18:45:55,471] {scheduler_job.py:629} INFO - Processing file /Users/garonsmith/Desktop/airflow_study/airflow-etl-explore/.venv/lib/python3.8/site-packages/airflow/example_dags/example_external_task_marker_dag.py for tasks to queue
[2021-04-06 18:45:55,471] {logging_mixin.py:104} INFO - [2021-04-06 18:45:55,471] {dagbag.py:448} INFO - Filling up the DagBag from /Users/garonsmith/Desktop/airflow_study/airflow-etl-explore/.venv/lib/python3.8/site-packages/airflow/example_dags/example_external_task_marker_dag.py
[2021-04-06 18:45:55,476] {scheduler_job.py:639} INFO - DAG(s) dict_keys(['example_external_task_marker_parent', 'example_external_task_marker_child']) retrieved from /Users/garonsmith/Desktop/airflow_study/airflow-etl-explore/.venv/lib/python3.8/site-packages/airflow/example_dags/example_external_task_marker_dag.py
[2021-04-06 18:45:55,514] {logging_mixin.py:104} INFO - [2021-04-06 18:45:55,514] {dag.py:1818} INFO - Sync 2 DAGs
[2021-04-06 18:45:55,523] {logging_mixin.py:104} INFO - [2021-04-06 18:45:55,523] {dag.py:2273} INFO - Setting next_dagrun for example_external_task_marker_child to None
[2021-04-06 18:45:55,523] {logging_mixin.py:104} INFO - [2021-04-06 18:45:55,523] {dag.py:2273} INFO - Setting next_dagrun for example_external_task_marker_parent to None
[2021-04-06 18:45:55,529] {scheduler_job.py:190} INFO - Processing /Users/garonsmith/Desktop/airflow_study/airflow-etl-explore/.venv/lib/python3.8/site-packages/airflow/example_dags/example_external_task_marker_dag.py took 0.059 seconds
[2021-04-06 18:46:26,750] {scheduler_job.py:182} INFO - Started process (PID=20091) to work on /Users/garonsmith/Desktop/airflow_study/airflow-etl-explore/.venv/lib/python3.8/site-packages/airflow/example_dags/example_external_task_marker_dag.py
[2021-04-06 18:46:26,750] {scheduler_job.py:629} INFO - Processing file /Users/garonsmith/Desktop/airflow_study/airflow-etl-explore/.venv/lib/python3.8/site-packages/airflow/example_dags/example_external_task_marker_dag.py for tasks to queue
[2021-04-06 18:46:26,750] {logging_mixin.py:104} INFO - [2021-04-06 18:46:26,750] {dagbag.py:448} INFO - Filling up the DagBag from /Users/garonsmith/Desktop/airflow_study/airflow-etl-explore/.venv/lib/python3.8/site-packages/airflow/example_dags/example_external_task_marker_dag.py
[2021-04-06 18:46:26,755] {scheduler_job.py:639} INFO - DAG(s) dict_keys(['example_external_task_marker_parent', 'example_external_task_marker_child']) retrieved from /Users/garonsmith/Desktop/airflow_study/airflow-etl-explore/.venv/lib/python3.8/site-packages/airflow/example_dags/example_external_task_marker_dag.py
[2021-04-06 18:46:26,811] {logging_mixin.py:104} INFO - [2021-04-06 18:46:26,811] {dag.py:1818} INFO - Sync 2 DAGs
[2021-04-06 18:46:26,819] {logging_mixin.py:104} INFO - [2021-04-06 18:46:26,819] {dag.py:2273} INFO - Setting next_dagrun for example_external_task_marker_child to None
[2021-04-06 18:46:26,820] {logging_mixin.py:104} INFO - [2021-04-06 18:46:26,820] {dag.py:2273} INFO - Setting next_dagrun for example_external_task_marker_parent to None
[2021-04-06 18:46:26,825] {scheduler_job.py:190} INFO - Processing /Users/garonsmith/Desktop/airflow_study/airflow-etl-explore/.venv/lib/python3.8/site-packages/airflow/example_dags/example_external_task_marker_dag.py took 0.076 seconds
[2021-04-06 18:46:57,956] {scheduler_job.py:182} INFO - Started process (PID=20178) to work on /Users/garonsmith/Desktop/airflow_study/airflow-etl-explore/.venv/lib/python3.8/site-packages/airflow/example_dags/example_external_task_marker_dag.py
[2021-04-06 18:46:57,956] {scheduler_job.py:629} INFO - Processing file /Users/garonsmith/Desktop/airflow_study/airflow-etl-explore/.venv/lib/python3.8/site-packages/airflow/example_dags/example_external_task_marker_dag.py for tasks to queue
[2021-04-06 18:46:57,956] {logging_mixin.py:104} INFO - [2021-04-06 18:46:57,956] {dagbag.py:448} INFO - Filling up the DagBag from /Users/garonsmith/Desktop/airflow_study/airflow-etl-explore/.venv/lib/python3.8/site-packages/airflow/example_dags/example_external_task_marker_dag.py
[2021-04-06 18:46:57,962] {scheduler_job.py:639} INFO - DAG(s) dict_keys(['example_external_task_marker_parent', 'example_external_task_marker_child']) retrieved from /Users/garonsmith/Desktop/airflow_study/airflow-etl-explore/.venv/lib/python3.8/site-packages/airflow/example_dags/example_external_task_marker_dag.py
[2021-04-06 18:46:58,012] {logging_mixin.py:104} INFO - [2021-04-06 18:46:58,012] {dag.py:1818} INFO - Sync 2 DAGs
[2021-04-06 18:46:58,021] {logging_mixin.py:104} INFO - [2021-04-06 18:46:58,020] {dag.py:2273} INFO - Setting next_dagrun for example_external_task_marker_child to None
[2021-04-06 18:46:58,021] {logging_mixin.py:104} INFO - [2021-04-06 18:46:58,021] {dag.py:2273} INFO - Setting next_dagrun for example_external_task_marker_parent to None
[2021-04-06 18:46:58,027] {scheduler_job.py:190} INFO - Processing /Users/garonsmith/Desktop/airflow_study/airflow-etl-explore/.venv/lib/python3.8/site-packages/airflow/example_dags/example_external_task_marker_dag.py took 0.072 seconds
[2021-04-06 18:47:29,001] {scheduler_job.py:182} INFO - Started process (PID=20263) to work on /Users/garonsmith/Desktop/airflow_study/airflow-etl-explore/.venv/lib/python3.8/site-packages/airflow/example_dags/example_external_task_marker_dag.py
[2021-04-06 18:47:29,001] {scheduler_job.py:629} INFO - Processing file /Users/garonsmith/Desktop/airflow_study/airflow-etl-explore/.venv/lib/python3.8/site-packages/airflow/example_dags/example_external_task_marker_dag.py for tasks to queue
[2021-04-06 18:47:29,001] {logging_mixin.py:104} INFO - [2021-04-06 18:47:29,001] {dagbag.py:448} INFO - Filling up the DagBag from /Users/garonsmith/Desktop/airflow_study/airflow-etl-explore/.venv/lib/python3.8/site-packages/airflow/example_dags/example_external_task_marker_dag.py
[2021-04-06 18:47:29,006] {scheduler_job.py:639} INFO - DAG(s) dict_keys(['example_external_task_marker_parent', 'example_external_task_marker_child']) retrieved from /Users/garonsmith/Desktop/airflow_study/airflow-etl-explore/.venv/lib/python3.8/site-packages/airflow/example_dags/example_external_task_marker_dag.py
[2021-04-06 18:47:29,036] {logging_mixin.py:104} INFO - [2021-04-06 18:47:29,036] {dag.py:1818} INFO - Sync 2 DAGs
[2021-04-06 18:47:29,059] {logging_mixin.py:104} INFO - [2021-04-06 18:47:29,059] {dag.py:2273} INFO - Setting next_dagrun for example_external_task_marker_child to None
[2021-04-06 18:47:29,060] {logging_mixin.py:104} INFO - [2021-04-06 18:47:29,060] {dag.py:2273} INFO - Setting next_dagrun for example_external_task_marker_parent to None
[2021-04-06 18:47:29,065] {scheduler_job.py:190} INFO - Processing /Users/garonsmith/Desktop/airflow_study/airflow-etl-explore/.venv/lib/python3.8/site-packages/airflow/example_dags/example_external_task_marker_dag.py took 0.065 seconds
[2021-04-06 18:47:59,993] {scheduler_job.py:182} INFO - Started process (PID=20350) to work on /Users/garonsmith/Desktop/airflow_study/airflow-etl-explore/.venv/lib/python3.8/site-packages/airflow/example_dags/example_external_task_marker_dag.py
[2021-04-06 18:47:59,993] {scheduler_job.py:629} INFO - Processing file /Users/garonsmith/Desktop/airflow_study/airflow-etl-explore/.venv/lib/python3.8/site-packages/airflow/example_dags/example_external_task_marker_dag.py for tasks to queue
[2021-04-06 18:47:59,993] {logging_mixin.py:104} INFO - [2021-04-06 18:47:59,993] {dagbag.py:448} INFO - Filling up the DagBag from /Users/garonsmith/Desktop/airflow_study/airflow-etl-explore/.venv/lib/python3.8/site-packages/airflow/example_dags/example_external_task_marker_dag.py
[2021-04-06 18:47:59,997] {scheduler_job.py:639} INFO - DAG(s) dict_keys(['example_external_task_marker_parent', 'example_external_task_marker_child']) retrieved from /Users/garonsmith/Desktop/airflow_study/airflow-etl-explore/.venv/lib/python3.8/site-packages/airflow/example_dags/example_external_task_marker_dag.py
[2021-04-06 18:48:00,039] {logging_mixin.py:104} INFO - [2021-04-06 18:48:00,039] {dag.py:1818} INFO - Sync 2 DAGs
[2021-04-06 18:48:00,065] {logging_mixin.py:104} INFO - [2021-04-06 18:48:00,065] {dag.py:2273} INFO - Setting next_dagrun for example_external_task_marker_child to None
[2021-04-06 18:48:00,066] {logging_mixin.py:104} INFO - [2021-04-06 18:48:00,066] {dag.py:2273} INFO - Setting next_dagrun for example_external_task_marker_parent to None
[2021-04-06 18:48:00,073] {scheduler_job.py:190} INFO - Processing /Users/garonsmith/Desktop/airflow_study/airflow-etl-explore/.venv/lib/python3.8/site-packages/airflow/example_dags/example_external_task_marker_dag.py took 0.081 seconds
[2021-04-06 18:48:30,655] {scheduler_job.py:182} INFO - Started process (PID=20435) to work on /Users/garonsmith/Desktop/airflow_study/airflow-etl-explore/.venv/lib/python3.8/site-packages/airflow/example_dags/example_external_task_marker_dag.py
[2021-04-06 18:48:30,656] {scheduler_job.py:629} INFO - Processing file /Users/garonsmith/Desktop/airflow_study/airflow-etl-explore/.venv/lib/python3.8/site-packages/airflow/example_dags/example_external_task_marker_dag.py for tasks to queue
[2021-04-06 18:48:30,656] {logging_mixin.py:104} INFO - [2021-04-06 18:48:30,656] {dagbag.py:448} INFO - Filling up the DagBag from /Users/garonsmith/Desktop/airflow_study/airflow-etl-explore/.venv/lib/python3.8/site-packages/airflow/example_dags/example_external_task_marker_dag.py
[2021-04-06 18:48:30,660] {scheduler_job.py:639} INFO - DAG(s) dict_keys(['example_external_task_marker_parent', 'example_external_task_marker_child']) retrieved from /Users/garonsmith/Desktop/airflow_study/airflow-etl-explore/.venv/lib/python3.8/site-packages/airflow/example_dags/example_external_task_marker_dag.py
[2021-04-06 18:48:30,712] {logging_mixin.py:104} INFO - [2021-04-06 18:48:30,712] {dag.py:1818} INFO - Sync 2 DAGs
[2021-04-06 18:48:30,722] {logging_mixin.py:104} INFO - [2021-04-06 18:48:30,722] {dag.py:2273} INFO - Setting next_dagrun for example_external_task_marker_child to None
[2021-04-06 18:48:30,722] {logging_mixin.py:104} INFO - [2021-04-06 18:48:30,722] {dag.py:2273} INFO - Setting next_dagrun for example_external_task_marker_parent to None
[2021-04-06 18:48:30,729] {scheduler_job.py:190} INFO - Processing /Users/garonsmith/Desktop/airflow_study/airflow-etl-explore/.venv/lib/python3.8/site-packages/airflow/example_dags/example_external_task_marker_dag.py took 0.074 seconds
[2021-04-06 18:49:01,599] {scheduler_job.py:182} INFO - Started process (PID=20518) to work on /Users/garonsmith/Desktop/airflow_study/airflow-etl-explore/.venv/lib/python3.8/site-packages/airflow/example_dags/example_external_task_marker_dag.py
[2021-04-06 18:49:01,600] {scheduler_job.py:629} INFO - Processing file /Users/garonsmith/Desktop/airflow_study/airflow-etl-explore/.venv/lib/python3.8/site-packages/airflow/example_dags/example_external_task_marker_dag.py for tasks to queue
[2021-04-06 18:49:01,600] {logging_mixin.py:104} INFO - [2021-04-06 18:49:01,600] {dagbag.py:448} INFO - Filling up the DagBag from /Users/garonsmith/Desktop/airflow_study/airflow-etl-explore/.venv/lib/python3.8/site-packages/airflow/example_dags/example_external_task_marker_dag.py
[2021-04-06 18:49:01,604] {scheduler_job.py:639} INFO - DAG(s) dict_keys(['example_external_task_marker_parent', 'example_external_task_marker_child']) retrieved from /Users/garonsmith/Desktop/airflow_study/airflow-etl-explore/.venv/lib/python3.8/site-packages/airflow/example_dags/example_external_task_marker_dag.py
[2021-04-06 18:49:01,637] {logging_mixin.py:104} INFO - [2021-04-06 18:49:01,637] {dag.py:1818} INFO - Sync 2 DAGs
[2021-04-06 18:49:01,659] {logging_mixin.py:104} INFO - [2021-04-06 18:49:01,659] {dag.py:2273} INFO - Setting next_dagrun for example_external_task_marker_child to None
[2021-04-06 18:49:01,660] {logging_mixin.py:104} INFO - [2021-04-06 18:49:01,660] {dag.py:2273} INFO - Setting next_dagrun for example_external_task_marker_parent to None
[2021-04-06 18:49:01,665] {scheduler_job.py:190} INFO - Processing /Users/garonsmith/Desktop/airflow_study/airflow-etl-explore/.venv/lib/python3.8/site-packages/airflow/example_dags/example_external_task_marker_dag.py took 0.066 seconds
[2021-04-06 18:49:08,167] {scheduler_job.py:182} INFO - Started process (PID=20614) to work on /Users/garonsmith/Desktop/airflow_study/airflow-etl-explore/.venv/lib/python3.8/site-packages/airflow/example_dags/example_external_task_marker_dag.py
[2021-04-06 18:49:08,167] {scheduler_job.py:629} INFO - Processing file /Users/garonsmith/Desktop/airflow_study/airflow-etl-explore/.venv/lib/python3.8/site-packages/airflow/example_dags/example_external_task_marker_dag.py for tasks to queue
[2021-04-06 18:49:08,167] {logging_mixin.py:104} INFO - [2021-04-06 18:49:08,167] {dagbag.py:448} INFO - Filling up the DagBag from /Users/garonsmith/Desktop/airflow_study/airflow-etl-explore/.venv/lib/python3.8/site-packages/airflow/example_dags/example_external_task_marker_dag.py
[2021-04-06 18:49:08,172] {scheduler_job.py:639} INFO - DAG(s) dict_keys(['example_external_task_marker_parent', 'example_external_task_marker_child']) retrieved from /Users/garonsmith/Desktop/airflow_study/airflow-etl-explore/.venv/lib/python3.8/site-packages/airflow/example_dags/example_external_task_marker_dag.py
[2021-04-06 18:49:08,211] {logging_mixin.py:104} INFO - [2021-04-06 18:49:08,211] {dag.py:1818} INFO - Sync 2 DAGs
[2021-04-06 18:49:08,219] {logging_mixin.py:104} INFO - [2021-04-06 18:49:08,219] {dag.py:2273} INFO - Setting next_dagrun for example_external_task_marker_child to None
[2021-04-06 18:49:08,219] {logging_mixin.py:104} INFO - [2021-04-06 18:49:08,219] {dag.py:2273} INFO - Setting next_dagrun for example_external_task_marker_parent to None
[2021-04-06 18:49:08,224] {scheduler_job.py:190} INFO - Processing /Users/garonsmith/Desktop/airflow_study/airflow-etl-explore/.venv/lib/python3.8/site-packages/airflow/example_dags/example_external_task_marker_dag.py took 0.058 seconds
[2021-04-06 18:49:33,293] {scheduler_job.py:182} INFO - Started process (PID=20696) to work on /Users/garonsmith/Desktop/airflow_study/airflow-etl-explore/.venv/lib/python3.8/site-packages/airflow/example_dags/example_external_task_marker_dag.py
[2021-04-06 18:49:33,295] {scheduler_job.py:629} INFO - Processing file /Users/garonsmith/Desktop/airflow_study/airflow-etl-explore/.venv/lib/python3.8/site-packages/airflow/example_dags/example_external_task_marker_dag.py for tasks to queue
[2021-04-06 18:49:33,295] {logging_mixin.py:104} INFO - [2021-04-06 18:49:33,295] {dagbag.py:448} INFO - Filling up the DagBag from /Users/garonsmith/Desktop/airflow_study/airflow-etl-explore/.venv/lib/python3.8/site-packages/airflow/example_dags/example_external_task_marker_dag.py
[2021-04-06 18:49:33,301] {scheduler_job.py:639} INFO - DAG(s) dict_keys(['example_external_task_marker_parent', 'example_external_task_marker_child']) retrieved from /Users/garonsmith/Desktop/airflow_study/airflow-etl-explore/.venv/lib/python3.8/site-packages/airflow/example_dags/example_external_task_marker_dag.py
[2021-04-06 18:49:33,360] {logging_mixin.py:104} INFO - [2021-04-06 18:49:33,360] {dag.py:1818} INFO - Sync 2 DAGs
[2021-04-06 18:49:33,368] {logging_mixin.py:104} INFO - [2021-04-06 18:49:33,368] {dag.py:2273} INFO - Setting next_dagrun for example_external_task_marker_child to None
[2021-04-06 18:49:33,369] {logging_mixin.py:104} INFO - [2021-04-06 18:49:33,369] {dag.py:2273} INFO - Setting next_dagrun for example_external_task_marker_parent to None
[2021-04-06 18:49:33,375] {scheduler_job.py:190} INFO - Processing /Users/garonsmith/Desktop/airflow_study/airflow-etl-explore/.venv/lib/python3.8/site-packages/airflow/example_dags/example_external_task_marker_dag.py took 0.082 seconds
[2021-04-06 18:49:39,469] {scheduler_job.py:182} INFO - Started process (PID=20780) to work on /Users/garonsmith/Desktop/airflow_study/airflow-etl-explore/.venv/lib/python3.8/site-packages/airflow/example_dags/example_external_task_marker_dag.py
[2021-04-06 18:49:39,470] {scheduler_job.py:629} INFO - Processing file /Users/garonsmith/Desktop/airflow_study/airflow-etl-explore/.venv/lib/python3.8/site-packages/airflow/example_dags/example_external_task_marker_dag.py for tasks to queue
[2021-04-06 18:49:39,470] {logging_mixin.py:104} INFO - [2021-04-06 18:49:39,470] {dagbag.py:448} INFO - Filling up the DagBag from /Users/garonsmith/Desktop/airflow_study/airflow-etl-explore/.venv/lib/python3.8/site-packages/airflow/example_dags/example_external_task_marker_dag.py
[2021-04-06 18:49:39,476] {scheduler_job.py:639} INFO - DAG(s) dict_keys(['example_external_task_marker_parent', 'example_external_task_marker_child']) retrieved from /Users/garonsmith/Desktop/airflow_study/airflow-etl-explore/.venv/lib/python3.8/site-packages/airflow/example_dags/example_external_task_marker_dag.py
[2021-04-06 18:49:39,511] {logging_mixin.py:104} INFO - [2021-04-06 18:49:39,511] {dag.py:1818} INFO - Sync 2 DAGs
[2021-04-06 18:49:39,519] {logging_mixin.py:104} INFO - [2021-04-06 18:49:39,519] {dag.py:2273} INFO - Setting next_dagrun for example_external_task_marker_child to None
[2021-04-06 18:49:39,520] {logging_mixin.py:104} INFO - [2021-04-06 18:49:39,520] {dag.py:2273} INFO - Setting next_dagrun for example_external_task_marker_parent to None
[2021-04-06 18:49:39,525] {scheduler_job.py:190} INFO - Processing /Users/garonsmith/Desktop/airflow_study/airflow-etl-explore/.venv/lib/python3.8/site-packages/airflow/example_dags/example_external_task_marker_dag.py took 0.056 seconds
[2021-04-06 18:50:04,189] {scheduler_job.py:182} INFO - Started process (PID=20872) to work on /Users/garonsmith/Desktop/airflow_study/airflow-etl-explore/.venv/lib/python3.8/site-packages/airflow/example_dags/example_external_task_marker_dag.py
[2021-04-06 18:50:04,189] {scheduler_job.py:629} INFO - Processing file /Users/garonsmith/Desktop/airflow_study/airflow-etl-explore/.venv/lib/python3.8/site-packages/airflow/example_dags/example_external_task_marker_dag.py for tasks to queue
[2021-04-06 18:50:04,189] {logging_mixin.py:104} INFO - [2021-04-06 18:50:04,189] {dagbag.py:448} INFO - Filling up the DagBag from /Users/garonsmith/Desktop/airflow_study/airflow-etl-explore/.venv/lib/python3.8/site-packages/airflow/example_dags/example_external_task_marker_dag.py
[2021-04-06 18:50:04,193] {scheduler_job.py:639} INFO - DAG(s) dict_keys(['example_external_task_marker_parent', 'example_external_task_marker_child']) retrieved from /Users/garonsmith/Desktop/airflow_study/airflow-etl-explore/.venv/lib/python3.8/site-packages/airflow/example_dags/example_external_task_marker_dag.py
[2021-04-06 18:50:04,268] {logging_mixin.py:104} INFO - [2021-04-06 18:50:04,267] {dag.py:1818} INFO - Sync 2 DAGs
[2021-04-06 18:50:04,276] {logging_mixin.py:104} INFO - [2021-04-06 18:50:04,276] {dag.py:2273} INFO - Setting next_dagrun for example_external_task_marker_child to None
[2021-04-06 18:50:04,277] {logging_mixin.py:104} INFO - [2021-04-06 18:50:04,277] {dag.py:2273} INFO - Setting next_dagrun for example_external_task_marker_parent to None
[2021-04-06 18:50:04,287] {scheduler_job.py:190} INFO - Processing /Users/garonsmith/Desktop/airflow_study/airflow-etl-explore/.venv/lib/python3.8/site-packages/airflow/example_dags/example_external_task_marker_dag.py took 0.099 seconds
[2021-04-06 18:50:11,011] {scheduler_job.py:182} INFO - Started process (PID=20962) to work on /Users/garonsmith/Desktop/airflow_study/airflow-etl-explore/.venv/lib/python3.8/site-packages/airflow/example_dags/example_external_task_marker_dag.py
[2021-04-06 18:50:11,011] {scheduler_job.py:629} INFO - Processing file /Users/garonsmith/Desktop/airflow_study/airflow-etl-explore/.venv/lib/python3.8/site-packages/airflow/example_dags/example_external_task_marker_dag.py for tasks to queue
[2021-04-06 18:50:11,011] {logging_mixin.py:104} INFO - [2021-04-06 18:50:11,011] {dagbag.py:448} INFO - Filling up the DagBag from /Users/garonsmith/Desktop/airflow_study/airflow-etl-explore/.venv/lib/python3.8/site-packages/airflow/example_dags/example_external_task_marker_dag.py
[2021-04-06 18:50:11,016] {scheduler_job.py:639} INFO - DAG(s) dict_keys(['example_external_task_marker_parent', 'example_external_task_marker_child']) retrieved from /Users/garonsmith/Desktop/airflow_study/airflow-etl-explore/.venv/lib/python3.8/site-packages/airflow/example_dags/example_external_task_marker_dag.py
[2021-04-06 18:50:11,063] {logging_mixin.py:104} INFO - [2021-04-06 18:50:11,063] {dag.py:1818} INFO - Sync 2 DAGs
[2021-04-06 18:50:11,073] {logging_mixin.py:104} INFO - [2021-04-06 18:50:11,073] {dag.py:2273} INFO - Setting next_dagrun for example_external_task_marker_child to None
[2021-04-06 18:50:11,073] {logging_mixin.py:104} INFO - [2021-04-06 18:50:11,073] {dag.py:2273} INFO - Setting next_dagrun for example_external_task_marker_parent to None
[2021-04-06 18:50:11,080] {scheduler_job.py:190} INFO - Processing /Users/garonsmith/Desktop/airflow_study/airflow-etl-explore/.venv/lib/python3.8/site-packages/airflow/example_dags/example_external_task_marker_dag.py took 0.070 seconds
[2021-04-06 18:50:35,041] {scheduler_job.py:182} INFO - Started process (PID=21037) to work on /Users/garonsmith/Desktop/airflow_study/airflow-etl-explore/.venv/lib/python3.8/site-packages/airflow/example_dags/example_external_task_marker_dag.py
[2021-04-06 18:50:35,041] {scheduler_job.py:629} INFO - Processing file /Users/garonsmith/Desktop/airflow_study/airflow-etl-explore/.venv/lib/python3.8/site-packages/airflow/example_dags/example_external_task_marker_dag.py for tasks to queue
[2021-04-06 18:50:35,042] {logging_mixin.py:104} INFO - [2021-04-06 18:50:35,042] {dagbag.py:448} INFO - Filling up the DagBag from /Users/garonsmith/Desktop/airflow_study/airflow-etl-explore/.venv/lib/python3.8/site-packages/airflow/example_dags/example_external_task_marker_dag.py
[2021-04-06 18:50:35,047] {scheduler_job.py:639} INFO - DAG(s) dict_keys(['example_external_task_marker_parent', 'example_external_task_marker_child']) retrieved from /Users/garonsmith/Desktop/airflow_study/airflow-etl-explore/.venv/lib/python3.8/site-packages/airflow/example_dags/example_external_task_marker_dag.py
[2021-04-06 18:50:35,117] {logging_mixin.py:104} INFO - [2021-04-06 18:50:35,117] {dag.py:1818} INFO - Sync 2 DAGs
[2021-04-06 18:50:35,125] {logging_mixin.py:104} INFO - [2021-04-06 18:50:35,125] {dag.py:2273} INFO - Setting next_dagrun for example_external_task_marker_child to None
[2021-04-06 18:50:35,126] {logging_mixin.py:104} INFO - [2021-04-06 18:50:35,126] {dag.py:2273} INFO - Setting next_dagrun for example_external_task_marker_parent to None
[2021-04-06 18:50:35,131] {scheduler_job.py:190} INFO - Processing /Users/garonsmith/Desktop/airflow_study/airflow-etl-explore/.venv/lib/python3.8/site-packages/airflow/example_dags/example_external_task_marker_dag.py took 0.091 seconds
[2021-04-06 18:50:42,569] {scheduler_job.py:182} INFO - Started process (PID=21128) to work on /Users/garonsmith/Desktop/airflow_study/airflow-etl-explore/.venv/lib/python3.8/site-packages/airflow/example_dags/example_external_task_marker_dag.py
[2021-04-06 18:50:42,570] {scheduler_job.py:629} INFO - Processing file /Users/garonsmith/Desktop/airflow_study/airflow-etl-explore/.venv/lib/python3.8/site-packages/airflow/example_dags/example_external_task_marker_dag.py for tasks to queue
[2021-04-06 18:50:42,570] {logging_mixin.py:104} INFO - [2021-04-06 18:50:42,570] {dagbag.py:448} INFO - Filling up the DagBag from /Users/garonsmith/Desktop/airflow_study/airflow-etl-explore/.venv/lib/python3.8/site-packages/airflow/example_dags/example_external_task_marker_dag.py
[2021-04-06 18:50:42,574] {scheduler_job.py:639} INFO - DAG(s) dict_keys(['example_external_task_marker_parent', 'example_external_task_marker_child']) retrieved from /Users/garonsmith/Desktop/airflow_study/airflow-etl-explore/.venv/lib/python3.8/site-packages/airflow/example_dags/example_external_task_marker_dag.py
[2021-04-06 18:50:42,613] {logging_mixin.py:104} INFO - [2021-04-06 18:50:42,613] {dag.py:1818} INFO - Sync 2 DAGs
[2021-04-06 18:50:42,621] {logging_mixin.py:104} INFO - [2021-04-06 18:50:42,621] {dag.py:2273} INFO - Setting next_dagrun for example_external_task_marker_child to None
[2021-04-06 18:50:42,621] {logging_mixin.py:104} INFO - [2021-04-06 18:50:42,621] {dag.py:2273} INFO - Setting next_dagrun for example_external_task_marker_parent to None
[2021-04-06 18:50:42,628] {scheduler_job.py:190} INFO - Processing /Users/garonsmith/Desktop/airflow_study/airflow-etl-explore/.venv/lib/python3.8/site-packages/airflow/example_dags/example_external_task_marker_dag.py took 0.059 seconds
[2021-04-06 18:51:05,740] {scheduler_job.py:182} INFO - Started process (PID=21203) to work on /Users/garonsmith/Desktop/airflow_study/airflow-etl-explore/.venv/lib/python3.8/site-packages/airflow/example_dags/example_external_task_marker_dag.py
[2021-04-06 18:51:05,740] {scheduler_job.py:629} INFO - Processing file /Users/garonsmith/Desktop/airflow_study/airflow-etl-explore/.venv/lib/python3.8/site-packages/airflow/example_dags/example_external_task_marker_dag.py for tasks to queue
[2021-04-06 18:51:05,740] {logging_mixin.py:104} INFO - [2021-04-06 18:51:05,740] {dagbag.py:448} INFO - Filling up the DagBag from /Users/garonsmith/Desktop/airflow_study/airflow-etl-explore/.venv/lib/python3.8/site-packages/airflow/example_dags/example_external_task_marker_dag.py
[2021-04-06 18:51:05,745] {scheduler_job.py:639} INFO - DAG(s) dict_keys(['example_external_task_marker_parent', 'example_external_task_marker_child']) retrieved from /Users/garonsmith/Desktop/airflow_study/airflow-etl-explore/.venv/lib/python3.8/site-packages/airflow/example_dags/example_external_task_marker_dag.py
[2021-04-06 18:51:05,814] {logging_mixin.py:104} INFO - [2021-04-06 18:51:05,814] {dag.py:1818} INFO - Sync 2 DAGs
[2021-04-06 18:51:05,824] {logging_mixin.py:104} INFO - [2021-04-06 18:51:05,824] {dag.py:2273} INFO - Setting next_dagrun for example_external_task_marker_child to None
[2021-04-06 18:51:05,824] {logging_mixin.py:104} INFO - [2021-04-06 18:51:05,824] {dag.py:2273} INFO - Setting next_dagrun for example_external_task_marker_parent to None
[2021-04-06 18:51:05,831] {scheduler_job.py:190} INFO - Processing /Users/garonsmith/Desktop/airflow_study/airflow-etl-explore/.venv/lib/python3.8/site-packages/airflow/example_dags/example_external_task_marker_dag.py took 0.092 seconds
[2021-04-06 18:51:14,584] {scheduler_job.py:182} INFO - Started process (PID=21297) to work on /Users/garonsmith/Desktop/airflow_study/airflow-etl-explore/.venv/lib/python3.8/site-packages/airflow/example_dags/example_external_task_marker_dag.py
[2021-04-06 18:51:14,584] {scheduler_job.py:629} INFO - Processing file /Users/garonsmith/Desktop/airflow_study/airflow-etl-explore/.venv/lib/python3.8/site-packages/airflow/example_dags/example_external_task_marker_dag.py for tasks to queue
[2021-04-06 18:51:14,584] {logging_mixin.py:104} INFO - [2021-04-06 18:51:14,584] {dagbag.py:448} INFO - Filling up the DagBag from /Users/garonsmith/Desktop/airflow_study/airflow-etl-explore/.venv/lib/python3.8/site-packages/airflow/example_dags/example_external_task_marker_dag.py
[2021-04-06 18:51:14,589] {scheduler_job.py:639} INFO - DAG(s) dict_keys(['example_external_task_marker_parent', 'example_external_task_marker_child']) retrieved from /Users/garonsmith/Desktop/airflow_study/airflow-etl-explore/.venv/lib/python3.8/site-packages/airflow/example_dags/example_external_task_marker_dag.py
[2021-04-06 18:51:14,635] {logging_mixin.py:104} INFO - [2021-04-06 18:51:14,635] {dag.py:1818} INFO - Sync 2 DAGs
[2021-04-06 18:51:14,641] {logging_mixin.py:104} INFO - [2021-04-06 18:51:14,641] {dag.py:2273} INFO - Setting next_dagrun for example_external_task_marker_child to None
[2021-04-06 18:51:14,642] {logging_mixin.py:104} INFO - [2021-04-06 18:51:14,642] {dag.py:2273} INFO - Setting next_dagrun for example_external_task_marker_parent to None
[2021-04-06 18:51:14,663] {scheduler_job.py:190} INFO - Processing /Users/garonsmith/Desktop/airflow_study/airflow-etl-explore/.venv/lib/python3.8/site-packages/airflow/example_dags/example_external_task_marker_dag.py took 0.079 seconds
[2021-04-06 18:51:36,855] {scheduler_job.py:182} INFO - Started process (PID=21368) to work on /Users/garonsmith/Desktop/airflow_study/airflow-etl-explore/.venv/lib/python3.8/site-packages/airflow/example_dags/example_external_task_marker_dag.py
[2021-04-06 18:51:36,855] {scheduler_job.py:629} INFO - Processing file /Users/garonsmith/Desktop/airflow_study/airflow-etl-explore/.venv/lib/python3.8/site-packages/airflow/example_dags/example_external_task_marker_dag.py for tasks to queue
[2021-04-06 18:51:36,855] {logging_mixin.py:104} INFO - [2021-04-06 18:51:36,855] {dagbag.py:448} INFO - Filling up the DagBag from /Users/garonsmith/Desktop/airflow_study/airflow-etl-explore/.venv/lib/python3.8/site-packages/airflow/example_dags/example_external_task_marker_dag.py
[2021-04-06 18:51:36,860] {scheduler_job.py:639} INFO - DAG(s) dict_keys(['example_external_task_marker_parent', 'example_external_task_marker_child']) retrieved from /Users/garonsmith/Desktop/airflow_study/airflow-etl-explore/.venv/lib/python3.8/site-packages/airflow/example_dags/example_external_task_marker_dag.py
[2021-04-06 18:51:36,893] {logging_mixin.py:104} INFO - [2021-04-06 18:51:36,893] {dag.py:1818} INFO - Sync 2 DAGs
[2021-04-06 18:51:36,920] {logging_mixin.py:104} INFO - [2021-04-06 18:51:36,920] {dag.py:2273} INFO - Setting next_dagrun for example_external_task_marker_child to None
[2021-04-06 18:51:36,921] {logging_mixin.py:104} INFO - [2021-04-06 18:51:36,920] {dag.py:2273} INFO - Setting next_dagrun for example_external_task_marker_parent to None
[2021-04-06 18:51:36,927] {scheduler_job.py:190} INFO - Processing /Users/garonsmith/Desktop/airflow_study/airflow-etl-explore/.venv/lib/python3.8/site-packages/airflow/example_dags/example_external_task_marker_dag.py took 0.073 seconds
[2021-04-06 18:51:46,216] {scheduler_job.py:182} INFO - Started process (PID=21468) to work on /Users/garonsmith/Desktop/airflow_study/airflow-etl-explore/.venv/lib/python3.8/site-packages/airflow/example_dags/example_external_task_marker_dag.py
[2021-04-06 18:51:46,216] {scheduler_job.py:629} INFO - Processing file /Users/garonsmith/Desktop/airflow_study/airflow-etl-explore/.venv/lib/python3.8/site-packages/airflow/example_dags/example_external_task_marker_dag.py for tasks to queue
[2021-04-06 18:51:46,217] {logging_mixin.py:104} INFO - [2021-04-06 18:51:46,217] {dagbag.py:448} INFO - Filling up the DagBag from /Users/garonsmith/Desktop/airflow_study/airflow-etl-explore/.venv/lib/python3.8/site-packages/airflow/example_dags/example_external_task_marker_dag.py
[2021-04-06 18:51:46,221] {scheduler_job.py:639} INFO - DAG(s) dict_keys(['example_external_task_marker_parent', 'example_external_task_marker_child']) retrieved from /Users/garonsmith/Desktop/airflow_study/airflow-etl-explore/.venv/lib/python3.8/site-packages/airflow/example_dags/example_external_task_marker_dag.py
[2021-04-06 18:51:46,264] {logging_mixin.py:104} INFO - [2021-04-06 18:51:46,264] {dag.py:1818} INFO - Sync 2 DAGs
[2021-04-06 18:51:46,272] {logging_mixin.py:104} INFO - [2021-04-06 18:51:46,272] {dag.py:2273} INFO - Setting next_dagrun for example_external_task_marker_child to None
[2021-04-06 18:51:46,273] {logging_mixin.py:104} INFO - [2021-04-06 18:51:46,273] {dag.py:2273} INFO - Setting next_dagrun for example_external_task_marker_parent to None
[2021-04-06 18:51:46,278] {scheduler_job.py:190} INFO - Processing /Users/garonsmith/Desktop/airflow_study/airflow-etl-explore/.venv/lib/python3.8/site-packages/airflow/example_dags/example_external_task_marker_dag.py took 0.063 seconds
[2021-04-06 18:52:08,115] {scheduler_job.py:182} INFO - Started process (PID=21539) to work on /Users/garonsmith/Desktop/airflow_study/airflow-etl-explore/.venv/lib/python3.8/site-packages/airflow/example_dags/example_external_task_marker_dag.py
[2021-04-06 18:52:08,116] {scheduler_job.py:629} INFO - Processing file /Users/garonsmith/Desktop/airflow_study/airflow-etl-explore/.venv/lib/python3.8/site-packages/airflow/example_dags/example_external_task_marker_dag.py for tasks to queue
[2021-04-06 18:52:08,116] {logging_mixin.py:104} INFO - [2021-04-06 18:52:08,116] {dagbag.py:448} INFO - Filling up the DagBag from /Users/garonsmith/Desktop/airflow_study/airflow-etl-explore/.venv/lib/python3.8/site-packages/airflow/example_dags/example_external_task_marker_dag.py
[2021-04-06 18:52:08,121] {scheduler_job.py:639} INFO - DAG(s) dict_keys(['example_external_task_marker_parent', 'example_external_task_marker_child']) retrieved from /Users/garonsmith/Desktop/airflow_study/airflow-etl-explore/.venv/lib/python3.8/site-packages/airflow/example_dags/example_external_task_marker_dag.py
[2021-04-06 18:52:08,167] {logging_mixin.py:104} INFO - [2021-04-06 18:52:08,167] {dag.py:1818} INFO - Sync 2 DAGs
[2021-04-06 18:52:08,173] {logging_mixin.py:104} INFO - [2021-04-06 18:52:08,173] {dag.py:2273} INFO - Setting next_dagrun for example_external_task_marker_child to None
[2021-04-06 18:52:08,173] {logging_mixin.py:104} INFO - [2021-04-06 18:52:08,173] {dag.py:2273} INFO - Setting next_dagrun for example_external_task_marker_parent to None
[2021-04-06 18:52:08,178] {scheduler_job.py:190} INFO - Processing /Users/garonsmith/Desktop/airflow_study/airflow-etl-explore/.venv/lib/python3.8/site-packages/airflow/example_dags/example_external_task_marker_dag.py took 0.064 seconds
[2021-04-06 18:52:39,293] {scheduler_job.py:182} INFO - Started process (PID=21636) to work on /Users/garonsmith/Desktop/airflow_study/airflow-etl-explore/.venv/lib/python3.8/site-packages/airflow/example_dags/example_external_task_marker_dag.py
[2021-04-06 18:52:39,294] {scheduler_job.py:629} INFO - Processing file /Users/garonsmith/Desktop/airflow_study/airflow-etl-explore/.venv/lib/python3.8/site-packages/airflow/example_dags/example_external_task_marker_dag.py for tasks to queue
[2021-04-06 18:52:39,294] {logging_mixin.py:104} INFO - [2021-04-06 18:52:39,294] {dagbag.py:448} INFO - Filling up the DagBag from /Users/garonsmith/Desktop/airflow_study/airflow-etl-explore/.venv/lib/python3.8/site-packages/airflow/example_dags/example_external_task_marker_dag.py
[2021-04-06 18:52:39,299] {scheduler_job.py:639} INFO - DAG(s) dict_keys(['example_external_task_marker_parent', 'example_external_task_marker_child']) retrieved from /Users/garonsmith/Desktop/airflow_study/airflow-etl-explore/.venv/lib/python3.8/site-packages/airflow/example_dags/example_external_task_marker_dag.py
[2021-04-06 18:52:39,368] {logging_mixin.py:104} INFO - [2021-04-06 18:52:39,367] {dag.py:1818} INFO - Sync 2 DAGs
[2021-04-06 18:52:39,375] {logging_mixin.py:104} INFO - [2021-04-06 18:52:39,375] {dag.py:2273} INFO - Setting next_dagrun for example_external_task_marker_child to None
[2021-04-06 18:52:39,375] {logging_mixin.py:104} INFO - [2021-04-06 18:52:39,375] {dag.py:2273} INFO - Setting next_dagrun for example_external_task_marker_parent to None
[2021-04-06 18:52:39,381] {scheduler_job.py:190} INFO - Processing /Users/garonsmith/Desktop/airflow_study/airflow-etl-explore/.venv/lib/python3.8/site-packages/airflow/example_dags/example_external_task_marker_dag.py took 0.088 seconds
[2021-04-06 18:53:10,067] {scheduler_job.py:182} INFO - Started process (PID=21723) to work on /Users/garonsmith/Desktop/airflow_study/airflow-etl-explore/.venv/lib/python3.8/site-packages/airflow/example_dags/example_external_task_marker_dag.py
[2021-04-06 18:53:10,067] {scheduler_job.py:629} INFO - Processing file /Users/garonsmith/Desktop/airflow_study/airflow-etl-explore/.venv/lib/python3.8/site-packages/airflow/example_dags/example_external_task_marker_dag.py for tasks to queue
[2021-04-06 18:53:10,068] {logging_mixin.py:104} INFO - [2021-04-06 18:53:10,068] {dagbag.py:448} INFO - Filling up the DagBag from /Users/garonsmith/Desktop/airflow_study/airflow-etl-explore/.venv/lib/python3.8/site-packages/airflow/example_dags/example_external_task_marker_dag.py
[2021-04-06 18:53:10,073] {scheduler_job.py:639} INFO - DAG(s) dict_keys(['example_external_task_marker_parent', 'example_external_task_marker_child']) retrieved from /Users/garonsmith/Desktop/airflow_study/airflow-etl-explore/.venv/lib/python3.8/site-packages/airflow/example_dags/example_external_task_marker_dag.py
[2021-04-06 18:53:10,119] {logging_mixin.py:104} INFO - [2021-04-06 18:53:10,119] {dag.py:1818} INFO - Sync 2 DAGs
[2021-04-06 18:53:10,127] {logging_mixin.py:104} INFO - [2021-04-06 18:53:10,127] {dag.py:2273} INFO - Setting next_dagrun for example_external_task_marker_child to None
[2021-04-06 18:53:10,127] {logging_mixin.py:104} INFO - [2021-04-06 18:53:10,127] {dag.py:2273} INFO - Setting next_dagrun for example_external_task_marker_parent to None
[2021-04-06 18:53:10,133] {scheduler_job.py:190} INFO - Processing /Users/garonsmith/Desktop/airflow_study/airflow-etl-explore/.venv/lib/python3.8/site-packages/airflow/example_dags/example_external_task_marker_dag.py took 0.067 seconds
[2021-04-06 18:53:41,254] {scheduler_job.py:182} INFO - Started process (PID=21825) to work on /Users/garonsmith/Desktop/airflow_study/airflow-etl-explore/.venv/lib/python3.8/site-packages/airflow/example_dags/example_external_task_marker_dag.py
[2021-04-06 18:53:41,255] {scheduler_job.py:629} INFO - Processing file /Users/garonsmith/Desktop/airflow_study/airflow-etl-explore/.venv/lib/python3.8/site-packages/airflow/example_dags/example_external_task_marker_dag.py for tasks to queue
[2021-04-06 18:53:41,255] {logging_mixin.py:104} INFO - [2021-04-06 18:53:41,255] {dagbag.py:448} INFO - Filling up the DagBag from /Users/garonsmith/Desktop/airflow_study/airflow-etl-explore/.venv/lib/python3.8/site-packages/airflow/example_dags/example_external_task_marker_dag.py
[2021-04-06 18:53:41,261] {scheduler_job.py:639} INFO - DAG(s) dict_keys(['example_external_task_marker_parent', 'example_external_task_marker_child']) retrieved from /Users/garonsmith/Desktop/airflow_study/airflow-etl-explore/.venv/lib/python3.8/site-packages/airflow/example_dags/example_external_task_marker_dag.py
[2021-04-06 18:53:41,298] {logging_mixin.py:104} INFO - [2021-04-06 18:53:41,298] {dag.py:1818} INFO - Sync 2 DAGs
[2021-04-06 18:53:41,321] {logging_mixin.py:104} INFO - [2021-04-06 18:53:41,321] {dag.py:2273} INFO - Setting next_dagrun for example_external_task_marker_child to None
[2021-04-06 18:53:41,321] {logging_mixin.py:104} INFO - [2021-04-06 18:53:41,321] {dag.py:2273} INFO - Setting next_dagrun for example_external_task_marker_parent to None
[2021-04-06 18:53:41,328] {scheduler_job.py:190} INFO - Processing /Users/garonsmith/Desktop/airflow_study/airflow-etl-explore/.venv/lib/python3.8/site-packages/airflow/example_dags/example_external_task_marker_dag.py took 0.074 seconds
[2021-04-06 18:54:12,426] {scheduler_job.py:182} INFO - Started process (PID=21928) to work on /Users/garonsmith/Desktop/airflow_study/airflow-etl-explore/.venv/lib/python3.8/site-packages/airflow/example_dags/example_external_task_marker_dag.py
[2021-04-06 18:54:12,427] {scheduler_job.py:629} INFO - Processing file /Users/garonsmith/Desktop/airflow_study/airflow-etl-explore/.venv/lib/python3.8/site-packages/airflow/example_dags/example_external_task_marker_dag.py for tasks to queue
[2021-04-06 18:54:12,427] {logging_mixin.py:104} INFO - [2021-04-06 18:54:12,427] {dagbag.py:448} INFO - Filling up the DagBag from /Users/garonsmith/Desktop/airflow_study/airflow-etl-explore/.venv/lib/python3.8/site-packages/airflow/example_dags/example_external_task_marker_dag.py
[2021-04-06 18:54:12,434] {scheduler_job.py:639} INFO - DAG(s) dict_keys(['example_external_task_marker_parent', 'example_external_task_marker_child']) retrieved from /Users/garonsmith/Desktop/airflow_study/airflow-etl-explore/.venv/lib/python3.8/site-packages/airflow/example_dags/example_external_task_marker_dag.py
[2021-04-06 18:54:12,472] {logging_mixin.py:104} INFO - [2021-04-06 18:54:12,472] {dag.py:1818} INFO - Sync 2 DAGs
[2021-04-06 18:54:12,480] {logging_mixin.py:104} INFO - [2021-04-06 18:54:12,480] {dag.py:2273} INFO - Setting next_dagrun for example_external_task_marker_child to None
[2021-04-06 18:54:12,480] {logging_mixin.py:104} INFO - [2021-04-06 18:54:12,480] {dag.py:2273} INFO - Setting next_dagrun for example_external_task_marker_parent to None
[2021-04-06 18:54:12,486] {scheduler_job.py:190} INFO - Processing /Users/garonsmith/Desktop/airflow_study/airflow-etl-explore/.venv/lib/python3.8/site-packages/airflow/example_dags/example_external_task_marker_dag.py took 0.062 seconds
