[2021-04-06 18:36:19,715] {scheduler_job.py:182} INFO - Started process (PID=17429) to work on /Users/garonsmith/Desktop/airflow_study/airflow-etl-explore/.venv/lib/python3.8/site-packages/airflow/example_dags/example_complex.py
[2021-04-06 18:36:19,715] {scheduler_job.py:629} INFO - Processing file /Users/garonsmith/Desktop/airflow_study/airflow-etl-explore/.venv/lib/python3.8/site-packages/airflow/example_dags/example_complex.py for tasks to queue
[2021-04-06 18:36:19,715] {logging_mixin.py:104} INFO - [2021-04-06 18:36:19,715] {dagbag.py:448} INFO - Filling up the DagBag from /Users/garonsmith/Desktop/airflow_study/airflow-etl-explore/.venv/lib/python3.8/site-packages/airflow/example_dags/example_complex.py
[2021-04-06 18:36:19,724] {scheduler_job.py:639} INFO - DAG(s) dict_keys(['example_complex']) retrieved from /Users/garonsmith/Desktop/airflow_study/airflow-etl-explore/.venv/lib/python3.8/site-packages/airflow/example_dags/example_complex.py
[2021-04-06 18:36:19,763] {logging_mixin.py:104} INFO - [2021-04-06 18:36:19,763] {dag.py:1818} INFO - Sync 1 DAGs
[2021-04-06 18:36:19,770] {logging_mixin.py:104} INFO - [2021-04-06 18:36:19,770] {dag.py:2273} INFO - Setting next_dagrun for example_complex to None
[2021-04-06 18:36:19,778] {scheduler_job.py:190} INFO - Processing /Users/garonsmith/Desktop/airflow_study/airflow-etl-explore/.venv/lib/python3.8/site-packages/airflow/example_dags/example_complex.py took 0.063 seconds
[2021-04-06 18:36:52,355] {scheduler_job.py:182} INFO - Started process (PID=17527) to work on /Users/garonsmith/Desktop/airflow_study/airflow-etl-explore/.venv/lib/python3.8/site-packages/airflow/example_dags/example_complex.py
[2021-04-06 18:36:52,356] {scheduler_job.py:629} INFO - Processing file /Users/garonsmith/Desktop/airflow_study/airflow-etl-explore/.venv/lib/python3.8/site-packages/airflow/example_dags/example_complex.py for tasks to queue
[2021-04-06 18:36:52,357] {logging_mixin.py:104} INFO - [2021-04-06 18:36:52,357] {dagbag.py:448} INFO - Filling up the DagBag from /Users/garonsmith/Desktop/airflow_study/airflow-etl-explore/.venv/lib/python3.8/site-packages/airflow/example_dags/example_complex.py
[2021-04-06 18:36:52,366] {scheduler_job.py:639} INFO - DAG(s) dict_keys(['example_complex']) retrieved from /Users/garonsmith/Desktop/airflow_study/airflow-etl-explore/.venv/lib/python3.8/site-packages/airflow/example_dags/example_complex.py
[2021-04-06 18:36:52,397] {logging_mixin.py:104} INFO - [2021-04-06 18:36:52,397] {dag.py:1818} INFO - Sync 1 DAGs
[2021-04-06 18:36:52,403] {logging_mixin.py:104} INFO - [2021-04-06 18:36:52,403] {dag.py:2273} INFO - Setting next_dagrun for example_complex to None
[2021-04-06 18:36:52,409] {scheduler_job.py:190} INFO - Processing /Users/garonsmith/Desktop/airflow_study/airflow-etl-explore/.venv/lib/python3.8/site-packages/airflow/example_dags/example_complex.py took 0.054 seconds
[2021-04-06 18:37:23,546] {scheduler_job.py:182} INFO - Started process (PID=18425) to work on /Users/garonsmith/Desktop/airflow_study/airflow-etl-explore/.venv/lib/python3.8/site-packages/airflow/example_dags/example_complex.py
[2021-04-06 18:37:23,547] {scheduler_job.py:629} INFO - Processing file /Users/garonsmith/Desktop/airflow_study/airflow-etl-explore/.venv/lib/python3.8/site-packages/airflow/example_dags/example_complex.py for tasks to queue
[2021-04-06 18:37:23,548] {logging_mixin.py:104} INFO - [2021-04-06 18:37:23,548] {dagbag.py:448} INFO - Filling up the DagBag from /Users/garonsmith/Desktop/airflow_study/airflow-etl-explore/.venv/lib/python3.8/site-packages/airflow/example_dags/example_complex.py
[2021-04-06 18:37:23,556] {scheduler_job.py:639} INFO - DAG(s) dict_keys(['example_complex']) retrieved from /Users/garonsmith/Desktop/airflow_study/airflow-etl-explore/.venv/lib/python3.8/site-packages/airflow/example_dags/example_complex.py
[2021-04-06 18:37:23,590] {logging_mixin.py:104} INFO - [2021-04-06 18:37:23,590] {dag.py:1818} INFO - Sync 1 DAGs
[2021-04-06 18:37:23,597] {logging_mixin.py:104} INFO - [2021-04-06 18:37:23,597] {dag.py:2273} INFO - Setting next_dagrun for example_complex to None
[2021-04-06 18:37:23,603] {scheduler_job.py:190} INFO - Processing /Users/garonsmith/Desktop/airflow_study/airflow-etl-explore/.venv/lib/python3.8/site-packages/airflow/example_dags/example_complex.py took 0.058 seconds
[2021-04-06 18:37:54,478] {scheduler_job.py:182} INFO - Started process (PID=18508) to work on /Users/garonsmith/Desktop/airflow_study/airflow-etl-explore/.venv/lib/python3.8/site-packages/airflow/example_dags/example_complex.py
[2021-04-06 18:37:54,479] {scheduler_job.py:629} INFO - Processing file /Users/garonsmith/Desktop/airflow_study/airflow-etl-explore/.venv/lib/python3.8/site-packages/airflow/example_dags/example_complex.py for tasks to queue
[2021-04-06 18:37:54,479] {logging_mixin.py:104} INFO - [2021-04-06 18:37:54,479] {dagbag.py:448} INFO - Filling up the DagBag from /Users/garonsmith/Desktop/airflow_study/airflow-etl-explore/.venv/lib/python3.8/site-packages/airflow/example_dags/example_complex.py
[2021-04-06 18:37:54,486] {scheduler_job.py:639} INFO - DAG(s) dict_keys(['example_complex']) retrieved from /Users/garonsmith/Desktop/airflow_study/airflow-etl-explore/.venv/lib/python3.8/site-packages/airflow/example_dags/example_complex.py
[2021-04-06 18:37:54,519] {logging_mixin.py:104} INFO - [2021-04-06 18:37:54,519] {dag.py:1818} INFO - Sync 1 DAGs
[2021-04-06 18:37:54,525] {logging_mixin.py:104} INFO - [2021-04-06 18:37:54,525] {dag.py:2273} INFO - Setting next_dagrun for example_complex to None
[2021-04-06 18:37:54,532] {scheduler_job.py:190} INFO - Processing /Users/garonsmith/Desktop/airflow_study/airflow-etl-explore/.venv/lib/python3.8/site-packages/airflow/example_dags/example_complex.py took 0.054 seconds
[2021-04-06 18:38:25,799] {scheduler_job.py:182} INFO - Started process (PID=18597) to work on /Users/garonsmith/Desktop/airflow_study/airflow-etl-explore/.venv/lib/python3.8/site-packages/airflow/example_dags/example_complex.py
[2021-04-06 18:38:25,799] {scheduler_job.py:629} INFO - Processing file /Users/garonsmith/Desktop/airflow_study/airflow-etl-explore/.venv/lib/python3.8/site-packages/airflow/example_dags/example_complex.py for tasks to queue
[2021-04-06 18:38:25,800] {logging_mixin.py:104} INFO - [2021-04-06 18:38:25,800] {dagbag.py:448} INFO - Filling up the DagBag from /Users/garonsmith/Desktop/airflow_study/airflow-etl-explore/.venv/lib/python3.8/site-packages/airflow/example_dags/example_complex.py
[2021-04-06 18:38:25,810] {scheduler_job.py:639} INFO - DAG(s) dict_keys(['example_complex']) retrieved from /Users/garonsmith/Desktop/airflow_study/airflow-etl-explore/.venv/lib/python3.8/site-packages/airflow/example_dags/example_complex.py
[2021-04-06 18:38:25,858] {logging_mixin.py:104} INFO - [2021-04-06 18:38:25,858] {dag.py:1818} INFO - Sync 1 DAGs
[2021-04-06 18:38:25,866] {logging_mixin.py:104} INFO - [2021-04-06 18:38:25,866] {dag.py:2273} INFO - Setting next_dagrun for example_complex to None
[2021-04-06 18:38:25,874] {scheduler_job.py:190} INFO - Processing /Users/garonsmith/Desktop/airflow_study/airflow-etl-explore/.venv/lib/python3.8/site-packages/airflow/example_dags/example_complex.py took 0.076 seconds
[2021-04-06 18:38:56,743] {scheduler_job.py:182} INFO - Started process (PID=18690) to work on /Users/garonsmith/Desktop/airflow_study/airflow-etl-explore/.venv/lib/python3.8/site-packages/airflow/example_dags/example_complex.py
[2021-04-06 18:38:56,744] {scheduler_job.py:629} INFO - Processing file /Users/garonsmith/Desktop/airflow_study/airflow-etl-explore/.venv/lib/python3.8/site-packages/airflow/example_dags/example_complex.py for tasks to queue
[2021-04-06 18:38:56,744] {logging_mixin.py:104} INFO - [2021-04-06 18:38:56,744] {dagbag.py:448} INFO - Filling up the DagBag from /Users/garonsmith/Desktop/airflow_study/airflow-etl-explore/.venv/lib/python3.8/site-packages/airflow/example_dags/example_complex.py
[2021-04-06 18:38:56,752] {scheduler_job.py:639} INFO - DAG(s) dict_keys(['example_complex']) retrieved from /Users/garonsmith/Desktop/airflow_study/airflow-etl-explore/.venv/lib/python3.8/site-packages/airflow/example_dags/example_complex.py
[2021-04-06 18:38:56,796] {logging_mixin.py:104} INFO - [2021-04-06 18:38:56,796] {dag.py:1818} INFO - Sync 1 DAGs
[2021-04-06 18:38:56,819] {logging_mixin.py:104} INFO - [2021-04-06 18:38:56,819] {dag.py:2273} INFO - Setting next_dagrun for example_complex to None
[2021-04-06 18:38:56,829] {scheduler_job.py:190} INFO - Processing /Users/garonsmith/Desktop/airflow_study/airflow-etl-explore/.venv/lib/python3.8/site-packages/airflow/example_dags/example_complex.py took 0.087 seconds
[2021-04-06 18:39:28,095] {scheduler_job.py:182} INFO - Started process (PID=18797) to work on /Users/garonsmith/Desktop/airflow_study/airflow-etl-explore/.venv/lib/python3.8/site-packages/airflow/example_dags/example_complex.py
[2021-04-06 18:39:28,096] {scheduler_job.py:629} INFO - Processing file /Users/garonsmith/Desktop/airflow_study/airflow-etl-explore/.venv/lib/python3.8/site-packages/airflow/example_dags/example_complex.py for tasks to queue
[2021-04-06 18:39:28,096] {logging_mixin.py:104} INFO - [2021-04-06 18:39:28,096] {dagbag.py:448} INFO - Filling up the DagBag from /Users/garonsmith/Desktop/airflow_study/airflow-etl-explore/.venv/lib/python3.8/site-packages/airflow/example_dags/example_complex.py
[2021-04-06 18:39:28,106] {scheduler_job.py:639} INFO - DAG(s) dict_keys(['example_complex']) retrieved from /Users/garonsmith/Desktop/airflow_study/airflow-etl-explore/.venv/lib/python3.8/site-packages/airflow/example_dags/example_complex.py
[2021-04-06 18:39:28,167] {logging_mixin.py:104} INFO - [2021-04-06 18:39:28,166] {dag.py:1818} INFO - Sync 1 DAGs
[2021-04-06 18:39:28,174] {logging_mixin.py:104} INFO - [2021-04-06 18:39:28,174] {dag.py:2273} INFO - Setting next_dagrun for example_complex to None
[2021-04-06 18:39:28,181] {scheduler_job.py:190} INFO - Processing /Users/garonsmith/Desktop/airflow_study/airflow-etl-explore/.venv/lib/python3.8/site-packages/airflow/example_dags/example_complex.py took 0.087 seconds
[2021-04-06 18:39:59,709] {scheduler_job.py:182} INFO - Started process (PID=18909) to work on /Users/garonsmith/Desktop/airflow_study/airflow-etl-explore/.venv/lib/python3.8/site-packages/airflow/example_dags/example_complex.py
[2021-04-06 18:39:59,709] {scheduler_job.py:629} INFO - Processing file /Users/garonsmith/Desktop/airflow_study/airflow-etl-explore/.venv/lib/python3.8/site-packages/airflow/example_dags/example_complex.py for tasks to queue
[2021-04-06 18:39:59,710] {logging_mixin.py:104} INFO - [2021-04-06 18:39:59,710] {dagbag.py:448} INFO - Filling up the DagBag from /Users/garonsmith/Desktop/airflow_study/airflow-etl-explore/.venv/lib/python3.8/site-packages/airflow/example_dags/example_complex.py
[2021-04-06 18:39:59,717] {scheduler_job.py:639} INFO - DAG(s) dict_keys(['example_complex']) retrieved from /Users/garonsmith/Desktop/airflow_study/airflow-etl-explore/.venv/lib/python3.8/site-packages/airflow/example_dags/example_complex.py
[2021-04-06 18:39:59,767] {logging_mixin.py:104} INFO - [2021-04-06 18:39:59,766] {dag.py:1818} INFO - Sync 1 DAGs
[2021-04-06 18:39:59,774] {logging_mixin.py:104} INFO - [2021-04-06 18:39:59,774] {dag.py:2273} INFO - Setting next_dagrun for example_complex to None
[2021-04-06 18:39:59,782] {scheduler_job.py:190} INFO - Processing /Users/garonsmith/Desktop/airflow_study/airflow-etl-explore/.venv/lib/python3.8/site-packages/airflow/example_dags/example_complex.py took 0.074 seconds
[2021-04-06 18:40:30,950] {scheduler_job.py:182} INFO - Started process (PID=19004) to work on /Users/garonsmith/Desktop/airflow_study/airflow-etl-explore/.venv/lib/python3.8/site-packages/airflow/example_dags/example_complex.py
[2021-04-06 18:40:30,950] {scheduler_job.py:629} INFO - Processing file /Users/garonsmith/Desktop/airflow_study/airflow-etl-explore/.venv/lib/python3.8/site-packages/airflow/example_dags/example_complex.py for tasks to queue
[2021-04-06 18:40:30,951] {logging_mixin.py:104} INFO - [2021-04-06 18:40:30,951] {dagbag.py:448} INFO - Filling up the DagBag from /Users/garonsmith/Desktop/airflow_study/airflow-etl-explore/.venv/lib/python3.8/site-packages/airflow/example_dags/example_complex.py
[2021-04-06 18:40:30,960] {scheduler_job.py:639} INFO - DAG(s) dict_keys(['example_complex']) retrieved from /Users/garonsmith/Desktop/airflow_study/airflow-etl-explore/.venv/lib/python3.8/site-packages/airflow/example_dags/example_complex.py
[2021-04-06 18:40:31,002] {logging_mixin.py:104} INFO - [2021-04-06 18:40:31,002] {dag.py:1818} INFO - Sync 1 DAGs
[2021-04-06 18:40:31,010] {logging_mixin.py:104} INFO - [2021-04-06 18:40:31,010] {dag.py:2273} INFO - Setting next_dagrun for example_complex to None
[2021-04-06 18:40:31,017] {scheduler_job.py:190} INFO - Processing /Users/garonsmith/Desktop/airflow_study/airflow-etl-explore/.venv/lib/python3.8/site-packages/airflow/example_dags/example_complex.py took 0.068 seconds
[2021-04-06 18:41:02,357] {scheduler_job.py:182} INFO - Started process (PID=19086) to work on /Users/garonsmith/Desktop/airflow_study/airflow-etl-explore/.venv/lib/python3.8/site-packages/airflow/example_dags/example_complex.py
[2021-04-06 18:41:02,357] {scheduler_job.py:629} INFO - Processing file /Users/garonsmith/Desktop/airflow_study/airflow-etl-explore/.venv/lib/python3.8/site-packages/airflow/example_dags/example_complex.py for tasks to queue
[2021-04-06 18:41:02,357] {logging_mixin.py:104} INFO - [2021-04-06 18:41:02,357] {dagbag.py:448} INFO - Filling up the DagBag from /Users/garonsmith/Desktop/airflow_study/airflow-etl-explore/.venv/lib/python3.8/site-packages/airflow/example_dags/example_complex.py
[2021-04-06 18:41:02,367] {scheduler_job.py:639} INFO - DAG(s) dict_keys(['example_complex']) retrieved from /Users/garonsmith/Desktop/airflow_study/airflow-etl-explore/.venv/lib/python3.8/site-packages/airflow/example_dags/example_complex.py
[2021-04-06 18:41:02,405] {logging_mixin.py:104} INFO - [2021-04-06 18:41:02,405] {dag.py:1818} INFO - Sync 1 DAGs
[2021-04-06 18:41:02,412] {logging_mixin.py:104} INFO - [2021-04-06 18:41:02,412] {dag.py:2273} INFO - Setting next_dagrun for example_complex to None
[2021-04-06 18:41:02,419] {scheduler_job.py:190} INFO - Processing /Users/garonsmith/Desktop/airflow_study/airflow-etl-explore/.venv/lib/python3.8/site-packages/airflow/example_dags/example_complex.py took 0.063 seconds
[2021-04-06 18:41:33,907] {scheduler_job.py:182} INFO - Started process (PID=19181) to work on /Users/garonsmith/Desktop/airflow_study/airflow-etl-explore/.venv/lib/python3.8/site-packages/airflow/example_dags/example_complex.py
[2021-04-06 18:41:33,908] {scheduler_job.py:629} INFO - Processing file /Users/garonsmith/Desktop/airflow_study/airflow-etl-explore/.venv/lib/python3.8/site-packages/airflow/example_dags/example_complex.py for tasks to queue
[2021-04-06 18:41:33,908] {logging_mixin.py:104} INFO - [2021-04-06 18:41:33,908] {dagbag.py:448} INFO - Filling up the DagBag from /Users/garonsmith/Desktop/airflow_study/airflow-etl-explore/.venv/lib/python3.8/site-packages/airflow/example_dags/example_complex.py
[2021-04-06 18:41:33,916] {scheduler_job.py:639} INFO - DAG(s) dict_keys(['example_complex']) retrieved from /Users/garonsmith/Desktop/airflow_study/airflow-etl-explore/.venv/lib/python3.8/site-packages/airflow/example_dags/example_complex.py
[2021-04-06 18:41:33,951] {logging_mixin.py:104} INFO - [2021-04-06 18:41:33,950] {dag.py:1818} INFO - Sync 1 DAGs
[2021-04-06 18:41:33,956] {logging_mixin.py:104} INFO - [2021-04-06 18:41:33,956] {dag.py:2273} INFO - Setting next_dagrun for example_complex to None
[2021-04-06 18:41:33,962] {scheduler_job.py:190} INFO - Processing /Users/garonsmith/Desktop/airflow_study/airflow-etl-explore/.venv/lib/python3.8/site-packages/airflow/example_dags/example_complex.py took 0.055 seconds
[2021-04-06 18:42:05,632] {scheduler_job.py:182} INFO - Started process (PID=19288) to work on /Users/garonsmith/Desktop/airflow_study/airflow-etl-explore/.venv/lib/python3.8/site-packages/airflow/example_dags/example_complex.py
[2021-04-06 18:42:05,632] {scheduler_job.py:629} INFO - Processing file /Users/garonsmith/Desktop/airflow_study/airflow-etl-explore/.venv/lib/python3.8/site-packages/airflow/example_dags/example_complex.py for tasks to queue
[2021-04-06 18:42:05,633] {logging_mixin.py:104} INFO - [2021-04-06 18:42:05,632] {dagbag.py:448} INFO - Filling up the DagBag from /Users/garonsmith/Desktop/airflow_study/airflow-etl-explore/.venv/lib/python3.8/site-packages/airflow/example_dags/example_complex.py
[2021-04-06 18:42:05,641] {scheduler_job.py:639} INFO - DAG(s) dict_keys(['example_complex']) retrieved from /Users/garonsmith/Desktop/airflow_study/airflow-etl-explore/.venv/lib/python3.8/site-packages/airflow/example_dags/example_complex.py
[2021-04-06 18:42:05,683] {logging_mixin.py:104} INFO - [2021-04-06 18:42:05,683] {dag.py:1818} INFO - Sync 1 DAGs
[2021-04-06 18:42:05,706] {logging_mixin.py:104} INFO - [2021-04-06 18:42:05,706] {dag.py:2273} INFO - Setting next_dagrun for example_complex to None
[2021-04-06 18:42:05,716] {scheduler_job.py:190} INFO - Processing /Users/garonsmith/Desktop/airflow_study/airflow-etl-explore/.venv/lib/python3.8/site-packages/airflow/example_dags/example_complex.py took 0.085 seconds
[2021-04-06 18:42:37,149] {scheduler_job.py:182} INFO - Started process (PID=19379) to work on /Users/garonsmith/Desktop/airflow_study/airflow-etl-explore/.venv/lib/python3.8/site-packages/airflow/example_dags/example_complex.py
[2021-04-06 18:42:37,149] {scheduler_job.py:629} INFO - Processing file /Users/garonsmith/Desktop/airflow_study/airflow-etl-explore/.venv/lib/python3.8/site-packages/airflow/example_dags/example_complex.py for tasks to queue
[2021-04-06 18:42:37,150] {logging_mixin.py:104} INFO - [2021-04-06 18:42:37,150] {dagbag.py:448} INFO - Filling up the DagBag from /Users/garonsmith/Desktop/airflow_study/airflow-etl-explore/.venv/lib/python3.8/site-packages/airflow/example_dags/example_complex.py
[2021-04-06 18:42:37,159] {scheduler_job.py:639} INFO - DAG(s) dict_keys(['example_complex']) retrieved from /Users/garonsmith/Desktop/airflow_study/airflow-etl-explore/.venv/lib/python3.8/site-packages/airflow/example_dags/example_complex.py
[2021-04-06 18:42:37,203] {logging_mixin.py:104} INFO - [2021-04-06 18:42:37,203] {dag.py:1818} INFO - Sync 1 DAGs
[2021-04-06 18:42:37,211] {logging_mixin.py:104} INFO - [2021-04-06 18:42:37,211] {dag.py:2273} INFO - Setting next_dagrun for example_complex to None
[2021-04-06 18:42:37,219] {scheduler_job.py:190} INFO - Processing /Users/garonsmith/Desktop/airflow_study/airflow-etl-explore/.venv/lib/python3.8/site-packages/airflow/example_dags/example_complex.py took 0.071 seconds
[2021-04-06 18:43:07,871] {scheduler_job.py:182} INFO - Started process (PID=19468) to work on /Users/garonsmith/Desktop/airflow_study/airflow-etl-explore/.venv/lib/python3.8/site-packages/airflow/example_dags/example_complex.py
[2021-04-06 18:43:07,871] {scheduler_job.py:629} INFO - Processing file /Users/garonsmith/Desktop/airflow_study/airflow-etl-explore/.venv/lib/python3.8/site-packages/airflow/example_dags/example_complex.py for tasks to queue
[2021-04-06 18:43:07,871] {logging_mixin.py:104} INFO - [2021-04-06 18:43:07,871] {dagbag.py:448} INFO - Filling up the DagBag from /Users/garonsmith/Desktop/airflow_study/airflow-etl-explore/.venv/lib/python3.8/site-packages/airflow/example_dags/example_complex.py
[2021-04-06 18:43:07,879] {scheduler_job.py:639} INFO - DAG(s) dict_keys(['example_complex']) retrieved from /Users/garonsmith/Desktop/airflow_study/airflow-etl-explore/.venv/lib/python3.8/site-packages/airflow/example_dags/example_complex.py
[2021-04-06 18:43:07,955] {logging_mixin.py:104} INFO - [2021-04-06 18:43:07,955] {dag.py:1818} INFO - Sync 1 DAGs
[2021-04-06 18:43:07,964] {logging_mixin.py:104} INFO - [2021-04-06 18:43:07,964] {dag.py:2273} INFO - Setting next_dagrun for example_complex to None
[2021-04-06 18:43:07,971] {scheduler_job.py:190} INFO - Processing /Users/garonsmith/Desktop/airflow_study/airflow-etl-explore/.venv/lib/python3.8/site-packages/airflow/example_dags/example_complex.py took 0.101 seconds
[2021-04-06 18:43:38,865] {scheduler_job.py:182} INFO - Started process (PID=19583) to work on /Users/garonsmith/Desktop/airflow_study/airflow-etl-explore/.venv/lib/python3.8/site-packages/airflow/example_dags/example_complex.py
[2021-04-06 18:43:38,865] {scheduler_job.py:629} INFO - Processing file /Users/garonsmith/Desktop/airflow_study/airflow-etl-explore/.venv/lib/python3.8/site-packages/airflow/example_dags/example_complex.py for tasks to queue
[2021-04-06 18:43:38,866] {logging_mixin.py:104} INFO - [2021-04-06 18:43:38,866] {dagbag.py:448} INFO - Filling up the DagBag from /Users/garonsmith/Desktop/airflow_study/airflow-etl-explore/.venv/lib/python3.8/site-packages/airflow/example_dags/example_complex.py
[2021-04-06 18:43:38,873] {scheduler_job.py:639} INFO - DAG(s) dict_keys(['example_complex']) retrieved from /Users/garonsmith/Desktop/airflow_study/airflow-etl-explore/.venv/lib/python3.8/site-packages/airflow/example_dags/example_complex.py
[2021-04-06 18:43:38,907] {logging_mixin.py:104} INFO - [2021-04-06 18:43:38,907] {dag.py:1818} INFO - Sync 1 DAGs
[2021-04-06 18:43:38,914] {logging_mixin.py:104} INFO - [2021-04-06 18:43:38,914] {dag.py:2273} INFO - Setting next_dagrun for example_complex to None
[2021-04-06 18:43:38,921] {scheduler_job.py:190} INFO - Processing /Users/garonsmith/Desktop/airflow_study/airflow-etl-explore/.venv/lib/python3.8/site-packages/airflow/example_dags/example_complex.py took 0.056 seconds
[2021-04-06 18:43:56,403] {scheduler_job.py:182} INFO - Started process (PID=19687) to work on /Users/garonsmith/Desktop/airflow_study/airflow-etl-explore/.venv/lib/python3.8/site-packages/airflow/example_dags/example_complex.py
[2021-04-06 18:43:56,404] {scheduler_job.py:629} INFO - Processing file /Users/garonsmith/Desktop/airflow_study/airflow-etl-explore/.venv/lib/python3.8/site-packages/airflow/example_dags/example_complex.py for tasks to queue
[2021-04-06 18:43:56,404] {logging_mixin.py:104} INFO - [2021-04-06 18:43:56,404] {dagbag.py:448} INFO - Filling up the DagBag from /Users/garonsmith/Desktop/airflow_study/airflow-etl-explore/.venv/lib/python3.8/site-packages/airflow/example_dags/example_complex.py
[2021-04-06 18:43:56,412] {scheduler_job.py:639} INFO - DAG(s) dict_keys(['example_complex']) retrieved from /Users/garonsmith/Desktop/airflow_study/airflow-etl-explore/.venv/lib/python3.8/site-packages/airflow/example_dags/example_complex.py
[2021-04-06 18:43:56,423] {logging_mixin.py:104} INFO - [2021-04-06 18:43:56,423] {dag.py:1818} INFO - Sync 1 DAGs
[2021-04-06 18:43:56,456] {logging_mixin.py:104} INFO - [2021-04-06 18:43:56,456] {dag.py:2273} INFO - Setting next_dagrun for example_complex to None
[2021-04-06 18:43:56,460] {scheduler_job.py:190} INFO - Processing /Users/garonsmith/Desktop/airflow_study/airflow-etl-explore/.venv/lib/python3.8/site-packages/airflow/example_dags/example_complex.py took 0.057 seconds
[2021-04-06 18:44:27,470] {scheduler_job.py:182} INFO - Started process (PID=19776) to work on /Users/garonsmith/Desktop/airflow_study/airflow-etl-explore/.venv/lib/python3.8/site-packages/airflow/example_dags/example_complex.py
[2021-04-06 18:44:27,470] {scheduler_job.py:629} INFO - Processing file /Users/garonsmith/Desktop/airflow_study/airflow-etl-explore/.venv/lib/python3.8/site-packages/airflow/example_dags/example_complex.py for tasks to queue
[2021-04-06 18:44:27,471] {logging_mixin.py:104} INFO - [2021-04-06 18:44:27,470] {dagbag.py:448} INFO - Filling up the DagBag from /Users/garonsmith/Desktop/airflow_study/airflow-etl-explore/.venv/lib/python3.8/site-packages/airflow/example_dags/example_complex.py
[2021-04-06 18:44:27,480] {scheduler_job.py:639} INFO - DAG(s) dict_keys(['example_complex']) retrieved from /Users/garonsmith/Desktop/airflow_study/airflow-etl-explore/.venv/lib/python3.8/site-packages/airflow/example_dags/example_complex.py
[2021-04-06 18:44:27,532] {logging_mixin.py:104} INFO - [2021-04-06 18:44:27,532] {dag.py:1818} INFO - Sync 1 DAGs
[2021-04-06 18:44:27,555] {logging_mixin.py:104} INFO - [2021-04-06 18:44:27,554] {dag.py:2273} INFO - Setting next_dagrun for example_complex to None
[2021-04-06 18:44:27,560] {scheduler_job.py:190} INFO - Processing /Users/garonsmith/Desktop/airflow_study/airflow-etl-explore/.venv/lib/python3.8/site-packages/airflow/example_dags/example_complex.py took 0.091 seconds
[2021-04-06 18:44:58,677] {scheduler_job.py:182} INFO - Started process (PID=19863) to work on /Users/garonsmith/Desktop/airflow_study/airflow-etl-explore/.venv/lib/python3.8/site-packages/airflow/example_dags/example_complex.py
[2021-04-06 18:44:58,678] {scheduler_job.py:629} INFO - Processing file /Users/garonsmith/Desktop/airflow_study/airflow-etl-explore/.venv/lib/python3.8/site-packages/airflow/example_dags/example_complex.py for tasks to queue
[2021-04-06 18:44:58,678] {logging_mixin.py:104} INFO - [2021-04-06 18:44:58,678] {dagbag.py:448} INFO - Filling up the DagBag from /Users/garonsmith/Desktop/airflow_study/airflow-etl-explore/.venv/lib/python3.8/site-packages/airflow/example_dags/example_complex.py
[2021-04-06 18:44:58,686] {scheduler_job.py:639} INFO - DAG(s) dict_keys(['example_complex']) retrieved from /Users/garonsmith/Desktop/airflow_study/airflow-etl-explore/.venv/lib/python3.8/site-packages/airflow/example_dags/example_complex.py
[2021-04-06 18:44:58,732] {logging_mixin.py:104} INFO - [2021-04-06 18:44:58,732] {dag.py:1818} INFO - Sync 1 DAGs
[2021-04-06 18:44:58,756] {logging_mixin.py:104} INFO - [2021-04-06 18:44:58,755] {dag.py:2273} INFO - Setting next_dagrun for example_complex to None
[2021-04-06 18:44:58,762] {scheduler_job.py:190} INFO - Processing /Users/garonsmith/Desktop/airflow_study/airflow-etl-explore/.venv/lib/python3.8/site-packages/airflow/example_dags/example_complex.py took 0.086 seconds
[2021-04-06 18:45:29,807] {scheduler_job.py:182} INFO - Started process (PID=19952) to work on /Users/garonsmith/Desktop/airflow_study/airflow-etl-explore/.venv/lib/python3.8/site-packages/airflow/example_dags/example_complex.py
[2021-04-06 18:45:29,808] {scheduler_job.py:629} INFO - Processing file /Users/garonsmith/Desktop/airflow_study/airflow-etl-explore/.venv/lib/python3.8/site-packages/airflow/example_dags/example_complex.py for tasks to queue
[2021-04-06 18:45:29,808] {logging_mixin.py:104} INFO - [2021-04-06 18:45:29,808] {dagbag.py:448} INFO - Filling up the DagBag from /Users/garonsmith/Desktop/airflow_study/airflow-etl-explore/.venv/lib/python3.8/site-packages/airflow/example_dags/example_complex.py
[2021-04-06 18:45:29,818] {scheduler_job.py:639} INFO - DAG(s) dict_keys(['example_complex']) retrieved from /Users/garonsmith/Desktop/airflow_study/airflow-etl-explore/.venv/lib/python3.8/site-packages/airflow/example_dags/example_complex.py
[2021-04-06 18:45:29,856] {logging_mixin.py:104} INFO - [2021-04-06 18:45:29,856] {dag.py:1818} INFO - Sync 1 DAGs
[2021-04-06 18:45:29,865] {logging_mixin.py:104} INFO - [2021-04-06 18:45:29,865] {dag.py:2273} INFO - Setting next_dagrun for example_complex to None
[2021-04-06 18:45:29,871] {scheduler_job.py:190} INFO - Processing /Users/garonsmith/Desktop/airflow_study/airflow-etl-explore/.venv/lib/python3.8/site-packages/airflow/example_dags/example_complex.py took 0.064 seconds
[2021-04-06 18:46:00,794] {scheduler_job.py:182} INFO - Started process (PID=20043) to work on /Users/garonsmith/Desktop/airflow_study/airflow-etl-explore/.venv/lib/python3.8/site-packages/airflow/example_dags/example_complex.py
[2021-04-06 18:46:00,794] {scheduler_job.py:629} INFO - Processing file /Users/garonsmith/Desktop/airflow_study/airflow-etl-explore/.venv/lib/python3.8/site-packages/airflow/example_dags/example_complex.py for tasks to queue
[2021-04-06 18:46:00,795] {logging_mixin.py:104} INFO - [2021-04-06 18:46:00,795] {dagbag.py:448} INFO - Filling up the DagBag from /Users/garonsmith/Desktop/airflow_study/airflow-etl-explore/.venv/lib/python3.8/site-packages/airflow/example_dags/example_complex.py
[2021-04-06 18:46:00,804] {scheduler_job.py:639} INFO - DAG(s) dict_keys(['example_complex']) retrieved from /Users/garonsmith/Desktop/airflow_study/airflow-etl-explore/.venv/lib/python3.8/site-packages/airflow/example_dags/example_complex.py
[2021-04-06 18:46:00,857] {logging_mixin.py:104} INFO - [2021-04-06 18:46:00,857] {dag.py:1818} INFO - Sync 1 DAGs
[2021-04-06 18:46:00,864] {logging_mixin.py:104} INFO - [2021-04-06 18:46:00,864] {dag.py:2273} INFO - Setting next_dagrun for example_complex to None
[2021-04-06 18:46:00,871] {scheduler_job.py:190} INFO - Processing /Users/garonsmith/Desktop/airflow_study/airflow-etl-explore/.venv/lib/python3.8/site-packages/airflow/example_dags/example_complex.py took 0.078 seconds
[2021-04-06 18:46:31,863] {scheduler_job.py:182} INFO - Started process (PID=20137) to work on /Users/garonsmith/Desktop/airflow_study/airflow-etl-explore/.venv/lib/python3.8/site-packages/airflow/example_dags/example_complex.py
[2021-04-06 18:46:31,863] {scheduler_job.py:629} INFO - Processing file /Users/garonsmith/Desktop/airflow_study/airflow-etl-explore/.venv/lib/python3.8/site-packages/airflow/example_dags/example_complex.py for tasks to queue
[2021-04-06 18:46:31,863] {logging_mixin.py:104} INFO - [2021-04-06 18:46:31,863] {dagbag.py:448} INFO - Filling up the DagBag from /Users/garonsmith/Desktop/airflow_study/airflow-etl-explore/.venv/lib/python3.8/site-packages/airflow/example_dags/example_complex.py
[2021-04-06 18:46:31,871] {scheduler_job.py:639} INFO - DAG(s) dict_keys(['example_complex']) retrieved from /Users/garonsmith/Desktop/airflow_study/airflow-etl-explore/.venv/lib/python3.8/site-packages/airflow/example_dags/example_complex.py
[2021-04-06 18:46:31,908] {logging_mixin.py:104} INFO - [2021-04-06 18:46:31,908] {dag.py:1818} INFO - Sync 1 DAGs
[2021-04-06 18:46:31,915] {logging_mixin.py:104} INFO - [2021-04-06 18:46:31,915] {dag.py:2273} INFO - Setting next_dagrun for example_complex to None
[2021-04-06 18:46:31,922] {scheduler_job.py:190} INFO - Processing /Users/garonsmith/Desktop/airflow_study/airflow-etl-explore/.venv/lib/python3.8/site-packages/airflow/example_dags/example_complex.py took 0.060 seconds
[2021-04-06 18:47:03,267] {scheduler_job.py:182} INFO - Started process (PID=20223) to work on /Users/garonsmith/Desktop/airflow_study/airflow-etl-explore/.venv/lib/python3.8/site-packages/airflow/example_dags/example_complex.py
[2021-04-06 18:47:03,267] {scheduler_job.py:629} INFO - Processing file /Users/garonsmith/Desktop/airflow_study/airflow-etl-explore/.venv/lib/python3.8/site-packages/airflow/example_dags/example_complex.py for tasks to queue
[2021-04-06 18:47:03,268] {logging_mixin.py:104} INFO - [2021-04-06 18:47:03,268] {dagbag.py:448} INFO - Filling up the DagBag from /Users/garonsmith/Desktop/airflow_study/airflow-etl-explore/.venv/lib/python3.8/site-packages/airflow/example_dags/example_complex.py
[2021-04-06 18:47:03,277] {scheduler_job.py:639} INFO - DAG(s) dict_keys(['example_complex']) retrieved from /Users/garonsmith/Desktop/airflow_study/airflow-etl-explore/.venv/lib/python3.8/site-packages/airflow/example_dags/example_complex.py
[2021-04-06 18:47:03,309] {logging_mixin.py:104} INFO - [2021-04-06 18:47:03,308] {dag.py:1818} INFO - Sync 1 DAGs
[2021-04-06 18:47:03,315] {logging_mixin.py:104} INFO - [2021-04-06 18:47:03,315] {dag.py:2273} INFO - Setting next_dagrun for example_complex to None
[2021-04-06 18:47:03,320] {scheduler_job.py:190} INFO - Processing /Users/garonsmith/Desktop/airflow_study/airflow-etl-explore/.venv/lib/python3.8/site-packages/airflow/example_dags/example_complex.py took 0.054 seconds
[2021-04-06 18:47:34,394] {scheduler_job.py:182} INFO - Started process (PID=20310) to work on /Users/garonsmith/Desktop/airflow_study/airflow-etl-explore/.venv/lib/python3.8/site-packages/airflow/example_dags/example_complex.py
[2021-04-06 18:47:34,395] {scheduler_job.py:629} INFO - Processing file /Users/garonsmith/Desktop/airflow_study/airflow-etl-explore/.venv/lib/python3.8/site-packages/airflow/example_dags/example_complex.py for tasks to queue
[2021-04-06 18:47:34,395] {logging_mixin.py:104} INFO - [2021-04-06 18:47:34,395] {dagbag.py:448} INFO - Filling up the DagBag from /Users/garonsmith/Desktop/airflow_study/airflow-etl-explore/.venv/lib/python3.8/site-packages/airflow/example_dags/example_complex.py
[2021-04-06 18:47:34,403] {scheduler_job.py:639} INFO - DAG(s) dict_keys(['example_complex']) retrieved from /Users/garonsmith/Desktop/airflow_study/airflow-etl-explore/.venv/lib/python3.8/site-packages/airflow/example_dags/example_complex.py
[2021-04-06 18:47:34,436] {logging_mixin.py:104} INFO - [2021-04-06 18:47:34,436] {dag.py:1818} INFO - Sync 1 DAGs
[2021-04-06 18:47:34,458] {logging_mixin.py:104} INFO - [2021-04-06 18:47:34,458] {dag.py:2273} INFO - Setting next_dagrun for example_complex to None
[2021-04-06 18:47:34,464] {scheduler_job.py:190} INFO - Processing /Users/garonsmith/Desktop/airflow_study/airflow-etl-explore/.venv/lib/python3.8/site-packages/airflow/example_dags/example_complex.py took 0.070 seconds
[2021-04-06 18:48:05,118] {scheduler_job.py:182} INFO - Started process (PID=20395) to work on /Users/garonsmith/Desktop/airflow_study/airflow-etl-explore/.venv/lib/python3.8/site-packages/airflow/example_dags/example_complex.py
[2021-04-06 18:48:05,118] {scheduler_job.py:629} INFO - Processing file /Users/garonsmith/Desktop/airflow_study/airflow-etl-explore/.venv/lib/python3.8/site-packages/airflow/example_dags/example_complex.py for tasks to queue
[2021-04-06 18:48:05,119] {logging_mixin.py:104} INFO - [2021-04-06 18:48:05,119] {dagbag.py:448} INFO - Filling up the DagBag from /Users/garonsmith/Desktop/airflow_study/airflow-etl-explore/.venv/lib/python3.8/site-packages/airflow/example_dags/example_complex.py
[2021-04-06 18:48:05,126] {scheduler_job.py:639} INFO - DAG(s) dict_keys(['example_complex']) retrieved from /Users/garonsmith/Desktop/airflow_study/airflow-etl-explore/.venv/lib/python3.8/site-packages/airflow/example_dags/example_complex.py
[2021-04-06 18:48:05,160] {logging_mixin.py:104} INFO - [2021-04-06 18:48:05,160] {dag.py:1818} INFO - Sync 1 DAGs
[2021-04-06 18:48:05,167] {logging_mixin.py:104} INFO - [2021-04-06 18:48:05,167] {dag.py:2273} INFO - Setting next_dagrun for example_complex to None
[2021-04-06 18:48:05,174] {scheduler_job.py:190} INFO - Processing /Users/garonsmith/Desktop/airflow_study/airflow-etl-explore/.venv/lib/python3.8/site-packages/airflow/example_dags/example_complex.py took 0.056 seconds
[2021-04-06 18:48:36,986] {scheduler_job.py:182} INFO - Started process (PID=20482) to work on /Users/garonsmith/Desktop/airflow_study/airflow-etl-explore/.venv/lib/python3.8/site-packages/airflow/example_dags/example_complex.py
[2021-04-06 18:48:36,986] {scheduler_job.py:629} INFO - Processing file /Users/garonsmith/Desktop/airflow_study/airflow-etl-explore/.venv/lib/python3.8/site-packages/airflow/example_dags/example_complex.py for tasks to queue
[2021-04-06 18:48:36,987] {logging_mixin.py:104} INFO - [2021-04-06 18:48:36,987] {dagbag.py:448} INFO - Filling up the DagBag from /Users/garonsmith/Desktop/airflow_study/airflow-etl-explore/.venv/lib/python3.8/site-packages/airflow/example_dags/example_complex.py
[2021-04-06 18:48:36,994] {scheduler_job.py:639} INFO - DAG(s) dict_keys(['example_complex']) retrieved from /Users/garonsmith/Desktop/airflow_study/airflow-etl-explore/.venv/lib/python3.8/site-packages/airflow/example_dags/example_complex.py
[2021-04-06 18:48:37,037] {logging_mixin.py:104} INFO - [2021-04-06 18:48:37,037] {dag.py:1818} INFO - Sync 1 DAGs
[2021-04-06 18:48:37,059] {logging_mixin.py:104} INFO - [2021-04-06 18:48:37,059] {dag.py:2273} INFO - Setting next_dagrun for example_complex to None
[2021-04-06 18:48:37,065] {scheduler_job.py:190} INFO - Processing /Users/garonsmith/Desktop/airflow_study/airflow-etl-explore/.venv/lib/python3.8/site-packages/airflow/example_dags/example_complex.py took 0.079 seconds
[2021-04-06 18:49:08,128] {scheduler_job.py:182} INFO - Started process (PID=20613) to work on /Users/garonsmith/Desktop/airflow_study/airflow-etl-explore/.venv/lib/python3.8/site-packages/airflow/example_dags/example_complex.py
[2021-04-06 18:49:08,128] {scheduler_job.py:629} INFO - Processing file /Users/garonsmith/Desktop/airflow_study/airflow-etl-explore/.venv/lib/python3.8/site-packages/airflow/example_dags/example_complex.py for tasks to queue
[2021-04-06 18:49:08,128] {logging_mixin.py:104} INFO - [2021-04-06 18:49:08,128] {dagbag.py:448} INFO - Filling up the DagBag from /Users/garonsmith/Desktop/airflow_study/airflow-etl-explore/.venv/lib/python3.8/site-packages/airflow/example_dags/example_complex.py
[2021-04-06 18:49:08,137] {scheduler_job.py:639} INFO - DAG(s) dict_keys(['example_complex']) retrieved from /Users/garonsmith/Desktop/airflow_study/airflow-etl-explore/.venv/lib/python3.8/site-packages/airflow/example_dags/example_complex.py
[2021-04-06 18:49:08,192] {logging_mixin.py:104} INFO - [2021-04-06 18:49:08,192] {dag.py:1818} INFO - Sync 1 DAGs
[2021-04-06 18:49:08,214] {logging_mixin.py:104} INFO - [2021-04-06 18:49:08,214] {dag.py:2273} INFO - Setting next_dagrun for example_complex to None
[2021-04-06 18:49:08,222] {scheduler_job.py:190} INFO - Processing /Users/garonsmith/Desktop/airflow_study/airflow-etl-explore/.venv/lib/python3.8/site-packages/airflow/example_dags/example_complex.py took 0.095 seconds
[2021-04-06 18:49:08,502] {scheduler_job.py:182} INFO - Started process (PID=20618) to work on /Users/garonsmith/Desktop/airflow_study/airflow-etl-explore/.venv/lib/python3.8/site-packages/airflow/example_dags/example_complex.py
[2021-04-06 18:49:08,502] {scheduler_job.py:629} INFO - Processing file /Users/garonsmith/Desktop/airflow_study/airflow-etl-explore/.venv/lib/python3.8/site-packages/airflow/example_dags/example_complex.py for tasks to queue
[2021-04-06 18:49:08,503] {logging_mixin.py:104} INFO - [2021-04-06 18:49:08,503] {dagbag.py:448} INFO - Filling up the DagBag from /Users/garonsmith/Desktop/airflow_study/airflow-etl-explore/.venv/lib/python3.8/site-packages/airflow/example_dags/example_complex.py
[2021-04-06 18:49:08,512] {scheduler_job.py:639} INFO - DAG(s) dict_keys(['example_complex']) retrieved from /Users/garonsmith/Desktop/airflow_study/airflow-etl-explore/.venv/lib/python3.8/site-packages/airflow/example_dags/example_complex.py
[2021-04-06 18:49:08,524] {logging_mixin.py:104} INFO - [2021-04-06 18:49:08,524] {dag.py:1818} INFO - Sync 1 DAGs
[2021-04-06 18:49:08,564] {logging_mixin.py:104} INFO - [2021-04-06 18:49:08,564] {dag.py:2273} INFO - Setting next_dagrun for example_complex to None
[2021-04-06 18:49:08,569] {scheduler_job.py:190} INFO - Processing /Users/garonsmith/Desktop/airflow_study/airflow-etl-explore/.venv/lib/python3.8/site-packages/airflow/example_dags/example_complex.py took 0.068 seconds
[2021-04-06 18:49:39,429] {scheduler_job.py:182} INFO - Started process (PID=20779) to work on /Users/garonsmith/Desktop/airflow_study/airflow-etl-explore/.venv/lib/python3.8/site-packages/airflow/example_dags/example_complex.py
[2021-04-06 18:49:39,430] {scheduler_job.py:629} INFO - Processing file /Users/garonsmith/Desktop/airflow_study/airflow-etl-explore/.venv/lib/python3.8/site-packages/airflow/example_dags/example_complex.py for tasks to queue
[2021-04-06 18:49:39,430] {logging_mixin.py:104} INFO - [2021-04-06 18:49:39,430] {dagbag.py:448} INFO - Filling up the DagBag from /Users/garonsmith/Desktop/airflow_study/airflow-etl-explore/.venv/lib/python3.8/site-packages/airflow/example_dags/example_complex.py
[2021-04-06 18:49:39,441] {scheduler_job.py:639} INFO - DAG(s) dict_keys(['example_complex']) retrieved from /Users/garonsmith/Desktop/airflow_study/airflow-etl-explore/.venv/lib/python3.8/site-packages/airflow/example_dags/example_complex.py
[2021-04-06 18:49:39,511] {logging_mixin.py:104} INFO - [2021-04-06 18:49:39,511] {dag.py:1818} INFO - Sync 1 DAGs
[2021-04-06 18:49:39,519] {logging_mixin.py:104} INFO - [2021-04-06 18:49:39,519] {dag.py:2273} INFO - Setting next_dagrun for example_complex to None
[2021-04-06 18:49:39,526] {scheduler_job.py:190} INFO - Processing /Users/garonsmith/Desktop/airflow_study/airflow-etl-explore/.venv/lib/python3.8/site-packages/airflow/example_dags/example_complex.py took 0.098 seconds
[2021-04-06 18:49:39,672] {scheduler_job.py:182} INFO - Started process (PID=20786) to work on /Users/garonsmith/Desktop/airflow_study/airflow-etl-explore/.venv/lib/python3.8/site-packages/airflow/example_dags/example_complex.py
[2021-04-06 18:49:39,672] {scheduler_job.py:629} INFO - Processing file /Users/garonsmith/Desktop/airflow_study/airflow-etl-explore/.venv/lib/python3.8/site-packages/airflow/example_dags/example_complex.py for tasks to queue
[2021-04-06 18:49:39,673] {logging_mixin.py:104} INFO - [2021-04-06 18:49:39,673] {dagbag.py:448} INFO - Filling up the DagBag from /Users/garonsmith/Desktop/airflow_study/airflow-etl-explore/.venv/lib/python3.8/site-packages/airflow/example_dags/example_complex.py
[2021-04-06 18:49:39,683] {scheduler_job.py:639} INFO - DAG(s) dict_keys(['example_complex']) retrieved from /Users/garonsmith/Desktop/airflow_study/airflow-etl-explore/.venv/lib/python3.8/site-packages/airflow/example_dags/example_complex.py
[2021-04-06 18:49:39,711] {logging_mixin.py:104} INFO - [2021-04-06 18:49:39,711] {dag.py:1818} INFO - Sync 1 DAGs
[2021-04-06 18:49:39,738] {logging_mixin.py:104} INFO - [2021-04-06 18:49:39,738] {dag.py:2273} INFO - Setting next_dagrun for example_complex to None
[2021-04-06 18:49:39,743] {scheduler_job.py:190} INFO - Processing /Users/garonsmith/Desktop/airflow_study/airflow-etl-explore/.venv/lib/python3.8/site-packages/airflow/example_dags/example_complex.py took 0.072 seconds
[2021-04-06 18:50:10,408] {scheduler_job.py:182} INFO - Started process (PID=20951) to work on /Users/garonsmith/Desktop/airflow_study/airflow-etl-explore/.venv/lib/python3.8/site-packages/airflow/example_dags/example_complex.py
[2021-04-06 18:50:10,409] {scheduler_job.py:629} INFO - Processing file /Users/garonsmith/Desktop/airflow_study/airflow-etl-explore/.venv/lib/python3.8/site-packages/airflow/example_dags/example_complex.py for tasks to queue
[2021-04-06 18:50:10,409] {logging_mixin.py:104} INFO - [2021-04-06 18:50:10,409] {dagbag.py:448} INFO - Filling up the DagBag from /Users/garonsmith/Desktop/airflow_study/airflow-etl-explore/.venv/lib/python3.8/site-packages/airflow/example_dags/example_complex.py
[2021-04-06 18:50:10,421] {scheduler_job.py:639} INFO - DAG(s) dict_keys(['example_complex']) retrieved from /Users/garonsmith/Desktop/airflow_study/airflow-etl-explore/.venv/lib/python3.8/site-packages/airflow/example_dags/example_complex.py
[2021-04-06 18:50:10,468] {logging_mixin.py:104} INFO - [2021-04-06 18:50:10,468] {dag.py:1818} INFO - Sync 1 DAGs
[2021-04-06 18:50:10,476] {logging_mixin.py:104} INFO - [2021-04-06 18:50:10,476] {dag.py:2273} INFO - Setting next_dagrun for example_complex to None
[2021-04-06 18:50:10,484] {scheduler_job.py:190} INFO - Processing /Users/garonsmith/Desktop/airflow_study/airflow-etl-explore/.venv/lib/python3.8/site-packages/airflow/example_dags/example_complex.py took 0.076 seconds
[2021-04-06 18:50:11,658] {scheduler_job.py:182} INFO - Started process (PID=20968) to work on /Users/garonsmith/Desktop/airflow_study/airflow-etl-explore/.venv/lib/python3.8/site-packages/airflow/example_dags/example_complex.py
[2021-04-06 18:50:11,658] {scheduler_job.py:629} INFO - Processing file /Users/garonsmith/Desktop/airflow_study/airflow-etl-explore/.venv/lib/python3.8/site-packages/airflow/example_dags/example_complex.py for tasks to queue
[2021-04-06 18:50:11,658] {logging_mixin.py:104} INFO - [2021-04-06 18:50:11,658] {dagbag.py:448} INFO - Filling up the DagBag from /Users/garonsmith/Desktop/airflow_study/airflow-etl-explore/.venv/lib/python3.8/site-packages/airflow/example_dags/example_complex.py
[2021-04-06 18:50:11,667] {scheduler_job.py:639} INFO - DAG(s) dict_keys(['example_complex']) retrieved from /Users/garonsmith/Desktop/airflow_study/airflow-etl-explore/.venv/lib/python3.8/site-packages/airflow/example_dags/example_complex.py
[2021-04-06 18:50:11,677] {logging_mixin.py:104} INFO - [2021-04-06 18:50:11,677] {dag.py:1818} INFO - Sync 1 DAGs
[2021-04-06 18:50:11,715] {logging_mixin.py:104} INFO - [2021-04-06 18:50:11,715] {dag.py:2273} INFO - Setting next_dagrun for example_complex to None
[2021-04-06 18:50:11,720] {scheduler_job.py:190} INFO - Processing /Users/garonsmith/Desktop/airflow_study/airflow-etl-explore/.venv/lib/python3.8/site-packages/airflow/example_dags/example_complex.py took 0.063 seconds
[2021-04-06 18:50:41,251] {scheduler_job.py:182} INFO - Started process (PID=21109) to work on /Users/garonsmith/Desktop/airflow_study/airflow-etl-explore/.venv/lib/python3.8/site-packages/airflow/example_dags/example_complex.py
[2021-04-06 18:50:41,251] {scheduler_job.py:629} INFO - Processing file /Users/garonsmith/Desktop/airflow_study/airflow-etl-explore/.venv/lib/python3.8/site-packages/airflow/example_dags/example_complex.py for tasks to queue
[2021-04-06 18:50:41,251] {logging_mixin.py:104} INFO - [2021-04-06 18:50:41,251] {dagbag.py:448} INFO - Filling up the DagBag from /Users/garonsmith/Desktop/airflow_study/airflow-etl-explore/.venv/lib/python3.8/site-packages/airflow/example_dags/example_complex.py
[2021-04-06 18:50:41,259] {scheduler_job.py:639} INFO - DAG(s) dict_keys(['example_complex']) retrieved from /Users/garonsmith/Desktop/airflow_study/airflow-etl-explore/.venv/lib/python3.8/site-packages/airflow/example_dags/example_complex.py
[2021-04-06 18:50:41,315] {logging_mixin.py:104} INFO - [2021-04-06 18:50:41,314] {dag.py:1818} INFO - Sync 1 DAGs
[2021-04-06 18:50:41,325] {logging_mixin.py:104} INFO - [2021-04-06 18:50:41,325] {dag.py:2273} INFO - Setting next_dagrun for example_complex to None
[2021-04-06 18:50:41,336] {scheduler_job.py:190} INFO - Processing /Users/garonsmith/Desktop/airflow_study/airflow-etl-explore/.venv/lib/python3.8/site-packages/airflow/example_dags/example_complex.py took 0.086 seconds
[2021-04-06 18:50:43,231] {scheduler_job.py:182} INFO - Started process (PID=21135) to work on /Users/garonsmith/Desktop/airflow_study/airflow-etl-explore/.venv/lib/python3.8/site-packages/airflow/example_dags/example_complex.py
[2021-04-06 18:50:43,231] {scheduler_job.py:629} INFO - Processing file /Users/garonsmith/Desktop/airflow_study/airflow-etl-explore/.venv/lib/python3.8/site-packages/airflow/example_dags/example_complex.py for tasks to queue
[2021-04-06 18:50:43,231] {logging_mixin.py:104} INFO - [2021-04-06 18:50:43,231] {dagbag.py:448} INFO - Filling up the DagBag from /Users/garonsmith/Desktop/airflow_study/airflow-etl-explore/.venv/lib/python3.8/site-packages/airflow/example_dags/example_complex.py
[2021-04-06 18:50:43,240] {scheduler_job.py:639} INFO - DAG(s) dict_keys(['example_complex']) retrieved from /Users/garonsmith/Desktop/airflow_study/airflow-etl-explore/.venv/lib/python3.8/site-packages/airflow/example_dags/example_complex.py
[2021-04-06 18:50:43,271] {logging_mixin.py:104} INFO - [2021-04-06 18:50:43,271] {dag.py:1818} INFO - Sync 1 DAGs
[2021-04-06 18:50:43,314] {logging_mixin.py:104} INFO - [2021-04-06 18:50:43,314] {dag.py:2273} INFO - Setting next_dagrun for example_complex to None
[2021-04-06 18:50:43,320] {scheduler_job.py:190} INFO - Processing /Users/garonsmith/Desktop/airflow_study/airflow-etl-explore/.venv/lib/python3.8/site-packages/airflow/example_dags/example_complex.py took 0.090 seconds
[2021-04-06 18:51:12,796] {scheduler_job.py:182} INFO - Started process (PID=21277) to work on /Users/garonsmith/Desktop/airflow_study/airflow-etl-explore/.venv/lib/python3.8/site-packages/airflow/example_dags/example_complex.py
[2021-04-06 18:51:12,796] {scheduler_job.py:629} INFO - Processing file /Users/garonsmith/Desktop/airflow_study/airflow-etl-explore/.venv/lib/python3.8/site-packages/airflow/example_dags/example_complex.py for tasks to queue
[2021-04-06 18:51:12,796] {logging_mixin.py:104} INFO - [2021-04-06 18:51:12,796] {dagbag.py:448} INFO - Filling up the DagBag from /Users/garonsmith/Desktop/airflow_study/airflow-etl-explore/.venv/lib/python3.8/site-packages/airflow/example_dags/example_complex.py
[2021-04-06 18:51:12,806] {scheduler_job.py:639} INFO - DAG(s) dict_keys(['example_complex']) retrieved from /Users/garonsmith/Desktop/airflow_study/airflow-etl-explore/.venv/lib/python3.8/site-packages/airflow/example_dags/example_complex.py
[2021-04-06 18:51:12,846] {logging_mixin.py:104} INFO - [2021-04-06 18:51:12,846] {dag.py:1818} INFO - Sync 1 DAGs
[2021-04-06 18:51:12,867] {logging_mixin.py:104} INFO - [2021-04-06 18:51:12,867] {dag.py:2273} INFO - Setting next_dagrun for example_complex to None
[2021-04-06 18:51:12,874] {scheduler_job.py:190} INFO - Processing /Users/garonsmith/Desktop/airflow_study/airflow-etl-explore/.venv/lib/python3.8/site-packages/airflow/example_dags/example_complex.py took 0.079 seconds
[2021-04-06 18:51:15,277] {scheduler_job.py:182} INFO - Started process (PID=21303) to work on /Users/garonsmith/Desktop/airflow_study/airflow-etl-explore/.venv/lib/python3.8/site-packages/airflow/example_dags/example_complex.py
[2021-04-06 18:51:15,278] {scheduler_job.py:629} INFO - Processing file /Users/garonsmith/Desktop/airflow_study/airflow-etl-explore/.venv/lib/python3.8/site-packages/airflow/example_dags/example_complex.py for tasks to queue
[2021-04-06 18:51:15,278] {logging_mixin.py:104} INFO - [2021-04-06 18:51:15,278] {dagbag.py:448} INFO - Filling up the DagBag from /Users/garonsmith/Desktop/airflow_study/airflow-etl-explore/.venv/lib/python3.8/site-packages/airflow/example_dags/example_complex.py
[2021-04-06 18:51:15,286] {scheduler_job.py:639} INFO - DAG(s) dict_keys(['example_complex']) retrieved from /Users/garonsmith/Desktop/airflow_study/airflow-etl-explore/.venv/lib/python3.8/site-packages/airflow/example_dags/example_complex.py
[2021-04-06 18:51:15,313] {logging_mixin.py:104} INFO - [2021-04-06 18:51:15,313] {dag.py:1818} INFO - Sync 1 DAGs
[2021-04-06 18:51:15,337] {logging_mixin.py:104} INFO - [2021-04-06 18:51:15,337] {dag.py:2273} INFO - Setting next_dagrun for example_complex to None
[2021-04-06 18:51:15,342] {scheduler_job.py:190} INFO - Processing /Users/garonsmith/Desktop/airflow_study/airflow-etl-explore/.venv/lib/python3.8/site-packages/airflow/example_dags/example_complex.py took 0.065 seconds
[2021-04-06 18:51:43,650] {scheduler_job.py:182} INFO - Started process (PID=21443) to work on /Users/garonsmith/Desktop/airflow_study/airflow-etl-explore/.venv/lib/python3.8/site-packages/airflow/example_dags/example_complex.py
[2021-04-06 18:51:43,650] {scheduler_job.py:629} INFO - Processing file /Users/garonsmith/Desktop/airflow_study/airflow-etl-explore/.venv/lib/python3.8/site-packages/airflow/example_dags/example_complex.py for tasks to queue
[2021-04-06 18:51:43,651] {logging_mixin.py:104} INFO - [2021-04-06 18:51:43,651] {dagbag.py:448} INFO - Filling up the DagBag from /Users/garonsmith/Desktop/airflow_study/airflow-etl-explore/.venv/lib/python3.8/site-packages/airflow/example_dags/example_complex.py
[2021-04-06 18:51:43,663] {scheduler_job.py:639} INFO - DAG(s) dict_keys(['example_complex']) retrieved from /Users/garonsmith/Desktop/airflow_study/airflow-etl-explore/.venv/lib/python3.8/site-packages/airflow/example_dags/example_complex.py
[2021-04-06 18:51:43,715] {logging_mixin.py:104} INFO - [2021-04-06 18:51:43,715] {dag.py:1818} INFO - Sync 1 DAGs
[2021-04-06 18:51:43,724] {logging_mixin.py:104} INFO - [2021-04-06 18:51:43,724] {dag.py:2273} INFO - Setting next_dagrun for example_complex to None
[2021-04-06 18:51:43,731] {scheduler_job.py:190} INFO - Processing /Users/garonsmith/Desktop/airflow_study/airflow-etl-explore/.venv/lib/python3.8/site-packages/airflow/example_dags/example_complex.py took 0.082 seconds
[2021-04-06 18:51:46,713] {scheduler_job.py:182} INFO - Started process (PID=21471) to work on /Users/garonsmith/Desktop/airflow_study/airflow-etl-explore/.venv/lib/python3.8/site-packages/airflow/example_dags/example_complex.py
[2021-04-06 18:51:46,714] {scheduler_job.py:629} INFO - Processing file /Users/garonsmith/Desktop/airflow_study/airflow-etl-explore/.venv/lib/python3.8/site-packages/airflow/example_dags/example_complex.py for tasks to queue
[2021-04-06 18:51:46,714] {logging_mixin.py:104} INFO - [2021-04-06 18:51:46,714] {dagbag.py:448} INFO - Filling up the DagBag from /Users/garonsmith/Desktop/airflow_study/airflow-etl-explore/.venv/lib/python3.8/site-packages/airflow/example_dags/example_complex.py
[2021-04-06 18:51:46,723] {scheduler_job.py:639} INFO - DAG(s) dict_keys(['example_complex']) retrieved from /Users/garonsmith/Desktop/airflow_study/airflow-etl-explore/.venv/lib/python3.8/site-packages/airflow/example_dags/example_complex.py
[2021-04-06 18:51:46,737] {logging_mixin.py:104} INFO - [2021-04-06 18:51:46,737] {dag.py:1818} INFO - Sync 1 DAGs
[2021-04-06 18:51:46,767] {logging_mixin.py:104} INFO - [2021-04-06 18:51:46,767] {dag.py:2273} INFO - Setting next_dagrun for example_complex to None
[2021-04-06 18:51:46,772] {scheduler_job.py:190} INFO - Processing /Users/garonsmith/Desktop/airflow_study/airflow-etl-explore/.venv/lib/python3.8/site-packages/airflow/example_dags/example_complex.py took 0.060 seconds
[2021-04-06 18:52:15,175] {scheduler_job.py:182} INFO - Started process (PID=21596) to work on /Users/garonsmith/Desktop/airflow_study/airflow-etl-explore/.venv/lib/python3.8/site-packages/airflow/example_dags/example_complex.py
[2021-04-06 18:52:15,175] {scheduler_job.py:629} INFO - Processing file /Users/garonsmith/Desktop/airflow_study/airflow-etl-explore/.venv/lib/python3.8/site-packages/airflow/example_dags/example_complex.py for tasks to queue
[2021-04-06 18:52:15,176] {logging_mixin.py:104} INFO - [2021-04-06 18:52:15,176] {dagbag.py:448} INFO - Filling up the DagBag from /Users/garonsmith/Desktop/airflow_study/airflow-etl-explore/.venv/lib/python3.8/site-packages/airflow/example_dags/example_complex.py
[2021-04-06 18:52:15,185] {scheduler_job.py:639} INFO - DAG(s) dict_keys(['example_complex']) retrieved from /Users/garonsmith/Desktop/airflow_study/airflow-etl-explore/.venv/lib/python3.8/site-packages/airflow/example_dags/example_complex.py
[2021-04-06 18:52:15,222] {logging_mixin.py:104} INFO - [2021-04-06 18:52:15,222] {dag.py:1818} INFO - Sync 1 DAGs
[2021-04-06 18:52:15,229] {logging_mixin.py:104} INFO - [2021-04-06 18:52:15,229] {dag.py:2273} INFO - Setting next_dagrun for example_complex to None
[2021-04-06 18:52:15,235] {scheduler_job.py:190} INFO - Processing /Users/garonsmith/Desktop/airflow_study/airflow-etl-explore/.venv/lib/python3.8/site-packages/airflow/example_dags/example_complex.py took 0.061 seconds
[2021-04-06 18:52:46,358] {scheduler_job.py:182} INFO - Started process (PID=21685) to work on /Users/garonsmith/Desktop/airflow_study/airflow-etl-explore/.venv/lib/python3.8/site-packages/airflow/example_dags/example_complex.py
[2021-04-06 18:52:46,358] {scheduler_job.py:629} INFO - Processing file /Users/garonsmith/Desktop/airflow_study/airflow-etl-explore/.venv/lib/python3.8/site-packages/airflow/example_dags/example_complex.py for tasks to queue
[2021-04-06 18:52:46,358] {logging_mixin.py:104} INFO - [2021-04-06 18:52:46,358] {dagbag.py:448} INFO - Filling up the DagBag from /Users/garonsmith/Desktop/airflow_study/airflow-etl-explore/.venv/lib/python3.8/site-packages/airflow/example_dags/example_complex.py
[2021-04-06 18:52:46,369] {scheduler_job.py:639} INFO - DAG(s) dict_keys(['example_complex']) retrieved from /Users/garonsmith/Desktop/airflow_study/airflow-etl-explore/.venv/lib/python3.8/site-packages/airflow/example_dags/example_complex.py
[2021-04-06 18:52:46,416] {logging_mixin.py:104} INFO - [2021-04-06 18:52:46,416] {dag.py:1818} INFO - Sync 1 DAGs
[2021-04-06 18:52:46,424] {logging_mixin.py:104} INFO - [2021-04-06 18:52:46,424] {dag.py:2273} INFO - Setting next_dagrun for example_complex to None
[2021-04-06 18:52:46,435] {scheduler_job.py:190} INFO - Processing /Users/garonsmith/Desktop/airflow_study/airflow-etl-explore/.venv/lib/python3.8/site-packages/airflow/example_dags/example_complex.py took 0.078 seconds
[2021-04-06 18:53:17,299] {scheduler_job.py:182} INFO - Started process (PID=21774) to work on /Users/garonsmith/Desktop/airflow_study/airflow-etl-explore/.venv/lib/python3.8/site-packages/airflow/example_dags/example_complex.py
[2021-04-06 18:53:17,300] {scheduler_job.py:629} INFO - Processing file /Users/garonsmith/Desktop/airflow_study/airflow-etl-explore/.venv/lib/python3.8/site-packages/airflow/example_dags/example_complex.py for tasks to queue
[2021-04-06 18:53:17,300] {logging_mixin.py:104} INFO - [2021-04-06 18:53:17,300] {dagbag.py:448} INFO - Filling up the DagBag from /Users/garonsmith/Desktop/airflow_study/airflow-etl-explore/.venv/lib/python3.8/site-packages/airflow/example_dags/example_complex.py
[2021-04-06 18:53:17,308] {scheduler_job.py:639} INFO - DAG(s) dict_keys(['example_complex']) retrieved from /Users/garonsmith/Desktop/airflow_study/airflow-etl-explore/.venv/lib/python3.8/site-packages/airflow/example_dags/example_complex.py
[2021-04-06 18:53:17,369] {logging_mixin.py:104} INFO - [2021-04-06 18:53:17,369] {dag.py:1818} INFO - Sync 1 DAGs
[2021-04-06 18:53:17,377] {logging_mixin.py:104} INFO - [2021-04-06 18:53:17,377] {dag.py:2273} INFO - Setting next_dagrun for example_complex to None
[2021-04-06 18:53:17,384] {scheduler_job.py:190} INFO - Processing /Users/garonsmith/Desktop/airflow_study/airflow-etl-explore/.venv/lib/python3.8/site-packages/airflow/example_dags/example_complex.py took 0.085 seconds
[2021-04-06 18:53:48,484] {scheduler_job.py:182} INFO - Started process (PID=21880) to work on /Users/garonsmith/Desktop/airflow_study/airflow-etl-explore/.venv/lib/python3.8/site-packages/airflow/example_dags/example_complex.py
[2021-04-06 18:53:48,484] {scheduler_job.py:629} INFO - Processing file /Users/garonsmith/Desktop/airflow_study/airflow-etl-explore/.venv/lib/python3.8/site-packages/airflow/example_dags/example_complex.py for tasks to queue
[2021-04-06 18:53:48,484] {logging_mixin.py:104} INFO - [2021-04-06 18:53:48,484] {dagbag.py:448} INFO - Filling up the DagBag from /Users/garonsmith/Desktop/airflow_study/airflow-etl-explore/.venv/lib/python3.8/site-packages/airflow/example_dags/example_complex.py
[2021-04-06 18:53:48,493] {scheduler_job.py:639} INFO - DAG(s) dict_keys(['example_complex']) retrieved from /Users/garonsmith/Desktop/airflow_study/airflow-etl-explore/.venv/lib/python3.8/site-packages/airflow/example_dags/example_complex.py
[2021-04-06 18:53:48,569] {logging_mixin.py:104} INFO - [2021-04-06 18:53:48,569] {dag.py:1818} INFO - Sync 1 DAGs
[2021-04-06 18:53:48,578] {logging_mixin.py:104} INFO - [2021-04-06 18:53:48,577] {dag.py:2273} INFO - Setting next_dagrun for example_complex to None
[2021-04-06 18:53:48,586] {scheduler_job.py:190} INFO - Processing /Users/garonsmith/Desktop/airflow_study/airflow-etl-explore/.venv/lib/python3.8/site-packages/airflow/example_dags/example_complex.py took 0.103 seconds
