[2021-04-06 18:36:14,974] {scheduler_job.py:182} INFO - Started process (PID=17380) to work on /Users/garonsmith/Desktop/airflow_study/airflow-etl-explore/.venv/lib/python3.8/site-packages/airflow/example_dags/example_skip_dag.py
[2021-04-06 18:36:14,974] {scheduler_job.py:629} INFO - Processing file /Users/garonsmith/Desktop/airflow_study/airflow-etl-explore/.venv/lib/python3.8/site-packages/airflow/example_dags/example_skip_dag.py for tasks to queue
[2021-04-06 18:36:14,974] {logging_mixin.py:104} INFO - [2021-04-06 18:36:14,974] {dagbag.py:448} INFO - Filling up the DagBag from /Users/garonsmith/Desktop/airflow_study/airflow-etl-explore/.venv/lib/python3.8/site-packages/airflow/example_dags/example_skip_dag.py
[2021-04-06 18:36:14,978] {scheduler_job.py:639} INFO - DAG(s) dict_keys(['example_skip_dag']) retrieved from /Users/garonsmith/Desktop/airflow_study/airflow-etl-explore/.venv/lib/python3.8/site-packages/airflow/example_dags/example_skip_dag.py
[2021-04-06 18:36:15,008] {logging_mixin.py:104} INFO - [2021-04-06 18:36:15,008] {dag.py:1818} INFO - Sync 1 DAGs
[2021-04-06 18:36:15,014] {logging_mixin.py:104} INFO - [2021-04-06 18:36:15,014] {dag.py:2273} INFO - Setting next_dagrun for example_skip_dag to 2021-04-04 00:00:00+00:00
[2021-04-06 18:36:15,018] {scheduler_job.py:190} INFO - Processing /Users/garonsmith/Desktop/airflow_study/airflow-etl-explore/.venv/lib/python3.8/site-packages/airflow/example_dags/example_skip_dag.py took 0.045 seconds
[2021-04-06 18:36:46,167] {scheduler_job.py:182} INFO - Started process (PID=17473) to work on /Users/garonsmith/Desktop/airflow_study/airflow-etl-explore/.venv/lib/python3.8/site-packages/airflow/example_dags/example_skip_dag.py
[2021-04-06 18:36:46,168] {scheduler_job.py:629} INFO - Processing file /Users/garonsmith/Desktop/airflow_study/airflow-etl-explore/.venv/lib/python3.8/site-packages/airflow/example_dags/example_skip_dag.py for tasks to queue
[2021-04-06 18:36:46,168] {logging_mixin.py:104} INFO - [2021-04-06 18:36:46,168] {dagbag.py:448} INFO - Filling up the DagBag from /Users/garonsmith/Desktop/airflow_study/airflow-etl-explore/.venv/lib/python3.8/site-packages/airflow/example_dags/example_skip_dag.py
[2021-04-06 18:36:46,172] {scheduler_job.py:639} INFO - DAG(s) dict_keys(['example_skip_dag']) retrieved from /Users/garonsmith/Desktop/airflow_study/airflow-etl-explore/.venv/lib/python3.8/site-packages/airflow/example_dags/example_skip_dag.py
[2021-04-06 18:36:46,202] {logging_mixin.py:104} INFO - [2021-04-06 18:36:46,202] {dag.py:1818} INFO - Sync 1 DAGs
[2021-04-06 18:36:46,208] {logging_mixin.py:104} INFO - [2021-04-06 18:36:46,208] {dag.py:2273} INFO - Setting next_dagrun for example_skip_dag to 2021-04-04 00:00:00+00:00
[2021-04-06 18:36:46,212] {scheduler_job.py:190} INFO - Processing /Users/garonsmith/Desktop/airflow_study/airflow-etl-explore/.venv/lib/python3.8/site-packages/airflow/example_dags/example_skip_dag.py took 0.045 seconds
[2021-04-06 18:37:17,358] {scheduler_job.py:182} INFO - Started process (PID=18370) to work on /Users/garonsmith/Desktop/airflow_study/airflow-etl-explore/.venv/lib/python3.8/site-packages/airflow/example_dags/example_skip_dag.py
[2021-04-06 18:37:17,359] {scheduler_job.py:629} INFO - Processing file /Users/garonsmith/Desktop/airflow_study/airflow-etl-explore/.venv/lib/python3.8/site-packages/airflow/example_dags/example_skip_dag.py for tasks to queue
[2021-04-06 18:37:17,359] {logging_mixin.py:104} INFO - [2021-04-06 18:37:17,359] {dagbag.py:448} INFO - Filling up the DagBag from /Users/garonsmith/Desktop/airflow_study/airflow-etl-explore/.venv/lib/python3.8/site-packages/airflow/example_dags/example_skip_dag.py
[2021-04-06 18:37:17,364] {scheduler_job.py:639} INFO - DAG(s) dict_keys(['example_skip_dag']) retrieved from /Users/garonsmith/Desktop/airflow_study/airflow-etl-explore/.venv/lib/python3.8/site-packages/airflow/example_dags/example_skip_dag.py
[2021-04-06 18:37:17,393] {logging_mixin.py:104} INFO - [2021-04-06 18:37:17,393] {dag.py:1818} INFO - Sync 1 DAGs
[2021-04-06 18:37:17,399] {logging_mixin.py:104} INFO - [2021-04-06 18:37:17,399] {dag.py:2273} INFO - Setting next_dagrun for example_skip_dag to 2021-04-04 00:00:00+00:00
[2021-04-06 18:37:17,403] {scheduler_job.py:190} INFO - Processing /Users/garonsmith/Desktop/airflow_study/airflow-etl-explore/.venv/lib/python3.8/site-packages/airflow/example_dags/example_skip_dag.py took 0.046 seconds
[2021-04-06 18:37:48,605] {scheduler_job.py:182} INFO - Started process (PID=18454) to work on /Users/garonsmith/Desktop/airflow_study/airflow-etl-explore/.venv/lib/python3.8/site-packages/airflow/example_dags/example_skip_dag.py
[2021-04-06 18:37:48,605] {scheduler_job.py:629} INFO - Processing file /Users/garonsmith/Desktop/airflow_study/airflow-etl-explore/.venv/lib/python3.8/site-packages/airflow/example_dags/example_skip_dag.py for tasks to queue
[2021-04-06 18:37:48,606] {logging_mixin.py:104} INFO - [2021-04-06 18:37:48,606] {dagbag.py:448} INFO - Filling up the DagBag from /Users/garonsmith/Desktop/airflow_study/airflow-etl-explore/.venv/lib/python3.8/site-packages/airflow/example_dags/example_skip_dag.py
[2021-04-06 18:37:48,610] {scheduler_job.py:639} INFO - DAG(s) dict_keys(['example_skip_dag']) retrieved from /Users/garonsmith/Desktop/airflow_study/airflow-etl-explore/.venv/lib/python3.8/site-packages/airflow/example_dags/example_skip_dag.py
[2021-04-06 18:37:48,643] {logging_mixin.py:104} INFO - [2021-04-06 18:37:48,643] {dag.py:1818} INFO - Sync 1 DAGs
[2021-04-06 18:37:48,650] {logging_mixin.py:104} INFO - [2021-04-06 18:37:48,650] {dag.py:2273} INFO - Setting next_dagrun for example_skip_dag to 2021-04-04 00:00:00+00:00
[2021-04-06 18:37:48,654] {scheduler_job.py:190} INFO - Processing /Users/garonsmith/Desktop/airflow_study/airflow-etl-explore/.venv/lib/python3.8/site-packages/airflow/example_dags/example_skip_dag.py took 0.050 seconds
[2021-04-06 18:38:19,683] {scheduler_job.py:182} INFO - Started process (PID=18542) to work on /Users/garonsmith/Desktop/airflow_study/airflow-etl-explore/.venv/lib/python3.8/site-packages/airflow/example_dags/example_skip_dag.py
[2021-04-06 18:38:19,684] {scheduler_job.py:629} INFO - Processing file /Users/garonsmith/Desktop/airflow_study/airflow-etl-explore/.venv/lib/python3.8/site-packages/airflow/example_dags/example_skip_dag.py for tasks to queue
[2021-04-06 18:38:19,684] {logging_mixin.py:104} INFO - [2021-04-06 18:38:19,684] {dagbag.py:448} INFO - Filling up the DagBag from /Users/garonsmith/Desktop/airflow_study/airflow-etl-explore/.venv/lib/python3.8/site-packages/airflow/example_dags/example_skip_dag.py
[2021-04-06 18:38:19,688] {scheduler_job.py:639} INFO - DAG(s) dict_keys(['example_skip_dag']) retrieved from /Users/garonsmith/Desktop/airflow_study/airflow-etl-explore/.venv/lib/python3.8/site-packages/airflow/example_dags/example_skip_dag.py
[2021-04-06 18:38:19,724] {logging_mixin.py:104} INFO - [2021-04-06 18:38:19,724] {dag.py:1818} INFO - Sync 1 DAGs
[2021-04-06 18:38:19,730] {logging_mixin.py:104} INFO - [2021-04-06 18:38:19,730] {dag.py:2273} INFO - Setting next_dagrun for example_skip_dag to 2021-04-04 00:00:00+00:00
[2021-04-06 18:38:19,734] {scheduler_job.py:190} INFO - Processing /Users/garonsmith/Desktop/airflow_study/airflow-etl-explore/.venv/lib/python3.8/site-packages/airflow/example_dags/example_skip_dag.py took 0.051 seconds
[2021-04-06 18:38:50,904] {scheduler_job.py:182} INFO - Started process (PID=18636) to work on /Users/garonsmith/Desktop/airflow_study/airflow-etl-explore/.venv/lib/python3.8/site-packages/airflow/example_dags/example_skip_dag.py
[2021-04-06 18:38:50,904] {scheduler_job.py:629} INFO - Processing file /Users/garonsmith/Desktop/airflow_study/airflow-etl-explore/.venv/lib/python3.8/site-packages/airflow/example_dags/example_skip_dag.py for tasks to queue
[2021-04-06 18:38:50,904] {logging_mixin.py:104} INFO - [2021-04-06 18:38:50,904] {dagbag.py:448} INFO - Filling up the DagBag from /Users/garonsmith/Desktop/airflow_study/airflow-etl-explore/.venv/lib/python3.8/site-packages/airflow/example_dags/example_skip_dag.py
[2021-04-06 18:38:50,908] {scheduler_job.py:639} INFO - DAG(s) dict_keys(['example_skip_dag']) retrieved from /Users/garonsmith/Desktop/airflow_study/airflow-etl-explore/.venv/lib/python3.8/site-packages/airflow/example_dags/example_skip_dag.py
[2021-04-06 18:38:50,938] {logging_mixin.py:104} INFO - [2021-04-06 18:38:50,938] {dag.py:1818} INFO - Sync 1 DAGs
[2021-04-06 18:38:50,944] {logging_mixin.py:104} INFO - [2021-04-06 18:38:50,944] {dag.py:2273} INFO - Setting next_dagrun for example_skip_dag to 2021-04-04 00:00:00+00:00
[2021-04-06 18:38:50,962] {scheduler_job.py:190} INFO - Processing /Users/garonsmith/Desktop/airflow_study/airflow-etl-explore/.venv/lib/python3.8/site-packages/airflow/example_dags/example_skip_dag.py took 0.058 seconds
[2021-04-06 18:39:21,978] {scheduler_job.py:182} INFO - Started process (PID=18729) to work on /Users/garonsmith/Desktop/airflow_study/airflow-etl-explore/.venv/lib/python3.8/site-packages/airflow/example_dags/example_skip_dag.py
[2021-04-06 18:39:21,979] {scheduler_job.py:629} INFO - Processing file /Users/garonsmith/Desktop/airflow_study/airflow-etl-explore/.venv/lib/python3.8/site-packages/airflow/example_dags/example_skip_dag.py for tasks to queue
[2021-04-06 18:39:21,979] {logging_mixin.py:104} INFO - [2021-04-06 18:39:21,979] {dagbag.py:448} INFO - Filling up the DagBag from /Users/garonsmith/Desktop/airflow_study/airflow-etl-explore/.venv/lib/python3.8/site-packages/airflow/example_dags/example_skip_dag.py
[2021-04-06 18:39:21,984] {scheduler_job.py:639} INFO - DAG(s) dict_keys(['example_skip_dag']) retrieved from /Users/garonsmith/Desktop/airflow_study/airflow-etl-explore/.venv/lib/python3.8/site-packages/airflow/example_dags/example_skip_dag.py
[2021-04-06 18:39:22,019] {logging_mixin.py:104} INFO - [2021-04-06 18:39:22,019] {dag.py:1818} INFO - Sync 1 DAGs
[2021-04-06 18:39:22,026] {logging_mixin.py:104} INFO - [2021-04-06 18:39:22,026] {dag.py:2273} INFO - Setting next_dagrun for example_skip_dag to 2021-04-04 00:00:00+00:00
[2021-04-06 18:39:22,031] {scheduler_job.py:190} INFO - Processing /Users/garonsmith/Desktop/airflow_study/airflow-etl-explore/.venv/lib/python3.8/site-packages/airflow/example_dags/example_skip_dag.py took 0.053 seconds
[2021-04-06 18:39:52,910] {scheduler_job.py:182} INFO - Started process (PID=18839) to work on /Users/garonsmith/Desktop/airflow_study/airflow-etl-explore/.venv/lib/python3.8/site-packages/airflow/example_dags/example_skip_dag.py
[2021-04-06 18:39:52,910] {scheduler_job.py:629} INFO - Processing file /Users/garonsmith/Desktop/airflow_study/airflow-etl-explore/.venv/lib/python3.8/site-packages/airflow/example_dags/example_skip_dag.py for tasks to queue
[2021-04-06 18:39:52,910] {logging_mixin.py:104} INFO - [2021-04-06 18:39:52,910] {dagbag.py:448} INFO - Filling up the DagBag from /Users/garonsmith/Desktop/airflow_study/airflow-etl-explore/.venv/lib/python3.8/site-packages/airflow/example_dags/example_skip_dag.py
[2021-04-06 18:39:52,915] {scheduler_job.py:639} INFO - DAG(s) dict_keys(['example_skip_dag']) retrieved from /Users/garonsmith/Desktop/airflow_study/airflow-etl-explore/.venv/lib/python3.8/site-packages/airflow/example_dags/example_skip_dag.py
[2021-04-06 18:39:52,949] {logging_mixin.py:104} INFO - [2021-04-06 18:39:52,948] {dag.py:1818} INFO - Sync 1 DAGs
[2021-04-06 18:39:52,970] {logging_mixin.py:104} INFO - [2021-04-06 18:39:52,970] {dag.py:2273} INFO - Setting next_dagrun for example_skip_dag to 2021-04-04 00:00:00+00:00
[2021-04-06 18:39:52,975] {scheduler_job.py:190} INFO - Processing /Users/garonsmith/Desktop/airflow_study/airflow-etl-explore/.venv/lib/python3.8/site-packages/airflow/example_dags/example_skip_dag.py took 0.066 seconds
[2021-04-06 18:40:24,571] {scheduler_job.py:182} INFO - Started process (PID=18948) to work on /Users/garonsmith/Desktop/airflow_study/airflow-etl-explore/.venv/lib/python3.8/site-packages/airflow/example_dags/example_skip_dag.py
[2021-04-06 18:40:24,571] {scheduler_job.py:629} INFO - Processing file /Users/garonsmith/Desktop/airflow_study/airflow-etl-explore/.venv/lib/python3.8/site-packages/airflow/example_dags/example_skip_dag.py for tasks to queue
[2021-04-06 18:40:24,571] {logging_mixin.py:104} INFO - [2021-04-06 18:40:24,571] {dagbag.py:448} INFO - Filling up the DagBag from /Users/garonsmith/Desktop/airflow_study/airflow-etl-explore/.venv/lib/python3.8/site-packages/airflow/example_dags/example_skip_dag.py
[2021-04-06 18:40:24,575] {scheduler_job.py:639} INFO - DAG(s) dict_keys(['example_skip_dag']) retrieved from /Users/garonsmith/Desktop/airflow_study/airflow-etl-explore/.venv/lib/python3.8/site-packages/airflow/example_dags/example_skip_dag.py
[2021-04-06 18:40:24,621] {logging_mixin.py:104} INFO - [2021-04-06 18:40:24,620] {dag.py:1818} INFO - Sync 1 DAGs
[2021-04-06 18:40:24,628] {logging_mixin.py:104} INFO - [2021-04-06 18:40:24,628] {dag.py:2273} INFO - Setting next_dagrun for example_skip_dag to 2021-04-04 00:00:00+00:00
[2021-04-06 18:40:24,633] {scheduler_job.py:190} INFO - Processing /Users/garonsmith/Desktop/airflow_study/airflow-etl-explore/.venv/lib/python3.8/site-packages/airflow/example_dags/example_skip_dag.py took 0.063 seconds
[2021-04-06 18:40:55,897] {scheduler_job.py:182} INFO - Started process (PID=19029) to work on /Users/garonsmith/Desktop/airflow_study/airflow-etl-explore/.venv/lib/python3.8/site-packages/airflow/example_dags/example_skip_dag.py
[2021-04-06 18:40:55,897] {scheduler_job.py:629} INFO - Processing file /Users/garonsmith/Desktop/airflow_study/airflow-etl-explore/.venv/lib/python3.8/site-packages/airflow/example_dags/example_skip_dag.py for tasks to queue
[2021-04-06 18:40:55,897] {logging_mixin.py:104} INFO - [2021-04-06 18:40:55,897] {dagbag.py:448} INFO - Filling up the DagBag from /Users/garonsmith/Desktop/airflow_study/airflow-etl-explore/.venv/lib/python3.8/site-packages/airflow/example_dags/example_skip_dag.py
[2021-04-06 18:40:55,902] {scheduler_job.py:639} INFO - DAG(s) dict_keys(['example_skip_dag']) retrieved from /Users/garonsmith/Desktop/airflow_study/airflow-etl-explore/.venv/lib/python3.8/site-packages/airflow/example_dags/example_skip_dag.py
[2021-04-06 18:40:55,949] {logging_mixin.py:104} INFO - [2021-04-06 18:40:55,949] {dag.py:1818} INFO - Sync 1 DAGs
[2021-04-06 18:40:55,957] {logging_mixin.py:104} INFO - [2021-04-06 18:40:55,957] {dag.py:2273} INFO - Setting next_dagrun for example_skip_dag to 2021-04-04 00:00:00+00:00
[2021-04-06 18:40:55,961] {scheduler_job.py:190} INFO - Processing /Users/garonsmith/Desktop/airflow_study/airflow-etl-explore/.venv/lib/python3.8/site-packages/airflow/example_dags/example_skip_dag.py took 0.066 seconds
[2021-04-06 18:41:27,202] {scheduler_job.py:182} INFO - Started process (PID=19119) to work on /Users/garonsmith/Desktop/airflow_study/airflow-etl-explore/.venv/lib/python3.8/site-packages/airflow/example_dags/example_skip_dag.py
[2021-04-06 18:41:27,202] {scheduler_job.py:629} INFO - Processing file /Users/garonsmith/Desktop/airflow_study/airflow-etl-explore/.venv/lib/python3.8/site-packages/airflow/example_dags/example_skip_dag.py for tasks to queue
[2021-04-06 18:41:27,202] {logging_mixin.py:104} INFO - [2021-04-06 18:41:27,202] {dagbag.py:448} INFO - Filling up the DagBag from /Users/garonsmith/Desktop/airflow_study/airflow-etl-explore/.venv/lib/python3.8/site-packages/airflow/example_dags/example_skip_dag.py
[2021-04-06 18:41:27,207] {scheduler_job.py:639} INFO - DAG(s) dict_keys(['example_skip_dag']) retrieved from /Users/garonsmith/Desktop/airflow_study/airflow-etl-explore/.venv/lib/python3.8/site-packages/airflow/example_dags/example_skip_dag.py
[2021-04-06 18:41:27,249] {logging_mixin.py:104} INFO - [2021-04-06 18:41:27,249] {dag.py:1818} INFO - Sync 1 DAGs
[2021-04-06 18:41:27,258] {logging_mixin.py:104} INFO - [2021-04-06 18:41:27,258] {dag.py:2273} INFO - Setting next_dagrun for example_skip_dag to 2021-04-04 00:00:00+00:00
[2021-04-06 18:41:27,263] {scheduler_job.py:190} INFO - Processing /Users/garonsmith/Desktop/airflow_study/airflow-etl-explore/.venv/lib/python3.8/site-packages/airflow/example_dags/example_skip_dag.py took 0.062 seconds
[2021-04-06 18:41:58,239] {scheduler_job.py:182} INFO - Started process (PID=19224) to work on /Users/garonsmith/Desktop/airflow_study/airflow-etl-explore/.venv/lib/python3.8/site-packages/airflow/example_dags/example_skip_dag.py
[2021-04-06 18:41:58,239] {scheduler_job.py:629} INFO - Processing file /Users/garonsmith/Desktop/airflow_study/airflow-etl-explore/.venv/lib/python3.8/site-packages/airflow/example_dags/example_skip_dag.py for tasks to queue
[2021-04-06 18:41:58,239] {logging_mixin.py:104} INFO - [2021-04-06 18:41:58,239] {dagbag.py:448} INFO - Filling up the DagBag from /Users/garonsmith/Desktop/airflow_study/airflow-etl-explore/.venv/lib/python3.8/site-packages/airflow/example_dags/example_skip_dag.py
[2021-04-06 18:41:58,243] {scheduler_job.py:639} INFO - DAG(s) dict_keys(['example_skip_dag']) retrieved from /Users/garonsmith/Desktop/airflow_study/airflow-etl-explore/.venv/lib/python3.8/site-packages/airflow/example_dags/example_skip_dag.py
[2021-04-06 18:41:58,281] {logging_mixin.py:104} INFO - [2021-04-06 18:41:58,281] {dag.py:1818} INFO - Sync 1 DAGs
[2021-04-06 18:41:58,304] {logging_mixin.py:104} INFO - [2021-04-06 18:41:58,304] {dag.py:2273} INFO - Setting next_dagrun for example_skip_dag to 2021-04-04 00:00:00+00:00
[2021-04-06 18:41:58,309] {scheduler_job.py:190} INFO - Processing /Users/garonsmith/Desktop/airflow_study/airflow-etl-explore/.venv/lib/python3.8/site-packages/airflow/example_dags/example_skip_dag.py took 0.070 seconds
[2021-04-06 18:42:29,007] {scheduler_job.py:182} INFO - Started process (PID=19312) to work on /Users/garonsmith/Desktop/airflow_study/airflow-etl-explore/.venv/lib/python3.8/site-packages/airflow/example_dags/example_skip_dag.py
[2021-04-06 18:42:29,008] {scheduler_job.py:629} INFO - Processing file /Users/garonsmith/Desktop/airflow_study/airflow-etl-explore/.venv/lib/python3.8/site-packages/airflow/example_dags/example_skip_dag.py for tasks to queue
[2021-04-06 18:42:29,008] {logging_mixin.py:104} INFO - [2021-04-06 18:42:29,008] {dagbag.py:448} INFO - Filling up the DagBag from /Users/garonsmith/Desktop/airflow_study/airflow-etl-explore/.venv/lib/python3.8/site-packages/airflow/example_dags/example_skip_dag.py
[2021-04-06 18:42:29,012] {scheduler_job.py:639} INFO - DAG(s) dict_keys(['example_skip_dag']) retrieved from /Users/garonsmith/Desktop/airflow_study/airflow-etl-explore/.venv/lib/python3.8/site-packages/airflow/example_dags/example_skip_dag.py
[2021-04-06 18:42:29,051] {logging_mixin.py:104} INFO - [2021-04-06 18:42:29,051] {dag.py:1818} INFO - Sync 1 DAGs
[2021-04-06 18:42:29,060] {logging_mixin.py:104} INFO - [2021-04-06 18:42:29,060] {dag.py:2273} INFO - Setting next_dagrun for example_skip_dag to 2021-04-04 00:00:00+00:00
[2021-04-06 18:42:29,065] {scheduler_job.py:190} INFO - Processing /Users/garonsmith/Desktop/airflow_study/airflow-etl-explore/.venv/lib/python3.8/site-packages/airflow/example_dags/example_skip_dag.py took 0.058 seconds
[2021-04-06 18:43:00,018] {scheduler_job.py:182} INFO - Started process (PID=19404) to work on /Users/garonsmith/Desktop/airflow_study/airflow-etl-explore/.venv/lib/python3.8/site-packages/airflow/example_dags/example_skip_dag.py
[2021-04-06 18:43:00,019] {scheduler_job.py:629} INFO - Processing file /Users/garonsmith/Desktop/airflow_study/airflow-etl-explore/.venv/lib/python3.8/site-packages/airflow/example_dags/example_skip_dag.py for tasks to queue
[2021-04-06 18:43:00,020] {logging_mixin.py:104} INFO - [2021-04-06 18:43:00,020] {dagbag.py:448} INFO - Filling up the DagBag from /Users/garonsmith/Desktop/airflow_study/airflow-etl-explore/.venv/lib/python3.8/site-packages/airflow/example_dags/example_skip_dag.py
[2021-04-06 18:43:00,025] {scheduler_job.py:639} INFO - DAG(s) dict_keys(['example_skip_dag']) retrieved from /Users/garonsmith/Desktop/airflow_study/airflow-etl-explore/.venv/lib/python3.8/site-packages/airflow/example_dags/example_skip_dag.py
[2021-04-06 18:43:00,074] {logging_mixin.py:104} INFO - [2021-04-06 18:43:00,074] {dag.py:1818} INFO - Sync 1 DAGs
[2021-04-06 18:43:00,082] {logging_mixin.py:104} INFO - [2021-04-06 18:43:00,082] {dag.py:2273} INFO - Setting next_dagrun for example_skip_dag to 2021-04-04 00:00:00+00:00
[2021-04-06 18:43:00,104] {scheduler_job.py:190} INFO - Processing /Users/garonsmith/Desktop/airflow_study/airflow-etl-explore/.venv/lib/python3.8/site-packages/airflow/example_dags/example_skip_dag.py took 0.087 seconds
[2021-04-06 18:43:31,116] {scheduler_job.py:182} INFO - Started process (PID=19513) to work on /Users/garonsmith/Desktop/airflow_study/airflow-etl-explore/.venv/lib/python3.8/site-packages/airflow/example_dags/example_skip_dag.py
[2021-04-06 18:43:31,117] {scheduler_job.py:629} INFO - Processing file /Users/garonsmith/Desktop/airflow_study/airflow-etl-explore/.venv/lib/python3.8/site-packages/airflow/example_dags/example_skip_dag.py for tasks to queue
[2021-04-06 18:43:31,117] {logging_mixin.py:104} INFO - [2021-04-06 18:43:31,117] {dagbag.py:448} INFO - Filling up the DagBag from /Users/garonsmith/Desktop/airflow_study/airflow-etl-explore/.venv/lib/python3.8/site-packages/airflow/example_dags/example_skip_dag.py
[2021-04-06 18:43:31,122] {scheduler_job.py:639} INFO - DAG(s) dict_keys(['example_skip_dag']) retrieved from /Users/garonsmith/Desktop/airflow_study/airflow-etl-explore/.venv/lib/python3.8/site-packages/airflow/example_dags/example_skip_dag.py
[2021-04-06 18:43:31,156] {logging_mixin.py:104} INFO - [2021-04-06 18:43:31,156] {dag.py:1818} INFO - Sync 1 DAGs
[2021-04-06 18:43:31,164] {logging_mixin.py:104} INFO - [2021-04-06 18:43:31,164] {dag.py:2273} INFO - Setting next_dagrun for example_skip_dag to 2021-04-04 00:00:00+00:00
[2021-04-06 18:43:31,168] {scheduler_job.py:190} INFO - Processing /Users/garonsmith/Desktop/airflow_study/airflow-etl-explore/.venv/lib/python3.8/site-packages/airflow/example_dags/example_skip_dag.py took 0.053 seconds
[2021-04-06 18:43:56,094] {scheduler_job.py:182} INFO - Started process (PID=19684) to work on /Users/garonsmith/Desktop/airflow_study/airflow-etl-explore/.venv/lib/python3.8/site-packages/airflow/example_dags/example_skip_dag.py
[2021-04-06 18:43:56,094] {scheduler_job.py:629} INFO - Processing file /Users/garonsmith/Desktop/airflow_study/airflow-etl-explore/.venv/lib/python3.8/site-packages/airflow/example_dags/example_skip_dag.py for tasks to queue
[2021-04-06 18:43:56,094] {logging_mixin.py:104} INFO - [2021-04-06 18:43:56,094] {dagbag.py:448} INFO - Filling up the DagBag from /Users/garonsmith/Desktop/airflow_study/airflow-etl-explore/.venv/lib/python3.8/site-packages/airflow/example_dags/example_skip_dag.py
[2021-04-06 18:43:56,098] {scheduler_job.py:639} INFO - DAG(s) dict_keys(['example_skip_dag']) retrieved from /Users/garonsmith/Desktop/airflow_study/airflow-etl-explore/.venv/lib/python3.8/site-packages/airflow/example_dags/example_skip_dag.py
[2021-04-06 18:43:56,132] {logging_mixin.py:104} INFO - [2021-04-06 18:43:56,132] {dag.py:1818} INFO - Sync 1 DAGs
[2021-04-06 18:43:56,156] {logging_mixin.py:104} INFO - [2021-04-06 18:43:56,156] {dag.py:2273} INFO - Setting next_dagrun for example_skip_dag to 2021-04-04 00:00:00+00:00
[2021-04-06 18:43:56,160] {scheduler_job.py:190} INFO - Processing /Users/garonsmith/Desktop/airflow_study/airflow-etl-explore/.venv/lib/python3.8/site-packages/airflow/example_dags/example_skip_dag.py took 0.067 seconds
[2021-04-06 18:44:27,336] {scheduler_job.py:182} INFO - Started process (PID=19774) to work on /Users/garonsmith/Desktop/airflow_study/airflow-etl-explore/.venv/lib/python3.8/site-packages/airflow/example_dags/example_skip_dag.py
[2021-04-06 18:44:27,337] {scheduler_job.py:629} INFO - Processing file /Users/garonsmith/Desktop/airflow_study/airflow-etl-explore/.venv/lib/python3.8/site-packages/airflow/example_dags/example_skip_dag.py for tasks to queue
[2021-04-06 18:44:27,337] {logging_mixin.py:104} INFO - [2021-04-06 18:44:27,337] {dagbag.py:448} INFO - Filling up the DagBag from /Users/garonsmith/Desktop/airflow_study/airflow-etl-explore/.venv/lib/python3.8/site-packages/airflow/example_dags/example_skip_dag.py
[2021-04-06 18:44:27,342] {scheduler_job.py:639} INFO - DAG(s) dict_keys(['example_skip_dag']) retrieved from /Users/garonsmith/Desktop/airflow_study/airflow-etl-explore/.venv/lib/python3.8/site-packages/airflow/example_dags/example_skip_dag.py
[2021-04-06 18:44:27,383] {logging_mixin.py:104} INFO - [2021-04-06 18:44:27,383] {dag.py:1818} INFO - Sync 1 DAGs
[2021-04-06 18:44:27,406] {logging_mixin.py:104} INFO - [2021-04-06 18:44:27,406] {dag.py:2273} INFO - Setting next_dagrun for example_skip_dag to 2021-04-04 00:00:00+00:00
[2021-04-06 18:44:27,410] {scheduler_job.py:190} INFO - Processing /Users/garonsmith/Desktop/airflow_study/airflow-etl-explore/.venv/lib/python3.8/site-packages/airflow/example_dags/example_skip_dag.py took 0.075 seconds
[2021-04-06 18:44:58,017] {scheduler_job.py:182} INFO - Started process (PID=19858) to work on /Users/garonsmith/Desktop/airflow_study/airflow-etl-explore/.venv/lib/python3.8/site-packages/airflow/example_dags/example_skip_dag.py
[2021-04-06 18:44:58,018] {scheduler_job.py:629} INFO - Processing file /Users/garonsmith/Desktop/airflow_study/airflow-etl-explore/.venv/lib/python3.8/site-packages/airflow/example_dags/example_skip_dag.py for tasks to queue
[2021-04-06 18:44:58,018] {logging_mixin.py:104} INFO - [2021-04-06 18:44:58,018] {dagbag.py:448} INFO - Filling up the DagBag from /Users/garonsmith/Desktop/airflow_study/airflow-etl-explore/.venv/lib/python3.8/site-packages/airflow/example_dags/example_skip_dag.py
[2021-04-06 18:44:58,022] {scheduler_job.py:639} INFO - DAG(s) dict_keys(['example_skip_dag']) retrieved from /Users/garonsmith/Desktop/airflow_study/airflow-etl-explore/.venv/lib/python3.8/site-packages/airflow/example_dags/example_skip_dag.py
[2021-04-06 18:44:58,057] {logging_mixin.py:104} INFO - [2021-04-06 18:44:58,057] {dag.py:1818} INFO - Sync 1 DAGs
[2021-04-06 18:44:58,067] {logging_mixin.py:104} INFO - [2021-04-06 18:44:58,066] {dag.py:2273} INFO - Setting next_dagrun for example_skip_dag to 2021-04-04 00:00:00+00:00
[2021-04-06 18:44:58,071] {scheduler_job.py:190} INFO - Processing /Users/garonsmith/Desktop/airflow_study/airflow-etl-explore/.venv/lib/python3.8/site-packages/airflow/example_dags/example_skip_dag.py took 0.054 seconds
[2021-04-06 18:45:29,227] {scheduler_job.py:182} INFO - Started process (PID=19948) to work on /Users/garonsmith/Desktop/airflow_study/airflow-etl-explore/.venv/lib/python3.8/site-packages/airflow/example_dags/example_skip_dag.py
[2021-04-06 18:45:29,228] {scheduler_job.py:629} INFO - Processing file /Users/garonsmith/Desktop/airflow_study/airflow-etl-explore/.venv/lib/python3.8/site-packages/airflow/example_dags/example_skip_dag.py for tasks to queue
[2021-04-06 18:45:29,228] {logging_mixin.py:104} INFO - [2021-04-06 18:45:29,228] {dagbag.py:448} INFO - Filling up the DagBag from /Users/garonsmith/Desktop/airflow_study/airflow-etl-explore/.venv/lib/python3.8/site-packages/airflow/example_dags/example_skip_dag.py
[2021-04-06 18:45:29,233] {scheduler_job.py:639} INFO - DAG(s) dict_keys(['example_skip_dag']) retrieved from /Users/garonsmith/Desktop/airflow_study/airflow-etl-explore/.venv/lib/python3.8/site-packages/airflow/example_dags/example_skip_dag.py
[2021-04-06 18:45:29,285] {logging_mixin.py:104} INFO - [2021-04-06 18:45:29,285] {dag.py:1818} INFO - Sync 1 DAGs
[2021-04-06 18:45:29,309] {logging_mixin.py:104} INFO - [2021-04-06 18:45:29,309] {dag.py:2273} INFO - Setting next_dagrun for example_skip_dag to 2021-04-04 00:00:00+00:00
[2021-04-06 18:45:29,314] {scheduler_job.py:190} INFO - Processing /Users/garonsmith/Desktop/airflow_study/airflow-etl-explore/.venv/lib/python3.8/site-packages/airflow/example_dags/example_skip_dag.py took 0.088 seconds
[2021-04-06 18:46:00,338] {scheduler_job.py:182} INFO - Started process (PID=20040) to work on /Users/garonsmith/Desktop/airflow_study/airflow-etl-explore/.venv/lib/python3.8/site-packages/airflow/example_dags/example_skip_dag.py
[2021-04-06 18:46:00,338] {scheduler_job.py:629} INFO - Processing file /Users/garonsmith/Desktop/airflow_study/airflow-etl-explore/.venv/lib/python3.8/site-packages/airflow/example_dags/example_skip_dag.py for tasks to queue
[2021-04-06 18:46:00,338] {logging_mixin.py:104} INFO - [2021-04-06 18:46:00,338] {dagbag.py:448} INFO - Filling up the DagBag from /Users/garonsmith/Desktop/airflow_study/airflow-etl-explore/.venv/lib/python3.8/site-packages/airflow/example_dags/example_skip_dag.py
[2021-04-06 18:46:00,342] {scheduler_job.py:639} INFO - DAG(s) dict_keys(['example_skip_dag']) retrieved from /Users/garonsmith/Desktop/airflow_study/airflow-etl-explore/.venv/lib/python3.8/site-packages/airflow/example_dags/example_skip_dag.py
[2021-04-06 18:46:00,383] {logging_mixin.py:104} INFO - [2021-04-06 18:46:00,383] {dag.py:1818} INFO - Sync 1 DAGs
[2021-04-06 18:46:00,407] {logging_mixin.py:104} INFO - [2021-04-06 18:46:00,407] {dag.py:2273} INFO - Setting next_dagrun for example_skip_dag to 2021-04-04 00:00:00+00:00
[2021-04-06 18:46:00,411] {scheduler_job.py:190} INFO - Processing /Users/garonsmith/Desktop/airflow_study/airflow-etl-explore/.venv/lib/python3.8/site-packages/airflow/example_dags/example_skip_dag.py took 0.074 seconds
[2021-04-06 18:46:31,470] {scheduler_job.py:182} INFO - Started process (PID=20134) to work on /Users/garonsmith/Desktop/airflow_study/airflow-etl-explore/.venv/lib/python3.8/site-packages/airflow/example_dags/example_skip_dag.py
[2021-04-06 18:46:31,470] {scheduler_job.py:629} INFO - Processing file /Users/garonsmith/Desktop/airflow_study/airflow-etl-explore/.venv/lib/python3.8/site-packages/airflow/example_dags/example_skip_dag.py for tasks to queue
[2021-04-06 18:46:31,470] {logging_mixin.py:104} INFO - [2021-04-06 18:46:31,470] {dagbag.py:448} INFO - Filling up the DagBag from /Users/garonsmith/Desktop/airflow_study/airflow-etl-explore/.venv/lib/python3.8/site-packages/airflow/example_dags/example_skip_dag.py
[2021-04-06 18:46:31,474] {scheduler_job.py:639} INFO - DAG(s) dict_keys(['example_skip_dag']) retrieved from /Users/garonsmith/Desktop/airflow_study/airflow-etl-explore/.venv/lib/python3.8/site-packages/airflow/example_dags/example_skip_dag.py
[2021-04-06 18:46:31,506] {logging_mixin.py:104} INFO - [2021-04-06 18:46:31,506] {dag.py:1818} INFO - Sync 1 DAGs
[2021-04-06 18:46:31,512] {logging_mixin.py:104} INFO - [2021-04-06 18:46:31,512] {dag.py:2273} INFO - Setting next_dagrun for example_skip_dag to 2021-04-04 00:00:00+00:00
[2021-04-06 18:46:31,517] {scheduler_job.py:190} INFO - Processing /Users/garonsmith/Desktop/airflow_study/airflow-etl-explore/.venv/lib/python3.8/site-packages/airflow/example_dags/example_skip_dag.py took 0.048 seconds
[2021-04-06 18:47:02,977] {scheduler_job.py:182} INFO - Started process (PID=20220) to work on /Users/garonsmith/Desktop/airflow_study/airflow-etl-explore/.venv/lib/python3.8/site-packages/airflow/example_dags/example_skip_dag.py
[2021-04-06 18:47:02,977] {scheduler_job.py:629} INFO - Processing file /Users/garonsmith/Desktop/airflow_study/airflow-etl-explore/.venv/lib/python3.8/site-packages/airflow/example_dags/example_skip_dag.py for tasks to queue
[2021-04-06 18:47:02,977] {logging_mixin.py:104} INFO - [2021-04-06 18:47:02,977] {dagbag.py:448} INFO - Filling up the DagBag from /Users/garonsmith/Desktop/airflow_study/airflow-etl-explore/.venv/lib/python3.8/site-packages/airflow/example_dags/example_skip_dag.py
[2021-04-06 18:47:02,981] {scheduler_job.py:639} INFO - DAG(s) dict_keys(['example_skip_dag']) retrieved from /Users/garonsmith/Desktop/airflow_study/airflow-etl-explore/.venv/lib/python3.8/site-packages/airflow/example_dags/example_skip_dag.py
[2021-04-06 18:47:03,029] {logging_mixin.py:104} INFO - [2021-04-06 18:47:03,029] {dag.py:1818} INFO - Sync 1 DAGs
[2021-04-06 18:47:03,037] {logging_mixin.py:104} INFO - [2021-04-06 18:47:03,037] {dag.py:2273} INFO - Setting next_dagrun for example_skip_dag to 2021-04-04 00:00:00+00:00
[2021-04-06 18:47:03,057] {scheduler_job.py:190} INFO - Processing /Users/garonsmith/Desktop/airflow_study/airflow-etl-explore/.venv/lib/python3.8/site-packages/airflow/example_dags/example_skip_dag.py took 0.081 seconds
[2021-04-06 18:47:33,860] {scheduler_job.py:182} INFO - Started process (PID=20306) to work on /Users/garonsmith/Desktop/airflow_study/airflow-etl-explore/.venv/lib/python3.8/site-packages/airflow/example_dags/example_skip_dag.py
[2021-04-06 18:47:33,860] {scheduler_job.py:629} INFO - Processing file /Users/garonsmith/Desktop/airflow_study/airflow-etl-explore/.venv/lib/python3.8/site-packages/airflow/example_dags/example_skip_dag.py for tasks to queue
[2021-04-06 18:47:33,861] {logging_mixin.py:104} INFO - [2021-04-06 18:47:33,861] {dagbag.py:448} INFO - Filling up the DagBag from /Users/garonsmith/Desktop/airflow_study/airflow-etl-explore/.venv/lib/python3.8/site-packages/airflow/example_dags/example_skip_dag.py
[2021-04-06 18:47:33,865] {scheduler_job.py:639} INFO - DAG(s) dict_keys(['example_skip_dag']) retrieved from /Users/garonsmith/Desktop/airflow_study/airflow-etl-explore/.venv/lib/python3.8/site-packages/airflow/example_dags/example_skip_dag.py
[2021-04-06 18:47:33,907] {logging_mixin.py:104} INFO - [2021-04-06 18:47:33,907] {dag.py:1818} INFO - Sync 1 DAGs
[2021-04-06 18:47:33,915] {logging_mixin.py:104} INFO - [2021-04-06 18:47:33,915] {dag.py:2273} INFO - Setting next_dagrun for example_skip_dag to 2021-04-04 00:00:00+00:00
[2021-04-06 18:47:33,919] {scheduler_job.py:190} INFO - Processing /Users/garonsmith/Desktop/airflow_study/airflow-etl-explore/.venv/lib/python3.8/site-packages/airflow/example_dags/example_skip_dag.py took 0.060 seconds
[2021-04-06 18:48:04,634] {scheduler_job.py:182} INFO - Started process (PID=20392) to work on /Users/garonsmith/Desktop/airflow_study/airflow-etl-explore/.venv/lib/python3.8/site-packages/airflow/example_dags/example_skip_dag.py
[2021-04-06 18:48:04,634] {scheduler_job.py:629} INFO - Processing file /Users/garonsmith/Desktop/airflow_study/airflow-etl-explore/.venv/lib/python3.8/site-packages/airflow/example_dags/example_skip_dag.py for tasks to queue
[2021-04-06 18:48:04,635] {logging_mixin.py:104} INFO - [2021-04-06 18:48:04,634] {dagbag.py:448} INFO - Filling up the DagBag from /Users/garonsmith/Desktop/airflow_study/airflow-etl-explore/.venv/lib/python3.8/site-packages/airflow/example_dags/example_skip_dag.py
[2021-04-06 18:48:04,639] {scheduler_job.py:639} INFO - DAG(s) dict_keys(['example_skip_dag']) retrieved from /Users/garonsmith/Desktop/airflow_study/airflow-etl-explore/.venv/lib/python3.8/site-packages/airflow/example_dags/example_skip_dag.py
[2021-04-06 18:48:04,687] {logging_mixin.py:104} INFO - [2021-04-06 18:48:04,686] {dag.py:1818} INFO - Sync 1 DAGs
[2021-04-06 18:48:04,710] {logging_mixin.py:104} INFO - [2021-04-06 18:48:04,710] {dag.py:2273} INFO - Setting next_dagrun for example_skip_dag to 2021-04-04 00:00:00+00:00
[2021-04-06 18:48:04,714] {scheduler_job.py:190} INFO - Processing /Users/garonsmith/Desktop/airflow_study/airflow-etl-explore/.venv/lib/python3.8/site-packages/airflow/example_dags/example_skip_dag.py took 0.081 seconds
[2021-04-06 18:48:36,640] {scheduler_job.py:182} INFO - Started process (PID=20479) to work on /Users/garonsmith/Desktop/airflow_study/airflow-etl-explore/.venv/lib/python3.8/site-packages/airflow/example_dags/example_skip_dag.py
[2021-04-06 18:48:36,641] {scheduler_job.py:629} INFO - Processing file /Users/garonsmith/Desktop/airflow_study/airflow-etl-explore/.venv/lib/python3.8/site-packages/airflow/example_dags/example_skip_dag.py for tasks to queue
[2021-04-06 18:48:36,641] {logging_mixin.py:104} INFO - [2021-04-06 18:48:36,641] {dagbag.py:448} INFO - Filling up the DagBag from /Users/garonsmith/Desktop/airflow_study/airflow-etl-explore/.venv/lib/python3.8/site-packages/airflow/example_dags/example_skip_dag.py
[2021-04-06 18:48:36,645] {scheduler_job.py:639} INFO - DAG(s) dict_keys(['example_skip_dag']) retrieved from /Users/garonsmith/Desktop/airflow_study/airflow-etl-explore/.venv/lib/python3.8/site-packages/airflow/example_dags/example_skip_dag.py
[2021-04-06 18:48:36,685] {logging_mixin.py:104} INFO - [2021-04-06 18:48:36,685] {dag.py:1818} INFO - Sync 1 DAGs
[2021-04-06 18:48:36,691] {logging_mixin.py:104} INFO - [2021-04-06 18:48:36,691] {dag.py:2273} INFO - Setting next_dagrun for example_skip_dag to 2021-04-04 00:00:00+00:00
[2021-04-06 18:48:36,712] {scheduler_job.py:190} INFO - Processing /Users/garonsmith/Desktop/airflow_study/airflow-etl-explore/.venv/lib/python3.8/site-packages/airflow/example_dags/example_skip_dag.py took 0.072 seconds
[2021-04-06 18:49:07,884] {scheduler_job.py:182} INFO - Started process (PID=20608) to work on /Users/garonsmith/Desktop/airflow_study/airflow-etl-explore/.venv/lib/python3.8/site-packages/airflow/example_dags/example_skip_dag.py
[2021-04-06 18:49:07,884] {scheduler_job.py:629} INFO - Processing file /Users/garonsmith/Desktop/airflow_study/airflow-etl-explore/.venv/lib/python3.8/site-packages/airflow/example_dags/example_skip_dag.py for tasks to queue
[2021-04-06 18:49:07,884] {logging_mixin.py:104} INFO - [2021-04-06 18:49:07,884] {dagbag.py:448} INFO - Filling up the DagBag from /Users/garonsmith/Desktop/airflow_study/airflow-etl-explore/.venv/lib/python3.8/site-packages/airflow/example_dags/example_skip_dag.py
[2021-04-06 18:49:07,888] {scheduler_job.py:639} INFO - DAG(s) dict_keys(['example_skip_dag']) retrieved from /Users/garonsmith/Desktop/airflow_study/airflow-etl-explore/.venv/lib/python3.8/site-packages/airflow/example_dags/example_skip_dag.py
[2021-04-06 18:49:07,940] {logging_mixin.py:104} INFO - [2021-04-06 18:49:07,940] {dag.py:1818} INFO - Sync 1 DAGs
[2021-04-06 18:49:07,964] {logging_mixin.py:104} INFO - [2021-04-06 18:49:07,964] {dag.py:2273} INFO - Setting next_dagrun for example_skip_dag to 2021-04-04 00:00:00+00:00
[2021-04-06 18:49:07,970] {scheduler_job.py:190} INFO - Processing /Users/garonsmith/Desktop/airflow_study/airflow-etl-explore/.venv/lib/python3.8/site-packages/airflow/example_dags/example_skip_dag.py took 0.087 seconds
[2021-04-06 18:49:13,020] {scheduler_job.py:182} INFO - Started process (PID=20661) to work on /Users/garonsmith/Desktop/airflow_study/airflow-etl-explore/.venv/lib/python3.8/site-packages/airflow/example_dags/example_skip_dag.py
[2021-04-06 18:49:13,020] {scheduler_job.py:629} INFO - Processing file /Users/garonsmith/Desktop/airflow_study/airflow-etl-explore/.venv/lib/python3.8/site-packages/airflow/example_dags/example_skip_dag.py for tasks to queue
[2021-04-06 18:49:13,021] {logging_mixin.py:104} INFO - [2021-04-06 18:49:13,021] {dagbag.py:448} INFO - Filling up the DagBag from /Users/garonsmith/Desktop/airflow_study/airflow-etl-explore/.venv/lib/python3.8/site-packages/airflow/example_dags/example_skip_dag.py
[2021-04-06 18:49:13,026] {scheduler_job.py:639} INFO - DAG(s) dict_keys(['example_skip_dag']) retrieved from /Users/garonsmith/Desktop/airflow_study/airflow-etl-explore/.venv/lib/python3.8/site-packages/airflow/example_dags/example_skip_dag.py
[2021-04-06 18:49:13,063] {logging_mixin.py:104} INFO - [2021-04-06 18:49:13,063] {dag.py:1818} INFO - Sync 1 DAGs
[2021-04-06 18:49:13,070] {logging_mixin.py:104} INFO - [2021-04-06 18:49:13,070] {dag.py:2273} INFO - Setting next_dagrun for example_skip_dag to 2021-04-04 00:00:00+00:00
[2021-04-06 18:49:13,075] {scheduler_job.py:190} INFO - Processing /Users/garonsmith/Desktop/airflow_study/airflow-etl-explore/.venv/lib/python3.8/site-packages/airflow/example_dags/example_skip_dag.py took 0.056 seconds
[2021-04-06 18:49:38,653] {scheduler_job.py:182} INFO - Started process (PID=20767) to work on /Users/garonsmith/Desktop/airflow_study/airflow-etl-explore/.venv/lib/python3.8/site-packages/airflow/example_dags/example_skip_dag.py
[2021-04-06 18:49:38,654] {scheduler_job.py:629} INFO - Processing file /Users/garonsmith/Desktop/airflow_study/airflow-etl-explore/.venv/lib/python3.8/site-packages/airflow/example_dags/example_skip_dag.py for tasks to queue
[2021-04-06 18:49:38,655] {logging_mixin.py:104} INFO - [2021-04-06 18:49:38,655] {dagbag.py:448} INFO - Filling up the DagBag from /Users/garonsmith/Desktop/airflow_study/airflow-etl-explore/.venv/lib/python3.8/site-packages/airflow/example_dags/example_skip_dag.py
[2021-04-06 18:49:38,660] {scheduler_job.py:639} INFO - DAG(s) dict_keys(['example_skip_dag']) retrieved from /Users/garonsmith/Desktop/airflow_study/airflow-etl-explore/.venv/lib/python3.8/site-packages/airflow/example_dags/example_skip_dag.py
[2021-04-06 18:49:38,710] {logging_mixin.py:104} INFO - [2021-04-06 18:49:38,710] {dag.py:1818} INFO - Sync 1 DAGs
[2021-04-06 18:49:38,718] {logging_mixin.py:104} INFO - [2021-04-06 18:49:38,718] {dag.py:2273} INFO - Setting next_dagrun for example_skip_dag to 2021-04-04 00:00:00+00:00
[2021-04-06 18:49:38,723] {scheduler_job.py:190} INFO - Processing /Users/garonsmith/Desktop/airflow_study/airflow-etl-explore/.venv/lib/python3.8/site-packages/airflow/example_dags/example_skip_dag.py took 0.071 seconds
[2021-04-06 18:49:44,527] {scheduler_job.py:182} INFO - Started process (PID=20832) to work on /Users/garonsmith/Desktop/airflow_study/airflow-etl-explore/.venv/lib/python3.8/site-packages/airflow/example_dags/example_skip_dag.py
[2021-04-06 18:49:44,527] {scheduler_job.py:629} INFO - Processing file /Users/garonsmith/Desktop/airflow_study/airflow-etl-explore/.venv/lib/python3.8/site-packages/airflow/example_dags/example_skip_dag.py for tasks to queue
[2021-04-06 18:49:44,528] {logging_mixin.py:104} INFO - [2021-04-06 18:49:44,528] {dagbag.py:448} INFO - Filling up the DagBag from /Users/garonsmith/Desktop/airflow_study/airflow-etl-explore/.venv/lib/python3.8/site-packages/airflow/example_dags/example_skip_dag.py
[2021-04-06 18:49:44,532] {scheduler_job.py:639} INFO - DAG(s) dict_keys(['example_skip_dag']) retrieved from /Users/garonsmith/Desktop/airflow_study/airflow-etl-explore/.venv/lib/python3.8/site-packages/airflow/example_dags/example_skip_dag.py
[2021-04-06 18:49:44,586] {logging_mixin.py:104} INFO - [2021-04-06 18:49:44,586] {dag.py:1818} INFO - Sync 1 DAGs
[2021-04-06 18:49:44,593] {logging_mixin.py:104} INFO - [2021-04-06 18:49:44,593] {dag.py:2273} INFO - Setting next_dagrun for example_skip_dag to 2021-04-04 00:00:00+00:00
[2021-04-06 18:49:44,614] {scheduler_job.py:190} INFO - Processing /Users/garonsmith/Desktop/airflow_study/airflow-etl-explore/.venv/lib/python3.8/site-packages/airflow/example_dags/example_skip_dag.py took 0.088 seconds
[2021-04-06 18:50:09,701] {scheduler_job.py:182} INFO - Started process (PID=20940) to work on /Users/garonsmith/Desktop/airflow_study/airflow-etl-explore/.venv/lib/python3.8/site-packages/airflow/example_dags/example_skip_dag.py
[2021-04-06 18:50:09,701] {scheduler_job.py:629} INFO - Processing file /Users/garonsmith/Desktop/airflow_study/airflow-etl-explore/.venv/lib/python3.8/site-packages/airflow/example_dags/example_skip_dag.py for tasks to queue
[2021-04-06 18:50:09,702] {logging_mixin.py:104} INFO - [2021-04-06 18:50:09,701] {dagbag.py:448} INFO - Filling up the DagBag from /Users/garonsmith/Desktop/airflow_study/airflow-etl-explore/.venv/lib/python3.8/site-packages/airflow/example_dags/example_skip_dag.py
[2021-04-06 18:50:09,707] {scheduler_job.py:639} INFO - DAG(s) dict_keys(['example_skip_dag']) retrieved from /Users/garonsmith/Desktop/airflow_study/airflow-etl-explore/.venv/lib/python3.8/site-packages/airflow/example_dags/example_skip_dag.py
[2021-04-06 18:50:09,761] {logging_mixin.py:104} INFO - [2021-04-06 18:50:09,761] {dag.py:1818} INFO - Sync 1 DAGs
[2021-04-06 18:50:09,771] {logging_mixin.py:104} INFO - [2021-04-06 18:50:09,770] {dag.py:2273} INFO - Setting next_dagrun for example_skip_dag to 2021-04-04 00:00:00+00:00
[2021-04-06 18:50:09,776] {scheduler_job.py:190} INFO - Processing /Users/garonsmith/Desktop/airflow_study/airflow-etl-explore/.venv/lib/python3.8/site-packages/airflow/example_dags/example_skip_dag.py took 0.076 seconds
[2021-04-06 18:50:15,594] {scheduler_job.py:182} INFO - Started process (PID=21003) to work on /Users/garonsmith/Desktop/airflow_study/airflow-etl-explore/.venv/lib/python3.8/site-packages/airflow/example_dags/example_skip_dag.py
[2021-04-06 18:50:15,594] {scheduler_job.py:629} INFO - Processing file /Users/garonsmith/Desktop/airflow_study/airflow-etl-explore/.venv/lib/python3.8/site-packages/airflow/example_dags/example_skip_dag.py for tasks to queue
[2021-04-06 18:50:15,595] {logging_mixin.py:104} INFO - [2021-04-06 18:50:15,595] {dagbag.py:448} INFO - Filling up the DagBag from /Users/garonsmith/Desktop/airflow_study/airflow-etl-explore/.venv/lib/python3.8/site-packages/airflow/example_dags/example_skip_dag.py
[2021-04-06 18:50:15,598] {scheduler_job.py:639} INFO - DAG(s) dict_keys(['example_skip_dag']) retrieved from /Users/garonsmith/Desktop/airflow_study/airflow-etl-explore/.venv/lib/python3.8/site-packages/airflow/example_dags/example_skip_dag.py
[2021-04-06 18:50:15,662] {logging_mixin.py:104} INFO - [2021-04-06 18:50:15,662] {dag.py:1818} INFO - Sync 1 DAGs
[2021-04-06 18:50:15,673] {logging_mixin.py:104} INFO - [2021-04-06 18:50:15,673] {dag.py:2273} INFO - Setting next_dagrun for example_skip_dag to 2021-04-04 00:00:00+00:00
[2021-04-06 18:50:15,680] {scheduler_job.py:190} INFO - Processing /Users/garonsmith/Desktop/airflow_study/airflow-etl-explore/.venv/lib/python3.8/site-packages/airflow/example_dags/example_skip_dag.py took 0.087 seconds
[2021-04-06 18:50:40,533] {scheduler_job.py:182} INFO - Started process (PID=21100) to work on /Users/garonsmith/Desktop/airflow_study/airflow-etl-explore/.venv/lib/python3.8/site-packages/airflow/example_dags/example_skip_dag.py
[2021-04-06 18:50:40,534] {scheduler_job.py:629} INFO - Processing file /Users/garonsmith/Desktop/airflow_study/airflow-etl-explore/.venv/lib/python3.8/site-packages/airflow/example_dags/example_skip_dag.py for tasks to queue
[2021-04-06 18:50:40,534] {logging_mixin.py:104} INFO - [2021-04-06 18:50:40,534] {dagbag.py:448} INFO - Filling up the DagBag from /Users/garonsmith/Desktop/airflow_study/airflow-etl-explore/.venv/lib/python3.8/site-packages/airflow/example_dags/example_skip_dag.py
[2021-04-06 18:50:40,538] {scheduler_job.py:639} INFO - DAG(s) dict_keys(['example_skip_dag']) retrieved from /Users/garonsmith/Desktop/airflow_study/airflow-etl-explore/.venv/lib/python3.8/site-packages/airflow/example_dags/example_skip_dag.py
[2021-04-06 18:50:40,593] {logging_mixin.py:104} INFO - [2021-04-06 18:50:40,593] {dag.py:1818} INFO - Sync 1 DAGs
[2021-04-06 18:50:40,616] {logging_mixin.py:104} INFO - [2021-04-06 18:50:40,616] {dag.py:2273} INFO - Setting next_dagrun for example_skip_dag to 2021-04-04 00:00:00+00:00
[2021-04-06 18:50:40,620] {scheduler_job.py:190} INFO - Processing /Users/garonsmith/Desktop/airflow_study/airflow-etl-explore/.venv/lib/python3.8/site-packages/airflow/example_dags/example_skip_dag.py took 0.088 seconds
[2021-04-06 18:50:47,177] {scheduler_job.py:182} INFO - Started process (PID=21169) to work on /Users/garonsmith/Desktop/airflow_study/airflow-etl-explore/.venv/lib/python3.8/site-packages/airflow/example_dags/example_skip_dag.py
[2021-04-06 18:50:47,177] {scheduler_job.py:629} INFO - Processing file /Users/garonsmith/Desktop/airflow_study/airflow-etl-explore/.venv/lib/python3.8/site-packages/airflow/example_dags/example_skip_dag.py for tasks to queue
[2021-04-06 18:50:47,177] {logging_mixin.py:104} INFO - [2021-04-06 18:50:47,177] {dagbag.py:448} INFO - Filling up the DagBag from /Users/garonsmith/Desktop/airflow_study/airflow-etl-explore/.venv/lib/python3.8/site-packages/airflow/example_dags/example_skip_dag.py
[2021-04-06 18:50:47,181] {scheduler_job.py:639} INFO - DAG(s) dict_keys(['example_skip_dag']) retrieved from /Users/garonsmith/Desktop/airflow_study/airflow-etl-explore/.venv/lib/python3.8/site-packages/airflow/example_dags/example_skip_dag.py
[2021-04-06 18:50:47,212] {logging_mixin.py:104} INFO - [2021-04-06 18:50:47,212] {dag.py:1818} INFO - Sync 1 DAGs
[2021-04-06 18:50:47,220] {logging_mixin.py:104} INFO - [2021-04-06 18:50:47,220] {dag.py:2273} INFO - Setting next_dagrun for example_skip_dag to 2021-04-04 00:00:00+00:00
[2021-04-06 18:50:47,225] {scheduler_job.py:190} INFO - Processing /Users/garonsmith/Desktop/airflow_study/airflow-etl-explore/.venv/lib/python3.8/site-packages/airflow/example_dags/example_skip_dag.py took 0.049 seconds
[2021-04-06 18:51:11,455] {scheduler_job.py:182} INFO - Started process (PID=21268) to work on /Users/garonsmith/Desktop/airflow_study/airflow-etl-explore/.venv/lib/python3.8/site-packages/airflow/example_dags/example_skip_dag.py
[2021-04-06 18:51:11,455] {scheduler_job.py:629} INFO - Processing file /Users/garonsmith/Desktop/airflow_study/airflow-etl-explore/.venv/lib/python3.8/site-packages/airflow/example_dags/example_skip_dag.py for tasks to queue
[2021-04-06 18:51:11,456] {logging_mixin.py:104} INFO - [2021-04-06 18:51:11,456] {dagbag.py:448} INFO - Filling up the DagBag from /Users/garonsmith/Desktop/airflow_study/airflow-etl-explore/.venv/lib/python3.8/site-packages/airflow/example_dags/example_skip_dag.py
[2021-04-06 18:51:11,459] {scheduler_job.py:639} INFO - DAG(s) dict_keys(['example_skip_dag']) retrieved from /Users/garonsmith/Desktop/airflow_study/airflow-etl-explore/.venv/lib/python3.8/site-packages/airflow/example_dags/example_skip_dag.py
[2021-04-06 18:51:11,495] {logging_mixin.py:104} INFO - [2021-04-06 18:51:11,494] {dag.py:1818} INFO - Sync 1 DAGs
[2021-04-06 18:51:11,516] {logging_mixin.py:104} INFO - [2021-04-06 18:51:11,516] {dag.py:2273} INFO - Setting next_dagrun for example_skip_dag to 2021-04-04 00:00:00+00:00
[2021-04-06 18:51:11,521] {scheduler_job.py:190} INFO - Processing /Users/garonsmith/Desktop/airflow_study/airflow-etl-explore/.venv/lib/python3.8/site-packages/airflow/example_dags/example_skip_dag.py took 0.066 seconds
[2021-04-06 18:51:18,932] {scheduler_job.py:182} INFO - Started process (PID=21336) to work on /Users/garonsmith/Desktop/airflow_study/airflow-etl-explore/.venv/lib/python3.8/site-packages/airflow/example_dags/example_skip_dag.py
[2021-04-06 18:51:18,933] {scheduler_job.py:629} INFO - Processing file /Users/garonsmith/Desktop/airflow_study/airflow-etl-explore/.venv/lib/python3.8/site-packages/airflow/example_dags/example_skip_dag.py for tasks to queue
[2021-04-06 18:51:18,933] {logging_mixin.py:104} INFO - [2021-04-06 18:51:18,933] {dagbag.py:448} INFO - Filling up the DagBag from /Users/garonsmith/Desktop/airflow_study/airflow-etl-explore/.venv/lib/python3.8/site-packages/airflow/example_dags/example_skip_dag.py
[2021-04-06 18:51:18,937] {scheduler_job.py:639} INFO - DAG(s) dict_keys(['example_skip_dag']) retrieved from /Users/garonsmith/Desktop/airflow_study/airflow-etl-explore/.venv/lib/python3.8/site-packages/airflow/example_dags/example_skip_dag.py
[2021-04-06 18:51:18,990] {logging_mixin.py:104} INFO - [2021-04-06 18:51:18,990] {dag.py:1818} INFO - Sync 1 DAGs
[2021-04-06 18:51:19,015] {logging_mixin.py:104} INFO - [2021-04-06 18:51:19,015] {dag.py:2273} INFO - Setting next_dagrun for example_skip_dag to 2021-04-04 00:00:00+00:00
[2021-04-06 18:51:19,021] {scheduler_job.py:190} INFO - Processing /Users/garonsmith/Desktop/airflow_study/airflow-etl-explore/.venv/lib/python3.8/site-packages/airflow/example_dags/example_skip_dag.py took 0.089 seconds
[2021-04-06 18:51:42,600] {scheduler_job.py:182} INFO - Started process (PID=21433) to work on /Users/garonsmith/Desktop/airflow_study/airflow-etl-explore/.venv/lib/python3.8/site-packages/airflow/example_dags/example_skip_dag.py
[2021-04-06 18:51:42,601] {scheduler_job.py:629} INFO - Processing file /Users/garonsmith/Desktop/airflow_study/airflow-etl-explore/.venv/lib/python3.8/site-packages/airflow/example_dags/example_skip_dag.py for tasks to queue
[2021-04-06 18:51:42,601] {logging_mixin.py:104} INFO - [2021-04-06 18:51:42,601] {dagbag.py:448} INFO - Filling up the DagBag from /Users/garonsmith/Desktop/airflow_study/airflow-etl-explore/.venv/lib/python3.8/site-packages/airflow/example_dags/example_skip_dag.py
[2021-04-06 18:51:42,605] {scheduler_job.py:639} INFO - DAG(s) dict_keys(['example_skip_dag']) retrieved from /Users/garonsmith/Desktop/airflow_study/airflow-etl-explore/.venv/lib/python3.8/site-packages/airflow/example_dags/example_skip_dag.py
[2021-04-06 18:51:42,639] {logging_mixin.py:104} INFO - [2021-04-06 18:51:42,639] {dag.py:1818} INFO - Sync 1 DAGs
[2021-04-06 18:51:42,645] {logging_mixin.py:104} INFO - [2021-04-06 18:51:42,645] {dag.py:2273} INFO - Setting next_dagrun for example_skip_dag to 2021-04-04 00:00:00+00:00
[2021-04-06 18:51:42,667] {scheduler_job.py:190} INFO - Processing /Users/garonsmith/Desktop/airflow_study/airflow-etl-explore/.venv/lib/python3.8/site-packages/airflow/example_dags/example_skip_dag.py took 0.067 seconds
[2021-04-06 18:51:50,413] {scheduler_job.py:182} INFO - Started process (PID=21505) to work on /Users/garonsmith/Desktop/airflow_study/airflow-etl-explore/.venv/lib/python3.8/site-packages/airflow/example_dags/example_skip_dag.py
[2021-04-06 18:51:50,414] {scheduler_job.py:629} INFO - Processing file /Users/garonsmith/Desktop/airflow_study/airflow-etl-explore/.venv/lib/python3.8/site-packages/airflow/example_dags/example_skip_dag.py for tasks to queue
[2021-04-06 18:51:50,414] {logging_mixin.py:104} INFO - [2021-04-06 18:51:50,414] {dagbag.py:448} INFO - Filling up the DagBag from /Users/garonsmith/Desktop/airflow_study/airflow-etl-explore/.venv/lib/python3.8/site-packages/airflow/example_dags/example_skip_dag.py
[2021-04-06 18:51:50,418] {scheduler_job.py:639} INFO - DAG(s) dict_keys(['example_skip_dag']) retrieved from /Users/garonsmith/Desktop/airflow_study/airflow-etl-explore/.venv/lib/python3.8/site-packages/airflow/example_dags/example_skip_dag.py
[2021-04-06 18:51:50,446] {logging_mixin.py:104} INFO - [2021-04-06 18:51:50,446] {dag.py:1818} INFO - Sync 1 DAGs
[2021-04-06 18:51:50,470] {logging_mixin.py:104} INFO - [2021-04-06 18:51:50,470] {dag.py:2273} INFO - Setting next_dagrun for example_skip_dag to 2021-04-04 00:00:00+00:00
[2021-04-06 18:51:50,477] {scheduler_job.py:190} INFO - Processing /Users/garonsmith/Desktop/airflow_study/airflow-etl-explore/.venv/lib/python3.8/site-packages/airflow/example_dags/example_skip_dag.py took 0.064 seconds
[2021-04-06 18:52:13,790] {scheduler_job.py:182} INFO - Started process (PID=21582) to work on /Users/garonsmith/Desktop/airflow_study/airflow-etl-explore/.venv/lib/python3.8/site-packages/airflow/example_dags/example_skip_dag.py
[2021-04-06 18:52:13,790] {scheduler_job.py:629} INFO - Processing file /Users/garonsmith/Desktop/airflow_study/airflow-etl-explore/.venv/lib/python3.8/site-packages/airflow/example_dags/example_skip_dag.py for tasks to queue
[2021-04-06 18:52:13,790] {logging_mixin.py:104} INFO - [2021-04-06 18:52:13,790] {dagbag.py:448} INFO - Filling up the DagBag from /Users/garonsmith/Desktop/airflow_study/airflow-etl-explore/.venv/lib/python3.8/site-packages/airflow/example_dags/example_skip_dag.py
[2021-04-06 18:52:13,795] {scheduler_job.py:639} INFO - DAG(s) dict_keys(['example_skip_dag']) retrieved from /Users/garonsmith/Desktop/airflow_study/airflow-etl-explore/.venv/lib/python3.8/site-packages/airflow/example_dags/example_skip_dag.py
[2021-04-06 18:52:13,845] {logging_mixin.py:104} INFO - [2021-04-06 18:52:13,845] {dag.py:1818} INFO - Sync 1 DAGs
[2021-04-06 18:52:13,869] {logging_mixin.py:104} INFO - [2021-04-06 18:52:13,869] {dag.py:2273} INFO - Setting next_dagrun for example_skip_dag to 2021-04-04 00:00:00+00:00
[2021-04-06 18:52:13,874] {scheduler_job.py:190} INFO - Processing /Users/garonsmith/Desktop/airflow_study/airflow-etl-explore/.venv/lib/python3.8/site-packages/airflow/example_dags/example_skip_dag.py took 0.085 seconds
[2021-04-06 18:52:44,868] {scheduler_job.py:182} INFO - Started process (PID=21676) to work on /Users/garonsmith/Desktop/airflow_study/airflow-etl-explore/.venv/lib/python3.8/site-packages/airflow/example_dags/example_skip_dag.py
[2021-04-06 18:52:44,868] {scheduler_job.py:629} INFO - Processing file /Users/garonsmith/Desktop/airflow_study/airflow-etl-explore/.venv/lib/python3.8/site-packages/airflow/example_dags/example_skip_dag.py for tasks to queue
[2021-04-06 18:52:44,869] {logging_mixin.py:104} INFO - [2021-04-06 18:52:44,869] {dagbag.py:448} INFO - Filling up the DagBag from /Users/garonsmith/Desktop/airflow_study/airflow-etl-explore/.venv/lib/python3.8/site-packages/airflow/example_dags/example_skip_dag.py
[2021-04-06 18:52:44,874] {scheduler_job.py:639} INFO - DAG(s) dict_keys(['example_skip_dag']) retrieved from /Users/garonsmith/Desktop/airflow_study/airflow-etl-explore/.venv/lib/python3.8/site-packages/airflow/example_dags/example_skip_dag.py
[2021-04-06 18:52:44,915] {logging_mixin.py:104} INFO - [2021-04-06 18:52:44,914] {dag.py:1818} INFO - Sync 1 DAGs
[2021-04-06 18:52:44,922] {logging_mixin.py:104} INFO - [2021-04-06 18:52:44,922] {dag.py:2273} INFO - Setting next_dagrun for example_skip_dag to 2021-04-04 00:00:00+00:00
[2021-04-06 18:52:44,927] {scheduler_job.py:190} INFO - Processing /Users/garonsmith/Desktop/airflow_study/airflow-etl-explore/.venv/lib/python3.8/site-packages/airflow/example_dags/example_skip_dag.py took 0.060 seconds
[2021-04-06 18:53:15,630] {scheduler_job.py:182} INFO - Started process (PID=21764) to work on /Users/garonsmith/Desktop/airflow_study/airflow-etl-explore/.venv/lib/python3.8/site-packages/airflow/example_dags/example_skip_dag.py
[2021-04-06 18:53:15,631] {scheduler_job.py:629} INFO - Processing file /Users/garonsmith/Desktop/airflow_study/airflow-etl-explore/.venv/lib/python3.8/site-packages/airflow/example_dags/example_skip_dag.py for tasks to queue
[2021-04-06 18:53:15,631] {logging_mixin.py:104} INFO - [2021-04-06 18:53:15,631] {dagbag.py:448} INFO - Filling up the DagBag from /Users/garonsmith/Desktop/airflow_study/airflow-etl-explore/.venv/lib/python3.8/site-packages/airflow/example_dags/example_skip_dag.py
[2021-04-06 18:53:15,635] {scheduler_job.py:639} INFO - DAG(s) dict_keys(['example_skip_dag']) retrieved from /Users/garonsmith/Desktop/airflow_study/airflow-etl-explore/.venv/lib/python3.8/site-packages/airflow/example_dags/example_skip_dag.py
[2021-04-06 18:53:15,669] {logging_mixin.py:104} INFO - [2021-04-06 18:53:15,669] {dag.py:1818} INFO - Sync 1 DAGs
[2021-04-06 18:53:15,680] {logging_mixin.py:104} INFO - [2021-04-06 18:53:15,680] {dag.py:2273} INFO - Setting next_dagrun for example_skip_dag to 2021-04-04 00:00:00+00:00
[2021-04-06 18:53:15,685] {scheduler_job.py:190} INFO - Processing /Users/garonsmith/Desktop/airflow_study/airflow-etl-explore/.venv/lib/python3.8/site-packages/airflow/example_dags/example_skip_dag.py took 0.055 seconds
[2021-04-06 18:53:46,473] {scheduler_job.py:182} INFO - Started process (PID=21870) to work on /Users/garonsmith/Desktop/airflow_study/airflow-etl-explore/.venv/lib/python3.8/site-packages/airflow/example_dags/example_skip_dag.py
[2021-04-06 18:53:46,474] {scheduler_job.py:629} INFO - Processing file /Users/garonsmith/Desktop/airflow_study/airflow-etl-explore/.venv/lib/python3.8/site-packages/airflow/example_dags/example_skip_dag.py for tasks to queue
[2021-04-06 18:53:46,474] {logging_mixin.py:104} INFO - [2021-04-06 18:53:46,474] {dagbag.py:448} INFO - Filling up the DagBag from /Users/garonsmith/Desktop/airflow_study/airflow-etl-explore/.venv/lib/python3.8/site-packages/airflow/example_dags/example_skip_dag.py
[2021-04-06 18:53:46,478] {scheduler_job.py:639} INFO - DAG(s) dict_keys(['example_skip_dag']) retrieved from /Users/garonsmith/Desktop/airflow_study/airflow-etl-explore/.venv/lib/python3.8/site-packages/airflow/example_dags/example_skip_dag.py
[2021-04-06 18:53:46,517] {logging_mixin.py:104} INFO - [2021-04-06 18:53:46,517] {dag.py:1818} INFO - Sync 1 DAGs
[2021-04-06 18:53:46,523] {logging_mixin.py:104} INFO - [2021-04-06 18:53:46,523] {dag.py:2273} INFO - Setting next_dagrun for example_skip_dag to 2021-04-04 00:00:00+00:00
[2021-04-06 18:53:46,529] {scheduler_job.py:190} INFO - Processing /Users/garonsmith/Desktop/airflow_study/airflow-etl-explore/.venv/lib/python3.8/site-packages/airflow/example_dags/example_skip_dag.py took 0.056 seconds
