[2021-04-06 18:36:18,430] {scheduler_job.py:182} INFO - Started process (PID=17417) to work on /Users/garonsmith/Desktop/airflow_study/airflow-etl-explore/.venv/lib/python3.8/site-packages/airflow/example_dags/example_xcomargs.py
[2021-04-06 18:36:18,431] {scheduler_job.py:629} INFO - Processing file /Users/garonsmith/Desktop/airflow_study/airflow-etl-explore/.venv/lib/python3.8/site-packages/airflow/example_dags/example_xcomargs.py for tasks to queue
[2021-04-06 18:36:18,431] {logging_mixin.py:104} INFO - [2021-04-06 18:36:18,431] {dagbag.py:448} INFO - Filling up the DagBag from /Users/garonsmith/Desktop/airflow_study/airflow-etl-explore/.venv/lib/python3.8/site-packages/airflow/example_dags/example_xcomargs.py
[2021-04-06 18:36:18,437] {scheduler_job.py:639} INFO - DAG(s) dict_keys(['example_xcom_args', 'example_xcom_args_with_operators']) retrieved from /Users/garonsmith/Desktop/airflow_study/airflow-etl-explore/.venv/lib/python3.8/site-packages/airflow/example_dags/example_xcomargs.py
[2021-04-06 18:36:18,468] {logging_mixin.py:104} INFO - [2021-04-06 18:36:18,468] {dag.py:1818} INFO - Sync 2 DAGs
[2021-04-06 18:36:18,475] {logging_mixin.py:104} INFO - [2021-04-06 18:36:18,475] {dag.py:2273} INFO - Setting next_dagrun for example_xcom_args to None
[2021-04-06 18:36:18,475] {logging_mixin.py:104} INFO - [2021-04-06 18:36:18,475] {dag.py:2273} INFO - Setting next_dagrun for example_xcom_args_with_operators to None
[2021-04-06 18:36:18,480] {scheduler_job.py:190} INFO - Processing /Users/garonsmith/Desktop/airflow_study/airflow-etl-explore/.venv/lib/python3.8/site-packages/airflow/example_dags/example_xcomargs.py took 0.050 seconds
[2021-04-06 18:36:50,926] {scheduler_job.py:182} INFO - Started process (PID=17515) to work on /Users/garonsmith/Desktop/airflow_study/airflow-etl-explore/.venv/lib/python3.8/site-packages/airflow/example_dags/example_xcomargs.py
[2021-04-06 18:36:50,927] {scheduler_job.py:629} INFO - Processing file /Users/garonsmith/Desktop/airflow_study/airflow-etl-explore/.venv/lib/python3.8/site-packages/airflow/example_dags/example_xcomargs.py for tasks to queue
[2021-04-06 18:36:50,927] {logging_mixin.py:104} INFO - [2021-04-06 18:36:50,927] {dagbag.py:448} INFO - Filling up the DagBag from /Users/garonsmith/Desktop/airflow_study/airflow-etl-explore/.venv/lib/python3.8/site-packages/airflow/example_dags/example_xcomargs.py
[2021-04-06 18:36:50,935] {scheduler_job.py:639} INFO - DAG(s) dict_keys(['example_xcom_args', 'example_xcom_args_with_operators']) retrieved from /Users/garonsmith/Desktop/airflow_study/airflow-etl-explore/.venv/lib/python3.8/site-packages/airflow/example_dags/example_xcomargs.py
[2021-04-06 18:36:50,979] {logging_mixin.py:104} INFO - [2021-04-06 18:36:50,979] {dag.py:1818} INFO - Sync 2 DAGs
[2021-04-06 18:36:51,010] {logging_mixin.py:104} INFO - [2021-04-06 18:36:51,010] {dag.py:2273} INFO - Setting next_dagrun for example_xcom_args to None
[2021-04-06 18:36:51,011] {logging_mixin.py:104} INFO - [2021-04-06 18:36:51,011] {dag.py:2273} INFO - Setting next_dagrun for example_xcom_args_with_operators to None
[2021-04-06 18:36:51,017] {scheduler_job.py:190} INFO - Processing /Users/garonsmith/Desktop/airflow_study/airflow-etl-explore/.venv/lib/python3.8/site-packages/airflow/example_dags/example_xcomargs.py took 0.092 seconds
[2021-04-06 18:37:21,715] {scheduler_job.py:182} INFO - Started process (PID=18412) to work on /Users/garonsmith/Desktop/airflow_study/airflow-etl-explore/.venv/lib/python3.8/site-packages/airflow/example_dags/example_xcomargs.py
[2021-04-06 18:37:21,716] {scheduler_job.py:629} INFO - Processing file /Users/garonsmith/Desktop/airflow_study/airflow-etl-explore/.venv/lib/python3.8/site-packages/airflow/example_dags/example_xcomargs.py for tasks to queue
[2021-04-06 18:37:21,717] {logging_mixin.py:104} INFO - [2021-04-06 18:37:21,717] {dagbag.py:448} INFO - Filling up the DagBag from /Users/garonsmith/Desktop/airflow_study/airflow-etl-explore/.venv/lib/python3.8/site-packages/airflow/example_dags/example_xcomargs.py
[2021-04-06 18:37:21,722] {scheduler_job.py:639} INFO - DAG(s) dict_keys(['example_xcom_args', 'example_xcom_args_with_operators']) retrieved from /Users/garonsmith/Desktop/airflow_study/airflow-etl-explore/.venv/lib/python3.8/site-packages/airflow/example_dags/example_xcomargs.py
[2021-04-06 18:37:21,753] {logging_mixin.py:104} INFO - [2021-04-06 18:37:21,753] {dag.py:1818} INFO - Sync 2 DAGs
[2021-04-06 18:37:21,759] {logging_mixin.py:104} INFO - [2021-04-06 18:37:21,759] {dag.py:2273} INFO - Setting next_dagrun for example_xcom_args to None
[2021-04-06 18:37:21,759] {logging_mixin.py:104} INFO - [2021-04-06 18:37:21,759] {dag.py:2273} INFO - Setting next_dagrun for example_xcom_args_with_operators to None
[2021-04-06 18:37:21,764] {scheduler_job.py:190} INFO - Processing /Users/garonsmith/Desktop/airflow_study/airflow-etl-explore/.venv/lib/python3.8/site-packages/airflow/example_dags/example_xcomargs.py took 0.050 seconds
[2021-04-06 18:37:53,593] {scheduler_job.py:182} INFO - Started process (PID=18499) to work on /Users/garonsmith/Desktop/airflow_study/airflow-etl-explore/.venv/lib/python3.8/site-packages/airflow/example_dags/example_xcomargs.py
[2021-04-06 18:37:53,593] {scheduler_job.py:629} INFO - Processing file /Users/garonsmith/Desktop/airflow_study/airflow-etl-explore/.venv/lib/python3.8/site-packages/airflow/example_dags/example_xcomargs.py for tasks to queue
[2021-04-06 18:37:53,593] {logging_mixin.py:104} INFO - [2021-04-06 18:37:53,593] {dagbag.py:448} INFO - Filling up the DagBag from /Users/garonsmith/Desktop/airflow_study/airflow-etl-explore/.venv/lib/python3.8/site-packages/airflow/example_dags/example_xcomargs.py
[2021-04-06 18:37:53,599] {scheduler_job.py:639} INFO - DAG(s) dict_keys(['example_xcom_args', 'example_xcom_args_with_operators']) retrieved from /Users/garonsmith/Desktop/airflow_study/airflow-etl-explore/.venv/lib/python3.8/site-packages/airflow/example_dags/example_xcomargs.py
[2021-04-06 18:37:53,634] {logging_mixin.py:104} INFO - [2021-04-06 18:37:53,634] {dag.py:1818} INFO - Sync 2 DAGs
[2021-04-06 18:37:53,640] {logging_mixin.py:104} INFO - [2021-04-06 18:37:53,640] {dag.py:2273} INFO - Setting next_dagrun for example_xcom_args to None
[2021-04-06 18:37:53,641] {logging_mixin.py:104} INFO - [2021-04-06 18:37:53,641] {dag.py:2273} INFO - Setting next_dagrun for example_xcom_args_with_operators to None
[2021-04-06 18:37:53,646] {scheduler_job.py:190} INFO - Processing /Users/garonsmith/Desktop/airflow_study/airflow-etl-explore/.venv/lib/python3.8/site-packages/airflow/example_dags/example_xcomargs.py took 0.054 seconds
[2021-04-06 18:38:25,071] {scheduler_job.py:182} INFO - Started process (PID=18591) to work on /Users/garonsmith/Desktop/airflow_study/airflow-etl-explore/.venv/lib/python3.8/site-packages/airflow/example_dags/example_xcomargs.py
[2021-04-06 18:38:25,072] {scheduler_job.py:629} INFO - Processing file /Users/garonsmith/Desktop/airflow_study/airflow-etl-explore/.venv/lib/python3.8/site-packages/airflow/example_dags/example_xcomargs.py for tasks to queue
[2021-04-06 18:38:25,072] {logging_mixin.py:104} INFO - [2021-04-06 18:38:25,072] {dagbag.py:448} INFO - Filling up the DagBag from /Users/garonsmith/Desktop/airflow_study/airflow-etl-explore/.venv/lib/python3.8/site-packages/airflow/example_dags/example_xcomargs.py
[2021-04-06 18:38:25,077] {scheduler_job.py:639} INFO - DAG(s) dict_keys(['example_xcom_args', 'example_xcom_args_with_operators']) retrieved from /Users/garonsmith/Desktop/airflow_study/airflow-etl-explore/.venv/lib/python3.8/site-packages/airflow/example_dags/example_xcomargs.py
[2021-04-06 18:38:25,114] {logging_mixin.py:104} INFO - [2021-04-06 18:38:25,114] {dag.py:1818} INFO - Sync 2 DAGs
[2021-04-06 18:38:25,122] {logging_mixin.py:104} INFO - [2021-04-06 18:38:25,122] {dag.py:2273} INFO - Setting next_dagrun for example_xcom_args to None
[2021-04-06 18:38:25,122] {logging_mixin.py:104} INFO - [2021-04-06 18:38:25,122] {dag.py:2273} INFO - Setting next_dagrun for example_xcom_args_with_operators to None
[2021-04-06 18:38:25,128] {scheduler_job.py:190} INFO - Processing /Users/garonsmith/Desktop/airflow_study/airflow-etl-explore/.venv/lib/python3.8/site-packages/airflow/example_dags/example_xcomargs.py took 0.058 seconds
[2021-04-06 18:38:56,077] {scheduler_job.py:182} INFO - Started process (PID=18684) to work on /Users/garonsmith/Desktop/airflow_study/airflow-etl-explore/.venv/lib/python3.8/site-packages/airflow/example_dags/example_xcomargs.py
[2021-04-06 18:38:56,077] {scheduler_job.py:629} INFO - Processing file /Users/garonsmith/Desktop/airflow_study/airflow-etl-explore/.venv/lib/python3.8/site-packages/airflow/example_dags/example_xcomargs.py for tasks to queue
[2021-04-06 18:38:56,078] {logging_mixin.py:104} INFO - [2021-04-06 18:38:56,078] {dagbag.py:448} INFO - Filling up the DagBag from /Users/garonsmith/Desktop/airflow_study/airflow-etl-explore/.venv/lib/python3.8/site-packages/airflow/example_dags/example_xcomargs.py
[2021-04-06 18:38:56,083] {scheduler_job.py:639} INFO - DAG(s) dict_keys(['example_xcom_args', 'example_xcom_args_with_operators']) retrieved from /Users/garonsmith/Desktop/airflow_study/airflow-etl-explore/.venv/lib/python3.8/site-packages/airflow/example_dags/example_xcomargs.py
[2021-04-06 18:38:56,117] {logging_mixin.py:104} INFO - [2021-04-06 18:38:56,116] {dag.py:1818} INFO - Sync 2 DAGs
[2021-04-06 18:38:56,123] {logging_mixin.py:104} INFO - [2021-04-06 18:38:56,123] {dag.py:2273} INFO - Setting next_dagrun for example_xcom_args to None
[2021-04-06 18:38:56,124] {logging_mixin.py:104} INFO - [2021-04-06 18:38:56,124] {dag.py:2273} INFO - Setting next_dagrun for example_xcom_args_with_operators to None
[2021-04-06 18:38:56,129] {scheduler_job.py:190} INFO - Processing /Users/garonsmith/Desktop/airflow_study/airflow-etl-explore/.venv/lib/python3.8/site-packages/airflow/example_dags/example_xcomargs.py took 0.054 seconds
[2021-04-06 18:39:27,961] {scheduler_job.py:182} INFO - Started process (PID=18794) to work on /Users/garonsmith/Desktop/airflow_study/airflow-etl-explore/.venv/lib/python3.8/site-packages/airflow/example_dags/example_xcomargs.py
[2021-04-06 18:39:27,961] {scheduler_job.py:629} INFO - Processing file /Users/garonsmith/Desktop/airflow_study/airflow-etl-explore/.venv/lib/python3.8/site-packages/airflow/example_dags/example_xcomargs.py for tasks to queue
[2021-04-06 18:39:27,962] {logging_mixin.py:104} INFO - [2021-04-06 18:39:27,962] {dagbag.py:448} INFO - Filling up the DagBag from /Users/garonsmith/Desktop/airflow_study/airflow-etl-explore/.venv/lib/python3.8/site-packages/airflow/example_dags/example_xcomargs.py
[2021-04-06 18:39:27,967] {scheduler_job.py:639} INFO - DAG(s) dict_keys(['example_xcom_args', 'example_xcom_args_with_operators']) retrieved from /Users/garonsmith/Desktop/airflow_study/airflow-etl-explore/.venv/lib/python3.8/site-packages/airflow/example_dags/example_xcomargs.py
[2021-04-06 18:39:28,019] {logging_mixin.py:104} INFO - [2021-04-06 18:39:28,019] {dag.py:1818} INFO - Sync 2 DAGs
[2021-04-06 18:39:28,026] {logging_mixin.py:104} INFO - [2021-04-06 18:39:28,026] {dag.py:2273} INFO - Setting next_dagrun for example_xcom_args to None
[2021-04-06 18:39:28,027] {logging_mixin.py:104} INFO - [2021-04-06 18:39:28,027] {dag.py:2273} INFO - Setting next_dagrun for example_xcom_args_with_operators to None
[2021-04-06 18:39:28,032] {scheduler_job.py:190} INFO - Processing /Users/garonsmith/Desktop/airflow_study/airflow-etl-explore/.venv/lib/python3.8/site-packages/airflow/example_dags/example_xcomargs.py took 0.071 seconds
[2021-04-06 18:39:59,512] {scheduler_job.py:182} INFO - Started process (PID=18906) to work on /Users/garonsmith/Desktop/airflow_study/airflow-etl-explore/.venv/lib/python3.8/site-packages/airflow/example_dags/example_xcomargs.py
[2021-04-06 18:39:59,512] {scheduler_job.py:629} INFO - Processing file /Users/garonsmith/Desktop/airflow_study/airflow-etl-explore/.venv/lib/python3.8/site-packages/airflow/example_dags/example_xcomargs.py for tasks to queue
[2021-04-06 18:39:59,512] {logging_mixin.py:104} INFO - [2021-04-06 18:39:59,512] {dagbag.py:448} INFO - Filling up the DagBag from /Users/garonsmith/Desktop/airflow_study/airflow-etl-explore/.venv/lib/python3.8/site-packages/airflow/example_dags/example_xcomargs.py
[2021-04-06 18:39:59,519] {scheduler_job.py:639} INFO - DAG(s) dict_keys(['example_xcom_args', 'example_xcom_args_with_operators']) retrieved from /Users/garonsmith/Desktop/airflow_study/airflow-etl-explore/.venv/lib/python3.8/site-packages/airflow/example_dags/example_xcomargs.py
[2021-04-06 18:39:59,570] {logging_mixin.py:104} INFO - [2021-04-06 18:39:59,570] {dag.py:1818} INFO - Sync 2 DAGs
[2021-04-06 18:39:59,578] {logging_mixin.py:104} INFO - [2021-04-06 18:39:59,577] {dag.py:2273} INFO - Setting next_dagrun for example_xcom_args to None
[2021-04-06 18:39:59,578] {logging_mixin.py:104} INFO - [2021-04-06 18:39:59,578] {dag.py:2273} INFO - Setting next_dagrun for example_xcom_args_with_operators to None
[2021-04-06 18:39:59,584] {scheduler_job.py:190} INFO - Processing /Users/garonsmith/Desktop/airflow_study/airflow-etl-explore/.venv/lib/python3.8/site-packages/airflow/example_dags/example_xcomargs.py took 0.073 seconds
[2021-04-06 18:40:30,649] {scheduler_job.py:182} INFO - Started process (PID=19001) to work on /Users/garonsmith/Desktop/airflow_study/airflow-etl-explore/.venv/lib/python3.8/site-packages/airflow/example_dags/example_xcomargs.py
[2021-04-06 18:40:30,649] {scheduler_job.py:629} INFO - Processing file /Users/garonsmith/Desktop/airflow_study/airflow-etl-explore/.venv/lib/python3.8/site-packages/airflow/example_dags/example_xcomargs.py for tasks to queue
[2021-04-06 18:40:30,649] {logging_mixin.py:104} INFO - [2021-04-06 18:40:30,649] {dagbag.py:448} INFO - Filling up the DagBag from /Users/garonsmith/Desktop/airflow_study/airflow-etl-explore/.venv/lib/python3.8/site-packages/airflow/example_dags/example_xcomargs.py
[2021-04-06 18:40:30,656] {scheduler_job.py:639} INFO - DAG(s) dict_keys(['example_xcom_args', 'example_xcom_args_with_operators']) retrieved from /Users/garonsmith/Desktop/airflow_study/airflow-etl-explore/.venv/lib/python3.8/site-packages/airflow/example_dags/example_xcomargs.py
[2021-04-06 18:40:30,703] {logging_mixin.py:104} INFO - [2021-04-06 18:40:30,703] {dag.py:1818} INFO - Sync 2 DAGs
[2021-04-06 18:40:30,710] {logging_mixin.py:104} INFO - [2021-04-06 18:40:30,710] {dag.py:2273} INFO - Setting next_dagrun for example_xcom_args to None
[2021-04-06 18:40:30,710] {logging_mixin.py:104} INFO - [2021-04-06 18:40:30,710] {dag.py:2273} INFO - Setting next_dagrun for example_xcom_args_with_operators to None
[2021-04-06 18:40:30,716] {scheduler_job.py:190} INFO - Processing /Users/garonsmith/Desktop/airflow_study/airflow-etl-explore/.venv/lib/python3.8/site-packages/airflow/example_dags/example_xcomargs.py took 0.068 seconds
[2021-04-06 18:41:01,650] {scheduler_job.py:182} INFO - Started process (PID=19080) to work on /Users/garonsmith/Desktop/airflow_study/airflow-etl-explore/.venv/lib/python3.8/site-packages/airflow/example_dags/example_xcomargs.py
[2021-04-06 18:41:01,651] {scheduler_job.py:629} INFO - Processing file /Users/garonsmith/Desktop/airflow_study/airflow-etl-explore/.venv/lib/python3.8/site-packages/airflow/example_dags/example_xcomargs.py for tasks to queue
[2021-04-06 18:41:01,651] {logging_mixin.py:104} INFO - [2021-04-06 18:41:01,651] {dagbag.py:448} INFO - Filling up the DagBag from /Users/garonsmith/Desktop/airflow_study/airflow-etl-explore/.venv/lib/python3.8/site-packages/airflow/example_dags/example_xcomargs.py
[2021-04-06 18:41:01,657] {scheduler_job.py:639} INFO - DAG(s) dict_keys(['example_xcom_args', 'example_xcom_args_with_operators']) retrieved from /Users/garonsmith/Desktop/airflow_study/airflow-etl-explore/.venv/lib/python3.8/site-packages/airflow/example_dags/example_xcomargs.py
[2021-04-06 18:41:01,703] {logging_mixin.py:104} INFO - [2021-04-06 18:41:01,702] {dag.py:1818} INFO - Sync 2 DAGs
[2021-04-06 18:41:01,710] {logging_mixin.py:104} INFO - [2021-04-06 18:41:01,710] {dag.py:2273} INFO - Setting next_dagrun for example_xcom_args to None
[2021-04-06 18:41:01,711] {logging_mixin.py:104} INFO - [2021-04-06 18:41:01,711] {dag.py:2273} INFO - Setting next_dagrun for example_xcom_args_with_operators to None
[2021-04-06 18:41:01,717] {scheduler_job.py:190} INFO - Processing /Users/garonsmith/Desktop/airflow_study/airflow-etl-explore/.venv/lib/python3.8/site-packages/airflow/example_dags/example_xcomargs.py took 0.067 seconds
[2021-04-06 18:41:34,234] {scheduler_job.py:182} INFO - Started process (PID=19184) to work on /Users/garonsmith/Desktop/airflow_study/airflow-etl-explore/.venv/lib/python3.8/site-packages/airflow/example_dags/example_xcomargs.py
[2021-04-06 18:41:34,234] {scheduler_job.py:629} INFO - Processing file /Users/garonsmith/Desktop/airflow_study/airflow-etl-explore/.venv/lib/python3.8/site-packages/airflow/example_dags/example_xcomargs.py for tasks to queue
[2021-04-06 18:41:34,235] {logging_mixin.py:104} INFO - [2021-04-06 18:41:34,235] {dagbag.py:448} INFO - Filling up the DagBag from /Users/garonsmith/Desktop/airflow_study/airflow-etl-explore/.venv/lib/python3.8/site-packages/airflow/example_dags/example_xcomargs.py
[2021-04-06 18:41:34,239] {scheduler_job.py:639} INFO - DAG(s) dict_keys(['example_xcom_args', 'example_xcom_args_with_operators']) retrieved from /Users/garonsmith/Desktop/airflow_study/airflow-etl-explore/.venv/lib/python3.8/site-packages/airflow/example_dags/example_xcomargs.py
[2021-04-06 18:41:34,300] {logging_mixin.py:104} INFO - [2021-04-06 18:41:34,299] {dag.py:1818} INFO - Sync 2 DAGs
[2021-04-06 18:41:34,311] {logging_mixin.py:104} INFO - [2021-04-06 18:41:34,311] {dag.py:2273} INFO - Setting next_dagrun for example_xcom_args to None
[2021-04-06 18:41:34,312] {logging_mixin.py:104} INFO - [2021-04-06 18:41:34,312] {dag.py:2273} INFO - Setting next_dagrun for example_xcom_args_with_operators to None
[2021-04-06 18:41:34,318] {scheduler_job.py:190} INFO - Processing /Users/garonsmith/Desktop/airflow_study/airflow-etl-explore/.venv/lib/python3.8/site-packages/airflow/example_dags/example_xcomargs.py took 0.084 seconds
[2021-04-06 18:42:04,983] {scheduler_job.py:182} INFO - Started process (PID=19283) to work on /Users/garonsmith/Desktop/airflow_study/airflow-etl-explore/.venv/lib/python3.8/site-packages/airflow/example_dags/example_xcomargs.py
[2021-04-06 18:42:04,983] {scheduler_job.py:629} INFO - Processing file /Users/garonsmith/Desktop/airflow_study/airflow-etl-explore/.venv/lib/python3.8/site-packages/airflow/example_dags/example_xcomargs.py for tasks to queue
[2021-04-06 18:42:04,983] {logging_mixin.py:104} INFO - [2021-04-06 18:42:04,983] {dagbag.py:448} INFO - Filling up the DagBag from /Users/garonsmith/Desktop/airflow_study/airflow-etl-explore/.venv/lib/python3.8/site-packages/airflow/example_dags/example_xcomargs.py
[2021-04-06 18:42:04,988] {scheduler_job.py:639} INFO - DAG(s) dict_keys(['example_xcom_args', 'example_xcom_args_with_operators']) retrieved from /Users/garonsmith/Desktop/airflow_study/airflow-etl-explore/.venv/lib/python3.8/site-packages/airflow/example_dags/example_xcomargs.py
[2021-04-06 18:42:05,052] {logging_mixin.py:104} INFO - [2021-04-06 18:42:05,052] {dag.py:1818} INFO - Sync 2 DAGs
[2021-04-06 18:42:05,061] {logging_mixin.py:104} INFO - [2021-04-06 18:42:05,061] {dag.py:2273} INFO - Setting next_dagrun for example_xcom_args to None
[2021-04-06 18:42:05,061] {logging_mixin.py:104} INFO - [2021-04-06 18:42:05,061] {dag.py:2273} INFO - Setting next_dagrun for example_xcom_args_with_operators to None
[2021-04-06 18:42:05,068] {scheduler_job.py:190} INFO - Processing /Users/garonsmith/Desktop/airflow_study/airflow-etl-explore/.venv/lib/python3.8/site-packages/airflow/example_dags/example_xcomargs.py took 0.086 seconds
[2021-04-06 18:42:36,432] {scheduler_job.py:182} INFO - Started process (PID=19373) to work on /Users/garonsmith/Desktop/airflow_study/airflow-etl-explore/.venv/lib/python3.8/site-packages/airflow/example_dags/example_xcomargs.py
[2021-04-06 18:42:36,433] {scheduler_job.py:629} INFO - Processing file /Users/garonsmith/Desktop/airflow_study/airflow-etl-explore/.venv/lib/python3.8/site-packages/airflow/example_dags/example_xcomargs.py for tasks to queue
[2021-04-06 18:42:36,433] {logging_mixin.py:104} INFO - [2021-04-06 18:42:36,433] {dagbag.py:448} INFO - Filling up the DagBag from /Users/garonsmith/Desktop/airflow_study/airflow-etl-explore/.venv/lib/python3.8/site-packages/airflow/example_dags/example_xcomargs.py
[2021-04-06 18:42:36,439] {scheduler_job.py:639} INFO - DAG(s) dict_keys(['example_xcom_args', 'example_xcom_args_with_operators']) retrieved from /Users/garonsmith/Desktop/airflow_study/airflow-etl-explore/.venv/lib/python3.8/site-packages/airflow/example_dags/example_xcomargs.py
[2021-04-06 18:42:36,484] {logging_mixin.py:104} INFO - [2021-04-06 18:42:36,484] {dag.py:1818} INFO - Sync 2 DAGs
[2021-04-06 18:42:36,507] {logging_mixin.py:104} INFO - [2021-04-06 18:42:36,507] {dag.py:2273} INFO - Setting next_dagrun for example_xcom_args to None
[2021-04-06 18:42:36,507] {logging_mixin.py:104} INFO - [2021-04-06 18:42:36,507] {dag.py:2273} INFO - Setting next_dagrun for example_xcom_args_with_operators to None
[2021-04-06 18:42:36,513] {scheduler_job.py:190} INFO - Processing /Users/garonsmith/Desktop/airflow_study/airflow-etl-explore/.venv/lib/python3.8/site-packages/airflow/example_dags/example_xcomargs.py took 0.082 seconds
[2021-04-06 18:43:07,203] {scheduler_job.py:182} INFO - Started process (PID=19462) to work on /Users/garonsmith/Desktop/airflow_study/airflow-etl-explore/.venv/lib/python3.8/site-packages/airflow/example_dags/example_xcomargs.py
[2021-04-06 18:43:07,203] {scheduler_job.py:629} INFO - Processing file /Users/garonsmith/Desktop/airflow_study/airflow-etl-explore/.venv/lib/python3.8/site-packages/airflow/example_dags/example_xcomargs.py for tasks to queue
[2021-04-06 18:43:07,204] {logging_mixin.py:104} INFO - [2021-04-06 18:43:07,204] {dagbag.py:448} INFO - Filling up the DagBag from /Users/garonsmith/Desktop/airflow_study/airflow-etl-explore/.venv/lib/python3.8/site-packages/airflow/example_dags/example_xcomargs.py
[2021-04-06 18:43:07,209] {scheduler_job.py:639} INFO - DAG(s) dict_keys(['example_xcom_args', 'example_xcom_args_with_operators']) retrieved from /Users/garonsmith/Desktop/airflow_study/airflow-etl-explore/.venv/lib/python3.8/site-packages/airflow/example_dags/example_xcomargs.py
[2021-04-06 18:43:07,258] {logging_mixin.py:104} INFO - [2021-04-06 18:43:07,258] {dag.py:1818} INFO - Sync 2 DAGs
[2021-04-06 18:43:07,266] {logging_mixin.py:104} INFO - [2021-04-06 18:43:07,266] {dag.py:2273} INFO - Setting next_dagrun for example_xcom_args to None
[2021-04-06 18:43:07,267] {logging_mixin.py:104} INFO - [2021-04-06 18:43:07,267] {dag.py:2273} INFO - Setting next_dagrun for example_xcom_args_with_operators to None
[2021-04-06 18:43:07,276] {scheduler_job.py:190} INFO - Processing /Users/garonsmith/Desktop/airflow_study/airflow-etl-explore/.venv/lib/python3.8/site-packages/airflow/example_dags/example_xcomargs.py took 0.074 seconds
[2021-04-06 18:43:38,169] {scheduler_job.py:182} INFO - Started process (PID=19577) to work on /Users/garonsmith/Desktop/airflow_study/airflow-etl-explore/.venv/lib/python3.8/site-packages/airflow/example_dags/example_xcomargs.py
[2021-04-06 18:43:38,170] {scheduler_job.py:629} INFO - Processing file /Users/garonsmith/Desktop/airflow_study/airflow-etl-explore/.venv/lib/python3.8/site-packages/airflow/example_dags/example_xcomargs.py for tasks to queue
[2021-04-06 18:43:38,170] {logging_mixin.py:104} INFO - [2021-04-06 18:43:38,170] {dagbag.py:448} INFO - Filling up the DagBag from /Users/garonsmith/Desktop/airflow_study/airflow-etl-explore/.venv/lib/python3.8/site-packages/airflow/example_dags/example_xcomargs.py
[2021-04-06 18:43:38,176] {scheduler_job.py:639} INFO - DAG(s) dict_keys(['example_xcom_args', 'example_xcom_args_with_operators']) retrieved from /Users/garonsmith/Desktop/airflow_study/airflow-etl-explore/.venv/lib/python3.8/site-packages/airflow/example_dags/example_xcomargs.py
[2021-04-06 18:43:38,225] {logging_mixin.py:104} INFO - [2021-04-06 18:43:38,225] {dag.py:1818} INFO - Sync 2 DAGs
[2021-04-06 18:43:38,232] {logging_mixin.py:104} INFO - [2021-04-06 18:43:38,232] {dag.py:2273} INFO - Setting next_dagrun for example_xcom_args to None
[2021-04-06 18:43:38,232] {logging_mixin.py:104} INFO - [2021-04-06 18:43:38,232] {dag.py:2273} INFO - Setting next_dagrun for example_xcom_args_with_operators to None
[2021-04-06 18:43:38,254] {scheduler_job.py:190} INFO - Processing /Users/garonsmith/Desktop/airflow_study/airflow-etl-explore/.venv/lib/python3.8/site-packages/airflow/example_dags/example_xcomargs.py took 0.085 seconds
[2021-04-06 18:43:52,236] {scheduler_job.py:182} INFO - Started process (PID=19650) to work on /Users/garonsmith/Desktop/airflow_study/airflow-etl-explore/.venv/lib/python3.8/site-packages/airflow/example_dags/example_xcomargs.py
[2021-04-06 18:43:52,237] {scheduler_job.py:629} INFO - Processing file /Users/garonsmith/Desktop/airflow_study/airflow-etl-explore/.venv/lib/python3.8/site-packages/airflow/example_dags/example_xcomargs.py for tasks to queue
[2021-04-06 18:43:52,237] {logging_mixin.py:104} INFO - [2021-04-06 18:43:52,237] {dagbag.py:448} INFO - Filling up the DagBag from /Users/garonsmith/Desktop/airflow_study/airflow-etl-explore/.venv/lib/python3.8/site-packages/airflow/example_dags/example_xcomargs.py
[2021-04-06 18:43:52,242] {scheduler_job.py:639} INFO - DAG(s) dict_keys(['example_xcom_args', 'example_xcom_args_with_operators']) retrieved from /Users/garonsmith/Desktop/airflow_study/airflow-etl-explore/.venv/lib/python3.8/site-packages/airflow/example_dags/example_xcomargs.py
[2021-04-06 18:43:52,279] {logging_mixin.py:104} INFO - [2021-04-06 18:43:52,279] {dag.py:1818} INFO - Sync 2 DAGs
[2021-04-06 18:43:52,302] {logging_mixin.py:104} INFO - [2021-04-06 18:43:52,302] {dag.py:2273} INFO - Setting next_dagrun for example_xcom_args to None
[2021-04-06 18:43:52,303] {logging_mixin.py:104} INFO - [2021-04-06 18:43:52,303] {dag.py:2273} INFO - Setting next_dagrun for example_xcom_args_with_operators to None
[2021-04-06 18:43:52,307] {scheduler_job.py:190} INFO - Processing /Users/garonsmith/Desktop/airflow_study/airflow-etl-explore/.venv/lib/python3.8/site-packages/airflow/example_dags/example_xcomargs.py took 0.071 seconds
[2021-04-06 18:44:23,130] {scheduler_job.py:182} INFO - Started process (PID=19740) to work on /Users/garonsmith/Desktop/airflow_study/airflow-etl-explore/.venv/lib/python3.8/site-packages/airflow/example_dags/example_xcomargs.py
[2021-04-06 18:44:23,130] {scheduler_job.py:629} INFO - Processing file /Users/garonsmith/Desktop/airflow_study/airflow-etl-explore/.venv/lib/python3.8/site-packages/airflow/example_dags/example_xcomargs.py for tasks to queue
[2021-04-06 18:44:23,130] {logging_mixin.py:104} INFO - [2021-04-06 18:44:23,130] {dagbag.py:448} INFO - Filling up the DagBag from /Users/garonsmith/Desktop/airflow_study/airflow-etl-explore/.venv/lib/python3.8/site-packages/airflow/example_dags/example_xcomargs.py
[2021-04-06 18:44:23,135] {scheduler_job.py:639} INFO - DAG(s) dict_keys(['example_xcom_args', 'example_xcom_args_with_operators']) retrieved from /Users/garonsmith/Desktop/airflow_study/airflow-etl-explore/.venv/lib/python3.8/site-packages/airflow/example_dags/example_xcomargs.py
[2021-04-06 18:44:23,183] {logging_mixin.py:104} INFO - [2021-04-06 18:44:23,183] {dag.py:1818} INFO - Sync 2 DAGs
[2021-04-06 18:44:23,207] {logging_mixin.py:104} INFO - [2021-04-06 18:44:23,207] {dag.py:2273} INFO - Setting next_dagrun for example_xcom_args to None
[2021-04-06 18:44:23,207] {logging_mixin.py:104} INFO - [2021-04-06 18:44:23,207] {dag.py:2273} INFO - Setting next_dagrun for example_xcom_args_with_operators to None
[2021-04-06 18:44:23,212] {scheduler_job.py:190} INFO - Processing /Users/garonsmith/Desktop/airflow_study/airflow-etl-explore/.venv/lib/python3.8/site-packages/airflow/example_dags/example_xcomargs.py took 0.083 seconds
[2021-04-06 18:44:54,457] {scheduler_job.py:182} INFO - Started process (PID=19829) to work on /Users/garonsmith/Desktop/airflow_study/airflow-etl-explore/.venv/lib/python3.8/site-packages/airflow/example_dags/example_xcomargs.py
[2021-04-06 18:44:54,457] {scheduler_job.py:629} INFO - Processing file /Users/garonsmith/Desktop/airflow_study/airflow-etl-explore/.venv/lib/python3.8/site-packages/airflow/example_dags/example_xcomargs.py for tasks to queue
[2021-04-06 18:44:54,457] {logging_mixin.py:104} INFO - [2021-04-06 18:44:54,457] {dagbag.py:448} INFO - Filling up the DagBag from /Users/garonsmith/Desktop/airflow_study/airflow-etl-explore/.venv/lib/python3.8/site-packages/airflow/example_dags/example_xcomargs.py
[2021-04-06 18:44:54,462] {scheduler_job.py:639} INFO - DAG(s) dict_keys(['example_xcom_args', 'example_xcom_args_with_operators']) retrieved from /Users/garonsmith/Desktop/airflow_study/airflow-etl-explore/.venv/lib/python3.8/site-packages/airflow/example_dags/example_xcomargs.py
[2021-04-06 18:44:54,507] {logging_mixin.py:104} INFO - [2021-04-06 18:44:54,507] {dag.py:1818} INFO - Sync 2 DAGs
[2021-04-06 18:44:54,513] {logging_mixin.py:104} INFO - [2021-04-06 18:44:54,513] {dag.py:2273} INFO - Setting next_dagrun for example_xcom_args to None
[2021-04-06 18:44:54,513] {logging_mixin.py:104} INFO - [2021-04-06 18:44:54,513] {dag.py:2273} INFO - Setting next_dagrun for example_xcom_args_with_operators to None
[2021-04-06 18:44:54,518] {scheduler_job.py:190} INFO - Processing /Users/garonsmith/Desktop/airflow_study/airflow-etl-explore/.venv/lib/python3.8/site-packages/airflow/example_dags/example_xcomargs.py took 0.062 seconds
[2021-04-06 18:45:26,155] {scheduler_job.py:182} INFO - Started process (PID=19921) to work on /Users/garonsmith/Desktop/airflow_study/airflow-etl-explore/.venv/lib/python3.8/site-packages/airflow/example_dags/example_xcomargs.py
[2021-04-06 18:45:26,156] {scheduler_job.py:629} INFO - Processing file /Users/garonsmith/Desktop/airflow_study/airflow-etl-explore/.venv/lib/python3.8/site-packages/airflow/example_dags/example_xcomargs.py for tasks to queue
[2021-04-06 18:45:26,156] {logging_mixin.py:104} INFO - [2021-04-06 18:45:26,156] {dagbag.py:448} INFO - Filling up the DagBag from /Users/garonsmith/Desktop/airflow_study/airflow-etl-explore/.venv/lib/python3.8/site-packages/airflow/example_dags/example_xcomargs.py
[2021-04-06 18:45:26,163] {scheduler_job.py:639} INFO - DAG(s) dict_keys(['example_xcom_args', 'example_xcom_args_with_operators']) retrieved from /Users/garonsmith/Desktop/airflow_study/airflow-etl-explore/.venv/lib/python3.8/site-packages/airflow/example_dags/example_xcomargs.py
[2021-04-06 18:45:26,208] {logging_mixin.py:104} INFO - [2021-04-06 18:45:26,208] {dag.py:1818} INFO - Sync 2 DAGs
[2021-04-06 18:45:26,216] {logging_mixin.py:104} INFO - [2021-04-06 18:45:26,216] {dag.py:2273} INFO - Setting next_dagrun for example_xcom_args to None
[2021-04-06 18:45:26,217] {logging_mixin.py:104} INFO - [2021-04-06 18:45:26,217] {dag.py:2273} INFO - Setting next_dagrun for example_xcom_args_with_operators to None
[2021-04-06 18:45:26,223] {scheduler_job.py:190} INFO - Processing /Users/garonsmith/Desktop/airflow_study/airflow-etl-explore/.venv/lib/python3.8/site-packages/airflow/example_dags/example_xcomargs.py took 0.068 seconds
[2021-04-06 18:45:57,555] {scheduler_job.py:182} INFO - Started process (PID=20016) to work on /Users/garonsmith/Desktop/airflow_study/airflow-etl-explore/.venv/lib/python3.8/site-packages/airflow/example_dags/example_xcomargs.py
[2021-04-06 18:45:57,555] {scheduler_job.py:629} INFO - Processing file /Users/garonsmith/Desktop/airflow_study/airflow-etl-explore/.venv/lib/python3.8/site-packages/airflow/example_dags/example_xcomargs.py for tasks to queue
[2021-04-06 18:45:57,556] {logging_mixin.py:104} INFO - [2021-04-06 18:45:57,556] {dagbag.py:448} INFO - Filling up the DagBag from /Users/garonsmith/Desktop/airflow_study/airflow-etl-explore/.venv/lib/python3.8/site-packages/airflow/example_dags/example_xcomargs.py
[2021-04-06 18:45:57,561] {scheduler_job.py:639} INFO - DAG(s) dict_keys(['example_xcom_args', 'example_xcom_args_with_operators']) retrieved from /Users/garonsmith/Desktop/airflow_study/airflow-etl-explore/.venv/lib/python3.8/site-packages/airflow/example_dags/example_xcomargs.py
[2021-04-06 18:45:57,609] {logging_mixin.py:104} INFO - [2021-04-06 18:45:57,609] {dag.py:1818} INFO - Sync 2 DAGs
[2021-04-06 18:45:57,615] {logging_mixin.py:104} INFO - [2021-04-06 18:45:57,615] {dag.py:2273} INFO - Setting next_dagrun for example_xcom_args to None
[2021-04-06 18:45:57,615] {logging_mixin.py:104} INFO - [2021-04-06 18:45:57,615] {dag.py:2273} INFO - Setting next_dagrun for example_xcom_args_with_operators to None
[2021-04-06 18:45:57,621] {scheduler_job.py:190} INFO - Processing /Users/garonsmith/Desktop/airflow_study/airflow-etl-explore/.venv/lib/python3.8/site-packages/airflow/example_dags/example_xcomargs.py took 0.066 seconds
[2021-04-06 18:46:29,131] {scheduler_job.py:182} INFO - Started process (PID=20111) to work on /Users/garonsmith/Desktop/airflow_study/airflow-etl-explore/.venv/lib/python3.8/site-packages/airflow/example_dags/example_xcomargs.py
[2021-04-06 18:46:29,132] {scheduler_job.py:629} INFO - Processing file /Users/garonsmith/Desktop/airflow_study/airflow-etl-explore/.venv/lib/python3.8/site-packages/airflow/example_dags/example_xcomargs.py for tasks to queue
[2021-04-06 18:46:29,132] {logging_mixin.py:104} INFO - [2021-04-06 18:46:29,132] {dagbag.py:448} INFO - Filling up the DagBag from /Users/garonsmith/Desktop/airflow_study/airflow-etl-explore/.venv/lib/python3.8/site-packages/airflow/example_dags/example_xcomargs.py
[2021-04-06 18:46:29,137] {scheduler_job.py:639} INFO - DAG(s) dict_keys(['example_xcom_args', 'example_xcom_args_with_operators']) retrieved from /Users/garonsmith/Desktop/airflow_study/airflow-etl-explore/.venv/lib/python3.8/site-packages/airflow/example_dags/example_xcomargs.py
[2021-04-06 18:46:29,184] {logging_mixin.py:104} INFO - [2021-04-06 18:46:29,184] {dag.py:1818} INFO - Sync 2 DAGs
[2021-04-06 18:46:29,206] {logging_mixin.py:104} INFO - [2021-04-06 18:46:29,206] {dag.py:2273} INFO - Setting next_dagrun for example_xcom_args to None
[2021-04-06 18:46:29,206] {logging_mixin.py:104} INFO - [2021-04-06 18:46:29,206] {dag.py:2273} INFO - Setting next_dagrun for example_xcom_args_with_operators to None
[2021-04-06 18:46:29,213] {scheduler_job.py:190} INFO - Processing /Users/garonsmith/Desktop/airflow_study/airflow-etl-explore/.venv/lib/python3.8/site-packages/airflow/example_dags/example_xcomargs.py took 0.082 seconds
[2021-04-06 18:47:00,333] {scheduler_job.py:182} INFO - Started process (PID=20199) to work on /Users/garonsmith/Desktop/airflow_study/airflow-etl-explore/.venv/lib/python3.8/site-packages/airflow/example_dags/example_xcomargs.py
[2021-04-06 18:47:00,333] {scheduler_job.py:629} INFO - Processing file /Users/garonsmith/Desktop/airflow_study/airflow-etl-explore/.venv/lib/python3.8/site-packages/airflow/example_dags/example_xcomargs.py for tasks to queue
[2021-04-06 18:47:00,334] {logging_mixin.py:104} INFO - [2021-04-06 18:47:00,334] {dagbag.py:448} INFO - Filling up the DagBag from /Users/garonsmith/Desktop/airflow_study/airflow-etl-explore/.venv/lib/python3.8/site-packages/airflow/example_dags/example_xcomargs.py
[2021-04-06 18:47:00,340] {scheduler_job.py:639} INFO - DAG(s) dict_keys(['example_xcom_args', 'example_xcom_args_with_operators']) retrieved from /Users/garonsmith/Desktop/airflow_study/airflow-etl-explore/.venv/lib/python3.8/site-packages/airflow/example_dags/example_xcomargs.py
[2021-04-06 18:47:00,389] {logging_mixin.py:104} INFO - [2021-04-06 18:47:00,389] {dag.py:1818} INFO - Sync 2 DAGs
[2021-04-06 18:47:00,411] {logging_mixin.py:104} INFO - [2021-04-06 18:47:00,411] {dag.py:2273} INFO - Setting next_dagrun for example_xcom_args to None
[2021-04-06 18:47:00,411] {logging_mixin.py:104} INFO - [2021-04-06 18:47:00,411] {dag.py:2273} INFO - Setting next_dagrun for example_xcom_args_with_operators to None
[2021-04-06 18:47:00,417] {scheduler_job.py:190} INFO - Processing /Users/garonsmith/Desktop/airflow_study/airflow-etl-explore/.venv/lib/python3.8/site-packages/airflow/example_dags/example_xcomargs.py took 0.085 seconds
[2021-04-06 18:47:31,185] {scheduler_job.py:182} INFO - Started process (PID=20284) to work on /Users/garonsmith/Desktop/airflow_study/airflow-etl-explore/.venv/lib/python3.8/site-packages/airflow/example_dags/example_xcomargs.py
[2021-04-06 18:47:31,186] {scheduler_job.py:629} INFO - Processing file /Users/garonsmith/Desktop/airflow_study/airflow-etl-explore/.venv/lib/python3.8/site-packages/airflow/example_dags/example_xcomargs.py for tasks to queue
[2021-04-06 18:47:31,186] {logging_mixin.py:104} INFO - [2021-04-06 18:47:31,186] {dagbag.py:448} INFO - Filling up the DagBag from /Users/garonsmith/Desktop/airflow_study/airflow-etl-explore/.venv/lib/python3.8/site-packages/airflow/example_dags/example_xcomargs.py
[2021-04-06 18:47:31,191] {scheduler_job.py:639} INFO - DAG(s) dict_keys(['example_xcom_args', 'example_xcom_args_with_operators']) retrieved from /Users/garonsmith/Desktop/airflow_study/airflow-etl-explore/.venv/lib/python3.8/site-packages/airflow/example_dags/example_xcomargs.py
[2021-04-06 18:47:31,239] {logging_mixin.py:104} INFO - [2021-04-06 18:47:31,239] {dag.py:1818} INFO - Sync 2 DAGs
[2021-04-06 18:47:31,261] {logging_mixin.py:104} INFO - [2021-04-06 18:47:31,261] {dag.py:2273} INFO - Setting next_dagrun for example_xcom_args to None
[2021-04-06 18:47:31,261] {logging_mixin.py:104} INFO - [2021-04-06 18:47:31,261] {dag.py:2273} INFO - Setting next_dagrun for example_xcom_args_with_operators to None
[2021-04-06 18:47:31,266] {scheduler_job.py:190} INFO - Processing /Users/garonsmith/Desktop/airflow_study/airflow-etl-explore/.venv/lib/python3.8/site-packages/airflow/example_dags/example_xcomargs.py took 0.081 seconds
[2021-04-06 18:48:02,578] {scheduler_job.py:182} INFO - Started process (PID=20371) to work on /Users/garonsmith/Desktop/airflow_study/airflow-etl-explore/.venv/lib/python3.8/site-packages/airflow/example_dags/example_xcomargs.py
[2021-04-06 18:48:02,578] {scheduler_job.py:629} INFO - Processing file /Users/garonsmith/Desktop/airflow_study/airflow-etl-explore/.venv/lib/python3.8/site-packages/airflow/example_dags/example_xcomargs.py for tasks to queue
[2021-04-06 18:48:02,578] {logging_mixin.py:104} INFO - [2021-04-06 18:48:02,578] {dagbag.py:448} INFO - Filling up the DagBag from /Users/garonsmith/Desktop/airflow_study/airflow-etl-explore/.venv/lib/python3.8/site-packages/airflow/example_dags/example_xcomargs.py
[2021-04-06 18:48:02,584] {scheduler_job.py:639} INFO - DAG(s) dict_keys(['example_xcom_args', 'example_xcom_args_with_operators']) retrieved from /Users/garonsmith/Desktop/airflow_study/airflow-etl-explore/.venv/lib/python3.8/site-packages/airflow/example_dags/example_xcomargs.py
[2021-04-06 18:48:02,631] {logging_mixin.py:104} INFO - [2021-04-06 18:48:02,631] {dag.py:1818} INFO - Sync 2 DAGs
[2021-04-06 18:48:02,637] {logging_mixin.py:104} INFO - [2021-04-06 18:48:02,637] {dag.py:2273} INFO - Setting next_dagrun for example_xcom_args to None
[2021-04-06 18:48:02,637] {logging_mixin.py:104} INFO - [2021-04-06 18:48:02,637] {dag.py:2273} INFO - Setting next_dagrun for example_xcom_args_with_operators to None
[2021-04-06 18:48:02,659] {scheduler_job.py:190} INFO - Processing /Users/garonsmith/Desktop/airflow_study/airflow-etl-explore/.venv/lib/python3.8/site-packages/airflow/example_dags/example_xcomargs.py took 0.081 seconds
[2021-04-06 18:48:34,445] {scheduler_job.py:182} INFO - Started process (PID=20461) to work on /Users/garonsmith/Desktop/airflow_study/airflow-etl-explore/.venv/lib/python3.8/site-packages/airflow/example_dags/example_xcomargs.py
[2021-04-06 18:48:34,445] {scheduler_job.py:629} INFO - Processing file /Users/garonsmith/Desktop/airflow_study/airflow-etl-explore/.venv/lib/python3.8/site-packages/airflow/example_dags/example_xcomargs.py for tasks to queue
[2021-04-06 18:48:34,445] {logging_mixin.py:104} INFO - [2021-04-06 18:48:34,445] {dagbag.py:448} INFO - Filling up the DagBag from /Users/garonsmith/Desktop/airflow_study/airflow-etl-explore/.venv/lib/python3.8/site-packages/airflow/example_dags/example_xcomargs.py
[2021-04-06 18:48:34,450] {scheduler_job.py:639} INFO - DAG(s) dict_keys(['example_xcom_args', 'example_xcom_args_with_operators']) retrieved from /Users/garonsmith/Desktop/airflow_study/airflow-etl-explore/.venv/lib/python3.8/site-packages/airflow/example_dags/example_xcomargs.py
[2021-04-06 18:48:34,514] {logging_mixin.py:104} INFO - [2021-04-06 18:48:34,514] {dag.py:1818} INFO - Sync 2 DAGs
[2021-04-06 18:48:34,523] {logging_mixin.py:104} INFO - [2021-04-06 18:48:34,523] {dag.py:2273} INFO - Setting next_dagrun for example_xcom_args to None
[2021-04-06 18:48:34,523] {logging_mixin.py:104} INFO - [2021-04-06 18:48:34,523] {dag.py:2273} INFO - Setting next_dagrun for example_xcom_args_with_operators to None
[2021-04-06 18:48:34,530] {scheduler_job.py:190} INFO - Processing /Users/garonsmith/Desktop/airflow_study/airflow-etl-explore/.venv/lib/python3.8/site-packages/airflow/example_dags/example_xcomargs.py took 0.086 seconds
[2021-04-06 18:49:05,312] {scheduler_job.py:182} INFO - Started process (PID=20568) to work on /Users/garonsmith/Desktop/airflow_study/airflow-etl-explore/.venv/lib/python3.8/site-packages/airflow/example_dags/example_xcomargs.py
[2021-04-06 18:49:05,312] {scheduler_job.py:629} INFO - Processing file /Users/garonsmith/Desktop/airflow_study/airflow-etl-explore/.venv/lib/python3.8/site-packages/airflow/example_dags/example_xcomargs.py for tasks to queue
[2021-04-06 18:49:05,313] {logging_mixin.py:104} INFO - [2021-04-06 18:49:05,313] {dagbag.py:448} INFO - Filling up the DagBag from /Users/garonsmith/Desktop/airflow_study/airflow-etl-explore/.venv/lib/python3.8/site-packages/airflow/example_dags/example_xcomargs.py
[2021-04-06 18:49:05,319] {scheduler_job.py:639} INFO - DAG(s) dict_keys(['example_xcom_args', 'example_xcom_args_with_operators']) retrieved from /Users/garonsmith/Desktop/airflow_study/airflow-etl-explore/.venv/lib/python3.8/site-packages/airflow/example_dags/example_xcomargs.py
[2021-04-06 18:49:05,364] {logging_mixin.py:104} INFO - [2021-04-06 18:49:05,364] {dag.py:1818} INFO - Sync 2 DAGs
[2021-04-06 18:49:05,373] {logging_mixin.py:104} INFO - [2021-04-06 18:49:05,373] {dag.py:2273} INFO - Setting next_dagrun for example_xcom_args to None
[2021-04-06 18:49:05,373] {logging_mixin.py:104} INFO - [2021-04-06 18:49:05,373] {dag.py:2273} INFO - Setting next_dagrun for example_xcom_args_with_operators to None
[2021-04-06 18:49:05,379] {scheduler_job.py:190} INFO - Processing /Users/garonsmith/Desktop/airflow_study/airflow-etl-explore/.venv/lib/python3.8/site-packages/airflow/example_dags/example_xcomargs.py took 0.068 seconds
[2021-04-06 18:49:05,709] {scheduler_job.py:182} INFO - Started process (PID=20571) to work on /Users/garonsmith/Desktop/airflow_study/airflow-etl-explore/.venv/lib/python3.8/site-packages/airflow/example_dags/example_xcomargs.py
[2021-04-06 18:49:05,710] {scheduler_job.py:629} INFO - Processing file /Users/garonsmith/Desktop/airflow_study/airflow-etl-explore/.venv/lib/python3.8/site-packages/airflow/example_dags/example_xcomargs.py for tasks to queue
[2021-04-06 18:49:05,710] {logging_mixin.py:104} INFO - [2021-04-06 18:49:05,710] {dagbag.py:448} INFO - Filling up the DagBag from /Users/garonsmith/Desktop/airflow_study/airflow-etl-explore/.venv/lib/python3.8/site-packages/airflow/example_dags/example_xcomargs.py
[2021-04-06 18:49:05,717] {scheduler_job.py:639} INFO - DAG(s) dict_keys(['example_xcom_args', 'example_xcom_args_with_operators']) retrieved from /Users/garonsmith/Desktop/airflow_study/airflow-etl-explore/.venv/lib/python3.8/site-packages/airflow/example_dags/example_xcomargs.py
[2021-04-06 18:49:05,760] {logging_mixin.py:104} INFO - [2021-04-06 18:49:05,759] {dag.py:1818} INFO - Sync 2 DAGs
[2021-04-06 18:49:05,768] {logging_mixin.py:104} INFO - [2021-04-06 18:49:05,768] {dag.py:2273} INFO - Setting next_dagrun for example_xcom_args to None
[2021-04-06 18:49:05,768] {logging_mixin.py:104} INFO - [2021-04-06 18:49:05,768] {dag.py:2273} INFO - Setting next_dagrun for example_xcom_args_with_operators to None
[2021-04-06 18:49:05,773] {scheduler_job.py:190} INFO - Processing /Users/garonsmith/Desktop/airflow_study/airflow-etl-explore/.venv/lib/python3.8/site-packages/airflow/example_dags/example_xcomargs.py took 0.064 seconds
[2021-04-06 18:49:36,366] {scheduler_job.py:182} INFO - Started process (PID=20734) to work on /Users/garonsmith/Desktop/airflow_study/airflow-etl-explore/.venv/lib/python3.8/site-packages/airflow/example_dags/example_xcomargs.py
[2021-04-06 18:49:36,366] {scheduler_job.py:629} INFO - Processing file /Users/garonsmith/Desktop/airflow_study/airflow-etl-explore/.venv/lib/python3.8/site-packages/airflow/example_dags/example_xcomargs.py for tasks to queue
[2021-04-06 18:49:36,367] {logging_mixin.py:104} INFO - [2021-04-06 18:49:36,367] {dagbag.py:448} INFO - Filling up the DagBag from /Users/garonsmith/Desktop/airflow_study/airflow-etl-explore/.venv/lib/python3.8/site-packages/airflow/example_dags/example_xcomargs.py
[2021-04-06 18:49:36,374] {scheduler_job.py:639} INFO - DAG(s) dict_keys(['example_xcom_args', 'example_xcom_args_with_operators']) retrieved from /Users/garonsmith/Desktop/airflow_study/airflow-etl-explore/.venv/lib/python3.8/site-packages/airflow/example_dags/example_xcomargs.py
[2021-04-06 18:49:36,414] {logging_mixin.py:104} INFO - [2021-04-06 18:49:36,414] {dag.py:1818} INFO - Sync 2 DAGs
[2021-04-06 18:49:36,422] {logging_mixin.py:104} INFO - [2021-04-06 18:49:36,422] {dag.py:2273} INFO - Setting next_dagrun for example_xcom_args to None
[2021-04-06 18:49:36,422] {logging_mixin.py:104} INFO - [2021-04-06 18:49:36,422] {dag.py:2273} INFO - Setting next_dagrun for example_xcom_args_with_operators to None
[2021-04-06 18:49:36,432] {scheduler_job.py:190} INFO - Processing /Users/garonsmith/Desktop/airflow_study/airflow-etl-explore/.venv/lib/python3.8/site-packages/airflow/example_dags/example_xcomargs.py took 0.067 seconds
[2021-04-06 18:49:36,586] {scheduler_job.py:182} INFO - Started process (PID=20739) to work on /Users/garonsmith/Desktop/airflow_study/airflow-etl-explore/.venv/lib/python3.8/site-packages/airflow/example_dags/example_xcomargs.py
[2021-04-06 18:49:36,587] {scheduler_job.py:629} INFO - Processing file /Users/garonsmith/Desktop/airflow_study/airflow-etl-explore/.venv/lib/python3.8/site-packages/airflow/example_dags/example_xcomargs.py for tasks to queue
[2021-04-06 18:49:36,587] {logging_mixin.py:104} INFO - [2021-04-06 18:49:36,587] {dagbag.py:448} INFO - Filling up the DagBag from /Users/garonsmith/Desktop/airflow_study/airflow-etl-explore/.venv/lib/python3.8/site-packages/airflow/example_dags/example_xcomargs.py
[2021-04-06 18:49:36,594] {scheduler_job.py:639} INFO - DAG(s) dict_keys(['example_xcom_args', 'example_xcom_args_with_operators']) retrieved from /Users/garonsmith/Desktop/airflow_study/airflow-etl-explore/.venv/lib/python3.8/site-packages/airflow/example_dags/example_xcomargs.py
[2021-04-06 18:49:36,641] {logging_mixin.py:104} INFO - [2021-04-06 18:49:36,641] {dag.py:1818} INFO - Sync 2 DAGs
[2021-04-06 18:49:36,665] {logging_mixin.py:104} INFO - [2021-04-06 18:49:36,665] {dag.py:2273} INFO - Setting next_dagrun for example_xcom_args to None
[2021-04-06 18:49:36,665] {logging_mixin.py:104} INFO - [2021-04-06 18:49:36,665] {dag.py:2273} INFO - Setting next_dagrun for example_xcom_args_with_operators to None
[2021-04-06 18:49:36,670] {scheduler_job.py:190} INFO - Processing /Users/garonsmith/Desktop/airflow_study/airflow-etl-explore/.venv/lib/python3.8/site-packages/airflow/example_dags/example_xcomargs.py took 0.084 seconds
[2021-04-06 18:50:07,223] {scheduler_job.py:182} INFO - Started process (PID=20908) to work on /Users/garonsmith/Desktop/airflow_study/airflow-etl-explore/.venv/lib/python3.8/site-packages/airflow/example_dags/example_xcomargs.py
[2021-04-06 18:50:07,223] {scheduler_job.py:629} INFO - Processing file /Users/garonsmith/Desktop/airflow_study/airflow-etl-explore/.venv/lib/python3.8/site-packages/airflow/example_dags/example_xcomargs.py for tasks to queue
[2021-04-06 18:50:07,223] {logging_mixin.py:104} INFO - [2021-04-06 18:50:07,223] {dagbag.py:448} INFO - Filling up the DagBag from /Users/garonsmith/Desktop/airflow_study/airflow-etl-explore/.venv/lib/python3.8/site-packages/airflow/example_dags/example_xcomargs.py
[2021-04-06 18:50:07,229] {scheduler_job.py:639} INFO - DAG(s) dict_keys(['example_xcom_args', 'example_xcom_args_with_operators']) retrieved from /Users/garonsmith/Desktop/airflow_study/airflow-etl-explore/.venv/lib/python3.8/site-packages/airflow/example_dags/example_xcomargs.py
[2021-04-06 18:50:07,265] {logging_mixin.py:104} INFO - [2021-04-06 18:50:07,264] {dag.py:1818} INFO - Sync 2 DAGs
[2021-04-06 18:50:07,273] {logging_mixin.py:104} INFO - [2021-04-06 18:50:07,273] {dag.py:2273} INFO - Setting next_dagrun for example_xcom_args to None
[2021-04-06 18:50:07,274] {logging_mixin.py:104} INFO - [2021-04-06 18:50:07,274] {dag.py:2273} INFO - Setting next_dagrun for example_xcom_args_with_operators to None
[2021-04-06 18:50:07,284] {scheduler_job.py:190} INFO - Processing /Users/garonsmith/Desktop/airflow_study/airflow-etl-explore/.venv/lib/python3.8/site-packages/airflow/example_dags/example_xcomargs.py took 0.062 seconds
[2021-04-06 18:50:07,708] {scheduler_job.py:182} INFO - Started process (PID=20913) to work on /Users/garonsmith/Desktop/airflow_study/airflow-etl-explore/.venv/lib/python3.8/site-packages/airflow/example_dags/example_xcomargs.py
[2021-04-06 18:50:07,709] {scheduler_job.py:629} INFO - Processing file /Users/garonsmith/Desktop/airflow_study/airflow-etl-explore/.venv/lib/python3.8/site-packages/airflow/example_dags/example_xcomargs.py for tasks to queue
[2021-04-06 18:50:07,709] {logging_mixin.py:104} INFO - [2021-04-06 18:50:07,709] {dagbag.py:448} INFO - Filling up the DagBag from /Users/garonsmith/Desktop/airflow_study/airflow-etl-explore/.venv/lib/python3.8/site-packages/airflow/example_dags/example_xcomargs.py
[2021-04-06 18:50:07,716] {scheduler_job.py:639} INFO - DAG(s) dict_keys(['example_xcom_args', 'example_xcom_args_with_operators']) retrieved from /Users/garonsmith/Desktop/airflow_study/airflow-etl-explore/.venv/lib/python3.8/site-packages/airflow/example_dags/example_xcomargs.py
[2021-04-06 18:50:07,761] {logging_mixin.py:104} INFO - [2021-04-06 18:50:07,761] {dag.py:1818} INFO - Sync 2 DAGs
[2021-04-06 18:50:07,769] {logging_mixin.py:104} INFO - [2021-04-06 18:50:07,769] {dag.py:2273} INFO - Setting next_dagrun for example_xcom_args to None
[2021-04-06 18:50:07,770] {logging_mixin.py:104} INFO - [2021-04-06 18:50:07,769] {dag.py:2273} INFO - Setting next_dagrun for example_xcom_args_with_operators to None
[2021-04-06 18:50:07,775] {scheduler_job.py:190} INFO - Processing /Users/garonsmith/Desktop/airflow_study/airflow-etl-explore/.venv/lib/python3.8/site-packages/airflow/example_dags/example_xcomargs.py took 0.067 seconds
[2021-04-06 18:50:38,462] {scheduler_job.py:182} INFO - Started process (PID=21074) to work on /Users/garonsmith/Desktop/airflow_study/airflow-etl-explore/.venv/lib/python3.8/site-packages/airflow/example_dags/example_xcomargs.py
[2021-04-06 18:50:38,463] {scheduler_job.py:629} INFO - Processing file /Users/garonsmith/Desktop/airflow_study/airflow-etl-explore/.venv/lib/python3.8/site-packages/airflow/example_dags/example_xcomargs.py for tasks to queue
[2021-04-06 18:50:38,463] {logging_mixin.py:104} INFO - [2021-04-06 18:50:38,463] {dagbag.py:448} INFO - Filling up the DagBag from /Users/garonsmith/Desktop/airflow_study/airflow-etl-explore/.venv/lib/python3.8/site-packages/airflow/example_dags/example_xcomargs.py
[2021-04-06 18:50:38,470] {scheduler_job.py:639} INFO - DAG(s) dict_keys(['example_xcom_args', 'example_xcom_args_with_operators']) retrieved from /Users/garonsmith/Desktop/airflow_study/airflow-etl-explore/.venv/lib/python3.8/site-packages/airflow/example_dags/example_xcomargs.py
[2021-04-06 18:50:38,516] {logging_mixin.py:104} INFO - [2021-04-06 18:50:38,516] {dag.py:1818} INFO - Sync 2 DAGs
[2021-04-06 18:50:38,524] {logging_mixin.py:104} INFO - [2021-04-06 18:50:38,524] {dag.py:2273} INFO - Setting next_dagrun for example_xcom_args to None
[2021-04-06 18:50:38,524] {logging_mixin.py:104} INFO - [2021-04-06 18:50:38,524] {dag.py:2273} INFO - Setting next_dagrun for example_xcom_args_with_operators to None
[2021-04-06 18:50:38,533] {scheduler_job.py:190} INFO - Processing /Users/garonsmith/Desktop/airflow_study/airflow-etl-explore/.venv/lib/python3.8/site-packages/airflow/example_dags/example_xcomargs.py took 0.072 seconds
[2021-04-06 18:50:38,552] {scheduler_job.py:182} INFO - Started process (PID=21077) to work on /Users/garonsmith/Desktop/airflow_study/airflow-etl-explore/.venv/lib/python3.8/site-packages/airflow/example_dags/example_xcomargs.py
[2021-04-06 18:50:38,552] {scheduler_job.py:629} INFO - Processing file /Users/garonsmith/Desktop/airflow_study/airflow-etl-explore/.venv/lib/python3.8/site-packages/airflow/example_dags/example_xcomargs.py for tasks to queue
[2021-04-06 18:50:38,552] {logging_mixin.py:104} INFO - [2021-04-06 18:50:38,552] {dagbag.py:448} INFO - Filling up the DagBag from /Users/garonsmith/Desktop/airflow_study/airflow-etl-explore/.venv/lib/python3.8/site-packages/airflow/example_dags/example_xcomargs.py
[2021-04-06 18:50:38,560] {scheduler_job.py:639} INFO - DAG(s) dict_keys(['example_xcom_args', 'example_xcom_args_with_operators']) retrieved from /Users/garonsmith/Desktop/airflow_study/airflow-etl-explore/.venv/lib/python3.8/site-packages/airflow/example_dags/example_xcomargs.py
[2021-04-06 18:50:38,612] {logging_mixin.py:104} INFO - [2021-04-06 18:50:38,612] {dag.py:1818} INFO - Sync 2 DAGs
[2021-04-06 18:50:38,624] {logging_mixin.py:104} INFO - [2021-04-06 18:50:38,624] {dag.py:2273} INFO - Setting next_dagrun for example_xcom_args to None
[2021-04-06 18:50:38,625] {logging_mixin.py:104} INFO - [2021-04-06 18:50:38,625] {dag.py:2273} INFO - Setting next_dagrun for example_xcom_args_with_operators to None
[2021-04-06 18:50:38,632] {scheduler_job.py:190} INFO - Processing /Users/garonsmith/Desktop/airflow_study/airflow-etl-explore/.venv/lib/python3.8/site-packages/airflow/example_dags/example_xcomargs.py took 0.081 seconds
[2021-04-06 18:51:09,400] {scheduler_job.py:182} INFO - Started process (PID=21243) to work on /Users/garonsmith/Desktop/airflow_study/airflow-etl-explore/.venv/lib/python3.8/site-packages/airflow/example_dags/example_xcomargs.py
[2021-04-06 18:51:09,401] {scheduler_job.py:629} INFO - Processing file /Users/garonsmith/Desktop/airflow_study/airflow-etl-explore/.venv/lib/python3.8/site-packages/airflow/example_dags/example_xcomargs.py for tasks to queue
[2021-04-06 18:51:09,401] {logging_mixin.py:104} INFO - [2021-04-06 18:51:09,401] {dagbag.py:448} INFO - Filling up the DagBag from /Users/garonsmith/Desktop/airflow_study/airflow-etl-explore/.venv/lib/python3.8/site-packages/airflow/example_dags/example_xcomargs.py
[2021-04-06 18:51:09,408] {scheduler_job.py:639} INFO - DAG(s) dict_keys(['example_xcom_args', 'example_xcom_args_with_operators']) retrieved from /Users/garonsmith/Desktop/airflow_study/airflow-etl-explore/.venv/lib/python3.8/site-packages/airflow/example_dags/example_xcomargs.py
[2021-04-06 18:51:09,441] {scheduler_job.py:182} INFO - Started process (PID=21244) to work on /Users/garonsmith/Desktop/airflow_study/airflow-etl-explore/.venv/lib/python3.8/site-packages/airflow/example_dags/example_xcomargs.py
[2021-04-06 18:51:09,442] {scheduler_job.py:629} INFO - Processing file /Users/garonsmith/Desktop/airflow_study/airflow-etl-explore/.venv/lib/python3.8/site-packages/airflow/example_dags/example_xcomargs.py for tasks to queue
[2021-04-06 18:51:09,442] {logging_mixin.py:104} INFO - [2021-04-06 18:51:09,442] {dagbag.py:448} INFO - Filling up the DagBag from /Users/garonsmith/Desktop/airflow_study/airflow-etl-explore/.venv/lib/python3.8/site-packages/airflow/example_dags/example_xcomargs.py
[2021-04-06 18:51:09,445] {logging_mixin.py:104} INFO - [2021-04-06 18:51:09,445] {dag.py:1818} INFO - Sync 2 DAGs
[2021-04-06 18:51:09,448] {scheduler_job.py:639} INFO - DAG(s) dict_keys(['example_xcom_args', 'example_xcom_args_with_operators']) retrieved from /Users/garonsmith/Desktop/airflow_study/airflow-etl-explore/.venv/lib/python3.8/site-packages/airflow/example_dags/example_xcomargs.py
[2021-04-06 18:51:09,469] {logging_mixin.py:104} INFO - [2021-04-06 18:51:09,468] {dag.py:2273} INFO - Setting next_dagrun for example_xcom_args to None
[2021-04-06 18:51:09,469] {logging_mixin.py:104} INFO - [2021-04-06 18:51:09,469] {dag.py:2273} INFO - Setting next_dagrun for example_xcom_args_with_operators to None
[2021-04-06 18:51:09,475] {scheduler_job.py:190} INFO - Processing /Users/garonsmith/Desktop/airflow_study/airflow-etl-explore/.venv/lib/python3.8/site-packages/airflow/example_dags/example_xcomargs.py took 0.076 seconds
[2021-04-06 18:51:09,517] {logging_mixin.py:104} INFO - [2021-04-06 18:51:09,517] {dag.py:1818} INFO - Sync 2 DAGs
[2021-04-06 18:51:09,530] {logging_mixin.py:104} INFO - [2021-04-06 18:51:09,529] {dag.py:2273} INFO - Setting next_dagrun for example_xcom_args to None
[2021-04-06 18:51:09,530] {logging_mixin.py:104} INFO - [2021-04-06 18:51:09,530] {dag.py:2273} INFO - Setting next_dagrun for example_xcom_args_with_operators to None
[2021-04-06 18:51:09,539] {scheduler_job.py:190} INFO - Processing /Users/garonsmith/Desktop/airflow_study/airflow-etl-explore/.venv/lib/python3.8/site-packages/airflow/example_dags/example_xcomargs.py took 0.099 seconds
[2021-04-06 18:51:40,319] {scheduler_job.py:182} INFO - Started process (PID=21407) to work on /Users/garonsmith/Desktop/airflow_study/airflow-etl-explore/.venv/lib/python3.8/site-packages/airflow/example_dags/example_xcomargs.py
[2021-04-06 18:51:40,320] {scheduler_job.py:629} INFO - Processing file /Users/garonsmith/Desktop/airflow_study/airflow-etl-explore/.venv/lib/python3.8/site-packages/airflow/example_dags/example_xcomargs.py for tasks to queue
[2021-04-06 18:51:40,320] {logging_mixin.py:104} INFO - [2021-04-06 18:51:40,320] {dagbag.py:448} INFO - Filling up the DagBag from /Users/garonsmith/Desktop/airflow_study/airflow-etl-explore/.venv/lib/python3.8/site-packages/airflow/example_dags/example_xcomargs.py
[2021-04-06 18:51:40,327] {scheduler_job.py:639} INFO - DAG(s) dict_keys(['example_xcom_args', 'example_xcom_args_with_operators']) retrieved from /Users/garonsmith/Desktop/airflow_study/airflow-etl-explore/.venv/lib/python3.8/site-packages/airflow/example_dags/example_xcomargs.py
[2021-04-06 18:51:40,367] {logging_mixin.py:104} INFO - [2021-04-06 18:51:40,367] {dag.py:1818} INFO - Sync 2 DAGs
[2021-04-06 18:51:40,375] {logging_mixin.py:104} INFO - [2021-04-06 18:51:40,375] {dag.py:2273} INFO - Setting next_dagrun for example_xcom_args to None
[2021-04-06 18:51:40,375] {logging_mixin.py:104} INFO - [2021-04-06 18:51:40,375] {dag.py:2273} INFO - Setting next_dagrun for example_xcom_args_with_operators to None
[2021-04-06 18:51:40,381] {scheduler_job.py:190} INFO - Processing /Users/garonsmith/Desktop/airflow_study/airflow-etl-explore/.venv/lib/python3.8/site-packages/airflow/example_dags/example_xcomargs.py took 0.062 seconds
[2021-04-06 18:51:40,456] {scheduler_job.py:182} INFO - Started process (PID=21411) to work on /Users/garonsmith/Desktop/airflow_study/airflow-etl-explore/.venv/lib/python3.8/site-packages/airflow/example_dags/example_xcomargs.py
[2021-04-06 18:51:40,457] {scheduler_job.py:629} INFO - Processing file /Users/garonsmith/Desktop/airflow_study/airflow-etl-explore/.venv/lib/python3.8/site-packages/airflow/example_dags/example_xcomargs.py for tasks to queue
[2021-04-06 18:51:40,457] {logging_mixin.py:104} INFO - [2021-04-06 18:51:40,457] {dagbag.py:448} INFO - Filling up the DagBag from /Users/garonsmith/Desktop/airflow_study/airflow-etl-explore/.venv/lib/python3.8/site-packages/airflow/example_dags/example_xcomargs.py
[2021-04-06 18:51:40,466] {scheduler_job.py:639} INFO - DAG(s) dict_keys(['example_xcom_args', 'example_xcom_args_with_operators']) retrieved from /Users/garonsmith/Desktop/airflow_study/airflow-etl-explore/.venv/lib/python3.8/site-packages/airflow/example_dags/example_xcomargs.py
[2021-04-06 18:51:40,513] {logging_mixin.py:104} INFO - [2021-04-06 18:51:40,513] {dag.py:1818} INFO - Sync 2 DAGs
[2021-04-06 18:51:40,521] {logging_mixin.py:104} INFO - [2021-04-06 18:51:40,521] {dag.py:2273} INFO - Setting next_dagrun for example_xcom_args to None
[2021-04-06 18:51:40,521] {logging_mixin.py:104} INFO - [2021-04-06 18:51:40,521] {dag.py:2273} INFO - Setting next_dagrun for example_xcom_args_with_operators to None
[2021-04-06 18:51:40,526] {scheduler_job.py:190} INFO - Processing /Users/garonsmith/Desktop/airflow_study/airflow-etl-explore/.venv/lib/python3.8/site-packages/airflow/example_dags/example_xcomargs.py took 0.071 seconds
[2021-04-06 18:52:11,193] {scheduler_job.py:182} INFO - Started process (PID=21565) to work on /Users/garonsmith/Desktop/airflow_study/airflow-etl-explore/.venv/lib/python3.8/site-packages/airflow/example_dags/example_xcomargs.py
[2021-04-06 18:52:11,193] {scheduler_job.py:629} INFO - Processing file /Users/garonsmith/Desktop/airflow_study/airflow-etl-explore/.venv/lib/python3.8/site-packages/airflow/example_dags/example_xcomargs.py for tasks to queue
[2021-04-06 18:52:11,193] {logging_mixin.py:104} INFO - [2021-04-06 18:52:11,193] {dagbag.py:448} INFO - Filling up the DagBag from /Users/garonsmith/Desktop/airflow_study/airflow-etl-explore/.venv/lib/python3.8/site-packages/airflow/example_dags/example_xcomargs.py
[2021-04-06 18:52:11,199] {scheduler_job.py:639} INFO - DAG(s) dict_keys(['example_xcom_args', 'example_xcom_args_with_operators']) retrieved from /Users/garonsmith/Desktop/airflow_study/airflow-etl-explore/.venv/lib/python3.8/site-packages/airflow/example_dags/example_xcomargs.py
[2021-04-06 18:52:11,269] {logging_mixin.py:104} INFO - [2021-04-06 18:52:11,268] {dag.py:1818} INFO - Sync 2 DAGs
[2021-04-06 18:52:11,277] {logging_mixin.py:104} INFO - [2021-04-06 18:52:11,277] {dag.py:2273} INFO - Setting next_dagrun for example_xcom_args to None
[2021-04-06 18:52:11,278] {logging_mixin.py:104} INFO - [2021-04-06 18:52:11,278] {dag.py:2273} INFO - Setting next_dagrun for example_xcom_args_with_operators to None
[2021-04-06 18:52:11,283] {scheduler_job.py:190} INFO - Processing /Users/garonsmith/Desktop/airflow_study/airflow-etl-explore/.venv/lib/python3.8/site-packages/airflow/example_dags/example_xcomargs.py took 0.091 seconds
[2021-04-06 18:52:42,748] {scheduler_job.py:182} INFO - Started process (PID=21663) to work on /Users/garonsmith/Desktop/airflow_study/airflow-etl-explore/.venv/lib/python3.8/site-packages/airflow/example_dags/example_xcomargs.py
[2021-04-06 18:52:42,748] {scheduler_job.py:629} INFO - Processing file /Users/garonsmith/Desktop/airflow_study/airflow-etl-explore/.venv/lib/python3.8/site-packages/airflow/example_dags/example_xcomargs.py for tasks to queue
[2021-04-06 18:52:42,749] {logging_mixin.py:104} INFO - [2021-04-06 18:52:42,749] {dagbag.py:448} INFO - Filling up the DagBag from /Users/garonsmith/Desktop/airflow_study/airflow-etl-explore/.venv/lib/python3.8/site-packages/airflow/example_dags/example_xcomargs.py
[2021-04-06 18:52:42,756] {scheduler_job.py:639} INFO - DAG(s) dict_keys(['example_xcom_args', 'example_xcom_args_with_operators']) retrieved from /Users/garonsmith/Desktop/airflow_study/airflow-etl-explore/.venv/lib/python3.8/site-packages/airflow/example_dags/example_xcomargs.py
[2021-04-06 18:52:42,798] {logging_mixin.py:104} INFO - [2021-04-06 18:52:42,798] {dag.py:1818} INFO - Sync 2 DAGs
[2021-04-06 18:52:42,821] {logging_mixin.py:104} INFO - [2021-04-06 18:52:42,821] {dag.py:2273} INFO - Setting next_dagrun for example_xcom_args to None
[2021-04-06 18:52:42,822] {logging_mixin.py:104} INFO - [2021-04-06 18:52:42,822] {dag.py:2273} INFO - Setting next_dagrun for example_xcom_args_with_operators to None
[2021-04-06 18:52:42,828] {scheduler_job.py:190} INFO - Processing /Users/garonsmith/Desktop/airflow_study/airflow-etl-explore/.venv/lib/python3.8/site-packages/airflow/example_dags/example_xcomargs.py took 0.081 seconds
[2021-04-06 18:53:13,971] {scheduler_job.py:182} INFO - Started process (PID=21752) to work on /Users/garonsmith/Desktop/airflow_study/airflow-etl-explore/.venv/lib/python3.8/site-packages/airflow/example_dags/example_xcomargs.py
[2021-04-06 18:53:13,971] {scheduler_job.py:629} INFO - Processing file /Users/garonsmith/Desktop/airflow_study/airflow-etl-explore/.venv/lib/python3.8/site-packages/airflow/example_dags/example_xcomargs.py for tasks to queue
[2021-04-06 18:53:13,972] {logging_mixin.py:104} INFO - [2021-04-06 18:53:13,972] {dagbag.py:448} INFO - Filling up the DagBag from /Users/garonsmith/Desktop/airflow_study/airflow-etl-explore/.venv/lib/python3.8/site-packages/airflow/example_dags/example_xcomargs.py
[2021-04-06 18:53:13,978] {scheduler_job.py:639} INFO - DAG(s) dict_keys(['example_xcom_args', 'example_xcom_args_with_operators']) retrieved from /Users/garonsmith/Desktop/airflow_study/airflow-etl-explore/.venv/lib/python3.8/site-packages/airflow/example_dags/example_xcomargs.py
[2021-04-06 18:53:14,020] {logging_mixin.py:104} INFO - [2021-04-06 18:53:14,020] {dag.py:1818} INFO - Sync 2 DAGs
[2021-04-06 18:53:14,027] {logging_mixin.py:104} INFO - [2021-04-06 18:53:14,027] {dag.py:2273} INFO - Setting next_dagrun for example_xcom_args to None
[2021-04-06 18:53:14,028] {logging_mixin.py:104} INFO - [2021-04-06 18:53:14,028] {dag.py:2273} INFO - Setting next_dagrun for example_xcom_args_with_operators to None
[2021-04-06 18:53:14,033] {scheduler_job.py:190} INFO - Processing /Users/garonsmith/Desktop/airflow_study/airflow-etl-explore/.venv/lib/python3.8/site-packages/airflow/example_dags/example_xcomargs.py took 0.063 seconds
[2021-04-06 18:53:45,168] {scheduler_job.py:182} INFO - Started process (PID=21860) to work on /Users/garonsmith/Desktop/airflow_study/airflow-etl-explore/.venv/lib/python3.8/site-packages/airflow/example_dags/example_xcomargs.py
[2021-04-06 18:53:45,168] {scheduler_job.py:629} INFO - Processing file /Users/garonsmith/Desktop/airflow_study/airflow-etl-explore/.venv/lib/python3.8/site-packages/airflow/example_dags/example_xcomargs.py for tasks to queue
[2021-04-06 18:53:45,168] {logging_mixin.py:104} INFO - [2021-04-06 18:53:45,168] {dagbag.py:448} INFO - Filling up the DagBag from /Users/garonsmith/Desktop/airflow_study/airflow-etl-explore/.venv/lib/python3.8/site-packages/airflow/example_dags/example_xcomargs.py
[2021-04-06 18:53:45,174] {scheduler_job.py:639} INFO - DAG(s) dict_keys(['example_xcom_args', 'example_xcom_args_with_operators']) retrieved from /Users/garonsmith/Desktop/airflow_study/airflow-etl-explore/.venv/lib/python3.8/site-packages/airflow/example_dags/example_xcomargs.py
[2021-04-06 18:53:45,223] {logging_mixin.py:104} INFO - [2021-04-06 18:53:45,223] {dag.py:1818} INFO - Sync 2 DAGs
[2021-04-06 18:53:45,231] {logging_mixin.py:104} INFO - [2021-04-06 18:53:45,231] {dag.py:2273} INFO - Setting next_dagrun for example_xcom_args to None
[2021-04-06 18:53:45,231] {logging_mixin.py:104} INFO - [2021-04-06 18:53:45,231] {dag.py:2273} INFO - Setting next_dagrun for example_xcom_args_with_operators to None
[2021-04-06 18:53:45,239] {scheduler_job.py:190} INFO - Processing /Users/garonsmith/Desktop/airflow_study/airflow-etl-explore/.venv/lib/python3.8/site-packages/airflow/example_dags/example_xcomargs.py took 0.072 seconds
[2021-04-06 18:54:16,681] {scheduler_job.py:182} INFO - Started process (PID=21961) to work on /Users/garonsmith/Desktop/airflow_study/airflow-etl-explore/.venv/lib/python3.8/site-packages/airflow/example_dags/example_xcomargs.py
[2021-04-06 18:54:16,681] {scheduler_job.py:629} INFO - Processing file /Users/garonsmith/Desktop/airflow_study/airflow-etl-explore/.venv/lib/python3.8/site-packages/airflow/example_dags/example_xcomargs.py for tasks to queue
[2021-04-06 18:54:16,682] {logging_mixin.py:104} INFO - [2021-04-06 18:54:16,682] {dagbag.py:448} INFO - Filling up the DagBag from /Users/garonsmith/Desktop/airflow_study/airflow-etl-explore/.venv/lib/python3.8/site-packages/airflow/example_dags/example_xcomargs.py
[2021-04-06 18:54:16,687] {scheduler_job.py:639} INFO - DAG(s) dict_keys(['example_xcom_args', 'example_xcom_args_with_operators']) retrieved from /Users/garonsmith/Desktop/airflow_study/airflow-etl-explore/.venv/lib/python3.8/site-packages/airflow/example_dags/example_xcomargs.py
[2021-04-06 18:54:16,720] {logging_mixin.py:104} INFO - [2021-04-06 18:54:16,720] {dag.py:1818} INFO - Sync 2 DAGs
[2021-04-06 18:54:16,728] {logging_mixin.py:104} INFO - [2021-04-06 18:54:16,728] {dag.py:2273} INFO - Setting next_dagrun for example_xcom_args to None
[2021-04-06 18:54:16,729] {logging_mixin.py:104} INFO - [2021-04-06 18:54:16,728] {dag.py:2273} INFO - Setting next_dagrun for example_xcom_args_with_operators to None
[2021-04-06 18:54:16,735] {scheduler_job.py:190} INFO - Processing /Users/garonsmith/Desktop/airflow_study/airflow-etl-explore/.venv/lib/python3.8/site-packages/airflow/example_dags/example_xcomargs.py took 0.054 seconds
