[2021-04-06 18:36:20,661] {scheduler_job.py:182} INFO - Started process (PID=17438) to work on /Users/garonsmith/Desktop/airflow_study/airflow-etl-explore/.venv/lib/python3.8/site-packages/airflow/example_dags/example_latest_only_with_trigger.py
[2021-04-06 18:36:20,661] {scheduler_job.py:629} INFO - Processing file /Users/garonsmith/Desktop/airflow_study/airflow-etl-explore/.venv/lib/python3.8/site-packages/airflow/example_dags/example_latest_only_with_trigger.py for tasks to queue
[2021-04-06 18:36:20,661] {logging_mixin.py:104} INFO - [2021-04-06 18:36:20,661] {dagbag.py:448} INFO - Filling up the DagBag from /Users/garonsmith/Desktop/airflow_study/airflow-etl-explore/.venv/lib/python3.8/site-packages/airflow/example_dags/example_latest_only_with_trigger.py
[2021-04-06 18:36:20,665] {scheduler_job.py:639} INFO - DAG(s) dict_keys(['latest_only_with_trigger']) retrieved from /Users/garonsmith/Desktop/airflow_study/airflow-etl-explore/.venv/lib/python3.8/site-packages/airflow/example_dags/example_latest_only_with_trigger.py
[2021-04-06 18:36:20,698] {logging_mixin.py:104} INFO - [2021-04-06 18:36:20,698] {dag.py:1818} INFO - Sync 1 DAGs
[2021-04-06 18:36:20,704] {logging_mixin.py:104} INFO - [2021-04-06 18:36:20,704] {dag.py:2273} INFO - Setting next_dagrun for latest_only_with_trigger to 2021-04-04 00:00:00+00:00
[2021-04-06 18:36:20,709] {scheduler_job.py:190} INFO - Processing /Users/garonsmith/Desktop/airflow_study/airflow-etl-explore/.venv/lib/python3.8/site-packages/airflow/example_dags/example_latest_only_with_trigger.py took 0.049 seconds
[2021-04-06 18:36:52,088] {scheduler_job.py:182} INFO - Started process (PID=17524) to work on /Users/garonsmith/Desktop/airflow_study/airflow-etl-explore/.venv/lib/python3.8/site-packages/airflow/example_dags/example_latest_only_with_trigger.py
[2021-04-06 18:36:52,089] {scheduler_job.py:629} INFO - Processing file /Users/garonsmith/Desktop/airflow_study/airflow-etl-explore/.venv/lib/python3.8/site-packages/airflow/example_dags/example_latest_only_with_trigger.py for tasks to queue
[2021-04-06 18:36:52,089] {logging_mixin.py:104} INFO - [2021-04-06 18:36:52,089] {dagbag.py:448} INFO - Filling up the DagBag from /Users/garonsmith/Desktop/airflow_study/airflow-etl-explore/.venv/lib/python3.8/site-packages/airflow/example_dags/example_latest_only_with_trigger.py
[2021-04-06 18:36:52,094] {scheduler_job.py:639} INFO - DAG(s) dict_keys(['latest_only_with_trigger']) retrieved from /Users/garonsmith/Desktop/airflow_study/airflow-etl-explore/.venv/lib/python3.8/site-packages/airflow/example_dags/example_latest_only_with_trigger.py
[2021-04-06 18:36:52,129] {logging_mixin.py:104} INFO - [2021-04-06 18:36:52,129] {dag.py:1818} INFO - Sync 1 DAGs
[2021-04-06 18:36:52,135] {logging_mixin.py:104} INFO - [2021-04-06 18:36:52,135] {dag.py:2273} INFO - Setting next_dagrun for latest_only_with_trigger to 2021-04-04 00:00:00+00:00
[2021-04-06 18:36:52,140] {scheduler_job.py:190} INFO - Processing /Users/garonsmith/Desktop/airflow_study/airflow-etl-explore/.venv/lib/python3.8/site-packages/airflow/example_dags/example_latest_only_with_trigger.py took 0.053 seconds
[2021-04-06 18:37:22,920] {scheduler_job.py:182} INFO - Started process (PID=18422) to work on /Users/garonsmith/Desktop/airflow_study/airflow-etl-explore/.venv/lib/python3.8/site-packages/airflow/example_dags/example_latest_only_with_trigger.py
[2021-04-06 18:37:22,921] {scheduler_job.py:629} INFO - Processing file /Users/garonsmith/Desktop/airflow_study/airflow-etl-explore/.venv/lib/python3.8/site-packages/airflow/example_dags/example_latest_only_with_trigger.py for tasks to queue
[2021-04-06 18:37:22,921] {logging_mixin.py:104} INFO - [2021-04-06 18:37:22,921] {dagbag.py:448} INFO - Filling up the DagBag from /Users/garonsmith/Desktop/airflow_study/airflow-etl-explore/.venv/lib/python3.8/site-packages/airflow/example_dags/example_latest_only_with_trigger.py
[2021-04-06 18:37:22,926] {scheduler_job.py:639} INFO - DAG(s) dict_keys(['latest_only_with_trigger']) retrieved from /Users/garonsmith/Desktop/airflow_study/airflow-etl-explore/.venv/lib/python3.8/site-packages/airflow/example_dags/example_latest_only_with_trigger.py
[2021-04-06 18:37:22,958] {logging_mixin.py:104} INFO - [2021-04-06 18:37:22,958] {dag.py:1818} INFO - Sync 1 DAGs
[2021-04-06 18:37:22,965] {logging_mixin.py:104} INFO - [2021-04-06 18:37:22,965] {dag.py:2273} INFO - Setting next_dagrun for latest_only_with_trigger to 2021-04-04 00:00:00+00:00
[2021-04-06 18:37:22,970] {scheduler_job.py:190} INFO - Processing /Users/garonsmith/Desktop/airflow_study/airflow-etl-explore/.venv/lib/python3.8/site-packages/airflow/example_dags/example_latest_only_with_trigger.py took 0.051 seconds
[2021-04-06 18:37:53,863] {scheduler_job.py:182} INFO - Started process (PID=18502) to work on /Users/garonsmith/Desktop/airflow_study/airflow-etl-explore/.venv/lib/python3.8/site-packages/airflow/example_dags/example_latest_only_with_trigger.py
[2021-04-06 18:37:53,864] {scheduler_job.py:629} INFO - Processing file /Users/garonsmith/Desktop/airflow_study/airflow-etl-explore/.venv/lib/python3.8/site-packages/airflow/example_dags/example_latest_only_with_trigger.py for tasks to queue
[2021-04-06 18:37:53,864] {logging_mixin.py:104} INFO - [2021-04-06 18:37:53,864] {dagbag.py:448} INFO - Filling up the DagBag from /Users/garonsmith/Desktop/airflow_study/airflow-etl-explore/.venv/lib/python3.8/site-packages/airflow/example_dags/example_latest_only_with_trigger.py
[2021-04-06 18:37:53,868] {scheduler_job.py:639} INFO - DAG(s) dict_keys(['latest_only_with_trigger']) retrieved from /Users/garonsmith/Desktop/airflow_study/airflow-etl-explore/.venv/lib/python3.8/site-packages/airflow/example_dags/example_latest_only_with_trigger.py
[2021-04-06 18:37:53,901] {logging_mixin.py:104} INFO - [2021-04-06 18:37:53,901] {dag.py:1818} INFO - Sync 1 DAGs
[2021-04-06 18:37:53,908] {logging_mixin.py:104} INFO - [2021-04-06 18:37:53,908] {dag.py:2273} INFO - Setting next_dagrun for latest_only_with_trigger to 2021-04-04 00:00:00+00:00
[2021-04-06 18:37:53,912] {scheduler_job.py:190} INFO - Processing /Users/garonsmith/Desktop/airflow_study/airflow-etl-explore/.venv/lib/python3.8/site-packages/airflow/example_dags/example_latest_only_with_trigger.py took 0.049 seconds
[2021-04-06 18:38:24,779] {scheduler_job.py:182} INFO - Started process (PID=18588) to work on /Users/garonsmith/Desktop/airflow_study/airflow-etl-explore/.venv/lib/python3.8/site-packages/airflow/example_dags/example_latest_only_with_trigger.py
[2021-04-06 18:38:24,780] {scheduler_job.py:629} INFO - Processing file /Users/garonsmith/Desktop/airflow_study/airflow-etl-explore/.venv/lib/python3.8/site-packages/airflow/example_dags/example_latest_only_with_trigger.py for tasks to queue
[2021-04-06 18:38:24,780] {logging_mixin.py:104} INFO - [2021-04-06 18:38:24,780] {dagbag.py:448} INFO - Filling up the DagBag from /Users/garonsmith/Desktop/airflow_study/airflow-etl-explore/.venv/lib/python3.8/site-packages/airflow/example_dags/example_latest_only_with_trigger.py
[2021-04-06 18:38:24,784] {scheduler_job.py:639} INFO - DAG(s) dict_keys(['latest_only_with_trigger']) retrieved from /Users/garonsmith/Desktop/airflow_study/airflow-etl-explore/.venv/lib/python3.8/site-packages/airflow/example_dags/example_latest_only_with_trigger.py
[2021-04-06 18:38:24,827] {logging_mixin.py:104} INFO - [2021-04-06 18:38:24,827] {dag.py:1818} INFO - Sync 1 DAGs
[2021-04-06 18:38:24,835] {logging_mixin.py:104} INFO - [2021-04-06 18:38:24,835] {dag.py:2273} INFO - Setting next_dagrun for latest_only_with_trigger to 2021-04-04 00:00:00+00:00
[2021-04-06 18:38:24,840] {scheduler_job.py:190} INFO - Processing /Users/garonsmith/Desktop/airflow_study/airflow-etl-explore/.venv/lib/python3.8/site-packages/airflow/example_dags/example_latest_only_with_trigger.py took 0.062 seconds
[2021-04-06 18:38:55,692] {scheduler_job.py:182} INFO - Started process (PID=18681) to work on /Users/garonsmith/Desktop/airflow_study/airflow-etl-explore/.venv/lib/python3.8/site-packages/airflow/example_dags/example_latest_only_with_trigger.py
[2021-04-06 18:38:55,692] {scheduler_job.py:629} INFO - Processing file /Users/garonsmith/Desktop/airflow_study/airflow-etl-explore/.venv/lib/python3.8/site-packages/airflow/example_dags/example_latest_only_with_trigger.py for tasks to queue
[2021-04-06 18:38:55,693] {logging_mixin.py:104} INFO - [2021-04-06 18:38:55,693] {dagbag.py:448} INFO - Filling up the DagBag from /Users/garonsmith/Desktop/airflow_study/airflow-etl-explore/.venv/lib/python3.8/site-packages/airflow/example_dags/example_latest_only_with_trigger.py
[2021-04-06 18:38:55,697] {scheduler_job.py:639} INFO - DAG(s) dict_keys(['latest_only_with_trigger']) retrieved from /Users/garonsmith/Desktop/airflow_study/airflow-etl-explore/.venv/lib/python3.8/site-packages/airflow/example_dags/example_latest_only_with_trigger.py
[2021-04-06 18:38:55,738] {logging_mixin.py:104} INFO - [2021-04-06 18:38:55,738] {dag.py:1818} INFO - Sync 1 DAGs
[2021-04-06 18:38:55,744] {logging_mixin.py:104} INFO - [2021-04-06 18:38:55,744] {dag.py:2273} INFO - Setting next_dagrun for latest_only_with_trigger to 2021-04-04 00:00:00+00:00
[2021-04-06 18:38:55,762] {scheduler_job.py:190} INFO - Processing /Users/garonsmith/Desktop/airflow_study/airflow-etl-explore/.venv/lib/python3.8/site-packages/airflow/example_dags/example_latest_only_with_trigger.py took 0.070 seconds
[2021-04-06 18:39:26,692] {scheduler_job.py:182} INFO - Started process (PID=18777) to work on /Users/garonsmith/Desktop/airflow_study/airflow-etl-explore/.venv/lib/python3.8/site-packages/airflow/example_dags/example_latest_only_with_trigger.py
[2021-04-06 18:39:26,692] {scheduler_job.py:629} INFO - Processing file /Users/garonsmith/Desktop/airflow_study/airflow-etl-explore/.venv/lib/python3.8/site-packages/airflow/example_dags/example_latest_only_with_trigger.py for tasks to queue
[2021-04-06 18:39:26,692] {logging_mixin.py:104} INFO - [2021-04-06 18:39:26,692] {dagbag.py:448} INFO - Filling up the DagBag from /Users/garonsmith/Desktop/airflow_study/airflow-etl-explore/.venv/lib/python3.8/site-packages/airflow/example_dags/example_latest_only_with_trigger.py
[2021-04-06 18:39:26,697] {scheduler_job.py:639} INFO - DAG(s) dict_keys(['latest_only_with_trigger']) retrieved from /Users/garonsmith/Desktop/airflow_study/airflow-etl-explore/.venv/lib/python3.8/site-packages/airflow/example_dags/example_latest_only_with_trigger.py
[2021-04-06 18:39:26,766] {logging_mixin.py:104} INFO - [2021-04-06 18:39:26,766] {dag.py:1818} INFO - Sync 1 DAGs
[2021-04-06 18:39:26,773] {logging_mixin.py:104} INFO - [2021-04-06 18:39:26,773] {dag.py:2273} INFO - Setting next_dagrun for latest_only_with_trigger to 2021-04-04 00:00:00+00:00
[2021-04-06 18:39:26,778] {scheduler_job.py:190} INFO - Processing /Users/garonsmith/Desktop/airflow_study/airflow-etl-explore/.venv/lib/python3.8/site-packages/airflow/example_dags/example_latest_only_with_trigger.py took 0.087 seconds
[2021-04-06 18:39:58,127] {scheduler_job.py:182} INFO - Started process (PID=18892) to work on /Users/garonsmith/Desktop/airflow_study/airflow-etl-explore/.venv/lib/python3.8/site-packages/airflow/example_dags/example_latest_only_with_trigger.py
[2021-04-06 18:39:58,128] {scheduler_job.py:629} INFO - Processing file /Users/garonsmith/Desktop/airflow_study/airflow-etl-explore/.venv/lib/python3.8/site-packages/airflow/example_dags/example_latest_only_with_trigger.py for tasks to queue
[2021-04-06 18:39:58,128] {logging_mixin.py:104} INFO - [2021-04-06 18:39:58,128] {dagbag.py:448} INFO - Filling up the DagBag from /Users/garonsmith/Desktop/airflow_study/airflow-etl-explore/.venv/lib/python3.8/site-packages/airflow/example_dags/example_latest_only_with_trigger.py
[2021-04-06 18:39:58,133] {scheduler_job.py:639} INFO - DAG(s) dict_keys(['latest_only_with_trigger']) retrieved from /Users/garonsmith/Desktop/airflow_study/airflow-etl-explore/.venv/lib/python3.8/site-packages/airflow/example_dags/example_latest_only_with_trigger.py
[2021-04-06 18:39:58,169] {logging_mixin.py:104} INFO - [2021-04-06 18:39:58,168] {dag.py:1818} INFO - Sync 1 DAGs
[2021-04-06 18:39:58,176] {logging_mixin.py:104} INFO - [2021-04-06 18:39:58,176] {dag.py:2273} INFO - Setting next_dagrun for latest_only_with_trigger to 2021-04-04 00:00:00+00:00
[2021-04-06 18:39:58,181] {scheduler_job.py:190} INFO - Processing /Users/garonsmith/Desktop/airflow_study/airflow-etl-explore/.venv/lib/python3.8/site-packages/airflow/example_dags/example_latest_only_with_trigger.py took 0.054 seconds
[2021-04-06 18:40:29,304] {scheduler_job.py:182} INFO - Started process (PID=18989) to work on /Users/garonsmith/Desktop/airflow_study/airflow-etl-explore/.venv/lib/python3.8/site-packages/airflow/example_dags/example_latest_only_with_trigger.py
[2021-04-06 18:40:29,304] {scheduler_job.py:629} INFO - Processing file /Users/garonsmith/Desktop/airflow_study/airflow-etl-explore/.venv/lib/python3.8/site-packages/airflow/example_dags/example_latest_only_with_trigger.py for tasks to queue
[2021-04-06 18:40:29,305] {logging_mixin.py:104} INFO - [2021-04-06 18:40:29,305] {dagbag.py:448} INFO - Filling up the DagBag from /Users/garonsmith/Desktop/airflow_study/airflow-etl-explore/.venv/lib/python3.8/site-packages/airflow/example_dags/example_latest_only_with_trigger.py
[2021-04-06 18:40:29,309] {scheduler_job.py:639} INFO - DAG(s) dict_keys(['latest_only_with_trigger']) retrieved from /Users/garonsmith/Desktop/airflow_study/airflow-etl-explore/.venv/lib/python3.8/site-packages/airflow/example_dags/example_latest_only_with_trigger.py
[2021-04-06 18:40:29,352] {logging_mixin.py:104} INFO - [2021-04-06 18:40:29,352] {dag.py:1818} INFO - Sync 1 DAGs
[2021-04-06 18:40:29,358] {logging_mixin.py:104} INFO - [2021-04-06 18:40:29,358] {dag.py:2273} INFO - Setting next_dagrun for latest_only_with_trigger to 2021-04-04 00:00:00+00:00
[2021-04-06 18:40:29,363] {scheduler_job.py:190} INFO - Processing /Users/garonsmith/Desktop/airflow_study/airflow-etl-explore/.venv/lib/python3.8/site-packages/airflow/example_dags/example_latest_only_with_trigger.py took 0.059 seconds
[2021-04-06 18:41:00,341] {scheduler_job.py:182} INFO - Started process (PID=19068) to work on /Users/garonsmith/Desktop/airflow_study/airflow-etl-explore/.venv/lib/python3.8/site-packages/airflow/example_dags/example_latest_only_with_trigger.py
[2021-04-06 18:41:00,341] {scheduler_job.py:629} INFO - Processing file /Users/garonsmith/Desktop/airflow_study/airflow-etl-explore/.venv/lib/python3.8/site-packages/airflow/example_dags/example_latest_only_with_trigger.py for tasks to queue
[2021-04-06 18:41:00,341] {logging_mixin.py:104} INFO - [2021-04-06 18:41:00,341] {dagbag.py:448} INFO - Filling up the DagBag from /Users/garonsmith/Desktop/airflow_study/airflow-etl-explore/.venv/lib/python3.8/site-packages/airflow/example_dags/example_latest_only_with_trigger.py
[2021-04-06 18:41:00,345] {scheduler_job.py:639} INFO - DAG(s) dict_keys(['latest_only_with_trigger']) retrieved from /Users/garonsmith/Desktop/airflow_study/airflow-etl-explore/.venv/lib/python3.8/site-packages/airflow/example_dags/example_latest_only_with_trigger.py
[2021-04-06 18:41:00,376] {logging_mixin.py:104} INFO - [2021-04-06 18:41:00,376] {dag.py:1818} INFO - Sync 1 DAGs
[2021-04-06 18:41:00,400] {logging_mixin.py:104} INFO - [2021-04-06 18:41:00,400] {dag.py:2273} INFO - Setting next_dagrun for latest_only_with_trigger to 2021-04-04 00:00:00+00:00
[2021-04-06 18:41:00,404] {scheduler_job.py:190} INFO - Processing /Users/garonsmith/Desktop/airflow_study/airflow-etl-explore/.venv/lib/python3.8/site-packages/airflow/example_dags/example_latest_only_with_trigger.py took 0.064 seconds
[2021-04-06 18:41:31,849] {scheduler_job.py:182} INFO - Started process (PID=19162) to work on /Users/garonsmith/Desktop/airflow_study/airflow-etl-explore/.venv/lib/python3.8/site-packages/airflow/example_dags/example_latest_only_with_trigger.py
[2021-04-06 18:41:31,850] {scheduler_job.py:629} INFO - Processing file /Users/garonsmith/Desktop/airflow_study/airflow-etl-explore/.venv/lib/python3.8/site-packages/airflow/example_dags/example_latest_only_with_trigger.py for tasks to queue
[2021-04-06 18:41:31,850] {logging_mixin.py:104} INFO - [2021-04-06 18:41:31,850] {dagbag.py:448} INFO - Filling up the DagBag from /Users/garonsmith/Desktop/airflow_study/airflow-etl-explore/.venv/lib/python3.8/site-packages/airflow/example_dags/example_latest_only_with_trigger.py
[2021-04-06 18:41:31,855] {scheduler_job.py:639} INFO - DAG(s) dict_keys(['latest_only_with_trigger']) retrieved from /Users/garonsmith/Desktop/airflow_study/airflow-etl-explore/.venv/lib/python3.8/site-packages/airflow/example_dags/example_latest_only_with_trigger.py
[2021-04-06 18:41:31,899] {logging_mixin.py:104} INFO - [2021-04-06 18:41:31,899] {dag.py:1818} INFO - Sync 1 DAGs
[2021-04-06 18:41:31,908] {logging_mixin.py:104} INFO - [2021-04-06 18:41:31,908] {dag.py:2273} INFO - Setting next_dagrun for latest_only_with_trigger to 2021-04-04 00:00:00+00:00
[2021-04-06 18:41:31,913] {scheduler_job.py:190} INFO - Processing /Users/garonsmith/Desktop/airflow_study/airflow-etl-explore/.venv/lib/python3.8/site-packages/airflow/example_dags/example_latest_only_with_trigger.py took 0.064 seconds
[2021-04-06 18:42:02,937] {scheduler_job.py:182} INFO - Started process (PID=19266) to work on /Users/garonsmith/Desktop/airflow_study/airflow-etl-explore/.venv/lib/python3.8/site-packages/airflow/example_dags/example_latest_only_with_trigger.py
[2021-04-06 18:42:02,938] {scheduler_job.py:629} INFO - Processing file /Users/garonsmith/Desktop/airflow_study/airflow-etl-explore/.venv/lib/python3.8/site-packages/airflow/example_dags/example_latest_only_with_trigger.py for tasks to queue
[2021-04-06 18:42:02,938] {logging_mixin.py:104} INFO - [2021-04-06 18:42:02,938] {dagbag.py:448} INFO - Filling up the DagBag from /Users/garonsmith/Desktop/airflow_study/airflow-etl-explore/.venv/lib/python3.8/site-packages/airflow/example_dags/example_latest_only_with_trigger.py
[2021-04-06 18:42:02,942] {scheduler_job.py:639} INFO - DAG(s) dict_keys(['latest_only_with_trigger']) retrieved from /Users/garonsmith/Desktop/airflow_study/airflow-etl-explore/.venv/lib/python3.8/site-packages/airflow/example_dags/example_latest_only_with_trigger.py
[2021-04-06 18:42:02,981] {logging_mixin.py:104} INFO - [2021-04-06 18:42:02,981] {dag.py:1818} INFO - Sync 1 DAGs
[2021-04-06 18:42:03,007] {logging_mixin.py:104} INFO - [2021-04-06 18:42:03,007] {dag.py:2273} INFO - Setting next_dagrun for latest_only_with_trigger to 2021-04-04 00:00:00+00:00
[2021-04-06 18:42:03,012] {scheduler_job.py:190} INFO - Processing /Users/garonsmith/Desktop/airflow_study/airflow-etl-explore/.venv/lib/python3.8/site-packages/airflow/example_dags/example_latest_only_with_trigger.py took 0.076 seconds
[2021-04-06 18:42:33,647] {scheduler_job.py:182} INFO - Started process (PID=19356) to work on /Users/garonsmith/Desktop/airflow_study/airflow-etl-explore/.venv/lib/python3.8/site-packages/airflow/example_dags/example_latest_only_with_trigger.py
[2021-04-06 18:42:33,648] {scheduler_job.py:629} INFO - Processing file /Users/garonsmith/Desktop/airflow_study/airflow-etl-explore/.venv/lib/python3.8/site-packages/airflow/example_dags/example_latest_only_with_trigger.py for tasks to queue
[2021-04-06 18:42:33,648] {logging_mixin.py:104} INFO - [2021-04-06 18:42:33,648] {dagbag.py:448} INFO - Filling up the DagBag from /Users/garonsmith/Desktop/airflow_study/airflow-etl-explore/.venv/lib/python3.8/site-packages/airflow/example_dags/example_latest_only_with_trigger.py
[2021-04-06 18:42:33,652] {scheduler_job.py:639} INFO - DAG(s) dict_keys(['latest_only_with_trigger']) retrieved from /Users/garonsmith/Desktop/airflow_study/airflow-etl-explore/.venv/lib/python3.8/site-packages/airflow/example_dags/example_latest_only_with_trigger.py
[2021-04-06 18:42:33,701] {logging_mixin.py:104} INFO - [2021-04-06 18:42:33,701] {dag.py:1818} INFO - Sync 1 DAGs
[2021-04-06 18:42:33,708] {logging_mixin.py:104} INFO - [2021-04-06 18:42:33,708] {dag.py:2273} INFO - Setting next_dagrun for latest_only_with_trigger to 2021-04-04 00:00:00+00:00
[2021-04-06 18:42:33,714] {scheduler_job.py:190} INFO - Processing /Users/garonsmith/Desktop/airflow_study/airflow-etl-explore/.venv/lib/python3.8/site-packages/airflow/example_dags/example_latest_only_with_trigger.py took 0.067 seconds
[2021-04-06 18:43:04,846] {scheduler_job.py:182} INFO - Started process (PID=19443) to work on /Users/garonsmith/Desktop/airflow_study/airflow-etl-explore/.venv/lib/python3.8/site-packages/airflow/example_dags/example_latest_only_with_trigger.py
[2021-04-06 18:43:04,846] {scheduler_job.py:629} INFO - Processing file /Users/garonsmith/Desktop/airflow_study/airflow-etl-explore/.venv/lib/python3.8/site-packages/airflow/example_dags/example_latest_only_with_trigger.py for tasks to queue
[2021-04-06 18:43:04,846] {logging_mixin.py:104} INFO - [2021-04-06 18:43:04,846] {dagbag.py:448} INFO - Filling up the DagBag from /Users/garonsmith/Desktop/airflow_study/airflow-etl-explore/.venv/lib/python3.8/site-packages/airflow/example_dags/example_latest_only_with_trigger.py
[2021-04-06 18:43:04,850] {scheduler_job.py:639} INFO - DAG(s) dict_keys(['latest_only_with_trigger']) retrieved from /Users/garonsmith/Desktop/airflow_study/airflow-etl-explore/.venv/lib/python3.8/site-packages/airflow/example_dags/example_latest_only_with_trigger.py
[2021-04-06 18:43:04,880] {logging_mixin.py:104} INFO - [2021-04-06 18:43:04,880] {dag.py:1818} INFO - Sync 1 DAGs
[2021-04-06 18:43:04,902] {logging_mixin.py:104} INFO - [2021-04-06 18:43:04,902] {dag.py:2273} INFO - Setting next_dagrun for latest_only_with_trigger to 2021-04-04 00:00:00+00:00
[2021-04-06 18:43:04,907] {scheduler_job.py:190} INFO - Processing /Users/garonsmith/Desktop/airflow_study/airflow-etl-explore/.venv/lib/python3.8/site-packages/airflow/example_dags/example_latest_only_with_trigger.py took 0.062 seconds
[2021-04-06 18:43:36,199] {scheduler_job.py:182} INFO - Started process (PID=19559) to work on /Users/garonsmith/Desktop/airflow_study/airflow-etl-explore/.venv/lib/python3.8/site-packages/airflow/example_dags/example_latest_only_with_trigger.py
[2021-04-06 18:43:36,200] {scheduler_job.py:629} INFO - Processing file /Users/garonsmith/Desktop/airflow_study/airflow-etl-explore/.venv/lib/python3.8/site-packages/airflow/example_dags/example_latest_only_with_trigger.py for tasks to queue
[2021-04-06 18:43:36,200] {logging_mixin.py:104} INFO - [2021-04-06 18:43:36,200] {dagbag.py:448} INFO - Filling up the DagBag from /Users/garonsmith/Desktop/airflow_study/airflow-etl-explore/.venv/lib/python3.8/site-packages/airflow/example_dags/example_latest_only_with_trigger.py
[2021-04-06 18:43:36,206] {scheduler_job.py:639} INFO - DAG(s) dict_keys(['latest_only_with_trigger']) retrieved from /Users/garonsmith/Desktop/airflow_study/airflow-etl-explore/.venv/lib/python3.8/site-packages/airflow/example_dags/example_latest_only_with_trigger.py
[2021-04-06 18:43:36,254] {logging_mixin.py:104} INFO - [2021-04-06 18:43:36,254] {dag.py:1818} INFO - Sync 1 DAGs
[2021-04-06 18:43:36,262] {logging_mixin.py:104} INFO - [2021-04-06 18:43:36,261] {dag.py:2273} INFO - Setting next_dagrun for latest_only_with_trigger to 2021-04-04 00:00:00+00:00
[2021-04-06 18:43:36,268] {scheduler_job.py:190} INFO - Processing /Users/garonsmith/Desktop/airflow_study/airflow-etl-explore/.venv/lib/python3.8/site-packages/airflow/example_dags/example_latest_only_with_trigger.py took 0.069 seconds
[2021-04-06 18:43:49,943] {scheduler_job.py:182} INFO - Started process (PID=19631) to work on /Users/garonsmith/Desktop/airflow_study/airflow-etl-explore/.venv/lib/python3.8/site-packages/airflow/example_dags/example_latest_only_with_trigger.py
[2021-04-06 18:43:49,944] {scheduler_job.py:629} INFO - Processing file /Users/garonsmith/Desktop/airflow_study/airflow-etl-explore/.venv/lib/python3.8/site-packages/airflow/example_dags/example_latest_only_with_trigger.py for tasks to queue
[2021-04-06 18:43:49,944] {logging_mixin.py:104} INFO - [2021-04-06 18:43:49,944] {dagbag.py:448} INFO - Filling up the DagBag from /Users/garonsmith/Desktop/airflow_study/airflow-etl-explore/.venv/lib/python3.8/site-packages/airflow/example_dags/example_latest_only_with_trigger.py
[2021-04-06 18:43:49,948] {scheduler_job.py:639} INFO - DAG(s) dict_keys(['latest_only_with_trigger']) retrieved from /Users/garonsmith/Desktop/airflow_study/airflow-etl-explore/.venv/lib/python3.8/site-packages/airflow/example_dags/example_latest_only_with_trigger.py
[2021-04-06 18:43:49,961] {logging_mixin.py:104} INFO - [2021-04-06 18:43:49,961] {dag.py:1818} INFO - Sync 1 DAGs
[2021-04-06 18:43:50,006] {logging_mixin.py:104} INFO - [2021-04-06 18:43:50,006] {dag.py:2273} INFO - Setting next_dagrun for latest_only_with_trigger to 2021-04-04 00:00:00+00:00
[2021-04-06 18:43:50,012] {scheduler_job.py:190} INFO - Processing /Users/garonsmith/Desktop/airflow_study/airflow-etl-explore/.venv/lib/python3.8/site-packages/airflow/example_dags/example_latest_only_with_trigger.py took 0.069 seconds
[2021-04-06 18:44:21,165] {scheduler_job.py:182} INFO - Started process (PID=19721) to work on /Users/garonsmith/Desktop/airflow_study/airflow-etl-explore/.venv/lib/python3.8/site-packages/airflow/example_dags/example_latest_only_with_trigger.py
[2021-04-06 18:44:21,166] {scheduler_job.py:629} INFO - Processing file /Users/garonsmith/Desktop/airflow_study/airflow-etl-explore/.venv/lib/python3.8/site-packages/airflow/example_dags/example_latest_only_with_trigger.py for tasks to queue
[2021-04-06 18:44:21,166] {logging_mixin.py:104} INFO - [2021-04-06 18:44:21,166] {dagbag.py:448} INFO - Filling up the DagBag from /Users/garonsmith/Desktop/airflow_study/airflow-etl-explore/.venv/lib/python3.8/site-packages/airflow/example_dags/example_latest_only_with_trigger.py
[2021-04-06 18:44:21,171] {scheduler_job.py:639} INFO - DAG(s) dict_keys(['latest_only_with_trigger']) retrieved from /Users/garonsmith/Desktop/airflow_study/airflow-etl-explore/.venv/lib/python3.8/site-packages/airflow/example_dags/example_latest_only_with_trigger.py
[2021-04-06 18:44:21,203] {logging_mixin.py:104} INFO - [2021-04-06 18:44:21,203] {dag.py:1818} INFO - Sync 1 DAGs
[2021-04-06 18:44:21,209] {logging_mixin.py:104} INFO - [2021-04-06 18:44:21,209] {dag.py:2273} INFO - Setting next_dagrun for latest_only_with_trigger to 2021-04-04 00:00:00+00:00
[2021-04-06 18:44:21,213] {scheduler_job.py:190} INFO - Processing /Users/garonsmith/Desktop/airflow_study/airflow-etl-explore/.venv/lib/python3.8/site-packages/airflow/example_dags/example_latest_only_with_trigger.py took 0.048 seconds
[2021-04-06 18:44:52,445] {scheduler_job.py:182} INFO - Started process (PID=19811) to work on /Users/garonsmith/Desktop/airflow_study/airflow-etl-explore/.venv/lib/python3.8/site-packages/airflow/example_dags/example_latest_only_with_trigger.py
[2021-04-06 18:44:52,445] {scheduler_job.py:629} INFO - Processing file /Users/garonsmith/Desktop/airflow_study/airflow-etl-explore/.venv/lib/python3.8/site-packages/airflow/example_dags/example_latest_only_with_trigger.py for tasks to queue
[2021-04-06 18:44:52,446] {logging_mixin.py:104} INFO - [2021-04-06 18:44:52,446] {dagbag.py:448} INFO - Filling up the DagBag from /Users/garonsmith/Desktop/airflow_study/airflow-etl-explore/.venv/lib/python3.8/site-packages/airflow/example_dags/example_latest_only_with_trigger.py
[2021-04-06 18:44:52,450] {scheduler_job.py:639} INFO - DAG(s) dict_keys(['latest_only_with_trigger']) retrieved from /Users/garonsmith/Desktop/airflow_study/airflow-etl-explore/.venv/lib/python3.8/site-packages/airflow/example_dags/example_latest_only_with_trigger.py
[2021-04-06 18:44:52,480] {logging_mixin.py:104} INFO - [2021-04-06 18:44:52,480] {dag.py:1818} INFO - Sync 1 DAGs
[2021-04-06 18:44:52,486] {logging_mixin.py:104} INFO - [2021-04-06 18:44:52,486] {dag.py:2273} INFO - Setting next_dagrun for latest_only_with_trigger to 2021-04-04 00:00:00+00:00
[2021-04-06 18:44:52,507] {scheduler_job.py:190} INFO - Processing /Users/garonsmith/Desktop/airflow_study/airflow-etl-explore/.venv/lib/python3.8/site-packages/airflow/example_dags/example_latest_only_with_trigger.py took 0.063 seconds
[2021-04-06 18:45:23,488] {scheduler_job.py:182} INFO - Started process (PID=19898) to work on /Users/garonsmith/Desktop/airflow_study/airflow-etl-explore/.venv/lib/python3.8/site-packages/airflow/example_dags/example_latest_only_with_trigger.py
[2021-04-06 18:45:23,489] {scheduler_job.py:629} INFO - Processing file /Users/garonsmith/Desktop/airflow_study/airflow-etl-explore/.venv/lib/python3.8/site-packages/airflow/example_dags/example_latest_only_with_trigger.py for tasks to queue
[2021-04-06 18:45:23,489] {logging_mixin.py:104} INFO - [2021-04-06 18:45:23,489] {dagbag.py:448} INFO - Filling up the DagBag from /Users/garonsmith/Desktop/airflow_study/airflow-etl-explore/.venv/lib/python3.8/site-packages/airflow/example_dags/example_latest_only_with_trigger.py
[2021-04-06 18:45:23,494] {scheduler_job.py:639} INFO - DAG(s) dict_keys(['latest_only_with_trigger']) retrieved from /Users/garonsmith/Desktop/airflow_study/airflow-etl-explore/.venv/lib/python3.8/site-packages/airflow/example_dags/example_latest_only_with_trigger.py
[2021-04-06 18:45:23,554] {logging_mixin.py:104} INFO - [2021-04-06 18:45:23,554] {dag.py:1818} INFO - Sync 1 DAGs
[2021-04-06 18:45:23,562] {logging_mixin.py:104} INFO - [2021-04-06 18:45:23,562] {dag.py:2273} INFO - Setting next_dagrun for latest_only_with_trigger to 2021-04-04 00:00:00+00:00
[2021-04-06 18:45:23,566] {scheduler_job.py:190} INFO - Processing /Users/garonsmith/Desktop/airflow_study/airflow-etl-explore/.venv/lib/python3.8/site-packages/airflow/example_dags/example_latest_only_with_trigger.py took 0.079 seconds
[2021-04-06 18:45:54,574] {scheduler_job.py:182} INFO - Started process (PID=19991) to work on /Users/garonsmith/Desktop/airflow_study/airflow-etl-explore/.venv/lib/python3.8/site-packages/airflow/example_dags/example_latest_only_with_trigger.py
[2021-04-06 18:45:54,574] {scheduler_job.py:629} INFO - Processing file /Users/garonsmith/Desktop/airflow_study/airflow-etl-explore/.venv/lib/python3.8/site-packages/airflow/example_dags/example_latest_only_with_trigger.py for tasks to queue
[2021-04-06 18:45:54,575] {logging_mixin.py:104} INFO - [2021-04-06 18:45:54,575] {dagbag.py:448} INFO - Filling up the DagBag from /Users/garonsmith/Desktop/airflow_study/airflow-etl-explore/.venv/lib/python3.8/site-packages/airflow/example_dags/example_latest_only_with_trigger.py
[2021-04-06 18:45:54,579] {scheduler_job.py:639} INFO - DAG(s) dict_keys(['latest_only_with_trigger']) retrieved from /Users/garonsmith/Desktop/airflow_study/airflow-etl-explore/.venv/lib/python3.8/site-packages/airflow/example_dags/example_latest_only_with_trigger.py
[2021-04-06 18:45:54,630] {logging_mixin.py:104} INFO - [2021-04-06 18:45:54,630] {dag.py:1818} INFO - Sync 1 DAGs
[2021-04-06 18:45:54,638] {logging_mixin.py:104} INFO - [2021-04-06 18:45:54,638] {dag.py:2273} INFO - Setting next_dagrun for latest_only_with_trigger to 2021-04-04 00:00:00+00:00
[2021-04-06 18:45:54,659] {scheduler_job.py:190} INFO - Processing /Users/garonsmith/Desktop/airflow_study/airflow-etl-explore/.venv/lib/python3.8/site-packages/airflow/example_dags/example_latest_only_with_trigger.py took 0.086 seconds
[2021-04-06 18:46:26,042] {scheduler_job.py:182} INFO - Started process (PID=20084) to work on /Users/garonsmith/Desktop/airflow_study/airflow-etl-explore/.venv/lib/python3.8/site-packages/airflow/example_dags/example_latest_only_with_trigger.py
[2021-04-06 18:46:26,043] {scheduler_job.py:629} INFO - Processing file /Users/garonsmith/Desktop/airflow_study/airflow-etl-explore/.venv/lib/python3.8/site-packages/airflow/example_dags/example_latest_only_with_trigger.py for tasks to queue
[2021-04-06 18:46:26,043] {logging_mixin.py:104} INFO - [2021-04-06 18:46:26,043] {dagbag.py:448} INFO - Filling up the DagBag from /Users/garonsmith/Desktop/airflow_study/airflow-etl-explore/.venv/lib/python3.8/site-packages/airflow/example_dags/example_latest_only_with_trigger.py
[2021-04-06 18:46:26,047] {scheduler_job.py:639} INFO - DAG(s) dict_keys(['latest_only_with_trigger']) retrieved from /Users/garonsmith/Desktop/airflow_study/airflow-etl-explore/.venv/lib/python3.8/site-packages/airflow/example_dags/example_latest_only_with_trigger.py
[2021-04-06 18:46:26,088] {logging_mixin.py:104} INFO - [2021-04-06 18:46:26,088] {dag.py:1818} INFO - Sync 1 DAGs
[2021-04-06 18:46:26,113] {logging_mixin.py:104} INFO - [2021-04-06 18:46:26,113] {dag.py:2273} INFO - Setting next_dagrun for latest_only_with_trigger to 2021-04-04 00:00:00+00:00
[2021-04-06 18:46:26,120] {scheduler_job.py:190} INFO - Processing /Users/garonsmith/Desktop/airflow_study/airflow-etl-explore/.venv/lib/python3.8/site-packages/airflow/example_dags/example_latest_only_with_trigger.py took 0.079 seconds
[2021-04-06 18:46:57,186] {scheduler_job.py:182} INFO - Started process (PID=20172) to work on /Users/garonsmith/Desktop/airflow_study/airflow-etl-explore/.venv/lib/python3.8/site-packages/airflow/example_dags/example_latest_only_with_trigger.py
[2021-04-06 18:46:57,186] {scheduler_job.py:629} INFO - Processing file /Users/garonsmith/Desktop/airflow_study/airflow-etl-explore/.venv/lib/python3.8/site-packages/airflow/example_dags/example_latest_only_with_trigger.py for tasks to queue
[2021-04-06 18:46:57,186] {logging_mixin.py:104} INFO - [2021-04-06 18:46:57,186] {dagbag.py:448} INFO - Filling up the DagBag from /Users/garonsmith/Desktop/airflow_study/airflow-etl-explore/.venv/lib/python3.8/site-packages/airflow/example_dags/example_latest_only_with_trigger.py
[2021-04-06 18:46:57,191] {scheduler_job.py:639} INFO - DAG(s) dict_keys(['latest_only_with_trigger']) retrieved from /Users/garonsmith/Desktop/airflow_study/airflow-etl-explore/.venv/lib/python3.8/site-packages/airflow/example_dags/example_latest_only_with_trigger.py
[2021-04-06 18:46:57,260] {logging_mixin.py:104} INFO - [2021-04-06 18:46:57,260] {dag.py:1818} INFO - Sync 1 DAGs
[2021-04-06 18:46:57,270] {logging_mixin.py:104} INFO - [2021-04-06 18:46:57,270] {dag.py:2273} INFO - Setting next_dagrun for latest_only_with_trigger to 2021-04-04 00:00:00+00:00
[2021-04-06 18:46:57,276] {scheduler_job.py:190} INFO - Processing /Users/garonsmith/Desktop/airflow_study/airflow-etl-explore/.venv/lib/python3.8/site-packages/airflow/example_dags/example_latest_only_with_trigger.py took 0.091 seconds
[2021-04-06 18:47:27,967] {scheduler_job.py:182} INFO - Started process (PID=20258) to work on /Users/garonsmith/Desktop/airflow_study/airflow-etl-explore/.venv/lib/python3.8/site-packages/airflow/example_dags/example_latest_only_with_trigger.py
[2021-04-06 18:47:27,967] {scheduler_job.py:629} INFO - Processing file /Users/garonsmith/Desktop/airflow_study/airflow-etl-explore/.venv/lib/python3.8/site-packages/airflow/example_dags/example_latest_only_with_trigger.py for tasks to queue
[2021-04-06 18:47:27,968] {logging_mixin.py:104} INFO - [2021-04-06 18:47:27,968] {dagbag.py:448} INFO - Filling up the DagBag from /Users/garonsmith/Desktop/airflow_study/airflow-etl-explore/.venv/lib/python3.8/site-packages/airflow/example_dags/example_latest_only_with_trigger.py
[2021-04-06 18:47:27,971] {scheduler_job.py:639} INFO - DAG(s) dict_keys(['latest_only_with_trigger']) retrieved from /Users/garonsmith/Desktop/airflow_study/airflow-etl-explore/.venv/lib/python3.8/site-packages/airflow/example_dags/example_latest_only_with_trigger.py
[2021-04-06 18:47:28,011] {logging_mixin.py:104} INFO - [2021-04-06 18:47:28,010] {dag.py:1818} INFO - Sync 1 DAGs
[2021-04-06 18:47:28,021] {logging_mixin.py:104} INFO - [2021-04-06 18:47:28,021] {dag.py:2273} INFO - Setting next_dagrun for latest_only_with_trigger to 2021-04-04 00:00:00+00:00
[2021-04-06 18:47:28,028] {scheduler_job.py:190} INFO - Processing /Users/garonsmith/Desktop/airflow_study/airflow-etl-explore/.venv/lib/python3.8/site-packages/airflow/example_dags/example_latest_only_with_trigger.py took 0.061 seconds
[2021-04-06 18:47:59,356] {scheduler_job.py:182} INFO - Started process (PID=20345) to work on /Users/garonsmith/Desktop/airflow_study/airflow-etl-explore/.venv/lib/python3.8/site-packages/airflow/example_dags/example_latest_only_with_trigger.py
[2021-04-06 18:47:59,356] {scheduler_job.py:629} INFO - Processing file /Users/garonsmith/Desktop/airflow_study/airflow-etl-explore/.venv/lib/python3.8/site-packages/airflow/example_dags/example_latest_only_with_trigger.py for tasks to queue
[2021-04-06 18:47:59,357] {logging_mixin.py:104} INFO - [2021-04-06 18:47:59,357] {dagbag.py:448} INFO - Filling up the DagBag from /Users/garonsmith/Desktop/airflow_study/airflow-etl-explore/.venv/lib/python3.8/site-packages/airflow/example_dags/example_latest_only_with_trigger.py
[2021-04-06 18:47:59,361] {scheduler_job.py:639} INFO - DAG(s) dict_keys(['latest_only_with_trigger']) retrieved from /Users/garonsmith/Desktop/airflow_study/airflow-etl-explore/.venv/lib/python3.8/site-packages/airflow/example_dags/example_latest_only_with_trigger.py
[2021-04-06 18:47:59,391] {logging_mixin.py:104} INFO - [2021-04-06 18:47:59,391] {dag.py:1818} INFO - Sync 1 DAGs
[2021-04-06 18:47:59,415] {logging_mixin.py:104} INFO - [2021-04-06 18:47:59,415] {dag.py:2273} INFO - Setting next_dagrun for latest_only_with_trigger to 2021-04-04 00:00:00+00:00
[2021-04-06 18:47:59,422] {scheduler_job.py:190} INFO - Processing /Users/garonsmith/Desktop/airflow_study/airflow-etl-explore/.venv/lib/python3.8/site-packages/airflow/example_dags/example_latest_only_with_trigger.py took 0.066 seconds
[2021-04-06 18:48:30,301] {scheduler_job.py:182} INFO - Started process (PID=20432) to work on /Users/garonsmith/Desktop/airflow_study/airflow-etl-explore/.venv/lib/python3.8/site-packages/airflow/example_dags/example_latest_only_with_trigger.py
[2021-04-06 18:48:30,301] {scheduler_job.py:629} INFO - Processing file /Users/garonsmith/Desktop/airflow_study/airflow-etl-explore/.venv/lib/python3.8/site-packages/airflow/example_dags/example_latest_only_with_trigger.py for tasks to queue
[2021-04-06 18:48:30,302] {logging_mixin.py:104} INFO - [2021-04-06 18:48:30,302] {dagbag.py:448} INFO - Filling up the DagBag from /Users/garonsmith/Desktop/airflow_study/airflow-etl-explore/.venv/lib/python3.8/site-packages/airflow/example_dags/example_latest_only_with_trigger.py
[2021-04-06 18:48:30,306] {scheduler_job.py:639} INFO - DAG(s) dict_keys(['latest_only_with_trigger']) retrieved from /Users/garonsmith/Desktop/airflow_study/airflow-etl-explore/.venv/lib/python3.8/site-packages/airflow/example_dags/example_latest_only_with_trigger.py
[2021-04-06 18:48:30,337] {logging_mixin.py:104} INFO - [2021-04-06 18:48:30,337] {dag.py:1818} INFO - Sync 1 DAGs
[2021-04-06 18:48:30,360] {logging_mixin.py:104} INFO - [2021-04-06 18:48:30,360] {dag.py:2273} INFO - Setting next_dagrun for latest_only_with_trigger to 2021-04-04 00:00:00+00:00
[2021-04-06 18:48:30,365] {scheduler_job.py:190} INFO - Processing /Users/garonsmith/Desktop/airflow_study/airflow-etl-explore/.venv/lib/python3.8/site-packages/airflow/example_dags/example_latest_only_with_trigger.py took 0.065 seconds
[2021-04-06 18:49:01,909] {scheduler_job.py:182} INFO - Started process (PID=20521) to work on /Users/garonsmith/Desktop/airflow_study/airflow-etl-explore/.venv/lib/python3.8/site-packages/airflow/example_dags/example_latest_only_with_trigger.py
[2021-04-06 18:49:01,910] {scheduler_job.py:629} INFO - Processing file /Users/garonsmith/Desktop/airflow_study/airflow-etl-explore/.venv/lib/python3.8/site-packages/airflow/example_dags/example_latest_only_with_trigger.py for tasks to queue
[2021-04-06 18:49:01,910] {logging_mixin.py:104} INFO - [2021-04-06 18:49:01,910] {dagbag.py:448} INFO - Filling up the DagBag from /Users/garonsmith/Desktop/airflow_study/airflow-etl-explore/.venv/lib/python3.8/site-packages/airflow/example_dags/example_latest_only_with_trigger.py
[2021-04-06 18:49:01,914] {scheduler_job.py:639} INFO - DAG(s) dict_keys(['latest_only_with_trigger']) retrieved from /Users/garonsmith/Desktop/airflow_study/airflow-etl-explore/.venv/lib/python3.8/site-packages/airflow/example_dags/example_latest_only_with_trigger.py
[2021-04-06 18:49:01,960] {logging_mixin.py:104} INFO - [2021-04-06 18:49:01,959] {dag.py:1818} INFO - Sync 1 DAGs
[2021-04-06 18:49:01,967] {logging_mixin.py:104} INFO - [2021-04-06 18:49:01,967] {dag.py:2273} INFO - Setting next_dagrun for latest_only_with_trigger to 2021-04-04 00:00:00+00:00
[2021-04-06 18:49:01,972] {scheduler_job.py:190} INFO - Processing /Users/garonsmith/Desktop/airflow_study/airflow-etl-explore/.venv/lib/python3.8/site-packages/airflow/example_dags/example_latest_only_with_trigger.py took 0.063 seconds
[2021-04-06 18:49:07,465] {scheduler_job.py:182} INFO - Started process (PID=20602) to work on /Users/garonsmith/Desktop/airflow_study/airflow-etl-explore/.venv/lib/python3.8/site-packages/airflow/example_dags/example_latest_only_with_trigger.py
[2021-04-06 18:49:07,466] {scheduler_job.py:629} INFO - Processing file /Users/garonsmith/Desktop/airflow_study/airflow-etl-explore/.venv/lib/python3.8/site-packages/airflow/example_dags/example_latest_only_with_trigger.py for tasks to queue
[2021-04-06 18:49:07,467] {logging_mixin.py:104} INFO - [2021-04-06 18:49:07,467] {dagbag.py:448} INFO - Filling up the DagBag from /Users/garonsmith/Desktop/airflow_study/airflow-etl-explore/.venv/lib/python3.8/site-packages/airflow/example_dags/example_latest_only_with_trigger.py
[2021-04-06 18:49:07,472] {scheduler_job.py:639} INFO - DAG(s) dict_keys(['latest_only_with_trigger']) retrieved from /Users/garonsmith/Desktop/airflow_study/airflow-etl-explore/.venv/lib/python3.8/site-packages/airflow/example_dags/example_latest_only_with_trigger.py
[2021-04-06 18:49:07,510] {logging_mixin.py:104} INFO - [2021-04-06 18:49:07,509] {dag.py:1818} INFO - Sync 1 DAGs
[2021-04-06 18:49:07,517] {logging_mixin.py:104} INFO - [2021-04-06 18:49:07,517] {dag.py:2273} INFO - Setting next_dagrun for latest_only_with_trigger to 2021-04-04 00:00:00+00:00
[2021-04-06 18:49:07,526] {scheduler_job.py:190} INFO - Processing /Users/garonsmith/Desktop/airflow_study/airflow-etl-explore/.venv/lib/python3.8/site-packages/airflow/example_dags/example_latest_only_with_trigger.py took 0.062 seconds
[2021-04-06 18:49:34,043] {scheduler_job.py:182} INFO - Started process (PID=20702) to work on /Users/garonsmith/Desktop/airflow_study/airflow-etl-explore/.venv/lib/python3.8/site-packages/airflow/example_dags/example_latest_only_with_trigger.py
[2021-04-06 18:49:34,044] {scheduler_job.py:629} INFO - Processing file /Users/garonsmith/Desktop/airflow_study/airflow-etl-explore/.venv/lib/python3.8/site-packages/airflow/example_dags/example_latest_only_with_trigger.py for tasks to queue
[2021-04-06 18:49:34,044] {logging_mixin.py:104} INFO - [2021-04-06 18:49:34,044] {dagbag.py:448} INFO - Filling up the DagBag from /Users/garonsmith/Desktop/airflow_study/airflow-etl-explore/.venv/lib/python3.8/site-packages/airflow/example_dags/example_latest_only_with_trigger.py
[2021-04-06 18:49:34,049] {scheduler_job.py:639} INFO - DAG(s) dict_keys(['latest_only_with_trigger']) retrieved from /Users/garonsmith/Desktop/airflow_study/airflow-etl-explore/.venv/lib/python3.8/site-packages/airflow/example_dags/example_latest_only_with_trigger.py
[2021-04-06 18:49:34,091] {logging_mixin.py:104} INFO - [2021-04-06 18:49:34,091] {dag.py:1818} INFO - Sync 1 DAGs
[2021-04-06 18:49:34,114] {logging_mixin.py:104} INFO - [2021-04-06 18:49:34,114] {dag.py:2273} INFO - Setting next_dagrun for latest_only_with_trigger to 2021-04-04 00:00:00+00:00
[2021-04-06 18:49:34,120] {scheduler_job.py:190} INFO - Processing /Users/garonsmith/Desktop/airflow_study/airflow-etl-explore/.venv/lib/python3.8/site-packages/airflow/example_dags/example_latest_only_with_trigger.py took 0.078 seconds
[2021-04-06 18:49:38,705] {scheduler_job.py:182} INFO - Started process (PID=20768) to work on /Users/garonsmith/Desktop/airflow_study/airflow-etl-explore/.venv/lib/python3.8/site-packages/airflow/example_dags/example_latest_only_with_trigger.py
[2021-04-06 18:49:38,706] {scheduler_job.py:629} INFO - Processing file /Users/garonsmith/Desktop/airflow_study/airflow-etl-explore/.venv/lib/python3.8/site-packages/airflow/example_dags/example_latest_only_with_trigger.py for tasks to queue
[2021-04-06 18:49:38,706] {logging_mixin.py:104} INFO - [2021-04-06 18:49:38,706] {dagbag.py:448} INFO - Filling up the DagBag from /Users/garonsmith/Desktop/airflow_study/airflow-etl-explore/.venv/lib/python3.8/site-packages/airflow/example_dags/example_latest_only_with_trigger.py
[2021-04-06 18:49:38,711] {scheduler_job.py:639} INFO - DAG(s) dict_keys(['latest_only_with_trigger']) retrieved from /Users/garonsmith/Desktop/airflow_study/airflow-etl-explore/.venv/lib/python3.8/site-packages/airflow/example_dags/example_latest_only_with_trigger.py
[2021-04-06 18:49:38,723] {logging_mixin.py:104} INFO - [2021-04-06 18:49:38,723] {dag.py:1818} INFO - Sync 1 DAGs
[2021-04-06 18:49:38,765] {logging_mixin.py:104} INFO - [2021-04-06 18:49:38,765] {dag.py:2273} INFO - Setting next_dagrun for latest_only_with_trigger to 2021-04-04 00:00:00+00:00
[2021-04-06 18:49:38,770] {scheduler_job.py:190} INFO - Processing /Users/garonsmith/Desktop/airflow_study/airflow-etl-explore/.venv/lib/python3.8/site-packages/airflow/example_dags/example_latest_only_with_trigger.py took 0.065 seconds
[2021-04-06 18:50:04,886] {scheduler_job.py:182} INFO - Started process (PID=20879) to work on /Users/garonsmith/Desktop/airflow_study/airflow-etl-explore/.venv/lib/python3.8/site-packages/airflow/example_dags/example_latest_only_with_trigger.py
[2021-04-06 18:50:04,887] {scheduler_job.py:629} INFO - Processing file /Users/garonsmith/Desktop/airflow_study/airflow-etl-explore/.venv/lib/python3.8/site-packages/airflow/example_dags/example_latest_only_with_trigger.py for tasks to queue
[2021-04-06 18:50:04,887] {logging_mixin.py:104} INFO - [2021-04-06 18:50:04,887] {dagbag.py:448} INFO - Filling up the DagBag from /Users/garonsmith/Desktop/airflow_study/airflow-etl-explore/.venv/lib/python3.8/site-packages/airflow/example_dags/example_latest_only_with_trigger.py
[2021-04-06 18:50:04,891] {scheduler_job.py:639} INFO - DAG(s) dict_keys(['latest_only_with_trigger']) retrieved from /Users/garonsmith/Desktop/airflow_study/airflow-etl-explore/.venv/lib/python3.8/site-packages/airflow/example_dags/example_latest_only_with_trigger.py
[2021-04-06 18:50:04,962] {logging_mixin.py:104} INFO - [2021-04-06 18:50:04,961] {dag.py:1818} INFO - Sync 1 DAGs
[2021-04-06 18:50:04,972] {logging_mixin.py:104} INFO - [2021-04-06 18:50:04,972] {dag.py:2273} INFO - Setting next_dagrun for latest_only_with_trigger to 2021-04-04 00:00:00+00:00
[2021-04-06 18:50:04,977] {scheduler_job.py:190} INFO - Processing /Users/garonsmith/Desktop/airflow_study/airflow-etl-explore/.venv/lib/python3.8/site-packages/airflow/example_dags/example_latest_only_with_trigger.py took 0.091 seconds
[2021-04-06 18:50:10,322] {scheduler_job.py:182} INFO - Started process (PID=20950) to work on /Users/garonsmith/Desktop/airflow_study/airflow-etl-explore/.venv/lib/python3.8/site-packages/airflow/example_dags/example_latest_only_with_trigger.py
[2021-04-06 18:50:10,322] {scheduler_job.py:629} INFO - Processing file /Users/garonsmith/Desktop/airflow_study/airflow-etl-explore/.venv/lib/python3.8/site-packages/airflow/example_dags/example_latest_only_with_trigger.py for tasks to queue
[2021-04-06 18:50:10,322] {logging_mixin.py:104} INFO - [2021-04-06 18:50:10,322] {dagbag.py:448} INFO - Filling up the DagBag from /Users/garonsmith/Desktop/airflow_study/airflow-etl-explore/.venv/lib/python3.8/site-packages/airflow/example_dags/example_latest_only_with_trigger.py
[2021-04-06 18:50:10,328] {scheduler_job.py:639} INFO - DAG(s) dict_keys(['latest_only_with_trigger']) retrieved from /Users/garonsmith/Desktop/airflow_study/airflow-etl-explore/.venv/lib/python3.8/site-packages/airflow/example_dags/example_latest_only_with_trigger.py
[2021-04-06 18:50:10,363] {logging_mixin.py:104} INFO - [2021-04-06 18:50:10,363] {dag.py:1818} INFO - Sync 1 DAGs
[2021-04-06 18:50:10,372] {logging_mixin.py:104} INFO - [2021-04-06 18:50:10,372] {dag.py:2273} INFO - Setting next_dagrun for latest_only_with_trigger to 2021-04-04 00:00:00+00:00
[2021-04-06 18:50:10,377] {scheduler_job.py:190} INFO - Processing /Users/garonsmith/Desktop/airflow_study/airflow-etl-explore/.venv/lib/python3.8/site-packages/airflow/example_dags/example_latest_only_with_trigger.py took 0.056 seconds
[2021-04-06 18:50:35,726] {scheduler_job.py:182} INFO - Started process (PID=21044) to work on /Users/garonsmith/Desktop/airflow_study/airflow-etl-explore/.venv/lib/python3.8/site-packages/airflow/example_dags/example_latest_only_with_trigger.py
[2021-04-06 18:50:35,726] {scheduler_job.py:629} INFO - Processing file /Users/garonsmith/Desktop/airflow_study/airflow-etl-explore/.venv/lib/python3.8/site-packages/airflow/example_dags/example_latest_only_with_trigger.py for tasks to queue
[2021-04-06 18:50:35,727] {logging_mixin.py:104} INFO - [2021-04-06 18:50:35,727] {dagbag.py:448} INFO - Filling up the DagBag from /Users/garonsmith/Desktop/airflow_study/airflow-etl-explore/.venv/lib/python3.8/site-packages/airflow/example_dags/example_latest_only_with_trigger.py
[2021-04-06 18:50:35,731] {scheduler_job.py:639} INFO - DAG(s) dict_keys(['latest_only_with_trigger']) retrieved from /Users/garonsmith/Desktop/airflow_study/airflow-etl-explore/.venv/lib/python3.8/site-packages/airflow/example_dags/example_latest_only_with_trigger.py
[2021-04-06 18:50:35,762] {logging_mixin.py:104} INFO - [2021-04-06 18:50:35,762] {dag.py:1818} INFO - Sync 1 DAGs
[2021-04-06 18:50:35,769] {logging_mixin.py:104} INFO - [2021-04-06 18:50:35,769] {dag.py:2273} INFO - Setting next_dagrun for latest_only_with_trigger to 2021-04-04 00:00:00+00:00
[2021-04-06 18:50:35,777] {scheduler_job.py:190} INFO - Processing /Users/garonsmith/Desktop/airflow_study/airflow-etl-explore/.venv/lib/python3.8/site-packages/airflow/example_dags/example_latest_only_with_trigger.py took 0.052 seconds
[2021-04-06 18:50:41,913] {scheduler_job.py:182} INFO - Started process (PID=21119) to work on /Users/garonsmith/Desktop/airflow_study/airflow-etl-explore/.venv/lib/python3.8/site-packages/airflow/example_dags/example_latest_only_with_trigger.py
[2021-04-06 18:50:41,913] {scheduler_job.py:629} INFO - Processing file /Users/garonsmith/Desktop/airflow_study/airflow-etl-explore/.venv/lib/python3.8/site-packages/airflow/example_dags/example_latest_only_with_trigger.py for tasks to queue
[2021-04-06 18:50:41,914] {logging_mixin.py:104} INFO - [2021-04-06 18:50:41,914] {dagbag.py:448} INFO - Filling up the DagBag from /Users/garonsmith/Desktop/airflow_study/airflow-etl-explore/.venv/lib/python3.8/site-packages/airflow/example_dags/example_latest_only_with_trigger.py
[2021-04-06 18:50:41,918] {scheduler_job.py:639} INFO - DAG(s) dict_keys(['latest_only_with_trigger']) retrieved from /Users/garonsmith/Desktop/airflow_study/airflow-etl-explore/.venv/lib/python3.8/site-packages/airflow/example_dags/example_latest_only_with_trigger.py
[2021-04-06 18:50:41,963] {logging_mixin.py:104} INFO - [2021-04-06 18:50:41,963] {dag.py:1818} INFO - Sync 1 DAGs
[2021-04-06 18:50:41,971] {logging_mixin.py:104} INFO - [2021-04-06 18:50:41,971] {dag.py:2273} INFO - Setting next_dagrun for latest_only_with_trigger to 2021-04-04 00:00:00+00:00
[2021-04-06 18:50:41,977] {scheduler_job.py:190} INFO - Processing /Users/garonsmith/Desktop/airflow_study/airflow-etl-explore/.venv/lib/python3.8/site-packages/airflow/example_dags/example_latest_only_with_trigger.py took 0.065 seconds
[2021-04-06 18:51:07,049] {scheduler_job.py:182} INFO - Started process (PID=21214) to work on /Users/garonsmith/Desktop/airflow_study/airflow-etl-explore/.venv/lib/python3.8/site-packages/airflow/example_dags/example_latest_only_with_trigger.py
[2021-04-06 18:51:07,049] {scheduler_job.py:629} INFO - Processing file /Users/garonsmith/Desktop/airflow_study/airflow-etl-explore/.venv/lib/python3.8/site-packages/airflow/example_dags/example_latest_only_with_trigger.py for tasks to queue
[2021-04-06 18:51:07,049] {logging_mixin.py:104} INFO - [2021-04-06 18:51:07,049] {dagbag.py:448} INFO - Filling up the DagBag from /Users/garonsmith/Desktop/airflow_study/airflow-etl-explore/.venv/lib/python3.8/site-packages/airflow/example_dags/example_latest_only_with_trigger.py
[2021-04-06 18:51:07,053] {scheduler_job.py:639} INFO - DAG(s) dict_keys(['latest_only_with_trigger']) retrieved from /Users/garonsmith/Desktop/airflow_study/airflow-etl-explore/.venv/lib/python3.8/site-packages/airflow/example_dags/example_latest_only_with_trigger.py
[2021-04-06 18:51:07,070] {logging_mixin.py:104} INFO - [2021-04-06 18:51:07,070] {dag.py:1818} INFO - Sync 1 DAGs
[2021-04-06 18:51:07,092] {logging_mixin.py:104} INFO - [2021-04-06 18:51:07,092] {dag.py:2273} INFO - Setting next_dagrun for latest_only_with_trigger to 2021-04-04 00:00:00+00:00
[2021-04-06 18:51:07,112] {scheduler_job.py:190} INFO - Processing /Users/garonsmith/Desktop/airflow_study/airflow-etl-explore/.venv/lib/python3.8/site-packages/airflow/example_dags/example_latest_only_with_trigger.py took 0.064 seconds
[2021-04-06 18:51:13,572] {scheduler_job.py:182} INFO - Started process (PID=21290) to work on /Users/garonsmith/Desktop/airflow_study/airflow-etl-explore/.venv/lib/python3.8/site-packages/airflow/example_dags/example_latest_only_with_trigger.py
[2021-04-06 18:51:13,572] {scheduler_job.py:629} INFO - Processing file /Users/garonsmith/Desktop/airflow_study/airflow-etl-explore/.venv/lib/python3.8/site-packages/airflow/example_dags/example_latest_only_with_trigger.py for tasks to queue
[2021-04-06 18:51:13,573] {logging_mixin.py:104} INFO - [2021-04-06 18:51:13,573] {dagbag.py:448} INFO - Filling up the DagBag from /Users/garonsmith/Desktop/airflow_study/airflow-etl-explore/.venv/lib/python3.8/site-packages/airflow/example_dags/example_latest_only_with_trigger.py
[2021-04-06 18:51:13,578] {scheduler_job.py:639} INFO - DAG(s) dict_keys(['latest_only_with_trigger']) retrieved from /Users/garonsmith/Desktop/airflow_study/airflow-etl-explore/.venv/lib/python3.8/site-packages/airflow/example_dags/example_latest_only_with_trigger.py
[2021-04-06 18:51:13,613] {logging_mixin.py:104} INFO - [2021-04-06 18:51:13,613] {dag.py:1818} INFO - Sync 1 DAGs
[2021-04-06 18:51:13,620] {logging_mixin.py:104} INFO - [2021-04-06 18:51:13,620] {dag.py:2273} INFO - Setting next_dagrun for latest_only_with_trigger to 2021-04-04 00:00:00+00:00
[2021-04-06 18:51:13,626] {scheduler_job.py:190} INFO - Processing /Users/garonsmith/Desktop/airflow_study/airflow-etl-explore/.venv/lib/python3.8/site-packages/airflow/example_dags/example_latest_only_with_trigger.py took 0.055 seconds
[2021-04-06 18:51:38,496] {scheduler_job.py:182} INFO - Started process (PID=21381) to work on /Users/garonsmith/Desktop/airflow_study/airflow-etl-explore/.venv/lib/python3.8/site-packages/airflow/example_dags/example_latest_only_with_trigger.py
[2021-04-06 18:51:38,497] {scheduler_job.py:629} INFO - Processing file /Users/garonsmith/Desktop/airflow_study/airflow-etl-explore/.venv/lib/python3.8/site-packages/airflow/example_dags/example_latest_only_with_trigger.py for tasks to queue
[2021-04-06 18:51:38,497] {logging_mixin.py:104} INFO - [2021-04-06 18:51:38,497] {dagbag.py:448} INFO - Filling up the DagBag from /Users/garonsmith/Desktop/airflow_study/airflow-etl-explore/.venv/lib/python3.8/site-packages/airflow/example_dags/example_latest_only_with_trigger.py
[2021-04-06 18:51:38,502] {scheduler_job.py:639} INFO - DAG(s) dict_keys(['latest_only_with_trigger']) retrieved from /Users/garonsmith/Desktop/airflow_study/airflow-etl-explore/.venv/lib/python3.8/site-packages/airflow/example_dags/example_latest_only_with_trigger.py
[2021-04-06 18:51:38,546] {logging_mixin.py:104} INFO - [2021-04-06 18:51:38,546] {dag.py:1818} INFO - Sync 1 DAGs
[2021-04-06 18:51:38,567] {logging_mixin.py:104} INFO - [2021-04-06 18:51:38,567] {dag.py:2273} INFO - Setting next_dagrun for latest_only_with_trigger to 2021-04-04 00:00:00+00:00
[2021-04-06 18:51:38,573] {scheduler_job.py:190} INFO - Processing /Users/garonsmith/Desktop/airflow_study/airflow-etl-explore/.venv/lib/python3.8/site-packages/airflow/example_dags/example_latest_only_with_trigger.py took 0.077 seconds
[2021-04-06 18:51:44,758] {scheduler_job.py:182} INFO - Started process (PID=21456) to work on /Users/garonsmith/Desktop/airflow_study/airflow-etl-explore/.venv/lib/python3.8/site-packages/airflow/example_dags/example_latest_only_with_trigger.py
[2021-04-06 18:51:44,758] {scheduler_job.py:629} INFO - Processing file /Users/garonsmith/Desktop/airflow_study/airflow-etl-explore/.venv/lib/python3.8/site-packages/airflow/example_dags/example_latest_only_with_trigger.py for tasks to queue
[2021-04-06 18:51:44,759] {logging_mixin.py:104} INFO - [2021-04-06 18:51:44,759] {dagbag.py:448} INFO - Filling up the DagBag from /Users/garonsmith/Desktop/airflow_study/airflow-etl-explore/.venv/lib/python3.8/site-packages/airflow/example_dags/example_latest_only_with_trigger.py
[2021-04-06 18:51:44,764] {scheduler_job.py:639} INFO - DAG(s) dict_keys(['latest_only_with_trigger']) retrieved from /Users/garonsmith/Desktop/airflow_study/airflow-etl-explore/.venv/lib/python3.8/site-packages/airflow/example_dags/example_latest_only_with_trigger.py
[2021-04-06 18:51:44,813] {logging_mixin.py:104} INFO - [2021-04-06 18:51:44,813] {dag.py:1818} INFO - Sync 1 DAGs
[2021-04-06 18:51:44,821] {logging_mixin.py:104} INFO - [2021-04-06 18:51:44,821] {dag.py:2273} INFO - Setting next_dagrun for latest_only_with_trigger to 2021-04-04 00:00:00+00:00
[2021-04-06 18:51:44,826] {scheduler_job.py:190} INFO - Processing /Users/garonsmith/Desktop/airflow_study/airflow-etl-explore/.venv/lib/python3.8/site-packages/airflow/example_dags/example_latest_only_with_trigger.py took 0.069 seconds
[2021-04-06 18:52:09,486] {scheduler_job.py:182} INFO - Started process (PID=21551) to work on /Users/garonsmith/Desktop/airflow_study/airflow-etl-explore/.venv/lib/python3.8/site-packages/airflow/example_dags/example_latest_only_with_trigger.py
[2021-04-06 18:52:09,487] {scheduler_job.py:629} INFO - Processing file /Users/garonsmith/Desktop/airflow_study/airflow-etl-explore/.venv/lib/python3.8/site-packages/airflow/example_dags/example_latest_only_with_trigger.py for tasks to queue
[2021-04-06 18:52:09,487] {logging_mixin.py:104} INFO - [2021-04-06 18:52:09,487] {dagbag.py:448} INFO - Filling up the DagBag from /Users/garonsmith/Desktop/airflow_study/airflow-etl-explore/.venv/lib/python3.8/site-packages/airflow/example_dags/example_latest_only_with_trigger.py
[2021-04-06 18:52:09,491] {scheduler_job.py:639} INFO - DAG(s) dict_keys(['latest_only_with_trigger']) retrieved from /Users/garonsmith/Desktop/airflow_study/airflow-etl-explore/.venv/lib/python3.8/site-packages/airflow/example_dags/example_latest_only_with_trigger.py
[2021-04-06 18:52:09,538] {logging_mixin.py:104} INFO - [2021-04-06 18:52:09,538] {dag.py:1818} INFO - Sync 1 DAGs
[2021-04-06 18:52:09,544] {logging_mixin.py:104} INFO - [2021-04-06 18:52:09,543] {dag.py:2273} INFO - Setting next_dagrun for latest_only_with_trigger to 2021-04-04 00:00:00+00:00
[2021-04-06 18:52:09,565] {scheduler_job.py:190} INFO - Processing /Users/garonsmith/Desktop/airflow_study/airflow-etl-explore/.venv/lib/python3.8/site-packages/airflow/example_dags/example_latest_only_with_trigger.py took 0.079 seconds
[2021-04-06 18:52:40,811] {scheduler_job.py:182} INFO - Started process (PID=21648) to work on /Users/garonsmith/Desktop/airflow_study/airflow-etl-explore/.venv/lib/python3.8/site-packages/airflow/example_dags/example_latest_only_with_trigger.py
[2021-04-06 18:52:40,812] {scheduler_job.py:629} INFO - Processing file /Users/garonsmith/Desktop/airflow_study/airflow-etl-explore/.venv/lib/python3.8/site-packages/airflow/example_dags/example_latest_only_with_trigger.py for tasks to queue
[2021-04-06 18:52:40,812] {logging_mixin.py:104} INFO - [2021-04-06 18:52:40,812] {dagbag.py:448} INFO - Filling up the DagBag from /Users/garonsmith/Desktop/airflow_study/airflow-etl-explore/.venv/lib/python3.8/site-packages/airflow/example_dags/example_latest_only_with_trigger.py
[2021-04-06 18:52:40,817] {scheduler_job.py:639} INFO - DAG(s) dict_keys(['latest_only_with_trigger']) retrieved from /Users/garonsmith/Desktop/airflow_study/airflow-etl-explore/.venv/lib/python3.8/site-packages/airflow/example_dags/example_latest_only_with_trigger.py
[2021-04-06 18:52:40,864] {logging_mixin.py:104} INFO - [2021-04-06 18:52:40,864] {dag.py:1818} INFO - Sync 1 DAGs
[2021-04-06 18:52:40,875] {logging_mixin.py:104} INFO - [2021-04-06 18:52:40,875] {dag.py:2273} INFO - Setting next_dagrun for latest_only_with_trigger to 2021-04-04 00:00:00+00:00
[2021-04-06 18:52:40,879] {scheduler_job.py:190} INFO - Processing /Users/garonsmith/Desktop/airflow_study/airflow-etl-explore/.venv/lib/python3.8/site-packages/airflow/example_dags/example_latest_only_with_trigger.py took 0.069 seconds
[2021-04-06 18:53:11,964] {scheduler_job.py:182} INFO - Started process (PID=21738) to work on /Users/garonsmith/Desktop/airflow_study/airflow-etl-explore/.venv/lib/python3.8/site-packages/airflow/example_dags/example_latest_only_with_trigger.py
[2021-04-06 18:53:11,965] {scheduler_job.py:629} INFO - Processing file /Users/garonsmith/Desktop/airflow_study/airflow-etl-explore/.venv/lib/python3.8/site-packages/airflow/example_dags/example_latest_only_with_trigger.py for tasks to queue
[2021-04-06 18:53:11,965] {logging_mixin.py:104} INFO - [2021-04-06 18:53:11,965] {dagbag.py:448} INFO - Filling up the DagBag from /Users/garonsmith/Desktop/airflow_study/airflow-etl-explore/.venv/lib/python3.8/site-packages/airflow/example_dags/example_latest_only_with_trigger.py
[2021-04-06 18:53:11,969] {scheduler_job.py:639} INFO - DAG(s) dict_keys(['latest_only_with_trigger']) retrieved from /Users/garonsmith/Desktop/airflow_study/airflow-etl-explore/.venv/lib/python3.8/site-packages/airflow/example_dags/example_latest_only_with_trigger.py
[2021-04-06 18:53:12,018] {logging_mixin.py:104} INFO - [2021-04-06 18:53:12,018] {dag.py:1818} INFO - Sync 1 DAGs
[2021-04-06 18:53:12,026] {logging_mixin.py:104} INFO - [2021-04-06 18:53:12,026] {dag.py:2273} INFO - Setting next_dagrun for latest_only_with_trigger to 2021-04-04 00:00:00+00:00
[2021-04-06 18:53:12,034] {scheduler_job.py:190} INFO - Processing /Users/garonsmith/Desktop/airflow_study/airflow-etl-explore/.venv/lib/python3.8/site-packages/airflow/example_dags/example_latest_only_with_trigger.py took 0.070 seconds
[2021-04-06 18:53:43,122] {scheduler_job.py:182} INFO - Started process (PID=21843) to work on /Users/garonsmith/Desktop/airflow_study/airflow-etl-explore/.venv/lib/python3.8/site-packages/airflow/example_dags/example_latest_only_with_trigger.py
[2021-04-06 18:53:43,123] {scheduler_job.py:629} INFO - Processing file /Users/garonsmith/Desktop/airflow_study/airflow-etl-explore/.venv/lib/python3.8/site-packages/airflow/example_dags/example_latest_only_with_trigger.py for tasks to queue
[2021-04-06 18:53:43,123] {logging_mixin.py:104} INFO - [2021-04-06 18:53:43,123] {dagbag.py:448} INFO - Filling up the DagBag from /Users/garonsmith/Desktop/airflow_study/airflow-etl-explore/.venv/lib/python3.8/site-packages/airflow/example_dags/example_latest_only_with_trigger.py
[2021-04-06 18:53:43,130] {scheduler_job.py:639} INFO - DAG(s) dict_keys(['latest_only_with_trigger']) retrieved from /Users/garonsmith/Desktop/airflow_study/airflow-etl-explore/.venv/lib/python3.8/site-packages/airflow/example_dags/example_latest_only_with_trigger.py
[2021-04-06 18:53:43,167] {logging_mixin.py:104} INFO - [2021-04-06 18:53:43,167] {dag.py:1818} INFO - Sync 1 DAGs
[2021-04-06 18:53:43,175] {logging_mixin.py:104} INFO - [2021-04-06 18:53:43,175] {dag.py:2273} INFO - Setting next_dagrun for latest_only_with_trigger to 2021-04-04 00:00:00+00:00
[2021-04-06 18:53:43,182] {scheduler_job.py:190} INFO - Processing /Users/garonsmith/Desktop/airflow_study/airflow-etl-explore/.venv/lib/python3.8/site-packages/airflow/example_dags/example_latest_only_with_trigger.py took 0.060 seconds
[2021-04-06 18:54:14,165] {scheduler_job.py:182} INFO - Started process (PID=21944) to work on /Users/garonsmith/Desktop/airflow_study/airflow-etl-explore/.venv/lib/python3.8/site-packages/airflow/example_dags/example_latest_only_with_trigger.py
[2021-04-06 18:54:14,165] {scheduler_job.py:629} INFO - Processing file /Users/garonsmith/Desktop/airflow_study/airflow-etl-explore/.venv/lib/python3.8/site-packages/airflow/example_dags/example_latest_only_with_trigger.py for tasks to queue
[2021-04-06 18:54:14,166] {logging_mixin.py:104} INFO - [2021-04-06 18:54:14,166] {dagbag.py:448} INFO - Filling up the DagBag from /Users/garonsmith/Desktop/airflow_study/airflow-etl-explore/.venv/lib/python3.8/site-packages/airflow/example_dags/example_latest_only_with_trigger.py
[2021-04-06 18:54:14,170] {scheduler_job.py:639} INFO - DAG(s) dict_keys(['latest_only_with_trigger']) retrieved from /Users/garonsmith/Desktop/airflow_study/airflow-etl-explore/.venv/lib/python3.8/site-packages/airflow/example_dags/example_latest_only_with_trigger.py
[2021-04-06 18:54:14,198] {logging_mixin.py:104} INFO - [2021-04-06 18:54:14,197] {dag.py:1818} INFO - Sync 1 DAGs
[2021-04-06 18:54:14,223] {logging_mixin.py:104} INFO - [2021-04-06 18:54:14,223] {dag.py:2273} INFO - Setting next_dagrun for latest_only_with_trigger to 2021-04-04 00:00:00+00:00
[2021-04-06 18:54:14,229] {scheduler_job.py:190} INFO - Processing /Users/garonsmith/Desktop/airflow_study/airflow-etl-explore/.venv/lib/python3.8/site-packages/airflow/example_dags/example_latest_only_with_trigger.py took 0.064 seconds
