[2021-04-06 18:36:17,812] {scheduler_job.py:182} INFO - Started process (PID=17410) to work on /Users/garonsmith/Desktop/airflow_study/airflow-etl-explore/.venv/lib/python3.8/site-packages/airflow/example_dags/example_task_group.py
[2021-04-06 18:36:17,813] {scheduler_job.py:629} INFO - Processing file /Users/garonsmith/Desktop/airflow_study/airflow-etl-explore/.venv/lib/python3.8/site-packages/airflow/example_dags/example_task_group.py for tasks to queue
[2021-04-06 18:36:17,813] {logging_mixin.py:104} INFO - [2021-04-06 18:36:17,813] {dagbag.py:448} INFO - Filling up the DagBag from /Users/garonsmith/Desktop/airflow_study/airflow-etl-explore/.venv/lib/python3.8/site-packages/airflow/example_dags/example_task_group.py
[2021-04-06 18:36:17,817] {scheduler_job.py:639} INFO - DAG(s) dict_keys(['example_task_group']) retrieved from /Users/garonsmith/Desktop/airflow_study/airflow-etl-explore/.venv/lib/python3.8/site-packages/airflow/example_dags/example_task_group.py
[2021-04-06 18:36:17,848] {logging_mixin.py:104} INFO - [2021-04-06 18:36:17,848] {dag.py:1818} INFO - Sync 1 DAGs
[2021-04-06 18:36:17,854] {logging_mixin.py:104} INFO - [2021-04-06 18:36:17,854] {dag.py:2273} INFO - Setting next_dagrun for example_task_group to 2021-04-04 00:00:00+00:00
[2021-04-06 18:36:17,859] {scheduler_job.py:190} INFO - Processing /Users/garonsmith/Desktop/airflow_study/airflow-etl-explore/.venv/lib/python3.8/site-packages/airflow/example_dags/example_task_group.py took 0.047 seconds
[2021-04-06 18:36:49,306] {scheduler_job.py:182} INFO - Started process (PID=17500) to work on /Users/garonsmith/Desktop/airflow_study/airflow-etl-explore/.venv/lib/python3.8/site-packages/airflow/example_dags/example_task_group.py
[2021-04-06 18:36:49,307] {scheduler_job.py:629} INFO - Processing file /Users/garonsmith/Desktop/airflow_study/airflow-etl-explore/.venv/lib/python3.8/site-packages/airflow/example_dags/example_task_group.py for tasks to queue
[2021-04-06 18:36:49,307] {logging_mixin.py:104} INFO - [2021-04-06 18:36:49,307] {dagbag.py:448} INFO - Filling up the DagBag from /Users/garonsmith/Desktop/airflow_study/airflow-etl-explore/.venv/lib/python3.8/site-packages/airflow/example_dags/example_task_group.py
[2021-04-06 18:36:49,312] {scheduler_job.py:639} INFO - DAG(s) dict_keys(['example_task_group']) retrieved from /Users/garonsmith/Desktop/airflow_study/airflow-etl-explore/.venv/lib/python3.8/site-packages/airflow/example_dags/example_task_group.py
[2021-04-06 18:36:49,347] {logging_mixin.py:104} INFO - [2021-04-06 18:36:49,347] {dag.py:1818} INFO - Sync 1 DAGs
[2021-04-06 18:36:49,355] {logging_mixin.py:104} INFO - [2021-04-06 18:36:49,355] {dag.py:2273} INFO - Setting next_dagrun for example_task_group to 2021-04-04 00:00:00+00:00
[2021-04-06 18:36:49,361] {scheduler_job.py:190} INFO - Processing /Users/garonsmith/Desktop/airflow_study/airflow-etl-explore/.venv/lib/python3.8/site-packages/airflow/example_dags/example_task_group.py took 0.055 seconds
[2021-04-06 18:37:20,046] {scheduler_job.py:182} INFO - Started process (PID=18397) to work on /Users/garonsmith/Desktop/airflow_study/airflow-etl-explore/.venv/lib/python3.8/site-packages/airflow/example_dags/example_task_group.py
[2021-04-06 18:37:20,047] {scheduler_job.py:629} INFO - Processing file /Users/garonsmith/Desktop/airflow_study/airflow-etl-explore/.venv/lib/python3.8/site-packages/airflow/example_dags/example_task_group.py for tasks to queue
[2021-04-06 18:37:20,047] {logging_mixin.py:104} INFO - [2021-04-06 18:37:20,047] {dagbag.py:448} INFO - Filling up the DagBag from /Users/garonsmith/Desktop/airflow_study/airflow-etl-explore/.venv/lib/python3.8/site-packages/airflow/example_dags/example_task_group.py
[2021-04-06 18:37:20,053] {scheduler_job.py:639} INFO - DAG(s) dict_keys(['example_task_group']) retrieved from /Users/garonsmith/Desktop/airflow_study/airflow-etl-explore/.venv/lib/python3.8/site-packages/airflow/example_dags/example_task_group.py
[2021-04-06 18:37:20,086] {logging_mixin.py:104} INFO - [2021-04-06 18:37:20,086] {dag.py:1818} INFO - Sync 1 DAGs
[2021-04-06 18:37:20,092] {logging_mixin.py:104} INFO - [2021-04-06 18:37:20,092] {dag.py:2273} INFO - Setting next_dagrun for example_task_group to 2021-04-04 00:00:00+00:00
[2021-04-06 18:37:20,097] {scheduler_job.py:190} INFO - Processing /Users/garonsmith/Desktop/airflow_study/airflow-etl-explore/.venv/lib/python3.8/site-packages/airflow/example_dags/example_task_group.py took 0.052 seconds
[2021-04-06 18:37:51,612] {scheduler_job.py:182} INFO - Started process (PID=18481) to work on /Users/garonsmith/Desktop/airflow_study/airflow-etl-explore/.venv/lib/python3.8/site-packages/airflow/example_dags/example_task_group.py
[2021-04-06 18:37:51,612] {scheduler_job.py:629} INFO - Processing file /Users/garonsmith/Desktop/airflow_study/airflow-etl-explore/.venv/lib/python3.8/site-packages/airflow/example_dags/example_task_group.py for tasks to queue
[2021-04-06 18:37:51,613] {logging_mixin.py:104} INFO - [2021-04-06 18:37:51,613] {dagbag.py:448} INFO - Filling up the DagBag from /Users/garonsmith/Desktop/airflow_study/airflow-etl-explore/.venv/lib/python3.8/site-packages/airflow/example_dags/example_task_group.py
[2021-04-06 18:37:51,617] {scheduler_job.py:639} INFO - DAG(s) dict_keys(['example_task_group']) retrieved from /Users/garonsmith/Desktop/airflow_study/airflow-etl-explore/.venv/lib/python3.8/site-packages/airflow/example_dags/example_task_group.py
[2021-04-06 18:37:51,652] {logging_mixin.py:104} INFO - [2021-04-06 18:37:51,652] {dag.py:1818} INFO - Sync 1 DAGs
[2021-04-06 18:37:51,658] {logging_mixin.py:104} INFO - [2021-04-06 18:37:51,658] {dag.py:2273} INFO - Setting next_dagrun for example_task_group to 2021-04-04 00:00:00+00:00
[2021-04-06 18:37:51,663] {scheduler_job.py:190} INFO - Processing /Users/garonsmith/Desktop/airflow_study/airflow-etl-explore/.venv/lib/python3.8/site-packages/airflow/example_dags/example_task_group.py took 0.052 seconds
[2021-04-06 18:38:23,037] {scheduler_job.py:182} INFO - Started process (PID=18573) to work on /Users/garonsmith/Desktop/airflow_study/airflow-etl-explore/.venv/lib/python3.8/site-packages/airflow/example_dags/example_task_group.py
[2021-04-06 18:38:23,037] {scheduler_job.py:629} INFO - Processing file /Users/garonsmith/Desktop/airflow_study/airflow-etl-explore/.venv/lib/python3.8/site-packages/airflow/example_dags/example_task_group.py for tasks to queue
[2021-04-06 18:38:23,038] {logging_mixin.py:104} INFO - [2021-04-06 18:38:23,038] {dagbag.py:448} INFO - Filling up the DagBag from /Users/garonsmith/Desktop/airflow_study/airflow-etl-explore/.venv/lib/python3.8/site-packages/airflow/example_dags/example_task_group.py
[2021-04-06 18:38:23,043] {scheduler_job.py:639} INFO - DAG(s) dict_keys(['example_task_group']) retrieved from /Users/garonsmith/Desktop/airflow_study/airflow-etl-explore/.venv/lib/python3.8/site-packages/airflow/example_dags/example_task_group.py
[2021-04-06 18:38:23,087] {logging_mixin.py:104} INFO - [2021-04-06 18:38:23,086] {dag.py:1818} INFO - Sync 1 DAGs
[2021-04-06 18:38:23,094] {logging_mixin.py:104} INFO - [2021-04-06 18:38:23,094] {dag.py:2273} INFO - Setting next_dagrun for example_task_group to 2021-04-04 00:00:00+00:00
[2021-04-06 18:38:23,107] {scheduler_job.py:190} INFO - Processing /Users/garonsmith/Desktop/airflow_study/airflow-etl-explore/.venv/lib/python3.8/site-packages/airflow/example_dags/example_task_group.py took 0.071 seconds
[2021-04-06 18:38:54,110] {scheduler_job.py:182} INFO - Started process (PID=18666) to work on /Users/garonsmith/Desktop/airflow_study/airflow-etl-explore/.venv/lib/python3.8/site-packages/airflow/example_dags/example_task_group.py
[2021-04-06 18:38:54,111] {scheduler_job.py:629} INFO - Processing file /Users/garonsmith/Desktop/airflow_study/airflow-etl-explore/.venv/lib/python3.8/site-packages/airflow/example_dags/example_task_group.py for tasks to queue
[2021-04-06 18:38:54,111] {logging_mixin.py:104} INFO - [2021-04-06 18:38:54,111] {dagbag.py:448} INFO - Filling up the DagBag from /Users/garonsmith/Desktop/airflow_study/airflow-etl-explore/.venv/lib/python3.8/site-packages/airflow/example_dags/example_task_group.py
[2021-04-06 18:38:54,116] {scheduler_job.py:639} INFO - DAG(s) dict_keys(['example_task_group']) retrieved from /Users/garonsmith/Desktop/airflow_study/airflow-etl-explore/.venv/lib/python3.8/site-packages/airflow/example_dags/example_task_group.py
[2021-04-06 18:38:54,145] {logging_mixin.py:104} INFO - [2021-04-06 18:38:54,145] {dag.py:1818} INFO - Sync 1 DAGs
[2021-04-06 18:38:54,165] {logging_mixin.py:104} INFO - [2021-04-06 18:38:54,165] {dag.py:2273} INFO - Setting next_dagrun for example_task_group to 2021-04-04 00:00:00+00:00
[2021-04-06 18:38:54,170] {scheduler_job.py:190} INFO - Processing /Users/garonsmith/Desktop/airflow_study/airflow-etl-explore/.venv/lib/python3.8/site-packages/airflow/example_dags/example_task_group.py took 0.060 seconds
[2021-04-06 18:39:25,327] {scheduler_job.py:182} INFO - Started process (PID=18765) to work on /Users/garonsmith/Desktop/airflow_study/airflow-etl-explore/.venv/lib/python3.8/site-packages/airflow/example_dags/example_task_group.py
[2021-04-06 18:39:25,328] {scheduler_job.py:629} INFO - Processing file /Users/garonsmith/Desktop/airflow_study/airflow-etl-explore/.venv/lib/python3.8/site-packages/airflow/example_dags/example_task_group.py for tasks to queue
[2021-04-06 18:39:25,328] {logging_mixin.py:104} INFO - [2021-04-06 18:39:25,328] {dagbag.py:448} INFO - Filling up the DagBag from /Users/garonsmith/Desktop/airflow_study/airflow-etl-explore/.venv/lib/python3.8/site-packages/airflow/example_dags/example_task_group.py
[2021-04-06 18:39:25,333] {scheduler_job.py:639} INFO - DAG(s) dict_keys(['example_task_group']) retrieved from /Users/garonsmith/Desktop/airflow_study/airflow-etl-explore/.venv/lib/python3.8/site-packages/airflow/example_dags/example_task_group.py
[2021-04-06 18:39:25,367] {logging_mixin.py:104} INFO - [2021-04-06 18:39:25,367] {dag.py:1818} INFO - Sync 1 DAGs
[2021-04-06 18:39:25,375] {logging_mixin.py:104} INFO - [2021-04-06 18:39:25,375] {dag.py:2273} INFO - Setting next_dagrun for example_task_group to 2021-04-04 00:00:00+00:00
[2021-04-06 18:39:25,380] {scheduler_job.py:190} INFO - Processing /Users/garonsmith/Desktop/airflow_study/airflow-etl-explore/.venv/lib/python3.8/site-packages/airflow/example_dags/example_task_group.py took 0.053 seconds
[2021-04-06 18:39:56,705] {scheduler_job.py:182} INFO - Started process (PID=18881) to work on /Users/garonsmith/Desktop/airflow_study/airflow-etl-explore/.venv/lib/python3.8/site-packages/airflow/example_dags/example_task_group.py
[2021-04-06 18:39:56,706] {scheduler_job.py:629} INFO - Processing file /Users/garonsmith/Desktop/airflow_study/airflow-etl-explore/.venv/lib/python3.8/site-packages/airflow/example_dags/example_task_group.py for tasks to queue
[2021-04-06 18:39:56,706] {logging_mixin.py:104} INFO - [2021-04-06 18:39:56,706] {dagbag.py:448} INFO - Filling up the DagBag from /Users/garonsmith/Desktop/airflow_study/airflow-etl-explore/.venv/lib/python3.8/site-packages/airflow/example_dags/example_task_group.py
[2021-04-06 18:39:56,711] {scheduler_job.py:639} INFO - DAG(s) dict_keys(['example_task_group']) retrieved from /Users/garonsmith/Desktop/airflow_study/airflow-etl-explore/.venv/lib/python3.8/site-packages/airflow/example_dags/example_task_group.py
[2021-04-06 18:39:56,747] {logging_mixin.py:104} INFO - [2021-04-06 18:39:56,746] {dag.py:1818} INFO - Sync 1 DAGs
[2021-04-06 18:39:56,770] {logging_mixin.py:104} INFO - [2021-04-06 18:39:56,770] {dag.py:2273} INFO - Setting next_dagrun for example_task_group to 2021-04-04 00:00:00+00:00
[2021-04-06 18:39:56,777] {scheduler_job.py:190} INFO - Processing /Users/garonsmith/Desktop/airflow_study/airflow-etl-explore/.venv/lib/python3.8/site-packages/airflow/example_dags/example_task_group.py took 0.072 seconds
[2021-04-06 18:40:28,643] {scheduler_job.py:182} INFO - Started process (PID=18983) to work on /Users/garonsmith/Desktop/airflow_study/airflow-etl-explore/.venv/lib/python3.8/site-packages/airflow/example_dags/example_task_group.py
[2021-04-06 18:40:28,643] {scheduler_job.py:629} INFO - Processing file /Users/garonsmith/Desktop/airflow_study/airflow-etl-explore/.venv/lib/python3.8/site-packages/airflow/example_dags/example_task_group.py for tasks to queue
[2021-04-06 18:40:28,644] {logging_mixin.py:104} INFO - [2021-04-06 18:40:28,643] {dagbag.py:448} INFO - Filling up the DagBag from /Users/garonsmith/Desktop/airflow_study/airflow-etl-explore/.venv/lib/python3.8/site-packages/airflow/example_dags/example_task_group.py
[2021-04-06 18:40:28,648] {scheduler_job.py:639} INFO - DAG(s) dict_keys(['example_task_group']) retrieved from /Users/garonsmith/Desktop/airflow_study/airflow-etl-explore/.venv/lib/python3.8/site-packages/airflow/example_dags/example_task_group.py
[2021-04-06 18:40:28,678] {logging_mixin.py:104} INFO - [2021-04-06 18:40:28,678] {dag.py:1818} INFO - Sync 1 DAGs
[2021-04-06 18:40:28,700] {logging_mixin.py:104} INFO - [2021-04-06 18:40:28,700] {dag.py:2273} INFO - Setting next_dagrun for example_task_group to 2021-04-04 00:00:00+00:00
[2021-04-06 18:40:28,706] {scheduler_job.py:190} INFO - Processing /Users/garonsmith/Desktop/airflow_study/airflow-etl-explore/.venv/lib/python3.8/site-packages/airflow/example_dags/example_task_group.py took 0.063 seconds
[2021-04-06 18:41:00,049] {scheduler_job.py:182} INFO - Started process (PID=19065) to work on /Users/garonsmith/Desktop/airflow_study/airflow-etl-explore/.venv/lib/python3.8/site-packages/airflow/example_dags/example_task_group.py
[2021-04-06 18:41:00,050] {scheduler_job.py:629} INFO - Processing file /Users/garonsmith/Desktop/airflow_study/airflow-etl-explore/.venv/lib/python3.8/site-packages/airflow/example_dags/example_task_group.py for tasks to queue
[2021-04-06 18:41:00,050] {logging_mixin.py:104} INFO - [2021-04-06 18:41:00,050] {dagbag.py:448} INFO - Filling up the DagBag from /Users/garonsmith/Desktop/airflow_study/airflow-etl-explore/.venv/lib/python3.8/site-packages/airflow/example_dags/example_task_group.py
[2021-04-06 18:41:00,054] {scheduler_job.py:639} INFO - DAG(s) dict_keys(['example_task_group']) retrieved from /Users/garonsmith/Desktop/airflow_study/airflow-etl-explore/.venv/lib/python3.8/site-packages/airflow/example_dags/example_task_group.py
[2021-04-06 18:41:00,100] {logging_mixin.py:104} INFO - [2021-04-06 18:41:00,100] {dag.py:1818} INFO - Sync 1 DAGs
[2021-04-06 18:41:00,106] {logging_mixin.py:104} INFO - [2021-04-06 18:41:00,106] {dag.py:2273} INFO - Setting next_dagrun for example_task_group to 2021-04-04 00:00:00+00:00
[2021-04-06 18:41:00,111] {scheduler_job.py:190} INFO - Processing /Users/garonsmith/Desktop/airflow_study/airflow-etl-explore/.venv/lib/python3.8/site-packages/airflow/example_dags/example_task_group.py took 0.062 seconds
[2021-04-06 18:41:32,252] {scheduler_job.py:182} INFO - Started process (PID=19165) to work on /Users/garonsmith/Desktop/airflow_study/airflow-etl-explore/.venv/lib/python3.8/site-packages/airflow/example_dags/example_task_group.py
[2021-04-06 18:41:32,253] {scheduler_job.py:629} INFO - Processing file /Users/garonsmith/Desktop/airflow_study/airflow-etl-explore/.venv/lib/python3.8/site-packages/airflow/example_dags/example_task_group.py for tasks to queue
[2021-04-06 18:41:32,253] {logging_mixin.py:104} INFO - [2021-04-06 18:41:32,253] {dagbag.py:448} INFO - Filling up the DagBag from /Users/garonsmith/Desktop/airflow_study/airflow-etl-explore/.venv/lib/python3.8/site-packages/airflow/example_dags/example_task_group.py
[2021-04-06 18:41:32,259] {scheduler_job.py:639} INFO - DAG(s) dict_keys(['example_task_group']) retrieved from /Users/garonsmith/Desktop/airflow_study/airflow-etl-explore/.venv/lib/python3.8/site-packages/airflow/example_dags/example_task_group.py
[2021-04-06 18:41:32,302] {logging_mixin.py:104} INFO - [2021-04-06 18:41:32,302] {dag.py:1818} INFO - Sync 1 DAGs
[2021-04-06 18:41:32,309] {logging_mixin.py:104} INFO - [2021-04-06 18:41:32,309] {dag.py:2273} INFO - Setting next_dagrun for example_task_group to 2021-04-04 00:00:00+00:00
[2021-04-06 18:41:32,315] {scheduler_job.py:190} INFO - Processing /Users/garonsmith/Desktop/airflow_study/airflow-etl-explore/.venv/lib/python3.8/site-packages/airflow/example_dags/example_task_group.py took 0.064 seconds
[2021-04-06 18:42:02,938] {scheduler_job.py:182} INFO - Started process (PID=19267) to work on /Users/garonsmith/Desktop/airflow_study/airflow-etl-explore/.venv/lib/python3.8/site-packages/airflow/example_dags/example_task_group.py
[2021-04-06 18:42:02,938] {scheduler_job.py:629} INFO - Processing file /Users/garonsmith/Desktop/airflow_study/airflow-etl-explore/.venv/lib/python3.8/site-packages/airflow/example_dags/example_task_group.py for tasks to queue
[2021-04-06 18:42:02,938] {logging_mixin.py:104} INFO - [2021-04-06 18:42:02,938] {dagbag.py:448} INFO - Filling up the DagBag from /Users/garonsmith/Desktop/airflow_study/airflow-etl-explore/.venv/lib/python3.8/site-packages/airflow/example_dags/example_task_group.py
[2021-04-06 18:42:02,943] {scheduler_job.py:639} INFO - DAG(s) dict_keys(['example_task_group']) retrieved from /Users/garonsmith/Desktop/airflow_study/airflow-etl-explore/.venv/lib/python3.8/site-packages/airflow/example_dags/example_task_group.py
[2021-04-06 18:42:02,982] {logging_mixin.py:104} INFO - [2021-04-06 18:42:02,982] {dag.py:1818} INFO - Sync 1 DAGs
[2021-04-06 18:42:03,007] {logging_mixin.py:104} INFO - [2021-04-06 18:42:03,007] {dag.py:2273} INFO - Setting next_dagrun for example_task_group to 2021-04-04 00:00:00+00:00
[2021-04-06 18:42:03,013] {scheduler_job.py:190} INFO - Processing /Users/garonsmith/Desktop/airflow_study/airflow-etl-explore/.venv/lib/python3.8/site-packages/airflow/example_dags/example_task_group.py took 0.076 seconds
[2021-04-06 18:42:33,881] {scheduler_job.py:182} INFO - Started process (PID=19359) to work on /Users/garonsmith/Desktop/airflow_study/airflow-etl-explore/.venv/lib/python3.8/site-packages/airflow/example_dags/example_task_group.py
[2021-04-06 18:42:33,881] {scheduler_job.py:629} INFO - Processing file /Users/garonsmith/Desktop/airflow_study/airflow-etl-explore/.venv/lib/python3.8/site-packages/airflow/example_dags/example_task_group.py for tasks to queue
[2021-04-06 18:42:33,882] {logging_mixin.py:104} INFO - [2021-04-06 18:42:33,882] {dagbag.py:448} INFO - Filling up the DagBag from /Users/garonsmith/Desktop/airflow_study/airflow-etl-explore/.venv/lib/python3.8/site-packages/airflow/example_dags/example_task_group.py
[2021-04-06 18:42:33,886] {scheduler_job.py:639} INFO - DAG(s) dict_keys(['example_task_group']) retrieved from /Users/garonsmith/Desktop/airflow_study/airflow-etl-explore/.venv/lib/python3.8/site-packages/airflow/example_dags/example_task_group.py
[2021-04-06 18:42:33,928] {logging_mixin.py:104} INFO - [2021-04-06 18:42:33,928] {dag.py:1818} INFO - Sync 1 DAGs
[2021-04-06 18:42:33,950] {logging_mixin.py:104} INFO - [2021-04-06 18:42:33,950] {dag.py:2273} INFO - Setting next_dagrun for example_task_group to 2021-04-04 00:00:00+00:00
[2021-04-06 18:42:33,956] {scheduler_job.py:190} INFO - Processing /Users/garonsmith/Desktop/airflow_study/airflow-etl-explore/.venv/lib/python3.8/site-packages/airflow/example_dags/example_task_group.py took 0.075 seconds
[2021-04-06 18:43:05,216] {scheduler_job.py:182} INFO - Started process (PID=19446) to work on /Users/garonsmith/Desktop/airflow_study/airflow-etl-explore/.venv/lib/python3.8/site-packages/airflow/example_dags/example_task_group.py
[2021-04-06 18:43:05,216] {scheduler_job.py:629} INFO - Processing file /Users/garonsmith/Desktop/airflow_study/airflow-etl-explore/.venv/lib/python3.8/site-packages/airflow/example_dags/example_task_group.py for tasks to queue
[2021-04-06 18:43:05,216] {logging_mixin.py:104} INFO - [2021-04-06 18:43:05,216] {dagbag.py:448} INFO - Filling up the DagBag from /Users/garonsmith/Desktop/airflow_study/airflow-etl-explore/.venv/lib/python3.8/site-packages/airflow/example_dags/example_task_group.py
[2021-04-06 18:43:05,221] {scheduler_job.py:639} INFO - DAG(s) dict_keys(['example_task_group']) retrieved from /Users/garonsmith/Desktop/airflow_study/airflow-etl-explore/.venv/lib/python3.8/site-packages/airflow/example_dags/example_task_group.py
[2021-04-06 18:43:05,253] {logging_mixin.py:104} INFO - [2021-04-06 18:43:05,253] {dag.py:1818} INFO - Sync 1 DAGs
[2021-04-06 18:43:05,261] {logging_mixin.py:104} INFO - [2021-04-06 18:43:05,261] {dag.py:2273} INFO - Setting next_dagrun for example_task_group to 2021-04-04 00:00:00+00:00
[2021-04-06 18:43:05,266] {scheduler_job.py:190} INFO - Processing /Users/garonsmith/Desktop/airflow_study/airflow-etl-explore/.venv/lib/python3.8/site-packages/airflow/example_dags/example_task_group.py took 0.051 seconds
[2021-04-06 18:43:36,354] {scheduler_job.py:182} INFO - Started process (PID=19562) to work on /Users/garonsmith/Desktop/airflow_study/airflow-etl-explore/.venv/lib/python3.8/site-packages/airflow/example_dags/example_task_group.py
[2021-04-06 18:43:36,354] {scheduler_job.py:629} INFO - Processing file /Users/garonsmith/Desktop/airflow_study/airflow-etl-explore/.venv/lib/python3.8/site-packages/airflow/example_dags/example_task_group.py for tasks to queue
[2021-04-06 18:43:36,355] {logging_mixin.py:104} INFO - [2021-04-06 18:43:36,355] {dagbag.py:448} INFO - Filling up the DagBag from /Users/garonsmith/Desktop/airflow_study/airflow-etl-explore/.venv/lib/python3.8/site-packages/airflow/example_dags/example_task_group.py
[2021-04-06 18:43:36,360] {scheduler_job.py:639} INFO - DAG(s) dict_keys(['example_task_group']) retrieved from /Users/garonsmith/Desktop/airflow_study/airflow-etl-explore/.venv/lib/python3.8/site-packages/airflow/example_dags/example_task_group.py
[2021-04-06 18:43:36,404] {logging_mixin.py:104} INFO - [2021-04-06 18:43:36,404] {dag.py:1818} INFO - Sync 1 DAGs
[2021-04-06 18:43:36,411] {logging_mixin.py:104} INFO - [2021-04-06 18:43:36,411] {dag.py:2273} INFO - Setting next_dagrun for example_task_group to 2021-04-04 00:00:00+00:00
[2021-04-06 18:43:36,417] {scheduler_job.py:190} INFO - Processing /Users/garonsmith/Desktop/airflow_study/airflow-etl-explore/.venv/lib/python3.8/site-packages/airflow/example_dags/example_task_group.py took 0.064 seconds
[2021-04-06 18:43:52,997] {scheduler_job.py:182} INFO - Started process (PID=19656) to work on /Users/garonsmith/Desktop/airflow_study/airflow-etl-explore/.venv/lib/python3.8/site-packages/airflow/example_dags/example_task_group.py
[2021-04-06 18:43:52,998] {scheduler_job.py:629} INFO - Processing file /Users/garonsmith/Desktop/airflow_study/airflow-etl-explore/.venv/lib/python3.8/site-packages/airflow/example_dags/example_task_group.py for tasks to queue
[2021-04-06 18:43:52,998] {logging_mixin.py:104} INFO - [2021-04-06 18:43:52,998] {dagbag.py:448} INFO - Filling up the DagBag from /Users/garonsmith/Desktop/airflow_study/airflow-etl-explore/.venv/lib/python3.8/site-packages/airflow/example_dags/example_task_group.py
[2021-04-06 18:43:53,004] {scheduler_job.py:639} INFO - DAG(s) dict_keys(['example_task_group']) retrieved from /Users/garonsmith/Desktop/airflow_study/airflow-etl-explore/.venv/lib/python3.8/site-packages/airflow/example_dags/example_task_group.py
[2021-04-06 18:43:53,016] {logging_mixin.py:104} INFO - [2021-04-06 18:43:53,016] {dag.py:1818} INFO - Sync 1 DAGs
[2021-04-06 18:43:53,057] {logging_mixin.py:104} INFO - [2021-04-06 18:43:53,057] {dag.py:2273} INFO - Setting next_dagrun for example_task_group to 2021-04-04 00:00:00+00:00
[2021-04-06 18:43:53,062] {scheduler_job.py:190} INFO - Processing /Users/garonsmith/Desktop/airflow_study/airflow-etl-explore/.venv/lib/python3.8/site-packages/airflow/example_dags/example_task_group.py took 0.065 seconds
[2021-04-06 18:44:23,804] {scheduler_job.py:182} INFO - Started process (PID=19746) to work on /Users/garonsmith/Desktop/airflow_study/airflow-etl-explore/.venv/lib/python3.8/site-packages/airflow/example_dags/example_task_group.py
[2021-04-06 18:44:23,804] {scheduler_job.py:629} INFO - Processing file /Users/garonsmith/Desktop/airflow_study/airflow-etl-explore/.venv/lib/python3.8/site-packages/airflow/example_dags/example_task_group.py for tasks to queue
[2021-04-06 18:44:23,805] {logging_mixin.py:104} INFO - [2021-04-06 18:44:23,805] {dagbag.py:448} INFO - Filling up the DagBag from /Users/garonsmith/Desktop/airflow_study/airflow-etl-explore/.venv/lib/python3.8/site-packages/airflow/example_dags/example_task_group.py
[2021-04-06 18:44:23,810] {scheduler_job.py:639} INFO - DAG(s) dict_keys(['example_task_group']) retrieved from /Users/garonsmith/Desktop/airflow_study/airflow-etl-explore/.venv/lib/python3.8/site-packages/airflow/example_dags/example_task_group.py
[2021-04-06 18:44:23,854] {logging_mixin.py:104} INFO - [2021-04-06 18:44:23,854] {dag.py:1818} INFO - Sync 1 DAGs
[2021-04-06 18:44:23,860] {logging_mixin.py:104} INFO - [2021-04-06 18:44:23,860] {dag.py:2273} INFO - Setting next_dagrun for example_task_group to 2021-04-04 00:00:00+00:00
[2021-04-06 18:44:23,866] {scheduler_job.py:190} INFO - Processing /Users/garonsmith/Desktop/airflow_study/airflow-etl-explore/.venv/lib/python3.8/site-packages/airflow/example_dags/example_task_group.py took 0.062 seconds
[2021-04-06 18:44:54,754] {scheduler_job.py:182} INFO - Started process (PID=19832) to work on /Users/garonsmith/Desktop/airflow_study/airflow-etl-explore/.venv/lib/python3.8/site-packages/airflow/example_dags/example_task_group.py
[2021-04-06 18:44:54,755] {scheduler_job.py:629} INFO - Processing file /Users/garonsmith/Desktop/airflow_study/airflow-etl-explore/.venv/lib/python3.8/site-packages/airflow/example_dags/example_task_group.py for tasks to queue
[2021-04-06 18:44:54,755] {logging_mixin.py:104} INFO - [2021-04-06 18:44:54,755] {dagbag.py:448} INFO - Filling up the DagBag from /Users/garonsmith/Desktop/airflow_study/airflow-etl-explore/.venv/lib/python3.8/site-packages/airflow/example_dags/example_task_group.py
[2021-04-06 18:44:54,759] {scheduler_job.py:639} INFO - DAG(s) dict_keys(['example_task_group']) retrieved from /Users/garonsmith/Desktop/airflow_study/airflow-etl-explore/.venv/lib/python3.8/site-packages/airflow/example_dags/example_task_group.py
[2021-04-06 18:44:54,805] {logging_mixin.py:104} INFO - [2021-04-06 18:44:54,805] {dag.py:1818} INFO - Sync 1 DAGs
[2021-04-06 18:44:54,811] {logging_mixin.py:104} INFO - [2021-04-06 18:44:54,811] {dag.py:2273} INFO - Setting next_dagrun for example_task_group to 2021-04-04 00:00:00+00:00
[2021-04-06 18:44:54,816] {scheduler_job.py:190} INFO - Processing /Users/garonsmith/Desktop/airflow_study/airflow-etl-explore/.venv/lib/python3.8/site-packages/airflow/example_dags/example_task_group.py took 0.062 seconds
[2021-04-06 18:45:25,461] {scheduler_job.py:182} INFO - Started process (PID=19915) to work on /Users/garonsmith/Desktop/airflow_study/airflow-etl-explore/.venv/lib/python3.8/site-packages/airflow/example_dags/example_task_group.py
[2021-04-06 18:45:25,461] {scheduler_job.py:629} INFO - Processing file /Users/garonsmith/Desktop/airflow_study/airflow-etl-explore/.venv/lib/python3.8/site-packages/airflow/example_dags/example_task_group.py for tasks to queue
[2021-04-06 18:45:25,461] {logging_mixin.py:104} INFO - [2021-04-06 18:45:25,461] {dagbag.py:448} INFO - Filling up the DagBag from /Users/garonsmith/Desktop/airflow_study/airflow-etl-explore/.venv/lib/python3.8/site-packages/airflow/example_dags/example_task_group.py
[2021-04-06 18:45:25,466] {scheduler_job.py:639} INFO - DAG(s) dict_keys(['example_task_group']) retrieved from /Users/garonsmith/Desktop/airflow_study/airflow-etl-explore/.venv/lib/python3.8/site-packages/airflow/example_dags/example_task_group.py
[2021-04-06 18:45:25,506] {logging_mixin.py:104} INFO - [2021-04-06 18:45:25,506] {dag.py:1818} INFO - Sync 1 DAGs
[2021-04-06 18:45:25,512] {logging_mixin.py:104} INFO - [2021-04-06 18:45:25,512] {dag.py:2273} INFO - Setting next_dagrun for example_task_group to 2021-04-04 00:00:00+00:00
[2021-04-06 18:45:25,518] {scheduler_job.py:190} INFO - Processing /Users/garonsmith/Desktop/airflow_study/airflow-etl-explore/.venv/lib/python3.8/site-packages/airflow/example_dags/example_task_group.py took 0.058 seconds
[2021-04-06 18:45:56,628] {scheduler_job.py:182} INFO - Started process (PID=20007) to work on /Users/garonsmith/Desktop/airflow_study/airflow-etl-explore/.venv/lib/python3.8/site-packages/airflow/example_dags/example_task_group.py
[2021-04-06 18:45:56,628] {scheduler_job.py:629} INFO - Processing file /Users/garonsmith/Desktop/airflow_study/airflow-etl-explore/.venv/lib/python3.8/site-packages/airflow/example_dags/example_task_group.py for tasks to queue
[2021-04-06 18:45:56,628] {logging_mixin.py:104} INFO - [2021-04-06 18:45:56,628] {dagbag.py:448} INFO - Filling up the DagBag from /Users/garonsmith/Desktop/airflow_study/airflow-etl-explore/.venv/lib/python3.8/site-packages/airflow/example_dags/example_task_group.py
[2021-04-06 18:45:56,634] {scheduler_job.py:639} INFO - DAG(s) dict_keys(['example_task_group']) retrieved from /Users/garonsmith/Desktop/airflow_study/airflow-etl-explore/.venv/lib/python3.8/site-packages/airflow/example_dags/example_task_group.py
[2021-04-06 18:45:56,685] {logging_mixin.py:104} INFO - [2021-04-06 18:45:56,685] {dag.py:1818} INFO - Sync 1 DAGs
[2021-04-06 18:45:56,709] {logging_mixin.py:104} INFO - [2021-04-06 18:45:56,709] {dag.py:2273} INFO - Setting next_dagrun for example_task_group to 2021-04-04 00:00:00+00:00
[2021-04-06 18:45:56,715] {scheduler_job.py:190} INFO - Processing /Users/garonsmith/Desktop/airflow_study/airflow-etl-explore/.venv/lib/python3.8/site-packages/airflow/example_dags/example_task_group.py took 0.088 seconds
[2021-04-06 18:46:27,456] {scheduler_job.py:182} INFO - Started process (PID=20097) to work on /Users/garonsmith/Desktop/airflow_study/airflow-etl-explore/.venv/lib/python3.8/site-packages/airflow/example_dags/example_task_group.py
[2021-04-06 18:46:27,456] {scheduler_job.py:629} INFO - Processing file /Users/garonsmith/Desktop/airflow_study/airflow-etl-explore/.venv/lib/python3.8/site-packages/airflow/example_dags/example_task_group.py for tasks to queue
[2021-04-06 18:46:27,456] {logging_mixin.py:104} INFO - [2021-04-06 18:46:27,456] {dagbag.py:448} INFO - Filling up the DagBag from /Users/garonsmith/Desktop/airflow_study/airflow-etl-explore/.venv/lib/python3.8/site-packages/airflow/example_dags/example_task_group.py
[2021-04-06 18:46:27,461] {scheduler_job.py:639} INFO - DAG(s) dict_keys(['example_task_group']) retrieved from /Users/garonsmith/Desktop/airflow_study/airflow-etl-explore/.venv/lib/python3.8/site-packages/airflow/example_dags/example_task_group.py
[2021-04-06 18:46:27,507] {logging_mixin.py:104} INFO - [2021-04-06 18:46:27,507] {dag.py:1818} INFO - Sync 1 DAGs
[2021-04-06 18:46:27,513] {logging_mixin.py:104} INFO - [2021-04-06 18:46:27,513] {dag.py:2273} INFO - Setting next_dagrun for example_task_group to 2021-04-04 00:00:00+00:00
[2021-04-06 18:46:27,518] {scheduler_job.py:190} INFO - Processing /Users/garonsmith/Desktop/airflow_study/airflow-etl-explore/.venv/lib/python3.8/site-packages/airflow/example_dags/example_task_group.py took 0.063 seconds
[2021-04-06 18:46:58,702] {scheduler_job.py:182} INFO - Started process (PID=20183) to work on /Users/garonsmith/Desktop/airflow_study/airflow-etl-explore/.venv/lib/python3.8/site-packages/airflow/example_dags/example_task_group.py
[2021-04-06 18:46:58,703] {scheduler_job.py:629} INFO - Processing file /Users/garonsmith/Desktop/airflow_study/airflow-etl-explore/.venv/lib/python3.8/site-packages/airflow/example_dags/example_task_group.py for tasks to queue
[2021-04-06 18:46:58,703] {logging_mixin.py:104} INFO - [2021-04-06 18:46:58,703] {dagbag.py:448} INFO - Filling up the DagBag from /Users/garonsmith/Desktop/airflow_study/airflow-etl-explore/.venv/lib/python3.8/site-packages/airflow/example_dags/example_task_group.py
[2021-04-06 18:46:58,709] {scheduler_job.py:639} INFO - DAG(s) dict_keys(['example_task_group']) retrieved from /Users/garonsmith/Desktop/airflow_study/airflow-etl-explore/.venv/lib/python3.8/site-packages/airflow/example_dags/example_task_group.py
[2021-04-06 18:46:58,758] {logging_mixin.py:104} INFO - [2021-04-06 18:46:58,758] {dag.py:1818} INFO - Sync 1 DAGs
[2021-04-06 18:46:58,766] {logging_mixin.py:104} INFO - [2021-04-06 18:46:58,766] {dag.py:2273} INFO - Setting next_dagrun for example_task_group to 2021-04-04 00:00:00+00:00
[2021-04-06 18:46:58,773] {scheduler_job.py:190} INFO - Processing /Users/garonsmith/Desktop/airflow_study/airflow-etl-explore/.venv/lib/python3.8/site-packages/airflow/example_dags/example_task_group.py took 0.071 seconds
[2021-04-06 18:47:29,643] {scheduler_job.py:182} INFO - Started process (PID=20269) to work on /Users/garonsmith/Desktop/airflow_study/airflow-etl-explore/.venv/lib/python3.8/site-packages/airflow/example_dags/example_task_group.py
[2021-04-06 18:47:29,643] {scheduler_job.py:629} INFO - Processing file /Users/garonsmith/Desktop/airflow_study/airflow-etl-explore/.venv/lib/python3.8/site-packages/airflow/example_dags/example_task_group.py for tasks to queue
[2021-04-06 18:47:29,643] {logging_mixin.py:104} INFO - [2021-04-06 18:47:29,643] {dagbag.py:448} INFO - Filling up the DagBag from /Users/garonsmith/Desktop/airflow_study/airflow-etl-explore/.venv/lib/python3.8/site-packages/airflow/example_dags/example_task_group.py
[2021-04-06 18:47:29,648] {scheduler_job.py:639} INFO - DAG(s) dict_keys(['example_task_group']) retrieved from /Users/garonsmith/Desktop/airflow_study/airflow-etl-explore/.venv/lib/python3.8/site-packages/airflow/example_dags/example_task_group.py
[2021-04-06 18:47:29,685] {logging_mixin.py:104} INFO - [2021-04-06 18:47:29,685] {dag.py:1818} INFO - Sync 1 DAGs
[2021-04-06 18:47:29,708] {logging_mixin.py:104} INFO - [2021-04-06 18:47:29,708] {dag.py:2273} INFO - Setting next_dagrun for example_task_group to 2021-04-04 00:00:00+00:00
[2021-04-06 18:47:29,715] {scheduler_job.py:190} INFO - Processing /Users/garonsmith/Desktop/airflow_study/airflow-etl-explore/.venv/lib/python3.8/site-packages/airflow/example_dags/example_task_group.py took 0.072 seconds
[2021-04-06 18:48:00,655] {scheduler_job.py:182} INFO - Started process (PID=20354) to work on /Users/garonsmith/Desktop/airflow_study/airflow-etl-explore/.venv/lib/python3.8/site-packages/airflow/example_dags/example_task_group.py
[2021-04-06 18:48:00,655] {scheduler_job.py:629} INFO - Processing file /Users/garonsmith/Desktop/airflow_study/airflow-etl-explore/.venv/lib/python3.8/site-packages/airflow/example_dags/example_task_group.py for tasks to queue
[2021-04-06 18:48:00,655] {logging_mixin.py:104} INFO - [2021-04-06 18:48:00,655] {dagbag.py:448} INFO - Filling up the DagBag from /Users/garonsmith/Desktop/airflow_study/airflow-etl-explore/.venv/lib/python3.8/site-packages/airflow/example_dags/example_task_group.py
[2021-04-06 18:48:00,660] {scheduler_job.py:639} INFO - DAG(s) dict_keys(['example_task_group']) retrieved from /Users/garonsmith/Desktop/airflow_study/airflow-etl-explore/.venv/lib/python3.8/site-packages/airflow/example_dags/example_task_group.py
[2021-04-06 18:48:00,710] {logging_mixin.py:104} INFO - [2021-04-06 18:48:00,710] {dag.py:1818} INFO - Sync 1 DAGs
[2021-04-06 18:48:00,718] {logging_mixin.py:104} INFO - [2021-04-06 18:48:00,718] {dag.py:2273} INFO - Setting next_dagrun for example_task_group to 2021-04-04 00:00:00+00:00
[2021-04-06 18:48:00,725] {scheduler_job.py:190} INFO - Processing /Users/garonsmith/Desktop/airflow_study/airflow-etl-explore/.venv/lib/python3.8/site-packages/airflow/example_dags/example_task_group.py took 0.070 seconds
[2021-04-06 18:48:31,887] {scheduler_job.py:182} INFO - Started process (PID=20442) to work on /Users/garonsmith/Desktop/airflow_study/airflow-etl-explore/.venv/lib/python3.8/site-packages/airflow/example_dags/example_task_group.py
[2021-04-06 18:48:31,887] {scheduler_job.py:629} INFO - Processing file /Users/garonsmith/Desktop/airflow_study/airflow-etl-explore/.venv/lib/python3.8/site-packages/airflow/example_dags/example_task_group.py for tasks to queue
[2021-04-06 18:48:31,888] {logging_mixin.py:104} INFO - [2021-04-06 18:48:31,888] {dagbag.py:448} INFO - Filling up the DagBag from /Users/garonsmith/Desktop/airflow_study/airflow-etl-explore/.venv/lib/python3.8/site-packages/airflow/example_dags/example_task_group.py
[2021-04-06 18:48:31,892] {scheduler_job.py:639} INFO - DAG(s) dict_keys(['example_task_group']) retrieved from /Users/garonsmith/Desktop/airflow_study/airflow-etl-explore/.venv/lib/python3.8/site-packages/airflow/example_dags/example_task_group.py
[2021-04-06 18:48:31,960] {logging_mixin.py:104} INFO - [2021-04-06 18:48:31,959] {dag.py:1818} INFO - Sync 1 DAGs
[2021-04-06 18:48:31,969] {logging_mixin.py:104} INFO - [2021-04-06 18:48:31,969] {dag.py:2273} INFO - Setting next_dagrun for example_task_group to 2021-04-04 00:00:00+00:00
[2021-04-06 18:48:31,974] {scheduler_job.py:190} INFO - Processing /Users/garonsmith/Desktop/airflow_study/airflow-etl-explore/.venv/lib/python3.8/site-packages/airflow/example_dags/example_task_group.py took 0.088 seconds
[2021-04-06 18:49:02,969] {scheduler_job.py:182} INFO - Started process (PID=20530) to work on /Users/garonsmith/Desktop/airflow_study/airflow-etl-explore/.venv/lib/python3.8/site-packages/airflow/example_dags/example_task_group.py
[2021-04-06 18:49:02,969] {scheduler_job.py:629} INFO - Processing file /Users/garonsmith/Desktop/airflow_study/airflow-etl-explore/.venv/lib/python3.8/site-packages/airflow/example_dags/example_task_group.py for tasks to queue
[2021-04-06 18:49:02,970] {logging_mixin.py:104} INFO - [2021-04-06 18:49:02,970] {dagbag.py:448} INFO - Filling up the DagBag from /Users/garonsmith/Desktop/airflow_study/airflow-etl-explore/.venv/lib/python3.8/site-packages/airflow/example_dags/example_task_group.py
[2021-04-06 18:49:02,974] {scheduler_job.py:639} INFO - DAG(s) dict_keys(['example_task_group']) retrieved from /Users/garonsmith/Desktop/airflow_study/airflow-etl-explore/.venv/lib/python3.8/site-packages/airflow/example_dags/example_task_group.py
[2021-04-06 18:49:03,011] {logging_mixin.py:104} INFO - [2021-04-06 18:49:03,011] {dag.py:1818} INFO - Sync 1 DAGs
[2021-04-06 18:49:03,018] {logging_mixin.py:104} INFO - [2021-04-06 18:49:03,018] {dag.py:2273} INFO - Setting next_dagrun for example_task_group to 2021-04-04 00:00:00+00:00
[2021-04-06 18:49:03,024] {scheduler_job.py:190} INFO - Processing /Users/garonsmith/Desktop/airflow_study/airflow-etl-explore/.venv/lib/python3.8/site-packages/airflow/example_dags/example_task_group.py took 0.055 seconds
[2021-04-06 18:49:10,244] {scheduler_job.py:182} INFO - Started process (PID=20637) to work on /Users/garonsmith/Desktop/airflow_study/airflow-etl-explore/.venv/lib/python3.8/site-packages/airflow/example_dags/example_task_group.py
[2021-04-06 18:49:10,244] {scheduler_job.py:629} INFO - Processing file /Users/garonsmith/Desktop/airflow_study/airflow-etl-explore/.venv/lib/python3.8/site-packages/airflow/example_dags/example_task_group.py for tasks to queue
[2021-04-06 18:49:10,245] {logging_mixin.py:104} INFO - [2021-04-06 18:49:10,245] {dagbag.py:448} INFO - Filling up the DagBag from /Users/garonsmith/Desktop/airflow_study/airflow-etl-explore/.venv/lib/python3.8/site-packages/airflow/example_dags/example_task_group.py
[2021-04-06 18:49:10,249] {scheduler_job.py:639} INFO - DAG(s) dict_keys(['example_task_group']) retrieved from /Users/garonsmith/Desktop/airflow_study/airflow-etl-explore/.venv/lib/python3.8/site-packages/airflow/example_dags/example_task_group.py
[2021-04-06 18:49:10,267] {logging_mixin.py:104} INFO - [2021-04-06 18:49:10,267] {dag.py:1818} INFO - Sync 1 DAGs
[2021-04-06 18:49:10,290] {logging_mixin.py:104} INFO - [2021-04-06 18:49:10,290] {dag.py:2273} INFO - Setting next_dagrun for example_task_group to 2021-04-04 00:00:00+00:00
[2021-04-06 18:49:10,311] {scheduler_job.py:190} INFO - Processing /Users/garonsmith/Desktop/airflow_study/airflow-etl-explore/.venv/lib/python3.8/site-packages/airflow/example_dags/example_task_group.py took 0.067 seconds
[2021-04-06 18:49:34,184] {scheduler_job.py:182} INFO - Started process (PID=20705) to work on /Users/garonsmith/Desktop/airflow_study/airflow-etl-explore/.venv/lib/python3.8/site-packages/airflow/example_dags/example_task_group.py
[2021-04-06 18:49:34,187] {scheduler_job.py:629} INFO - Processing file /Users/garonsmith/Desktop/airflow_study/airflow-etl-explore/.venv/lib/python3.8/site-packages/airflow/example_dags/example_task_group.py for tasks to queue
[2021-04-06 18:49:34,187] {logging_mixin.py:104} INFO - [2021-04-06 18:49:34,187] {dagbag.py:448} INFO - Filling up the DagBag from /Users/garonsmith/Desktop/airflow_study/airflow-etl-explore/.venv/lib/python3.8/site-packages/airflow/example_dags/example_task_group.py
[2021-04-06 18:49:34,193] {scheduler_job.py:639} INFO - DAG(s) dict_keys(['example_task_group']) retrieved from /Users/garonsmith/Desktop/airflow_study/airflow-etl-explore/.venv/lib/python3.8/site-packages/airflow/example_dags/example_task_group.py
[2021-04-06 18:49:34,242] {logging_mixin.py:104} INFO - [2021-04-06 18:49:34,242] {dag.py:1818} INFO - Sync 1 DAGs
[2021-04-06 18:49:34,266] {logging_mixin.py:104} INFO - [2021-04-06 18:49:34,266] {dag.py:2273} INFO - Setting next_dagrun for example_task_group to 2021-04-04 00:00:00+00:00
[2021-04-06 18:49:34,278] {scheduler_job.py:190} INFO - Processing /Users/garonsmith/Desktop/airflow_study/airflow-etl-explore/.venv/lib/python3.8/site-packages/airflow/example_dags/example_task_group.py took 0.096 seconds
[2021-04-06 18:49:41,632] {scheduler_job.py:182} INFO - Started process (PID=20805) to work on /Users/garonsmith/Desktop/airflow_study/airflow-etl-explore/.venv/lib/python3.8/site-packages/airflow/example_dags/example_task_group.py
[2021-04-06 18:49:41,633] {scheduler_job.py:629} INFO - Processing file /Users/garonsmith/Desktop/airflow_study/airflow-etl-explore/.venv/lib/python3.8/site-packages/airflow/example_dags/example_task_group.py for tasks to queue
[2021-04-06 18:49:41,633] {logging_mixin.py:104} INFO - [2021-04-06 18:49:41,633] {dagbag.py:448} INFO - Filling up the DagBag from /Users/garonsmith/Desktop/airflow_study/airflow-etl-explore/.venv/lib/python3.8/site-packages/airflow/example_dags/example_task_group.py
[2021-04-06 18:49:41,638] {scheduler_job.py:639} INFO - DAG(s) dict_keys(['example_task_group']) retrieved from /Users/garonsmith/Desktop/airflow_study/airflow-etl-explore/.venv/lib/python3.8/site-packages/airflow/example_dags/example_task_group.py
[2021-04-06 18:49:41,667] {logging_mixin.py:104} INFO - [2021-04-06 18:49:41,667] {dag.py:1818} INFO - Sync 1 DAGs
[2021-04-06 18:49:41,711] {logging_mixin.py:104} INFO - [2021-04-06 18:49:41,711] {dag.py:2273} INFO - Setting next_dagrun for example_task_group to 2021-04-04 00:00:00+00:00
[2021-04-06 18:49:41,717] {scheduler_job.py:190} INFO - Processing /Users/garonsmith/Desktop/airflow_study/airflow-etl-explore/.venv/lib/python3.8/site-packages/airflow/example_dags/example_task_group.py took 0.086 seconds
[2021-04-06 18:50:04,887] {scheduler_job.py:182} INFO - Started process (PID=20878) to work on /Users/garonsmith/Desktop/airflow_study/airflow-etl-explore/.venv/lib/python3.8/site-packages/airflow/example_dags/example_task_group.py
[2021-04-06 18:50:04,887] {scheduler_job.py:629} INFO - Processing file /Users/garonsmith/Desktop/airflow_study/airflow-etl-explore/.venv/lib/python3.8/site-packages/airflow/example_dags/example_task_group.py for tasks to queue
[2021-04-06 18:50:04,887] {logging_mixin.py:104} INFO - [2021-04-06 18:50:04,887] {dagbag.py:448} INFO - Filling up the DagBag from /Users/garonsmith/Desktop/airflow_study/airflow-etl-explore/.venv/lib/python3.8/site-packages/airflow/example_dags/example_task_group.py
[2021-04-06 18:50:04,892] {scheduler_job.py:639} INFO - DAG(s) dict_keys(['example_task_group']) retrieved from /Users/garonsmith/Desktop/airflow_study/airflow-etl-explore/.venv/lib/python3.8/site-packages/airflow/example_dags/example_task_group.py
[2021-04-06 18:50:04,962] {logging_mixin.py:104} INFO - [2021-04-06 18:50:04,962] {dag.py:1818} INFO - Sync 1 DAGs
[2021-04-06 18:50:04,972] {logging_mixin.py:104} INFO - [2021-04-06 18:50:04,972] {dag.py:2273} INFO - Setting next_dagrun for example_task_group to 2021-04-04 00:00:00+00:00
[2021-04-06 18:50:04,977] {scheduler_job.py:190} INFO - Processing /Users/garonsmith/Desktop/airflow_study/airflow-etl-explore/.venv/lib/python3.8/site-packages/airflow/example_dags/example_task_group.py took 0.091 seconds
[2021-04-06 18:50:13,276] {scheduler_job.py:182} INFO - Started process (PID=20982) to work on /Users/garonsmith/Desktop/airflow_study/airflow-etl-explore/.venv/lib/python3.8/site-packages/airflow/example_dags/example_task_group.py
[2021-04-06 18:50:13,276] {scheduler_job.py:629} INFO - Processing file /Users/garonsmith/Desktop/airflow_study/airflow-etl-explore/.venv/lib/python3.8/site-packages/airflow/example_dags/example_task_group.py for tasks to queue
[2021-04-06 18:50:13,276] {logging_mixin.py:104} INFO - [2021-04-06 18:50:13,276] {dagbag.py:448} INFO - Filling up the DagBag from /Users/garonsmith/Desktop/airflow_study/airflow-etl-explore/.venv/lib/python3.8/site-packages/airflow/example_dags/example_task_group.py
[2021-04-06 18:50:13,281] {scheduler_job.py:639} INFO - DAG(s) dict_keys(['example_task_group']) retrieved from /Users/garonsmith/Desktop/airflow_study/airflow-etl-explore/.venv/lib/python3.8/site-packages/airflow/example_dags/example_task_group.py
[2021-04-06 18:50:13,313] {logging_mixin.py:104} INFO - [2021-04-06 18:50:13,313] {dag.py:1818} INFO - Sync 1 DAGs
[2021-04-06 18:50:13,320] {logging_mixin.py:104} INFO - [2021-04-06 18:50:13,320] {dag.py:2273} INFO - Setting next_dagrun for example_task_group to 2021-04-04 00:00:00+00:00
[2021-04-06 18:50:13,326] {scheduler_job.py:190} INFO - Processing /Users/garonsmith/Desktop/airflow_study/airflow-etl-explore/.venv/lib/python3.8/site-packages/airflow/example_dags/example_task_group.py took 0.050 seconds
[2021-04-06 18:50:35,725] {scheduler_job.py:182} INFO - Started process (PID=21043) to work on /Users/garonsmith/Desktop/airflow_study/airflow-etl-explore/.venv/lib/python3.8/site-packages/airflow/example_dags/example_task_group.py
[2021-04-06 18:50:35,725] {scheduler_job.py:629} INFO - Processing file /Users/garonsmith/Desktop/airflow_study/airflow-etl-explore/.venv/lib/python3.8/site-packages/airflow/example_dags/example_task_group.py for tasks to queue
[2021-04-06 18:50:35,726] {logging_mixin.py:104} INFO - [2021-04-06 18:50:35,726] {dagbag.py:448} INFO - Filling up the DagBag from /Users/garonsmith/Desktop/airflow_study/airflow-etl-explore/.venv/lib/python3.8/site-packages/airflow/example_dags/example_task_group.py
[2021-04-06 18:50:35,730] {scheduler_job.py:639} INFO - DAG(s) dict_keys(['example_task_group']) retrieved from /Users/garonsmith/Desktop/airflow_study/airflow-etl-explore/.venv/lib/python3.8/site-packages/airflow/example_dags/example_task_group.py
[2021-04-06 18:50:35,743] {logging_mixin.py:104} INFO - [2021-04-06 18:50:35,743] {dag.py:1818} INFO - Sync 1 DAGs
[2021-04-06 18:50:35,766] {logging_mixin.py:104} INFO - [2021-04-06 18:50:35,766] {dag.py:2273} INFO - Setting next_dagrun for example_task_group to 2021-04-04 00:00:00+00:00
[2021-04-06 18:50:35,771] {scheduler_job.py:190} INFO - Processing /Users/garonsmith/Desktop/airflow_study/airflow-etl-explore/.venv/lib/python3.8/site-packages/airflow/example_dags/example_task_group.py took 0.046 seconds
[2021-04-06 18:50:45,160] {scheduler_job.py:182} INFO - Started process (PID=21152) to work on /Users/garonsmith/Desktop/airflow_study/airflow-etl-explore/.venv/lib/python3.8/site-packages/airflow/example_dags/example_task_group.py
[2021-04-06 18:50:45,160] {scheduler_job.py:629} INFO - Processing file /Users/garonsmith/Desktop/airflow_study/airflow-etl-explore/.venv/lib/python3.8/site-packages/airflow/example_dags/example_task_group.py for tasks to queue
[2021-04-06 18:50:45,160] {logging_mixin.py:104} INFO - [2021-04-06 18:50:45,160] {dagbag.py:448} INFO - Filling up the DagBag from /Users/garonsmith/Desktop/airflow_study/airflow-etl-explore/.venv/lib/python3.8/site-packages/airflow/example_dags/example_task_group.py
[2021-04-06 18:50:45,165] {scheduler_job.py:639} INFO - DAG(s) dict_keys(['example_task_group']) retrieved from /Users/garonsmith/Desktop/airflow_study/airflow-etl-explore/.venv/lib/python3.8/site-packages/airflow/example_dags/example_task_group.py
[2021-04-06 18:50:45,214] {logging_mixin.py:104} INFO - [2021-04-06 18:50:45,213] {dag.py:1818} INFO - Sync 1 DAGs
[2021-04-06 18:50:45,221] {logging_mixin.py:104} INFO - [2021-04-06 18:50:45,221] {dag.py:2273} INFO - Setting next_dagrun for example_task_group to 2021-04-04 00:00:00+00:00
[2021-04-06 18:50:45,227] {scheduler_job.py:190} INFO - Processing /Users/garonsmith/Desktop/airflow_study/airflow-etl-explore/.venv/lib/python3.8/site-packages/airflow/example_dags/example_task_group.py took 0.068 seconds
[2021-04-06 18:51:06,433] {scheduler_job.py:182} INFO - Started process (PID=21209) to work on /Users/garonsmith/Desktop/airflow_study/airflow-etl-explore/.venv/lib/python3.8/site-packages/airflow/example_dags/example_task_group.py
[2021-04-06 18:51:06,434] {scheduler_job.py:629} INFO - Processing file /Users/garonsmith/Desktop/airflow_study/airflow-etl-explore/.venv/lib/python3.8/site-packages/airflow/example_dags/example_task_group.py for tasks to queue
[2021-04-06 18:51:06,434] {logging_mixin.py:104} INFO - [2021-04-06 18:51:06,434] {dagbag.py:448} INFO - Filling up the DagBag from /Users/garonsmith/Desktop/airflow_study/airflow-etl-explore/.venv/lib/python3.8/site-packages/airflow/example_dags/example_task_group.py
[2021-04-06 18:51:06,439] {scheduler_job.py:639} INFO - DAG(s) dict_keys(['example_task_group']) retrieved from /Users/garonsmith/Desktop/airflow_study/airflow-etl-explore/.venv/lib/python3.8/site-packages/airflow/example_dags/example_task_group.py
[2021-04-06 18:51:06,469] {logging_mixin.py:104} INFO - [2021-04-06 18:51:06,469] {dag.py:1818} INFO - Sync 1 DAGs
[2021-04-06 18:51:06,517] {logging_mixin.py:104} INFO - [2021-04-06 18:51:06,516] {dag.py:2273} INFO - Setting next_dagrun for example_task_group to 2021-04-04 00:00:00+00:00
[2021-04-06 18:51:06,521] {scheduler_job.py:190} INFO - Processing /Users/garonsmith/Desktop/airflow_study/airflow-etl-explore/.venv/lib/python3.8/site-packages/airflow/example_dags/example_task_group.py took 0.089 seconds
[2021-04-06 18:51:17,275] {scheduler_job.py:182} INFO - Started process (PID=21321) to work on /Users/garonsmith/Desktop/airflow_study/airflow-etl-explore/.venv/lib/python3.8/site-packages/airflow/example_dags/example_task_group.py
[2021-04-06 18:51:17,275] {scheduler_job.py:629} INFO - Processing file /Users/garonsmith/Desktop/airflow_study/airflow-etl-explore/.venv/lib/python3.8/site-packages/airflow/example_dags/example_task_group.py for tasks to queue
[2021-04-06 18:51:17,275] {logging_mixin.py:104} INFO - [2021-04-06 18:51:17,275] {dagbag.py:448} INFO - Filling up the DagBag from /Users/garonsmith/Desktop/airflow_study/airflow-etl-explore/.venv/lib/python3.8/site-packages/airflow/example_dags/example_task_group.py
[2021-04-06 18:51:17,280] {scheduler_job.py:639} INFO - DAG(s) dict_keys(['example_task_group']) retrieved from /Users/garonsmith/Desktop/airflow_study/airflow-etl-explore/.venv/lib/python3.8/site-packages/airflow/example_dags/example_task_group.py
[2021-04-06 18:51:17,315] {logging_mixin.py:104} INFO - [2021-04-06 18:51:17,314] {dag.py:1818} INFO - Sync 1 DAGs
[2021-04-06 18:51:17,323] {logging_mixin.py:104} INFO - [2021-04-06 18:51:17,323] {dag.py:2273} INFO - Setting next_dagrun for example_task_group to 2021-04-04 00:00:00+00:00
[2021-04-06 18:51:17,329] {scheduler_job.py:190} INFO - Processing /Users/garonsmith/Desktop/airflow_study/airflow-etl-explore/.venv/lib/python3.8/site-packages/airflow/example_dags/example_task_group.py took 0.055 seconds
[2021-04-06 18:51:37,534] {scheduler_job.py:182} INFO - Started process (PID=21373) to work on /Users/garonsmith/Desktop/airflow_study/airflow-etl-explore/.venv/lib/python3.8/site-packages/airflow/example_dags/example_task_group.py
[2021-04-06 18:51:37,535] {scheduler_job.py:629} INFO - Processing file /Users/garonsmith/Desktop/airflow_study/airflow-etl-explore/.venv/lib/python3.8/site-packages/airflow/example_dags/example_task_group.py for tasks to queue
[2021-04-06 18:51:37,535] {logging_mixin.py:104} INFO - [2021-04-06 18:51:37,535] {dagbag.py:448} INFO - Filling up the DagBag from /Users/garonsmith/Desktop/airflow_study/airflow-etl-explore/.venv/lib/python3.8/site-packages/airflow/example_dags/example_task_group.py
[2021-04-06 18:51:37,539] {scheduler_job.py:639} INFO - DAG(s) dict_keys(['example_task_group']) retrieved from /Users/garonsmith/Desktop/airflow_study/airflow-etl-explore/.venv/lib/python3.8/site-packages/airflow/example_dags/example_task_group.py
[2021-04-06 18:51:37,569] {logging_mixin.py:104} INFO - [2021-04-06 18:51:37,569] {dag.py:1818} INFO - Sync 1 DAGs
[2021-04-06 18:51:37,591] {logging_mixin.py:104} INFO - [2021-04-06 18:51:37,591] {dag.py:2273} INFO - Setting next_dagrun for example_task_group to 2021-04-04 00:00:00+00:00
[2021-04-06 18:51:37,596] {scheduler_job.py:190} INFO - Processing /Users/garonsmith/Desktop/airflow_study/airflow-etl-explore/.venv/lib/python3.8/site-packages/airflow/example_dags/example_task_group.py took 0.062 seconds
[2021-04-06 18:51:48,733] {scheduler_job.py:182} INFO - Started process (PID=21489) to work on /Users/garonsmith/Desktop/airflow_study/airflow-etl-explore/.venv/lib/python3.8/site-packages/airflow/example_dags/example_task_group.py
[2021-04-06 18:51:48,734] {scheduler_job.py:629} INFO - Processing file /Users/garonsmith/Desktop/airflow_study/airflow-etl-explore/.venv/lib/python3.8/site-packages/airflow/example_dags/example_task_group.py for tasks to queue
[2021-04-06 18:51:48,734] {logging_mixin.py:104} INFO - [2021-04-06 18:51:48,734] {dagbag.py:448} INFO - Filling up the DagBag from /Users/garonsmith/Desktop/airflow_study/airflow-etl-explore/.venv/lib/python3.8/site-packages/airflow/example_dags/example_task_group.py
[2021-04-06 18:51:48,740] {scheduler_job.py:639} INFO - DAG(s) dict_keys(['example_task_group']) retrieved from /Users/garonsmith/Desktop/airflow_study/airflow-etl-explore/.venv/lib/python3.8/site-packages/airflow/example_dags/example_task_group.py
[2021-04-06 18:51:48,792] {logging_mixin.py:104} INFO - [2021-04-06 18:51:48,792] {dag.py:1818} INFO - Sync 1 DAGs
[2021-04-06 18:51:48,815] {logging_mixin.py:104} INFO - [2021-04-06 18:51:48,815] {dag.py:2273} INFO - Setting next_dagrun for example_task_group to 2021-04-04 00:00:00+00:00
[2021-04-06 18:51:48,821] {scheduler_job.py:190} INFO - Processing /Users/garonsmith/Desktop/airflow_study/airflow-etl-explore/.venv/lib/python3.8/site-packages/airflow/example_dags/example_task_group.py took 0.088 seconds
[2021-04-06 18:52:08,583] {scheduler_job.py:182} INFO - Started process (PID=21542) to work on /Users/garonsmith/Desktop/airflow_study/airflow-etl-explore/.venv/lib/python3.8/site-packages/airflow/example_dags/example_task_group.py
[2021-04-06 18:52:08,584] {scheduler_job.py:629} INFO - Processing file /Users/garonsmith/Desktop/airflow_study/airflow-etl-explore/.venv/lib/python3.8/site-packages/airflow/example_dags/example_task_group.py for tasks to queue
[2021-04-06 18:52:08,584] {logging_mixin.py:104} INFO - [2021-04-06 18:52:08,584] {dagbag.py:448} INFO - Filling up the DagBag from /Users/garonsmith/Desktop/airflow_study/airflow-etl-explore/.venv/lib/python3.8/site-packages/airflow/example_dags/example_task_group.py
[2021-04-06 18:52:08,589] {scheduler_job.py:639} INFO - DAG(s) dict_keys(['example_task_group']) retrieved from /Users/garonsmith/Desktop/airflow_study/airflow-etl-explore/.venv/lib/python3.8/site-packages/airflow/example_dags/example_task_group.py
[2021-04-06 18:52:08,618] {logging_mixin.py:104} INFO - [2021-04-06 18:52:08,618] {dag.py:1818} INFO - Sync 1 DAGs
[2021-04-06 18:52:08,645] {logging_mixin.py:104} INFO - [2021-04-06 18:52:08,645] {dag.py:2273} INFO - Setting next_dagrun for example_task_group to 2021-04-04 00:00:00+00:00
[2021-04-06 18:52:08,665] {scheduler_job.py:190} INFO - Processing /Users/garonsmith/Desktop/airflow_study/airflow-etl-explore/.venv/lib/python3.8/site-packages/airflow/example_dags/example_task_group.py took 0.082 seconds
[2021-04-06 18:52:39,691] {scheduler_job.py:182} INFO - Started process (PID=21639) to work on /Users/garonsmith/Desktop/airflow_study/airflow-etl-explore/.venv/lib/python3.8/site-packages/airflow/example_dags/example_task_group.py
[2021-04-06 18:52:39,691] {scheduler_job.py:629} INFO - Processing file /Users/garonsmith/Desktop/airflow_study/airflow-etl-explore/.venv/lib/python3.8/site-packages/airflow/example_dags/example_task_group.py for tasks to queue
[2021-04-06 18:52:39,691] {logging_mixin.py:104} INFO - [2021-04-06 18:52:39,691] {dagbag.py:448} INFO - Filling up the DagBag from /Users/garonsmith/Desktop/airflow_study/airflow-etl-explore/.venv/lib/python3.8/site-packages/airflow/example_dags/example_task_group.py
[2021-04-06 18:52:39,696] {scheduler_job.py:639} INFO - DAG(s) dict_keys(['example_task_group']) retrieved from /Users/garonsmith/Desktop/airflow_study/airflow-etl-explore/.venv/lib/python3.8/site-packages/airflow/example_dags/example_task_group.py
[2021-04-06 18:52:39,747] {logging_mixin.py:104} INFO - [2021-04-06 18:52:39,746] {dag.py:1818} INFO - Sync 1 DAGs
[2021-04-06 18:52:39,769] {logging_mixin.py:104} INFO - [2021-04-06 18:52:39,768] {dag.py:2273} INFO - Setting next_dagrun for example_task_group to 2021-04-04 00:00:00+00:00
[2021-04-06 18:52:39,776] {scheduler_job.py:190} INFO - Processing /Users/garonsmith/Desktop/airflow_study/airflow-etl-explore/.venv/lib/python3.8/site-packages/airflow/example_dags/example_task_group.py took 0.086 seconds
[2021-04-06 18:53:10,671] {scheduler_job.py:182} INFO - Started process (PID=21728) to work on /Users/garonsmith/Desktop/airflow_study/airflow-etl-explore/.venv/lib/python3.8/site-packages/airflow/example_dags/example_task_group.py
[2021-04-06 18:53:10,671] {scheduler_job.py:629} INFO - Processing file /Users/garonsmith/Desktop/airflow_study/airflow-etl-explore/.venv/lib/python3.8/site-packages/airflow/example_dags/example_task_group.py for tasks to queue
[2021-04-06 18:53:10,672] {logging_mixin.py:104} INFO - [2021-04-06 18:53:10,672] {dagbag.py:448} INFO - Filling up the DagBag from /Users/garonsmith/Desktop/airflow_study/airflow-etl-explore/.venv/lib/python3.8/site-packages/airflow/example_dags/example_task_group.py
[2021-04-06 18:53:10,678] {scheduler_job.py:639} INFO - DAG(s) dict_keys(['example_task_group']) retrieved from /Users/garonsmith/Desktop/airflow_study/airflow-etl-explore/.venv/lib/python3.8/site-packages/airflow/example_dags/example_task_group.py
[2021-04-06 18:53:10,717] {logging_mixin.py:104} INFO - [2021-04-06 18:53:10,716] {dag.py:1818} INFO - Sync 1 DAGs
[2021-04-06 18:53:10,723] {logging_mixin.py:104} INFO - [2021-04-06 18:53:10,723] {dag.py:2273} INFO - Setting next_dagrun for example_task_group to 2021-04-04 00:00:00+00:00
[2021-04-06 18:53:10,729] {scheduler_job.py:190} INFO - Processing /Users/garonsmith/Desktop/airflow_study/airflow-etl-explore/.venv/lib/python3.8/site-packages/airflow/example_dags/example_task_group.py took 0.059 seconds
[2021-04-06 18:53:41,772] {scheduler_job.py:182} INFO - Started process (PID=21832) to work on /Users/garonsmith/Desktop/airflow_study/airflow-etl-explore/.venv/lib/python3.8/site-packages/airflow/example_dags/example_task_group.py
[2021-04-06 18:53:41,772] {scheduler_job.py:629} INFO - Processing file /Users/garonsmith/Desktop/airflow_study/airflow-etl-explore/.venv/lib/python3.8/site-packages/airflow/example_dags/example_task_group.py for tasks to queue
[2021-04-06 18:53:41,772] {logging_mixin.py:104} INFO - [2021-04-06 18:53:41,772] {dagbag.py:448} INFO - Filling up the DagBag from /Users/garonsmith/Desktop/airflow_study/airflow-etl-explore/.venv/lib/python3.8/site-packages/airflow/example_dags/example_task_group.py
[2021-04-06 18:53:41,777] {scheduler_job.py:639} INFO - DAG(s) dict_keys(['example_task_group']) retrieved from /Users/garonsmith/Desktop/airflow_study/airflow-etl-explore/.venv/lib/python3.8/site-packages/airflow/example_dags/example_task_group.py
[2021-04-06 18:53:41,818] {logging_mixin.py:104} INFO - [2021-04-06 18:53:41,818] {dag.py:1818} INFO - Sync 1 DAGs
[2021-04-06 18:53:41,825] {logging_mixin.py:104} INFO - [2021-04-06 18:53:41,824] {dag.py:2273} INFO - Setting next_dagrun for example_task_group to 2021-04-04 00:00:00+00:00
[2021-04-06 18:53:41,832] {scheduler_job.py:190} INFO - Processing /Users/garonsmith/Desktop/airflow_study/airflow-etl-explore/.venv/lib/python3.8/site-packages/airflow/example_dags/example_task_group.py took 0.061 seconds
[2021-04-06 18:54:12,851] {scheduler_job.py:182} INFO - Started process (PID=21931) to work on /Users/garonsmith/Desktop/airflow_study/airflow-etl-explore/.venv/lib/python3.8/site-packages/airflow/example_dags/example_task_group.py
[2021-04-06 18:54:12,852] {scheduler_job.py:629} INFO - Processing file /Users/garonsmith/Desktop/airflow_study/airflow-etl-explore/.venv/lib/python3.8/site-packages/airflow/example_dags/example_task_group.py for tasks to queue
[2021-04-06 18:54:12,852] {logging_mixin.py:104} INFO - [2021-04-06 18:54:12,852] {dagbag.py:448} INFO - Filling up the DagBag from /Users/garonsmith/Desktop/airflow_study/airflow-etl-explore/.venv/lib/python3.8/site-packages/airflow/example_dags/example_task_group.py
[2021-04-06 18:54:12,857] {scheduler_job.py:639} INFO - DAG(s) dict_keys(['example_task_group']) retrieved from /Users/garonsmith/Desktop/airflow_study/airflow-etl-explore/.venv/lib/python3.8/site-packages/airflow/example_dags/example_task_group.py
[2021-04-06 18:54:12,898] {logging_mixin.py:104} INFO - [2021-04-06 18:54:12,898] {dag.py:1818} INFO - Sync 1 DAGs
[2021-04-06 18:54:12,921] {logging_mixin.py:104} INFO - [2021-04-06 18:54:12,921] {dag.py:2273} INFO - Setting next_dagrun for example_task_group to 2021-04-04 00:00:00+00:00
[2021-04-06 18:54:12,927] {scheduler_job.py:190} INFO - Processing /Users/garonsmith/Desktop/airflow_study/airflow-etl-explore/.venv/lib/python3.8/site-packages/airflow/example_dags/example_task_group.py took 0.076 seconds
