[2021-04-06 18:36:14,061] {scheduler_job.py:182} INFO - Started process (PID=17372) to work on /Users/garonsmith/Desktop/airflow_study/airflow-etl-explore/.venv/lib/python3.8/site-packages/airflow/example_dags/example_trigger_controller_dag.py
[2021-04-06 18:36:14,061] {scheduler_job.py:629} INFO - Processing file /Users/garonsmith/Desktop/airflow_study/airflow-etl-explore/.venv/lib/python3.8/site-packages/airflow/example_dags/example_trigger_controller_dag.py for tasks to queue
[2021-04-06 18:36:14,061] {logging_mixin.py:104} INFO - [2021-04-06 18:36:14,061] {dagbag.py:448} INFO - Filling up the DagBag from /Users/garonsmith/Desktop/airflow_study/airflow-etl-explore/.venv/lib/python3.8/site-packages/airflow/example_dags/example_trigger_controller_dag.py
[2021-04-06 18:36:14,066] {scheduler_job.py:639} INFO - DAG(s) dict_keys(['example_trigger_controller_dag']) retrieved from /Users/garonsmith/Desktop/airflow_study/airflow-etl-explore/.venv/lib/python3.8/site-packages/airflow/example_dags/example_trigger_controller_dag.py
[2021-04-06 18:36:14,100] {logging_mixin.py:104} INFO - [2021-04-06 18:36:14,100] {dag.py:1818} INFO - Sync 1 DAGs
[2021-04-06 18:36:14,106] {logging_mixin.py:104} INFO - [2021-04-06 18:36:14,106] {dag.py:2273} INFO - Setting next_dagrun for example_trigger_controller_dag to 2021-04-04 00:00:00+00:00
[2021-04-06 18:36:14,110] {scheduler_job.py:190} INFO - Processing /Users/garonsmith/Desktop/airflow_study/airflow-etl-explore/.venv/lib/python3.8/site-packages/airflow/example_dags/example_trigger_controller_dag.py took 0.050 seconds
[2021-04-06 18:36:44,897] {scheduler_job.py:182} INFO - Started process (PID=17462) to work on /Users/garonsmith/Desktop/airflow_study/airflow-etl-explore/.venv/lib/python3.8/site-packages/airflow/example_dags/example_trigger_controller_dag.py
[2021-04-06 18:36:44,898] {scheduler_job.py:629} INFO - Processing file /Users/garonsmith/Desktop/airflow_study/airflow-etl-explore/.venv/lib/python3.8/site-packages/airflow/example_dags/example_trigger_controller_dag.py for tasks to queue
[2021-04-06 18:36:44,898] {logging_mixin.py:104} INFO - [2021-04-06 18:36:44,898] {dagbag.py:448} INFO - Filling up the DagBag from /Users/garonsmith/Desktop/airflow_study/airflow-etl-explore/.venv/lib/python3.8/site-packages/airflow/example_dags/example_trigger_controller_dag.py
[2021-04-06 18:36:44,904] {scheduler_job.py:639} INFO - DAG(s) dict_keys(['example_trigger_controller_dag']) retrieved from /Users/garonsmith/Desktop/airflow_study/airflow-etl-explore/.venv/lib/python3.8/site-packages/airflow/example_dags/example_trigger_controller_dag.py
[2021-04-06 18:36:44,932] {logging_mixin.py:104} INFO - [2021-04-06 18:36:44,932] {dag.py:1818} INFO - Sync 1 DAGs
[2021-04-06 18:36:44,938] {logging_mixin.py:104} INFO - [2021-04-06 18:36:44,938] {dag.py:2273} INFO - Setting next_dagrun for example_trigger_controller_dag to 2021-04-04 00:00:00+00:00
[2021-04-06 18:36:44,942] {scheduler_job.py:190} INFO - Processing /Users/garonsmith/Desktop/airflow_study/airflow-etl-explore/.venv/lib/python3.8/site-packages/airflow/example_dags/example_trigger_controller_dag.py took 0.046 seconds
[2021-04-06 18:37:16,083] {scheduler_job.py:182} INFO - Started process (PID=18359) to work on /Users/garonsmith/Desktop/airflow_study/airflow-etl-explore/.venv/lib/python3.8/site-packages/airflow/example_dags/example_trigger_controller_dag.py
[2021-04-06 18:37:16,083] {scheduler_job.py:629} INFO - Processing file /Users/garonsmith/Desktop/airflow_study/airflow-etl-explore/.venv/lib/python3.8/site-packages/airflow/example_dags/example_trigger_controller_dag.py for tasks to queue
[2021-04-06 18:37:16,083] {logging_mixin.py:104} INFO - [2021-04-06 18:37:16,083] {dagbag.py:448} INFO - Filling up the DagBag from /Users/garonsmith/Desktop/airflow_study/airflow-etl-explore/.venv/lib/python3.8/site-packages/airflow/example_dags/example_trigger_controller_dag.py
[2021-04-06 18:37:16,088] {scheduler_job.py:639} INFO - DAG(s) dict_keys(['example_trigger_controller_dag']) retrieved from /Users/garonsmith/Desktop/airflow_study/airflow-etl-explore/.venv/lib/python3.8/site-packages/airflow/example_dags/example_trigger_controller_dag.py
[2021-04-06 18:37:16,118] {logging_mixin.py:104} INFO - [2021-04-06 18:37:16,118] {dag.py:1818} INFO - Sync 1 DAGs
[2021-04-06 18:37:16,125] {logging_mixin.py:104} INFO - [2021-04-06 18:37:16,125] {dag.py:2273} INFO - Setting next_dagrun for example_trigger_controller_dag to 2021-04-04 00:00:00+00:00
[2021-04-06 18:37:16,129] {scheduler_job.py:190} INFO - Processing /Users/garonsmith/Desktop/airflow_study/airflow-etl-explore/.venv/lib/python3.8/site-packages/airflow/example_dags/example_trigger_controller_dag.py took 0.047 seconds
[2021-04-06 18:37:47,282] {scheduler_job.py:182} INFO - Started process (PID=18443) to work on /Users/garonsmith/Desktop/airflow_study/airflow-etl-explore/.venv/lib/python3.8/site-packages/airflow/example_dags/example_trigger_controller_dag.py
[2021-04-06 18:37:47,282] {scheduler_job.py:629} INFO - Processing file /Users/garonsmith/Desktop/airflow_study/airflow-etl-explore/.venv/lib/python3.8/site-packages/airflow/example_dags/example_trigger_controller_dag.py for tasks to queue
[2021-04-06 18:37:47,283] {logging_mixin.py:104} INFO - [2021-04-06 18:37:47,283] {dagbag.py:448} INFO - Filling up the DagBag from /Users/garonsmith/Desktop/airflow_study/airflow-etl-explore/.venv/lib/python3.8/site-packages/airflow/example_dags/example_trigger_controller_dag.py
[2021-04-06 18:37:47,287] {scheduler_job.py:639} INFO - DAG(s) dict_keys(['example_trigger_controller_dag']) retrieved from /Users/garonsmith/Desktop/airflow_study/airflow-etl-explore/.venv/lib/python3.8/site-packages/airflow/example_dags/example_trigger_controller_dag.py
[2021-04-06 18:37:47,317] {logging_mixin.py:104} INFO - [2021-04-06 18:37:47,317] {dag.py:1818} INFO - Sync 1 DAGs
[2021-04-06 18:37:47,324] {logging_mixin.py:104} INFO - [2021-04-06 18:37:47,324] {dag.py:2273} INFO - Setting next_dagrun for example_trigger_controller_dag to 2021-04-04 00:00:00+00:00
[2021-04-06 18:37:47,332] {scheduler_job.py:190} INFO - Processing /Users/garonsmith/Desktop/airflow_study/airflow-etl-explore/.venv/lib/python3.8/site-packages/airflow/example_dags/example_trigger_controller_dag.py took 0.051 seconds
[2021-04-06 18:38:18,653] {scheduler_job.py:182} INFO - Started process (PID=18532) to work on /Users/garonsmith/Desktop/airflow_study/airflow-etl-explore/.venv/lib/python3.8/site-packages/airflow/example_dags/example_trigger_controller_dag.py
[2021-04-06 18:38:18,653] {scheduler_job.py:629} INFO - Processing file /Users/garonsmith/Desktop/airflow_study/airflow-etl-explore/.venv/lib/python3.8/site-packages/airflow/example_dags/example_trigger_controller_dag.py for tasks to queue
[2021-04-06 18:38:18,654] {logging_mixin.py:104} INFO - [2021-04-06 18:38:18,653] {dagbag.py:448} INFO - Filling up the DagBag from /Users/garonsmith/Desktop/airflow_study/airflow-etl-explore/.venv/lib/python3.8/site-packages/airflow/example_dags/example_trigger_controller_dag.py
[2021-04-06 18:38:18,658] {scheduler_job.py:639} INFO - DAG(s) dict_keys(['example_trigger_controller_dag']) retrieved from /Users/garonsmith/Desktop/airflow_study/airflow-etl-explore/.venv/lib/python3.8/site-packages/airflow/example_dags/example_trigger_controller_dag.py
[2021-04-06 18:38:18,692] {logging_mixin.py:104} INFO - [2021-04-06 18:38:18,692] {dag.py:1818} INFO - Sync 1 DAGs
[2021-04-06 18:38:18,706] {logging_mixin.py:104} INFO - [2021-04-06 18:38:18,706] {dag.py:2273} INFO - Setting next_dagrun for example_trigger_controller_dag to 2021-04-04 00:00:00+00:00
[2021-04-06 18:38:18,711] {scheduler_job.py:190} INFO - Processing /Users/garonsmith/Desktop/airflow_study/airflow-etl-explore/.venv/lib/python3.8/site-packages/airflow/example_dags/example_trigger_controller_dag.py took 0.058 seconds
[2021-04-06 18:38:50,243] {scheduler_job.py:182} INFO - Started process (PID=18630) to work on /Users/garonsmith/Desktop/airflow_study/airflow-etl-explore/.venv/lib/python3.8/site-packages/airflow/example_dags/example_trigger_controller_dag.py
[2021-04-06 18:38:50,244] {scheduler_job.py:629} INFO - Processing file /Users/garonsmith/Desktop/airflow_study/airflow-etl-explore/.venv/lib/python3.8/site-packages/airflow/example_dags/example_trigger_controller_dag.py for tasks to queue
[2021-04-06 18:38:50,244] {logging_mixin.py:104} INFO - [2021-04-06 18:38:50,244] {dagbag.py:448} INFO - Filling up the DagBag from /Users/garonsmith/Desktop/airflow_study/airflow-etl-explore/.venv/lib/python3.8/site-packages/airflow/example_dags/example_trigger_controller_dag.py
[2021-04-06 18:38:50,248] {scheduler_job.py:639} INFO - DAG(s) dict_keys(['example_trigger_controller_dag']) retrieved from /Users/garonsmith/Desktop/airflow_study/airflow-etl-explore/.venv/lib/python3.8/site-packages/airflow/example_dags/example_trigger_controller_dag.py
[2021-04-06 18:38:50,288] {logging_mixin.py:104} INFO - [2021-04-06 18:38:50,288] {dag.py:1818} INFO - Sync 1 DAGs
[2021-04-06 18:38:50,295] {logging_mixin.py:104} INFO - [2021-04-06 18:38:50,294] {dag.py:2273} INFO - Setting next_dagrun for example_trigger_controller_dag to 2021-04-04 00:00:00+00:00
[2021-04-06 18:38:50,312] {scheduler_job.py:190} INFO - Processing /Users/garonsmith/Desktop/airflow_study/airflow-etl-explore/.venv/lib/python3.8/site-packages/airflow/example_dags/example_trigger_controller_dag.py took 0.069 seconds
[2021-04-06 18:39:21,864] {scheduler_job.py:182} INFO - Started process (PID=18727) to work on /Users/garonsmith/Desktop/airflow_study/airflow-etl-explore/.venv/lib/python3.8/site-packages/airflow/example_dags/example_trigger_controller_dag.py
[2021-04-06 18:39:21,864] {scheduler_job.py:629} INFO - Processing file /Users/garonsmith/Desktop/airflow_study/airflow-etl-explore/.venv/lib/python3.8/site-packages/airflow/example_dags/example_trigger_controller_dag.py for tasks to queue
[2021-04-06 18:39:21,864] {logging_mixin.py:104} INFO - [2021-04-06 18:39:21,864] {dagbag.py:448} INFO - Filling up the DagBag from /Users/garonsmith/Desktop/airflow_study/airflow-etl-explore/.venv/lib/python3.8/site-packages/airflow/example_dags/example_trigger_controller_dag.py
[2021-04-06 18:39:21,868] {scheduler_job.py:639} INFO - DAG(s) dict_keys(['example_trigger_controller_dag']) retrieved from /Users/garonsmith/Desktop/airflow_study/airflow-etl-explore/.venv/lib/python3.8/site-packages/airflow/example_dags/example_trigger_controller_dag.py
[2021-04-06 18:39:21,898] {logging_mixin.py:104} INFO - [2021-04-06 18:39:21,898] {dag.py:1818} INFO - Sync 1 DAGs
[2021-04-06 18:39:21,919] {logging_mixin.py:104} INFO - [2021-04-06 18:39:21,919] {dag.py:2273} INFO - Setting next_dagrun for example_trigger_controller_dag to 2021-04-04 00:00:00+00:00
[2021-04-06 18:39:21,924] {scheduler_job.py:190} INFO - Processing /Users/garonsmith/Desktop/airflow_study/airflow-etl-explore/.venv/lib/python3.8/site-packages/airflow/example_dags/example_trigger_controller_dag.py took 0.060 seconds
[2021-04-06 18:39:52,969] {scheduler_job.py:182} INFO - Started process (PID=18840) to work on /Users/garonsmith/Desktop/airflow_study/airflow-etl-explore/.venv/lib/python3.8/site-packages/airflow/example_dags/example_trigger_controller_dag.py
[2021-04-06 18:39:52,970] {scheduler_job.py:629} INFO - Processing file /Users/garonsmith/Desktop/airflow_study/airflow-etl-explore/.venv/lib/python3.8/site-packages/airflow/example_dags/example_trigger_controller_dag.py for tasks to queue
[2021-04-06 18:39:52,970] {logging_mixin.py:104} INFO - [2021-04-06 18:39:52,970] {dagbag.py:448} INFO - Filling up the DagBag from /Users/garonsmith/Desktop/airflow_study/airflow-etl-explore/.venv/lib/python3.8/site-packages/airflow/example_dags/example_trigger_controller_dag.py
[2021-04-06 18:39:52,975] {scheduler_job.py:639} INFO - DAG(s) dict_keys(['example_trigger_controller_dag']) retrieved from /Users/garonsmith/Desktop/airflow_study/airflow-etl-explore/.venv/lib/python3.8/site-packages/airflow/example_dags/example_trigger_controller_dag.py
[2021-04-06 18:39:53,016] {logging_mixin.py:104} INFO - [2021-04-06 18:39:53,016] {dag.py:1818} INFO - Sync 1 DAGs
[2021-04-06 18:39:53,024] {logging_mixin.py:104} INFO - [2021-04-06 18:39:53,024] {dag.py:2273} INFO - Setting next_dagrun for example_trigger_controller_dag to 2021-04-04 00:00:00+00:00
[2021-04-06 18:39:53,031] {scheduler_job.py:190} INFO - Processing /Users/garonsmith/Desktop/airflow_study/airflow-etl-explore/.venv/lib/python3.8/site-packages/airflow/example_dags/example_trigger_controller_dag.py took 0.062 seconds
[2021-04-06 18:40:23,886] {scheduler_job.py:182} INFO - Started process (PID=18935) to work on /Users/garonsmith/Desktop/airflow_study/airflow-etl-explore/.venv/lib/python3.8/site-packages/airflow/example_dags/example_trigger_controller_dag.py
[2021-04-06 18:40:23,886] {scheduler_job.py:629} INFO - Processing file /Users/garonsmith/Desktop/airflow_study/airflow-etl-explore/.venv/lib/python3.8/site-packages/airflow/example_dags/example_trigger_controller_dag.py for tasks to queue
[2021-04-06 18:40:23,886] {logging_mixin.py:104} INFO - [2021-04-06 18:40:23,886] {dagbag.py:448} INFO - Filling up the DagBag from /Users/garonsmith/Desktop/airflow_study/airflow-etl-explore/.venv/lib/python3.8/site-packages/airflow/example_dags/example_trigger_controller_dag.py
[2021-04-06 18:40:23,890] {scheduler_job.py:639} INFO - DAG(s) dict_keys(['example_trigger_controller_dag']) retrieved from /Users/garonsmith/Desktop/airflow_study/airflow-etl-explore/.venv/lib/python3.8/site-packages/airflow/example_dags/example_trigger_controller_dag.py
[2021-04-06 18:40:23,931] {logging_mixin.py:104} INFO - [2021-04-06 18:40:23,930] {dag.py:1818} INFO - Sync 1 DAGs
[2021-04-06 18:40:23,955] {logging_mixin.py:104} INFO - [2021-04-06 18:40:23,955] {dag.py:2273} INFO - Setting next_dagrun for example_trigger_controller_dag to 2021-04-04 00:00:00+00:00
[2021-04-06 18:40:23,961] {scheduler_job.py:190} INFO - Processing /Users/garonsmith/Desktop/airflow_study/airflow-etl-explore/.venv/lib/python3.8/site-packages/airflow/example_dags/example_trigger_controller_dag.py took 0.076 seconds
[2021-04-06 18:40:55,227] {scheduler_job.py:182} INFO - Started process (PID=19024) to work on /Users/garonsmith/Desktop/airflow_study/airflow-etl-explore/.venv/lib/python3.8/site-packages/airflow/example_dags/example_trigger_controller_dag.py
[2021-04-06 18:40:55,228] {scheduler_job.py:629} INFO - Processing file /Users/garonsmith/Desktop/airflow_study/airflow-etl-explore/.venv/lib/python3.8/site-packages/airflow/example_dags/example_trigger_controller_dag.py for tasks to queue
[2021-04-06 18:40:55,228] {logging_mixin.py:104} INFO - [2021-04-06 18:40:55,228] {dagbag.py:448} INFO - Filling up the DagBag from /Users/garonsmith/Desktop/airflow_study/airflow-etl-explore/.venv/lib/python3.8/site-packages/airflow/example_dags/example_trigger_controller_dag.py
[2021-04-06 18:40:55,232] {scheduler_job.py:639} INFO - DAG(s) dict_keys(['example_trigger_controller_dag']) retrieved from /Users/garonsmith/Desktop/airflow_study/airflow-etl-explore/.venv/lib/python3.8/site-packages/airflow/example_dags/example_trigger_controller_dag.py
[2021-04-06 18:40:55,279] {logging_mixin.py:104} INFO - [2021-04-06 18:40:55,279] {dag.py:1818} INFO - Sync 1 DAGs
[2021-04-06 18:40:55,304] {logging_mixin.py:104} INFO - [2021-04-06 18:40:55,304] {dag.py:2273} INFO - Setting next_dagrun for example_trigger_controller_dag to 2021-04-04 00:00:00+00:00
[2021-04-06 18:40:55,309] {scheduler_job.py:190} INFO - Processing /Users/garonsmith/Desktop/airflow_study/airflow-etl-explore/.venv/lib/python3.8/site-packages/airflow/example_dags/example_trigger_controller_dag.py took 0.083 seconds
[2021-04-06 18:41:26,874] {scheduler_job.py:182} INFO - Started process (PID=19116) to work on /Users/garonsmith/Desktop/airflow_study/airflow-etl-explore/.venv/lib/python3.8/site-packages/airflow/example_dags/example_trigger_controller_dag.py
[2021-04-06 18:41:26,874] {scheduler_job.py:629} INFO - Processing file /Users/garonsmith/Desktop/airflow_study/airflow-etl-explore/.venv/lib/python3.8/site-packages/airflow/example_dags/example_trigger_controller_dag.py for tasks to queue
[2021-04-06 18:41:26,874] {logging_mixin.py:104} INFO - [2021-04-06 18:41:26,874] {dagbag.py:448} INFO - Filling up the DagBag from /Users/garonsmith/Desktop/airflow_study/airflow-etl-explore/.venv/lib/python3.8/site-packages/airflow/example_dags/example_trigger_controller_dag.py
[2021-04-06 18:41:26,879] {scheduler_job.py:639} INFO - DAG(s) dict_keys(['example_trigger_controller_dag']) retrieved from /Users/garonsmith/Desktop/airflow_study/airflow-etl-explore/.venv/lib/python3.8/site-packages/airflow/example_dags/example_trigger_controller_dag.py
[2021-04-06 18:41:26,930] {logging_mixin.py:104} INFO - [2021-04-06 18:41:26,930] {dag.py:1818} INFO - Sync 1 DAGs
[2021-04-06 18:41:26,953] {logging_mixin.py:104} INFO - [2021-04-06 18:41:26,953] {dag.py:2273} INFO - Setting next_dagrun for example_trigger_controller_dag to 2021-04-04 00:00:00+00:00
[2021-04-06 18:41:26,958] {scheduler_job.py:190} INFO - Processing /Users/garonsmith/Desktop/airflow_study/airflow-etl-explore/.venv/lib/python3.8/site-packages/airflow/example_dags/example_trigger_controller_dag.py took 0.084 seconds
[2021-04-06 18:41:58,486] {scheduler_job.py:182} INFO - Started process (PID=19227) to work on /Users/garonsmith/Desktop/airflow_study/airflow-etl-explore/.venv/lib/python3.8/site-packages/airflow/example_dags/example_trigger_controller_dag.py
[2021-04-06 18:41:58,486] {scheduler_job.py:629} INFO - Processing file /Users/garonsmith/Desktop/airflow_study/airflow-etl-explore/.venv/lib/python3.8/site-packages/airflow/example_dags/example_trigger_controller_dag.py for tasks to queue
[2021-04-06 18:41:58,487] {logging_mixin.py:104} INFO - [2021-04-06 18:41:58,487] {dagbag.py:448} INFO - Filling up the DagBag from /Users/garonsmith/Desktop/airflow_study/airflow-etl-explore/.venv/lib/python3.8/site-packages/airflow/example_dags/example_trigger_controller_dag.py
[2021-04-06 18:41:58,491] {scheduler_job.py:639} INFO - DAG(s) dict_keys(['example_trigger_controller_dag']) retrieved from /Users/garonsmith/Desktop/airflow_study/airflow-etl-explore/.venv/lib/python3.8/site-packages/airflow/example_dags/example_trigger_controller_dag.py
[2021-04-06 18:41:58,526] {logging_mixin.py:104} INFO - [2021-04-06 18:41:58,526] {dag.py:1818} INFO - Sync 1 DAGs
[2021-04-06 18:41:58,532] {logging_mixin.py:104} INFO - [2021-04-06 18:41:58,532] {dag.py:2273} INFO - Setting next_dagrun for example_trigger_controller_dag to 2021-04-04 00:00:00+00:00
[2021-04-06 18:41:58,553] {scheduler_job.py:190} INFO - Processing /Users/garonsmith/Desktop/airflow_study/airflow-etl-explore/.venv/lib/python3.8/site-packages/airflow/example_dags/example_trigger_controller_dag.py took 0.067 seconds
[2021-04-06 18:42:29,688] {scheduler_job.py:182} INFO - Started process (PID=19318) to work on /Users/garonsmith/Desktop/airflow_study/airflow-etl-explore/.venv/lib/python3.8/site-packages/airflow/example_dags/example_trigger_controller_dag.py
[2021-04-06 18:42:29,689] {scheduler_job.py:629} INFO - Processing file /Users/garonsmith/Desktop/airflow_study/airflow-etl-explore/.venv/lib/python3.8/site-packages/airflow/example_dags/example_trigger_controller_dag.py for tasks to queue
[2021-04-06 18:42:29,689] {logging_mixin.py:104} INFO - [2021-04-06 18:42:29,689] {dagbag.py:448} INFO - Filling up the DagBag from /Users/garonsmith/Desktop/airflow_study/airflow-etl-explore/.venv/lib/python3.8/site-packages/airflow/example_dags/example_trigger_controller_dag.py
[2021-04-06 18:42:29,693] {scheduler_job.py:639} INFO - DAG(s) dict_keys(['example_trigger_controller_dag']) retrieved from /Users/garonsmith/Desktop/airflow_study/airflow-etl-explore/.venv/lib/python3.8/site-packages/airflow/example_dags/example_trigger_controller_dag.py
[2021-04-06 18:42:29,727] {logging_mixin.py:104} INFO - [2021-04-06 18:42:29,727] {dag.py:1818} INFO - Sync 1 DAGs
[2021-04-06 18:42:29,733] {logging_mixin.py:104} INFO - [2021-04-06 18:42:29,733] {dag.py:2273} INFO - Setting next_dagrun for example_trigger_controller_dag to 2021-04-04 00:00:00+00:00
[2021-04-06 18:42:29,754] {scheduler_job.py:190} INFO - Processing /Users/garonsmith/Desktop/airflow_study/airflow-etl-explore/.venv/lib/python3.8/site-packages/airflow/example_dags/example_trigger_controller_dag.py took 0.066 seconds
[2021-04-06 18:43:01,343] {scheduler_job.py:182} INFO - Started process (PID=19413) to work on /Users/garonsmith/Desktop/airflow_study/airflow-etl-explore/.venv/lib/python3.8/site-packages/airflow/example_dags/example_trigger_controller_dag.py
[2021-04-06 18:43:01,343] {scheduler_job.py:629} INFO - Processing file /Users/garonsmith/Desktop/airflow_study/airflow-etl-explore/.venv/lib/python3.8/site-packages/airflow/example_dags/example_trigger_controller_dag.py for tasks to queue
[2021-04-06 18:43:01,344] {logging_mixin.py:104} INFO - [2021-04-06 18:43:01,344] {dagbag.py:448} INFO - Filling up the DagBag from /Users/garonsmith/Desktop/airflow_study/airflow-etl-explore/.venv/lib/python3.8/site-packages/airflow/example_dags/example_trigger_controller_dag.py
[2021-04-06 18:43:01,347] {scheduler_job.py:639} INFO - DAG(s) dict_keys(['example_trigger_controller_dag']) retrieved from /Users/garonsmith/Desktop/airflow_study/airflow-etl-explore/.venv/lib/python3.8/site-packages/airflow/example_dags/example_trigger_controller_dag.py
[2021-04-06 18:43:01,377] {logging_mixin.py:104} INFO - [2021-04-06 18:43:01,377] {dag.py:1818} INFO - Sync 1 DAGs
[2021-04-06 18:43:01,383] {logging_mixin.py:104} INFO - [2021-04-06 18:43:01,383] {dag.py:2273} INFO - Setting next_dagrun for example_trigger_controller_dag to 2021-04-04 00:00:00+00:00
[2021-04-06 18:43:01,404] {scheduler_job.py:190} INFO - Processing /Users/garonsmith/Desktop/airflow_study/airflow-etl-explore/.venv/lib/python3.8/site-packages/airflow/example_dags/example_trigger_controller_dag.py took 0.061 seconds
[2021-04-06 18:43:32,590] {scheduler_job.py:182} INFO - Started process (PID=19530) to work on /Users/garonsmith/Desktop/airflow_study/airflow-etl-explore/.venv/lib/python3.8/site-packages/airflow/example_dags/example_trigger_controller_dag.py
[2021-04-06 18:43:32,590] {scheduler_job.py:629} INFO - Processing file /Users/garonsmith/Desktop/airflow_study/airflow-etl-explore/.venv/lib/python3.8/site-packages/airflow/example_dags/example_trigger_controller_dag.py for tasks to queue
[2021-04-06 18:43:32,590] {logging_mixin.py:104} INFO - [2021-04-06 18:43:32,590] {dagbag.py:448} INFO - Filling up the DagBag from /Users/garonsmith/Desktop/airflow_study/airflow-etl-explore/.venv/lib/python3.8/site-packages/airflow/example_dags/example_trigger_controller_dag.py
[2021-04-06 18:43:32,594] {scheduler_job.py:639} INFO - DAG(s) dict_keys(['example_trigger_controller_dag']) retrieved from /Users/garonsmith/Desktop/airflow_study/airflow-etl-explore/.venv/lib/python3.8/site-packages/airflow/example_dags/example_trigger_controller_dag.py
[2021-04-06 18:43:32,634] {logging_mixin.py:104} INFO - [2021-04-06 18:43:32,634] {dag.py:1818} INFO - Sync 1 DAGs
[2021-04-06 18:43:32,657] {logging_mixin.py:104} INFO - [2021-04-06 18:43:32,657] {dag.py:2273} INFO - Setting next_dagrun for example_trigger_controller_dag to 2021-04-04 00:00:00+00:00
[2021-04-06 18:43:32,661] {scheduler_job.py:190} INFO - Processing /Users/garonsmith/Desktop/airflow_study/airflow-etl-explore/.venv/lib/python3.8/site-packages/airflow/example_dags/example_trigger_controller_dag.py took 0.072 seconds
[2021-04-06 18:43:47,756] {scheduler_job.py:182} INFO - Started process (PID=19608) to work on /Users/garonsmith/Desktop/airflow_study/airflow-etl-explore/.venv/lib/python3.8/site-packages/airflow/example_dags/example_trigger_controller_dag.py
[2021-04-06 18:43:47,756] {scheduler_job.py:629} INFO - Processing file /Users/garonsmith/Desktop/airflow_study/airflow-etl-explore/.venv/lib/python3.8/site-packages/airflow/example_dags/example_trigger_controller_dag.py for tasks to queue
[2021-04-06 18:43:47,756] {logging_mixin.py:104} INFO - [2021-04-06 18:43:47,756] {dagbag.py:448} INFO - Filling up the DagBag from /Users/garonsmith/Desktop/airflow_study/airflow-etl-explore/.venv/lib/python3.8/site-packages/airflow/example_dags/example_trigger_controller_dag.py
[2021-04-06 18:43:47,760] {scheduler_job.py:639} INFO - DAG(s) dict_keys(['example_trigger_controller_dag']) retrieved from /Users/garonsmith/Desktop/airflow_study/airflow-etl-explore/.venv/lib/python3.8/site-packages/airflow/example_dags/example_trigger_controller_dag.py
[2021-04-06 18:43:47,802] {logging_mixin.py:104} INFO - [2021-04-06 18:43:47,802] {dag.py:1818} INFO - Sync 1 DAGs
[2021-04-06 18:43:47,811] {logging_mixin.py:104} INFO - [2021-04-06 18:43:47,811] {dag.py:2273} INFO - Setting next_dagrun for example_trigger_controller_dag to 2021-04-04 00:00:00+00:00
[2021-04-06 18:43:47,816] {scheduler_job.py:190} INFO - Processing /Users/garonsmith/Desktop/airflow_study/airflow-etl-explore/.venv/lib/python3.8/site-packages/airflow/example_dags/example_trigger_controller_dag.py took 0.061 seconds
[2021-04-06 18:44:18,593] {scheduler_job.py:182} INFO - Started process (PID=19700) to work on /Users/garonsmith/Desktop/airflow_study/airflow-etl-explore/.venv/lib/python3.8/site-packages/airflow/example_dags/example_trigger_controller_dag.py
[2021-04-06 18:44:18,594] {scheduler_job.py:629} INFO - Processing file /Users/garonsmith/Desktop/airflow_study/airflow-etl-explore/.venv/lib/python3.8/site-packages/airflow/example_dags/example_trigger_controller_dag.py for tasks to queue
[2021-04-06 18:44:18,594] {logging_mixin.py:104} INFO - [2021-04-06 18:44:18,594] {dagbag.py:448} INFO - Filling up the DagBag from /Users/garonsmith/Desktop/airflow_study/airflow-etl-explore/.venv/lib/python3.8/site-packages/airflow/example_dags/example_trigger_controller_dag.py
[2021-04-06 18:44:18,599] {scheduler_job.py:639} INFO - DAG(s) dict_keys(['example_trigger_controller_dag']) retrieved from /Users/garonsmith/Desktop/airflow_study/airflow-etl-explore/.venv/lib/python3.8/site-packages/airflow/example_dags/example_trigger_controller_dag.py
[2021-04-06 18:44:18,634] {logging_mixin.py:104} INFO - [2021-04-06 18:44:18,634] {dag.py:1818} INFO - Sync 1 DAGs
[2021-04-06 18:44:18,658] {logging_mixin.py:104} INFO - [2021-04-06 18:44:18,658] {dag.py:2273} INFO - Setting next_dagrun for example_trigger_controller_dag to 2021-04-04 00:00:00+00:00
[2021-04-06 18:44:18,663] {scheduler_job.py:190} INFO - Processing /Users/garonsmith/Desktop/airflow_study/airflow-etl-explore/.venv/lib/python3.8/site-packages/airflow/example_dags/example_trigger_controller_dag.py took 0.070 seconds
[2021-04-06 18:44:49,823] {scheduler_job.py:182} INFO - Started process (PID=19788) to work on /Users/garonsmith/Desktop/airflow_study/airflow-etl-explore/.venv/lib/python3.8/site-packages/airflow/example_dags/example_trigger_controller_dag.py
[2021-04-06 18:44:49,823] {scheduler_job.py:629} INFO - Processing file /Users/garonsmith/Desktop/airflow_study/airflow-etl-explore/.venv/lib/python3.8/site-packages/airflow/example_dags/example_trigger_controller_dag.py for tasks to queue
[2021-04-06 18:44:49,824] {logging_mixin.py:104} INFO - [2021-04-06 18:44:49,824] {dagbag.py:448} INFO - Filling up the DagBag from /Users/garonsmith/Desktop/airflow_study/airflow-etl-explore/.venv/lib/python3.8/site-packages/airflow/example_dags/example_trigger_controller_dag.py
[2021-04-06 18:44:49,828] {scheduler_job.py:639} INFO - DAG(s) dict_keys(['example_trigger_controller_dag']) retrieved from /Users/garonsmith/Desktop/airflow_study/airflow-etl-explore/.venv/lib/python3.8/site-packages/airflow/example_dags/example_trigger_controller_dag.py
[2021-04-06 18:44:49,877] {logging_mixin.py:104} INFO - [2021-04-06 18:44:49,877] {dag.py:1818} INFO - Sync 1 DAGs
[2021-04-06 18:44:49,885] {logging_mixin.py:104} INFO - [2021-04-06 18:44:49,885] {dag.py:2273} INFO - Setting next_dagrun for example_trigger_controller_dag to 2021-04-04 00:00:00+00:00
[2021-04-06 18:44:49,905] {scheduler_job.py:190} INFO - Processing /Users/garonsmith/Desktop/airflow_study/airflow-etl-explore/.venv/lib/python3.8/site-packages/airflow/example_dags/example_trigger_controller_dag.py took 0.083 seconds
[2021-04-06 18:45:20,637] {scheduler_job.py:182} INFO - Started process (PID=19873) to work on /Users/garonsmith/Desktop/airflow_study/airflow-etl-explore/.venv/lib/python3.8/site-packages/airflow/example_dags/example_trigger_controller_dag.py
[2021-04-06 18:45:20,638] {scheduler_job.py:629} INFO - Processing file /Users/garonsmith/Desktop/airflow_study/airflow-etl-explore/.venv/lib/python3.8/site-packages/airflow/example_dags/example_trigger_controller_dag.py for tasks to queue
[2021-04-06 18:45:20,638] {logging_mixin.py:104} INFO - [2021-04-06 18:45:20,638] {dagbag.py:448} INFO - Filling up the DagBag from /Users/garonsmith/Desktop/airflow_study/airflow-etl-explore/.venv/lib/python3.8/site-packages/airflow/example_dags/example_trigger_controller_dag.py
[2021-04-06 18:45:20,643] {scheduler_job.py:639} INFO - DAG(s) dict_keys(['example_trigger_controller_dag']) retrieved from /Users/garonsmith/Desktop/airflow_study/airflow-etl-explore/.venv/lib/python3.8/site-packages/airflow/example_dags/example_trigger_controller_dag.py
[2021-04-06 18:45:20,685] {logging_mixin.py:104} INFO - [2021-04-06 18:45:20,685] {dag.py:1818} INFO - Sync 1 DAGs
[2021-04-06 18:45:20,709] {logging_mixin.py:104} INFO - [2021-04-06 18:45:20,709] {dag.py:2273} INFO - Setting next_dagrun for example_trigger_controller_dag to 2021-04-04 00:00:00+00:00
[2021-04-06 18:45:20,713] {scheduler_job.py:190} INFO - Processing /Users/garonsmith/Desktop/airflow_study/airflow-etl-explore/.venv/lib/python3.8/site-packages/airflow/example_dags/example_trigger_controller_dag.py took 0.077 seconds
[2021-04-06 18:45:51,610] {scheduler_job.py:182} INFO - Started process (PID=19963) to work on /Users/garonsmith/Desktop/airflow_study/airflow-etl-explore/.venv/lib/python3.8/site-packages/airflow/example_dags/example_trigger_controller_dag.py
[2021-04-06 18:45:51,611] {scheduler_job.py:629} INFO - Processing file /Users/garonsmith/Desktop/airflow_study/airflow-etl-explore/.venv/lib/python3.8/site-packages/airflow/example_dags/example_trigger_controller_dag.py for tasks to queue
[2021-04-06 18:45:51,611] {logging_mixin.py:104} INFO - [2021-04-06 18:45:51,611] {dagbag.py:448} INFO - Filling up the DagBag from /Users/garonsmith/Desktop/airflow_study/airflow-etl-explore/.venv/lib/python3.8/site-packages/airflow/example_dags/example_trigger_controller_dag.py
[2021-04-06 18:45:51,615] {scheduler_job.py:639} INFO - DAG(s) dict_keys(['example_trigger_controller_dag']) retrieved from /Users/garonsmith/Desktop/airflow_study/airflow-etl-explore/.venv/lib/python3.8/site-packages/airflow/example_dags/example_trigger_controller_dag.py
[2021-04-06 18:45:51,655] {logging_mixin.py:104} INFO - [2021-04-06 18:45:51,655] {dag.py:1818} INFO - Sync 1 DAGs
[2021-04-06 18:45:51,662] {logging_mixin.py:104} INFO - [2021-04-06 18:45:51,662] {dag.py:2273} INFO - Setting next_dagrun for example_trigger_controller_dag to 2021-04-04 00:00:00+00:00
[2021-04-06 18:45:51,667] {scheduler_job.py:190} INFO - Processing /Users/garonsmith/Desktop/airflow_study/airflow-etl-explore/.venv/lib/python3.8/site-packages/airflow/example_dags/example_trigger_controller_dag.py took 0.057 seconds
[2021-04-06 18:46:22,696] {scheduler_job.py:182} INFO - Started process (PID=20059) to work on /Users/garonsmith/Desktop/airflow_study/airflow-etl-explore/.venv/lib/python3.8/site-packages/airflow/example_dags/example_trigger_controller_dag.py
[2021-04-06 18:46:22,696] {scheduler_job.py:629} INFO - Processing file /Users/garonsmith/Desktop/airflow_study/airflow-etl-explore/.venv/lib/python3.8/site-packages/airflow/example_dags/example_trigger_controller_dag.py for tasks to queue
[2021-04-06 18:46:22,697] {logging_mixin.py:104} INFO - [2021-04-06 18:46:22,697] {dagbag.py:448} INFO - Filling up the DagBag from /Users/garonsmith/Desktop/airflow_study/airflow-etl-explore/.venv/lib/python3.8/site-packages/airflow/example_dags/example_trigger_controller_dag.py
[2021-04-06 18:46:22,701] {scheduler_job.py:639} INFO - DAG(s) dict_keys(['example_trigger_controller_dag']) retrieved from /Users/garonsmith/Desktop/airflow_study/airflow-etl-explore/.venv/lib/python3.8/site-packages/airflow/example_dags/example_trigger_controller_dag.py
[2021-04-06 18:46:22,734] {logging_mixin.py:104} INFO - [2021-04-06 18:46:22,734] {dag.py:1818} INFO - Sync 1 DAGs
[2021-04-06 18:46:22,759] {logging_mixin.py:104} INFO - [2021-04-06 18:46:22,759] {dag.py:2273} INFO - Setting next_dagrun for example_trigger_controller_dag to 2021-04-04 00:00:00+00:00
[2021-04-06 18:46:22,763] {scheduler_job.py:190} INFO - Processing /Users/garonsmith/Desktop/airflow_study/airflow-etl-explore/.venv/lib/python3.8/site-packages/airflow/example_dags/example_trigger_controller_dag.py took 0.068 seconds
[2021-04-06 18:46:53,765] {scheduler_job.py:182} INFO - Started process (PID=20147) to work on /Users/garonsmith/Desktop/airflow_study/airflow-etl-explore/.venv/lib/python3.8/site-packages/airflow/example_dags/example_trigger_controller_dag.py
[2021-04-06 18:46:53,766] {scheduler_job.py:629} INFO - Processing file /Users/garonsmith/Desktop/airflow_study/airflow-etl-explore/.venv/lib/python3.8/site-packages/airflow/example_dags/example_trigger_controller_dag.py for tasks to queue
[2021-04-06 18:46:53,766] {logging_mixin.py:104} INFO - [2021-04-06 18:46:53,766] {dagbag.py:448} INFO - Filling up the DagBag from /Users/garonsmith/Desktop/airflow_study/airflow-etl-explore/.venv/lib/python3.8/site-packages/airflow/example_dags/example_trigger_controller_dag.py
[2021-04-06 18:46:53,771] {scheduler_job.py:639} INFO - DAG(s) dict_keys(['example_trigger_controller_dag']) retrieved from /Users/garonsmith/Desktop/airflow_study/airflow-etl-explore/.venv/lib/python3.8/site-packages/airflow/example_dags/example_trigger_controller_dag.py
[2021-04-06 18:46:53,807] {logging_mixin.py:104} INFO - [2021-04-06 18:46:53,806] {dag.py:1818} INFO - Sync 1 DAGs
[2021-04-06 18:46:53,813] {logging_mixin.py:104} INFO - [2021-04-06 18:46:53,813] {dag.py:2273} INFO - Setting next_dagrun for example_trigger_controller_dag to 2021-04-04 00:00:00+00:00
[2021-04-06 18:46:53,818] {scheduler_job.py:190} INFO - Processing /Users/garonsmith/Desktop/airflow_study/airflow-etl-explore/.venv/lib/python3.8/site-packages/airflow/example_dags/example_trigger_controller_dag.py took 0.053 seconds
[2021-04-06 18:47:24,994] {scheduler_job.py:182} INFO - Started process (PID=20234) to work on /Users/garonsmith/Desktop/airflow_study/airflow-etl-explore/.venv/lib/python3.8/site-packages/airflow/example_dags/example_trigger_controller_dag.py
[2021-04-06 18:47:24,994] {scheduler_job.py:629} INFO - Processing file /Users/garonsmith/Desktop/airflow_study/airflow-etl-explore/.venv/lib/python3.8/site-packages/airflow/example_dags/example_trigger_controller_dag.py for tasks to queue
[2021-04-06 18:47:24,994] {logging_mixin.py:104} INFO - [2021-04-06 18:47:24,994] {dagbag.py:448} INFO - Filling up the DagBag from /Users/garonsmith/Desktop/airflow_study/airflow-etl-explore/.venv/lib/python3.8/site-packages/airflow/example_dags/example_trigger_controller_dag.py
[2021-04-06 18:47:24,998] {scheduler_job.py:639} INFO - DAG(s) dict_keys(['example_trigger_controller_dag']) retrieved from /Users/garonsmith/Desktop/airflow_study/airflow-etl-explore/.venv/lib/python3.8/site-packages/airflow/example_dags/example_trigger_controller_dag.py
[2021-04-06 18:47:25,033] {logging_mixin.py:104} INFO - [2021-04-06 18:47:25,033] {dag.py:1818} INFO - Sync 1 DAGs
[2021-04-06 18:47:25,039] {logging_mixin.py:104} INFO - [2021-04-06 18:47:25,039] {dag.py:2273} INFO - Setting next_dagrun for example_trigger_controller_dag to 2021-04-04 00:00:00+00:00
[2021-04-06 18:47:25,059] {scheduler_job.py:190} INFO - Processing /Users/garonsmith/Desktop/airflow_study/airflow-etl-explore/.venv/lib/python3.8/site-packages/airflow/example_dags/example_trigger_controller_dag.py took 0.066 seconds
[2021-04-06 18:47:56,635] {scheduler_job.py:182} INFO - Started process (PID=20318) to work on /Users/garonsmith/Desktop/airflow_study/airflow-etl-explore/.venv/lib/python3.8/site-packages/airflow/example_dags/example_trigger_controller_dag.py
[2021-04-06 18:47:56,636] {scheduler_job.py:629} INFO - Processing file /Users/garonsmith/Desktop/airflow_study/airflow-etl-explore/.venv/lib/python3.8/site-packages/airflow/example_dags/example_trigger_controller_dag.py for tasks to queue
[2021-04-06 18:47:56,636] {logging_mixin.py:104} INFO - [2021-04-06 18:47:56,636] {dagbag.py:448} INFO - Filling up the DagBag from /Users/garonsmith/Desktop/airflow_study/airflow-etl-explore/.venv/lib/python3.8/site-packages/airflow/example_dags/example_trigger_controller_dag.py
[2021-04-06 18:47:56,640] {scheduler_job.py:639} INFO - DAG(s) dict_keys(['example_trigger_controller_dag']) retrieved from /Users/garonsmith/Desktop/airflow_study/airflow-etl-explore/.venv/lib/python3.8/site-packages/airflow/example_dags/example_trigger_controller_dag.py
[2021-04-06 18:47:56,709] {logging_mixin.py:104} INFO - [2021-04-06 18:47:56,709] {dag.py:1818} INFO - Sync 1 DAGs
[2021-04-06 18:47:56,720] {logging_mixin.py:104} INFO - [2021-04-06 18:47:56,720] {dag.py:2273} INFO - Setting next_dagrun for example_trigger_controller_dag to 2021-04-04 00:00:00+00:00
[2021-04-06 18:47:56,725] {scheduler_job.py:190} INFO - Processing /Users/garonsmith/Desktop/airflow_study/airflow-etl-explore/.venv/lib/python3.8/site-packages/airflow/example_dags/example_trigger_controller_dag.py took 0.090 seconds
[2021-04-06 18:48:27,414] {scheduler_job.py:182} INFO - Started process (PID=20406) to work on /Users/garonsmith/Desktop/airflow_study/airflow-etl-explore/.venv/lib/python3.8/site-packages/airflow/example_dags/example_trigger_controller_dag.py
[2021-04-06 18:48:27,414] {scheduler_job.py:629} INFO - Processing file /Users/garonsmith/Desktop/airflow_study/airflow-etl-explore/.venv/lib/python3.8/site-packages/airflow/example_dags/example_trigger_controller_dag.py for tasks to queue
[2021-04-06 18:48:27,415] {logging_mixin.py:104} INFO - [2021-04-06 18:48:27,415] {dagbag.py:448} INFO - Filling up the DagBag from /Users/garonsmith/Desktop/airflow_study/airflow-etl-explore/.venv/lib/python3.8/site-packages/airflow/example_dags/example_trigger_controller_dag.py
[2021-04-06 18:48:27,420] {scheduler_job.py:639} INFO - DAG(s) dict_keys(['example_trigger_controller_dag']) retrieved from /Users/garonsmith/Desktop/airflow_study/airflow-etl-explore/.venv/lib/python3.8/site-packages/airflow/example_dags/example_trigger_controller_dag.py
[2021-04-06 18:48:27,459] {logging_mixin.py:104} INFO - [2021-04-06 18:48:27,459] {dag.py:1818} INFO - Sync 1 DAGs
[2021-04-06 18:48:27,468] {logging_mixin.py:104} INFO - [2021-04-06 18:48:27,468] {dag.py:2273} INFO - Setting next_dagrun for example_trigger_controller_dag to 2021-04-04 00:00:00+00:00
[2021-04-06 18:48:27,473] {scheduler_job.py:190} INFO - Processing /Users/garonsmith/Desktop/airflow_study/airflow-etl-explore/.venv/lib/python3.8/site-packages/airflow/example_dags/example_trigger_controller_dag.py took 0.060 seconds
[2021-04-06 18:48:58,210] {scheduler_job.py:182} INFO - Started process (PID=20491) to work on /Users/garonsmith/Desktop/airflow_study/airflow-etl-explore/.venv/lib/python3.8/site-packages/airflow/example_dags/example_trigger_controller_dag.py
[2021-04-06 18:48:58,211] {scheduler_job.py:629} INFO - Processing file /Users/garonsmith/Desktop/airflow_study/airflow-etl-explore/.venv/lib/python3.8/site-packages/airflow/example_dags/example_trigger_controller_dag.py for tasks to queue
[2021-04-06 18:48:58,211] {logging_mixin.py:104} INFO - [2021-04-06 18:48:58,211] {dagbag.py:448} INFO - Filling up the DagBag from /Users/garonsmith/Desktop/airflow_study/airflow-etl-explore/.venv/lib/python3.8/site-packages/airflow/example_dags/example_trigger_controller_dag.py
[2021-04-06 18:48:58,215] {scheduler_job.py:639} INFO - DAG(s) dict_keys(['example_trigger_controller_dag']) retrieved from /Users/garonsmith/Desktop/airflow_study/airflow-etl-explore/.venv/lib/python3.8/site-packages/airflow/example_dags/example_trigger_controller_dag.py
[2021-04-06 18:48:58,259] {logging_mixin.py:104} INFO - [2021-04-06 18:48:58,259] {dag.py:1818} INFO - Sync 1 DAGs
[2021-04-06 18:48:58,267] {logging_mixin.py:104} INFO - [2021-04-06 18:48:58,267] {dag.py:2273} INFO - Setting next_dagrun for example_trigger_controller_dag to 2021-04-04 00:00:00+00:00
[2021-04-06 18:48:58,272] {scheduler_job.py:190} INFO - Processing /Users/garonsmith/Desktop/airflow_study/airflow-etl-explore/.venv/lib/python3.8/site-packages/airflow/example_dags/example_trigger_controller_dag.py took 0.062 seconds
[2021-04-06 18:49:12,582] {scheduler_job.py:182} INFO - Started process (PID=20658) to work on /Users/garonsmith/Desktop/airflow_study/airflow-etl-explore/.venv/lib/python3.8/site-packages/airflow/example_dags/example_trigger_controller_dag.py
[2021-04-06 18:49:12,582] {scheduler_job.py:629} INFO - Processing file /Users/garonsmith/Desktop/airflow_study/airflow-etl-explore/.venv/lib/python3.8/site-packages/airflow/example_dags/example_trigger_controller_dag.py for tasks to queue
[2021-04-06 18:49:12,583] {logging_mixin.py:104} INFO - [2021-04-06 18:49:12,583] {dagbag.py:448} INFO - Filling up the DagBag from /Users/garonsmith/Desktop/airflow_study/airflow-etl-explore/.venv/lib/python3.8/site-packages/airflow/example_dags/example_trigger_controller_dag.py
[2021-04-06 18:49:12,590] {scheduler_job.py:639} INFO - DAG(s) dict_keys(['example_trigger_controller_dag']) retrieved from /Users/garonsmith/Desktop/airflow_study/airflow-etl-explore/.venv/lib/python3.8/site-packages/airflow/example_dags/example_trigger_controller_dag.py
[2021-04-06 18:49:12,640] {logging_mixin.py:104} INFO - [2021-04-06 18:49:12,640] {dag.py:1818} INFO - Sync 1 DAGs
[2021-04-06 18:49:12,664] {logging_mixin.py:104} INFO - [2021-04-06 18:49:12,664] {dag.py:2273} INFO - Setting next_dagrun for example_trigger_controller_dag to 2021-04-04 00:00:00+00:00
[2021-04-06 18:49:12,669] {scheduler_job.py:190} INFO - Processing /Users/garonsmith/Desktop/airflow_study/airflow-etl-explore/.venv/lib/python3.8/site-packages/airflow/example_dags/example_trigger_controller_dag.py took 0.088 seconds
[2021-04-06 18:49:29,081] {scheduler_job.py:182} INFO - Started process (PID=20668) to work on /Users/garonsmith/Desktop/airflow_study/airflow-etl-explore/.venv/lib/python3.8/site-packages/airflow/example_dags/example_trigger_controller_dag.py
[2021-04-06 18:49:29,082] {scheduler_job.py:629} INFO - Processing file /Users/garonsmith/Desktop/airflow_study/airflow-etl-explore/.venv/lib/python3.8/site-packages/airflow/example_dags/example_trigger_controller_dag.py for tasks to queue
[2021-04-06 18:49:29,082] {logging_mixin.py:104} INFO - [2021-04-06 18:49:29,082] {dagbag.py:448} INFO - Filling up the DagBag from /Users/garonsmith/Desktop/airflow_study/airflow-etl-explore/.venv/lib/python3.8/site-packages/airflow/example_dags/example_trigger_controller_dag.py
[2021-04-06 18:49:29,087] {scheduler_job.py:639} INFO - DAG(s) dict_keys(['example_trigger_controller_dag']) retrieved from /Users/garonsmith/Desktop/airflow_study/airflow-etl-explore/.venv/lib/python3.8/site-packages/airflow/example_dags/example_trigger_controller_dag.py
[2021-04-06 18:49:29,136] {logging_mixin.py:104} INFO - [2021-04-06 18:49:29,136] {dag.py:1818} INFO - Sync 1 DAGs
[2021-04-06 18:49:29,142] {logging_mixin.py:104} INFO - [2021-04-06 18:49:29,142] {dag.py:2273} INFO - Setting next_dagrun for example_trigger_controller_dag to 2021-04-04 00:00:00+00:00
[2021-04-06 18:49:29,163] {scheduler_job.py:190} INFO - Processing /Users/garonsmith/Desktop/airflow_study/airflow-etl-explore/.venv/lib/python3.8/site-packages/airflow/example_dags/example_trigger_controller_dag.py took 0.082 seconds
[2021-04-06 18:49:44,004] {scheduler_job.py:182} INFO - Started process (PID=20828) to work on /Users/garonsmith/Desktop/airflow_study/airflow-etl-explore/.venv/lib/python3.8/site-packages/airflow/example_dags/example_trigger_controller_dag.py
[2021-04-06 18:49:44,005] {scheduler_job.py:629} INFO - Processing file /Users/garonsmith/Desktop/airflow_study/airflow-etl-explore/.venv/lib/python3.8/site-packages/airflow/example_dags/example_trigger_controller_dag.py for tasks to queue
[2021-04-06 18:49:44,005] {logging_mixin.py:104} INFO - [2021-04-06 18:49:44,005] {dagbag.py:448} INFO - Filling up the DagBag from /Users/garonsmith/Desktop/airflow_study/airflow-etl-explore/.venv/lib/python3.8/site-packages/airflow/example_dags/example_trigger_controller_dag.py
[2021-04-06 18:49:44,010] {scheduler_job.py:639} INFO - DAG(s) dict_keys(['example_trigger_controller_dag']) retrieved from /Users/garonsmith/Desktop/airflow_study/airflow-etl-explore/.venv/lib/python3.8/site-packages/airflow/example_dags/example_trigger_controller_dag.py
[2021-04-06 18:49:44,042] {logging_mixin.py:104} INFO - [2021-04-06 18:49:44,042] {dag.py:1818} INFO - Sync 1 DAGs
[2021-04-06 18:49:44,064] {logging_mixin.py:104} INFO - [2021-04-06 18:49:44,064] {dag.py:2273} INFO - Setting next_dagrun for example_trigger_controller_dag to 2021-04-04 00:00:00+00:00
[2021-04-06 18:49:44,070] {scheduler_job.py:190} INFO - Processing /Users/garonsmith/Desktop/airflow_study/airflow-etl-explore/.venv/lib/python3.8/site-packages/airflow/example_dags/example_trigger_controller_dag.py took 0.067 seconds
[2021-04-06 18:50:00,289] {scheduler_job.py:182} INFO - Started process (PID=20844) to work on /Users/garonsmith/Desktop/airflow_study/airflow-etl-explore/.venv/lib/python3.8/site-packages/airflow/example_dags/example_trigger_controller_dag.py
[2021-04-06 18:50:00,290] {scheduler_job.py:629} INFO - Processing file /Users/garonsmith/Desktop/airflow_study/airflow-etl-explore/.venv/lib/python3.8/site-packages/airflow/example_dags/example_trigger_controller_dag.py for tasks to queue
[2021-04-06 18:50:00,290] {logging_mixin.py:104} INFO - [2021-04-06 18:50:00,290] {dagbag.py:448} INFO - Filling up the DagBag from /Users/garonsmith/Desktop/airflow_study/airflow-etl-explore/.venv/lib/python3.8/site-packages/airflow/example_dags/example_trigger_controller_dag.py
[2021-04-06 18:50:00,295] {scheduler_job.py:639} INFO - DAG(s) dict_keys(['example_trigger_controller_dag']) retrieved from /Users/garonsmith/Desktop/airflow_study/airflow-etl-explore/.venv/lib/python3.8/site-packages/airflow/example_dags/example_trigger_controller_dag.py
[2021-04-06 18:50:00,341] {logging_mixin.py:104} INFO - [2021-04-06 18:50:00,341] {dag.py:1818} INFO - Sync 1 DAGs
[2021-04-06 18:50:00,366] {logging_mixin.py:104} INFO - [2021-04-06 18:50:00,366] {dag.py:2273} INFO - Setting next_dagrun for example_trigger_controller_dag to 2021-04-04 00:00:00+00:00
[2021-04-06 18:50:00,371] {scheduler_job.py:190} INFO - Processing /Users/garonsmith/Desktop/airflow_study/airflow-etl-explore/.venv/lib/python3.8/site-packages/airflow/example_dags/example_trigger_controller_dag.py took 0.082 seconds
[2021-04-06 18:50:15,141] {scheduler_job.py:182} INFO - Started process (PID=21000) to work on /Users/garonsmith/Desktop/airflow_study/airflow-etl-explore/.venv/lib/python3.8/site-packages/airflow/example_dags/example_trigger_controller_dag.py
[2021-04-06 18:50:15,142] {scheduler_job.py:629} INFO - Processing file /Users/garonsmith/Desktop/airflow_study/airflow-etl-explore/.venv/lib/python3.8/site-packages/airflow/example_dags/example_trigger_controller_dag.py for tasks to queue
[2021-04-06 18:50:15,142] {logging_mixin.py:104} INFO - [2021-04-06 18:50:15,142] {dagbag.py:448} INFO - Filling up the DagBag from /Users/garonsmith/Desktop/airflow_study/airflow-etl-explore/.venv/lib/python3.8/site-packages/airflow/example_dags/example_trigger_controller_dag.py
[2021-04-06 18:50:15,146] {scheduler_job.py:639} INFO - DAG(s) dict_keys(['example_trigger_controller_dag']) retrieved from /Users/garonsmith/Desktop/airflow_study/airflow-etl-explore/.venv/lib/python3.8/site-packages/airflow/example_dags/example_trigger_controller_dag.py
[2021-04-06 18:50:15,186] {logging_mixin.py:104} INFO - [2021-04-06 18:50:15,186] {dag.py:1818} INFO - Sync 1 DAGs
[2021-04-06 18:50:15,192] {logging_mixin.py:104} INFO - [2021-04-06 18:50:15,192] {dag.py:2273} INFO - Setting next_dagrun for example_trigger_controller_dag to 2021-04-04 00:00:00+00:00
[2021-04-06 18:50:15,213] {scheduler_job.py:190} INFO - Processing /Users/garonsmith/Desktop/airflow_study/airflow-etl-explore/.venv/lib/python3.8/site-packages/airflow/example_dags/example_trigger_controller_dag.py took 0.072 seconds
[2021-04-06 18:50:31,210] {scheduler_job.py:182} INFO - Started process (PID=21009) to work on /Users/garonsmith/Desktop/airflow_study/airflow-etl-explore/.venv/lib/python3.8/site-packages/airflow/example_dags/example_trigger_controller_dag.py
[2021-04-06 18:50:31,210] {scheduler_job.py:629} INFO - Processing file /Users/garonsmith/Desktop/airflow_study/airflow-etl-explore/.venv/lib/python3.8/site-packages/airflow/example_dags/example_trigger_controller_dag.py for tasks to queue
[2021-04-06 18:50:31,211] {logging_mixin.py:104} INFO - [2021-04-06 18:50:31,211] {dagbag.py:448} INFO - Filling up the DagBag from /Users/garonsmith/Desktop/airflow_study/airflow-etl-explore/.venv/lib/python3.8/site-packages/airflow/example_dags/example_trigger_controller_dag.py
[2021-04-06 18:50:31,215] {scheduler_job.py:639} INFO - DAG(s) dict_keys(['example_trigger_controller_dag']) retrieved from /Users/garonsmith/Desktop/airflow_study/airflow-etl-explore/.venv/lib/python3.8/site-packages/airflow/example_dags/example_trigger_controller_dag.py
[2021-04-06 18:50:31,262] {logging_mixin.py:104} INFO - [2021-04-06 18:50:31,261] {dag.py:1818} INFO - Sync 1 DAGs
[2021-04-06 18:50:31,270] {logging_mixin.py:104} INFO - [2021-04-06 18:50:31,269] {dag.py:2273} INFO - Setting next_dagrun for example_trigger_controller_dag to 2021-04-04 00:00:00+00:00
[2021-04-06 18:50:31,274] {scheduler_job.py:190} INFO - Processing /Users/garonsmith/Desktop/airflow_study/airflow-etl-explore/.venv/lib/python3.8/site-packages/airflow/example_dags/example_trigger_controller_dag.py took 0.065 seconds
[2021-04-06 18:50:46,928] {scheduler_job.py:182} INFO - Started process (PID=21166) to work on /Users/garonsmith/Desktop/airflow_study/airflow-etl-explore/.venv/lib/python3.8/site-packages/airflow/example_dags/example_trigger_controller_dag.py
[2021-04-06 18:50:46,928] {scheduler_job.py:629} INFO - Processing file /Users/garonsmith/Desktop/airflow_study/airflow-etl-explore/.venv/lib/python3.8/site-packages/airflow/example_dags/example_trigger_controller_dag.py for tasks to queue
[2021-04-06 18:50:46,928] {logging_mixin.py:104} INFO - [2021-04-06 18:50:46,928] {dagbag.py:448} INFO - Filling up the DagBag from /Users/garonsmith/Desktop/airflow_study/airflow-etl-explore/.venv/lib/python3.8/site-packages/airflow/example_dags/example_trigger_controller_dag.py
[2021-04-06 18:50:46,932] {scheduler_job.py:639} INFO - DAG(s) dict_keys(['example_trigger_controller_dag']) retrieved from /Users/garonsmith/Desktop/airflow_study/airflow-etl-explore/.venv/lib/python3.8/site-packages/airflow/example_dags/example_trigger_controller_dag.py
[2021-04-06 18:50:46,962] {logging_mixin.py:104} INFO - [2021-04-06 18:50:46,962] {dag.py:1818} INFO - Sync 1 DAGs
[2021-04-06 18:50:46,968] {logging_mixin.py:104} INFO - [2021-04-06 18:50:46,968] {dag.py:2273} INFO - Setting next_dagrun for example_trigger_controller_dag to 2021-04-04 00:00:00+00:00
[2021-04-06 18:50:46,972] {scheduler_job.py:190} INFO - Processing /Users/garonsmith/Desktop/airflow_study/airflow-etl-explore/.venv/lib/python3.8/site-packages/airflow/example_dags/example_trigger_controller_dag.py took 0.045 seconds
[2021-04-06 18:51:02,434] {scheduler_job.py:182} INFO - Started process (PID=21177) to work on /Users/garonsmith/Desktop/airflow_study/airflow-etl-explore/.venv/lib/python3.8/site-packages/airflow/example_dags/example_trigger_controller_dag.py
[2021-04-06 18:51:02,435] {scheduler_job.py:629} INFO - Processing file /Users/garonsmith/Desktop/airflow_study/airflow-etl-explore/.venv/lib/python3.8/site-packages/airflow/example_dags/example_trigger_controller_dag.py for tasks to queue
[2021-04-06 18:51:02,435] {logging_mixin.py:104} INFO - [2021-04-06 18:51:02,435] {dagbag.py:448} INFO - Filling up the DagBag from /Users/garonsmith/Desktop/airflow_study/airflow-etl-explore/.venv/lib/python3.8/site-packages/airflow/example_dags/example_trigger_controller_dag.py
[2021-04-06 18:51:02,439] {scheduler_job.py:639} INFO - DAG(s) dict_keys(['example_trigger_controller_dag']) retrieved from /Users/garonsmith/Desktop/airflow_study/airflow-etl-explore/.venv/lib/python3.8/site-packages/airflow/example_dags/example_trigger_controller_dag.py
[2021-04-06 18:51:02,492] {logging_mixin.py:104} INFO - [2021-04-06 18:51:02,492] {dag.py:1818} INFO - Sync 1 DAGs
[2021-04-06 18:51:02,517] {logging_mixin.py:104} INFO - [2021-04-06 18:51:02,517] {dag.py:2273} INFO - Setting next_dagrun for example_trigger_controller_dag to 2021-04-04 00:00:00+00:00
[2021-04-06 18:51:02,522] {scheduler_job.py:190} INFO - Processing /Users/garonsmith/Desktop/airflow_study/airflow-etl-explore/.venv/lib/python3.8/site-packages/airflow/example_dags/example_trigger_controller_dag.py took 0.088 seconds
[2021-04-06 18:51:18,628] {scheduler_job.py:182} INFO - Started process (PID=21333) to work on /Users/garonsmith/Desktop/airflow_study/airflow-etl-explore/.venv/lib/python3.8/site-packages/airflow/example_dags/example_trigger_controller_dag.py
[2021-04-06 18:51:18,628] {scheduler_job.py:629} INFO - Processing file /Users/garonsmith/Desktop/airflow_study/airflow-etl-explore/.venv/lib/python3.8/site-packages/airflow/example_dags/example_trigger_controller_dag.py for tasks to queue
[2021-04-06 18:51:18,629] {logging_mixin.py:104} INFO - [2021-04-06 18:51:18,629] {dagbag.py:448} INFO - Filling up the DagBag from /Users/garonsmith/Desktop/airflow_study/airflow-etl-explore/.venv/lib/python3.8/site-packages/airflow/example_dags/example_trigger_controller_dag.py
[2021-04-06 18:51:18,634] {scheduler_job.py:639} INFO - DAG(s) dict_keys(['example_trigger_controller_dag']) retrieved from /Users/garonsmith/Desktop/airflow_study/airflow-etl-explore/.venv/lib/python3.8/site-packages/airflow/example_dags/example_trigger_controller_dag.py
[2021-04-06 18:51:18,667] {logging_mixin.py:104} INFO - [2021-04-06 18:51:18,667] {dag.py:1818} INFO - Sync 1 DAGs
[2021-04-06 18:51:18,675] {logging_mixin.py:104} INFO - [2021-04-06 18:51:18,675] {dag.py:2273} INFO - Setting next_dagrun for example_trigger_controller_dag to 2021-04-04 00:00:00+00:00
[2021-04-06 18:51:18,679] {scheduler_job.py:190} INFO - Processing /Users/garonsmith/Desktop/airflow_study/airflow-etl-explore/.venv/lib/python3.8/site-packages/airflow/example_dags/example_trigger_controller_dag.py took 0.052 seconds
[2021-04-06 18:51:33,572] {scheduler_job.py:182} INFO - Started process (PID=21342) to work on /Users/garonsmith/Desktop/airflow_study/airflow-etl-explore/.venv/lib/python3.8/site-packages/airflow/example_dags/example_trigger_controller_dag.py
[2021-04-06 18:51:33,573] {scheduler_job.py:629} INFO - Processing file /Users/garonsmith/Desktop/airflow_study/airflow-etl-explore/.venv/lib/python3.8/site-packages/airflow/example_dags/example_trigger_controller_dag.py for tasks to queue
[2021-04-06 18:51:33,573] {logging_mixin.py:104} INFO - [2021-04-06 18:51:33,573] {dagbag.py:448} INFO - Filling up the DagBag from /Users/garonsmith/Desktop/airflow_study/airflow-etl-explore/.venv/lib/python3.8/site-packages/airflow/example_dags/example_trigger_controller_dag.py
[2021-04-06 18:51:33,577] {scheduler_job.py:639} INFO - DAG(s) dict_keys(['example_trigger_controller_dag']) retrieved from /Users/garonsmith/Desktop/airflow_study/airflow-etl-explore/.venv/lib/python3.8/site-packages/airflow/example_dags/example_trigger_controller_dag.py
[2021-04-06 18:51:33,614] {logging_mixin.py:104} INFO - [2021-04-06 18:51:33,613] {dag.py:1818} INFO - Sync 1 DAGs
[2021-04-06 18:51:33,624] {logging_mixin.py:104} INFO - [2021-04-06 18:51:33,624] {dag.py:2273} INFO - Setting next_dagrun for example_trigger_controller_dag to 2021-04-04 00:00:00+00:00
[2021-04-06 18:51:33,631] {scheduler_job.py:190} INFO - Processing /Users/garonsmith/Desktop/airflow_study/airflow-etl-explore/.venv/lib/python3.8/site-packages/airflow/example_dags/example_trigger_controller_dag.py took 0.059 seconds
[2021-04-06 18:51:50,004] {scheduler_job.py:182} INFO - Started process (PID=21502) to work on /Users/garonsmith/Desktop/airflow_study/airflow-etl-explore/.venv/lib/python3.8/site-packages/airflow/example_dags/example_trigger_controller_dag.py
[2021-04-06 18:51:50,005] {scheduler_job.py:629} INFO - Processing file /Users/garonsmith/Desktop/airflow_study/airflow-etl-explore/.venv/lib/python3.8/site-packages/airflow/example_dags/example_trigger_controller_dag.py for tasks to queue
[2021-04-06 18:51:50,005] {logging_mixin.py:104} INFO - [2021-04-06 18:51:50,005] {dagbag.py:448} INFO - Filling up the DagBag from /Users/garonsmith/Desktop/airflow_study/airflow-etl-explore/.venv/lib/python3.8/site-packages/airflow/example_dags/example_trigger_controller_dag.py
[2021-04-06 18:51:50,009] {scheduler_job.py:639} INFO - DAG(s) dict_keys(['example_trigger_controller_dag']) retrieved from /Users/garonsmith/Desktop/airflow_study/airflow-etl-explore/.venv/lib/python3.8/site-packages/airflow/example_dags/example_trigger_controller_dag.py
[2021-04-06 18:51:50,040] {logging_mixin.py:104} INFO - [2021-04-06 18:51:50,040] {dag.py:1818} INFO - Sync 1 DAGs
[2021-04-06 18:51:50,063] {logging_mixin.py:104} INFO - [2021-04-06 18:51:50,063] {dag.py:2273} INFO - Setting next_dagrun for example_trigger_controller_dag to 2021-04-04 00:00:00+00:00
[2021-04-06 18:51:50,067] {scheduler_job.py:190} INFO - Processing /Users/garonsmith/Desktop/airflow_study/airflow-etl-explore/.venv/lib/python3.8/site-packages/airflow/example_dags/example_trigger_controller_dag.py took 0.063 seconds
[2021-04-06 18:52:04,422] {scheduler_job.py:182} INFO - Started process (PID=21513) to work on /Users/garonsmith/Desktop/airflow_study/airflow-etl-explore/.venv/lib/python3.8/site-packages/airflow/example_dags/example_trigger_controller_dag.py
[2021-04-06 18:52:04,422] {scheduler_job.py:629} INFO - Processing file /Users/garonsmith/Desktop/airflow_study/airflow-etl-explore/.venv/lib/python3.8/site-packages/airflow/example_dags/example_trigger_controller_dag.py for tasks to queue
[2021-04-06 18:52:04,422] {logging_mixin.py:104} INFO - [2021-04-06 18:52:04,422] {dagbag.py:448} INFO - Filling up the DagBag from /Users/garonsmith/Desktop/airflow_study/airflow-etl-explore/.venv/lib/python3.8/site-packages/airflow/example_dags/example_trigger_controller_dag.py
[2021-04-06 18:52:04,426] {scheduler_job.py:639} INFO - DAG(s) dict_keys(['example_trigger_controller_dag']) retrieved from /Users/garonsmith/Desktop/airflow_study/airflow-etl-explore/.venv/lib/python3.8/site-packages/airflow/example_dags/example_trigger_controller_dag.py
[2021-04-06 18:52:04,464] {logging_mixin.py:104} INFO - [2021-04-06 18:52:04,464] {dag.py:1818} INFO - Sync 1 DAGs
[2021-04-06 18:52:04,472] {logging_mixin.py:104} INFO - [2021-04-06 18:52:04,472] {dag.py:2273} INFO - Setting next_dagrun for example_trigger_controller_dag to 2021-04-04 00:00:00+00:00
[2021-04-06 18:52:04,476] {scheduler_job.py:190} INFO - Processing /Users/garonsmith/Desktop/airflow_study/airflow-etl-explore/.venv/lib/python3.8/site-packages/airflow/example_dags/example_trigger_controller_dag.py took 0.055 seconds
[2021-04-06 18:52:35,995] {scheduler_job.py:182} INFO - Started process (PID=21610) to work on /Users/garonsmith/Desktop/airflow_study/airflow-etl-explore/.venv/lib/python3.8/site-packages/airflow/example_dags/example_trigger_controller_dag.py
[2021-04-06 18:52:35,995] {scheduler_job.py:629} INFO - Processing file /Users/garonsmith/Desktop/airflow_study/airflow-etl-explore/.venv/lib/python3.8/site-packages/airflow/example_dags/example_trigger_controller_dag.py for tasks to queue
[2021-04-06 18:52:35,995] {logging_mixin.py:104} INFO - [2021-04-06 18:52:35,995] {dagbag.py:448} INFO - Filling up the DagBag from /Users/garonsmith/Desktop/airflow_study/airflow-etl-explore/.venv/lib/python3.8/site-packages/airflow/example_dags/example_trigger_controller_dag.py
[2021-04-06 18:52:36,000] {scheduler_job.py:639} INFO - DAG(s) dict_keys(['example_trigger_controller_dag']) retrieved from /Users/garonsmith/Desktop/airflow_study/airflow-etl-explore/.venv/lib/python3.8/site-packages/airflow/example_dags/example_trigger_controller_dag.py
[2021-04-06 18:52:36,044] {logging_mixin.py:104} INFO - [2021-04-06 18:52:36,044] {dag.py:1818} INFO - Sync 1 DAGs
[2021-04-06 18:52:36,067] {logging_mixin.py:104} INFO - [2021-04-06 18:52:36,067] {dag.py:2273} INFO - Setting next_dagrun for example_trigger_controller_dag to 2021-04-04 00:00:00+00:00
[2021-04-06 18:52:36,072] {scheduler_job.py:190} INFO - Processing /Users/garonsmith/Desktop/airflow_study/airflow-etl-explore/.venv/lib/python3.8/site-packages/airflow/example_dags/example_trigger_controller_dag.py took 0.078 seconds
[2021-04-06 18:53:07,238] {scheduler_job.py:182} INFO - Started process (PID=21698) to work on /Users/garonsmith/Desktop/airflow_study/airflow-etl-explore/.venv/lib/python3.8/site-packages/airflow/example_dags/example_trigger_controller_dag.py
[2021-04-06 18:53:07,238] {scheduler_job.py:629} INFO - Processing file /Users/garonsmith/Desktop/airflow_study/airflow-etl-explore/.venv/lib/python3.8/site-packages/airflow/example_dags/example_trigger_controller_dag.py for tasks to queue
[2021-04-06 18:53:07,238] {logging_mixin.py:104} INFO - [2021-04-06 18:53:07,238] {dagbag.py:448} INFO - Filling up the DagBag from /Users/garonsmith/Desktop/airflow_study/airflow-etl-explore/.venv/lib/python3.8/site-packages/airflow/example_dags/example_trigger_controller_dag.py
[2021-04-06 18:53:07,243] {scheduler_job.py:639} INFO - DAG(s) dict_keys(['example_trigger_controller_dag']) retrieved from /Users/garonsmith/Desktop/airflow_study/airflow-etl-explore/.venv/lib/python3.8/site-packages/airflow/example_dags/example_trigger_controller_dag.py
[2021-04-06 18:53:07,294] {logging_mixin.py:104} INFO - [2021-04-06 18:53:07,293] {dag.py:1818} INFO - Sync 1 DAGs
[2021-04-06 18:53:07,317] {logging_mixin.py:104} INFO - [2021-04-06 18:53:07,317] {dag.py:2273} INFO - Setting next_dagrun for example_trigger_controller_dag to 2021-04-04 00:00:00+00:00
[2021-04-06 18:53:07,322] {scheduler_job.py:190} INFO - Processing /Users/garonsmith/Desktop/airflow_study/airflow-etl-explore/.venv/lib/python3.8/site-packages/airflow/example_dags/example_trigger_controller_dag.py took 0.085 seconds
[2021-04-06 18:53:38,099] {scheduler_job.py:182} INFO - Started process (PID=21795) to work on /Users/garonsmith/Desktop/airflow_study/airflow-etl-explore/.venv/lib/python3.8/site-packages/airflow/example_dags/example_trigger_controller_dag.py
[2021-04-06 18:53:38,100] {scheduler_job.py:629} INFO - Processing file /Users/garonsmith/Desktop/airflow_study/airflow-etl-explore/.venv/lib/python3.8/site-packages/airflow/example_dags/example_trigger_controller_dag.py for tasks to queue
[2021-04-06 18:53:38,100] {logging_mixin.py:104} INFO - [2021-04-06 18:53:38,100] {dagbag.py:448} INFO - Filling up the DagBag from /Users/garonsmith/Desktop/airflow_study/airflow-etl-explore/.venv/lib/python3.8/site-packages/airflow/example_dags/example_trigger_controller_dag.py
[2021-04-06 18:53:38,104] {scheduler_job.py:639} INFO - DAG(s) dict_keys(['example_trigger_controller_dag']) retrieved from /Users/garonsmith/Desktop/airflow_study/airflow-etl-explore/.venv/lib/python3.8/site-packages/airflow/example_dags/example_trigger_controller_dag.py
[2021-04-06 18:53:38,166] {logging_mixin.py:104} INFO - [2021-04-06 18:53:38,166] {dag.py:1818} INFO - Sync 1 DAGs
[2021-04-06 18:53:38,175] {logging_mixin.py:104} INFO - [2021-04-06 18:53:38,175] {dag.py:2273} INFO - Setting next_dagrun for example_trigger_controller_dag to 2021-04-04 00:00:00+00:00
[2021-04-06 18:53:38,182] {scheduler_job.py:190} INFO - Processing /Users/garonsmith/Desktop/airflow_study/airflow-etl-explore/.venv/lib/python3.8/site-packages/airflow/example_dags/example_trigger_controller_dag.py took 0.083 seconds
[2021-04-06 18:54:09,361] {scheduler_job.py:182} INFO - Started process (PID=21897) to work on /Users/garonsmith/Desktop/airflow_study/airflow-etl-explore/.venv/lib/python3.8/site-packages/airflow/example_dags/example_trigger_controller_dag.py
[2021-04-06 18:54:09,361] {scheduler_job.py:629} INFO - Processing file /Users/garonsmith/Desktop/airflow_study/airflow-etl-explore/.venv/lib/python3.8/site-packages/airflow/example_dags/example_trigger_controller_dag.py for tasks to queue
[2021-04-06 18:54:09,361] {logging_mixin.py:104} INFO - [2021-04-06 18:54:09,361] {dagbag.py:448} INFO - Filling up the DagBag from /Users/garonsmith/Desktop/airflow_study/airflow-etl-explore/.venv/lib/python3.8/site-packages/airflow/example_dags/example_trigger_controller_dag.py
[2021-04-06 18:54:09,365] {scheduler_job.py:639} INFO - DAG(s) dict_keys(['example_trigger_controller_dag']) retrieved from /Users/garonsmith/Desktop/airflow_study/airflow-etl-explore/.venv/lib/python3.8/site-packages/airflow/example_dags/example_trigger_controller_dag.py
[2021-04-06 18:54:09,395] {logging_mixin.py:104} INFO - [2021-04-06 18:54:09,395] {dag.py:1818} INFO - Sync 1 DAGs
[2021-04-06 18:54:09,420] {logging_mixin.py:104} INFO - [2021-04-06 18:54:09,420] {dag.py:2273} INFO - Setting next_dagrun for example_trigger_controller_dag to 2021-04-04 00:00:00+00:00
[2021-04-06 18:54:09,426] {scheduler_job.py:190} INFO - Processing /Users/garonsmith/Desktop/airflow_study/airflow-etl-explore/.venv/lib/python3.8/site-packages/airflow/example_dags/example_trigger_controller_dag.py took 0.066 seconds
