[2021-04-06 18:36:18,707] {scheduler_job.py:182} INFO - Started process (PID=17420) to work on /Users/garonsmith/Desktop/airflow_study/airflow-etl-explore/.venv/lib/python3.8/site-packages/airflow/example_dags/example_kubernetes_executor.py
[2021-04-06 18:36:18,707] {scheduler_job.py:629} INFO - Processing file /Users/garonsmith/Desktop/airflow_study/airflow-etl-explore/.venv/lib/python3.8/site-packages/airflow/example_dags/example_kubernetes_executor.py for tasks to queue
[2021-04-06 18:36:18,707] {logging_mixin.py:104} INFO - [2021-04-06 18:36:18,707] {dagbag.py:448} INFO - Filling up the DagBag from /Users/garonsmith/Desktop/airflow_study/airflow-etl-explore/.venv/lib/python3.8/site-packages/airflow/example_dags/example_kubernetes_executor.py
[2021-04-06 18:36:18,712] {scheduler_job.py:639} INFO - DAG(s) dict_keys(['example_kubernetes_executor']) retrieved from /Users/garonsmith/Desktop/airflow_study/airflow-etl-explore/.venv/lib/python3.8/site-packages/airflow/example_dags/example_kubernetes_executor.py
[2021-04-06 18:36:18,742] {logging_mixin.py:104} INFO - [2021-04-06 18:36:18,742] {dag.py:1818} INFO - Sync 1 DAGs
[2021-04-06 18:36:18,748] {logging_mixin.py:104} INFO - [2021-04-06 18:36:18,748] {dag.py:2273} INFO - Setting next_dagrun for example_kubernetes_executor to None
[2021-04-06 18:36:18,753] {scheduler_job.py:190} INFO - Processing /Users/garonsmith/Desktop/airflow_study/airflow-etl-explore/.venv/lib/python3.8/site-packages/airflow/example_dags/example_kubernetes_executor.py took 0.047 seconds
[2021-04-06 18:36:49,992] {scheduler_job.py:182} INFO - Started process (PID=17506) to work on /Users/garonsmith/Desktop/airflow_study/airflow-etl-explore/.venv/lib/python3.8/site-packages/airflow/example_dags/example_kubernetes_executor.py
[2021-04-06 18:36:49,993] {scheduler_job.py:629} INFO - Processing file /Users/garonsmith/Desktop/airflow_study/airflow-etl-explore/.venv/lib/python3.8/site-packages/airflow/example_dags/example_kubernetes_executor.py for tasks to queue
[2021-04-06 18:36:49,993] {logging_mixin.py:104} INFO - [2021-04-06 18:36:49,993] {dagbag.py:448} INFO - Filling up the DagBag from /Users/garonsmith/Desktop/airflow_study/airflow-etl-explore/.venv/lib/python3.8/site-packages/airflow/example_dags/example_kubernetes_executor.py
[2021-04-06 18:36:50,000] {scheduler_job.py:639} INFO - DAG(s) dict_keys(['example_kubernetes_executor']) retrieved from /Users/garonsmith/Desktop/airflow_study/airflow-etl-explore/.venv/lib/python3.8/site-packages/airflow/example_dags/example_kubernetes_executor.py
[2021-04-06 18:36:50,035] {logging_mixin.py:104} INFO - [2021-04-06 18:36:50,035] {dag.py:1818} INFO - Sync 1 DAGs
[2021-04-06 18:36:50,042] {logging_mixin.py:104} INFO - [2021-04-06 18:36:50,042] {dag.py:2273} INFO - Setting next_dagrun for example_kubernetes_executor to None
[2021-04-06 18:36:50,048] {scheduler_job.py:190} INFO - Processing /Users/garonsmith/Desktop/airflow_study/airflow-etl-explore/.venv/lib/python3.8/site-packages/airflow/example_dags/example_kubernetes_executor.py took 0.056 seconds
[2021-04-06 18:37:21,095] {scheduler_job.py:182} INFO - Started process (PID=18406) to work on /Users/garonsmith/Desktop/airflow_study/airflow-etl-explore/.venv/lib/python3.8/site-packages/airflow/example_dags/example_kubernetes_executor.py
[2021-04-06 18:37:21,096] {scheduler_job.py:629} INFO - Processing file /Users/garonsmith/Desktop/airflow_study/airflow-etl-explore/.venv/lib/python3.8/site-packages/airflow/example_dags/example_kubernetes_executor.py for tasks to queue
[2021-04-06 18:37:21,097] {logging_mixin.py:104} INFO - [2021-04-06 18:37:21,097] {dagbag.py:448} INFO - Filling up the DagBag from /Users/garonsmith/Desktop/airflow_study/airflow-etl-explore/.venv/lib/python3.8/site-packages/airflow/example_dags/example_kubernetes_executor.py
[2021-04-06 18:37:21,102] {scheduler_job.py:639} INFO - DAG(s) dict_keys(['example_kubernetes_executor']) retrieved from /Users/garonsmith/Desktop/airflow_study/airflow-etl-explore/.venv/lib/python3.8/site-packages/airflow/example_dags/example_kubernetes_executor.py
[2021-04-06 18:37:21,132] {logging_mixin.py:104} INFO - [2021-04-06 18:37:21,132] {dag.py:1818} INFO - Sync 1 DAGs
[2021-04-06 18:37:21,138] {logging_mixin.py:104} INFO - [2021-04-06 18:37:21,138] {dag.py:2273} INFO - Setting next_dagrun for example_kubernetes_executor to None
[2021-04-06 18:37:21,143] {scheduler_job.py:190} INFO - Processing /Users/garonsmith/Desktop/airflow_study/airflow-etl-explore/.venv/lib/python3.8/site-packages/airflow/example_dags/example_kubernetes_executor.py took 0.049 seconds
[2021-04-06 18:37:52,592] {scheduler_job.py:182} INFO - Started process (PID=18490) to work on /Users/garonsmith/Desktop/airflow_study/airflow-etl-explore/.venv/lib/python3.8/site-packages/airflow/example_dags/example_kubernetes_executor.py
[2021-04-06 18:37:52,592] {scheduler_job.py:629} INFO - Processing file /Users/garonsmith/Desktop/airflow_study/airflow-etl-explore/.venv/lib/python3.8/site-packages/airflow/example_dags/example_kubernetes_executor.py for tasks to queue
[2021-04-06 18:37:52,592] {logging_mixin.py:104} INFO - [2021-04-06 18:37:52,592] {dagbag.py:448} INFO - Filling up the DagBag from /Users/garonsmith/Desktop/airflow_study/airflow-etl-explore/.venv/lib/python3.8/site-packages/airflow/example_dags/example_kubernetes_executor.py
[2021-04-06 18:37:52,598] {scheduler_job.py:639} INFO - DAG(s) dict_keys(['example_kubernetes_executor']) retrieved from /Users/garonsmith/Desktop/airflow_study/airflow-etl-explore/.venv/lib/python3.8/site-packages/airflow/example_dags/example_kubernetes_executor.py
[2021-04-06 18:37:52,630] {logging_mixin.py:104} INFO - [2021-04-06 18:37:52,630] {dag.py:1818} INFO - Sync 1 DAGs
[2021-04-06 18:37:52,636] {logging_mixin.py:104} INFO - [2021-04-06 18:37:52,636] {dag.py:2273} INFO - Setting next_dagrun for example_kubernetes_executor to None
[2021-04-06 18:37:52,641] {scheduler_job.py:190} INFO - Processing /Users/garonsmith/Desktop/airflow_study/airflow-etl-explore/.venv/lib/python3.8/site-packages/airflow/example_dags/example_kubernetes_executor.py took 0.050 seconds
[2021-04-06 18:38:23,758] {scheduler_job.py:182} INFO - Started process (PID=18579) to work on /Users/garonsmith/Desktop/airflow_study/airflow-etl-explore/.venv/lib/python3.8/site-packages/airflow/example_dags/example_kubernetes_executor.py
[2021-04-06 18:38:23,758] {scheduler_job.py:629} INFO - Processing file /Users/garonsmith/Desktop/airflow_study/airflow-etl-explore/.venv/lib/python3.8/site-packages/airflow/example_dags/example_kubernetes_executor.py for tasks to queue
[2021-04-06 18:38:23,759] {logging_mixin.py:104} INFO - [2021-04-06 18:38:23,759] {dagbag.py:448} INFO - Filling up the DagBag from /Users/garonsmith/Desktop/airflow_study/airflow-etl-explore/.venv/lib/python3.8/site-packages/airflow/example_dags/example_kubernetes_executor.py
[2021-04-06 18:38:23,764] {scheduler_job.py:639} INFO - DAG(s) dict_keys(['example_kubernetes_executor']) retrieved from /Users/garonsmith/Desktop/airflow_study/airflow-etl-explore/.venv/lib/python3.8/site-packages/airflow/example_dags/example_kubernetes_executor.py
[2021-04-06 18:38:23,806] {logging_mixin.py:104} INFO - [2021-04-06 18:38:23,806] {dag.py:1818} INFO - Sync 1 DAGs
[2021-04-06 18:38:23,813] {logging_mixin.py:104} INFO - [2021-04-06 18:38:23,813] {dag.py:2273} INFO - Setting next_dagrun for example_kubernetes_executor to None
[2021-04-06 18:38:23,818] {scheduler_job.py:190} INFO - Processing /Users/garonsmith/Desktop/airflow_study/airflow-etl-explore/.venv/lib/python3.8/site-packages/airflow/example_dags/example_kubernetes_executor.py took 0.061 seconds
[2021-04-06 18:38:54,763] {scheduler_job.py:182} INFO - Started process (PID=18672) to work on /Users/garonsmith/Desktop/airflow_study/airflow-etl-explore/.venv/lib/python3.8/site-packages/airflow/example_dags/example_kubernetes_executor.py
[2021-04-06 18:38:54,764] {scheduler_job.py:629} INFO - Processing file /Users/garonsmith/Desktop/airflow_study/airflow-etl-explore/.venv/lib/python3.8/site-packages/airflow/example_dags/example_kubernetes_executor.py for tasks to queue
[2021-04-06 18:38:54,764] {logging_mixin.py:104} INFO - [2021-04-06 18:38:54,764] {dagbag.py:448} INFO - Filling up the DagBag from /Users/garonsmith/Desktop/airflow_study/airflow-etl-explore/.venv/lib/python3.8/site-packages/airflow/example_dags/example_kubernetes_executor.py
[2021-04-06 18:38:54,769] {scheduler_job.py:639} INFO - DAG(s) dict_keys(['example_kubernetes_executor']) retrieved from /Users/garonsmith/Desktop/airflow_study/airflow-etl-explore/.venv/lib/python3.8/site-packages/airflow/example_dags/example_kubernetes_executor.py
[2021-04-06 18:38:54,814] {logging_mixin.py:104} INFO - [2021-04-06 18:38:54,814] {dag.py:1818} INFO - Sync 1 DAGs
[2021-04-06 18:38:54,821] {logging_mixin.py:104} INFO - [2021-04-06 18:38:54,821] {dag.py:2273} INFO - Setting next_dagrun for example_kubernetes_executor to None
[2021-04-06 18:38:54,827] {scheduler_job.py:190} INFO - Processing /Users/garonsmith/Desktop/airflow_study/airflow-etl-explore/.venv/lib/python3.8/site-packages/airflow/example_dags/example_kubernetes_executor.py took 0.064 seconds
[2021-04-06 18:39:26,606] {scheduler_job.py:182} INFO - Started process (PID=18776) to work on /Users/garonsmith/Desktop/airflow_study/airflow-etl-explore/.venv/lib/python3.8/site-packages/airflow/example_dags/example_kubernetes_executor.py
[2021-04-06 18:39:26,607] {scheduler_job.py:629} INFO - Processing file /Users/garonsmith/Desktop/airflow_study/airflow-etl-explore/.venv/lib/python3.8/site-packages/airflow/example_dags/example_kubernetes_executor.py for tasks to queue
[2021-04-06 18:39:26,607] {logging_mixin.py:104} INFO - [2021-04-06 18:39:26,607] {dagbag.py:448} INFO - Filling up the DagBag from /Users/garonsmith/Desktop/airflow_study/airflow-etl-explore/.venv/lib/python3.8/site-packages/airflow/example_dags/example_kubernetes_executor.py
[2021-04-06 18:39:26,612] {scheduler_job.py:639} INFO - DAG(s) dict_keys(['example_kubernetes_executor']) retrieved from /Users/garonsmith/Desktop/airflow_study/airflow-etl-explore/.venv/lib/python3.8/site-packages/airflow/example_dags/example_kubernetes_executor.py
[2021-04-06 18:39:26,646] {logging_mixin.py:104} INFO - [2021-04-06 18:39:26,646] {dag.py:1818} INFO - Sync 1 DAGs
[2021-04-06 18:39:26,669] {logging_mixin.py:104} INFO - [2021-04-06 18:39:26,669] {dag.py:2273} INFO - Setting next_dagrun for example_kubernetes_executor to None
[2021-04-06 18:39:26,675] {scheduler_job.py:190} INFO - Processing /Users/garonsmith/Desktop/airflow_study/airflow-etl-explore/.venv/lib/python3.8/site-packages/airflow/example_dags/example_kubernetes_executor.py took 0.069 seconds
[2021-04-06 18:39:58,814] {scheduler_job.py:182} INFO - Started process (PID=18899) to work on /Users/garonsmith/Desktop/airflow_study/airflow-etl-explore/.venv/lib/python3.8/site-packages/airflow/example_dags/example_kubernetes_executor.py
[2021-04-06 18:39:58,815] {scheduler_job.py:629} INFO - Processing file /Users/garonsmith/Desktop/airflow_study/airflow-etl-explore/.venv/lib/python3.8/site-packages/airflow/example_dags/example_kubernetes_executor.py for tasks to queue
[2021-04-06 18:39:58,815] {logging_mixin.py:104} INFO - [2021-04-06 18:39:58,815] {dagbag.py:448} INFO - Filling up the DagBag from /Users/garonsmith/Desktop/airflow_study/airflow-etl-explore/.venv/lib/python3.8/site-packages/airflow/example_dags/example_kubernetes_executor.py
[2021-04-06 18:39:58,821] {scheduler_job.py:639} INFO - DAG(s) dict_keys(['example_kubernetes_executor']) retrieved from /Users/garonsmith/Desktop/airflow_study/airflow-etl-explore/.venv/lib/python3.8/site-packages/airflow/example_dags/example_kubernetes_executor.py
[2021-04-06 18:39:58,867] {logging_mixin.py:104} INFO - [2021-04-06 18:39:58,867] {dag.py:1818} INFO - Sync 1 DAGs
[2021-04-06 18:39:58,874] {logging_mixin.py:104} INFO - [2021-04-06 18:39:58,874] {dag.py:2273} INFO - Setting next_dagrun for example_kubernetes_executor to None
[2021-04-06 18:39:58,880] {scheduler_job.py:190} INFO - Processing /Users/garonsmith/Desktop/airflow_study/airflow-etl-explore/.venv/lib/python3.8/site-packages/airflow/example_dags/example_kubernetes_executor.py took 0.066 seconds
[2021-04-06 18:40:30,266] {scheduler_job.py:182} INFO - Started process (PID=18998) to work on /Users/garonsmith/Desktop/airflow_study/airflow-etl-explore/.venv/lib/python3.8/site-packages/airflow/example_dags/example_kubernetes_executor.py
[2021-04-06 18:40:30,266] {scheduler_job.py:629} INFO - Processing file /Users/garonsmith/Desktop/airflow_study/airflow-etl-explore/.venv/lib/python3.8/site-packages/airflow/example_dags/example_kubernetes_executor.py for tasks to queue
[2021-04-06 18:40:30,266] {logging_mixin.py:104} INFO - [2021-04-06 18:40:30,266] {dagbag.py:448} INFO - Filling up the DagBag from /Users/garonsmith/Desktop/airflow_study/airflow-etl-explore/.venv/lib/python3.8/site-packages/airflow/example_dags/example_kubernetes_executor.py
[2021-04-06 18:40:30,272] {scheduler_job.py:639} INFO - DAG(s) dict_keys(['example_kubernetes_executor']) retrieved from /Users/garonsmith/Desktop/airflow_study/airflow-etl-explore/.venv/lib/python3.8/site-packages/airflow/example_dags/example_kubernetes_executor.py
[2021-04-06 18:40:30,304] {logging_mixin.py:104} INFO - [2021-04-06 18:40:30,304] {dag.py:1818} INFO - Sync 1 DAGs
[2021-04-06 18:40:30,310] {logging_mixin.py:104} INFO - [2021-04-06 18:40:30,310] {dag.py:2273} INFO - Setting next_dagrun for example_kubernetes_executor to None
[2021-04-06 18:40:30,316] {scheduler_job.py:190} INFO - Processing /Users/garonsmith/Desktop/airflow_study/airflow-etl-explore/.venv/lib/python3.8/site-packages/airflow/example_dags/example_kubernetes_executor.py took 0.051 seconds
[2021-04-06 18:41:02,116] {scheduler_job.py:182} INFO - Started process (PID=19083) to work on /Users/garonsmith/Desktop/airflow_study/airflow-etl-explore/.venv/lib/python3.8/site-packages/airflow/example_dags/example_kubernetes_executor.py
[2021-04-06 18:41:02,117] {scheduler_job.py:629} INFO - Processing file /Users/garonsmith/Desktop/airflow_study/airflow-etl-explore/.venv/lib/python3.8/site-packages/airflow/example_dags/example_kubernetes_executor.py for tasks to queue
[2021-04-06 18:41:02,117] {logging_mixin.py:104} INFO - [2021-04-06 18:41:02,117] {dagbag.py:448} INFO - Filling up the DagBag from /Users/garonsmith/Desktop/airflow_study/airflow-etl-explore/.venv/lib/python3.8/site-packages/airflow/example_dags/example_kubernetes_executor.py
[2021-04-06 18:41:02,122] {scheduler_job.py:639} INFO - DAG(s) dict_keys(['example_kubernetes_executor']) retrieved from /Users/garonsmith/Desktop/airflow_study/airflow-etl-explore/.venv/lib/python3.8/site-packages/airflow/example_dags/example_kubernetes_executor.py
[2021-04-06 18:41:02,173] {logging_mixin.py:104} INFO - [2021-04-06 18:41:02,173] {dag.py:1818} INFO - Sync 1 DAGs
[2021-04-06 18:41:02,180] {logging_mixin.py:104} INFO - [2021-04-06 18:41:02,180] {dag.py:2273} INFO - Setting next_dagrun for example_kubernetes_executor to None
[2021-04-06 18:41:02,203] {scheduler_job.py:190} INFO - Processing /Users/garonsmith/Desktop/airflow_study/airflow-etl-explore/.venv/lib/python3.8/site-packages/airflow/example_dags/example_kubernetes_executor.py took 0.087 seconds
[2021-04-06 18:41:33,254] {scheduler_job.py:182} INFO - Started process (PID=19174) to work on /Users/garonsmith/Desktop/airflow_study/airflow-etl-explore/.venv/lib/python3.8/site-packages/airflow/example_dags/example_kubernetes_executor.py
[2021-04-06 18:41:33,255] {scheduler_job.py:629} INFO - Processing file /Users/garonsmith/Desktop/airflow_study/airflow-etl-explore/.venv/lib/python3.8/site-packages/airflow/example_dags/example_kubernetes_executor.py for tasks to queue
[2021-04-06 18:41:33,255] {logging_mixin.py:104} INFO - [2021-04-06 18:41:33,255] {dagbag.py:448} INFO - Filling up the DagBag from /Users/garonsmith/Desktop/airflow_study/airflow-etl-explore/.venv/lib/python3.8/site-packages/airflow/example_dags/example_kubernetes_executor.py
[2021-04-06 18:41:33,260] {scheduler_job.py:639} INFO - DAG(s) dict_keys(['example_kubernetes_executor']) retrieved from /Users/garonsmith/Desktop/airflow_study/airflow-etl-explore/.venv/lib/python3.8/site-packages/airflow/example_dags/example_kubernetes_executor.py
[2021-04-06 18:41:33,302] {logging_mixin.py:104} INFO - [2021-04-06 18:41:33,302] {dag.py:1818} INFO - Sync 1 DAGs
[2021-04-06 18:41:33,309] {logging_mixin.py:104} INFO - [2021-04-06 18:41:33,309] {dag.py:2273} INFO - Setting next_dagrun for example_kubernetes_executor to None
[2021-04-06 18:41:33,314] {scheduler_job.py:190} INFO - Processing /Users/garonsmith/Desktop/airflow_study/airflow-etl-explore/.venv/lib/python3.8/site-packages/airflow/example_dags/example_kubernetes_executor.py took 0.061 seconds
[2021-04-06 18:42:04,956] {scheduler_job.py:182} INFO - Started process (PID=19282) to work on /Users/garonsmith/Desktop/airflow_study/airflow-etl-explore/.venv/lib/python3.8/site-packages/airflow/example_dags/example_kubernetes_executor.py
[2021-04-06 18:42:04,956] {scheduler_job.py:629} INFO - Processing file /Users/garonsmith/Desktop/airflow_study/airflow-etl-explore/.venv/lib/python3.8/site-packages/airflow/example_dags/example_kubernetes_executor.py for tasks to queue
[2021-04-06 18:42:04,956] {logging_mixin.py:104} INFO - [2021-04-06 18:42:04,956] {dagbag.py:448} INFO - Filling up the DagBag from /Users/garonsmith/Desktop/airflow_study/airflow-etl-explore/.venv/lib/python3.8/site-packages/airflow/example_dags/example_kubernetes_executor.py
[2021-04-06 18:42:04,961] {scheduler_job.py:639} INFO - DAG(s) dict_keys(['example_kubernetes_executor']) retrieved from /Users/garonsmith/Desktop/airflow_study/airflow-etl-explore/.venv/lib/python3.8/site-packages/airflow/example_dags/example_kubernetes_executor.py
[2021-04-06 18:42:05,003] {logging_mixin.py:104} INFO - [2021-04-06 18:42:05,003] {dag.py:1818} INFO - Sync 1 DAGs
[2021-04-06 18:42:05,012] {logging_mixin.py:104} INFO - [2021-04-06 18:42:05,011] {dag.py:2273} INFO - Setting next_dagrun for example_kubernetes_executor to None
[2021-04-06 18:42:05,017] {scheduler_job.py:190} INFO - Processing /Users/garonsmith/Desktop/airflow_study/airflow-etl-explore/.venv/lib/python3.8/site-packages/airflow/example_dags/example_kubernetes_executor.py took 0.062 seconds
[2021-04-06 18:42:36,443] {scheduler_job.py:182} INFO - Started process (PID=19374) to work on /Users/garonsmith/Desktop/airflow_study/airflow-etl-explore/.venv/lib/python3.8/site-packages/airflow/example_dags/example_kubernetes_executor.py
[2021-04-06 18:42:36,444] {scheduler_job.py:629} INFO - Processing file /Users/garonsmith/Desktop/airflow_study/airflow-etl-explore/.venv/lib/python3.8/site-packages/airflow/example_dags/example_kubernetes_executor.py for tasks to queue
[2021-04-06 18:42:36,444] {logging_mixin.py:104} INFO - [2021-04-06 18:42:36,444] {dagbag.py:448} INFO - Filling up the DagBag from /Users/garonsmith/Desktop/airflow_study/airflow-etl-explore/.venv/lib/python3.8/site-packages/airflow/example_dags/example_kubernetes_executor.py
[2021-04-06 18:42:36,450] {scheduler_job.py:639} INFO - DAG(s) dict_keys(['example_kubernetes_executor']) retrieved from /Users/garonsmith/Desktop/airflow_study/airflow-etl-explore/.venv/lib/python3.8/site-packages/airflow/example_dags/example_kubernetes_executor.py
[2021-04-06 18:42:36,502] {logging_mixin.py:104} INFO - [2021-04-06 18:42:36,501] {dag.py:1818} INFO - Sync 1 DAGs
[2021-04-06 18:42:36,510] {logging_mixin.py:104} INFO - [2021-04-06 18:42:36,510] {dag.py:2273} INFO - Setting next_dagrun for example_kubernetes_executor to None
[2021-04-06 18:42:36,521] {scheduler_job.py:190} INFO - Processing /Users/garonsmith/Desktop/airflow_study/airflow-etl-explore/.venv/lib/python3.8/site-packages/airflow/example_dags/example_kubernetes_executor.py took 0.078 seconds
[2021-04-06 18:43:07,204] {scheduler_job.py:182} INFO - Started process (PID=19463) to work on /Users/garonsmith/Desktop/airflow_study/airflow-etl-explore/.venv/lib/python3.8/site-packages/airflow/example_dags/example_kubernetes_executor.py
[2021-04-06 18:43:07,204] {scheduler_job.py:629} INFO - Processing file /Users/garonsmith/Desktop/airflow_study/airflow-etl-explore/.venv/lib/python3.8/site-packages/airflow/example_dags/example_kubernetes_executor.py for tasks to queue
[2021-04-06 18:43:07,204] {logging_mixin.py:104} INFO - [2021-04-06 18:43:07,204] {dagbag.py:448} INFO - Filling up the DagBag from /Users/garonsmith/Desktop/airflow_study/airflow-etl-explore/.venv/lib/python3.8/site-packages/airflow/example_dags/example_kubernetes_executor.py
[2021-04-06 18:43:07,209] {scheduler_job.py:639} INFO - DAG(s) dict_keys(['example_kubernetes_executor']) retrieved from /Users/garonsmith/Desktop/airflow_study/airflow-etl-explore/.venv/lib/python3.8/site-packages/airflow/example_dags/example_kubernetes_executor.py
[2021-04-06 18:43:07,255] {logging_mixin.py:104} INFO - [2021-04-06 18:43:07,254] {dag.py:1818} INFO - Sync 1 DAGs
[2021-04-06 18:43:07,263] {logging_mixin.py:104} INFO - [2021-04-06 18:43:07,263] {dag.py:2273} INFO - Setting next_dagrun for example_kubernetes_executor to None
[2021-04-06 18:43:07,269] {scheduler_job.py:190} INFO - Processing /Users/garonsmith/Desktop/airflow_study/airflow-etl-explore/.venv/lib/python3.8/site-packages/airflow/example_dags/example_kubernetes_executor.py took 0.066 seconds
[2021-04-06 18:43:38,478] {scheduler_job.py:182} INFO - Started process (PID=19580) to work on /Users/garonsmith/Desktop/airflow_study/airflow-etl-explore/.venv/lib/python3.8/site-packages/airflow/example_dags/example_kubernetes_executor.py
[2021-04-06 18:43:38,479] {scheduler_job.py:629} INFO - Processing file /Users/garonsmith/Desktop/airflow_study/airflow-etl-explore/.venv/lib/python3.8/site-packages/airflow/example_dags/example_kubernetes_executor.py for tasks to queue
[2021-04-06 18:43:38,479] {logging_mixin.py:104} INFO - [2021-04-06 18:43:38,479] {dagbag.py:448} INFO - Filling up the DagBag from /Users/garonsmith/Desktop/airflow_study/airflow-etl-explore/.venv/lib/python3.8/site-packages/airflow/example_dags/example_kubernetes_executor.py
[2021-04-06 18:43:38,484] {scheduler_job.py:639} INFO - DAG(s) dict_keys(['example_kubernetes_executor']) retrieved from /Users/garonsmith/Desktop/airflow_study/airflow-etl-explore/.venv/lib/python3.8/site-packages/airflow/example_dags/example_kubernetes_executor.py
[2021-04-06 18:43:38,531] {logging_mixin.py:104} INFO - [2021-04-06 18:43:38,531] {dag.py:1818} INFO - Sync 1 DAGs
[2021-04-06 18:43:38,554] {logging_mixin.py:104} INFO - [2021-04-06 18:43:38,554] {dag.py:2273} INFO - Setting next_dagrun for example_kubernetes_executor to None
[2021-04-06 18:43:38,560] {scheduler_job.py:190} INFO - Processing /Users/garonsmith/Desktop/airflow_study/airflow-etl-explore/.venv/lib/python3.8/site-packages/airflow/example_dags/example_kubernetes_executor.py took 0.082 seconds
[2021-04-06 18:43:51,603] {scheduler_job.py:182} INFO - Started process (PID=19644) to work on /Users/garonsmith/Desktop/airflow_study/airflow-etl-explore/.venv/lib/python3.8/site-packages/airflow/example_dags/example_kubernetes_executor.py
[2021-04-06 18:43:51,604] {scheduler_job.py:629} INFO - Processing file /Users/garonsmith/Desktop/airflow_study/airflow-etl-explore/.venv/lib/python3.8/site-packages/airflow/example_dags/example_kubernetes_executor.py for tasks to queue
[2021-04-06 18:43:51,604] {logging_mixin.py:104} INFO - [2021-04-06 18:43:51,604] {dagbag.py:448} INFO - Filling up the DagBag from /Users/garonsmith/Desktop/airflow_study/airflow-etl-explore/.venv/lib/python3.8/site-packages/airflow/example_dags/example_kubernetes_executor.py
[2021-04-06 18:43:51,612] {scheduler_job.py:639} INFO - DAG(s) dict_keys(['example_kubernetes_executor']) retrieved from /Users/garonsmith/Desktop/airflow_study/airflow-etl-explore/.venv/lib/python3.8/site-packages/airflow/example_dags/example_kubernetes_executor.py
[2021-04-06 18:43:51,623] {logging_mixin.py:104} INFO - [2021-04-06 18:43:51,622] {dag.py:1818} INFO - Sync 1 DAGs
[2021-04-06 18:43:51,656] {logging_mixin.py:104} INFO - [2021-04-06 18:43:51,655] {dag.py:2273} INFO - Setting next_dagrun for example_kubernetes_executor to None
[2021-04-06 18:43:51,660] {scheduler_job.py:190} INFO - Processing /Users/garonsmith/Desktop/airflow_study/airflow-etl-explore/.venv/lib/python3.8/site-packages/airflow/example_dags/example_kubernetes_executor.py took 0.057 seconds
[2021-04-06 18:44:22,477] {scheduler_job.py:182} INFO - Started process (PID=19733) to work on /Users/garonsmith/Desktop/airflow_study/airflow-etl-explore/.venv/lib/python3.8/site-packages/airflow/example_dags/example_kubernetes_executor.py
[2021-04-06 18:44:22,477] {scheduler_job.py:629} INFO - Processing file /Users/garonsmith/Desktop/airflow_study/airflow-etl-explore/.venv/lib/python3.8/site-packages/airflow/example_dags/example_kubernetes_executor.py for tasks to queue
[2021-04-06 18:44:22,477] {logging_mixin.py:104} INFO - [2021-04-06 18:44:22,477] {dagbag.py:448} INFO - Filling up the DagBag from /Users/garonsmith/Desktop/airflow_study/airflow-etl-explore/.venv/lib/python3.8/site-packages/airflow/example_dags/example_kubernetes_executor.py
[2021-04-06 18:44:22,482] {scheduler_job.py:639} INFO - DAG(s) dict_keys(['example_kubernetes_executor']) retrieved from /Users/garonsmith/Desktop/airflow_study/airflow-etl-explore/.venv/lib/python3.8/site-packages/airflow/example_dags/example_kubernetes_executor.py
[2021-04-06 18:44:22,531] {logging_mixin.py:104} INFO - [2021-04-06 18:44:22,531] {dag.py:1818} INFO - Sync 1 DAGs
[2021-04-06 18:44:22,554] {logging_mixin.py:104} INFO - [2021-04-06 18:44:22,554] {dag.py:2273} INFO - Setting next_dagrun for example_kubernetes_executor to None
[2021-04-06 18:44:22,559] {scheduler_job.py:190} INFO - Processing /Users/garonsmith/Desktop/airflow_study/airflow-etl-explore/.venv/lib/python3.8/site-packages/airflow/example_dags/example_kubernetes_executor.py took 0.083 seconds
[2021-04-06 18:44:53,461] {scheduler_job.py:182} INFO - Started process (PID=19820) to work on /Users/garonsmith/Desktop/airflow_study/airflow-etl-explore/.venv/lib/python3.8/site-packages/airflow/example_dags/example_kubernetes_executor.py
[2021-04-06 18:44:53,461] {scheduler_job.py:629} INFO - Processing file /Users/garonsmith/Desktop/airflow_study/airflow-etl-explore/.venv/lib/python3.8/site-packages/airflow/example_dags/example_kubernetes_executor.py for tasks to queue
[2021-04-06 18:44:53,462] {logging_mixin.py:104} INFO - [2021-04-06 18:44:53,461] {dagbag.py:448} INFO - Filling up the DagBag from /Users/garonsmith/Desktop/airflow_study/airflow-etl-explore/.venv/lib/python3.8/site-packages/airflow/example_dags/example_kubernetes_executor.py
[2021-04-06 18:44:53,467] {scheduler_job.py:639} INFO - DAG(s) dict_keys(['example_kubernetes_executor']) retrieved from /Users/garonsmith/Desktop/airflow_study/airflow-etl-explore/.venv/lib/python3.8/site-packages/airflow/example_dags/example_kubernetes_executor.py
[2021-04-06 18:44:53,505] {logging_mixin.py:104} INFO - [2021-04-06 18:44:53,505] {dag.py:1818} INFO - Sync 1 DAGs
[2021-04-06 18:44:53,511] {logging_mixin.py:104} INFO - [2021-04-06 18:44:53,511] {dag.py:2273} INFO - Setting next_dagrun for example_kubernetes_executor to None
[2021-04-06 18:44:53,516] {scheduler_job.py:190} INFO - Processing /Users/garonsmith/Desktop/airflow_study/airflow-etl-explore/.venv/lib/python3.8/site-packages/airflow/example_dags/example_kubernetes_executor.py took 0.056 seconds
[2021-04-06 18:45:24,773] {scheduler_job.py:182} INFO - Started process (PID=19909) to work on /Users/garonsmith/Desktop/airflow_study/airflow-etl-explore/.venv/lib/python3.8/site-packages/airflow/example_dags/example_kubernetes_executor.py
[2021-04-06 18:45:24,773] {scheduler_job.py:629} INFO - Processing file /Users/garonsmith/Desktop/airflow_study/airflow-etl-explore/.venv/lib/python3.8/site-packages/airflow/example_dags/example_kubernetes_executor.py for tasks to queue
[2021-04-06 18:45:24,773] {logging_mixin.py:104} INFO - [2021-04-06 18:45:24,773] {dagbag.py:448} INFO - Filling up the DagBag from /Users/garonsmith/Desktop/airflow_study/airflow-etl-explore/.venv/lib/python3.8/site-packages/airflow/example_dags/example_kubernetes_executor.py
[2021-04-06 18:45:24,780] {scheduler_job.py:639} INFO - DAG(s) dict_keys(['example_kubernetes_executor']) retrieved from /Users/garonsmith/Desktop/airflow_study/airflow-etl-explore/.venv/lib/python3.8/site-packages/airflow/example_dags/example_kubernetes_executor.py
[2021-04-06 18:45:24,829] {logging_mixin.py:104} INFO - [2021-04-06 18:45:24,829] {dag.py:1818} INFO - Sync 1 DAGs
[2021-04-06 18:45:24,835] {logging_mixin.py:104} INFO - [2021-04-06 18:45:24,834] {dag.py:2273} INFO - Setting next_dagrun for example_kubernetes_executor to None
[2021-04-06 18:45:24,856] {scheduler_job.py:190} INFO - Processing /Users/garonsmith/Desktop/airflow_study/airflow-etl-explore/.venv/lib/python3.8/site-packages/airflow/example_dags/example_kubernetes_executor.py took 0.084 seconds
[2021-04-06 18:45:55,946] {scheduler_job.py:182} INFO - Started process (PID=20001) to work on /Users/garonsmith/Desktop/airflow_study/airflow-etl-explore/.venv/lib/python3.8/site-packages/airflow/example_dags/example_kubernetes_executor.py
[2021-04-06 18:45:55,947] {scheduler_job.py:629} INFO - Processing file /Users/garonsmith/Desktop/airflow_study/airflow-etl-explore/.venv/lib/python3.8/site-packages/airflow/example_dags/example_kubernetes_executor.py for tasks to queue
[2021-04-06 18:45:55,947] {logging_mixin.py:104} INFO - [2021-04-06 18:45:55,947] {dagbag.py:448} INFO - Filling up the DagBag from /Users/garonsmith/Desktop/airflow_study/airflow-etl-explore/.venv/lib/python3.8/site-packages/airflow/example_dags/example_kubernetes_executor.py
[2021-04-06 18:45:55,953] {scheduler_job.py:639} INFO - DAG(s) dict_keys(['example_kubernetes_executor']) retrieved from /Users/garonsmith/Desktop/airflow_study/airflow-etl-explore/.venv/lib/python3.8/site-packages/airflow/example_dags/example_kubernetes_executor.py
[2021-04-06 18:45:55,988] {logging_mixin.py:104} INFO - [2021-04-06 18:45:55,987] {dag.py:1818} INFO - Sync 1 DAGs
[2021-04-06 18:45:56,009] {logging_mixin.py:104} INFO - [2021-04-06 18:45:56,009] {dag.py:2273} INFO - Setting next_dagrun for example_kubernetes_executor to None
[2021-04-06 18:45:56,015] {scheduler_job.py:190} INFO - Processing /Users/garonsmith/Desktop/airflow_study/airflow-etl-explore/.venv/lib/python3.8/site-packages/airflow/example_dags/example_kubernetes_executor.py took 0.069 seconds
[2021-04-06 18:46:26,749] {scheduler_job.py:182} INFO - Started process (PID=20092) to work on /Users/garonsmith/Desktop/airflow_study/airflow-etl-explore/.venv/lib/python3.8/site-packages/airflow/example_dags/example_kubernetes_executor.py
[2021-04-06 18:46:26,749] {scheduler_job.py:629} INFO - Processing file /Users/garonsmith/Desktop/airflow_study/airflow-etl-explore/.venv/lib/python3.8/site-packages/airflow/example_dags/example_kubernetes_executor.py for tasks to queue
[2021-04-06 18:46:26,750] {logging_mixin.py:104} INFO - [2021-04-06 18:46:26,750] {dagbag.py:448} INFO - Filling up the DagBag from /Users/garonsmith/Desktop/airflow_study/airflow-etl-explore/.venv/lib/python3.8/site-packages/airflow/example_dags/example_kubernetes_executor.py
[2021-04-06 18:46:26,755] {scheduler_job.py:639} INFO - DAG(s) dict_keys(['example_kubernetes_executor']) retrieved from /Users/garonsmith/Desktop/airflow_study/airflow-etl-explore/.venv/lib/python3.8/site-packages/airflow/example_dags/example_kubernetes_executor.py
[2021-04-06 18:46:26,809] {logging_mixin.py:104} INFO - [2021-04-06 18:46:26,809] {dag.py:1818} INFO - Sync 1 DAGs
[2021-04-06 18:46:26,817] {logging_mixin.py:104} INFO - [2021-04-06 18:46:26,817] {dag.py:2273} INFO - Setting next_dagrun for example_kubernetes_executor to None
[2021-04-06 18:46:26,823] {scheduler_job.py:190} INFO - Processing /Users/garonsmith/Desktop/airflow_study/airflow-etl-explore/.venv/lib/python3.8/site-packages/airflow/example_dags/example_kubernetes_executor.py took 0.075 seconds
[2021-04-06 18:46:58,160] {scheduler_job.py:182} INFO - Started process (PID=20180) to work on /Users/garonsmith/Desktop/airflow_study/airflow-etl-explore/.venv/lib/python3.8/site-packages/airflow/example_dags/example_kubernetes_executor.py
[2021-04-06 18:46:58,160] {scheduler_job.py:629} INFO - Processing file /Users/garonsmith/Desktop/airflow_study/airflow-etl-explore/.venv/lib/python3.8/site-packages/airflow/example_dags/example_kubernetes_executor.py for tasks to queue
[2021-04-06 18:46:58,160] {logging_mixin.py:104} INFO - [2021-04-06 18:46:58,160] {dagbag.py:448} INFO - Filling up the DagBag from /Users/garonsmith/Desktop/airflow_study/airflow-etl-explore/.venv/lib/python3.8/site-packages/airflow/example_dags/example_kubernetes_executor.py
[2021-04-06 18:46:58,167] {scheduler_job.py:639} INFO - DAG(s) dict_keys(['example_kubernetes_executor']) retrieved from /Users/garonsmith/Desktop/airflow_study/airflow-etl-explore/.venv/lib/python3.8/site-packages/airflow/example_dags/example_kubernetes_executor.py
[2021-04-06 18:46:58,209] {logging_mixin.py:104} INFO - [2021-04-06 18:46:58,208] {dag.py:1818} INFO - Sync 1 DAGs
[2021-04-06 18:46:58,216] {logging_mixin.py:104} INFO - [2021-04-06 18:46:58,216] {dag.py:2273} INFO - Setting next_dagrun for example_kubernetes_executor to None
[2021-04-06 18:46:58,222] {scheduler_job.py:190} INFO - Processing /Users/garonsmith/Desktop/airflow_study/airflow-etl-explore/.venv/lib/python3.8/site-packages/airflow/example_dags/example_kubernetes_executor.py took 0.063 seconds
[2021-04-06 18:47:29,253] {scheduler_job.py:182} INFO - Started process (PID=20266) to work on /Users/garonsmith/Desktop/airflow_study/airflow-etl-explore/.venv/lib/python3.8/site-packages/airflow/example_dags/example_kubernetes_executor.py
[2021-04-06 18:47:29,253] {scheduler_job.py:629} INFO - Processing file /Users/garonsmith/Desktop/airflow_study/airflow-etl-explore/.venv/lib/python3.8/site-packages/airflow/example_dags/example_kubernetes_executor.py for tasks to queue
[2021-04-06 18:47:29,254] {logging_mixin.py:104} INFO - [2021-04-06 18:47:29,254] {dagbag.py:448} INFO - Filling up the DagBag from /Users/garonsmith/Desktop/airflow_study/airflow-etl-explore/.venv/lib/python3.8/site-packages/airflow/example_dags/example_kubernetes_executor.py
[2021-04-06 18:47:29,259] {scheduler_job.py:639} INFO - DAG(s) dict_keys(['example_kubernetes_executor']) retrieved from /Users/garonsmith/Desktop/airflow_study/airflow-etl-explore/.venv/lib/python3.8/site-packages/airflow/example_dags/example_kubernetes_executor.py
[2021-04-06 18:47:29,307] {logging_mixin.py:104} INFO - [2021-04-06 18:47:29,307] {dag.py:1818} INFO - Sync 1 DAGs
[2021-04-06 18:47:29,313] {logging_mixin.py:104} INFO - [2021-04-06 18:47:29,313] {dag.py:2273} INFO - Setting next_dagrun for example_kubernetes_executor to None
[2021-04-06 18:47:29,319] {scheduler_job.py:190} INFO - Processing /Users/garonsmith/Desktop/airflow_study/airflow-etl-explore/.venv/lib/python3.8/site-packages/airflow/example_dags/example_kubernetes_executor.py took 0.066 seconds
[2021-04-06 18:48:00,602] {scheduler_job.py:182} INFO - Started process (PID=20353) to work on /Users/garonsmith/Desktop/airflow_study/airflow-etl-explore/.venv/lib/python3.8/site-packages/airflow/example_dags/example_kubernetes_executor.py
[2021-04-06 18:48:00,603] {scheduler_job.py:629} INFO - Processing file /Users/garonsmith/Desktop/airflow_study/airflow-etl-explore/.venv/lib/python3.8/site-packages/airflow/example_dags/example_kubernetes_executor.py for tasks to queue
[2021-04-06 18:48:00,603] {logging_mixin.py:104} INFO - [2021-04-06 18:48:00,603] {dagbag.py:448} INFO - Filling up the DagBag from /Users/garonsmith/Desktop/airflow_study/airflow-etl-explore/.venv/lib/python3.8/site-packages/airflow/example_dags/example_kubernetes_executor.py
[2021-04-06 18:48:00,608] {scheduler_job.py:639} INFO - DAG(s) dict_keys(['example_kubernetes_executor']) retrieved from /Users/garonsmith/Desktop/airflow_study/airflow-etl-explore/.venv/lib/python3.8/site-packages/airflow/example_dags/example_kubernetes_executor.py
[2021-04-06 18:48:00,637] {logging_mixin.py:104} INFO - [2021-04-06 18:48:00,637] {dag.py:1818} INFO - Sync 1 DAGs
[2021-04-06 18:48:00,660] {logging_mixin.py:104} INFO - [2021-04-06 18:48:00,659] {dag.py:2273} INFO - Setting next_dagrun for example_kubernetes_executor to None
[2021-04-06 18:48:00,665] {scheduler_job.py:190} INFO - Processing /Users/garonsmith/Desktop/airflow_study/airflow-etl-explore/.venv/lib/python3.8/site-packages/airflow/example_dags/example_kubernetes_executor.py took 0.063 seconds
[2021-04-06 18:48:31,268] {scheduler_job.py:182} INFO - Started process (PID=20439) to work on /Users/garonsmith/Desktop/airflow_study/airflow-etl-explore/.venv/lib/python3.8/site-packages/airflow/example_dags/example_kubernetes_executor.py
[2021-04-06 18:48:31,269] {scheduler_job.py:629} INFO - Processing file /Users/garonsmith/Desktop/airflow_study/airflow-etl-explore/.venv/lib/python3.8/site-packages/airflow/example_dags/example_kubernetes_executor.py for tasks to queue
[2021-04-06 18:48:31,269] {logging_mixin.py:104} INFO - [2021-04-06 18:48:31,269] {dagbag.py:448} INFO - Filling up the DagBag from /Users/garonsmith/Desktop/airflow_study/airflow-etl-explore/.venv/lib/python3.8/site-packages/airflow/example_dags/example_kubernetes_executor.py
[2021-04-06 18:48:31,273] {scheduler_job.py:639} INFO - DAG(s) dict_keys(['example_kubernetes_executor']) retrieved from /Users/garonsmith/Desktop/airflow_study/airflow-etl-explore/.venv/lib/python3.8/site-packages/airflow/example_dags/example_kubernetes_executor.py
[2021-04-06 18:48:31,312] {logging_mixin.py:104} INFO - [2021-04-06 18:48:31,312] {dag.py:1818} INFO - Sync 1 DAGs
[2021-04-06 18:48:31,321] {logging_mixin.py:104} INFO - [2021-04-06 18:48:31,321] {dag.py:2273} INFO - Setting next_dagrun for example_kubernetes_executor to None
[2021-04-06 18:48:31,328] {scheduler_job.py:190} INFO - Processing /Users/garonsmith/Desktop/airflow_study/airflow-etl-explore/.venv/lib/python3.8/site-packages/airflow/example_dags/example_kubernetes_executor.py took 0.060 seconds
[2021-04-06 18:49:02,275] {scheduler_job.py:182} INFO - Started process (PID=20524) to work on /Users/garonsmith/Desktop/airflow_study/airflow-etl-explore/.venv/lib/python3.8/site-packages/airflow/example_dags/example_kubernetes_executor.py
[2021-04-06 18:49:02,276] {scheduler_job.py:629} INFO - Processing file /Users/garonsmith/Desktop/airflow_study/airflow-etl-explore/.venv/lib/python3.8/site-packages/airflow/example_dags/example_kubernetes_executor.py for tasks to queue
[2021-04-06 18:49:02,276] {logging_mixin.py:104} INFO - [2021-04-06 18:49:02,276] {dagbag.py:448} INFO - Filling up the DagBag from /Users/garonsmith/Desktop/airflow_study/airflow-etl-explore/.venv/lib/python3.8/site-packages/airflow/example_dags/example_kubernetes_executor.py
[2021-04-06 18:49:02,282] {scheduler_job.py:639} INFO - DAG(s) dict_keys(['example_kubernetes_executor']) retrieved from /Users/garonsmith/Desktop/airflow_study/airflow-etl-explore/.venv/lib/python3.8/site-packages/airflow/example_dags/example_kubernetes_executor.py
[2021-04-06 18:49:02,331] {logging_mixin.py:104} INFO - [2021-04-06 18:49:02,331] {dag.py:1818} INFO - Sync 1 DAGs
[2021-04-06 18:49:02,339] {logging_mixin.py:104} INFO - [2021-04-06 18:49:02,339] {dag.py:2273} INFO - Setting next_dagrun for example_kubernetes_executor to None
[2021-04-06 18:49:02,361] {scheduler_job.py:190} INFO - Processing /Users/garonsmith/Desktop/airflow_study/airflow-etl-explore/.venv/lib/python3.8/site-packages/airflow/example_dags/example_kubernetes_executor.py took 0.087 seconds
[2021-04-06 18:49:09,874] {scheduler_job.py:182} INFO - Started process (PID=20634) to work on /Users/garonsmith/Desktop/airflow_study/airflow-etl-explore/.venv/lib/python3.8/site-packages/airflow/example_dags/example_kubernetes_executor.py
[2021-04-06 18:49:09,875] {scheduler_job.py:629} INFO - Processing file /Users/garonsmith/Desktop/airflow_study/airflow-etl-explore/.venv/lib/python3.8/site-packages/airflow/example_dags/example_kubernetes_executor.py for tasks to queue
[2021-04-06 18:49:09,875] {logging_mixin.py:104} INFO - [2021-04-06 18:49:09,875] {dagbag.py:448} INFO - Filling up the DagBag from /Users/garonsmith/Desktop/airflow_study/airflow-etl-explore/.venv/lib/python3.8/site-packages/airflow/example_dags/example_kubernetes_executor.py
[2021-04-06 18:49:09,880] {scheduler_job.py:639} INFO - DAG(s) dict_keys(['example_kubernetes_executor']) retrieved from /Users/garonsmith/Desktop/airflow_study/airflow-etl-explore/.venv/lib/python3.8/site-packages/airflow/example_dags/example_kubernetes_executor.py
[2021-04-06 18:49:09,891] {logging_mixin.py:104} INFO - [2021-04-06 18:49:09,891] {dag.py:1818} INFO - Sync 1 DAGs
[2021-04-06 18:49:09,913] {logging_mixin.py:104} INFO - [2021-04-06 18:49:09,913] {dag.py:2273} INFO - Setting next_dagrun for example_kubernetes_executor to None
[2021-04-06 18:49:09,918] {scheduler_job.py:190} INFO - Processing /Users/garonsmith/Desktop/airflow_study/airflow-etl-explore/.venv/lib/python3.8/site-packages/airflow/example_dags/example_kubernetes_executor.py took 0.044 seconds
[2021-04-06 18:49:33,445] {scheduler_job.py:182} INFO - Started process (PID=20698) to work on /Users/garonsmith/Desktop/airflow_study/airflow-etl-explore/.venv/lib/python3.8/site-packages/airflow/example_dags/example_kubernetes_executor.py
[2021-04-06 18:49:33,447] {scheduler_job.py:629} INFO - Processing file /Users/garonsmith/Desktop/airflow_study/airflow-etl-explore/.venv/lib/python3.8/site-packages/airflow/example_dags/example_kubernetes_executor.py for tasks to queue
[2021-04-06 18:49:33,447] {logging_mixin.py:104} INFO - [2021-04-06 18:49:33,447] {dagbag.py:448} INFO - Filling up the DagBag from /Users/garonsmith/Desktop/airflow_study/airflow-etl-explore/.venv/lib/python3.8/site-packages/airflow/example_dags/example_kubernetes_executor.py
[2021-04-06 18:49:33,454] {scheduler_job.py:639} INFO - DAG(s) dict_keys(['example_kubernetes_executor']) retrieved from /Users/garonsmith/Desktop/airflow_study/airflow-etl-explore/.venv/lib/python3.8/site-packages/airflow/example_dags/example_kubernetes_executor.py
[2021-04-06 18:49:33,494] {logging_mixin.py:104} INFO - [2021-04-06 18:49:33,493] {dag.py:1818} INFO - Sync 1 DAGs
[2021-04-06 18:49:33,514] {logging_mixin.py:104} INFO - [2021-04-06 18:49:33,514] {dag.py:2273} INFO - Setting next_dagrun for example_kubernetes_executor to None
[2021-04-06 18:49:33,521] {scheduler_job.py:190} INFO - Processing /Users/garonsmith/Desktop/airflow_study/airflow-etl-explore/.venv/lib/python3.8/site-packages/airflow/example_dags/example_kubernetes_executor.py took 0.076 seconds
[2021-04-06 18:49:40,937] {scheduler_job.py:182} INFO - Started process (PID=20799) to work on /Users/garonsmith/Desktop/airflow_study/airflow-etl-explore/.venv/lib/python3.8/site-packages/airflow/example_dags/example_kubernetes_executor.py
[2021-04-06 18:49:40,937] {scheduler_job.py:629} INFO - Processing file /Users/garonsmith/Desktop/airflow_study/airflow-etl-explore/.venv/lib/python3.8/site-packages/airflow/example_dags/example_kubernetes_executor.py for tasks to queue
[2021-04-06 18:49:40,938] {logging_mixin.py:104} INFO - [2021-04-06 18:49:40,938] {dagbag.py:448} INFO - Filling up the DagBag from /Users/garonsmith/Desktop/airflow_study/airflow-etl-explore/.venv/lib/python3.8/site-packages/airflow/example_dags/example_kubernetes_executor.py
[2021-04-06 18:49:40,944] {scheduler_job.py:639} INFO - DAG(s) dict_keys(['example_kubernetes_executor']) retrieved from /Users/garonsmith/Desktop/airflow_study/airflow-etl-explore/.venv/lib/python3.8/site-packages/airflow/example_dags/example_kubernetes_executor.py
[2021-04-06 18:49:40,969] {logging_mixin.py:104} INFO - [2021-04-06 18:49:40,969] {dag.py:1818} INFO - Sync 1 DAGs
[2021-04-06 18:49:41,011] {logging_mixin.py:104} INFO - [2021-04-06 18:49:41,010] {dag.py:2273} INFO - Setting next_dagrun for example_kubernetes_executor to None
[2021-04-06 18:49:41,016] {scheduler_job.py:190} INFO - Processing /Users/garonsmith/Desktop/airflow_study/airflow-etl-explore/.venv/lib/python3.8/site-packages/airflow/example_dags/example_kubernetes_executor.py took 0.079 seconds
[2021-04-06 18:50:04,188] {scheduler_job.py:182} INFO - Started process (PID=20873) to work on /Users/garonsmith/Desktop/airflow_study/airflow-etl-explore/.venv/lib/python3.8/site-packages/airflow/example_dags/example_kubernetes_executor.py
[2021-04-06 18:50:04,189] {scheduler_job.py:629} INFO - Processing file /Users/garonsmith/Desktop/airflow_study/airflow-etl-explore/.venv/lib/python3.8/site-packages/airflow/example_dags/example_kubernetes_executor.py for tasks to queue
[2021-04-06 18:50:04,189] {logging_mixin.py:104} INFO - [2021-04-06 18:50:04,189] {dagbag.py:448} INFO - Filling up the DagBag from /Users/garonsmith/Desktop/airflow_study/airflow-etl-explore/.venv/lib/python3.8/site-packages/airflow/example_dags/example_kubernetes_executor.py
[2021-04-06 18:50:04,194] {scheduler_job.py:639} INFO - DAG(s) dict_keys(['example_kubernetes_executor']) retrieved from /Users/garonsmith/Desktop/airflow_study/airflow-etl-explore/.venv/lib/python3.8/site-packages/airflow/example_dags/example_kubernetes_executor.py
[2021-04-06 18:50:04,264] {logging_mixin.py:104} INFO - [2021-04-06 18:50:04,264] {dag.py:1818} INFO - Sync 1 DAGs
[2021-04-06 18:50:04,274] {logging_mixin.py:104} INFO - [2021-04-06 18:50:04,274] {dag.py:2273} INFO - Setting next_dagrun for example_kubernetes_executor to None
[2021-04-06 18:50:04,280] {scheduler_job.py:190} INFO - Processing /Users/garonsmith/Desktop/airflow_study/airflow-etl-explore/.venv/lib/python3.8/site-packages/airflow/example_dags/example_kubernetes_executor.py took 0.092 seconds
[2021-04-06 18:50:11,907] {scheduler_job.py:182} INFO - Started process (PID=20970) to work on /Users/garonsmith/Desktop/airflow_study/airflow-etl-explore/.venv/lib/python3.8/site-packages/airflow/example_dags/example_kubernetes_executor.py
[2021-04-06 18:50:11,907] {scheduler_job.py:629} INFO - Processing file /Users/garonsmith/Desktop/airflow_study/airflow-etl-explore/.venv/lib/python3.8/site-packages/airflow/example_dags/example_kubernetes_executor.py for tasks to queue
[2021-04-06 18:50:11,908] {logging_mixin.py:104} INFO - [2021-04-06 18:50:11,908] {dagbag.py:448} INFO - Filling up the DagBag from /Users/garonsmith/Desktop/airflow_study/airflow-etl-explore/.venv/lib/python3.8/site-packages/airflow/example_dags/example_kubernetes_executor.py
[2021-04-06 18:50:11,913] {scheduler_job.py:639} INFO - DAG(s) dict_keys(['example_kubernetes_executor']) retrieved from /Users/garonsmith/Desktop/airflow_study/airflow-etl-explore/.venv/lib/python3.8/site-packages/airflow/example_dags/example_kubernetes_executor.py
[2021-04-06 18:50:11,923] {logging_mixin.py:104} INFO - [2021-04-06 18:50:11,923] {dag.py:1818} INFO - Sync 1 DAGs
[2021-04-06 18:50:11,963] {logging_mixin.py:104} INFO - [2021-04-06 18:50:11,963] {dag.py:2273} INFO - Setting next_dagrun for example_kubernetes_executor to None
[2021-04-06 18:50:11,968] {scheduler_job.py:190} INFO - Processing /Users/garonsmith/Desktop/airflow_study/airflow-etl-explore/.venv/lib/python3.8/site-packages/airflow/example_dags/example_kubernetes_executor.py took 0.062 seconds
[2021-04-06 18:50:35,041] {scheduler_job.py:182} INFO - Started process (PID=21038) to work on /Users/garonsmith/Desktop/airflow_study/airflow-etl-explore/.venv/lib/python3.8/site-packages/airflow/example_dags/example_kubernetes_executor.py
[2021-04-06 18:50:35,041] {scheduler_job.py:629} INFO - Processing file /Users/garonsmith/Desktop/airflow_study/airflow-etl-explore/.venv/lib/python3.8/site-packages/airflow/example_dags/example_kubernetes_executor.py for tasks to queue
[2021-04-06 18:50:35,042] {logging_mixin.py:104} INFO - [2021-04-06 18:50:35,042] {dagbag.py:448} INFO - Filling up the DagBag from /Users/garonsmith/Desktop/airflow_study/airflow-etl-explore/.venv/lib/python3.8/site-packages/airflow/example_dags/example_kubernetes_executor.py
[2021-04-06 18:50:35,048] {scheduler_job.py:639} INFO - DAG(s) dict_keys(['example_kubernetes_executor']) retrieved from /Users/garonsmith/Desktop/airflow_study/airflow-etl-explore/.venv/lib/python3.8/site-packages/airflow/example_dags/example_kubernetes_executor.py
[2021-04-06 18:50:35,115] {logging_mixin.py:104} INFO - [2021-04-06 18:50:35,115] {dag.py:1818} INFO - Sync 1 DAGs
[2021-04-06 18:50:35,124] {logging_mixin.py:104} INFO - [2021-04-06 18:50:35,124] {dag.py:2273} INFO - Setting next_dagrun for example_kubernetes_executor to None
[2021-04-06 18:50:35,130] {scheduler_job.py:190} INFO - Processing /Users/garonsmith/Desktop/airflow_study/airflow-etl-explore/.venv/lib/python3.8/site-packages/airflow/example_dags/example_kubernetes_executor.py took 0.089 seconds
[2021-04-06 18:50:43,215] {scheduler_job.py:182} INFO - Started process (PID=21134) to work on /Users/garonsmith/Desktop/airflow_study/airflow-etl-explore/.venv/lib/python3.8/site-packages/airflow/example_dags/example_kubernetes_executor.py
[2021-04-06 18:50:43,215] {scheduler_job.py:629} INFO - Processing file /Users/garonsmith/Desktop/airflow_study/airflow-etl-explore/.venv/lib/python3.8/site-packages/airflow/example_dags/example_kubernetes_executor.py for tasks to queue
[2021-04-06 18:50:43,215] {logging_mixin.py:104} INFO - [2021-04-06 18:50:43,215] {dagbag.py:448} INFO - Filling up the DagBag from /Users/garonsmith/Desktop/airflow_study/airflow-etl-explore/.venv/lib/python3.8/site-packages/airflow/example_dags/example_kubernetes_executor.py
[2021-04-06 18:50:43,220] {scheduler_job.py:639} INFO - DAG(s) dict_keys(['example_kubernetes_executor']) retrieved from /Users/garonsmith/Desktop/airflow_study/airflow-etl-explore/.venv/lib/python3.8/site-packages/airflow/example_dags/example_kubernetes_executor.py
[2021-04-06 18:50:43,231] {logging_mixin.py:104} INFO - [2021-04-06 18:50:43,231] {dag.py:1818} INFO - Sync 1 DAGs
[2021-04-06 18:50:43,269] {logging_mixin.py:104} INFO - [2021-04-06 18:50:43,269] {dag.py:2273} INFO - Setting next_dagrun for example_kubernetes_executor to None
[2021-04-06 18:50:43,274] {scheduler_job.py:190} INFO - Processing /Users/garonsmith/Desktop/airflow_study/airflow-etl-explore/.venv/lib/python3.8/site-packages/airflow/example_dags/example_kubernetes_executor.py took 0.060 seconds
[2021-04-06 18:51:06,371] {scheduler_job.py:182} INFO - Started process (PID=21208) to work on /Users/garonsmith/Desktop/airflow_study/airflow-etl-explore/.venv/lib/python3.8/site-packages/airflow/example_dags/example_kubernetes_executor.py
[2021-04-06 18:51:06,372] {scheduler_job.py:629} INFO - Processing file /Users/garonsmith/Desktop/airflow_study/airflow-etl-explore/.venv/lib/python3.8/site-packages/airflow/example_dags/example_kubernetes_executor.py for tasks to queue
[2021-04-06 18:51:06,372] {logging_mixin.py:104} INFO - [2021-04-06 18:51:06,372] {dagbag.py:448} INFO - Filling up the DagBag from /Users/garonsmith/Desktop/airflow_study/airflow-etl-explore/.venv/lib/python3.8/site-packages/airflow/example_dags/example_kubernetes_executor.py
[2021-04-06 18:51:06,377] {scheduler_job.py:639} INFO - DAG(s) dict_keys(['example_kubernetes_executor']) retrieved from /Users/garonsmith/Desktop/airflow_study/airflow-etl-explore/.venv/lib/python3.8/site-packages/airflow/example_dags/example_kubernetes_executor.py
[2021-04-06 18:51:06,414] {logging_mixin.py:104} INFO - [2021-04-06 18:51:06,413] {dag.py:1818} INFO - Sync 1 DAGs
[2021-04-06 18:51:06,421] {logging_mixin.py:104} INFO - [2021-04-06 18:51:06,421] {dag.py:2273} INFO - Setting next_dagrun for example_kubernetes_executor to None
[2021-04-06 18:51:06,426] {scheduler_job.py:190} INFO - Processing /Users/garonsmith/Desktop/airflow_study/airflow-etl-explore/.venv/lib/python3.8/site-packages/airflow/example_dags/example_kubernetes_executor.py took 0.055 seconds
[2021-04-06 18:51:14,867] {scheduler_job.py:182} INFO - Started process (PID=21300) to work on /Users/garonsmith/Desktop/airflow_study/airflow-etl-explore/.venv/lib/python3.8/site-packages/airflow/example_dags/example_kubernetes_executor.py
[2021-04-06 18:51:14,867] {scheduler_job.py:629} INFO - Processing file /Users/garonsmith/Desktop/airflow_study/airflow-etl-explore/.venv/lib/python3.8/site-packages/airflow/example_dags/example_kubernetes_executor.py for tasks to queue
[2021-04-06 18:51:14,867] {logging_mixin.py:104} INFO - [2021-04-06 18:51:14,867] {dagbag.py:448} INFO - Filling up the DagBag from /Users/garonsmith/Desktop/airflow_study/airflow-etl-explore/.venv/lib/python3.8/site-packages/airflow/example_dags/example_kubernetes_executor.py
[2021-04-06 18:51:14,872] {scheduler_job.py:639} INFO - DAG(s) dict_keys(['example_kubernetes_executor']) retrieved from /Users/garonsmith/Desktop/airflow_study/airflow-etl-explore/.venv/lib/python3.8/site-packages/airflow/example_dags/example_kubernetes_executor.py
[2021-04-06 18:51:14,884] {logging_mixin.py:104} INFO - [2021-04-06 18:51:14,884] {dag.py:1818} INFO - Sync 1 DAGs
[2021-04-06 18:51:14,916] {logging_mixin.py:104} INFO - [2021-04-06 18:51:14,916] {dag.py:2273} INFO - Setting next_dagrun for example_kubernetes_executor to None
[2021-04-06 18:51:14,921] {scheduler_job.py:190} INFO - Processing /Users/garonsmith/Desktop/airflow_study/airflow-etl-explore/.venv/lib/python3.8/site-packages/airflow/example_dags/example_kubernetes_executor.py took 0.055 seconds
[2021-04-06 18:51:37,799] {scheduler_job.py:182} INFO - Started process (PID=21375) to work on /Users/garonsmith/Desktop/airflow_study/airflow-etl-explore/.venv/lib/python3.8/site-packages/airflow/example_dags/example_kubernetes_executor.py
[2021-04-06 18:51:37,800] {scheduler_job.py:629} INFO - Processing file /Users/garonsmith/Desktop/airflow_study/airflow-etl-explore/.venv/lib/python3.8/site-packages/airflow/example_dags/example_kubernetes_executor.py for tasks to queue
[2021-04-06 18:51:37,800] {logging_mixin.py:104} INFO - [2021-04-06 18:51:37,800] {dagbag.py:448} INFO - Filling up the DagBag from /Users/garonsmith/Desktop/airflow_study/airflow-etl-explore/.venv/lib/python3.8/site-packages/airflow/example_dags/example_kubernetes_executor.py
[2021-04-06 18:51:37,805] {scheduler_job.py:639} INFO - DAG(s) dict_keys(['example_kubernetes_executor']) retrieved from /Users/garonsmith/Desktop/airflow_study/airflow-etl-explore/.venv/lib/python3.8/site-packages/airflow/example_dags/example_kubernetes_executor.py
[2021-04-06 18:51:37,840] {logging_mixin.py:104} INFO - [2021-04-06 18:51:37,840] {dag.py:1818} INFO - Sync 1 DAGs
[2021-04-06 18:51:37,846] {logging_mixin.py:104} INFO - [2021-04-06 18:51:37,846] {dag.py:2273} INFO - Setting next_dagrun for example_kubernetes_executor to None
[2021-04-06 18:51:37,868] {scheduler_job.py:190} INFO - Processing /Users/garonsmith/Desktop/airflow_study/airflow-etl-explore/.venv/lib/python3.8/site-packages/airflow/example_dags/example_kubernetes_executor.py took 0.069 seconds
[2021-04-06 18:51:46,022] {scheduler_job.py:182} INFO - Started process (PID=21465) to work on /Users/garonsmith/Desktop/airflow_study/airflow-etl-explore/.venv/lib/python3.8/site-packages/airflow/example_dags/example_kubernetes_executor.py
[2021-04-06 18:51:46,022] {scheduler_job.py:629} INFO - Processing file /Users/garonsmith/Desktop/airflow_study/airflow-etl-explore/.venv/lib/python3.8/site-packages/airflow/example_dags/example_kubernetes_executor.py for tasks to queue
[2021-04-06 18:51:46,023] {logging_mixin.py:104} INFO - [2021-04-06 18:51:46,023] {dagbag.py:448} INFO - Filling up the DagBag from /Users/garonsmith/Desktop/airflow_study/airflow-etl-explore/.venv/lib/python3.8/site-packages/airflow/example_dags/example_kubernetes_executor.py
[2021-04-06 18:51:46,029] {scheduler_job.py:639} INFO - DAG(s) dict_keys(['example_kubernetes_executor']) retrieved from /Users/garonsmith/Desktop/airflow_study/airflow-etl-explore/.venv/lib/python3.8/site-packages/airflow/example_dags/example_kubernetes_executor.py
[2021-04-06 18:51:46,041] {logging_mixin.py:104} INFO - [2021-04-06 18:51:46,041] {dag.py:1818} INFO - Sync 1 DAGs
[2021-04-06 18:51:46,067] {logging_mixin.py:104} INFO - [2021-04-06 18:51:46,067] {dag.py:2273} INFO - Setting next_dagrun for example_kubernetes_executor to None
[2021-04-06 18:51:46,072] {scheduler_job.py:190} INFO - Processing /Users/garonsmith/Desktop/airflow_study/airflow-etl-explore/.venv/lib/python3.8/site-packages/airflow/example_dags/example_kubernetes_executor.py took 0.051 seconds
[2021-04-06 18:52:08,792] {scheduler_job.py:182} INFO - Started process (PID=21545) to work on /Users/garonsmith/Desktop/airflow_study/airflow-etl-explore/.venv/lib/python3.8/site-packages/airflow/example_dags/example_kubernetes_executor.py
[2021-04-06 18:52:08,793] {scheduler_job.py:629} INFO - Processing file /Users/garonsmith/Desktop/airflow_study/airflow-etl-explore/.venv/lib/python3.8/site-packages/airflow/example_dags/example_kubernetes_executor.py for tasks to queue
[2021-04-06 18:52:08,793] {logging_mixin.py:104} INFO - [2021-04-06 18:52:08,793] {dagbag.py:448} INFO - Filling up the DagBag from /Users/garonsmith/Desktop/airflow_study/airflow-etl-explore/.venv/lib/python3.8/site-packages/airflow/example_dags/example_kubernetes_executor.py
[2021-04-06 18:52:08,798] {scheduler_job.py:639} INFO - DAG(s) dict_keys(['example_kubernetes_executor']) retrieved from /Users/garonsmith/Desktop/airflow_study/airflow-etl-explore/.venv/lib/python3.8/site-packages/airflow/example_dags/example_kubernetes_executor.py
[2021-04-06 18:52:08,846] {logging_mixin.py:104} INFO - [2021-04-06 18:52:08,846] {dag.py:1818} INFO - Sync 1 DAGs
[2021-04-06 18:52:08,867] {logging_mixin.py:104} INFO - [2021-04-06 18:52:08,867] {dag.py:2273} INFO - Setting next_dagrun for example_kubernetes_executor to None
[2021-04-06 18:52:08,872] {scheduler_job.py:190} INFO - Processing /Users/garonsmith/Desktop/airflow_study/airflow-etl-explore/.venv/lib/python3.8/site-packages/airflow/example_dags/example_kubernetes_executor.py took 0.080 seconds
[2021-04-06 18:52:40,052] {scheduler_job.py:182} INFO - Started process (PID=21642) to work on /Users/garonsmith/Desktop/airflow_study/airflow-etl-explore/.venv/lib/python3.8/site-packages/airflow/example_dags/example_kubernetes_executor.py
[2021-04-06 18:52:40,053] {scheduler_job.py:629} INFO - Processing file /Users/garonsmith/Desktop/airflow_study/airflow-etl-explore/.venv/lib/python3.8/site-packages/airflow/example_dags/example_kubernetes_executor.py for tasks to queue
[2021-04-06 18:52:40,053] {logging_mixin.py:104} INFO - [2021-04-06 18:52:40,053] {dagbag.py:448} INFO - Filling up the DagBag from /Users/garonsmith/Desktop/airflow_study/airflow-etl-explore/.venv/lib/python3.8/site-packages/airflow/example_dags/example_kubernetes_executor.py
[2021-04-06 18:52:40,061] {scheduler_job.py:639} INFO - DAG(s) dict_keys(['example_kubernetes_executor']) retrieved from /Users/garonsmith/Desktop/airflow_study/airflow-etl-explore/.venv/lib/python3.8/site-packages/airflow/example_dags/example_kubernetes_executor.py
[2021-04-06 18:52:40,096] {logging_mixin.py:104} INFO - [2021-04-06 18:52:40,096] {dag.py:1818} INFO - Sync 1 DAGs
[2021-04-06 18:52:40,118] {logging_mixin.py:104} INFO - [2021-04-06 18:52:40,118] {dag.py:2273} INFO - Setting next_dagrun for example_kubernetes_executor to None
[2021-04-06 18:52:40,124] {scheduler_job.py:190} INFO - Processing /Users/garonsmith/Desktop/airflow_study/airflow-etl-explore/.venv/lib/python3.8/site-packages/airflow/example_dags/example_kubernetes_executor.py took 0.072 seconds
[2021-04-06 18:53:10,731] {scheduler_job.py:182} INFO - Started process (PID=21729) to work on /Users/garonsmith/Desktop/airflow_study/airflow-etl-explore/.venv/lib/python3.8/site-packages/airflow/example_dags/example_kubernetes_executor.py
[2021-04-06 18:53:10,732] {scheduler_job.py:629} INFO - Processing file /Users/garonsmith/Desktop/airflow_study/airflow-etl-explore/.venv/lib/python3.8/site-packages/airflow/example_dags/example_kubernetes_executor.py for tasks to queue
[2021-04-06 18:53:10,732] {logging_mixin.py:104} INFO - [2021-04-06 18:53:10,732] {dagbag.py:448} INFO - Filling up the DagBag from /Users/garonsmith/Desktop/airflow_study/airflow-etl-explore/.venv/lib/python3.8/site-packages/airflow/example_dags/example_kubernetes_executor.py
[2021-04-06 18:53:10,737] {scheduler_job.py:639} INFO - DAG(s) dict_keys(['example_kubernetes_executor']) retrieved from /Users/garonsmith/Desktop/airflow_study/airflow-etl-explore/.venv/lib/python3.8/site-packages/airflow/example_dags/example_kubernetes_executor.py
[2021-04-06 18:53:10,789] {logging_mixin.py:104} INFO - [2021-04-06 18:53:10,789] {dag.py:1818} INFO - Sync 1 DAGs
[2021-04-06 18:53:10,797] {logging_mixin.py:104} INFO - [2021-04-06 18:53:10,797] {dag.py:2273} INFO - Setting next_dagrun for example_kubernetes_executor to None
[2021-04-06 18:53:10,820] {scheduler_job.py:190} INFO - Processing /Users/garonsmith/Desktop/airflow_study/airflow-etl-explore/.venv/lib/python3.8/site-packages/airflow/example_dags/example_kubernetes_executor.py took 0.089 seconds
[2021-04-06 18:53:41,926] {scheduler_job.py:182} INFO - Started process (PID=21835) to work on /Users/garonsmith/Desktop/airflow_study/airflow-etl-explore/.venv/lib/python3.8/site-packages/airflow/example_dags/example_kubernetes_executor.py
[2021-04-06 18:53:41,926] {scheduler_job.py:629} INFO - Processing file /Users/garonsmith/Desktop/airflow_study/airflow-etl-explore/.venv/lib/python3.8/site-packages/airflow/example_dags/example_kubernetes_executor.py for tasks to queue
[2021-04-06 18:53:41,927] {logging_mixin.py:104} INFO - [2021-04-06 18:53:41,927] {dagbag.py:448} INFO - Filling up the DagBag from /Users/garonsmith/Desktop/airflow_study/airflow-etl-explore/.venv/lib/python3.8/site-packages/airflow/example_dags/example_kubernetes_executor.py
[2021-04-06 18:53:41,932] {scheduler_job.py:639} INFO - DAG(s) dict_keys(['example_kubernetes_executor']) retrieved from /Users/garonsmith/Desktop/airflow_study/airflow-etl-explore/.venv/lib/python3.8/site-packages/airflow/example_dags/example_kubernetes_executor.py
[2021-04-06 18:53:41,967] {logging_mixin.py:104} INFO - [2021-04-06 18:53:41,967] {dag.py:1818} INFO - Sync 1 DAGs
[2021-04-06 18:53:41,975] {logging_mixin.py:104} INFO - [2021-04-06 18:53:41,974] {dag.py:2273} INFO - Setting next_dagrun for example_kubernetes_executor to None
[2021-04-06 18:53:41,981] {scheduler_job.py:190} INFO - Processing /Users/garonsmith/Desktop/airflow_study/airflow-etl-explore/.venv/lib/python3.8/site-packages/airflow/example_dags/example_kubernetes_executor.py took 0.056 seconds
[2021-04-06 18:54:13,154] {scheduler_job.py:182} INFO - Started process (PID=21934) to work on /Users/garonsmith/Desktop/airflow_study/airflow-etl-explore/.venv/lib/python3.8/site-packages/airflow/example_dags/example_kubernetes_executor.py
[2021-04-06 18:54:13,154] {scheduler_job.py:629} INFO - Processing file /Users/garonsmith/Desktop/airflow_study/airflow-etl-explore/.venv/lib/python3.8/site-packages/airflow/example_dags/example_kubernetes_executor.py for tasks to queue
[2021-04-06 18:54:13,154] {logging_mixin.py:104} INFO - [2021-04-06 18:54:13,154] {dagbag.py:448} INFO - Filling up the DagBag from /Users/garonsmith/Desktop/airflow_study/airflow-etl-explore/.venv/lib/python3.8/site-packages/airflow/example_dags/example_kubernetes_executor.py
[2021-04-06 18:54:13,159] {scheduler_job.py:639} INFO - DAG(s) dict_keys(['example_kubernetes_executor']) retrieved from /Users/garonsmith/Desktop/airflow_study/airflow-etl-explore/.venv/lib/python3.8/site-packages/airflow/example_dags/example_kubernetes_executor.py
[2021-04-06 18:54:13,195] {logging_mixin.py:104} INFO - [2021-04-06 18:54:13,195] {dag.py:1818} INFO - Sync 1 DAGs
[2021-04-06 18:54:13,218] {logging_mixin.py:104} INFO - [2021-04-06 18:54:13,218] {dag.py:2273} INFO - Setting next_dagrun for example_kubernetes_executor to None
[2021-04-06 18:54:13,223] {scheduler_job.py:190} INFO - Processing /Users/garonsmith/Desktop/airflow_study/airflow-etl-explore/.venv/lib/python3.8/site-packages/airflow/example_dags/example_kubernetes_executor.py took 0.070 seconds
