[2021-04-06 18:36:17,194] {scheduler_job.py:182} INFO - Started process (PID=17404) to work on /Users/garonsmith/Desktop/airflow_study/airflow-etl-explore/.venv/lib/python3.8/site-packages/airflow/example_dags/example_xcom.py
[2021-04-06 18:36:17,194] {scheduler_job.py:629} INFO - Processing file /Users/garonsmith/Desktop/airflow_study/airflow-etl-explore/.venv/lib/python3.8/site-packages/airflow/example_dags/example_xcom.py for tasks to queue
[2021-04-06 18:36:17,195] {logging_mixin.py:104} INFO - [2021-04-06 18:36:17,195] {dagbag.py:448} INFO - Filling up the DagBag from /Users/garonsmith/Desktop/airflow_study/airflow-etl-explore/.venv/lib/python3.8/site-packages/airflow/example_dags/example_xcom.py
[2021-04-06 18:36:17,199] {scheduler_job.py:639} INFO - DAG(s) dict_keys(['example_xcom']) retrieved from /Users/garonsmith/Desktop/airflow_study/airflow-etl-explore/.venv/lib/python3.8/site-packages/airflow/example_dags/example_xcom.py
[2021-04-06 18:36:17,229] {logging_mixin.py:104} INFO - [2021-04-06 18:36:17,229] {dag.py:1818} INFO - Sync 1 DAGs
[2021-04-06 18:36:17,235] {logging_mixin.py:104} INFO - [2021-04-06 18:36:17,235] {dag.py:2273} INFO - Setting next_dagrun for example_xcom to 2021-04-04 00:00:00+00:00
[2021-04-06 18:36:17,239] {scheduler_job.py:190} INFO - Processing /Users/garonsmith/Desktop/airflow_study/airflow-etl-explore/.venv/lib/python3.8/site-packages/airflow/example_dags/example_xcom.py took 0.046 seconds
[2021-04-06 18:36:48,576] {scheduler_job.py:182} INFO - Started process (PID=17494) to work on /Users/garonsmith/Desktop/airflow_study/airflow-etl-explore/.venv/lib/python3.8/site-packages/airflow/example_dags/example_xcom.py
[2021-04-06 18:36:48,577] {scheduler_job.py:629} INFO - Processing file /Users/garonsmith/Desktop/airflow_study/airflow-etl-explore/.venv/lib/python3.8/site-packages/airflow/example_dags/example_xcom.py for tasks to queue
[2021-04-06 18:36:48,578] {logging_mixin.py:104} INFO - [2021-04-06 18:36:48,578] {dagbag.py:448} INFO - Filling up the DagBag from /Users/garonsmith/Desktop/airflow_study/airflow-etl-explore/.venv/lib/python3.8/site-packages/airflow/example_dags/example_xcom.py
[2021-04-06 18:36:48,584] {scheduler_job.py:639} INFO - DAG(s) dict_keys(['example_xcom']) retrieved from /Users/garonsmith/Desktop/airflow_study/airflow-etl-explore/.venv/lib/python3.8/site-packages/airflow/example_dags/example_xcom.py
[2021-04-06 18:36:48,623] {logging_mixin.py:104} INFO - [2021-04-06 18:36:48,623] {dag.py:1818} INFO - Sync 1 DAGs
[2021-04-06 18:36:48,633] {logging_mixin.py:104} INFO - [2021-04-06 18:36:48,633] {dag.py:2273} INFO - Setting next_dagrun for example_xcom to 2021-04-04 00:00:00+00:00
[2021-04-06 18:36:48,638] {scheduler_job.py:190} INFO - Processing /Users/garonsmith/Desktop/airflow_study/airflow-etl-explore/.venv/lib/python3.8/site-packages/airflow/example_dags/example_xcom.py took 0.063 seconds
[2021-04-06 18:37:19,426] {scheduler_job.py:182} INFO - Started process (PID=18391) to work on /Users/garonsmith/Desktop/airflow_study/airflow-etl-explore/.venv/lib/python3.8/site-packages/airflow/example_dags/example_xcom.py
[2021-04-06 18:37:19,427] {scheduler_job.py:629} INFO - Processing file /Users/garonsmith/Desktop/airflow_study/airflow-etl-explore/.venv/lib/python3.8/site-packages/airflow/example_dags/example_xcom.py for tasks to queue
[2021-04-06 18:37:19,427] {logging_mixin.py:104} INFO - [2021-04-06 18:37:19,427] {dagbag.py:448} INFO - Filling up the DagBag from /Users/garonsmith/Desktop/airflow_study/airflow-etl-explore/.venv/lib/python3.8/site-packages/airflow/example_dags/example_xcom.py
[2021-04-06 18:37:19,432] {scheduler_job.py:639} INFO - DAG(s) dict_keys(['example_xcom']) retrieved from /Users/garonsmith/Desktop/airflow_study/airflow-etl-explore/.venv/lib/python3.8/site-packages/airflow/example_dags/example_xcom.py
[2021-04-06 18:37:19,461] {logging_mixin.py:104} INFO - [2021-04-06 18:37:19,461] {dag.py:1818} INFO - Sync 1 DAGs
[2021-04-06 18:37:19,467] {logging_mixin.py:104} INFO - [2021-04-06 18:37:19,467] {dag.py:2273} INFO - Setting next_dagrun for example_xcom to 2021-04-04 00:00:00+00:00
[2021-04-06 18:37:19,471] {scheduler_job.py:190} INFO - Processing /Users/garonsmith/Desktop/airflow_study/airflow-etl-explore/.venv/lib/python3.8/site-packages/airflow/example_dags/example_xcom.py took 0.046 seconds
[2021-04-06 18:37:51,277] {scheduler_job.py:182} INFO - Started process (PID=18478) to work on /Users/garonsmith/Desktop/airflow_study/airflow-etl-explore/.venv/lib/python3.8/site-packages/airflow/example_dags/example_xcom.py
[2021-04-06 18:37:51,278] {scheduler_job.py:629} INFO - Processing file /Users/garonsmith/Desktop/airflow_study/airflow-etl-explore/.venv/lib/python3.8/site-packages/airflow/example_dags/example_xcom.py for tasks to queue
[2021-04-06 18:37:51,278] {logging_mixin.py:104} INFO - [2021-04-06 18:37:51,278] {dagbag.py:448} INFO - Filling up the DagBag from /Users/garonsmith/Desktop/airflow_study/airflow-etl-explore/.venv/lib/python3.8/site-packages/airflow/example_dags/example_xcom.py
[2021-04-06 18:37:51,282] {scheduler_job.py:639} INFO - DAG(s) dict_keys(['example_xcom']) retrieved from /Users/garonsmith/Desktop/airflow_study/airflow-etl-explore/.venv/lib/python3.8/site-packages/airflow/example_dags/example_xcom.py
[2021-04-06 18:37:51,312] {logging_mixin.py:104} INFO - [2021-04-06 18:37:51,312] {dag.py:1818} INFO - Sync 1 DAGs
[2021-04-06 18:37:51,319] {logging_mixin.py:104} INFO - [2021-04-06 18:37:51,319] {dag.py:2273} INFO - Setting next_dagrun for example_xcom to 2021-04-04 00:00:00+00:00
[2021-04-06 18:37:51,323] {scheduler_job.py:190} INFO - Processing /Users/garonsmith/Desktop/airflow_study/airflow-etl-explore/.venv/lib/python3.8/site-packages/airflow/example_dags/example_xcom.py took 0.046 seconds
[2021-04-06 18:38:22,343] {scheduler_job.py:182} INFO - Started process (PID=18567) to work on /Users/garonsmith/Desktop/airflow_study/airflow-etl-explore/.venv/lib/python3.8/site-packages/airflow/example_dags/example_xcom.py
[2021-04-06 18:38:22,343] {scheduler_job.py:629} INFO - Processing file /Users/garonsmith/Desktop/airflow_study/airflow-etl-explore/.venv/lib/python3.8/site-packages/airflow/example_dags/example_xcom.py for tasks to queue
[2021-04-06 18:38:22,344] {logging_mixin.py:104} INFO - [2021-04-06 18:38:22,344] {dagbag.py:448} INFO - Filling up the DagBag from /Users/garonsmith/Desktop/airflow_study/airflow-etl-explore/.venv/lib/python3.8/site-packages/airflow/example_dags/example_xcom.py
[2021-04-06 18:38:22,348] {scheduler_job.py:639} INFO - DAG(s) dict_keys(['example_xcom']) retrieved from /Users/garonsmith/Desktop/airflow_study/airflow-etl-explore/.venv/lib/python3.8/site-packages/airflow/example_dags/example_xcom.py
[2021-04-06 18:38:22,381] {logging_mixin.py:104} INFO - [2021-04-06 18:38:22,381] {dag.py:1818} INFO - Sync 1 DAGs
[2021-04-06 18:38:22,387] {logging_mixin.py:104} INFO - [2021-04-06 18:38:22,387] {dag.py:2273} INFO - Setting next_dagrun for example_xcom to 2021-04-04 00:00:00+00:00
[2021-04-06 18:38:22,391] {scheduler_job.py:190} INFO - Processing /Users/garonsmith/Desktop/airflow_study/airflow-etl-explore/.venv/lib/python3.8/site-packages/airflow/example_dags/example_xcom.py took 0.049 seconds
[2021-04-06 18:38:53,469] {scheduler_job.py:182} INFO - Started process (PID=18660) to work on /Users/garonsmith/Desktop/airflow_study/airflow-etl-explore/.venv/lib/python3.8/site-packages/airflow/example_dags/example_xcom.py
[2021-04-06 18:38:53,469] {scheduler_job.py:629} INFO - Processing file /Users/garonsmith/Desktop/airflow_study/airflow-etl-explore/.venv/lib/python3.8/site-packages/airflow/example_dags/example_xcom.py for tasks to queue
[2021-04-06 18:38:53,470] {logging_mixin.py:104} INFO - [2021-04-06 18:38:53,470] {dagbag.py:448} INFO - Filling up the DagBag from /Users/garonsmith/Desktop/airflow_study/airflow-etl-explore/.venv/lib/python3.8/site-packages/airflow/example_dags/example_xcom.py
[2021-04-06 18:38:53,474] {scheduler_job.py:639} INFO - DAG(s) dict_keys(['example_xcom']) retrieved from /Users/garonsmith/Desktop/airflow_study/airflow-etl-explore/.venv/lib/python3.8/site-packages/airflow/example_dags/example_xcom.py
[2021-04-06 18:38:53,512] {logging_mixin.py:104} INFO - [2021-04-06 18:38:53,511] {dag.py:1818} INFO - Sync 1 DAGs
[2021-04-06 18:38:53,518] {logging_mixin.py:104} INFO - [2021-04-06 18:38:53,518] {dag.py:2273} INFO - Setting next_dagrun for example_xcom to 2021-04-04 00:00:00+00:00
[2021-04-06 18:38:53,522] {scheduler_job.py:190} INFO - Processing /Users/garonsmith/Desktop/airflow_study/airflow-etl-explore/.venv/lib/python3.8/site-packages/airflow/example_dags/example_xcom.py took 0.054 seconds
[2021-04-06 18:39:25,239] {scheduler_job.py:182} INFO - Started process (PID=18764) to work on /Users/garonsmith/Desktop/airflow_study/airflow-etl-explore/.venv/lib/python3.8/site-packages/airflow/example_dags/example_xcom.py
[2021-04-06 18:39:25,240] {scheduler_job.py:629} INFO - Processing file /Users/garonsmith/Desktop/airflow_study/airflow-etl-explore/.venv/lib/python3.8/site-packages/airflow/example_dags/example_xcom.py for tasks to queue
[2021-04-06 18:39:25,241] {logging_mixin.py:104} INFO - [2021-04-06 18:39:25,241] {dagbag.py:448} INFO - Filling up the DagBag from /Users/garonsmith/Desktop/airflow_study/airflow-etl-explore/.venv/lib/python3.8/site-packages/airflow/example_dags/example_xcom.py
[2021-04-06 18:39:25,245] {scheduler_job.py:639} INFO - DAG(s) dict_keys(['example_xcom']) retrieved from /Users/garonsmith/Desktop/airflow_study/airflow-etl-explore/.venv/lib/python3.8/site-packages/airflow/example_dags/example_xcom.py
[2021-04-06 18:39:25,292] {logging_mixin.py:104} INFO - [2021-04-06 18:39:25,292] {dag.py:1818} INFO - Sync 1 DAGs
[2021-04-06 18:39:25,316] {logging_mixin.py:104} INFO - [2021-04-06 18:39:25,316] {dag.py:2273} INFO - Setting next_dagrun for example_xcom to 2021-04-04 00:00:00+00:00
[2021-04-06 18:39:25,320] {scheduler_job.py:190} INFO - Processing /Users/garonsmith/Desktop/airflow_study/airflow-etl-explore/.venv/lib/python3.8/site-packages/airflow/example_dags/example_xcom.py took 0.081 seconds
[2021-04-06 18:39:56,531] {scheduler_job.py:182} INFO - Started process (PID=18878) to work on /Users/garonsmith/Desktop/airflow_study/airflow-etl-explore/.venv/lib/python3.8/site-packages/airflow/example_dags/example_xcom.py
[2021-04-06 18:39:56,532] {scheduler_job.py:629} INFO - Processing file /Users/garonsmith/Desktop/airflow_study/airflow-etl-explore/.venv/lib/python3.8/site-packages/airflow/example_dags/example_xcom.py for tasks to queue
[2021-04-06 18:39:56,532] {logging_mixin.py:104} INFO - [2021-04-06 18:39:56,532] {dagbag.py:448} INFO - Filling up the DagBag from /Users/garonsmith/Desktop/airflow_study/airflow-etl-explore/.venv/lib/python3.8/site-packages/airflow/example_dags/example_xcom.py
[2021-04-06 18:39:56,537] {scheduler_job.py:639} INFO - DAG(s) dict_keys(['example_xcom']) retrieved from /Users/garonsmith/Desktop/airflow_study/airflow-etl-explore/.venv/lib/python3.8/site-packages/airflow/example_dags/example_xcom.py
[2021-04-06 18:39:56,585] {logging_mixin.py:104} INFO - [2021-04-06 18:39:56,585] {dag.py:1818} INFO - Sync 1 DAGs
[2021-04-06 18:39:56,592] {logging_mixin.py:104} INFO - [2021-04-06 18:39:56,592] {dag.py:2273} INFO - Setting next_dagrun for example_xcom to 2021-04-04 00:00:00+00:00
[2021-04-06 18:39:56,596] {scheduler_job.py:190} INFO - Processing /Users/garonsmith/Desktop/airflow_study/airflow-etl-explore/.venv/lib/python3.8/site-packages/airflow/example_dags/example_xcom.py took 0.066 seconds
[2021-04-06 18:40:27,985] {scheduler_job.py:182} INFO - Started process (PID=18977) to work on /Users/garonsmith/Desktop/airflow_study/airflow-etl-explore/.venv/lib/python3.8/site-packages/airflow/example_dags/example_xcom.py
[2021-04-06 18:40:27,985] {scheduler_job.py:629} INFO - Processing file /Users/garonsmith/Desktop/airflow_study/airflow-etl-explore/.venv/lib/python3.8/site-packages/airflow/example_dags/example_xcom.py for tasks to queue
[2021-04-06 18:40:27,985] {logging_mixin.py:104} INFO - [2021-04-06 18:40:27,985] {dagbag.py:448} INFO - Filling up the DagBag from /Users/garonsmith/Desktop/airflow_study/airflow-etl-explore/.venv/lib/python3.8/site-packages/airflow/example_dags/example_xcom.py
[2021-04-06 18:40:27,989] {scheduler_job.py:639} INFO - DAG(s) dict_keys(['example_xcom']) retrieved from /Users/garonsmith/Desktop/airflow_study/airflow-etl-explore/.venv/lib/python3.8/site-packages/airflow/example_dags/example_xcom.py
[2021-04-06 18:40:28,027] {logging_mixin.py:104} INFO - [2021-04-06 18:40:28,027] {dag.py:1818} INFO - Sync 1 DAGs
[2021-04-06 18:40:28,052] {logging_mixin.py:104} INFO - [2021-04-06 18:40:28,052] {dag.py:2273} INFO - Setting next_dagrun for example_xcom to 2021-04-04 00:00:00+00:00
[2021-04-06 18:40:28,056] {scheduler_job.py:190} INFO - Processing /Users/garonsmith/Desktop/airflow_study/airflow-etl-explore/.venv/lib/python3.8/site-packages/airflow/example_dags/example_xcom.py took 0.072 seconds
[2021-04-06 18:40:59,690] {scheduler_job.py:182} INFO - Started process (PID=19062) to work on /Users/garonsmith/Desktop/airflow_study/airflow-etl-explore/.venv/lib/python3.8/site-packages/airflow/example_dags/example_xcom.py
[2021-04-06 18:40:59,690] {scheduler_job.py:629} INFO - Processing file /Users/garonsmith/Desktop/airflow_study/airflow-etl-explore/.venv/lib/python3.8/site-packages/airflow/example_dags/example_xcom.py for tasks to queue
[2021-04-06 18:40:59,691] {logging_mixin.py:104} INFO - [2021-04-06 18:40:59,691] {dagbag.py:448} INFO - Filling up the DagBag from /Users/garonsmith/Desktop/airflow_study/airflow-etl-explore/.venv/lib/python3.8/site-packages/airflow/example_dags/example_xcom.py
[2021-04-06 18:40:59,695] {scheduler_job.py:639} INFO - DAG(s) dict_keys(['example_xcom']) retrieved from /Users/garonsmith/Desktop/airflow_study/airflow-etl-explore/.venv/lib/python3.8/site-packages/airflow/example_dags/example_xcom.py
[2021-04-06 18:40:59,724] {logging_mixin.py:104} INFO - [2021-04-06 18:40:59,724] {dag.py:1818} INFO - Sync 1 DAGs
[2021-04-06 18:40:59,729] {logging_mixin.py:104} INFO - [2021-04-06 18:40:59,729] {dag.py:2273} INFO - Setting next_dagrun for example_xcom to 2021-04-04 00:00:00+00:00
[2021-04-06 18:40:59,750] {scheduler_job.py:190} INFO - Processing /Users/garonsmith/Desktop/airflow_study/airflow-etl-explore/.venv/lib/python3.8/site-packages/airflow/example_dags/example_xcom.py took 0.061 seconds
[2021-04-06 18:41:31,072] {scheduler_job.py:182} INFO - Started process (PID=19155) to work on /Users/garonsmith/Desktop/airflow_study/airflow-etl-explore/.venv/lib/python3.8/site-packages/airflow/example_dags/example_xcom.py
[2021-04-06 18:41:31,073] {scheduler_job.py:629} INFO - Processing file /Users/garonsmith/Desktop/airflow_study/airflow-etl-explore/.venv/lib/python3.8/site-packages/airflow/example_dags/example_xcom.py for tasks to queue
[2021-04-06 18:41:31,073] {logging_mixin.py:104} INFO - [2021-04-06 18:41:31,073] {dagbag.py:448} INFO - Filling up the DagBag from /Users/garonsmith/Desktop/airflow_study/airflow-etl-explore/.venv/lib/python3.8/site-packages/airflow/example_dags/example_xcom.py
[2021-04-06 18:41:31,079] {scheduler_job.py:639} INFO - DAG(s) dict_keys(['example_xcom']) retrieved from /Users/garonsmith/Desktop/airflow_study/airflow-etl-explore/.venv/lib/python3.8/site-packages/airflow/example_dags/example_xcom.py
[2021-04-06 18:41:31,149] {logging_mixin.py:104} INFO - [2021-04-06 18:41:31,149] {dag.py:1818} INFO - Sync 1 DAGs
[2021-04-06 18:41:31,157] {logging_mixin.py:104} INFO - [2021-04-06 18:41:31,157] {dag.py:2273} INFO - Setting next_dagrun for example_xcom to 2021-04-04 00:00:00+00:00
[2021-04-06 18:41:31,161] {scheduler_job.py:190} INFO - Processing /Users/garonsmith/Desktop/airflow_study/airflow-etl-explore/.venv/lib/python3.8/site-packages/airflow/example_dags/example_xcom.py took 0.090 seconds
[2021-04-06 18:42:01,843] {scheduler_job.py:182} INFO - Started process (PID=19258) to work on /Users/garonsmith/Desktop/airflow_study/airflow-etl-explore/.venv/lib/python3.8/site-packages/airflow/example_dags/example_xcom.py
[2021-04-06 18:42:01,843] {scheduler_job.py:629} INFO - Processing file /Users/garonsmith/Desktop/airflow_study/airflow-etl-explore/.venv/lib/python3.8/site-packages/airflow/example_dags/example_xcom.py for tasks to queue
[2021-04-06 18:42:01,843] {logging_mixin.py:104} INFO - [2021-04-06 18:42:01,843] {dagbag.py:448} INFO - Filling up the DagBag from /Users/garonsmith/Desktop/airflow_study/airflow-etl-explore/.venv/lib/python3.8/site-packages/airflow/example_dags/example_xcom.py
[2021-04-06 18:42:01,849] {scheduler_job.py:639} INFO - DAG(s) dict_keys(['example_xcom']) retrieved from /Users/garonsmith/Desktop/airflow_study/airflow-etl-explore/.venv/lib/python3.8/site-packages/airflow/example_dags/example_xcom.py
[2021-04-06 18:42:01,881] {logging_mixin.py:104} INFO - [2021-04-06 18:42:01,881] {dag.py:1818} INFO - Sync 1 DAGs
[2021-04-06 18:42:01,905] {logging_mixin.py:104} INFO - [2021-04-06 18:42:01,905] {dag.py:2273} INFO - Setting next_dagrun for example_xcom to 2021-04-04 00:00:00+00:00
[2021-04-06 18:42:01,910] {scheduler_job.py:190} INFO - Processing /Users/garonsmith/Desktop/airflow_study/airflow-etl-explore/.venv/lib/python3.8/site-packages/airflow/example_dags/example_xcom.py took 0.067 seconds
[2021-04-06 18:42:32,980] {scheduler_job.py:182} INFO - Started process (PID=19349) to work on /Users/garonsmith/Desktop/airflow_study/airflow-etl-explore/.venv/lib/python3.8/site-packages/airflow/example_dags/example_xcom.py
[2021-04-06 18:42:32,980] {scheduler_job.py:629} INFO - Processing file /Users/garonsmith/Desktop/airflow_study/airflow-etl-explore/.venv/lib/python3.8/site-packages/airflow/example_dags/example_xcom.py for tasks to queue
[2021-04-06 18:42:32,981] {logging_mixin.py:104} INFO - [2021-04-06 18:42:32,981] {dagbag.py:448} INFO - Filling up the DagBag from /Users/garonsmith/Desktop/airflow_study/airflow-etl-explore/.venv/lib/python3.8/site-packages/airflow/example_dags/example_xcom.py
[2021-04-06 18:42:32,986] {scheduler_job.py:639} INFO - DAG(s) dict_keys(['example_xcom']) retrieved from /Users/garonsmith/Desktop/airflow_study/airflow-etl-explore/.venv/lib/python3.8/site-packages/airflow/example_dags/example_xcom.py
[2021-04-06 18:42:33,030] {logging_mixin.py:104} INFO - [2021-04-06 18:42:33,030] {dag.py:1818} INFO - Sync 1 DAGs
[2021-04-06 18:42:33,055] {logging_mixin.py:104} INFO - [2021-04-06 18:42:33,054] {dag.py:2273} INFO - Setting next_dagrun for example_xcom to 2021-04-04 00:00:00+00:00
[2021-04-06 18:42:33,059] {scheduler_job.py:190} INFO - Processing /Users/garonsmith/Desktop/airflow_study/airflow-etl-explore/.venv/lib/python3.8/site-packages/airflow/example_dags/example_xcom.py took 0.079 seconds
[2021-04-06 18:43:04,150] {scheduler_job.py:182} INFO - Started process (PID=19437) to work on /Users/garonsmith/Desktop/airflow_study/airflow-etl-explore/.venv/lib/python3.8/site-packages/airflow/example_dags/example_xcom.py
[2021-04-06 18:43:04,150] {scheduler_job.py:629} INFO - Processing file /Users/garonsmith/Desktop/airflow_study/airflow-etl-explore/.venv/lib/python3.8/site-packages/airflow/example_dags/example_xcom.py for tasks to queue
[2021-04-06 18:43:04,151] {logging_mixin.py:104} INFO - [2021-04-06 18:43:04,150] {dagbag.py:448} INFO - Filling up the DagBag from /Users/garonsmith/Desktop/airflow_study/airflow-etl-explore/.venv/lib/python3.8/site-packages/airflow/example_dags/example_xcom.py
[2021-04-06 18:43:04,156] {scheduler_job.py:639} INFO - DAG(s) dict_keys(['example_xcom']) retrieved from /Users/garonsmith/Desktop/airflow_study/airflow-etl-explore/.venv/lib/python3.8/site-packages/airflow/example_dags/example_xcom.py
[2021-04-06 18:43:04,201] {logging_mixin.py:104} INFO - [2021-04-06 18:43:04,201] {dag.py:1818} INFO - Sync 1 DAGs
[2021-04-06 18:43:04,210] {logging_mixin.py:104} INFO - [2021-04-06 18:43:04,210] {dag.py:2273} INFO - Setting next_dagrun for example_xcom to 2021-04-04 00:00:00+00:00
[2021-04-06 18:43:04,214] {scheduler_job.py:190} INFO - Processing /Users/garonsmith/Desktop/airflow_study/airflow-etl-explore/.venv/lib/python3.8/site-packages/airflow/example_dags/example_xcom.py took 0.065 seconds
[2021-04-06 18:43:35,434] {scheduler_job.py:182} INFO - Started process (PID=19554) to work on /Users/garonsmith/Desktop/airflow_study/airflow-etl-explore/.venv/lib/python3.8/site-packages/airflow/example_dags/example_xcom.py
[2021-04-06 18:43:35,435] {scheduler_job.py:629} INFO - Processing file /Users/garonsmith/Desktop/airflow_study/airflow-etl-explore/.venv/lib/python3.8/site-packages/airflow/example_dags/example_xcom.py for tasks to queue
[2021-04-06 18:43:35,435] {logging_mixin.py:104} INFO - [2021-04-06 18:43:35,435] {dagbag.py:448} INFO - Filling up the DagBag from /Users/garonsmith/Desktop/airflow_study/airflow-etl-explore/.venv/lib/python3.8/site-packages/airflow/example_dags/example_xcom.py
[2021-04-06 18:43:35,441] {scheduler_job.py:639} INFO - DAG(s) dict_keys(['example_xcom']) retrieved from /Users/garonsmith/Desktop/airflow_study/airflow-etl-explore/.venv/lib/python3.8/site-packages/airflow/example_dags/example_xcom.py
[2021-04-06 18:43:35,483] {logging_mixin.py:104} INFO - [2021-04-06 18:43:35,483] {dag.py:1818} INFO - Sync 1 DAGs
[2021-04-06 18:43:35,506] {logging_mixin.py:104} INFO - [2021-04-06 18:43:35,506] {dag.py:2273} INFO - Setting next_dagrun for example_xcom to 2021-04-04 00:00:00+00:00
[2021-04-06 18:43:35,511] {scheduler_job.py:190} INFO - Processing /Users/garonsmith/Desktop/airflow_study/airflow-etl-explore/.venv/lib/python3.8/site-packages/airflow/example_dags/example_xcom.py took 0.077 seconds
[2021-04-06 18:43:49,939] {scheduler_job.py:182} INFO - Started process (PID=19630) to work on /Users/garonsmith/Desktop/airflow_study/airflow-etl-explore/.venv/lib/python3.8/site-packages/airflow/example_dags/example_xcom.py
[2021-04-06 18:43:49,939] {scheduler_job.py:629} INFO - Processing file /Users/garonsmith/Desktop/airflow_study/airflow-etl-explore/.venv/lib/python3.8/site-packages/airflow/example_dags/example_xcom.py for tasks to queue
[2021-04-06 18:43:49,940] {logging_mixin.py:104} INFO - [2021-04-06 18:43:49,939] {dagbag.py:448} INFO - Filling up the DagBag from /Users/garonsmith/Desktop/airflow_study/airflow-etl-explore/.venv/lib/python3.8/site-packages/airflow/example_dags/example_xcom.py
[2021-04-06 18:43:49,945] {scheduler_job.py:639} INFO - DAG(s) dict_keys(['example_xcom']) retrieved from /Users/garonsmith/Desktop/airflow_study/airflow-etl-explore/.venv/lib/python3.8/site-packages/airflow/example_dags/example_xcom.py
[2021-04-06 18:43:49,982] {logging_mixin.py:104} INFO - [2021-04-06 18:43:49,982] {dag.py:1818} INFO - Sync 1 DAGs
[2021-04-06 18:43:50,009] {logging_mixin.py:104} INFO - [2021-04-06 18:43:50,009] {dag.py:2273} INFO - Setting next_dagrun for example_xcom to 2021-04-04 00:00:00+00:00
[2021-04-06 18:43:50,014] {scheduler_job.py:190} INFO - Processing /Users/garonsmith/Desktop/airflow_study/airflow-etl-explore/.venv/lib/python3.8/site-packages/airflow/example_dags/example_xcom.py took 0.076 seconds
[2021-04-06 18:44:20,801] {scheduler_job.py:182} INFO - Started process (PID=19718) to work on /Users/garonsmith/Desktop/airflow_study/airflow-etl-explore/.venv/lib/python3.8/site-packages/airflow/example_dags/example_xcom.py
[2021-04-06 18:44:20,801] {scheduler_job.py:629} INFO - Processing file /Users/garonsmith/Desktop/airflow_study/airflow-etl-explore/.venv/lib/python3.8/site-packages/airflow/example_dags/example_xcom.py for tasks to queue
[2021-04-06 18:44:20,801] {logging_mixin.py:104} INFO - [2021-04-06 18:44:20,801] {dagbag.py:448} INFO - Filling up the DagBag from /Users/garonsmith/Desktop/airflow_study/airflow-etl-explore/.venv/lib/python3.8/site-packages/airflow/example_dags/example_xcom.py
[2021-04-06 18:44:20,806] {scheduler_job.py:639} INFO - DAG(s) dict_keys(['example_xcom']) retrieved from /Users/garonsmith/Desktop/airflow_study/airflow-etl-explore/.venv/lib/python3.8/site-packages/airflow/example_dags/example_xcom.py
[2021-04-06 18:44:20,853] {logging_mixin.py:104} INFO - [2021-04-06 18:44:20,853] {dag.py:1818} INFO - Sync 1 DAGs
[2021-04-06 18:44:20,859] {logging_mixin.py:104} INFO - [2021-04-06 18:44:20,859] {dag.py:2273} INFO - Setting next_dagrun for example_xcom to 2021-04-04 00:00:00+00:00
[2021-04-06 18:44:20,863] {scheduler_job.py:190} INFO - Processing /Users/garonsmith/Desktop/airflow_study/airflow-etl-explore/.venv/lib/python3.8/site-packages/airflow/example_dags/example_xcom.py took 0.063 seconds
[2021-04-06 18:44:51,480] {scheduler_job.py:182} INFO - Started process (PID=19802) to work on /Users/garonsmith/Desktop/airflow_study/airflow-etl-explore/.venv/lib/python3.8/site-packages/airflow/example_dags/example_xcom.py
[2021-04-06 18:44:51,480] {scheduler_job.py:629} INFO - Processing file /Users/garonsmith/Desktop/airflow_study/airflow-etl-explore/.venv/lib/python3.8/site-packages/airflow/example_dags/example_xcom.py for tasks to queue
[2021-04-06 18:44:51,480] {logging_mixin.py:104} INFO - [2021-04-06 18:44:51,480] {dagbag.py:448} INFO - Filling up the DagBag from /Users/garonsmith/Desktop/airflow_study/airflow-etl-explore/.venv/lib/python3.8/site-packages/airflow/example_dags/example_xcom.py
[2021-04-06 18:44:51,484] {scheduler_job.py:639} INFO - DAG(s) dict_keys(['example_xcom']) retrieved from /Users/garonsmith/Desktop/airflow_study/airflow-etl-explore/.venv/lib/python3.8/site-packages/airflow/example_dags/example_xcom.py
[2021-04-06 18:44:51,529] {logging_mixin.py:104} INFO - [2021-04-06 18:44:51,529] {dag.py:1818} INFO - Sync 1 DAGs
[2021-04-06 18:44:51,535] {logging_mixin.py:104} INFO - [2021-04-06 18:44:51,535] {dag.py:2273} INFO - Setting next_dagrun for example_xcom to 2021-04-04 00:00:00+00:00
[2021-04-06 18:44:51,555] {scheduler_job.py:190} INFO - Processing /Users/garonsmith/Desktop/airflow_study/airflow-etl-explore/.venv/lib/python3.8/site-packages/airflow/example_dags/example_xcom.py took 0.076 seconds
[2021-04-06 18:45:22,691] {scheduler_job.py:182} INFO - Started process (PID=19888) to work on /Users/garonsmith/Desktop/airflow_study/airflow-etl-explore/.venv/lib/python3.8/site-packages/airflow/example_dags/example_xcom.py
[2021-04-06 18:45:22,692] {scheduler_job.py:629} INFO - Processing file /Users/garonsmith/Desktop/airflow_study/airflow-etl-explore/.venv/lib/python3.8/site-packages/airflow/example_dags/example_xcom.py for tasks to queue
[2021-04-06 18:45:22,692] {logging_mixin.py:104} INFO - [2021-04-06 18:45:22,692] {dagbag.py:448} INFO - Filling up the DagBag from /Users/garonsmith/Desktop/airflow_study/airflow-etl-explore/.venv/lib/python3.8/site-packages/airflow/example_dags/example_xcom.py
[2021-04-06 18:45:22,696] {scheduler_job.py:639} INFO - DAG(s) dict_keys(['example_xcom']) retrieved from /Users/garonsmith/Desktop/airflow_study/airflow-etl-explore/.venv/lib/python3.8/site-packages/airflow/example_dags/example_xcom.py
[2021-04-06 18:45:22,736] {logging_mixin.py:104} INFO - [2021-04-06 18:45:22,735] {dag.py:1818} INFO - Sync 1 DAGs
[2021-04-06 18:45:22,758] {logging_mixin.py:104} INFO - [2021-04-06 18:45:22,758] {dag.py:2273} INFO - Setting next_dagrun for example_xcom to 2021-04-04 00:00:00+00:00
[2021-04-06 18:45:22,762] {scheduler_job.py:190} INFO - Processing /Users/garonsmith/Desktop/airflow_study/airflow-etl-explore/.venv/lib/python3.8/site-packages/airflow/example_dags/example_xcom.py took 0.071 seconds
[2021-04-06 18:45:53,801] {scheduler_job.py:182} INFO - Started process (PID=19984) to work on /Users/garonsmith/Desktop/airflow_study/airflow-etl-explore/.venv/lib/python3.8/site-packages/airflow/example_dags/example_xcom.py
[2021-04-06 18:45:53,801] {scheduler_job.py:629} INFO - Processing file /Users/garonsmith/Desktop/airflow_study/airflow-etl-explore/.venv/lib/python3.8/site-packages/airflow/example_dags/example_xcom.py for tasks to queue
[2021-04-06 18:45:53,801] {logging_mixin.py:104} INFO - [2021-04-06 18:45:53,801] {dagbag.py:448} INFO - Filling up the DagBag from /Users/garonsmith/Desktop/airflow_study/airflow-etl-explore/.venv/lib/python3.8/site-packages/airflow/example_dags/example_xcom.py
[2021-04-06 18:45:53,807] {scheduler_job.py:639} INFO - DAG(s) dict_keys(['example_xcom']) retrieved from /Users/garonsmith/Desktop/airflow_study/airflow-etl-explore/.venv/lib/python3.8/site-packages/airflow/example_dags/example_xcom.py
[2021-04-06 18:45:53,855] {logging_mixin.py:104} INFO - [2021-04-06 18:45:53,855] {dag.py:1818} INFO - Sync 1 DAGs
[2021-04-06 18:45:53,863] {logging_mixin.py:104} INFO - [2021-04-06 18:45:53,863] {dag.py:2273} INFO - Setting next_dagrun for example_xcom to 2021-04-04 00:00:00+00:00
[2021-04-06 18:45:53,868] {scheduler_job.py:190} INFO - Processing /Users/garonsmith/Desktop/airflow_study/airflow-etl-explore/.venv/lib/python3.8/site-packages/airflow/example_dags/example_xcom.py took 0.067 seconds
[2021-04-06 18:46:24,678] {scheduler_job.py:182} INFO - Started process (PID=20074) to work on /Users/garonsmith/Desktop/airflow_study/airflow-etl-explore/.venv/lib/python3.8/site-packages/airflow/example_dags/example_xcom.py
[2021-04-06 18:46:24,679] {scheduler_job.py:629} INFO - Processing file /Users/garonsmith/Desktop/airflow_study/airflow-etl-explore/.venv/lib/python3.8/site-packages/airflow/example_dags/example_xcom.py for tasks to queue
[2021-04-06 18:46:24,679] {logging_mixin.py:104} INFO - [2021-04-06 18:46:24,679] {dagbag.py:448} INFO - Filling up the DagBag from /Users/garonsmith/Desktop/airflow_study/airflow-etl-explore/.venv/lib/python3.8/site-packages/airflow/example_dags/example_xcom.py
[2021-04-06 18:46:24,683] {scheduler_job.py:639} INFO - DAG(s) dict_keys(['example_xcom']) retrieved from /Users/garonsmith/Desktop/airflow_study/airflow-etl-explore/.venv/lib/python3.8/site-packages/airflow/example_dags/example_xcom.py
[2021-04-06 18:46:24,731] {logging_mixin.py:104} INFO - [2021-04-06 18:46:24,731] {dag.py:1818} INFO - Sync 1 DAGs
[2021-04-06 18:46:24,738] {logging_mixin.py:104} INFO - [2021-04-06 18:46:24,738] {dag.py:2273} INFO - Setting next_dagrun for example_xcom to 2021-04-04 00:00:00+00:00
[2021-04-06 18:46:24,759] {scheduler_job.py:190} INFO - Processing /Users/garonsmith/Desktop/airflow_study/airflow-etl-explore/.venv/lib/python3.8/site-packages/airflow/example_dags/example_xcom.py took 0.081 seconds
[2021-04-06 18:46:55,759] {scheduler_job.py:182} INFO - Started process (PID=20162) to work on /Users/garonsmith/Desktop/airflow_study/airflow-etl-explore/.venv/lib/python3.8/site-packages/airflow/example_dags/example_xcom.py
[2021-04-06 18:46:55,760] {scheduler_job.py:629} INFO - Processing file /Users/garonsmith/Desktop/airflow_study/airflow-etl-explore/.venv/lib/python3.8/site-packages/airflow/example_dags/example_xcom.py for tasks to queue
[2021-04-06 18:46:55,760] {logging_mixin.py:104} INFO - [2021-04-06 18:46:55,760] {dagbag.py:448} INFO - Filling up the DagBag from /Users/garonsmith/Desktop/airflow_study/airflow-etl-explore/.venv/lib/python3.8/site-packages/airflow/example_dags/example_xcom.py
[2021-04-06 18:46:55,764] {scheduler_job.py:639} INFO - DAG(s) dict_keys(['example_xcom']) retrieved from /Users/garonsmith/Desktop/airflow_study/airflow-etl-explore/.venv/lib/python3.8/site-packages/airflow/example_dags/example_xcom.py
[2021-04-06 18:46:55,807] {logging_mixin.py:104} INFO - [2021-04-06 18:46:55,807] {dag.py:1818} INFO - Sync 1 DAGs
[2021-04-06 18:46:55,815] {logging_mixin.py:104} INFO - [2021-04-06 18:46:55,815] {dag.py:2273} INFO - Setting next_dagrun for example_xcom to 2021-04-04 00:00:00+00:00
[2021-04-06 18:46:55,819] {scheduler_job.py:190} INFO - Processing /Users/garonsmith/Desktop/airflow_study/airflow-etl-explore/.venv/lib/python3.8/site-packages/airflow/example_dags/example_xcom.py took 0.060 seconds
[2021-04-06 18:47:26,708] {scheduler_job.py:182} INFO - Started process (PID=20248) to work on /Users/garonsmith/Desktop/airflow_study/airflow-etl-explore/.venv/lib/python3.8/site-packages/airflow/example_dags/example_xcom.py
[2021-04-06 18:47:26,708] {scheduler_job.py:629} INFO - Processing file /Users/garonsmith/Desktop/airflow_study/airflow-etl-explore/.venv/lib/python3.8/site-packages/airflow/example_dags/example_xcom.py for tasks to queue
[2021-04-06 18:47:26,709] {logging_mixin.py:104} INFO - [2021-04-06 18:47:26,709] {dagbag.py:448} INFO - Filling up the DagBag from /Users/garonsmith/Desktop/airflow_study/airflow-etl-explore/.venv/lib/python3.8/site-packages/airflow/example_dags/example_xcom.py
[2021-04-06 18:47:26,713] {scheduler_job.py:639} INFO - DAG(s) dict_keys(['example_xcom']) retrieved from /Users/garonsmith/Desktop/airflow_study/airflow-etl-explore/.venv/lib/python3.8/site-packages/airflow/example_dags/example_xcom.py
[2021-04-06 18:47:26,757] {logging_mixin.py:104} INFO - [2021-04-06 18:47:26,757] {dag.py:1818} INFO - Sync 1 DAGs
[2021-04-06 18:47:26,763] {logging_mixin.py:104} INFO - [2021-04-06 18:47:26,763] {dag.py:2273} INFO - Setting next_dagrun for example_xcom to 2021-04-04 00:00:00+00:00
[2021-04-06 18:47:26,768] {scheduler_job.py:190} INFO - Processing /Users/garonsmith/Desktop/airflow_study/airflow-etl-explore/.venv/lib/python3.8/site-packages/airflow/example_dags/example_xcom.py took 0.060 seconds
[2021-04-06 18:47:58,036] {scheduler_job.py:182} INFO - Started process (PID=20333) to work on /Users/garonsmith/Desktop/airflow_study/airflow-etl-explore/.venv/lib/python3.8/site-packages/airflow/example_dags/example_xcom.py
[2021-04-06 18:47:58,036] {scheduler_job.py:629} INFO - Processing file /Users/garonsmith/Desktop/airflow_study/airflow-etl-explore/.venv/lib/python3.8/site-packages/airflow/example_dags/example_xcom.py for tasks to queue
[2021-04-06 18:47:58,037] {logging_mixin.py:104} INFO - [2021-04-06 18:47:58,037] {dagbag.py:448} INFO - Filling up the DagBag from /Users/garonsmith/Desktop/airflow_study/airflow-etl-explore/.venv/lib/python3.8/site-packages/airflow/example_dags/example_xcom.py
[2021-04-06 18:47:58,041] {scheduler_job.py:639} INFO - DAG(s) dict_keys(['example_xcom']) retrieved from /Users/garonsmith/Desktop/airflow_study/airflow-etl-explore/.venv/lib/python3.8/site-packages/airflow/example_dags/example_xcom.py
[2021-04-06 18:47:58,088] {logging_mixin.py:104} INFO - [2021-04-06 18:47:58,088] {dag.py:1818} INFO - Sync 1 DAGs
[2021-04-06 18:47:58,113] {logging_mixin.py:104} INFO - [2021-04-06 18:47:58,113] {dag.py:2273} INFO - Setting next_dagrun for example_xcom to 2021-04-04 00:00:00+00:00
[2021-04-06 18:47:58,119] {scheduler_job.py:190} INFO - Processing /Users/garonsmith/Desktop/airflow_study/airflow-etl-explore/.venv/lib/python3.8/site-packages/airflow/example_dags/example_xcom.py took 0.083 seconds
[2021-04-06 18:48:29,006] {scheduler_job.py:182} INFO - Started process (PID=20420) to work on /Users/garonsmith/Desktop/airflow_study/airflow-etl-explore/.venv/lib/python3.8/site-packages/airflow/example_dags/example_xcom.py
[2021-04-06 18:48:29,007] {scheduler_job.py:629} INFO - Processing file /Users/garonsmith/Desktop/airflow_study/airflow-etl-explore/.venv/lib/python3.8/site-packages/airflow/example_dags/example_xcom.py for tasks to queue
[2021-04-06 18:48:29,007] {logging_mixin.py:104} INFO - [2021-04-06 18:48:29,007] {dagbag.py:448} INFO - Filling up the DagBag from /Users/garonsmith/Desktop/airflow_study/airflow-etl-explore/.venv/lib/python3.8/site-packages/airflow/example_dags/example_xcom.py
[2021-04-06 18:48:29,011] {scheduler_job.py:639} INFO - DAG(s) dict_keys(['example_xcom']) retrieved from /Users/garonsmith/Desktop/airflow_study/airflow-etl-explore/.venv/lib/python3.8/site-packages/airflow/example_dags/example_xcom.py
[2021-04-06 18:48:29,039] {logging_mixin.py:104} INFO - [2021-04-06 18:48:29,039] {dag.py:1818} INFO - Sync 1 DAGs
[2021-04-06 18:48:29,063] {logging_mixin.py:104} INFO - [2021-04-06 18:48:29,063] {dag.py:2273} INFO - Setting next_dagrun for example_xcom to 2021-04-04 00:00:00+00:00
[2021-04-06 18:48:29,067] {scheduler_job.py:190} INFO - Processing /Users/garonsmith/Desktop/airflow_study/airflow-etl-explore/.venv/lib/python3.8/site-packages/airflow/example_dags/example_xcom.py took 0.062 seconds
[2021-04-06 18:49:00,234] {scheduler_job.py:182} INFO - Started process (PID=20507) to work on /Users/garonsmith/Desktop/airflow_study/airflow-etl-explore/.venv/lib/python3.8/site-packages/airflow/example_dags/example_xcom.py
[2021-04-06 18:49:00,234] {scheduler_job.py:629} INFO - Processing file /Users/garonsmith/Desktop/airflow_study/airflow-etl-explore/.venv/lib/python3.8/site-packages/airflow/example_dags/example_xcom.py for tasks to queue
[2021-04-06 18:49:00,234] {logging_mixin.py:104} INFO - [2021-04-06 18:49:00,234] {dagbag.py:448} INFO - Filling up the DagBag from /Users/garonsmith/Desktop/airflow_study/airflow-etl-explore/.venv/lib/python3.8/site-packages/airflow/example_dags/example_xcom.py
[2021-04-06 18:49:00,239] {scheduler_job.py:639} INFO - DAG(s) dict_keys(['example_xcom']) retrieved from /Users/garonsmith/Desktop/airflow_study/airflow-etl-explore/.venv/lib/python3.8/site-packages/airflow/example_dags/example_xcom.py
[2021-04-06 18:49:00,289] {logging_mixin.py:104} INFO - [2021-04-06 18:49:00,288] {dag.py:1818} INFO - Sync 1 DAGs
[2021-04-06 18:49:00,313] {logging_mixin.py:104} INFO - [2021-04-06 18:49:00,313] {dag.py:2273} INFO - Setting next_dagrun for example_xcom to 2021-04-04 00:00:00+00:00
[2021-04-06 18:49:00,319] {scheduler_job.py:190} INFO - Processing /Users/garonsmith/Desktop/airflow_study/airflow-etl-explore/.venv/lib/python3.8/site-packages/airflow/example_dags/example_xcom.py took 0.086 seconds
[2021-04-06 18:49:06,045] {scheduler_job.py:182} INFO - Started process (PID=20578) to work on /Users/garonsmith/Desktop/airflow_study/airflow-etl-explore/.venv/lib/python3.8/site-packages/airflow/example_dags/example_xcom.py
[2021-04-06 18:49:06,045] {scheduler_job.py:629} INFO - Processing file /Users/garonsmith/Desktop/airflow_study/airflow-etl-explore/.venv/lib/python3.8/site-packages/airflow/example_dags/example_xcom.py for tasks to queue
[2021-04-06 18:49:06,045] {logging_mixin.py:104} INFO - [2021-04-06 18:49:06,045] {dagbag.py:448} INFO - Filling up the DagBag from /Users/garonsmith/Desktop/airflow_study/airflow-etl-explore/.venv/lib/python3.8/site-packages/airflow/example_dags/example_xcom.py
[2021-04-06 18:49:06,051] {scheduler_job.py:639} INFO - DAG(s) dict_keys(['example_xcom']) retrieved from /Users/garonsmith/Desktop/airflow_study/airflow-etl-explore/.venv/lib/python3.8/site-packages/airflow/example_dags/example_xcom.py
[2021-04-06 18:49:06,090] {logging_mixin.py:104} INFO - [2021-04-06 18:49:06,089] {dag.py:1818} INFO - Sync 1 DAGs
[2021-04-06 18:49:06,114] {logging_mixin.py:104} INFO - [2021-04-06 18:49:06,114] {dag.py:2273} INFO - Setting next_dagrun for example_xcom to 2021-04-04 00:00:00+00:00
[2021-04-06 18:49:06,119] {scheduler_job.py:190} INFO - Processing /Users/garonsmith/Desktop/airflow_study/airflow-etl-explore/.venv/lib/python3.8/site-packages/airflow/example_dags/example_xcom.py took 0.075 seconds
[2021-04-06 18:49:31,208] {scheduler_job.py:182} INFO - Started process (PID=20683) to work on /Users/garonsmith/Desktop/airflow_study/airflow-etl-explore/.venv/lib/python3.8/site-packages/airflow/example_dags/example_xcom.py
[2021-04-06 18:49:31,209] {scheduler_job.py:629} INFO - Processing file /Users/garonsmith/Desktop/airflow_study/airflow-etl-explore/.venv/lib/python3.8/site-packages/airflow/example_dags/example_xcom.py for tasks to queue
[2021-04-06 18:49:31,210] {logging_mixin.py:104} INFO - [2021-04-06 18:49:31,210] {dagbag.py:448} INFO - Filling up the DagBag from /Users/garonsmith/Desktop/airflow_study/airflow-etl-explore/.venv/lib/python3.8/site-packages/airflow/example_dags/example_xcom.py
[2021-04-06 18:49:31,215] {scheduler_job.py:639} INFO - DAG(s) dict_keys(['example_xcom']) retrieved from /Users/garonsmith/Desktop/airflow_study/airflow-etl-explore/.venv/lib/python3.8/site-packages/airflow/example_dags/example_xcom.py
[2021-04-06 18:49:31,261] {logging_mixin.py:104} INFO - [2021-04-06 18:49:31,260] {dag.py:1818} INFO - Sync 1 DAGs
[2021-04-06 18:49:31,270] {logging_mixin.py:104} INFO - [2021-04-06 18:49:31,270] {dag.py:2273} INFO - Setting next_dagrun for example_xcom to 2021-04-04 00:00:00+00:00
[2021-04-06 18:49:31,275] {scheduler_job.py:190} INFO - Processing /Users/garonsmith/Desktop/airflow_study/airflow-etl-explore/.venv/lib/python3.8/site-packages/airflow/example_dags/example_xcom.py took 0.067 seconds
[2021-04-06 18:49:37,151] {scheduler_job.py:182} INFO - Started process (PID=20745) to work on /Users/garonsmith/Desktop/airflow_study/airflow-etl-explore/.venv/lib/python3.8/site-packages/airflow/example_dags/example_xcom.py
[2021-04-06 18:49:37,151] {scheduler_job.py:629} INFO - Processing file /Users/garonsmith/Desktop/airflow_study/airflow-etl-explore/.venv/lib/python3.8/site-packages/airflow/example_dags/example_xcom.py for tasks to queue
[2021-04-06 18:49:37,151] {logging_mixin.py:104} INFO - [2021-04-06 18:49:37,151] {dagbag.py:448} INFO - Filling up the DagBag from /Users/garonsmith/Desktop/airflow_study/airflow-etl-explore/.venv/lib/python3.8/site-packages/airflow/example_dags/example_xcom.py
[2021-04-06 18:49:37,157] {scheduler_job.py:639} INFO - DAG(s) dict_keys(['example_xcom']) retrieved from /Users/garonsmith/Desktop/airflow_study/airflow-etl-explore/.venv/lib/python3.8/site-packages/airflow/example_dags/example_xcom.py
[2021-04-06 18:49:37,191] {logging_mixin.py:104} INFO - [2021-04-06 18:49:37,191] {dag.py:1818} INFO - Sync 1 DAGs
[2021-04-06 18:49:37,215] {logging_mixin.py:104} INFO - [2021-04-06 18:49:37,215] {dag.py:2273} INFO - Setting next_dagrun for example_xcom to 2021-04-04 00:00:00+00:00
[2021-04-06 18:49:37,220] {scheduler_job.py:190} INFO - Processing /Users/garonsmith/Desktop/airflow_study/airflow-etl-explore/.venv/lib/python3.8/site-packages/airflow/example_dags/example_xcom.py took 0.070 seconds
[2021-04-06 18:50:02,211] {scheduler_job.py:182} INFO - Started process (PID=20859) to work on /Users/garonsmith/Desktop/airflow_study/airflow-etl-explore/.venv/lib/python3.8/site-packages/airflow/example_dags/example_xcom.py
[2021-04-06 18:50:02,211] {scheduler_job.py:629} INFO - Processing file /Users/garonsmith/Desktop/airflow_study/airflow-etl-explore/.venv/lib/python3.8/site-packages/airflow/example_dags/example_xcom.py for tasks to queue
[2021-04-06 18:50:02,215] {logging_mixin.py:104} INFO - [2021-04-06 18:50:02,215] {dagbag.py:448} INFO - Filling up the DagBag from /Users/garonsmith/Desktop/airflow_study/airflow-etl-explore/.venv/lib/python3.8/site-packages/airflow/example_dags/example_xcom.py
[2021-04-06 18:50:02,220] {scheduler_job.py:639} INFO - DAG(s) dict_keys(['example_xcom']) retrieved from /Users/garonsmith/Desktop/airflow_study/airflow-etl-explore/.venv/lib/python3.8/site-packages/airflow/example_dags/example_xcom.py
[2021-04-06 18:50:02,261] {logging_mixin.py:104} INFO - [2021-04-06 18:50:02,261] {dag.py:1818} INFO - Sync 1 DAGs
[2021-04-06 18:50:02,271] {logging_mixin.py:104} INFO - [2021-04-06 18:50:02,270] {dag.py:2273} INFO - Setting next_dagrun for example_xcom to 2021-04-04 00:00:00+00:00
[2021-04-06 18:50:02,275] {scheduler_job.py:190} INFO - Processing /Users/garonsmith/Desktop/airflow_study/airflow-etl-explore/.venv/lib/python3.8/site-packages/airflow/example_dags/example_xcom.py took 0.065 seconds
[2021-04-06 18:50:07,924] {scheduler_job.py:182} INFO - Started process (PID=20918) to work on /Users/garonsmith/Desktop/airflow_study/airflow-etl-explore/.venv/lib/python3.8/site-packages/airflow/example_dags/example_xcom.py
[2021-04-06 18:50:07,924] {scheduler_job.py:629} INFO - Processing file /Users/garonsmith/Desktop/airflow_study/airflow-etl-explore/.venv/lib/python3.8/site-packages/airflow/example_dags/example_xcom.py for tasks to queue
[2021-04-06 18:50:07,924] {logging_mixin.py:104} INFO - [2021-04-06 18:50:07,924] {dagbag.py:448} INFO - Filling up the DagBag from /Users/garonsmith/Desktop/airflow_study/airflow-etl-explore/.venv/lib/python3.8/site-packages/airflow/example_dags/example_xcom.py
[2021-04-06 18:50:07,929] {scheduler_job.py:639} INFO - DAG(s) dict_keys(['example_xcom']) retrieved from /Users/garonsmith/Desktop/airflow_study/airflow-etl-explore/.venv/lib/python3.8/site-packages/airflow/example_dags/example_xcom.py
[2021-04-06 18:50:07,964] {logging_mixin.py:104} INFO - [2021-04-06 18:50:07,964] {dag.py:1818} INFO - Sync 1 DAGs
[2021-04-06 18:50:07,972] {logging_mixin.py:104} INFO - [2021-04-06 18:50:07,972] {dag.py:2273} INFO - Setting next_dagrun for example_xcom to 2021-04-04 00:00:00+00:00
[2021-04-06 18:50:07,976] {scheduler_job.py:190} INFO - Processing /Users/garonsmith/Desktop/airflow_study/airflow-etl-explore/.venv/lib/python3.8/site-packages/airflow/example_dags/example_xcom.py took 0.053 seconds
[2021-04-06 18:50:33,120] {scheduler_job.py:182} INFO - Started process (PID=21024) to work on /Users/garonsmith/Desktop/airflow_study/airflow-etl-explore/.venv/lib/python3.8/site-packages/airflow/example_dags/example_xcom.py
[2021-04-06 18:50:33,120] {scheduler_job.py:629} INFO - Processing file /Users/garonsmith/Desktop/airflow_study/airflow-etl-explore/.venv/lib/python3.8/site-packages/airflow/example_dags/example_xcom.py for tasks to queue
[2021-04-06 18:50:33,120] {logging_mixin.py:104} INFO - [2021-04-06 18:50:33,120] {dagbag.py:448} INFO - Filling up the DagBag from /Users/garonsmith/Desktop/airflow_study/airflow-etl-explore/.venv/lib/python3.8/site-packages/airflow/example_dags/example_xcom.py
[2021-04-06 18:50:33,124] {scheduler_job.py:639} INFO - DAG(s) dict_keys(['example_xcom']) retrieved from /Users/garonsmith/Desktop/airflow_study/airflow-etl-explore/.venv/lib/python3.8/site-packages/airflow/example_dags/example_xcom.py
[2021-04-06 18:50:33,162] {logging_mixin.py:104} INFO - [2021-04-06 18:50:33,162] {dag.py:1818} INFO - Sync 1 DAGs
[2021-04-06 18:50:33,170] {logging_mixin.py:104} INFO - [2021-04-06 18:50:33,170] {dag.py:2273} INFO - Setting next_dagrun for example_xcom to 2021-04-04 00:00:00+00:00
[2021-04-06 18:50:33,175] {scheduler_job.py:190} INFO - Processing /Users/garonsmith/Desktop/airflow_study/airflow-etl-explore/.venv/lib/python3.8/site-packages/airflow/example_dags/example_xcom.py took 0.056 seconds
[2021-04-06 18:50:39,253] {scheduler_job.py:182} INFO - Started process (PID=21086) to work on /Users/garonsmith/Desktop/airflow_study/airflow-etl-explore/.venv/lib/python3.8/site-packages/airflow/example_dags/example_xcom.py
[2021-04-06 18:50:39,254] {scheduler_job.py:629} INFO - Processing file /Users/garonsmith/Desktop/airflow_study/airflow-etl-explore/.venv/lib/python3.8/site-packages/airflow/example_dags/example_xcom.py for tasks to queue
[2021-04-06 18:50:39,254] {logging_mixin.py:104} INFO - [2021-04-06 18:50:39,254] {dagbag.py:448} INFO - Filling up the DagBag from /Users/garonsmith/Desktop/airflow_study/airflow-etl-explore/.venv/lib/python3.8/site-packages/airflow/example_dags/example_xcom.py
[2021-04-06 18:50:39,259] {scheduler_job.py:639} INFO - DAG(s) dict_keys(['example_xcom']) retrieved from /Users/garonsmith/Desktop/airflow_study/airflow-etl-explore/.venv/lib/python3.8/site-packages/airflow/example_dags/example_xcom.py
[2021-04-06 18:50:39,294] {logging_mixin.py:104} INFO - [2021-04-06 18:50:39,294] {dag.py:1818} INFO - Sync 1 DAGs
[2021-04-06 18:50:39,316] {logging_mixin.py:104} INFO - [2021-04-06 18:50:39,316] {dag.py:2273} INFO - Setting next_dagrun for example_xcom to 2021-04-04 00:00:00+00:00
[2021-04-06 18:50:39,322] {scheduler_job.py:190} INFO - Processing /Users/garonsmith/Desktop/airflow_study/airflow-etl-explore/.venv/lib/python3.8/site-packages/airflow/example_dags/example_xcom.py took 0.069 seconds
[2021-04-06 18:51:04,387] {scheduler_job.py:182} INFO - Started process (PID=21193) to work on /Users/garonsmith/Desktop/airflow_study/airflow-etl-explore/.venv/lib/python3.8/site-packages/airflow/example_dags/example_xcom.py
[2021-04-06 18:51:04,388] {scheduler_job.py:629} INFO - Processing file /Users/garonsmith/Desktop/airflow_study/airflow-etl-explore/.venv/lib/python3.8/site-packages/airflow/example_dags/example_xcom.py for tasks to queue
[2021-04-06 18:51:04,388] {logging_mixin.py:104} INFO - [2021-04-06 18:51:04,388] {dagbag.py:448} INFO - Filling up the DagBag from /Users/garonsmith/Desktop/airflow_study/airflow-etl-explore/.venv/lib/python3.8/site-packages/airflow/example_dags/example_xcom.py
[2021-04-06 18:51:04,392] {scheduler_job.py:639} INFO - DAG(s) dict_keys(['example_xcom']) retrieved from /Users/garonsmith/Desktop/airflow_study/airflow-etl-explore/.venv/lib/python3.8/site-packages/airflow/example_dags/example_xcom.py
[2021-04-06 18:51:04,463] {logging_mixin.py:104} INFO - [2021-04-06 18:51:04,463] {dag.py:1818} INFO - Sync 1 DAGs
[2021-04-06 18:51:04,473] {logging_mixin.py:104} INFO - [2021-04-06 18:51:04,473] {dag.py:2273} INFO - Setting next_dagrun for example_xcom to 2021-04-04 00:00:00+00:00
[2021-04-06 18:51:04,479] {scheduler_job.py:190} INFO - Processing /Users/garonsmith/Desktop/airflow_study/airflow-etl-explore/.venv/lib/python3.8/site-packages/airflow/example_dags/example_xcom.py took 0.092 seconds
[2021-04-06 18:51:10,140] {scheduler_job.py:182} INFO - Started process (PID=21254) to work on /Users/garonsmith/Desktop/airflow_study/airflow-etl-explore/.venv/lib/python3.8/site-packages/airflow/example_dags/example_xcom.py
[2021-04-06 18:51:10,140] {scheduler_job.py:629} INFO - Processing file /Users/garonsmith/Desktop/airflow_study/airflow-etl-explore/.venv/lib/python3.8/site-packages/airflow/example_dags/example_xcom.py for tasks to queue
[2021-04-06 18:51:10,140] {logging_mixin.py:104} INFO - [2021-04-06 18:51:10,140] {dagbag.py:448} INFO - Filling up the DagBag from /Users/garonsmith/Desktop/airflow_study/airflow-etl-explore/.venv/lib/python3.8/site-packages/airflow/example_dags/example_xcom.py
[2021-04-06 18:51:10,145] {scheduler_job.py:639} INFO - DAG(s) dict_keys(['example_xcom']) retrieved from /Users/garonsmith/Desktop/airflow_study/airflow-etl-explore/.venv/lib/python3.8/site-packages/airflow/example_dags/example_xcom.py
[2021-04-06 18:51:10,191] {logging_mixin.py:104} INFO - [2021-04-06 18:51:10,191] {dag.py:1818} INFO - Sync 1 DAGs
[2021-04-06 18:51:10,215] {logging_mixin.py:104} INFO - [2021-04-06 18:51:10,215] {dag.py:2273} INFO - Setting next_dagrun for example_xcom to 2021-04-04 00:00:00+00:00
[2021-04-06 18:51:10,220] {scheduler_job.py:190} INFO - Processing /Users/garonsmith/Desktop/airflow_study/airflow-etl-explore/.venv/lib/python3.8/site-packages/airflow/example_dags/example_xcom.py took 0.081 seconds
[2021-04-06 18:51:35,516] {scheduler_job.py:182} INFO - Started process (PID=21358) to work on /Users/garonsmith/Desktop/airflow_study/airflow-etl-explore/.venv/lib/python3.8/site-packages/airflow/example_dags/example_xcom.py
[2021-04-06 18:51:35,517] {scheduler_job.py:629} INFO - Processing file /Users/garonsmith/Desktop/airflow_study/airflow-etl-explore/.venv/lib/python3.8/site-packages/airflow/example_dags/example_xcom.py for tasks to queue
[2021-04-06 18:51:35,517] {logging_mixin.py:104} INFO - [2021-04-06 18:51:35,517] {dagbag.py:448} INFO - Filling up the DagBag from /Users/garonsmith/Desktop/airflow_study/airflow-etl-explore/.venv/lib/python3.8/site-packages/airflow/example_dags/example_xcom.py
[2021-04-06 18:51:35,521] {scheduler_job.py:639} INFO - DAG(s) dict_keys(['example_xcom']) retrieved from /Users/garonsmith/Desktop/airflow_study/airflow-etl-explore/.venv/lib/python3.8/site-packages/airflow/example_dags/example_xcom.py
[2021-04-06 18:51:35,564] {logging_mixin.py:104} INFO - [2021-04-06 18:51:35,563] {dag.py:1818} INFO - Sync 1 DAGs
[2021-04-06 18:51:35,574] {logging_mixin.py:104} INFO - [2021-04-06 18:51:35,574] {dag.py:2273} INFO - Setting next_dagrun for example_xcom to 2021-04-04 00:00:00+00:00
[2021-04-06 18:51:35,580] {scheduler_job.py:190} INFO - Processing /Users/garonsmith/Desktop/airflow_study/airflow-etl-explore/.venv/lib/python3.8/site-packages/airflow/example_dags/example_xcom.py took 0.065 seconds
[2021-04-06 18:51:41,083] {scheduler_job.py:182} INFO - Started process (PID=21418) to work on /Users/garonsmith/Desktop/airflow_study/airflow-etl-explore/.venv/lib/python3.8/site-packages/airflow/example_dags/example_xcom.py
[2021-04-06 18:51:41,083] {scheduler_job.py:629} INFO - Processing file /Users/garonsmith/Desktop/airflow_study/airflow-etl-explore/.venv/lib/python3.8/site-packages/airflow/example_dags/example_xcom.py for tasks to queue
[2021-04-06 18:51:41,083] {logging_mixin.py:104} INFO - [2021-04-06 18:51:41,083] {dagbag.py:448} INFO - Filling up the DagBag from /Users/garonsmith/Desktop/airflow_study/airflow-etl-explore/.venv/lib/python3.8/site-packages/airflow/example_dags/example_xcom.py
[2021-04-06 18:51:41,088] {scheduler_job.py:639} INFO - DAG(s) dict_keys(['example_xcom']) retrieved from /Users/garonsmith/Desktop/airflow_study/airflow-etl-explore/.venv/lib/python3.8/site-packages/airflow/example_dags/example_xcom.py
[2021-04-06 18:51:41,137] {logging_mixin.py:104} INFO - [2021-04-06 18:51:41,137] {dag.py:1818} INFO - Sync 1 DAGs
[2021-04-06 18:51:41,146] {logging_mixin.py:104} INFO - [2021-04-06 18:51:41,146] {dag.py:2273} INFO - Setting next_dagrun for example_xcom to 2021-04-04 00:00:00+00:00
[2021-04-06 18:51:41,166] {scheduler_job.py:190} INFO - Processing /Users/garonsmith/Desktop/airflow_study/airflow-etl-explore/.venv/lib/python3.8/site-packages/airflow/example_dags/example_xcom.py took 0.084 seconds
[2021-04-06 18:52:06,563] {scheduler_job.py:182} INFO - Started process (PID=21528) to work on /Users/garonsmith/Desktop/airflow_study/airflow-etl-explore/.venv/lib/python3.8/site-packages/airflow/example_dags/example_xcom.py
[2021-04-06 18:52:06,563] {scheduler_job.py:629} INFO - Processing file /Users/garonsmith/Desktop/airflow_study/airflow-etl-explore/.venv/lib/python3.8/site-packages/airflow/example_dags/example_xcom.py for tasks to queue
[2021-04-06 18:52:06,563] {logging_mixin.py:104} INFO - [2021-04-06 18:52:06,563] {dagbag.py:448} INFO - Filling up the DagBag from /Users/garonsmith/Desktop/airflow_study/airflow-etl-explore/.venv/lib/python3.8/site-packages/airflow/example_dags/example_xcom.py
[2021-04-06 18:52:06,567] {scheduler_job.py:639} INFO - DAG(s) dict_keys(['example_xcom']) retrieved from /Users/garonsmith/Desktop/airflow_study/airflow-etl-explore/.venv/lib/python3.8/site-packages/airflow/example_dags/example_xcom.py
[2021-04-06 18:52:06,596] {logging_mixin.py:104} INFO - [2021-04-06 18:52:06,596] {dag.py:1818} INFO - Sync 1 DAGs
[2021-04-06 18:52:06,621] {logging_mixin.py:104} INFO - [2021-04-06 18:52:06,620] {dag.py:2273} INFO - Setting next_dagrun for example_xcom to 2021-04-04 00:00:00+00:00
[2021-04-06 18:52:06,626] {scheduler_job.py:190} INFO - Processing /Users/garonsmith/Desktop/airflow_study/airflow-etl-explore/.venv/lib/python3.8/site-packages/airflow/example_dags/example_xcom.py took 0.064 seconds
[2021-04-06 18:52:37,526] {scheduler_job.py:182} INFO - Started process (PID=21623) to work on /Users/garonsmith/Desktop/airflow_study/airflow-etl-explore/.venv/lib/python3.8/site-packages/airflow/example_dags/example_xcom.py
[2021-04-06 18:52:37,526] {scheduler_job.py:629} INFO - Processing file /Users/garonsmith/Desktop/airflow_study/airflow-etl-explore/.venv/lib/python3.8/site-packages/airflow/example_dags/example_xcom.py for tasks to queue
[2021-04-06 18:52:37,526] {logging_mixin.py:104} INFO - [2021-04-06 18:52:37,526] {dagbag.py:448} INFO - Filling up the DagBag from /Users/garonsmith/Desktop/airflow_study/airflow-etl-explore/.venv/lib/python3.8/site-packages/airflow/example_dags/example_xcom.py
[2021-04-06 18:52:37,531] {scheduler_job.py:639} INFO - DAG(s) dict_keys(['example_xcom']) retrieved from /Users/garonsmith/Desktop/airflow_study/airflow-etl-explore/.venv/lib/python3.8/site-packages/airflow/example_dags/example_xcom.py
[2021-04-06 18:52:37,565] {logging_mixin.py:104} INFO - [2021-04-06 18:52:37,564] {dag.py:1818} INFO - Sync 1 DAGs
[2021-04-06 18:52:37,572] {logging_mixin.py:104} INFO - [2021-04-06 18:52:37,572] {dag.py:2273} INFO - Setting next_dagrun for example_xcom to 2021-04-04 00:00:00+00:00
[2021-04-06 18:52:37,578] {scheduler_job.py:190} INFO - Processing /Users/garonsmith/Desktop/airflow_study/airflow-etl-explore/.venv/lib/python3.8/site-packages/airflow/example_dags/example_xcom.py took 0.053 seconds
[2021-04-06 18:53:08,604] {scheduler_job.py:182} INFO - Started process (PID=21710) to work on /Users/garonsmith/Desktop/airflow_study/airflow-etl-explore/.venv/lib/python3.8/site-packages/airflow/example_dags/example_xcom.py
[2021-04-06 18:53:08,604] {scheduler_job.py:629} INFO - Processing file /Users/garonsmith/Desktop/airflow_study/airflow-etl-explore/.venv/lib/python3.8/site-packages/airflow/example_dags/example_xcom.py for tasks to queue
[2021-04-06 18:53:08,604] {logging_mixin.py:104} INFO - [2021-04-06 18:53:08,604] {dagbag.py:448} INFO - Filling up the DagBag from /Users/garonsmith/Desktop/airflow_study/airflow-etl-explore/.venv/lib/python3.8/site-packages/airflow/example_dags/example_xcom.py
[2021-04-06 18:53:08,610] {scheduler_job.py:639} INFO - DAG(s) dict_keys(['example_xcom']) retrieved from /Users/garonsmith/Desktop/airflow_study/airflow-etl-explore/.venv/lib/python3.8/site-packages/airflow/example_dags/example_xcom.py
[2021-04-06 18:53:08,644] {logging_mixin.py:104} INFO - [2021-04-06 18:53:08,644] {dag.py:1818} INFO - Sync 1 DAGs
[2021-04-06 18:53:08,668] {logging_mixin.py:104} INFO - [2021-04-06 18:53:08,668] {dag.py:2273} INFO - Setting next_dagrun for example_xcom to 2021-04-04 00:00:00+00:00
[2021-04-06 18:53:08,673] {scheduler_job.py:190} INFO - Processing /Users/garonsmith/Desktop/airflow_study/airflow-etl-explore/.venv/lib/python3.8/site-packages/airflow/example_dags/example_xcom.py took 0.070 seconds
[2021-04-06 18:53:39,453] {scheduler_job.py:182} INFO - Started process (PID=21808) to work on /Users/garonsmith/Desktop/airflow_study/airflow-etl-explore/.venv/lib/python3.8/site-packages/airflow/example_dags/example_xcom.py
[2021-04-06 18:53:39,453] {scheduler_job.py:629} INFO - Processing file /Users/garonsmith/Desktop/airflow_study/airflow-etl-explore/.venv/lib/python3.8/site-packages/airflow/example_dags/example_xcom.py for tasks to queue
[2021-04-06 18:53:39,453] {logging_mixin.py:104} INFO - [2021-04-06 18:53:39,453] {dagbag.py:448} INFO - Filling up the DagBag from /Users/garonsmith/Desktop/airflow_study/airflow-etl-explore/.venv/lib/python3.8/site-packages/airflow/example_dags/example_xcom.py
[2021-04-06 18:53:39,458] {scheduler_job.py:639} INFO - DAG(s) dict_keys(['example_xcom']) retrieved from /Users/garonsmith/Desktop/airflow_study/airflow-etl-explore/.venv/lib/python3.8/site-packages/airflow/example_dags/example_xcom.py
[2021-04-06 18:53:39,497] {logging_mixin.py:104} INFO - [2021-04-06 18:53:39,497] {dag.py:1818} INFO - Sync 1 DAGs
[2021-04-06 18:53:39,519] {logging_mixin.py:104} INFO - [2021-04-06 18:53:39,519] {dag.py:2273} INFO - Setting next_dagrun for example_xcom to 2021-04-04 00:00:00+00:00
[2021-04-06 18:53:39,580] {scheduler_job.py:190} INFO - Processing /Users/garonsmith/Desktop/airflow_study/airflow-etl-explore/.venv/lib/python3.8/site-packages/airflow/example_dags/example_xcom.py took 0.128 seconds
[2021-04-06 18:54:10,714] {scheduler_job.py:182} INFO - Started process (PID=21909) to work on /Users/garonsmith/Desktop/airflow_study/airflow-etl-explore/.venv/lib/python3.8/site-packages/airflow/example_dags/example_xcom.py
[2021-04-06 18:54:10,714] {scheduler_job.py:629} INFO - Processing file /Users/garonsmith/Desktop/airflow_study/airflow-etl-explore/.venv/lib/python3.8/site-packages/airflow/example_dags/example_xcom.py for tasks to queue
[2021-04-06 18:54:10,714] {logging_mixin.py:104} INFO - [2021-04-06 18:54:10,714] {dagbag.py:448} INFO - Filling up the DagBag from /Users/garonsmith/Desktop/airflow_study/airflow-etl-explore/.venv/lib/python3.8/site-packages/airflow/example_dags/example_xcom.py
[2021-04-06 18:54:10,719] {scheduler_job.py:639} INFO - DAG(s) dict_keys(['example_xcom']) retrieved from /Users/garonsmith/Desktop/airflow_study/airflow-etl-explore/.venv/lib/python3.8/site-packages/airflow/example_dags/example_xcom.py
[2021-04-06 18:54:10,747] {logging_mixin.py:104} INFO - [2021-04-06 18:54:10,747] {dag.py:1818} INFO - Sync 1 DAGs
[2021-04-06 18:54:10,770] {logging_mixin.py:104} INFO - [2021-04-06 18:54:10,770] {dag.py:2273} INFO - Setting next_dagrun for example_xcom to 2021-04-04 00:00:00+00:00
[2021-04-06 18:54:10,774] {scheduler_job.py:190} INFO - Processing /Users/garonsmith/Desktop/airflow_study/airflow-etl-explore/.venv/lib/python3.8/site-packages/airflow/example_dags/example_xcom.py took 0.061 seconds
