[2021-04-06 18:36:16,578] {scheduler_job.py:182} INFO - Started process (PID=17398) to work on /Users/garonsmith/Desktop/airflow_study/airflow-etl-explore/.venv/lib/python3.8/site-packages/airflow/example_dags/example_bash_operator.py
[2021-04-06 18:36:16,578] {scheduler_job.py:629} INFO - Processing file /Users/garonsmith/Desktop/airflow_study/airflow-etl-explore/.venv/lib/python3.8/site-packages/airflow/example_dags/example_bash_operator.py for tasks to queue
[2021-04-06 18:36:16,579] {logging_mixin.py:104} INFO - [2021-04-06 18:36:16,579] {dagbag.py:448} INFO - Filling up the DagBag from /Users/garonsmith/Desktop/airflow_study/airflow-etl-explore/.venv/lib/python3.8/site-packages/airflow/example_dags/example_bash_operator.py
[2021-04-06 18:36:16,584] {scheduler_job.py:639} INFO - DAG(s) dict_keys(['example_bash_operator']) retrieved from /Users/garonsmith/Desktop/airflow_study/airflow-etl-explore/.venv/lib/python3.8/site-packages/airflow/example_dags/example_bash_operator.py
[2021-04-06 18:36:16,614] {logging_mixin.py:104} INFO - [2021-04-06 18:36:16,614] {dag.py:1818} INFO - Sync 1 DAGs
[2021-04-06 18:36:16,624] {logging_mixin.py:104} INFO - [2021-04-06 18:36:16,624] {dag.py:2273} INFO - Setting next_dagrun for example_bash_operator to 2021-04-04 00:00:00+00:00
[2021-04-06 18:36:16,628] {scheduler_job.py:190} INFO - Processing /Users/garonsmith/Desktop/airflow_study/airflow-etl-explore/.venv/lib/python3.8/site-packages/airflow/example_dags/example_bash_operator.py took 0.051 seconds
[2021-04-06 18:36:47,854] {scheduler_job.py:182} INFO - Started process (PID=17487) to work on /Users/garonsmith/Desktop/airflow_study/airflow-etl-explore/.venv/lib/python3.8/site-packages/airflow/example_dags/example_bash_operator.py
[2021-04-06 18:36:47,855] {scheduler_job.py:629} INFO - Processing file /Users/garonsmith/Desktop/airflow_study/airflow-etl-explore/.venv/lib/python3.8/site-packages/airflow/example_dags/example_bash_operator.py for tasks to queue
[2021-04-06 18:36:47,855] {logging_mixin.py:104} INFO - [2021-04-06 18:36:47,855] {dagbag.py:448} INFO - Filling up the DagBag from /Users/garonsmith/Desktop/airflow_study/airflow-etl-explore/.venv/lib/python3.8/site-packages/airflow/example_dags/example_bash_operator.py
[2021-04-06 18:36:47,861] {scheduler_job.py:639} INFO - DAG(s) dict_keys(['example_bash_operator']) retrieved from /Users/garonsmith/Desktop/airflow_study/airflow-etl-explore/.venv/lib/python3.8/site-packages/airflow/example_dags/example_bash_operator.py
[2021-04-06 18:36:47,895] {logging_mixin.py:104} INFO - [2021-04-06 18:36:47,895] {dag.py:1818} INFO - Sync 1 DAGs
[2021-04-06 18:36:47,910] {logging_mixin.py:104} INFO - [2021-04-06 18:36:47,910] {dag.py:2273} INFO - Setting next_dagrun for example_bash_operator to 2021-04-04 00:00:00+00:00
[2021-04-06 18:36:47,916] {scheduler_job.py:190} INFO - Processing /Users/garonsmith/Desktop/airflow_study/airflow-etl-explore/.venv/lib/python3.8/site-packages/airflow/example_dags/example_bash_operator.py took 0.062 seconds
[2021-04-06 18:37:18,811] {scheduler_job.py:182} INFO - Started process (PID=18385) to work on /Users/garonsmith/Desktop/airflow_study/airflow-etl-explore/.venv/lib/python3.8/site-packages/airflow/example_dags/example_bash_operator.py
[2021-04-06 18:37:18,812] {scheduler_job.py:629} INFO - Processing file /Users/garonsmith/Desktop/airflow_study/airflow-etl-explore/.venv/lib/python3.8/site-packages/airflow/example_dags/example_bash_operator.py for tasks to queue
[2021-04-06 18:37:18,812] {logging_mixin.py:104} INFO - [2021-04-06 18:37:18,812] {dagbag.py:448} INFO - Filling up the DagBag from /Users/garonsmith/Desktop/airflow_study/airflow-etl-explore/.venv/lib/python3.8/site-packages/airflow/example_dags/example_bash_operator.py
[2021-04-06 18:37:18,817] {scheduler_job.py:639} INFO - DAG(s) dict_keys(['example_bash_operator']) retrieved from /Users/garonsmith/Desktop/airflow_study/airflow-etl-explore/.venv/lib/python3.8/site-packages/airflow/example_dags/example_bash_operator.py
[2021-04-06 18:37:18,847] {logging_mixin.py:104} INFO - [2021-04-06 18:37:18,847] {dag.py:1818} INFO - Sync 1 DAGs
[2021-04-06 18:37:18,858] {logging_mixin.py:104} INFO - [2021-04-06 18:37:18,858] {dag.py:2273} INFO - Setting next_dagrun for example_bash_operator to 2021-04-04 00:00:00+00:00
[2021-04-06 18:37:18,862] {scheduler_job.py:190} INFO - Processing /Users/garonsmith/Desktop/airflow_study/airflow-etl-explore/.venv/lib/python3.8/site-packages/airflow/example_dags/example_bash_operator.py took 0.051 seconds
[2021-04-06 18:37:50,651] {scheduler_job.py:182} INFO - Started process (PID=18472) to work on /Users/garonsmith/Desktop/airflow_study/airflow-etl-explore/.venv/lib/python3.8/site-packages/airflow/example_dags/example_bash_operator.py
[2021-04-06 18:37:50,651] {scheduler_job.py:629} INFO - Processing file /Users/garonsmith/Desktop/airflow_study/airflow-etl-explore/.venv/lib/python3.8/site-packages/airflow/example_dags/example_bash_operator.py for tasks to queue
[2021-04-06 18:37:50,651] {logging_mixin.py:104} INFO - [2021-04-06 18:37:50,651] {dagbag.py:448} INFO - Filling up the DagBag from /Users/garonsmith/Desktop/airflow_study/airflow-etl-explore/.venv/lib/python3.8/site-packages/airflow/example_dags/example_bash_operator.py
[2021-04-06 18:37:50,656] {scheduler_job.py:639} INFO - DAG(s) dict_keys(['example_bash_operator']) retrieved from /Users/garonsmith/Desktop/airflow_study/airflow-etl-explore/.venv/lib/python3.8/site-packages/airflow/example_dags/example_bash_operator.py
[2021-04-06 18:37:50,685] {logging_mixin.py:104} INFO - [2021-04-06 18:37:50,685] {dag.py:1818} INFO - Sync 1 DAGs
[2021-04-06 18:37:50,695] {logging_mixin.py:104} INFO - [2021-04-06 18:37:50,695] {dag.py:2273} INFO - Setting next_dagrun for example_bash_operator to 2021-04-04 00:00:00+00:00
[2021-04-06 18:37:50,702] {scheduler_job.py:190} INFO - Processing /Users/garonsmith/Desktop/airflow_study/airflow-etl-explore/.venv/lib/python3.8/site-packages/airflow/example_dags/example_bash_operator.py took 0.052 seconds
[2021-04-06 18:38:21,328] {scheduler_job.py:182} INFO - Started process (PID=18557) to work on /Users/garonsmith/Desktop/airflow_study/airflow-etl-explore/.venv/lib/python3.8/site-packages/airflow/example_dags/example_bash_operator.py
[2021-04-06 18:38:21,328] {scheduler_job.py:629} INFO - Processing file /Users/garonsmith/Desktop/airflow_study/airflow-etl-explore/.venv/lib/python3.8/site-packages/airflow/example_dags/example_bash_operator.py for tasks to queue
[2021-04-06 18:38:21,329] {logging_mixin.py:104} INFO - [2021-04-06 18:38:21,329] {dagbag.py:448} INFO - Filling up the DagBag from /Users/garonsmith/Desktop/airflow_study/airflow-etl-explore/.venv/lib/python3.8/site-packages/airflow/example_dags/example_bash_operator.py
[2021-04-06 18:38:21,334] {scheduler_job.py:639} INFO - DAG(s) dict_keys(['example_bash_operator']) retrieved from /Users/garonsmith/Desktop/airflow_study/airflow-etl-explore/.venv/lib/python3.8/site-packages/airflow/example_dags/example_bash_operator.py
[2021-04-06 18:38:21,368] {logging_mixin.py:104} INFO - [2021-04-06 18:38:21,368] {dag.py:1818} INFO - Sync 1 DAGs
[2021-04-06 18:38:21,380] {logging_mixin.py:104} INFO - [2021-04-06 18:38:21,380] {dag.py:2273} INFO - Setting next_dagrun for example_bash_operator to 2021-04-04 00:00:00+00:00
[2021-04-06 18:38:21,386] {scheduler_job.py:190} INFO - Processing /Users/garonsmith/Desktop/airflow_study/airflow-etl-explore/.venv/lib/python3.8/site-packages/airflow/example_dags/example_bash_operator.py took 0.060 seconds
[2021-04-06 18:38:52,401] {scheduler_job.py:182} INFO - Started process (PID=18651) to work on /Users/garonsmith/Desktop/airflow_study/airflow-etl-explore/.venv/lib/python3.8/site-packages/airflow/example_dags/example_bash_operator.py
[2021-04-06 18:38:52,402] {scheduler_job.py:629} INFO - Processing file /Users/garonsmith/Desktop/airflow_study/airflow-etl-explore/.venv/lib/python3.8/site-packages/airflow/example_dags/example_bash_operator.py for tasks to queue
[2021-04-06 18:38:52,402] {logging_mixin.py:104} INFO - [2021-04-06 18:38:52,402] {dagbag.py:448} INFO - Filling up the DagBag from /Users/garonsmith/Desktop/airflow_study/airflow-etl-explore/.venv/lib/python3.8/site-packages/airflow/example_dags/example_bash_operator.py
[2021-04-06 18:38:52,407] {scheduler_job.py:639} INFO - DAG(s) dict_keys(['example_bash_operator']) retrieved from /Users/garonsmith/Desktop/airflow_study/airflow-etl-explore/.venv/lib/python3.8/site-packages/airflow/example_dags/example_bash_operator.py
[2021-04-06 18:38:52,440] {logging_mixin.py:104} INFO - [2021-04-06 18:38:52,439] {dag.py:1818} INFO - Sync 1 DAGs
[2021-04-06 18:38:52,450] {logging_mixin.py:104} INFO - [2021-04-06 18:38:52,450] {dag.py:2273} INFO - Setting next_dagrun for example_bash_operator to 2021-04-04 00:00:00+00:00
[2021-04-06 18:38:52,465] {scheduler_job.py:190} INFO - Processing /Users/garonsmith/Desktop/airflow_study/airflow-etl-explore/.venv/lib/python3.8/site-packages/airflow/example_dags/example_bash_operator.py took 0.064 seconds
[2021-04-06 18:39:23,267] {scheduler_job.py:182} INFO - Started process (PID=18741) to work on /Users/garonsmith/Desktop/airflow_study/airflow-etl-explore/.venv/lib/python3.8/site-packages/airflow/example_dags/example_bash_operator.py
[2021-04-06 18:39:23,268] {scheduler_job.py:629} INFO - Processing file /Users/garonsmith/Desktop/airflow_study/airflow-etl-explore/.venv/lib/python3.8/site-packages/airflow/example_dags/example_bash_operator.py for tasks to queue
[2021-04-06 18:39:23,268] {logging_mixin.py:104} INFO - [2021-04-06 18:39:23,268] {dagbag.py:448} INFO - Filling up the DagBag from /Users/garonsmith/Desktop/airflow_study/airflow-etl-explore/.venv/lib/python3.8/site-packages/airflow/example_dags/example_bash_operator.py
[2021-04-06 18:39:23,274] {scheduler_job.py:639} INFO - DAG(s) dict_keys(['example_bash_operator']) retrieved from /Users/garonsmith/Desktop/airflow_study/airflow-etl-explore/.venv/lib/python3.8/site-packages/airflow/example_dags/example_bash_operator.py
[2021-04-06 18:39:23,316] {logging_mixin.py:104} INFO - [2021-04-06 18:39:23,316] {dag.py:1818} INFO - Sync 1 DAGs
[2021-04-06 18:39:23,328] {logging_mixin.py:104} INFO - [2021-04-06 18:39:23,328] {dag.py:2273} INFO - Setting next_dagrun for example_bash_operator to 2021-04-04 00:00:00+00:00
[2021-04-06 18:39:23,333] {scheduler_job.py:190} INFO - Processing /Users/garonsmith/Desktop/airflow_study/airflow-etl-explore/.venv/lib/python3.8/site-packages/airflow/example_dags/example_bash_operator.py took 0.067 seconds
[2021-04-06 18:39:54,355] {scheduler_job.py:182} INFO - Started process (PID=18857) to work on /Users/garonsmith/Desktop/airflow_study/airflow-etl-explore/.venv/lib/python3.8/site-packages/airflow/example_dags/example_bash_operator.py
[2021-04-06 18:39:54,356] {scheduler_job.py:629} INFO - Processing file /Users/garonsmith/Desktop/airflow_study/airflow-etl-explore/.venv/lib/python3.8/site-packages/airflow/example_dags/example_bash_operator.py for tasks to queue
[2021-04-06 18:39:54,356] {logging_mixin.py:104} INFO - [2021-04-06 18:39:54,356] {dagbag.py:448} INFO - Filling up the DagBag from /Users/garonsmith/Desktop/airflow_study/airflow-etl-explore/.venv/lib/python3.8/site-packages/airflow/example_dags/example_bash_operator.py
[2021-04-06 18:39:54,361] {scheduler_job.py:639} INFO - DAG(s) dict_keys(['example_bash_operator']) retrieved from /Users/garonsmith/Desktop/airflow_study/airflow-etl-explore/.venv/lib/python3.8/site-packages/airflow/example_dags/example_bash_operator.py
[2021-04-06 18:39:54,396] {logging_mixin.py:104} INFO - [2021-04-06 18:39:54,395] {dag.py:1818} INFO - Sync 1 DAGs
[2021-04-06 18:39:54,427] {logging_mixin.py:104} INFO - [2021-04-06 18:39:54,427] {dag.py:2273} INFO - Setting next_dagrun for example_bash_operator to 2021-04-04 00:00:00+00:00
[2021-04-06 18:39:54,432] {scheduler_job.py:190} INFO - Processing /Users/garonsmith/Desktop/airflow_study/airflow-etl-explore/.venv/lib/python3.8/site-packages/airflow/example_dags/example_bash_operator.py took 0.077 seconds
[2021-04-06 18:40:25,916] {scheduler_job.py:182} INFO - Started process (PID=18959) to work on /Users/garonsmith/Desktop/airflow_study/airflow-etl-explore/.venv/lib/python3.8/site-packages/airflow/example_dags/example_bash_operator.py
[2021-04-06 18:40:25,917] {scheduler_job.py:629} INFO - Processing file /Users/garonsmith/Desktop/airflow_study/airflow-etl-explore/.venv/lib/python3.8/site-packages/airflow/example_dags/example_bash_operator.py for tasks to queue
[2021-04-06 18:40:25,917] {logging_mixin.py:104} INFO - [2021-04-06 18:40:25,917] {dagbag.py:448} INFO - Filling up the DagBag from /Users/garonsmith/Desktop/airflow_study/airflow-etl-explore/.venv/lib/python3.8/site-packages/airflow/example_dags/example_bash_operator.py
[2021-04-06 18:40:25,924] {scheduler_job.py:639} INFO - DAG(s) dict_keys(['example_bash_operator']) retrieved from /Users/garonsmith/Desktop/airflow_study/airflow-etl-explore/.venv/lib/python3.8/site-packages/airflow/example_dags/example_bash_operator.py
[2021-04-06 18:40:25,973] {logging_mixin.py:104} INFO - [2021-04-06 18:40:25,973] {dag.py:1818} INFO - Sync 1 DAGs
[2021-04-06 18:40:25,984] {logging_mixin.py:104} INFO - [2021-04-06 18:40:25,984] {dag.py:2273} INFO - Setting next_dagrun for example_bash_operator to 2021-04-04 00:00:00+00:00
[2021-04-06 18:40:26,004] {scheduler_job.py:190} INFO - Processing /Users/garonsmith/Desktop/airflow_study/airflow-etl-explore/.venv/lib/python3.8/site-packages/airflow/example_dags/example_bash_operator.py took 0.088 seconds
[2021-04-06 18:40:57,330] {scheduler_job.py:182} INFO - Started process (PID=19040) to work on /Users/garonsmith/Desktop/airflow_study/airflow-etl-explore/.venv/lib/python3.8/site-packages/airflow/example_dags/example_bash_operator.py
[2021-04-06 18:40:57,330] {scheduler_job.py:629} INFO - Processing file /Users/garonsmith/Desktop/airflow_study/airflow-etl-explore/.venv/lib/python3.8/site-packages/airflow/example_dags/example_bash_operator.py for tasks to queue
[2021-04-06 18:40:57,331] {logging_mixin.py:104} INFO - [2021-04-06 18:40:57,330] {dagbag.py:448} INFO - Filling up the DagBag from /Users/garonsmith/Desktop/airflow_study/airflow-etl-explore/.venv/lib/python3.8/site-packages/airflow/example_dags/example_bash_operator.py
[2021-04-06 18:40:57,336] {scheduler_job.py:639} INFO - DAG(s) dict_keys(['example_bash_operator']) retrieved from /Users/garonsmith/Desktop/airflow_study/airflow-etl-explore/.venv/lib/python3.8/site-packages/airflow/example_dags/example_bash_operator.py
[2021-04-06 18:40:57,380] {logging_mixin.py:104} INFO - [2021-04-06 18:40:57,380] {dag.py:1818} INFO - Sync 1 DAGs
[2021-04-06 18:40:57,408] {logging_mixin.py:104} INFO - [2021-04-06 18:40:57,408] {dag.py:2273} INFO - Setting next_dagrun for example_bash_operator to 2021-04-04 00:00:00+00:00
[2021-04-06 18:40:57,413] {scheduler_job.py:190} INFO - Processing /Users/garonsmith/Desktop/airflow_study/airflow-etl-explore/.venv/lib/python3.8/site-packages/airflow/example_dags/example_bash_operator.py took 0.084 seconds
[2021-04-06 18:41:28,734] {scheduler_job.py:182} INFO - Started process (PID=19137) to work on /Users/garonsmith/Desktop/airflow_study/airflow-etl-explore/.venv/lib/python3.8/site-packages/airflow/example_dags/example_bash_operator.py
[2021-04-06 18:41:28,734] {scheduler_job.py:629} INFO - Processing file /Users/garonsmith/Desktop/airflow_study/airflow-etl-explore/.venv/lib/python3.8/site-packages/airflow/example_dags/example_bash_operator.py for tasks to queue
[2021-04-06 18:41:28,734] {logging_mixin.py:104} INFO - [2021-04-06 18:41:28,734] {dagbag.py:448} INFO - Filling up the DagBag from /Users/garonsmith/Desktop/airflow_study/airflow-etl-explore/.venv/lib/python3.8/site-packages/airflow/example_dags/example_bash_operator.py
[2021-04-06 18:41:28,740] {scheduler_job.py:639} INFO - DAG(s) dict_keys(['example_bash_operator']) retrieved from /Users/garonsmith/Desktop/airflow_study/airflow-etl-explore/.venv/lib/python3.8/site-packages/airflow/example_dags/example_bash_operator.py
[2021-04-06 18:41:28,781] {logging_mixin.py:104} INFO - [2021-04-06 18:41:28,781] {dag.py:1818} INFO - Sync 1 DAGs
[2021-04-06 18:41:28,808] {logging_mixin.py:104} INFO - [2021-04-06 18:41:28,808] {dag.py:2273} INFO - Setting next_dagrun for example_bash_operator to 2021-04-04 00:00:00+00:00
[2021-04-06 18:41:28,814] {scheduler_job.py:190} INFO - Processing /Users/garonsmith/Desktop/airflow_study/airflow-etl-explore/.venv/lib/python3.8/site-packages/airflow/example_dags/example_bash_operator.py took 0.081 seconds
[2021-04-06 18:41:59,594] {scheduler_job.py:182} INFO - Started process (PID=19236) to work on /Users/garonsmith/Desktop/airflow_study/airflow-etl-explore/.venv/lib/python3.8/site-packages/airflow/example_dags/example_bash_operator.py
[2021-04-06 18:41:59,594] {scheduler_job.py:629} INFO - Processing file /Users/garonsmith/Desktop/airflow_study/airflow-etl-explore/.venv/lib/python3.8/site-packages/airflow/example_dags/example_bash_operator.py for tasks to queue
[2021-04-06 18:41:59,594] {logging_mixin.py:104} INFO - [2021-04-06 18:41:59,594] {dagbag.py:448} INFO - Filling up the DagBag from /Users/garonsmith/Desktop/airflow_study/airflow-etl-explore/.venv/lib/python3.8/site-packages/airflow/example_dags/example_bash_operator.py
[2021-04-06 18:41:59,599] {scheduler_job.py:639} INFO - DAG(s) dict_keys(['example_bash_operator']) retrieved from /Users/garonsmith/Desktop/airflow_study/airflow-etl-explore/.venv/lib/python3.8/site-packages/airflow/example_dags/example_bash_operator.py
[2021-04-06 18:41:59,631] {logging_mixin.py:104} INFO - [2021-04-06 18:41:59,631] {dag.py:1818} INFO - Sync 1 DAGs
[2021-04-06 18:41:59,658] {logging_mixin.py:104} INFO - [2021-04-06 18:41:59,658] {dag.py:2273} INFO - Setting next_dagrun for example_bash_operator to 2021-04-04 00:00:00+00:00
[2021-04-06 18:41:59,664] {scheduler_job.py:190} INFO - Processing /Users/garonsmith/Desktop/airflow_study/airflow-etl-explore/.venv/lib/python3.8/site-packages/airflow/example_dags/example_bash_operator.py took 0.071 seconds
[2021-04-06 18:42:30,346] {scheduler_job.py:182} INFO - Started process (PID=19324) to work on /Users/garonsmith/Desktop/airflow_study/airflow-etl-explore/.venv/lib/python3.8/site-packages/airflow/example_dags/example_bash_operator.py
[2021-04-06 18:42:30,346] {scheduler_job.py:629} INFO - Processing file /Users/garonsmith/Desktop/airflow_study/airflow-etl-explore/.venv/lib/python3.8/site-packages/airflow/example_dags/example_bash_operator.py for tasks to queue
[2021-04-06 18:42:30,347] {logging_mixin.py:104} INFO - [2021-04-06 18:42:30,346] {dagbag.py:448} INFO - Filling up the DagBag from /Users/garonsmith/Desktop/airflow_study/airflow-etl-explore/.venv/lib/python3.8/site-packages/airflow/example_dags/example_bash_operator.py
[2021-04-06 18:42:30,352] {scheduler_job.py:639} INFO - DAG(s) dict_keys(['example_bash_operator']) retrieved from /Users/garonsmith/Desktop/airflow_study/airflow-etl-explore/.venv/lib/python3.8/site-packages/airflow/example_dags/example_bash_operator.py
[2021-04-06 18:42:30,380] {logging_mixin.py:104} INFO - [2021-04-06 18:42:30,380] {dag.py:1818} INFO - Sync 1 DAGs
[2021-04-06 18:42:30,406] {logging_mixin.py:104} INFO - [2021-04-06 18:42:30,406] {dag.py:2273} INFO - Setting next_dagrun for example_bash_operator to 2021-04-04 00:00:00+00:00
[2021-04-06 18:42:30,410] {scheduler_job.py:190} INFO - Processing /Users/garonsmith/Desktop/airflow_study/airflow-etl-explore/.venv/lib/python3.8/site-packages/airflow/example_dags/example_bash_operator.py took 0.065 seconds
[2021-04-06 18:43:01,738] {scheduler_job.py:182} INFO - Started process (PID=19415) to work on /Users/garonsmith/Desktop/airflow_study/airflow-etl-explore/.venv/lib/python3.8/site-packages/airflow/example_dags/example_bash_operator.py
[2021-04-06 18:43:01,739] {scheduler_job.py:629} INFO - Processing file /Users/garonsmith/Desktop/airflow_study/airflow-etl-explore/.venv/lib/python3.8/site-packages/airflow/example_dags/example_bash_operator.py for tasks to queue
[2021-04-06 18:43:01,739] {logging_mixin.py:104} INFO - [2021-04-06 18:43:01,739] {dagbag.py:448} INFO - Filling up the DagBag from /Users/garonsmith/Desktop/airflow_study/airflow-etl-explore/.venv/lib/python3.8/site-packages/airflow/example_dags/example_bash_operator.py
[2021-04-06 18:43:01,744] {scheduler_job.py:639} INFO - DAG(s) dict_keys(['example_bash_operator']) retrieved from /Users/garonsmith/Desktop/airflow_study/airflow-etl-explore/.venv/lib/python3.8/site-packages/airflow/example_dags/example_bash_operator.py
[2021-04-06 18:43:01,781] {logging_mixin.py:104} INFO - [2021-04-06 18:43:01,781] {dag.py:1818} INFO - Sync 1 DAGs
[2021-04-06 18:43:01,808] {logging_mixin.py:104} INFO - [2021-04-06 18:43:01,808] {dag.py:2273} INFO - Setting next_dagrun for example_bash_operator to 2021-04-04 00:00:00+00:00
[2021-04-06 18:43:01,813] {scheduler_job.py:190} INFO - Processing /Users/garonsmith/Desktop/airflow_study/airflow-etl-explore/.venv/lib/python3.8/site-packages/airflow/example_dags/example_bash_operator.py took 0.075 seconds
[2021-04-06 18:43:32,588] {scheduler_job.py:182} INFO - Started process (PID=19529) to work on /Users/garonsmith/Desktop/airflow_study/airflow-etl-explore/.venv/lib/python3.8/site-packages/airflow/example_dags/example_bash_operator.py
[2021-04-06 18:43:32,589] {scheduler_job.py:629} INFO - Processing file /Users/garonsmith/Desktop/airflow_study/airflow-etl-explore/.venv/lib/python3.8/site-packages/airflow/example_dags/example_bash_operator.py for tasks to queue
[2021-04-06 18:43:32,589] {logging_mixin.py:104} INFO - [2021-04-06 18:43:32,589] {dagbag.py:448} INFO - Filling up the DagBag from /Users/garonsmith/Desktop/airflow_study/airflow-etl-explore/.venv/lib/python3.8/site-packages/airflow/example_dags/example_bash_operator.py
[2021-04-06 18:43:32,594] {scheduler_job.py:639} INFO - DAG(s) dict_keys(['example_bash_operator']) retrieved from /Users/garonsmith/Desktop/airflow_study/airflow-etl-explore/.venv/lib/python3.8/site-packages/airflow/example_dags/example_bash_operator.py
[2021-04-06 18:43:32,635] {logging_mixin.py:104} INFO - [2021-04-06 18:43:32,635] {dag.py:1818} INFO - Sync 1 DAGs
[2021-04-06 18:43:32,662] {logging_mixin.py:104} INFO - [2021-04-06 18:43:32,661] {dag.py:2273} INFO - Setting next_dagrun for example_bash_operator to 2021-04-04 00:00:00+00:00
[2021-04-06 18:43:32,668] {scheduler_job.py:190} INFO - Processing /Users/garonsmith/Desktop/airflow_study/airflow-etl-explore/.venv/lib/python3.8/site-packages/airflow/example_dags/example_bash_operator.py took 0.080 seconds
[2021-04-06 18:43:55,460] {scheduler_job.py:182} INFO - Started process (PID=19678) to work on /Users/garonsmith/Desktop/airflow_study/airflow-etl-explore/.venv/lib/python3.8/site-packages/airflow/example_dags/example_bash_operator.py
[2021-04-06 18:43:55,460] {scheduler_job.py:629} INFO - Processing file /Users/garonsmith/Desktop/airflow_study/airflow-etl-explore/.venv/lib/python3.8/site-packages/airflow/example_dags/example_bash_operator.py for tasks to queue
[2021-04-06 18:43:55,460] {logging_mixin.py:104} INFO - [2021-04-06 18:43:55,460] {dagbag.py:448} INFO - Filling up the DagBag from /Users/garonsmith/Desktop/airflow_study/airflow-etl-explore/.venv/lib/python3.8/site-packages/airflow/example_dags/example_bash_operator.py
[2021-04-06 18:43:55,465] {scheduler_job.py:639} INFO - DAG(s) dict_keys(['example_bash_operator']) retrieved from /Users/garonsmith/Desktop/airflow_study/airflow-etl-explore/.venv/lib/python3.8/site-packages/airflow/example_dags/example_bash_operator.py
[2021-04-06 18:43:55,502] {logging_mixin.py:104} INFO - [2021-04-06 18:43:55,502] {dag.py:1818} INFO - Sync 1 DAGs
[2021-04-06 18:43:55,513] {logging_mixin.py:104} INFO - [2021-04-06 18:43:55,513] {dag.py:2273} INFO - Setting next_dagrun for example_bash_operator to 2021-04-04 00:00:00+00:00
[2021-04-06 18:43:55,518] {scheduler_job.py:190} INFO - Processing /Users/garonsmith/Desktop/airflow_study/airflow-etl-explore/.venv/lib/python3.8/site-packages/airflow/example_dags/example_bash_operator.py took 0.058 seconds
[2021-04-06 18:44:26,697] {scheduler_job.py:182} INFO - Started process (PID=19768) to work on /Users/garonsmith/Desktop/airflow_study/airflow-etl-explore/.venv/lib/python3.8/site-packages/airflow/example_dags/example_bash_operator.py
[2021-04-06 18:44:26,697] {scheduler_job.py:629} INFO - Processing file /Users/garonsmith/Desktop/airflow_study/airflow-etl-explore/.venv/lib/python3.8/site-packages/airflow/example_dags/example_bash_operator.py for tasks to queue
[2021-04-06 18:44:26,697] {logging_mixin.py:104} INFO - [2021-04-06 18:44:26,697] {dagbag.py:448} INFO - Filling up the DagBag from /Users/garonsmith/Desktop/airflow_study/airflow-etl-explore/.venv/lib/python3.8/site-packages/airflow/example_dags/example_bash_operator.py
[2021-04-06 18:44:26,703] {scheduler_job.py:639} INFO - DAG(s) dict_keys(['example_bash_operator']) retrieved from /Users/garonsmith/Desktop/airflow_study/airflow-etl-explore/.venv/lib/python3.8/site-packages/airflow/example_dags/example_bash_operator.py
[2021-04-06 18:44:26,734] {logging_mixin.py:104} INFO - [2021-04-06 18:44:26,733] {dag.py:1818} INFO - Sync 1 DAGs
[2021-04-06 18:44:26,764] {logging_mixin.py:104} INFO - [2021-04-06 18:44:26,764] {dag.py:2273} INFO - Setting next_dagrun for example_bash_operator to 2021-04-04 00:00:00+00:00
[2021-04-06 18:44:26,771] {scheduler_job.py:190} INFO - Processing /Users/garonsmith/Desktop/airflow_study/airflow-etl-explore/.venv/lib/python3.8/site-packages/airflow/example_dags/example_bash_operator.py took 0.074 seconds
[2021-04-06 18:44:58,018] {scheduler_job.py:182} INFO - Started process (PID=19857) to work on /Users/garonsmith/Desktop/airflow_study/airflow-etl-explore/.venv/lib/python3.8/site-packages/airflow/example_dags/example_bash_operator.py
[2021-04-06 18:44:58,018] {scheduler_job.py:629} INFO - Processing file /Users/garonsmith/Desktop/airflow_study/airflow-etl-explore/.venv/lib/python3.8/site-packages/airflow/example_dags/example_bash_operator.py for tasks to queue
[2021-04-06 18:44:58,018] {logging_mixin.py:104} INFO - [2021-04-06 18:44:58,018] {dagbag.py:448} INFO - Filling up the DagBag from /Users/garonsmith/Desktop/airflow_study/airflow-etl-explore/.venv/lib/python3.8/site-packages/airflow/example_dags/example_bash_operator.py
[2021-04-06 18:44:58,023] {scheduler_job.py:639} INFO - DAG(s) dict_keys(['example_bash_operator']) retrieved from /Users/garonsmith/Desktop/airflow_study/airflow-etl-explore/.venv/lib/python3.8/site-packages/airflow/example_dags/example_bash_operator.py
[2021-04-06 18:44:58,057] {logging_mixin.py:104} INFO - [2021-04-06 18:44:58,057] {dag.py:1818} INFO - Sync 1 DAGs
[2021-04-06 18:44:58,071] {logging_mixin.py:104} INFO - [2021-04-06 18:44:58,071] {dag.py:2273} INFO - Setting next_dagrun for example_bash_operator to 2021-04-04 00:00:00+00:00
[2021-04-06 18:44:58,079] {scheduler_job.py:190} INFO - Processing /Users/garonsmith/Desktop/airflow_study/airflow-etl-explore/.venv/lib/python3.8/site-packages/airflow/example_dags/example_bash_operator.py took 0.062 seconds
[2021-04-06 18:45:29,106] {scheduler_job.py:182} INFO - Started process (PID=19946) to work on /Users/garonsmith/Desktop/airflow_study/airflow-etl-explore/.venv/lib/python3.8/site-packages/airflow/example_dags/example_bash_operator.py
[2021-04-06 18:45:29,107] {scheduler_job.py:629} INFO - Processing file /Users/garonsmith/Desktop/airflow_study/airflow-etl-explore/.venv/lib/python3.8/site-packages/airflow/example_dags/example_bash_operator.py for tasks to queue
[2021-04-06 18:45:29,107] {logging_mixin.py:104} INFO - [2021-04-06 18:45:29,107] {dagbag.py:448} INFO - Filling up the DagBag from /Users/garonsmith/Desktop/airflow_study/airflow-etl-explore/.venv/lib/python3.8/site-packages/airflow/example_dags/example_bash_operator.py
[2021-04-06 18:45:29,113] {scheduler_job.py:639} INFO - DAG(s) dict_keys(['example_bash_operator']) retrieved from /Users/garonsmith/Desktop/airflow_study/airflow-etl-explore/.venv/lib/python3.8/site-packages/airflow/example_dags/example_bash_operator.py
[2021-04-06 18:45:29,155] {logging_mixin.py:104} INFO - [2021-04-06 18:45:29,155] {dag.py:1818} INFO - Sync 1 DAGs
[2021-04-06 18:45:29,167] {logging_mixin.py:104} INFO - [2021-04-06 18:45:29,167] {dag.py:2273} INFO - Setting next_dagrun for example_bash_operator to 2021-04-04 00:00:00+00:00
[2021-04-06 18:45:29,173] {scheduler_job.py:190} INFO - Processing /Users/garonsmith/Desktop/airflow_study/airflow-etl-explore/.venv/lib/python3.8/site-packages/airflow/example_dags/example_bash_operator.py took 0.067 seconds
[2021-04-06 18:46:00,095] {scheduler_job.py:182} INFO - Started process (PID=20037) to work on /Users/garonsmith/Desktop/airflow_study/airflow-etl-explore/.venv/lib/python3.8/site-packages/airflow/example_dags/example_bash_operator.py
[2021-04-06 18:46:00,096] {scheduler_job.py:629} INFO - Processing file /Users/garonsmith/Desktop/airflow_study/airflow-etl-explore/.venv/lib/python3.8/site-packages/airflow/example_dags/example_bash_operator.py for tasks to queue
[2021-04-06 18:46:00,096] {logging_mixin.py:104} INFO - [2021-04-06 18:46:00,096] {dagbag.py:448} INFO - Filling up the DagBag from /Users/garonsmith/Desktop/airflow_study/airflow-etl-explore/.venv/lib/python3.8/site-packages/airflow/example_dags/example_bash_operator.py
[2021-04-06 18:46:00,102] {scheduler_job.py:639} INFO - DAG(s) dict_keys(['example_bash_operator']) retrieved from /Users/garonsmith/Desktop/airflow_study/airflow-etl-explore/.venv/lib/python3.8/site-packages/airflow/example_dags/example_bash_operator.py
[2021-04-06 18:46:00,133] {logging_mixin.py:104} INFO - [2021-04-06 18:46:00,132] {dag.py:1818} INFO - Sync 1 DAGs
[2021-04-06 18:46:00,163] {logging_mixin.py:104} INFO - [2021-04-06 18:46:00,162] {dag.py:2273} INFO - Setting next_dagrun for example_bash_operator to 2021-04-04 00:00:00+00:00
[2021-04-06 18:46:00,168] {scheduler_job.py:190} INFO - Processing /Users/garonsmith/Desktop/airflow_study/airflow-etl-explore/.venv/lib/python3.8/site-packages/airflow/example_dags/example_bash_operator.py took 0.073 seconds
[2021-04-06 18:46:30,814] {scheduler_job.py:182} INFO - Started process (PID=20128) to work on /Users/garonsmith/Desktop/airflow_study/airflow-etl-explore/.venv/lib/python3.8/site-packages/airflow/example_dags/example_bash_operator.py
[2021-04-06 18:46:30,815] {scheduler_job.py:629} INFO - Processing file /Users/garonsmith/Desktop/airflow_study/airflow-etl-explore/.venv/lib/python3.8/site-packages/airflow/example_dags/example_bash_operator.py for tasks to queue
[2021-04-06 18:46:30,815] {logging_mixin.py:104} INFO - [2021-04-06 18:46:30,815] {dagbag.py:448} INFO - Filling up the DagBag from /Users/garonsmith/Desktop/airflow_study/airflow-etl-explore/.venv/lib/python3.8/site-packages/airflow/example_dags/example_bash_operator.py
[2021-04-06 18:46:30,820] {scheduler_job.py:639} INFO - DAG(s) dict_keys(['example_bash_operator']) retrieved from /Users/garonsmith/Desktop/airflow_study/airflow-etl-explore/.venv/lib/python3.8/site-packages/airflow/example_dags/example_bash_operator.py
[2021-04-06 18:46:30,856] {logging_mixin.py:104} INFO - [2021-04-06 18:46:30,856] {dag.py:1818} INFO - Sync 1 DAGs
[2021-04-06 18:46:30,866] {logging_mixin.py:104} INFO - [2021-04-06 18:46:30,866] {dag.py:2273} INFO - Setting next_dagrun for example_bash_operator to 2021-04-04 00:00:00+00:00
[2021-04-06 18:46:30,871] {scheduler_job.py:190} INFO - Processing /Users/garonsmith/Desktop/airflow_study/airflow-etl-explore/.venv/lib/python3.8/site-packages/airflow/example_dags/example_bash_operator.py took 0.058 seconds
[2021-04-06 18:47:01,552] {scheduler_job.py:182} INFO - Started process (PID=20208) to work on /Users/garonsmith/Desktop/airflow_study/airflow-etl-explore/.venv/lib/python3.8/site-packages/airflow/example_dags/example_bash_operator.py
[2021-04-06 18:47:01,552] {scheduler_job.py:629} INFO - Processing file /Users/garonsmith/Desktop/airflow_study/airflow-etl-explore/.venv/lib/python3.8/site-packages/airflow/example_dags/example_bash_operator.py for tasks to queue
[2021-04-06 18:47:01,553] {logging_mixin.py:104} INFO - [2021-04-06 18:47:01,553] {dagbag.py:448} INFO - Filling up the DagBag from /Users/garonsmith/Desktop/airflow_study/airflow-etl-explore/.venv/lib/python3.8/site-packages/airflow/example_dags/example_bash_operator.py
[2021-04-06 18:47:01,559] {scheduler_job.py:639} INFO - DAG(s) dict_keys(['example_bash_operator']) retrieved from /Users/garonsmith/Desktop/airflow_study/airflow-etl-explore/.venv/lib/python3.8/site-packages/airflow/example_dags/example_bash_operator.py
[2021-04-06 18:47:01,607] {logging_mixin.py:104} INFO - [2021-04-06 18:47:01,607] {dag.py:1818} INFO - Sync 1 DAGs
[2021-04-06 18:47:01,620] {logging_mixin.py:104} INFO - [2021-04-06 18:47:01,619] {dag.py:2273} INFO - Setting next_dagrun for example_bash_operator to 2021-04-04 00:00:00+00:00
[2021-04-06 18:47:01,625] {scheduler_job.py:190} INFO - Processing /Users/garonsmith/Desktop/airflow_study/airflow-etl-explore/.venv/lib/python3.8/site-packages/airflow/example_dags/example_bash_operator.py took 0.073 seconds
[2021-04-06 18:47:32,487] {scheduler_job.py:182} INFO - Started process (PID=20294) to work on /Users/garonsmith/Desktop/airflow_study/airflow-etl-explore/.venv/lib/python3.8/site-packages/airflow/example_dags/example_bash_operator.py
[2021-04-06 18:47:32,487] {scheduler_job.py:629} INFO - Processing file /Users/garonsmith/Desktop/airflow_study/airflow-etl-explore/.venv/lib/python3.8/site-packages/airflow/example_dags/example_bash_operator.py for tasks to queue
[2021-04-06 18:47:32,487] {logging_mixin.py:104} INFO - [2021-04-06 18:47:32,487] {dagbag.py:448} INFO - Filling up the DagBag from /Users/garonsmith/Desktop/airflow_study/airflow-etl-explore/.venv/lib/python3.8/site-packages/airflow/example_dags/example_bash_operator.py
[2021-04-06 18:47:32,492] {scheduler_job.py:639} INFO - DAG(s) dict_keys(['example_bash_operator']) retrieved from /Users/garonsmith/Desktop/airflow_study/airflow-etl-explore/.venv/lib/python3.8/site-packages/airflow/example_dags/example_bash_operator.py
[2021-04-06 18:47:32,558] {logging_mixin.py:104} INFO - [2021-04-06 18:47:32,558] {dag.py:1818} INFO - Sync 1 DAGs
[2021-04-06 18:47:32,575] {logging_mixin.py:104} INFO - [2021-04-06 18:47:32,575] {dag.py:2273} INFO - Setting next_dagrun for example_bash_operator to 2021-04-04 00:00:00+00:00
[2021-04-06 18:47:32,581] {scheduler_job.py:190} INFO - Processing /Users/garonsmith/Desktop/airflow_study/airflow-etl-explore/.venv/lib/python3.8/site-packages/airflow/example_dags/example_bash_operator.py took 0.094 seconds
[2021-04-06 18:48:03,326] {scheduler_job.py:182} INFO - Started process (PID=20379) to work on /Users/garonsmith/Desktop/airflow_study/airflow-etl-explore/.venv/lib/python3.8/site-packages/airflow/example_dags/example_bash_operator.py
[2021-04-06 18:48:03,326] {scheduler_job.py:629} INFO - Processing file /Users/garonsmith/Desktop/airflow_study/airflow-etl-explore/.venv/lib/python3.8/site-packages/airflow/example_dags/example_bash_operator.py for tasks to queue
[2021-04-06 18:48:03,326] {logging_mixin.py:104} INFO - [2021-04-06 18:48:03,326] {dagbag.py:448} INFO - Filling up the DagBag from /Users/garonsmith/Desktop/airflow_study/airflow-etl-explore/.venv/lib/python3.8/site-packages/airflow/example_dags/example_bash_operator.py
[2021-04-06 18:48:03,332] {scheduler_job.py:639} INFO - DAG(s) dict_keys(['example_bash_operator']) retrieved from /Users/garonsmith/Desktop/airflow_study/airflow-etl-explore/.venv/lib/python3.8/site-packages/airflow/example_dags/example_bash_operator.py
[2021-04-06 18:48:03,383] {logging_mixin.py:104} INFO - [2021-04-06 18:48:03,383] {dag.py:1818} INFO - Sync 1 DAGs
[2021-04-06 18:48:03,395] {logging_mixin.py:104} INFO - [2021-04-06 18:48:03,395] {dag.py:2273} INFO - Setting next_dagrun for example_bash_operator to 2021-04-04 00:00:00+00:00
[2021-04-06 18:48:03,411] {scheduler_job.py:190} INFO - Processing /Users/garonsmith/Desktop/airflow_study/airflow-etl-explore/.venv/lib/python3.8/site-packages/airflow/example_dags/example_bash_operator.py took 0.086 seconds
[2021-04-06 18:48:35,086] {scheduler_job.py:182} INFO - Started process (PID=20464) to work on /Users/garonsmith/Desktop/airflow_study/airflow-etl-explore/.venv/lib/python3.8/site-packages/airflow/example_dags/example_bash_operator.py
[2021-04-06 18:48:35,087] {scheduler_job.py:629} INFO - Processing file /Users/garonsmith/Desktop/airflow_study/airflow-etl-explore/.venv/lib/python3.8/site-packages/airflow/example_dags/example_bash_operator.py for tasks to queue
[2021-04-06 18:48:35,087] {logging_mixin.py:104} INFO - [2021-04-06 18:48:35,087] {dagbag.py:448} INFO - Filling up the DagBag from /Users/garonsmith/Desktop/airflow_study/airflow-etl-explore/.venv/lib/python3.8/site-packages/airflow/example_dags/example_bash_operator.py
[2021-04-06 18:48:35,092] {scheduler_job.py:639} INFO - DAG(s) dict_keys(['example_bash_operator']) retrieved from /Users/garonsmith/Desktop/airflow_study/airflow-etl-explore/.venv/lib/python3.8/site-packages/airflow/example_dags/example_bash_operator.py
[2021-04-06 18:48:35,138] {logging_mixin.py:104} INFO - [2021-04-06 18:48:35,138] {dag.py:1818} INFO - Sync 1 DAGs
[2021-04-06 18:48:35,166] {logging_mixin.py:104} INFO - [2021-04-06 18:48:35,166] {dag.py:2273} INFO - Setting next_dagrun for example_bash_operator to 2021-04-04 00:00:00+00:00
[2021-04-06 18:48:35,172] {scheduler_job.py:190} INFO - Processing /Users/garonsmith/Desktop/airflow_study/airflow-etl-explore/.venv/lib/python3.8/site-packages/airflow/example_dags/example_bash_operator.py took 0.086 seconds
[2021-04-06 18:49:05,265] {scheduler_job.py:182} INFO - Started process (PID=20566) to work on /Users/garonsmith/Desktop/airflow_study/airflow-etl-explore/.venv/lib/python3.8/site-packages/airflow/example_dags/example_bash_operator.py
[2021-04-06 18:49:05,265] {scheduler_job.py:629} INFO - Processing file /Users/garonsmith/Desktop/airflow_study/airflow-etl-explore/.venv/lib/python3.8/site-packages/airflow/example_dags/example_bash_operator.py for tasks to queue
[2021-04-06 18:49:05,265] {logging_mixin.py:104} INFO - [2021-04-06 18:49:05,265] {dagbag.py:448} INFO - Filling up the DagBag from /Users/garonsmith/Desktop/airflow_study/airflow-etl-explore/.venv/lib/python3.8/site-packages/airflow/example_dags/example_bash_operator.py
[2021-04-06 18:49:05,272] {scheduler_job.py:639} INFO - DAG(s) dict_keys(['example_bash_operator']) retrieved from /Users/garonsmith/Desktop/airflow_study/airflow-etl-explore/.venv/lib/python3.8/site-packages/airflow/example_dags/example_bash_operator.py
[2021-04-06 18:49:05,310] {logging_mixin.py:104} INFO - [2021-04-06 18:49:05,309] {dag.py:1818} INFO - Sync 1 DAGs
[2021-04-06 18:49:05,323] {logging_mixin.py:104} INFO - [2021-04-06 18:49:05,323] {dag.py:2273} INFO - Setting next_dagrun for example_bash_operator to 2021-04-04 00:00:00+00:00
[2021-04-06 18:49:05,328] {scheduler_job.py:190} INFO - Processing /Users/garonsmith/Desktop/airflow_study/airflow-etl-explore/.venv/lib/python3.8/site-packages/airflow/example_dags/example_bash_operator.py took 0.064 seconds
[2021-04-06 18:49:06,440] {scheduler_job.py:182} INFO - Started process (PID=20583) to work on /Users/garonsmith/Desktop/airflow_study/airflow-etl-explore/.venv/lib/python3.8/site-packages/airflow/example_dags/example_bash_operator.py
[2021-04-06 18:49:06,440] {scheduler_job.py:629} INFO - Processing file /Users/garonsmith/Desktop/airflow_study/airflow-etl-explore/.venv/lib/python3.8/site-packages/airflow/example_dags/example_bash_operator.py for tasks to queue
[2021-04-06 18:49:06,440] {logging_mixin.py:104} INFO - [2021-04-06 18:49:06,440] {dagbag.py:448} INFO - Filling up the DagBag from /Users/garonsmith/Desktop/airflow_study/airflow-etl-explore/.venv/lib/python3.8/site-packages/airflow/example_dags/example_bash_operator.py
[2021-04-06 18:49:06,446] {scheduler_job.py:639} INFO - DAG(s) dict_keys(['example_bash_operator']) retrieved from /Users/garonsmith/Desktop/airflow_study/airflow-etl-explore/.venv/lib/python3.8/site-packages/airflow/example_dags/example_bash_operator.py
[2021-04-06 18:49:06,487] {logging_mixin.py:104} INFO - [2021-04-06 18:49:06,487] {dag.py:1818} INFO - Sync 1 DAGs
[2021-04-06 18:49:06,516] {logging_mixin.py:104} INFO - [2021-04-06 18:49:06,516] {dag.py:2273} INFO - Setting next_dagrun for example_bash_operator to 2021-04-04 00:00:00+00:00
[2021-04-06 18:49:06,522] {scheduler_job.py:190} INFO - Processing /Users/garonsmith/Desktop/airflow_study/airflow-etl-explore/.venv/lib/python3.8/site-packages/airflow/example_dags/example_bash_operator.py took 0.082 seconds
[2021-04-06 18:49:36,340] {scheduler_job.py:182} INFO - Started process (PID=20732) to work on /Users/garonsmith/Desktop/airflow_study/airflow-etl-explore/.venv/lib/python3.8/site-packages/airflow/example_dags/example_bash_operator.py
[2021-04-06 18:49:36,341] {scheduler_job.py:629} INFO - Processing file /Users/garonsmith/Desktop/airflow_study/airflow-etl-explore/.venv/lib/python3.8/site-packages/airflow/example_dags/example_bash_operator.py for tasks to queue
[2021-04-06 18:49:36,342] {logging_mixin.py:104} INFO - [2021-04-06 18:49:36,341] {dagbag.py:448} INFO - Filling up the DagBag from /Users/garonsmith/Desktop/airflow_study/airflow-etl-explore/.venv/lib/python3.8/site-packages/airflow/example_dags/example_bash_operator.py
[2021-04-06 18:49:36,348] {scheduler_job.py:639} INFO - DAG(s) dict_keys(['example_bash_operator']) retrieved from /Users/garonsmith/Desktop/airflow_study/airflow-etl-explore/.venv/lib/python3.8/site-packages/airflow/example_dags/example_bash_operator.py
[2021-04-06 18:49:36,392] {logging_mixin.py:104} INFO - [2021-04-06 18:49:36,392] {dag.py:1818} INFO - Sync 1 DAGs
[2021-04-06 18:49:36,419] {logging_mixin.py:104} INFO - [2021-04-06 18:49:36,419] {dag.py:2273} INFO - Setting next_dagrun for example_bash_operator to 2021-04-04 00:00:00+00:00
[2021-04-06 18:49:36,425] {scheduler_job.py:190} INFO - Processing /Users/garonsmith/Desktop/airflow_study/airflow-etl-explore/.venv/lib/python3.8/site-packages/airflow/example_dags/example_bash_operator.py took 0.085 seconds
[2021-04-06 18:49:37,374] {scheduler_job.py:182} INFO - Started process (PID=20751) to work on /Users/garonsmith/Desktop/airflow_study/airflow-etl-explore/.venv/lib/python3.8/site-packages/airflow/example_dags/example_bash_operator.py
[2021-04-06 18:49:37,375] {scheduler_job.py:629} INFO - Processing file /Users/garonsmith/Desktop/airflow_study/airflow-etl-explore/.venv/lib/python3.8/site-packages/airflow/example_dags/example_bash_operator.py for tasks to queue
[2021-04-06 18:49:37,375] {logging_mixin.py:104} INFO - [2021-04-06 18:49:37,375] {dagbag.py:448} INFO - Filling up the DagBag from /Users/garonsmith/Desktop/airflow_study/airflow-etl-explore/.venv/lib/python3.8/site-packages/airflow/example_dags/example_bash_operator.py
[2021-04-06 18:49:37,381] {scheduler_job.py:639} INFO - DAG(s) dict_keys(['example_bash_operator']) retrieved from /Users/garonsmith/Desktop/airflow_study/airflow-etl-explore/.venv/lib/python3.8/site-packages/airflow/example_dags/example_bash_operator.py
[2021-04-06 18:49:37,416] {logging_mixin.py:104} INFO - [2021-04-06 18:49:37,416] {dag.py:1818} INFO - Sync 1 DAGs
[2021-04-06 18:49:37,429] {logging_mixin.py:104} INFO - [2021-04-06 18:49:37,429] {dag.py:2273} INFO - Setting next_dagrun for example_bash_operator to 2021-04-04 00:00:00+00:00
[2021-04-06 18:49:37,434] {scheduler_job.py:190} INFO - Processing /Users/garonsmith/Desktop/airflow_study/airflow-etl-explore/.venv/lib/python3.8/site-packages/airflow/example_dags/example_bash_operator.py took 0.061 seconds
[2021-04-06 18:50:07,184] {scheduler_job.py:182} INFO - Started process (PID=20907) to work on /Users/garonsmith/Desktop/airflow_study/airflow-etl-explore/.venv/lib/python3.8/site-packages/airflow/example_dags/example_bash_operator.py
[2021-04-06 18:50:07,184] {scheduler_job.py:629} INFO - Processing file /Users/garonsmith/Desktop/airflow_study/airflow-etl-explore/.venv/lib/python3.8/site-packages/airflow/example_dags/example_bash_operator.py for tasks to queue
[2021-04-06 18:50:07,184] {logging_mixin.py:104} INFO - [2021-04-06 18:50:07,184] {dagbag.py:448} INFO - Filling up the DagBag from /Users/garonsmith/Desktop/airflow_study/airflow-etl-explore/.venv/lib/python3.8/site-packages/airflow/example_dags/example_bash_operator.py
[2021-04-06 18:50:07,189] {scheduler_job.py:639} INFO - DAG(s) dict_keys(['example_bash_operator']) retrieved from /Users/garonsmith/Desktop/airflow_study/airflow-etl-explore/.venv/lib/python3.8/site-packages/airflow/example_dags/example_bash_operator.py
[2021-04-06 18:50:07,241] {logging_mixin.py:104} INFO - [2021-04-06 18:50:07,241] {dag.py:1818} INFO - Sync 1 DAGs
[2021-04-06 18:50:07,271] {logging_mixin.py:104} INFO - [2021-04-06 18:50:07,271] {dag.py:2273} INFO - Setting next_dagrun for example_bash_operator to 2021-04-04 00:00:00+00:00
[2021-04-06 18:50:07,277] {scheduler_job.py:190} INFO - Processing /Users/garonsmith/Desktop/airflow_study/airflow-etl-explore/.venv/lib/python3.8/site-packages/airflow/example_dags/example_bash_operator.py took 0.094 seconds
[2021-04-06 18:50:08,350] {scheduler_job.py:182} INFO - Started process (PID=20924) to work on /Users/garonsmith/Desktop/airflow_study/airflow-etl-explore/.venv/lib/python3.8/site-packages/airflow/example_dags/example_bash_operator.py
[2021-04-06 18:50:08,350] {scheduler_job.py:629} INFO - Processing file /Users/garonsmith/Desktop/airflow_study/airflow-etl-explore/.venv/lib/python3.8/site-packages/airflow/example_dags/example_bash_operator.py for tasks to queue
[2021-04-06 18:50:08,350] {logging_mixin.py:104} INFO - [2021-04-06 18:50:08,350] {dagbag.py:448} INFO - Filling up the DagBag from /Users/garonsmith/Desktop/airflow_study/airflow-etl-explore/.venv/lib/python3.8/site-packages/airflow/example_dags/example_bash_operator.py
[2021-04-06 18:50:08,356] {scheduler_job.py:639} INFO - DAG(s) dict_keys(['example_bash_operator']) retrieved from /Users/garonsmith/Desktop/airflow_study/airflow-etl-explore/.venv/lib/python3.8/site-packages/airflow/example_dags/example_bash_operator.py
[2021-04-06 18:50:08,386] {logging_mixin.py:104} INFO - [2021-04-06 18:50:08,386] {dag.py:1818} INFO - Sync 1 DAGs
[2021-04-06 18:50:08,396] {logging_mixin.py:104} INFO - [2021-04-06 18:50:08,396] {dag.py:2273} INFO - Setting next_dagrun for example_bash_operator to 2021-04-04 00:00:00+00:00
[2021-04-06 18:50:08,414] {scheduler_job.py:190} INFO - Processing /Users/garonsmith/Desktop/airflow_study/airflow-etl-explore/.venv/lib/python3.8/site-packages/airflow/example_dags/example_bash_operator.py took 0.065 seconds
[2021-04-06 18:50:38,517] {scheduler_job.py:182} INFO - Started process (PID=21075) to work on /Users/garonsmith/Desktop/airflow_study/airflow-etl-explore/.venv/lib/python3.8/site-packages/airflow/example_dags/example_bash_operator.py
[2021-04-06 18:50:38,517] {scheduler_job.py:629} INFO - Processing file /Users/garonsmith/Desktop/airflow_study/airflow-etl-explore/.venv/lib/python3.8/site-packages/airflow/example_dags/example_bash_operator.py for tasks to queue
[2021-04-06 18:50:38,518] {logging_mixin.py:104} INFO - [2021-04-06 18:50:38,517] {dagbag.py:448} INFO - Filling up the DagBag from /Users/garonsmith/Desktop/airflow_study/airflow-etl-explore/.venv/lib/python3.8/site-packages/airflow/example_dags/example_bash_operator.py
[2021-04-06 18:50:38,523] {scheduler_job.py:639} INFO - DAG(s) dict_keys(['example_bash_operator']) retrieved from /Users/garonsmith/Desktop/airflow_study/airflow-etl-explore/.venv/lib/python3.8/site-packages/airflow/example_dags/example_bash_operator.py
[2021-04-06 18:50:38,562] {logging_mixin.py:104} INFO - [2021-04-06 18:50:38,562] {dag.py:1818} INFO - Sync 1 DAGs
[2021-04-06 18:50:38,579] {logging_mixin.py:104} INFO - [2021-04-06 18:50:38,579] {dag.py:2273} INFO - Setting next_dagrun for example_bash_operator to 2021-04-04 00:00:00+00:00
[2021-04-06 18:50:38,585] {scheduler_job.py:190} INFO - Processing /Users/garonsmith/Desktop/airflow_study/airflow-etl-explore/.venv/lib/python3.8/site-packages/airflow/example_dags/example_bash_operator.py took 0.069 seconds
[2021-04-06 18:50:39,215] {scheduler_job.py:182} INFO - Started process (PID=21085) to work on /Users/garonsmith/Desktop/airflow_study/airflow-etl-explore/.venv/lib/python3.8/site-packages/airflow/example_dags/example_bash_operator.py
[2021-04-06 18:50:39,215] {scheduler_job.py:629} INFO - Processing file /Users/garonsmith/Desktop/airflow_study/airflow-etl-explore/.venv/lib/python3.8/site-packages/airflow/example_dags/example_bash_operator.py for tasks to queue
[2021-04-06 18:50:39,216] {logging_mixin.py:104} INFO - [2021-04-06 18:50:39,216] {dagbag.py:448} INFO - Filling up the DagBag from /Users/garonsmith/Desktop/airflow_study/airflow-etl-explore/.venv/lib/python3.8/site-packages/airflow/example_dags/example_bash_operator.py
[2021-04-06 18:50:39,222] {scheduler_job.py:639} INFO - DAG(s) dict_keys(['example_bash_operator']) retrieved from /Users/garonsmith/Desktop/airflow_study/airflow-etl-explore/.venv/lib/python3.8/site-packages/airflow/example_dags/example_bash_operator.py
[2021-04-06 18:50:39,262] {logging_mixin.py:104} INFO - [2021-04-06 18:50:39,262] {dag.py:1818} INFO - Sync 1 DAGs
[2021-04-06 18:50:39,275] {logging_mixin.py:104} INFO - [2021-04-06 18:50:39,275] {dag.py:2273} INFO - Setting next_dagrun for example_bash_operator to 2021-04-04 00:00:00+00:00
[2021-04-06 18:50:39,280] {scheduler_job.py:190} INFO - Processing /Users/garonsmith/Desktop/airflow_study/airflow-etl-explore/.venv/lib/python3.8/site-packages/airflow/example_dags/example_bash_operator.py took 0.066 seconds
[2021-04-06 18:51:09,402] {scheduler_job.py:182} INFO - Started process (PID=21242) to work on /Users/garonsmith/Desktop/airflow_study/airflow-etl-explore/.venv/lib/python3.8/site-packages/airflow/example_dags/example_bash_operator.py
[2021-04-06 18:51:09,402] {scheduler_job.py:629} INFO - Processing file /Users/garonsmith/Desktop/airflow_study/airflow-etl-explore/.venv/lib/python3.8/site-packages/airflow/example_dags/example_bash_operator.py for tasks to queue
[2021-04-06 18:51:09,403] {logging_mixin.py:104} INFO - [2021-04-06 18:51:09,403] {dagbag.py:448} INFO - Filling up the DagBag from /Users/garonsmith/Desktop/airflow_study/airflow-etl-explore/.venv/lib/python3.8/site-packages/airflow/example_dags/example_bash_operator.py
[2021-04-06 18:51:09,409] {scheduler_job.py:639} INFO - DAG(s) dict_keys(['example_bash_operator']) retrieved from /Users/garonsmith/Desktop/airflow_study/airflow-etl-explore/.venv/lib/python3.8/site-packages/airflow/example_dags/example_bash_operator.py
[2021-04-06 18:51:09,442] {logging_mixin.py:104} INFO - [2021-04-06 18:51:09,442] {dag.py:1818} INFO - Sync 1 DAGs
[2021-04-06 18:51:09,474] {logging_mixin.py:104} INFO - [2021-04-06 18:51:09,474] {dag.py:2273} INFO - Setting next_dagrun for example_bash_operator to 2021-04-04 00:00:00+00:00
[2021-04-06 18:51:09,482] {scheduler_job.py:190} INFO - Processing /Users/garonsmith/Desktop/airflow_study/airflow-etl-explore/.venv/lib/python3.8/site-packages/airflow/example_dags/example_bash_operator.py took 0.081 seconds
[2021-04-06 18:51:10,143] {scheduler_job.py:182} INFO - Started process (PID=21253) to work on /Users/garonsmith/Desktop/airflow_study/airflow-etl-explore/.venv/lib/python3.8/site-packages/airflow/example_dags/example_bash_operator.py
[2021-04-06 18:51:10,143] {scheduler_job.py:629} INFO - Processing file /Users/garonsmith/Desktop/airflow_study/airflow-etl-explore/.venv/lib/python3.8/site-packages/airflow/example_dags/example_bash_operator.py for tasks to queue
[2021-04-06 18:51:10,143] {logging_mixin.py:104} INFO - [2021-04-06 18:51:10,143] {dagbag.py:448} INFO - Filling up the DagBag from /Users/garonsmith/Desktop/airflow_study/airflow-etl-explore/.venv/lib/python3.8/site-packages/airflow/example_dags/example_bash_operator.py
[2021-04-06 18:51:10,149] {scheduler_job.py:639} INFO - DAG(s) dict_keys(['example_bash_operator']) retrieved from /Users/garonsmith/Desktop/airflow_study/airflow-etl-explore/.venv/lib/python3.8/site-packages/airflow/example_dags/example_bash_operator.py
[2021-04-06 18:51:10,192] {logging_mixin.py:104} INFO - [2021-04-06 18:51:10,192] {dag.py:1818} INFO - Sync 1 DAGs
[2021-04-06 18:51:10,220] {logging_mixin.py:104} INFO - [2021-04-06 18:51:10,220] {dag.py:2273} INFO - Setting next_dagrun for example_bash_operator to 2021-04-04 00:00:00+00:00
[2021-04-06 18:51:10,227] {scheduler_job.py:190} INFO - Processing /Users/garonsmith/Desktop/airflow_study/airflow-etl-explore/.venv/lib/python3.8/site-packages/airflow/example_dags/example_bash_operator.py took 0.085 seconds
[2021-04-06 18:51:40,317] {scheduler_job.py:182} INFO - Started process (PID=21406) to work on /Users/garonsmith/Desktop/airflow_study/airflow-etl-explore/.venv/lib/python3.8/site-packages/airflow/example_dags/example_bash_operator.py
[2021-04-06 18:51:40,317] {scheduler_job.py:629} INFO - Processing file /Users/garonsmith/Desktop/airflow_study/airflow-etl-explore/.venv/lib/python3.8/site-packages/airflow/example_dags/example_bash_operator.py for tasks to queue
[2021-04-06 18:51:40,317] {logging_mixin.py:104} INFO - [2021-04-06 18:51:40,317] {dagbag.py:448} INFO - Filling up the DagBag from /Users/garonsmith/Desktop/airflow_study/airflow-etl-explore/.venv/lib/python3.8/site-packages/airflow/example_dags/example_bash_operator.py
[2021-04-06 18:51:40,324] {scheduler_job.py:639} INFO - DAG(s) dict_keys(['example_bash_operator']) retrieved from /Users/garonsmith/Desktop/airflow_study/airflow-etl-explore/.venv/lib/python3.8/site-packages/airflow/example_dags/example_bash_operator.py
[2021-04-06 18:51:40,363] {logging_mixin.py:104} INFO - [2021-04-06 18:51:40,363] {dag.py:1818} INFO - Sync 1 DAGs
[2021-04-06 18:51:40,376] {logging_mixin.py:104} INFO - [2021-04-06 18:51:40,376] {dag.py:2273} INFO - Setting next_dagrun for example_bash_operator to 2021-04-04 00:00:00+00:00
[2021-04-06 18:51:40,381] {scheduler_job.py:190} INFO - Processing /Users/garonsmith/Desktop/airflow_study/airflow-etl-explore/.venv/lib/python3.8/site-packages/airflow/example_dags/example_bash_operator.py took 0.065 seconds
[2021-04-06 18:51:41,203] {scheduler_job.py:182} INFO - Started process (PID=21420) to work on /Users/garonsmith/Desktop/airflow_study/airflow-etl-explore/.venv/lib/python3.8/site-packages/airflow/example_dags/example_bash_operator.py
[2021-04-06 18:51:41,204] {scheduler_job.py:629} INFO - Processing file /Users/garonsmith/Desktop/airflow_study/airflow-etl-explore/.venv/lib/python3.8/site-packages/airflow/example_dags/example_bash_operator.py for tasks to queue
[2021-04-06 18:51:41,204] {logging_mixin.py:104} INFO - [2021-04-06 18:51:41,204] {dagbag.py:448} INFO - Filling up the DagBag from /Users/garonsmith/Desktop/airflow_study/airflow-etl-explore/.venv/lib/python3.8/site-packages/airflow/example_dags/example_bash_operator.py
[2021-04-06 18:51:41,210] {scheduler_job.py:639} INFO - DAG(s) dict_keys(['example_bash_operator']) retrieved from /Users/garonsmith/Desktop/airflow_study/airflow-etl-explore/.venv/lib/python3.8/site-packages/airflow/example_dags/example_bash_operator.py
[2021-04-06 18:51:41,244] {logging_mixin.py:104} INFO - [2021-04-06 18:51:41,244] {dag.py:1818} INFO - Sync 1 DAGs
[2021-04-06 18:51:41,272] {logging_mixin.py:104} INFO - [2021-04-06 18:51:41,272] {dag.py:2273} INFO - Setting next_dagrun for example_bash_operator to 2021-04-04 00:00:00+00:00
[2021-04-06 18:51:41,277] {scheduler_job.py:190} INFO - Processing /Users/garonsmith/Desktop/airflow_study/airflow-etl-explore/.venv/lib/python3.8/site-packages/airflow/example_dags/example_bash_operator.py took 0.075 seconds
[2021-04-06 18:52:11,863] {scheduler_job.py:182} INFO - Started process (PID=21570) to work on /Users/garonsmith/Desktop/airflow_study/airflow-etl-explore/.venv/lib/python3.8/site-packages/airflow/example_dags/example_bash_operator.py
[2021-04-06 18:52:11,863] {scheduler_job.py:629} INFO - Processing file /Users/garonsmith/Desktop/airflow_study/airflow-etl-explore/.venv/lib/python3.8/site-packages/airflow/example_dags/example_bash_operator.py for tasks to queue
[2021-04-06 18:52:11,863] {logging_mixin.py:104} INFO - [2021-04-06 18:52:11,863] {dagbag.py:448} INFO - Filling up the DagBag from /Users/garonsmith/Desktop/airflow_study/airflow-etl-explore/.venv/lib/python3.8/site-packages/airflow/example_dags/example_bash_operator.py
[2021-04-06 18:52:11,868] {scheduler_job.py:639} INFO - DAG(s) dict_keys(['example_bash_operator']) retrieved from /Users/garonsmith/Desktop/airflow_study/airflow-etl-explore/.venv/lib/python3.8/site-packages/airflow/example_dags/example_bash_operator.py
[2021-04-06 18:52:11,897] {logging_mixin.py:104} INFO - [2021-04-06 18:52:11,897] {dag.py:1818} INFO - Sync 1 DAGs
[2021-04-06 18:52:11,926] {logging_mixin.py:104} INFO - [2021-04-06 18:52:11,926] {dag.py:2273} INFO - Setting next_dagrun for example_bash_operator to 2021-04-04 00:00:00+00:00
[2021-04-06 18:52:11,931] {scheduler_job.py:190} INFO - Processing /Users/garonsmith/Desktop/airflow_study/airflow-etl-explore/.venv/lib/python3.8/site-packages/airflow/example_dags/example_bash_operator.py took 0.069 seconds
[2021-04-06 18:52:43,090] {scheduler_job.py:182} INFO - Started process (PID=21666) to work on /Users/garonsmith/Desktop/airflow_study/airflow-etl-explore/.venv/lib/python3.8/site-packages/airflow/example_dags/example_bash_operator.py
[2021-04-06 18:52:43,091] {scheduler_job.py:629} INFO - Processing file /Users/garonsmith/Desktop/airflow_study/airflow-etl-explore/.venv/lib/python3.8/site-packages/airflow/example_dags/example_bash_operator.py for tasks to queue
[2021-04-06 18:52:43,091] {logging_mixin.py:104} INFO - [2021-04-06 18:52:43,091] {dagbag.py:448} INFO - Filling up the DagBag from /Users/garonsmith/Desktop/airflow_study/airflow-etl-explore/.venv/lib/python3.8/site-packages/airflow/example_dags/example_bash_operator.py
[2021-04-06 18:52:43,097] {scheduler_job.py:639} INFO - DAG(s) dict_keys(['example_bash_operator']) retrieved from /Users/garonsmith/Desktop/airflow_study/airflow-etl-explore/.venv/lib/python3.8/site-packages/airflow/example_dags/example_bash_operator.py
[2021-04-06 18:52:43,147] {logging_mixin.py:104} INFO - [2021-04-06 18:52:43,147] {dag.py:1818} INFO - Sync 1 DAGs
[2021-04-06 18:52:43,174] {logging_mixin.py:104} INFO - [2021-04-06 18:52:43,174] {dag.py:2273} INFO - Setting next_dagrun for example_bash_operator to 2021-04-04 00:00:00+00:00
[2021-04-06 18:52:43,179] {scheduler_job.py:190} INFO - Processing /Users/garonsmith/Desktop/airflow_study/airflow-etl-explore/.venv/lib/python3.8/site-packages/airflow/example_dags/example_bash_operator.py took 0.089 seconds
[2021-04-06 18:53:13,971] {scheduler_job.py:182} INFO - Started process (PID=21753) to work on /Users/garonsmith/Desktop/airflow_study/airflow-etl-explore/.venv/lib/python3.8/site-packages/airflow/example_dags/example_bash_operator.py
[2021-04-06 18:53:13,971] {scheduler_job.py:629} INFO - Processing file /Users/garonsmith/Desktop/airflow_study/airflow-etl-explore/.venv/lib/python3.8/site-packages/airflow/example_dags/example_bash_operator.py for tasks to queue
[2021-04-06 18:53:13,972] {logging_mixin.py:104} INFO - [2021-04-06 18:53:13,972] {dagbag.py:448} INFO - Filling up the DagBag from /Users/garonsmith/Desktop/airflow_study/airflow-etl-explore/.venv/lib/python3.8/site-packages/airflow/example_dags/example_bash_operator.py
[2021-04-06 18:53:13,977] {scheduler_job.py:639} INFO - DAG(s) dict_keys(['example_bash_operator']) retrieved from /Users/garonsmith/Desktop/airflow_study/airflow-etl-explore/.venv/lib/python3.8/site-packages/airflow/example_dags/example_bash_operator.py
[2021-04-06 18:53:14,015] {logging_mixin.py:104} INFO - [2021-04-06 18:53:14,015] {dag.py:1818} INFO - Sync 1 DAGs
[2021-04-06 18:53:14,029] {logging_mixin.py:104} INFO - [2021-04-06 18:53:14,029] {dag.py:2273} INFO - Setting next_dagrun for example_bash_operator to 2021-04-04 00:00:00+00:00
[2021-04-06 18:53:14,033] {scheduler_job.py:190} INFO - Processing /Users/garonsmith/Desktop/airflow_study/airflow-etl-explore/.venv/lib/python3.8/site-packages/airflow/example_dags/example_bash_operator.py took 0.063 seconds
[2021-04-06 18:53:45,170] {scheduler_job.py:182} INFO - Started process (PID=21859) to work on /Users/garonsmith/Desktop/airflow_study/airflow-etl-explore/.venv/lib/python3.8/site-packages/airflow/example_dags/example_bash_operator.py
[2021-04-06 18:53:45,170] {scheduler_job.py:629} INFO - Processing file /Users/garonsmith/Desktop/airflow_study/airflow-etl-explore/.venv/lib/python3.8/site-packages/airflow/example_dags/example_bash_operator.py for tasks to queue
[2021-04-06 18:53:45,171] {logging_mixin.py:104} INFO - [2021-04-06 18:53:45,171] {dagbag.py:448} INFO - Filling up the DagBag from /Users/garonsmith/Desktop/airflow_study/airflow-etl-explore/.venv/lib/python3.8/site-packages/airflow/example_dags/example_bash_operator.py
[2021-04-06 18:53:45,176] {scheduler_job.py:639} INFO - DAG(s) dict_keys(['example_bash_operator']) retrieved from /Users/garonsmith/Desktop/airflow_study/airflow-etl-explore/.venv/lib/python3.8/site-packages/airflow/example_dags/example_bash_operator.py
[2021-04-06 18:53:45,219] {logging_mixin.py:104} INFO - [2021-04-06 18:53:45,219] {dag.py:1818} INFO - Sync 1 DAGs
[2021-04-06 18:53:45,233] {logging_mixin.py:104} INFO - [2021-04-06 18:53:45,233] {dag.py:2273} INFO - Setting next_dagrun for example_bash_operator to 2021-04-04 00:00:00+00:00
[2021-04-06 18:53:45,240] {scheduler_job.py:190} INFO - Processing /Users/garonsmith/Desktop/airflow_study/airflow-etl-explore/.venv/lib/python3.8/site-packages/airflow/example_dags/example_bash_operator.py took 0.071 seconds
[2021-04-06 18:54:16,056] {scheduler_job.py:182} INFO - Started process (PID=21958) to work on /Users/garonsmith/Desktop/airflow_study/airflow-etl-explore/.venv/lib/python3.8/site-packages/airflow/example_dags/example_bash_operator.py
[2021-04-06 18:54:16,056] {scheduler_job.py:629} INFO - Processing file /Users/garonsmith/Desktop/airflow_study/airflow-etl-explore/.venv/lib/python3.8/site-packages/airflow/example_dags/example_bash_operator.py for tasks to queue
[2021-04-06 18:54:16,056] {logging_mixin.py:104} INFO - [2021-04-06 18:54:16,056] {dagbag.py:448} INFO - Filling up the DagBag from /Users/garonsmith/Desktop/airflow_study/airflow-etl-explore/.venv/lib/python3.8/site-packages/airflow/example_dags/example_bash_operator.py
[2021-04-06 18:54:16,061] {scheduler_job.py:639} INFO - DAG(s) dict_keys(['example_bash_operator']) retrieved from /Users/garonsmith/Desktop/airflow_study/airflow-etl-explore/.venv/lib/python3.8/site-packages/airflow/example_dags/example_bash_operator.py
[2021-04-06 18:54:16,097] {logging_mixin.py:104} INFO - [2021-04-06 18:54:16,097] {dag.py:1818} INFO - Sync 1 DAGs
[2021-04-06 18:54:16,129] {logging_mixin.py:104} INFO - [2021-04-06 18:54:16,129] {dag.py:2273} INFO - Setting next_dagrun for example_bash_operator to 2021-04-04 00:00:00+00:00
[2021-04-06 18:54:16,135] {scheduler_job.py:190} INFO - Processing /Users/garonsmith/Desktop/airflow_study/airflow-etl-explore/.venv/lib/python3.8/site-packages/airflow/example_dags/example_bash_operator.py took 0.079 seconds
