[2021-04-06 18:36:19,338] {scheduler_job.py:182} INFO - Started process (PID=17426) to work on /Users/garonsmith/Desktop/airflow_study/airflow-etl-explore/.venv/lib/python3.8/site-packages/airflow/example_dags/example_kubernetes_executor_config.py
[2021-04-06 18:36:19,339] {scheduler_job.py:629} INFO - Processing file /Users/garonsmith/Desktop/airflow_study/airflow-etl-explore/.venv/lib/python3.8/site-packages/airflow/example_dags/example_kubernetes_executor_config.py for tasks to queue
[2021-04-06 18:36:19,339] {logging_mixin.py:104} INFO - [2021-04-06 18:36:19,339] {dagbag.py:448} INFO - Filling up the DagBag from /Users/garonsmith/Desktop/airflow_study/airflow-etl-explore/.venv/lib/python3.8/site-packages/airflow/example_dags/example_kubernetes_executor_config.py
[2021-04-06 18:36:19,341] {logging_mixin.py:104} INFO - [2021-04-06 18:36:19,341] {example_kubernetes_executor_config.py:174} WARNING - Could not import DAGs in example_kubernetes_executor_config.py: No module named 'kubernetes'
[2021-04-06 18:36:19,341] {logging_mixin.py:104} INFO - [2021-04-06 18:36:19,341] {example_kubernetes_executor_config.py:175} WARNING - Install kubernetes dependencies with: pip install apache-airflow['cncf.kubernetes']
[2021-04-06 18:36:19,341] {scheduler_job.py:641} WARNING - No viable dags retrieved from /Users/garonsmith/Desktop/airflow_study/airflow-etl-explore/.venv/lib/python3.8/site-packages/airflow/example_dags/example_kubernetes_executor_config.py
[2021-04-06 18:36:19,367] {scheduler_job.py:190} INFO - Processing /Users/garonsmith/Desktop/airflow_study/airflow-etl-explore/.venv/lib/python3.8/site-packages/airflow/example_dags/example_kubernetes_executor_config.py took 0.030 seconds
[2021-04-06 18:36:50,683] {scheduler_job.py:182} INFO - Started process (PID=17512) to work on /Users/garonsmith/Desktop/airflow_study/airflow-etl-explore/.venv/lib/python3.8/site-packages/airflow/example_dags/example_kubernetes_executor_config.py
[2021-04-06 18:36:50,684] {scheduler_job.py:629} INFO - Processing file /Users/garonsmith/Desktop/airflow_study/airflow-etl-explore/.venv/lib/python3.8/site-packages/airflow/example_dags/example_kubernetes_executor_config.py for tasks to queue
[2021-04-06 18:36:50,685] {logging_mixin.py:104} INFO - [2021-04-06 18:36:50,685] {dagbag.py:448} INFO - Filling up the DagBag from /Users/garonsmith/Desktop/airflow_study/airflow-etl-explore/.venv/lib/python3.8/site-packages/airflow/example_dags/example_kubernetes_executor_config.py
[2021-04-06 18:36:50,688] {logging_mixin.py:104} INFO - [2021-04-06 18:36:50,688] {example_kubernetes_executor_config.py:174} WARNING - Could not import DAGs in example_kubernetes_executor_config.py: No module named 'kubernetes'
[2021-04-06 18:36:50,688] {logging_mixin.py:104} INFO - [2021-04-06 18:36:50,688] {example_kubernetes_executor_config.py:175} WARNING - Install kubernetes dependencies with: pip install apache-airflow['cncf.kubernetes']
[2021-04-06 18:36:50,689] {scheduler_job.py:641} WARNING - No viable dags retrieved from /Users/garonsmith/Desktop/airflow_study/airflow-etl-explore/.venv/lib/python3.8/site-packages/airflow/example_dags/example_kubernetes_executor_config.py
[2021-04-06 18:36:50,716] {scheduler_job.py:190} INFO - Processing /Users/garonsmith/Desktop/airflow_study/airflow-etl-explore/.venv/lib/python3.8/site-packages/airflow/example_dags/example_kubernetes_executor_config.py took 0.033 seconds
[2021-04-06 18:37:21,474] {scheduler_job.py:182} INFO - Started process (PID=18409) to work on /Users/garonsmith/Desktop/airflow_study/airflow-etl-explore/.venv/lib/python3.8/site-packages/airflow/example_dags/example_kubernetes_executor_config.py
[2021-04-06 18:37:21,475] {scheduler_job.py:629} INFO - Processing file /Users/garonsmith/Desktop/airflow_study/airflow-etl-explore/.venv/lib/python3.8/site-packages/airflow/example_dags/example_kubernetes_executor_config.py for tasks to queue
[2021-04-06 18:37:21,475] {logging_mixin.py:104} INFO - [2021-04-06 18:37:21,475] {dagbag.py:448} INFO - Filling up the DagBag from /Users/garonsmith/Desktop/airflow_study/airflow-etl-explore/.venv/lib/python3.8/site-packages/airflow/example_dags/example_kubernetes_executor_config.py
[2021-04-06 18:37:21,478] {logging_mixin.py:104} INFO - [2021-04-06 18:37:21,478] {example_kubernetes_executor_config.py:174} WARNING - Could not import DAGs in example_kubernetes_executor_config.py: No module named 'kubernetes'
[2021-04-06 18:37:21,479] {logging_mixin.py:104} INFO - [2021-04-06 18:37:21,479] {example_kubernetes_executor_config.py:175} WARNING - Install kubernetes dependencies with: pip install apache-airflow['cncf.kubernetes']
[2021-04-06 18:37:21,479] {scheduler_job.py:641} WARNING - No viable dags retrieved from /Users/garonsmith/Desktop/airflow_study/airflow-etl-explore/.venv/lib/python3.8/site-packages/airflow/example_dags/example_kubernetes_executor_config.py
[2021-04-06 18:37:21,504] {scheduler_job.py:190} INFO - Processing /Users/garonsmith/Desktop/airflow_study/airflow-etl-explore/.venv/lib/python3.8/site-packages/airflow/example_dags/example_kubernetes_executor_config.py took 0.031 seconds
[2021-04-06 18:37:53,239] {scheduler_job.py:182} INFO - Started process (PID=18496) to work on /Users/garonsmith/Desktop/airflow_study/airflow-etl-explore/.venv/lib/python3.8/site-packages/airflow/example_dags/example_kubernetes_executor_config.py
[2021-04-06 18:37:53,239] {scheduler_job.py:629} INFO - Processing file /Users/garonsmith/Desktop/airflow_study/airflow-etl-explore/.venv/lib/python3.8/site-packages/airflow/example_dags/example_kubernetes_executor_config.py for tasks to queue
[2021-04-06 18:37:53,240] {logging_mixin.py:104} INFO - [2021-04-06 18:37:53,240] {dagbag.py:448} INFO - Filling up the DagBag from /Users/garonsmith/Desktop/airflow_study/airflow-etl-explore/.venv/lib/python3.8/site-packages/airflow/example_dags/example_kubernetes_executor_config.py
[2021-04-06 18:37:53,242] {logging_mixin.py:104} INFO - [2021-04-06 18:37:53,242] {example_kubernetes_executor_config.py:174} WARNING - Could not import DAGs in example_kubernetes_executor_config.py: No module named 'kubernetes'
[2021-04-06 18:37:53,242] {logging_mixin.py:104} INFO - [2021-04-06 18:37:53,242] {example_kubernetes_executor_config.py:175} WARNING - Install kubernetes dependencies with: pip install apache-airflow['cncf.kubernetes']
[2021-04-06 18:37:53,242] {scheduler_job.py:641} WARNING - No viable dags retrieved from /Users/garonsmith/Desktop/airflow_study/airflow-etl-explore/.venv/lib/python3.8/site-packages/airflow/example_dags/example_kubernetes_executor_config.py
[2021-04-06 18:37:53,271] {scheduler_job.py:190} INFO - Processing /Users/garonsmith/Desktop/airflow_study/airflow-etl-explore/.venv/lib/python3.8/site-packages/airflow/example_dags/example_kubernetes_executor_config.py took 0.033 seconds
[2021-04-06 18:38:24,433] {scheduler_job.py:182} INFO - Started process (PID=18585) to work on /Users/garonsmith/Desktop/airflow_study/airflow-etl-explore/.venv/lib/python3.8/site-packages/airflow/example_dags/example_kubernetes_executor_config.py
[2021-04-06 18:38:24,433] {scheduler_job.py:629} INFO - Processing file /Users/garonsmith/Desktop/airflow_study/airflow-etl-explore/.venv/lib/python3.8/site-packages/airflow/example_dags/example_kubernetes_executor_config.py for tasks to queue
[2021-04-06 18:38:24,434] {logging_mixin.py:104} INFO - [2021-04-06 18:38:24,434] {dagbag.py:448} INFO - Filling up the DagBag from /Users/garonsmith/Desktop/airflow_study/airflow-etl-explore/.venv/lib/python3.8/site-packages/airflow/example_dags/example_kubernetes_executor_config.py
[2021-04-06 18:38:24,436] {logging_mixin.py:104} INFO - [2021-04-06 18:38:24,436] {example_kubernetes_executor_config.py:174} WARNING - Could not import DAGs in example_kubernetes_executor_config.py: No module named 'kubernetes'
[2021-04-06 18:38:24,436] {logging_mixin.py:104} INFO - [2021-04-06 18:38:24,436] {example_kubernetes_executor_config.py:175} WARNING - Install kubernetes dependencies with: pip install apache-airflow['cncf.kubernetes']
[2021-04-06 18:38:24,437] {scheduler_job.py:641} WARNING - No viable dags retrieved from /Users/garonsmith/Desktop/airflow_study/airflow-etl-explore/.venv/lib/python3.8/site-packages/airflow/example_dags/example_kubernetes_executor_config.py
[2021-04-06 18:38:24,466] {scheduler_job.py:190} INFO - Processing /Users/garonsmith/Desktop/airflow_study/airflow-etl-explore/.venv/lib/python3.8/site-packages/airflow/example_dags/example_kubernetes_executor_config.py took 0.033 seconds
[2021-04-06 18:38:55,425] {scheduler_job.py:182} INFO - Started process (PID=18678) to work on /Users/garonsmith/Desktop/airflow_study/airflow-etl-explore/.venv/lib/python3.8/site-packages/airflow/example_dags/example_kubernetes_executor_config.py
[2021-04-06 18:38:55,425] {scheduler_job.py:629} INFO - Processing file /Users/garonsmith/Desktop/airflow_study/airflow-etl-explore/.venv/lib/python3.8/site-packages/airflow/example_dags/example_kubernetes_executor_config.py for tasks to queue
[2021-04-06 18:38:55,426] {logging_mixin.py:104} INFO - [2021-04-06 18:38:55,426] {dagbag.py:448} INFO - Filling up the DagBag from /Users/garonsmith/Desktop/airflow_study/airflow-etl-explore/.venv/lib/python3.8/site-packages/airflow/example_dags/example_kubernetes_executor_config.py
[2021-04-06 18:38:55,429] {logging_mixin.py:104} INFO - [2021-04-06 18:38:55,429] {example_kubernetes_executor_config.py:174} WARNING - Could not import DAGs in example_kubernetes_executor_config.py: No module named 'kubernetes'
[2021-04-06 18:38:55,429] {logging_mixin.py:104} INFO - [2021-04-06 18:38:55,429] {example_kubernetes_executor_config.py:175} WARNING - Install kubernetes dependencies with: pip install apache-airflow['cncf.kubernetes']
[2021-04-06 18:38:55,429] {scheduler_job.py:641} WARNING - No viable dags retrieved from /Users/garonsmith/Desktop/airflow_study/airflow-etl-explore/.venv/lib/python3.8/site-packages/airflow/example_dags/example_kubernetes_executor_config.py
[2021-04-06 18:38:55,470] {scheduler_job.py:190} INFO - Processing /Users/garonsmith/Desktop/airflow_study/airflow-etl-explore/.venv/lib/python3.8/site-packages/airflow/example_dags/example_kubernetes_executor_config.py took 0.045 seconds
[2021-04-06 18:39:27,305] {scheduler_job.py:182} INFO - Started process (PID=18782) to work on /Users/garonsmith/Desktop/airflow_study/airflow-etl-explore/.venv/lib/python3.8/site-packages/airflow/example_dags/example_kubernetes_executor_config.py
[2021-04-06 18:39:27,306] {scheduler_job.py:629} INFO - Processing file /Users/garonsmith/Desktop/airflow_study/airflow-etl-explore/.venv/lib/python3.8/site-packages/airflow/example_dags/example_kubernetes_executor_config.py for tasks to queue
[2021-04-06 18:39:27,306] {logging_mixin.py:104} INFO - [2021-04-06 18:39:27,306] {dagbag.py:448} INFO - Filling up the DagBag from /Users/garonsmith/Desktop/airflow_study/airflow-etl-explore/.venv/lib/python3.8/site-packages/airflow/example_dags/example_kubernetes_executor_config.py
[2021-04-06 18:39:27,309] {logging_mixin.py:104} INFO - [2021-04-06 18:39:27,308] {example_kubernetes_executor_config.py:174} WARNING - Could not import DAGs in example_kubernetes_executor_config.py: No module named 'kubernetes'
[2021-04-06 18:39:27,309] {logging_mixin.py:104} INFO - [2021-04-06 18:39:27,309] {example_kubernetes_executor_config.py:175} WARNING - Install kubernetes dependencies with: pip install apache-airflow['cncf.kubernetes']
[2021-04-06 18:39:27,309] {scheduler_job.py:641} WARNING - No viable dags retrieved from /Users/garonsmith/Desktop/airflow_study/airflow-etl-explore/.venv/lib/python3.8/site-packages/airflow/example_dags/example_kubernetes_executor_config.py
[2021-04-06 18:39:27,339] {scheduler_job.py:190} INFO - Processing /Users/garonsmith/Desktop/airflow_study/airflow-etl-explore/.venv/lib/python3.8/site-packages/airflow/example_dags/example_kubernetes_executor_config.py took 0.034 seconds
[2021-04-06 18:39:58,315] {scheduler_job.py:182} INFO - Started process (PID=18896) to work on /Users/garonsmith/Desktop/airflow_study/airflow-etl-explore/.venv/lib/python3.8/site-packages/airflow/example_dags/example_kubernetes_executor_config.py
[2021-04-06 18:39:58,316] {scheduler_job.py:629} INFO - Processing file /Users/garonsmith/Desktop/airflow_study/airflow-etl-explore/.venv/lib/python3.8/site-packages/airflow/example_dags/example_kubernetes_executor_config.py for tasks to queue
[2021-04-06 18:39:58,316] {logging_mixin.py:104} INFO - [2021-04-06 18:39:58,316] {dagbag.py:448} INFO - Filling up the DagBag from /Users/garonsmith/Desktop/airflow_study/airflow-etl-explore/.venv/lib/python3.8/site-packages/airflow/example_dags/example_kubernetes_executor_config.py
[2021-04-06 18:39:58,319] {logging_mixin.py:104} INFO - [2021-04-06 18:39:58,319] {example_kubernetes_executor_config.py:174} WARNING - Could not import DAGs in example_kubernetes_executor_config.py: No module named 'kubernetes'
[2021-04-06 18:39:58,319] {logging_mixin.py:104} INFO - [2021-04-06 18:39:58,319] {example_kubernetes_executor_config.py:175} WARNING - Install kubernetes dependencies with: pip install apache-airflow['cncf.kubernetes']
[2021-04-06 18:39:58,319] {scheduler_job.py:641} WARNING - No viable dags retrieved from /Users/garonsmith/Desktop/airflow_study/airflow-etl-explore/.venv/lib/python3.8/site-packages/airflow/example_dags/example_kubernetes_executor_config.py
[2021-04-06 18:39:58,367] {scheduler_job.py:190} INFO - Processing /Users/garonsmith/Desktop/airflow_study/airflow-etl-explore/.venv/lib/python3.8/site-packages/airflow/example_dags/example_kubernetes_executor_config.py took 0.052 seconds
[2021-04-06 18:40:29,616] {scheduler_job.py:182} INFO - Started process (PID=18992) to work on /Users/garonsmith/Desktop/airflow_study/airflow-etl-explore/.venv/lib/python3.8/site-packages/airflow/example_dags/example_kubernetes_executor_config.py
[2021-04-06 18:40:29,616] {scheduler_job.py:629} INFO - Processing file /Users/garonsmith/Desktop/airflow_study/airflow-etl-explore/.venv/lib/python3.8/site-packages/airflow/example_dags/example_kubernetes_executor_config.py for tasks to queue
[2021-04-06 18:40:29,616] {logging_mixin.py:104} INFO - [2021-04-06 18:40:29,616] {dagbag.py:448} INFO - Filling up the DagBag from /Users/garonsmith/Desktop/airflow_study/airflow-etl-explore/.venv/lib/python3.8/site-packages/airflow/example_dags/example_kubernetes_executor_config.py
[2021-04-06 18:40:29,619] {logging_mixin.py:104} INFO - [2021-04-06 18:40:29,619] {example_kubernetes_executor_config.py:174} WARNING - Could not import DAGs in example_kubernetes_executor_config.py: No module named 'kubernetes'
[2021-04-06 18:40:29,619] {logging_mixin.py:104} INFO - [2021-04-06 18:40:29,619] {example_kubernetes_executor_config.py:175} WARNING - Install kubernetes dependencies with: pip install apache-airflow['cncf.kubernetes']
[2021-04-06 18:40:29,619] {scheduler_job.py:641} WARNING - No viable dags retrieved from /Users/garonsmith/Desktop/airflow_study/airflow-etl-explore/.venv/lib/python3.8/site-packages/airflow/example_dags/example_kubernetes_executor_config.py
[2021-04-06 18:40:29,658] {scheduler_job.py:190} INFO - Processing /Users/garonsmith/Desktop/airflow_study/airflow-etl-explore/.venv/lib/python3.8/site-packages/airflow/example_dags/example_kubernetes_executor_config.py took 0.043 seconds
[2021-04-06 18:41:00,975] {scheduler_job.py:182} INFO - Started process (PID=19074) to work on /Users/garonsmith/Desktop/airflow_study/airflow-etl-explore/.venv/lib/python3.8/site-packages/airflow/example_dags/example_kubernetes_executor_config.py
[2021-04-06 18:41:00,975] {scheduler_job.py:629} INFO - Processing file /Users/garonsmith/Desktop/airflow_study/airflow-etl-explore/.venv/lib/python3.8/site-packages/airflow/example_dags/example_kubernetes_executor_config.py for tasks to queue
[2021-04-06 18:41:00,975] {logging_mixin.py:104} INFO - [2021-04-06 18:41:00,975] {dagbag.py:448} INFO - Filling up the DagBag from /Users/garonsmith/Desktop/airflow_study/airflow-etl-explore/.venv/lib/python3.8/site-packages/airflow/example_dags/example_kubernetes_executor_config.py
[2021-04-06 18:41:00,978] {logging_mixin.py:104} INFO - [2021-04-06 18:41:00,978] {example_kubernetes_executor_config.py:174} WARNING - Could not import DAGs in example_kubernetes_executor_config.py: No module named 'kubernetes'
[2021-04-06 18:41:00,978] {logging_mixin.py:104} INFO - [2021-04-06 18:41:00,978] {example_kubernetes_executor_config.py:175} WARNING - Install kubernetes dependencies with: pip install apache-airflow['cncf.kubernetes']
[2021-04-06 18:41:00,978] {scheduler_job.py:641} WARNING - No viable dags retrieved from /Users/garonsmith/Desktop/airflow_study/airflow-etl-explore/.venv/lib/python3.8/site-packages/airflow/example_dags/example_kubernetes_executor_config.py
[2021-04-06 18:41:01,005] {scheduler_job.py:190} INFO - Processing /Users/garonsmith/Desktop/airflow_study/airflow-etl-explore/.venv/lib/python3.8/site-packages/airflow/example_dags/example_kubernetes_executor_config.py took 0.031 seconds
[2021-04-06 18:41:32,599] {scheduler_job.py:182} INFO - Started process (PID=19168) to work on /Users/garonsmith/Desktop/airflow_study/airflow-etl-explore/.venv/lib/python3.8/site-packages/airflow/example_dags/example_kubernetes_executor_config.py
[2021-04-06 18:41:32,599] {scheduler_job.py:629} INFO - Processing file /Users/garonsmith/Desktop/airflow_study/airflow-etl-explore/.venv/lib/python3.8/site-packages/airflow/example_dags/example_kubernetes_executor_config.py for tasks to queue
[2021-04-06 18:41:32,600] {logging_mixin.py:104} INFO - [2021-04-06 18:41:32,600] {dagbag.py:448} INFO - Filling up the DagBag from /Users/garonsmith/Desktop/airflow_study/airflow-etl-explore/.venv/lib/python3.8/site-packages/airflow/example_dags/example_kubernetes_executor_config.py
[2021-04-06 18:41:32,603] {logging_mixin.py:104} INFO - [2021-04-06 18:41:32,603] {example_kubernetes_executor_config.py:174} WARNING - Could not import DAGs in example_kubernetes_executor_config.py: No module named 'kubernetes'
[2021-04-06 18:41:32,603] {logging_mixin.py:104} INFO - [2021-04-06 18:41:32,603] {example_kubernetes_executor_config.py:175} WARNING - Install kubernetes dependencies with: pip install apache-airflow['cncf.kubernetes']
[2021-04-06 18:41:32,603] {scheduler_job.py:641} WARNING - No viable dags retrieved from /Users/garonsmith/Desktop/airflow_study/airflow-etl-explore/.venv/lib/python3.8/site-packages/airflow/example_dags/example_kubernetes_executor_config.py
[2021-04-06 18:41:32,650] {scheduler_job.py:190} INFO - Processing /Users/garonsmith/Desktop/airflow_study/airflow-etl-explore/.venv/lib/python3.8/site-packages/airflow/example_dags/example_kubernetes_executor_config.py took 0.052 seconds
[2021-04-06 18:42:03,613] {scheduler_job.py:182} INFO - Started process (PID=19272) to work on /Users/garonsmith/Desktop/airflow_study/airflow-etl-explore/.venv/lib/python3.8/site-packages/airflow/example_dags/example_kubernetes_executor_config.py
[2021-04-06 18:42:03,613] {scheduler_job.py:629} INFO - Processing file /Users/garonsmith/Desktop/airflow_study/airflow-etl-explore/.venv/lib/python3.8/site-packages/airflow/example_dags/example_kubernetes_executor_config.py for tasks to queue
[2021-04-06 18:42:03,613] {logging_mixin.py:104} INFO - [2021-04-06 18:42:03,613] {dagbag.py:448} INFO - Filling up the DagBag from /Users/garonsmith/Desktop/airflow_study/airflow-etl-explore/.venv/lib/python3.8/site-packages/airflow/example_dags/example_kubernetes_executor_config.py
[2021-04-06 18:42:03,616] {logging_mixin.py:104} INFO - [2021-04-06 18:42:03,616] {example_kubernetes_executor_config.py:174} WARNING - Could not import DAGs in example_kubernetes_executor_config.py: No module named 'kubernetes'
[2021-04-06 18:42:03,616] {logging_mixin.py:104} INFO - [2021-04-06 18:42:03,616] {example_kubernetes_executor_config.py:175} WARNING - Install kubernetes dependencies with: pip install apache-airflow['cncf.kubernetes']
[2021-04-06 18:42:03,616] {scheduler_job.py:641} WARNING - No viable dags retrieved from /Users/garonsmith/Desktop/airflow_study/airflow-etl-explore/.venv/lib/python3.8/site-packages/airflow/example_dags/example_kubernetes_executor_config.py
[2021-04-06 18:42:03,662] {scheduler_job.py:190} INFO - Processing /Users/garonsmith/Desktop/airflow_study/airflow-etl-explore/.venv/lib/python3.8/site-packages/airflow/example_dags/example_kubernetes_executor_config.py took 0.050 seconds
[2021-04-06 18:42:34,288] {scheduler_job.py:182} INFO - Started process (PID=19362) to work on /Users/garonsmith/Desktop/airflow_study/airflow-etl-explore/.venv/lib/python3.8/site-packages/airflow/example_dags/example_kubernetes_executor_config.py
[2021-04-06 18:42:34,289] {scheduler_job.py:629} INFO - Processing file /Users/garonsmith/Desktop/airflow_study/airflow-etl-explore/.venv/lib/python3.8/site-packages/airflow/example_dags/example_kubernetes_executor_config.py for tasks to queue
[2021-04-06 18:42:34,289] {logging_mixin.py:104} INFO - [2021-04-06 18:42:34,289] {dagbag.py:448} INFO - Filling up the DagBag from /Users/garonsmith/Desktop/airflow_study/airflow-etl-explore/.venv/lib/python3.8/site-packages/airflow/example_dags/example_kubernetes_executor_config.py
[2021-04-06 18:42:34,291] {logging_mixin.py:104} INFO - [2021-04-06 18:42:34,291] {example_kubernetes_executor_config.py:174} WARNING - Could not import DAGs in example_kubernetes_executor_config.py: No module named 'kubernetes'
[2021-04-06 18:42:34,292] {logging_mixin.py:104} INFO - [2021-04-06 18:42:34,291] {example_kubernetes_executor_config.py:175} WARNING - Install kubernetes dependencies with: pip install apache-airflow['cncf.kubernetes']
[2021-04-06 18:42:34,292] {scheduler_job.py:641} WARNING - No viable dags retrieved from /Users/garonsmith/Desktop/airflow_study/airflow-etl-explore/.venv/lib/python3.8/site-packages/airflow/example_dags/example_kubernetes_executor_config.py
[2021-04-06 18:42:34,318] {scheduler_job.py:190} INFO - Processing /Users/garonsmith/Desktop/airflow_study/airflow-etl-explore/.venv/lib/python3.8/site-packages/airflow/example_dags/example_kubernetes_executor_config.py took 0.030 seconds
[2021-04-06 18:43:05,862] {scheduler_job.py:182} INFO - Started process (PID=19452) to work on /Users/garonsmith/Desktop/airflow_study/airflow-etl-explore/.venv/lib/python3.8/site-packages/airflow/example_dags/example_kubernetes_executor_config.py
[2021-04-06 18:43:05,862] {scheduler_job.py:629} INFO - Processing file /Users/garonsmith/Desktop/airflow_study/airflow-etl-explore/.venv/lib/python3.8/site-packages/airflow/example_dags/example_kubernetes_executor_config.py for tasks to queue
[2021-04-06 18:43:05,862] {logging_mixin.py:104} INFO - [2021-04-06 18:43:05,862] {dagbag.py:448} INFO - Filling up the DagBag from /Users/garonsmith/Desktop/airflow_study/airflow-etl-explore/.venv/lib/python3.8/site-packages/airflow/example_dags/example_kubernetes_executor_config.py
[2021-04-06 18:43:05,864] {logging_mixin.py:104} INFO - [2021-04-06 18:43:05,864] {example_kubernetes_executor_config.py:174} WARNING - Could not import DAGs in example_kubernetes_executor_config.py: No module named 'kubernetes'
[2021-04-06 18:43:05,865] {logging_mixin.py:104} INFO - [2021-04-06 18:43:05,864] {example_kubernetes_executor_config.py:175} WARNING - Install kubernetes dependencies with: pip install apache-airflow['cncf.kubernetes']
[2021-04-06 18:43:05,865] {scheduler_job.py:641} WARNING - No viable dags retrieved from /Users/garonsmith/Desktop/airflow_study/airflow-etl-explore/.venv/lib/python3.8/site-packages/airflow/example_dags/example_kubernetes_executor_config.py
[2021-04-06 18:43:05,912] {scheduler_job.py:190} INFO - Processing /Users/garonsmith/Desktop/airflow_study/airflow-etl-explore/.venv/lib/python3.8/site-packages/airflow/example_dags/example_kubernetes_executor_config.py took 0.051 seconds
[2021-04-06 18:43:36,917] {scheduler_job.py:182} INFO - Started process (PID=19565) to work on /Users/garonsmith/Desktop/airflow_study/airflow-etl-explore/.venv/lib/python3.8/site-packages/airflow/example_dags/example_kubernetes_executor_config.py
[2021-04-06 18:43:36,918] {scheduler_job.py:629} INFO - Processing file /Users/garonsmith/Desktop/airflow_study/airflow-etl-explore/.venv/lib/python3.8/site-packages/airflow/example_dags/example_kubernetes_executor_config.py for tasks to queue
[2021-04-06 18:43:36,918] {logging_mixin.py:104} INFO - [2021-04-06 18:43:36,918] {dagbag.py:448} INFO - Filling up the DagBag from /Users/garonsmith/Desktop/airflow_study/airflow-etl-explore/.venv/lib/python3.8/site-packages/airflow/example_dags/example_kubernetes_executor_config.py
[2021-04-06 18:43:36,921] {logging_mixin.py:104} INFO - [2021-04-06 18:43:36,921] {example_kubernetes_executor_config.py:174} WARNING - Could not import DAGs in example_kubernetes_executor_config.py: No module named 'kubernetes'
[2021-04-06 18:43:36,921] {logging_mixin.py:104} INFO - [2021-04-06 18:43:36,921] {example_kubernetes_executor_config.py:175} WARNING - Install kubernetes dependencies with: pip install apache-airflow['cncf.kubernetes']
[2021-04-06 18:43:36,921] {scheduler_job.py:641} WARNING - No viable dags retrieved from /Users/garonsmith/Desktop/airflow_study/airflow-etl-explore/.venv/lib/python3.8/site-packages/airflow/example_dags/example_kubernetes_executor_config.py
[2021-04-06 18:43:36,959] {scheduler_job.py:190} INFO - Processing /Users/garonsmith/Desktop/airflow_study/airflow-etl-explore/.venv/lib/python3.8/site-packages/airflow/example_dags/example_kubernetes_executor_config.py took 0.043 seconds
[2021-04-06 18:43:55,794] {scheduler_job.py:182} INFO - Started process (PID=19681) to work on /Users/garonsmith/Desktop/airflow_study/airflow-etl-explore/.venv/lib/python3.8/site-packages/airflow/example_dags/example_kubernetes_executor_config.py
[2021-04-06 18:43:55,795] {scheduler_job.py:629} INFO - Processing file /Users/garonsmith/Desktop/airflow_study/airflow-etl-explore/.venv/lib/python3.8/site-packages/airflow/example_dags/example_kubernetes_executor_config.py for tasks to queue
[2021-04-06 18:43:55,795] {logging_mixin.py:104} INFO - [2021-04-06 18:43:55,795] {dagbag.py:448} INFO - Filling up the DagBag from /Users/garonsmith/Desktop/airflow_study/airflow-etl-explore/.venv/lib/python3.8/site-packages/airflow/example_dags/example_kubernetes_executor_config.py
[2021-04-06 18:43:55,797] {logging_mixin.py:104} INFO - [2021-04-06 18:43:55,797] {example_kubernetes_executor_config.py:174} WARNING - Could not import DAGs in example_kubernetes_executor_config.py: No module named 'kubernetes'
[2021-04-06 18:43:55,797] {logging_mixin.py:104} INFO - [2021-04-06 18:43:55,797] {example_kubernetes_executor_config.py:175} WARNING - Install kubernetes dependencies with: pip install apache-airflow['cncf.kubernetes']
[2021-04-06 18:43:55,798] {scheduler_job.py:641} WARNING - No viable dags retrieved from /Users/garonsmith/Desktop/airflow_study/airflow-etl-explore/.venv/lib/python3.8/site-packages/airflow/example_dags/example_kubernetes_executor_config.py
[2021-04-06 18:43:55,826] {scheduler_job.py:190} INFO - Processing /Users/garonsmith/Desktop/airflow_study/airflow-etl-explore/.venv/lib/python3.8/site-packages/airflow/example_dags/example_kubernetes_executor_config.py took 0.032 seconds
[2021-04-06 18:44:26,697] {scheduler_job.py:182} INFO - Started process (PID=19769) to work on /Users/garonsmith/Desktop/airflow_study/airflow-etl-explore/.venv/lib/python3.8/site-packages/airflow/example_dags/example_kubernetes_executor_config.py
[2021-04-06 18:44:26,697] {scheduler_job.py:629} INFO - Processing file /Users/garonsmith/Desktop/airflow_study/airflow-etl-explore/.venv/lib/python3.8/site-packages/airflow/example_dags/example_kubernetes_executor_config.py for tasks to queue
[2021-04-06 18:44:26,697] {logging_mixin.py:104} INFO - [2021-04-06 18:44:26,697] {dagbag.py:448} INFO - Filling up the DagBag from /Users/garonsmith/Desktop/airflow_study/airflow-etl-explore/.venv/lib/python3.8/site-packages/airflow/example_dags/example_kubernetes_executor_config.py
[2021-04-06 18:44:26,700] {logging_mixin.py:104} INFO - [2021-04-06 18:44:26,700] {example_kubernetes_executor_config.py:174} WARNING - Could not import DAGs in example_kubernetes_executor_config.py: No module named 'kubernetes'
[2021-04-06 18:44:26,700] {logging_mixin.py:104} INFO - [2021-04-06 18:44:26,700] {example_kubernetes_executor_config.py:175} WARNING - Install kubernetes dependencies with: pip install apache-airflow['cncf.kubernetes']
[2021-04-06 18:44:26,700] {scheduler_job.py:641} WARNING - No viable dags retrieved from /Users/garonsmith/Desktop/airflow_study/airflow-etl-explore/.venv/lib/python3.8/site-packages/airflow/example_dags/example_kubernetes_executor_config.py
[2021-04-06 18:44:26,727] {scheduler_job.py:190} INFO - Processing /Users/garonsmith/Desktop/airflow_study/airflow-etl-explore/.venv/lib/python3.8/site-packages/airflow/example_dags/example_kubernetes_executor_config.py took 0.031 seconds
[2021-04-06 18:44:57,379] {scheduler_job.py:182} INFO - Started process (PID=19854) to work on /Users/garonsmith/Desktop/airflow_study/airflow-etl-explore/.venv/lib/python3.8/site-packages/airflow/example_dags/example_kubernetes_executor_config.py
[2021-04-06 18:44:57,379] {scheduler_job.py:629} INFO - Processing file /Users/garonsmith/Desktop/airflow_study/airflow-etl-explore/.venv/lib/python3.8/site-packages/airflow/example_dags/example_kubernetes_executor_config.py for tasks to queue
[2021-04-06 18:44:57,379] {logging_mixin.py:104} INFO - [2021-04-06 18:44:57,379] {dagbag.py:448} INFO - Filling up the DagBag from /Users/garonsmith/Desktop/airflow_study/airflow-etl-explore/.venv/lib/python3.8/site-packages/airflow/example_dags/example_kubernetes_executor_config.py
[2021-04-06 18:44:57,382] {logging_mixin.py:104} INFO - [2021-04-06 18:44:57,382] {example_kubernetes_executor_config.py:174} WARNING - Could not import DAGs in example_kubernetes_executor_config.py: No module named 'kubernetes'
[2021-04-06 18:44:57,382] {logging_mixin.py:104} INFO - [2021-04-06 18:44:57,382] {example_kubernetes_executor_config.py:175} WARNING - Install kubernetes dependencies with: pip install apache-airflow['cncf.kubernetes']
[2021-04-06 18:44:57,382] {scheduler_job.py:641} WARNING - No viable dags retrieved from /Users/garonsmith/Desktop/airflow_study/airflow-etl-explore/.venv/lib/python3.8/site-packages/airflow/example_dags/example_kubernetes_executor_config.py
[2021-04-06 18:44:57,411] {scheduler_job.py:190} INFO - Processing /Users/garonsmith/Desktop/airflow_study/airflow-etl-explore/.venv/lib/python3.8/site-packages/airflow/example_dags/example_kubernetes_executor_config.py took 0.033 seconds
[2021-04-06 18:45:28,405] {scheduler_job.py:182} INFO - Started process (PID=19941) to work on /Users/garonsmith/Desktop/airflow_study/airflow-etl-explore/.venv/lib/python3.8/site-packages/airflow/example_dags/example_kubernetes_executor_config.py
[2021-04-06 18:45:28,405] {scheduler_job.py:629} INFO - Processing file /Users/garonsmith/Desktop/airflow_study/airflow-etl-explore/.venv/lib/python3.8/site-packages/airflow/example_dags/example_kubernetes_executor_config.py for tasks to queue
[2021-04-06 18:45:28,405] {logging_mixin.py:104} INFO - [2021-04-06 18:45:28,405] {dagbag.py:448} INFO - Filling up the DagBag from /Users/garonsmith/Desktop/airflow_study/airflow-etl-explore/.venv/lib/python3.8/site-packages/airflow/example_dags/example_kubernetes_executor_config.py
[2021-04-06 18:45:28,408] {logging_mixin.py:104} INFO - [2021-04-06 18:45:28,408] {example_kubernetes_executor_config.py:174} WARNING - Could not import DAGs in example_kubernetes_executor_config.py: No module named 'kubernetes'
[2021-04-06 18:45:28,408] {logging_mixin.py:104} INFO - [2021-04-06 18:45:28,408] {example_kubernetes_executor_config.py:175} WARNING - Install kubernetes dependencies with: pip install apache-airflow['cncf.kubernetes']
[2021-04-06 18:45:28,408] {scheduler_job.py:641} WARNING - No viable dags retrieved from /Users/garonsmith/Desktop/airflow_study/airflow-etl-explore/.venv/lib/python3.8/site-packages/airflow/example_dags/example_kubernetes_executor_config.py
[2021-04-06 18:45:28,455] {scheduler_job.py:190} INFO - Processing /Users/garonsmith/Desktop/airflow_study/airflow-etl-explore/.venv/lib/python3.8/site-packages/airflow/example_dags/example_kubernetes_executor_config.py took 0.051 seconds
[2021-04-06 18:45:59,429] {scheduler_job.py:182} INFO - Started process (PID=20031) to work on /Users/garonsmith/Desktop/airflow_study/airflow-etl-explore/.venv/lib/python3.8/site-packages/airflow/example_dags/example_kubernetes_executor_config.py
[2021-04-06 18:45:59,429] {scheduler_job.py:629} INFO - Processing file /Users/garonsmith/Desktop/airflow_study/airflow-etl-explore/.venv/lib/python3.8/site-packages/airflow/example_dags/example_kubernetes_executor_config.py for tasks to queue
[2021-04-06 18:45:59,429] {logging_mixin.py:104} INFO - [2021-04-06 18:45:59,429] {dagbag.py:448} INFO - Filling up the DagBag from /Users/garonsmith/Desktop/airflow_study/airflow-etl-explore/.venv/lib/python3.8/site-packages/airflow/example_dags/example_kubernetes_executor_config.py
[2021-04-06 18:45:59,432] {logging_mixin.py:104} INFO - [2021-04-06 18:45:59,432] {example_kubernetes_executor_config.py:174} WARNING - Could not import DAGs in example_kubernetes_executor_config.py: No module named 'kubernetes'
[2021-04-06 18:45:59,432] {logging_mixin.py:104} INFO - [2021-04-06 18:45:59,432] {example_kubernetes_executor_config.py:175} WARNING - Install kubernetes dependencies with: pip install apache-airflow['cncf.kubernetes']
[2021-04-06 18:45:59,433] {scheduler_job.py:641} WARNING - No viable dags retrieved from /Users/garonsmith/Desktop/airflow_study/airflow-etl-explore/.venv/lib/python3.8/site-packages/airflow/example_dags/example_kubernetes_executor_config.py
[2021-04-06 18:45:59,463] {scheduler_job.py:190} INFO - Processing /Users/garonsmith/Desktop/airflow_study/airflow-etl-explore/.venv/lib/python3.8/site-packages/airflow/example_dags/example_kubernetes_executor_config.py took 0.035 seconds
[2021-04-06 18:46:30,150] {scheduler_job.py:182} INFO - Started process (PID=20122) to work on /Users/garonsmith/Desktop/airflow_study/airflow-etl-explore/.venv/lib/python3.8/site-packages/airflow/example_dags/example_kubernetes_executor_config.py
[2021-04-06 18:46:30,150] {scheduler_job.py:629} INFO - Processing file /Users/garonsmith/Desktop/airflow_study/airflow-etl-explore/.venv/lib/python3.8/site-packages/airflow/example_dags/example_kubernetes_executor_config.py for tasks to queue
[2021-04-06 18:46:30,151] {logging_mixin.py:104} INFO - [2021-04-06 18:46:30,151] {dagbag.py:448} INFO - Filling up the DagBag from /Users/garonsmith/Desktop/airflow_study/airflow-etl-explore/.venv/lib/python3.8/site-packages/airflow/example_dags/example_kubernetes_executor_config.py
[2021-04-06 18:46:30,153] {logging_mixin.py:104} INFO - [2021-04-06 18:46:30,153] {example_kubernetes_executor_config.py:174} WARNING - Could not import DAGs in example_kubernetes_executor_config.py: No module named 'kubernetes'
[2021-04-06 18:46:30,153] {logging_mixin.py:104} INFO - [2021-04-06 18:46:30,153] {example_kubernetes_executor_config.py:175} WARNING - Install kubernetes dependencies with: pip install apache-airflow['cncf.kubernetes']
[2021-04-06 18:46:30,154] {scheduler_job.py:641} WARNING - No viable dags retrieved from /Users/garonsmith/Desktop/airflow_study/airflow-etl-explore/.venv/lib/python3.8/site-packages/airflow/example_dags/example_kubernetes_executor_config.py
[2021-04-06 18:46:30,180] {scheduler_job.py:190} INFO - Processing /Users/garonsmith/Desktop/airflow_study/airflow-etl-explore/.venv/lib/python3.8/site-packages/airflow/example_dags/example_kubernetes_executor_config.py took 0.031 seconds
[2021-04-06 18:47:01,909] {scheduler_job.py:182} INFO - Started process (PID=20211) to work on /Users/garonsmith/Desktop/airflow_study/airflow-etl-explore/.venv/lib/python3.8/site-packages/airflow/example_dags/example_kubernetes_executor_config.py
[2021-04-06 18:47:01,910] {scheduler_job.py:629} INFO - Processing file /Users/garonsmith/Desktop/airflow_study/airflow-etl-explore/.venv/lib/python3.8/site-packages/airflow/example_dags/example_kubernetes_executor_config.py for tasks to queue
[2021-04-06 18:47:01,910] {logging_mixin.py:104} INFO - [2021-04-06 18:47:01,910] {dagbag.py:448} INFO - Filling up the DagBag from /Users/garonsmith/Desktop/airflow_study/airflow-etl-explore/.venv/lib/python3.8/site-packages/airflow/example_dags/example_kubernetes_executor_config.py
[2021-04-06 18:47:01,913] {logging_mixin.py:104} INFO - [2021-04-06 18:47:01,913] {example_kubernetes_executor_config.py:174} WARNING - Could not import DAGs in example_kubernetes_executor_config.py: No module named 'kubernetes'
[2021-04-06 18:47:01,913] {logging_mixin.py:104} INFO - [2021-04-06 18:47:01,913] {example_kubernetes_executor_config.py:175} WARNING - Install kubernetes dependencies with: pip install apache-airflow['cncf.kubernetes']
[2021-04-06 18:47:01,913] {scheduler_job.py:641} WARNING - No viable dags retrieved from /Users/garonsmith/Desktop/airflow_study/airflow-etl-explore/.venv/lib/python3.8/site-packages/airflow/example_dags/example_kubernetes_executor_config.py
[2021-04-06 18:47:01,962] {scheduler_job.py:190} INFO - Processing /Users/garonsmith/Desktop/airflow_study/airflow-etl-explore/.venv/lib/python3.8/site-packages/airflow/example_dags/example_kubernetes_executor_config.py took 0.053 seconds
[2021-04-06 18:47:33,147] {scheduler_job.py:182} INFO - Started process (PID=20297) to work on /Users/garonsmith/Desktop/airflow_study/airflow-etl-explore/.venv/lib/python3.8/site-packages/airflow/example_dags/example_kubernetes_executor_config.py
[2021-04-06 18:47:33,147] {scheduler_job.py:629} INFO - Processing file /Users/garonsmith/Desktop/airflow_study/airflow-etl-explore/.venv/lib/python3.8/site-packages/airflow/example_dags/example_kubernetes_executor_config.py for tasks to queue
[2021-04-06 18:47:33,147] {logging_mixin.py:104} INFO - [2021-04-06 18:47:33,147] {dagbag.py:448} INFO - Filling up the DagBag from /Users/garonsmith/Desktop/airflow_study/airflow-etl-explore/.venv/lib/python3.8/site-packages/airflow/example_dags/example_kubernetes_executor_config.py
[2021-04-06 18:47:33,150] {logging_mixin.py:104} INFO - [2021-04-06 18:47:33,150] {example_kubernetes_executor_config.py:174} WARNING - Could not import DAGs in example_kubernetes_executor_config.py: No module named 'kubernetes'
[2021-04-06 18:47:33,150] {logging_mixin.py:104} INFO - [2021-04-06 18:47:33,150] {example_kubernetes_executor_config.py:175} WARNING - Install kubernetes dependencies with: pip install apache-airflow['cncf.kubernetes']
[2021-04-06 18:47:33,150] {scheduler_job.py:641} WARNING - No viable dags retrieved from /Users/garonsmith/Desktop/airflow_study/airflow-etl-explore/.venv/lib/python3.8/site-packages/airflow/example_dags/example_kubernetes_executor_config.py
[2021-04-06 18:47:33,177] {scheduler_job.py:190} INFO - Processing /Users/garonsmith/Desktop/airflow_study/airflow-etl-explore/.venv/lib/python3.8/site-packages/airflow/example_dags/example_kubernetes_executor_config.py took 0.031 seconds
[2021-04-06 18:48:03,881] {scheduler_job.py:182} INFO - Started process (PID=20383) to work on /Users/garonsmith/Desktop/airflow_study/airflow-etl-explore/.venv/lib/python3.8/site-packages/airflow/example_dags/example_kubernetes_executor_config.py
[2021-04-06 18:48:03,881] {scheduler_job.py:629} INFO - Processing file /Users/garonsmith/Desktop/airflow_study/airflow-etl-explore/.venv/lib/python3.8/site-packages/airflow/example_dags/example_kubernetes_executor_config.py for tasks to queue
[2021-04-06 18:48:03,882] {logging_mixin.py:104} INFO - [2021-04-06 18:48:03,882] {dagbag.py:448} INFO - Filling up the DagBag from /Users/garonsmith/Desktop/airflow_study/airflow-etl-explore/.venv/lib/python3.8/site-packages/airflow/example_dags/example_kubernetes_executor_config.py
[2021-04-06 18:48:03,884] {logging_mixin.py:104} INFO - [2021-04-06 18:48:03,884] {example_kubernetes_executor_config.py:174} WARNING - Could not import DAGs in example_kubernetes_executor_config.py: No module named 'kubernetes'
[2021-04-06 18:48:03,884] {logging_mixin.py:104} INFO - [2021-04-06 18:48:03,884] {example_kubernetes_executor_config.py:175} WARNING - Install kubernetes dependencies with: pip install apache-airflow['cncf.kubernetes']
[2021-04-06 18:48:03,884] {scheduler_job.py:641} WARNING - No viable dags retrieved from /Users/garonsmith/Desktop/airflow_study/airflow-etl-explore/.venv/lib/python3.8/site-packages/airflow/example_dags/example_kubernetes_executor_config.py
[2021-04-06 18:48:03,916] {scheduler_job.py:190} INFO - Processing /Users/garonsmith/Desktop/airflow_study/airflow-etl-explore/.venv/lib/python3.8/site-packages/airflow/example_dags/example_kubernetes_executor_config.py took 0.035 seconds
[2021-04-06 18:48:35,100] {scheduler_job.py:182} INFO - Started process (PID=20466) to work on /Users/garonsmith/Desktop/airflow_study/airflow-etl-explore/.venv/lib/python3.8/site-packages/airflow/example_dags/example_kubernetes_executor_config.py
[2021-04-06 18:48:35,101] {scheduler_job.py:629} INFO - Processing file /Users/garonsmith/Desktop/airflow_study/airflow-etl-explore/.venv/lib/python3.8/site-packages/airflow/example_dags/example_kubernetes_executor_config.py for tasks to queue
[2021-04-06 18:48:35,101] {logging_mixin.py:104} INFO - [2021-04-06 18:48:35,101] {dagbag.py:448} INFO - Filling up the DagBag from /Users/garonsmith/Desktop/airflow_study/airflow-etl-explore/.venv/lib/python3.8/site-packages/airflow/example_dags/example_kubernetes_executor_config.py
[2021-04-06 18:48:35,103] {logging_mixin.py:104} INFO - [2021-04-06 18:48:35,103] {example_kubernetes_executor_config.py:174} WARNING - Could not import DAGs in example_kubernetes_executor_config.py: No module named 'kubernetes'
[2021-04-06 18:48:35,103] {logging_mixin.py:104} INFO - [2021-04-06 18:48:35,103] {example_kubernetes_executor_config.py:175} WARNING - Install kubernetes dependencies with: pip install apache-airflow['cncf.kubernetes']
[2021-04-06 18:48:35,104] {scheduler_job.py:641} WARNING - No viable dags retrieved from /Users/garonsmith/Desktop/airflow_study/airflow-etl-explore/.venv/lib/python3.8/site-packages/airflow/example_dags/example_kubernetes_executor_config.py
[2021-04-06 18:48:35,131] {scheduler_job.py:190} INFO - Processing /Users/garonsmith/Desktop/airflow_study/airflow-etl-explore/.venv/lib/python3.8/site-packages/airflow/example_dags/example_kubernetes_executor_config.py took 0.032 seconds
[2021-04-06 18:49:03,853] {scheduler_job.py:182} INFO - Started process (PID=20543) to work on /Users/garonsmith/Desktop/airflow_study/airflow-etl-explore/.venv/lib/python3.8/site-packages/airflow/example_dags/example_kubernetes_executor_config.py
[2021-04-06 18:49:03,854] {scheduler_job.py:629} INFO - Processing file /Users/garonsmith/Desktop/airflow_study/airflow-etl-explore/.venv/lib/python3.8/site-packages/airflow/example_dags/example_kubernetes_executor_config.py for tasks to queue
[2021-04-06 18:49:03,854] {logging_mixin.py:104} INFO - [2021-04-06 18:49:03,854] {dagbag.py:448} INFO - Filling up the DagBag from /Users/garonsmith/Desktop/airflow_study/airflow-etl-explore/.venv/lib/python3.8/site-packages/airflow/example_dags/example_kubernetes_executor_config.py
[2021-04-06 18:49:03,857] {logging_mixin.py:104} INFO - [2021-04-06 18:49:03,857] {example_kubernetes_executor_config.py:174} WARNING - Could not import DAGs in example_kubernetes_executor_config.py: No module named 'kubernetes'
[2021-04-06 18:49:03,857] {logging_mixin.py:104} INFO - [2021-04-06 18:49:03,857] {example_kubernetes_executor_config.py:175} WARNING - Install kubernetes dependencies with: pip install apache-airflow['cncf.kubernetes']
[2021-04-06 18:49:03,857] {scheduler_job.py:641} WARNING - No viable dags retrieved from /Users/garonsmith/Desktop/airflow_study/airflow-etl-explore/.venv/lib/python3.8/site-packages/airflow/example_dags/example_kubernetes_executor_config.py
[2021-04-06 18:49:03,887] {scheduler_job.py:190} INFO - Processing /Users/garonsmith/Desktop/airflow_study/airflow-etl-explore/.venv/lib/python3.8/site-packages/airflow/example_dags/example_kubernetes_executor_config.py took 0.035 seconds
[2021-04-06 18:49:05,944] {scheduler_job.py:182} INFO - Started process (PID=20576) to work on /Users/garonsmith/Desktop/airflow_study/airflow-etl-explore/.venv/lib/python3.8/site-packages/airflow/example_dags/example_kubernetes_executor_config.py
[2021-04-06 18:49:05,945] {scheduler_job.py:629} INFO - Processing file /Users/garonsmith/Desktop/airflow_study/airflow-etl-explore/.venv/lib/python3.8/site-packages/airflow/example_dags/example_kubernetes_executor_config.py for tasks to queue
[2021-04-06 18:49:05,945] {logging_mixin.py:104} INFO - [2021-04-06 18:49:05,945] {dagbag.py:448} INFO - Filling up the DagBag from /Users/garonsmith/Desktop/airflow_study/airflow-etl-explore/.venv/lib/python3.8/site-packages/airflow/example_dags/example_kubernetes_executor_config.py
[2021-04-06 18:49:05,950] {logging_mixin.py:104} INFO - [2021-04-06 18:49:05,950] {example_kubernetes_executor_config.py:174} WARNING - Could not import DAGs in example_kubernetes_executor_config.py: No module named 'kubernetes'
[2021-04-06 18:49:05,950] {logging_mixin.py:104} INFO - [2021-04-06 18:49:05,950] {example_kubernetes_executor_config.py:175} WARNING - Install kubernetes dependencies with: pip install apache-airflow['cncf.kubernetes']
[2021-04-06 18:49:05,950] {scheduler_job.py:641} WARNING - No viable dags retrieved from /Users/garonsmith/Desktop/airflow_study/airflow-etl-explore/.venv/lib/python3.8/site-packages/airflow/example_dags/example_kubernetes_executor_config.py
[2021-04-06 18:49:05,983] {scheduler_job.py:190} INFO - Processing /Users/garonsmith/Desktop/airflow_study/airflow-etl-explore/.venv/lib/python3.8/site-packages/airflow/example_dags/example_kubernetes_executor_config.py took 0.040 seconds
[2021-04-06 18:49:34,802] {scheduler_job.py:182} INFO - Started process (PID=20710) to work on /Users/garonsmith/Desktop/airflow_study/airflow-etl-explore/.venv/lib/python3.8/site-packages/airflow/example_dags/example_kubernetes_executor_config.py
[2021-04-06 18:49:34,802] {scheduler_job.py:629} INFO - Processing file /Users/garonsmith/Desktop/airflow_study/airflow-etl-explore/.venv/lib/python3.8/site-packages/airflow/example_dags/example_kubernetes_executor_config.py for tasks to queue
[2021-04-06 18:49:34,803] {logging_mixin.py:104} INFO - [2021-04-06 18:49:34,803] {dagbag.py:448} INFO - Filling up the DagBag from /Users/garonsmith/Desktop/airflow_study/airflow-etl-explore/.venv/lib/python3.8/site-packages/airflow/example_dags/example_kubernetes_executor_config.py
[2021-04-06 18:49:34,806] {logging_mixin.py:104} INFO - [2021-04-06 18:49:34,806] {example_kubernetes_executor_config.py:174} WARNING - Could not import DAGs in example_kubernetes_executor_config.py: No module named 'kubernetes'
[2021-04-06 18:49:34,806] {logging_mixin.py:104} INFO - [2021-04-06 18:49:34,806] {example_kubernetes_executor_config.py:175} WARNING - Install kubernetes dependencies with: pip install apache-airflow['cncf.kubernetes']
[2021-04-06 18:49:34,806] {scheduler_job.py:641} WARNING - No viable dags retrieved from /Users/garonsmith/Desktop/airflow_study/airflow-etl-explore/.venv/lib/python3.8/site-packages/airflow/example_dags/example_kubernetes_executor_config.py
[2021-04-06 18:49:34,838] {scheduler_job.py:190} INFO - Processing /Users/garonsmith/Desktop/airflow_study/airflow-etl-explore/.venv/lib/python3.8/site-packages/airflow/example_dags/example_kubernetes_executor_config.py took 0.037 seconds
[2021-04-06 18:49:37,151] {scheduler_job.py:182} INFO - Started process (PID=20744) to work on /Users/garonsmith/Desktop/airflow_study/airflow-etl-explore/.venv/lib/python3.8/site-packages/airflow/example_dags/example_kubernetes_executor_config.py
[2021-04-06 18:49:37,151] {scheduler_job.py:629} INFO - Processing file /Users/garonsmith/Desktop/airflow_study/airflow-etl-explore/.venv/lib/python3.8/site-packages/airflow/example_dags/example_kubernetes_executor_config.py for tasks to queue
[2021-04-06 18:49:37,152] {logging_mixin.py:104} INFO - [2021-04-06 18:49:37,152] {dagbag.py:448} INFO - Filling up the DagBag from /Users/garonsmith/Desktop/airflow_study/airflow-etl-explore/.venv/lib/python3.8/site-packages/airflow/example_dags/example_kubernetes_executor_config.py
[2021-04-06 18:49:37,155] {logging_mixin.py:104} INFO - [2021-04-06 18:49:37,155] {example_kubernetes_executor_config.py:174} WARNING - Could not import DAGs in example_kubernetes_executor_config.py: No module named 'kubernetes'
[2021-04-06 18:49:37,155] {logging_mixin.py:104} INFO - [2021-04-06 18:49:37,155] {example_kubernetes_executor_config.py:175} WARNING - Install kubernetes dependencies with: pip install apache-airflow['cncf.kubernetes']
[2021-04-06 18:49:37,155] {scheduler_job.py:641} WARNING - No viable dags retrieved from /Users/garonsmith/Desktop/airflow_study/airflow-etl-explore/.venv/lib/python3.8/site-packages/airflow/example_dags/example_kubernetes_executor_config.py
[2021-04-06 18:49:37,185] {scheduler_job.py:190} INFO - Processing /Users/garonsmith/Desktop/airflow_study/airflow-etl-explore/.venv/lib/python3.8/site-packages/airflow/example_dags/example_kubernetes_executor_config.py took 0.035 seconds
[2021-04-06 18:50:05,818] {scheduler_job.py:182} INFO - Started process (PID=20887) to work on /Users/garonsmith/Desktop/airflow_study/airflow-etl-explore/.venv/lib/python3.8/site-packages/airflow/example_dags/example_kubernetes_executor_config.py
[2021-04-06 18:50:05,818] {scheduler_job.py:629} INFO - Processing file /Users/garonsmith/Desktop/airflow_study/airflow-etl-explore/.venv/lib/python3.8/site-packages/airflow/example_dags/example_kubernetes_executor_config.py for tasks to queue
[2021-04-06 18:50:05,819] {logging_mixin.py:104} INFO - [2021-04-06 18:50:05,819] {dagbag.py:448} INFO - Filling up the DagBag from /Users/garonsmith/Desktop/airflow_study/airflow-etl-explore/.venv/lib/python3.8/site-packages/airflow/example_dags/example_kubernetes_executor_config.py
[2021-04-06 18:50:05,821] {logging_mixin.py:104} INFO - [2021-04-06 18:50:05,821] {example_kubernetes_executor_config.py:174} WARNING - Could not import DAGs in example_kubernetes_executor_config.py: No module named 'kubernetes'
[2021-04-06 18:50:05,821] {logging_mixin.py:104} INFO - [2021-04-06 18:50:05,821] {example_kubernetes_executor_config.py:175} WARNING - Install kubernetes dependencies with: pip install apache-airflow['cncf.kubernetes']
[2021-04-06 18:50:05,822] {scheduler_job.py:641} WARNING - No viable dags retrieved from /Users/garonsmith/Desktop/airflow_study/airflow-etl-explore/.venv/lib/python3.8/site-packages/airflow/example_dags/example_kubernetes_executor_config.py
[2021-04-06 18:50:05,870] {scheduler_job.py:190} INFO - Processing /Users/garonsmith/Desktop/airflow_study/airflow-etl-explore/.venv/lib/python3.8/site-packages/airflow/example_dags/example_kubernetes_executor_config.py took 0.052 seconds
[2021-04-06 18:50:08,395] {scheduler_job.py:182} INFO - Started process (PID=20925) to work on /Users/garonsmith/Desktop/airflow_study/airflow-etl-explore/.venv/lib/python3.8/site-packages/airflow/example_dags/example_kubernetes_executor_config.py
[2021-04-06 18:50:08,395] {scheduler_job.py:629} INFO - Processing file /Users/garonsmith/Desktop/airflow_study/airflow-etl-explore/.venv/lib/python3.8/site-packages/airflow/example_dags/example_kubernetes_executor_config.py for tasks to queue
[2021-04-06 18:50:08,395] {logging_mixin.py:104} INFO - [2021-04-06 18:50:08,395] {dagbag.py:448} INFO - Filling up the DagBag from /Users/garonsmith/Desktop/airflow_study/airflow-etl-explore/.venv/lib/python3.8/site-packages/airflow/example_dags/example_kubernetes_executor_config.py
[2021-04-06 18:50:08,398] {logging_mixin.py:104} INFO - [2021-04-06 18:50:08,398] {example_kubernetes_executor_config.py:174} WARNING - Could not import DAGs in example_kubernetes_executor_config.py: No module named 'kubernetes'
[2021-04-06 18:50:08,398] {logging_mixin.py:104} INFO - [2021-04-06 18:50:08,398] {example_kubernetes_executor_config.py:175} WARNING - Install kubernetes dependencies with: pip install apache-airflow['cncf.kubernetes']
[2021-04-06 18:50:08,398] {scheduler_job.py:641} WARNING - No viable dags retrieved from /Users/garonsmith/Desktop/airflow_study/airflow-etl-explore/.venv/lib/python3.8/site-packages/airflow/example_dags/example_kubernetes_executor_config.py
[2021-04-06 18:50:08,424] {scheduler_job.py:190} INFO - Processing /Users/garonsmith/Desktop/airflow_study/airflow-etl-explore/.venv/lib/python3.8/site-packages/airflow/example_dags/example_kubernetes_executor_config.py took 0.030 seconds
[2021-04-06 18:50:37,127] {scheduler_job.py:182} INFO - Started process (PID=21055) to work on /Users/garonsmith/Desktop/airflow_study/airflow-etl-explore/.venv/lib/python3.8/site-packages/airflow/example_dags/example_kubernetes_executor_config.py
[2021-04-06 18:50:37,127] {scheduler_job.py:629} INFO - Processing file /Users/garonsmith/Desktop/airflow_study/airflow-etl-explore/.venv/lib/python3.8/site-packages/airflow/example_dags/example_kubernetes_executor_config.py for tasks to queue
[2021-04-06 18:50:37,128] {logging_mixin.py:104} INFO - [2021-04-06 18:50:37,128] {dagbag.py:448} INFO - Filling up the DagBag from /Users/garonsmith/Desktop/airflow_study/airflow-etl-explore/.venv/lib/python3.8/site-packages/airflow/example_dags/example_kubernetes_executor_config.py
[2021-04-06 18:50:37,130] {logging_mixin.py:104} INFO - [2021-04-06 18:50:37,130] {example_kubernetes_executor_config.py:174} WARNING - Could not import DAGs in example_kubernetes_executor_config.py: No module named 'kubernetes'
[2021-04-06 18:50:37,131] {logging_mixin.py:104} INFO - [2021-04-06 18:50:37,130] {example_kubernetes_executor_config.py:175} WARNING - Install kubernetes dependencies with: pip install apache-airflow['cncf.kubernetes']
[2021-04-06 18:50:37,131] {scheduler_job.py:641} WARNING - No viable dags retrieved from /Users/garonsmith/Desktop/airflow_study/airflow-etl-explore/.venv/lib/python3.8/site-packages/airflow/example_dags/example_kubernetes_executor_config.py
[2021-04-06 18:50:37,172] {scheduler_job.py:190} INFO - Processing /Users/garonsmith/Desktop/airflow_study/airflow-etl-explore/.venv/lib/python3.8/site-packages/airflow/example_dags/example_kubernetes_executor_config.py took 0.046 seconds
[2021-04-06 18:50:39,322] {scheduler_job.py:182} INFO - Started process (PID=21088) to work on /Users/garonsmith/Desktop/airflow_study/airflow-etl-explore/.venv/lib/python3.8/site-packages/airflow/example_dags/example_kubernetes_executor_config.py
[2021-04-06 18:50:39,323] {scheduler_job.py:629} INFO - Processing file /Users/garonsmith/Desktop/airflow_study/airflow-etl-explore/.venv/lib/python3.8/site-packages/airflow/example_dags/example_kubernetes_executor_config.py for tasks to queue
[2021-04-06 18:50:39,323] {logging_mixin.py:104} INFO - [2021-04-06 18:50:39,323] {dagbag.py:448} INFO - Filling up the DagBag from /Users/garonsmith/Desktop/airflow_study/airflow-etl-explore/.venv/lib/python3.8/site-packages/airflow/example_dags/example_kubernetes_executor_config.py
[2021-04-06 18:50:39,326] {logging_mixin.py:104} INFO - [2021-04-06 18:50:39,326] {example_kubernetes_executor_config.py:174} WARNING - Could not import DAGs in example_kubernetes_executor_config.py: No module named 'kubernetes'
[2021-04-06 18:50:39,326] {logging_mixin.py:104} INFO - [2021-04-06 18:50:39,326] {example_kubernetes_executor_config.py:175} WARNING - Install kubernetes dependencies with: pip install apache-airflow['cncf.kubernetes']
[2021-04-06 18:50:39,327] {scheduler_job.py:641} WARNING - No viable dags retrieved from /Users/garonsmith/Desktop/airflow_study/airflow-etl-explore/.venv/lib/python3.8/site-packages/airflow/example_dags/example_kubernetes_executor_config.py
[2021-04-06 18:50:39,372] {scheduler_job.py:190} INFO - Processing /Users/garonsmith/Desktop/airflow_study/airflow-etl-explore/.venv/lib/python3.8/site-packages/airflow/example_dags/example_kubernetes_executor_config.py took 0.050 seconds
[2021-04-06 18:51:07,949] {scheduler_job.py:182} INFO - Started process (PID=21223) to work on /Users/garonsmith/Desktop/airflow_study/airflow-etl-explore/.venv/lib/python3.8/site-packages/airflow/example_dags/example_kubernetes_executor_config.py
[2021-04-06 18:51:07,949] {scheduler_job.py:629} INFO - Processing file /Users/garonsmith/Desktop/airflow_study/airflow-etl-explore/.venv/lib/python3.8/site-packages/airflow/example_dags/example_kubernetes_executor_config.py for tasks to queue
[2021-04-06 18:51:07,950] {logging_mixin.py:104} INFO - [2021-04-06 18:51:07,950] {dagbag.py:448} INFO - Filling up the DagBag from /Users/garonsmith/Desktop/airflow_study/airflow-etl-explore/.venv/lib/python3.8/site-packages/airflow/example_dags/example_kubernetes_executor_config.py
[2021-04-06 18:51:07,952] {logging_mixin.py:104} INFO - [2021-04-06 18:51:07,952] {example_kubernetes_executor_config.py:174} WARNING - Could not import DAGs in example_kubernetes_executor_config.py: No module named 'kubernetes'
[2021-04-06 18:51:07,952] {logging_mixin.py:104} INFO - [2021-04-06 18:51:07,952] {example_kubernetes_executor_config.py:175} WARNING - Install kubernetes dependencies with: pip install apache-airflow['cncf.kubernetes']
[2021-04-06 18:51:07,952] {scheduler_job.py:641} WARNING - No viable dags retrieved from /Users/garonsmith/Desktop/airflow_study/airflow-etl-explore/.venv/lib/python3.8/site-packages/airflow/example_dags/example_kubernetes_executor_config.py
[2021-04-06 18:51:07,985] {scheduler_job.py:190} INFO - Processing /Users/garonsmith/Desktop/airflow_study/airflow-etl-explore/.venv/lib/python3.8/site-packages/airflow/example_dags/example_kubernetes_executor_config.py took 0.036 seconds
[2021-04-06 18:51:10,845] {scheduler_job.py:182} INFO - Started process (PID=21262) to work on /Users/garonsmith/Desktop/airflow_study/airflow-etl-explore/.venv/lib/python3.8/site-packages/airflow/example_dags/example_kubernetes_executor_config.py
[2021-04-06 18:51:10,846] {scheduler_job.py:629} INFO - Processing file /Users/garonsmith/Desktop/airflow_study/airflow-etl-explore/.venv/lib/python3.8/site-packages/airflow/example_dags/example_kubernetes_executor_config.py for tasks to queue
[2021-04-06 18:51:10,846] {logging_mixin.py:104} INFO - [2021-04-06 18:51:10,846] {dagbag.py:448} INFO - Filling up the DagBag from /Users/garonsmith/Desktop/airflow_study/airflow-etl-explore/.venv/lib/python3.8/site-packages/airflow/example_dags/example_kubernetes_executor_config.py
[2021-04-06 18:51:10,848] {logging_mixin.py:104} INFO - [2021-04-06 18:51:10,848] {example_kubernetes_executor_config.py:174} WARNING - Could not import DAGs in example_kubernetes_executor_config.py: No module named 'kubernetes'
[2021-04-06 18:51:10,849] {logging_mixin.py:104} INFO - [2021-04-06 18:51:10,849] {example_kubernetes_executor_config.py:175} WARNING - Install kubernetes dependencies with: pip install apache-airflow['cncf.kubernetes']
[2021-04-06 18:51:10,849] {scheduler_job.py:641} WARNING - No viable dags retrieved from /Users/garonsmith/Desktop/airflow_study/airflow-etl-explore/.venv/lib/python3.8/site-packages/airflow/example_dags/example_kubernetes_executor_config.py
[2021-04-06 18:51:10,875] {scheduler_job.py:190} INFO - Processing /Users/garonsmith/Desktop/airflow_study/airflow-etl-explore/.venv/lib/python3.8/site-packages/airflow/example_dags/example_kubernetes_executor_config.py took 0.030 seconds
[2021-04-06 18:51:38,823] {scheduler_job.py:182} INFO - Started process (PID=21385) to work on /Users/garonsmith/Desktop/airflow_study/airflow-etl-explore/.venv/lib/python3.8/site-packages/airflow/example_dags/example_kubernetes_executor_config.py
[2021-04-06 18:51:38,823] {scheduler_job.py:629} INFO - Processing file /Users/garonsmith/Desktop/airflow_study/airflow-etl-explore/.venv/lib/python3.8/site-packages/airflow/example_dags/example_kubernetes_executor_config.py for tasks to queue
[2021-04-06 18:51:38,823] {logging_mixin.py:104} INFO - [2021-04-06 18:51:38,823] {dagbag.py:448} INFO - Filling up the DagBag from /Users/garonsmith/Desktop/airflow_study/airflow-etl-explore/.venv/lib/python3.8/site-packages/airflow/example_dags/example_kubernetes_executor_config.py
[2021-04-06 18:51:38,826] {logging_mixin.py:104} INFO - [2021-04-06 18:51:38,826] {example_kubernetes_executor_config.py:174} WARNING - Could not import DAGs in example_kubernetes_executor_config.py: No module named 'kubernetes'
[2021-04-06 18:51:38,826] {logging_mixin.py:104} INFO - [2021-04-06 18:51:38,826] {example_kubernetes_executor_config.py:175} WARNING - Install kubernetes dependencies with: pip install apache-airflow['cncf.kubernetes']
[2021-04-06 18:51:38,826] {scheduler_job.py:641} WARNING - No viable dags retrieved from /Users/garonsmith/Desktop/airflow_study/airflow-etl-explore/.venv/lib/python3.8/site-packages/airflow/example_dags/example_kubernetes_executor_config.py
[2021-04-06 18:51:38,872] {scheduler_job.py:190} INFO - Processing /Users/garonsmith/Desktop/airflow_study/airflow-etl-explore/.venv/lib/python3.8/site-packages/airflow/example_dags/example_kubernetes_executor_config.py took 0.050 seconds
[2021-04-06 18:51:41,885] {scheduler_job.py:182} INFO - Started process (PID=21427) to work on /Users/garonsmith/Desktop/airflow_study/airflow-etl-explore/.venv/lib/python3.8/site-packages/airflow/example_dags/example_kubernetes_executor_config.py
[2021-04-06 18:51:41,886] {scheduler_job.py:629} INFO - Processing file /Users/garonsmith/Desktop/airflow_study/airflow-etl-explore/.venv/lib/python3.8/site-packages/airflow/example_dags/example_kubernetes_executor_config.py for tasks to queue
[2021-04-06 18:51:41,886] {logging_mixin.py:104} INFO - [2021-04-06 18:51:41,886] {dagbag.py:448} INFO - Filling up the DagBag from /Users/garonsmith/Desktop/airflow_study/airflow-etl-explore/.venv/lib/python3.8/site-packages/airflow/example_dags/example_kubernetes_executor_config.py
[2021-04-06 18:51:41,888] {logging_mixin.py:104} INFO - [2021-04-06 18:51:41,888] {example_kubernetes_executor_config.py:174} WARNING - Could not import DAGs in example_kubernetes_executor_config.py: No module named 'kubernetes'
[2021-04-06 18:51:41,888] {logging_mixin.py:104} INFO - [2021-04-06 18:51:41,888] {example_kubernetes_executor_config.py:175} WARNING - Install kubernetes dependencies with: pip install apache-airflow['cncf.kubernetes']
[2021-04-06 18:51:41,889] {scheduler_job.py:641} WARNING - No viable dags retrieved from /Users/garonsmith/Desktop/airflow_study/airflow-etl-explore/.venv/lib/python3.8/site-packages/airflow/example_dags/example_kubernetes_executor_config.py
[2021-04-06 18:51:41,920] {scheduler_job.py:190} INFO - Processing /Users/garonsmith/Desktop/airflow_study/airflow-etl-explore/.venv/lib/python3.8/site-packages/airflow/example_dags/example_kubernetes_executor_config.py took 0.035 seconds
[2021-04-06 18:52:12,482] {scheduler_job.py:182} INFO - Started process (PID=21573) to work on /Users/garonsmith/Desktop/airflow_study/airflow-etl-explore/.venv/lib/python3.8/site-packages/airflow/example_dags/example_kubernetes_executor_config.py
[2021-04-06 18:52:12,482] {scheduler_job.py:629} INFO - Processing file /Users/garonsmith/Desktop/airflow_study/airflow-etl-explore/.venv/lib/python3.8/site-packages/airflow/example_dags/example_kubernetes_executor_config.py for tasks to queue
[2021-04-06 18:52:12,482] {logging_mixin.py:104} INFO - [2021-04-06 18:52:12,482] {dagbag.py:448} INFO - Filling up the DagBag from /Users/garonsmith/Desktop/airflow_study/airflow-etl-explore/.venv/lib/python3.8/site-packages/airflow/example_dags/example_kubernetes_executor_config.py
[2021-04-06 18:52:12,484] {logging_mixin.py:104} INFO - [2021-04-06 18:52:12,484] {example_kubernetes_executor_config.py:174} WARNING - Could not import DAGs in example_kubernetes_executor_config.py: No module named 'kubernetes'
[2021-04-06 18:52:12,485] {logging_mixin.py:104} INFO - [2021-04-06 18:52:12,485] {example_kubernetes_executor_config.py:175} WARNING - Install kubernetes dependencies with: pip install apache-airflow['cncf.kubernetes']
[2021-04-06 18:52:12,485] {scheduler_job.py:641} WARNING - No viable dags retrieved from /Users/garonsmith/Desktop/airflow_study/airflow-etl-explore/.venv/lib/python3.8/site-packages/airflow/example_dags/example_kubernetes_executor_config.py
[2021-04-06 18:52:12,527] {scheduler_job.py:190} INFO - Processing /Users/garonsmith/Desktop/airflow_study/airflow-etl-explore/.venv/lib/python3.8/site-packages/airflow/example_dags/example_kubernetes_executor_config.py took 0.046 seconds
[2021-04-06 18:52:43,467] {scheduler_job.py:182} INFO - Started process (PID=21669) to work on /Users/garonsmith/Desktop/airflow_study/airflow-etl-explore/.venv/lib/python3.8/site-packages/airflow/example_dags/example_kubernetes_executor_config.py
[2021-04-06 18:52:43,467] {scheduler_job.py:629} INFO - Processing file /Users/garonsmith/Desktop/airflow_study/airflow-etl-explore/.venv/lib/python3.8/site-packages/airflow/example_dags/example_kubernetes_executor_config.py for tasks to queue
[2021-04-06 18:52:43,467] {logging_mixin.py:104} INFO - [2021-04-06 18:52:43,467] {dagbag.py:448} INFO - Filling up the DagBag from /Users/garonsmith/Desktop/airflow_study/airflow-etl-explore/.venv/lib/python3.8/site-packages/airflow/example_dags/example_kubernetes_executor_config.py
[2021-04-06 18:52:43,471] {logging_mixin.py:104} INFO - [2021-04-06 18:52:43,471] {example_kubernetes_executor_config.py:174} WARNING - Could not import DAGs in example_kubernetes_executor_config.py: No module named 'kubernetes'
[2021-04-06 18:52:43,471] {logging_mixin.py:104} INFO - [2021-04-06 18:52:43,471] {example_kubernetes_executor_config.py:175} WARNING - Install kubernetes dependencies with: pip install apache-airflow['cncf.kubernetes']
[2021-04-06 18:52:43,471] {scheduler_job.py:641} WARNING - No viable dags retrieved from /Users/garonsmith/Desktop/airflow_study/airflow-etl-explore/.venv/lib/python3.8/site-packages/airflow/example_dags/example_kubernetes_executor_config.py
[2021-04-06 18:52:43,517] {scheduler_job.py:190} INFO - Processing /Users/garonsmith/Desktop/airflow_study/airflow-etl-explore/.venv/lib/python3.8/site-packages/airflow/example_dags/example_kubernetes_executor_config.py took 0.050 seconds
[2021-04-06 18:53:14,637] {scheduler_job.py:182} INFO - Started process (PID=21758) to work on /Users/garonsmith/Desktop/airflow_study/airflow-etl-explore/.venv/lib/python3.8/site-packages/airflow/example_dags/example_kubernetes_executor_config.py
[2021-04-06 18:53:14,637] {scheduler_job.py:629} INFO - Processing file /Users/garonsmith/Desktop/airflow_study/airflow-etl-explore/.venv/lib/python3.8/site-packages/airflow/example_dags/example_kubernetes_executor_config.py for tasks to queue
[2021-04-06 18:53:14,637] {logging_mixin.py:104} INFO - [2021-04-06 18:53:14,637] {dagbag.py:448} INFO - Filling up the DagBag from /Users/garonsmith/Desktop/airflow_study/airflow-etl-explore/.venv/lib/python3.8/site-packages/airflow/example_dags/example_kubernetes_executor_config.py
[2021-04-06 18:53:14,641] {logging_mixin.py:104} INFO - [2021-04-06 18:53:14,640] {example_kubernetes_executor_config.py:174} WARNING - Could not import DAGs in example_kubernetes_executor_config.py: No module named 'kubernetes'
[2021-04-06 18:53:14,641] {logging_mixin.py:104} INFO - [2021-04-06 18:53:14,641] {example_kubernetes_executor_config.py:175} WARNING - Install kubernetes dependencies with: pip install apache-airflow['cncf.kubernetes']
[2021-04-06 18:53:14,641] {scheduler_job.py:641} WARNING - No viable dags retrieved from /Users/garonsmith/Desktop/airflow_study/airflow-etl-explore/.venv/lib/python3.8/site-packages/airflow/example_dags/example_kubernetes_executor_config.py
[2021-04-06 18:53:14,672] {scheduler_job.py:190} INFO - Processing /Users/garonsmith/Desktop/airflow_study/airflow-etl-explore/.venv/lib/python3.8/site-packages/airflow/example_dags/example_kubernetes_executor_config.py took 0.037 seconds
[2021-04-06 18:53:45,842] {scheduler_job.py:182} INFO - Started process (PID=21865) to work on /Users/garonsmith/Desktop/airflow_study/airflow-etl-explore/.venv/lib/python3.8/site-packages/airflow/example_dags/example_kubernetes_executor_config.py
[2021-04-06 18:53:45,842] {scheduler_job.py:629} INFO - Processing file /Users/garonsmith/Desktop/airflow_study/airflow-etl-explore/.venv/lib/python3.8/site-packages/airflow/example_dags/example_kubernetes_executor_config.py for tasks to queue
[2021-04-06 18:53:45,843] {logging_mixin.py:104} INFO - [2021-04-06 18:53:45,843] {dagbag.py:448} INFO - Filling up the DagBag from /Users/garonsmith/Desktop/airflow_study/airflow-etl-explore/.venv/lib/python3.8/site-packages/airflow/example_dags/example_kubernetes_executor_config.py
[2021-04-06 18:53:45,845] {logging_mixin.py:104} INFO - [2021-04-06 18:53:45,845] {example_kubernetes_executor_config.py:174} WARNING - Could not import DAGs in example_kubernetes_executor_config.py: No module named 'kubernetes'
[2021-04-06 18:53:45,845] {logging_mixin.py:104} INFO - [2021-04-06 18:53:45,845] {example_kubernetes_executor_config.py:175} WARNING - Install kubernetes dependencies with: pip install apache-airflow['cncf.kubernetes']
[2021-04-06 18:53:45,845] {scheduler_job.py:641} WARNING - No viable dags retrieved from /Users/garonsmith/Desktop/airflow_study/airflow-etl-explore/.venv/lib/python3.8/site-packages/airflow/example_dags/example_kubernetes_executor_config.py
[2021-04-06 18:53:45,875] {scheduler_job.py:190} INFO - Processing /Users/garonsmith/Desktop/airflow_study/airflow-etl-explore/.venv/lib/python3.8/site-packages/airflow/example_dags/example_kubernetes_executor_config.py took 0.034 seconds
