[2021-04-06 18:36:13,442] {scheduler_job.py:182} INFO - Started process (PID=17367) to work on /Users/garonsmith/Desktop/airflow_study/airflow-etl-explore/.venv/lib/python3.8/site-packages/airflow/example_dags/example_nested_branch_dag.py
[2021-04-06 18:36:13,442] {scheduler_job.py:629} INFO - Processing file /Users/garonsmith/Desktop/airflow_study/airflow-etl-explore/.venv/lib/python3.8/site-packages/airflow/example_dags/example_nested_branch_dag.py for tasks to queue
[2021-04-06 18:36:13,443] {logging_mixin.py:104} INFO - [2021-04-06 18:36:13,443] {dagbag.py:448} INFO - Filling up the DagBag from /Users/garonsmith/Desktop/airflow_study/airflow-etl-explore/.venv/lib/python3.8/site-packages/airflow/example_dags/example_nested_branch_dag.py
[2021-04-06 18:36:13,448] {scheduler_job.py:639} INFO - DAG(s) dict_keys(['example_nested_branch_dag']) retrieved from /Users/garonsmith/Desktop/airflow_study/airflow-etl-explore/.venv/lib/python3.8/site-packages/airflow/example_dags/example_nested_branch_dag.py
[2021-04-06 18:36:13,483] {logging_mixin.py:104} INFO - [2021-04-06 18:36:13,483] {dag.py:1818} INFO - Sync 1 DAGs
[2021-04-06 18:36:13,495] {logging_mixin.py:104} INFO - [2021-04-06 18:36:13,495] {dag.py:2273} INFO - Setting next_dagrun for example_nested_branch_dag to 2021-04-04 00:00:00+00:00
[2021-04-06 18:36:13,501] {scheduler_job.py:190} INFO - Processing /Users/garonsmith/Desktop/airflow_study/airflow-etl-explore/.venv/lib/python3.8/site-packages/airflow/example_dags/example_nested_branch_dag.py took 0.060 seconds
[2021-04-06 18:36:44,897] {scheduler_job.py:182} INFO - Started process (PID=17461) to work on /Users/garonsmith/Desktop/airflow_study/airflow-etl-explore/.venv/lib/python3.8/site-packages/airflow/example_dags/example_nested_branch_dag.py
[2021-04-06 18:36:44,898] {scheduler_job.py:629} INFO - Processing file /Users/garonsmith/Desktop/airflow_study/airflow-etl-explore/.venv/lib/python3.8/site-packages/airflow/example_dags/example_nested_branch_dag.py for tasks to queue
[2021-04-06 18:36:44,898] {logging_mixin.py:104} INFO - [2021-04-06 18:36:44,898] {dagbag.py:448} INFO - Filling up the DagBag from /Users/garonsmith/Desktop/airflow_study/airflow-etl-explore/.venv/lib/python3.8/site-packages/airflow/example_dags/example_nested_branch_dag.py
[2021-04-06 18:36:44,905] {scheduler_job.py:639} INFO - DAG(s) dict_keys(['example_nested_branch_dag']) retrieved from /Users/garonsmith/Desktop/airflow_study/airflow-etl-explore/.venv/lib/python3.8/site-packages/airflow/example_dags/example_nested_branch_dag.py
[2021-04-06 18:36:44,935] {logging_mixin.py:104} INFO - [2021-04-06 18:36:44,934] {dag.py:1818} INFO - Sync 1 DAGs
[2021-04-06 18:36:44,945] {logging_mixin.py:104} INFO - [2021-04-06 18:36:44,945] {dag.py:2273} INFO - Setting next_dagrun for example_nested_branch_dag to 2021-04-04 00:00:00+00:00
[2021-04-06 18:36:44,950] {scheduler_job.py:190} INFO - Processing /Users/garonsmith/Desktop/airflow_study/airflow-etl-explore/.venv/lib/python3.8/site-packages/airflow/example_dags/example_nested_branch_dag.py took 0.054 seconds
[2021-04-06 18:37:16,084] {scheduler_job.py:182} INFO - Started process (PID=18358) to work on /Users/garonsmith/Desktop/airflow_study/airflow-etl-explore/.venv/lib/python3.8/site-packages/airflow/example_dags/example_nested_branch_dag.py
[2021-04-06 18:37:16,084] {scheduler_job.py:629} INFO - Processing file /Users/garonsmith/Desktop/airflow_study/airflow-etl-explore/.venv/lib/python3.8/site-packages/airflow/example_dags/example_nested_branch_dag.py for tasks to queue
[2021-04-06 18:37:16,084] {logging_mixin.py:104} INFO - [2021-04-06 18:37:16,084] {dagbag.py:448} INFO - Filling up the DagBag from /Users/garonsmith/Desktop/airflow_study/airflow-etl-explore/.venv/lib/python3.8/site-packages/airflow/example_dags/example_nested_branch_dag.py
[2021-04-06 18:37:16,091] {scheduler_job.py:639} INFO - DAG(s) dict_keys(['example_nested_branch_dag']) retrieved from /Users/garonsmith/Desktop/airflow_study/airflow-etl-explore/.venv/lib/python3.8/site-packages/airflow/example_dags/example_nested_branch_dag.py
[2021-04-06 18:37:16,121] {logging_mixin.py:104} INFO - [2021-04-06 18:37:16,121] {dag.py:1818} INFO - Sync 1 DAGs
[2021-04-06 18:37:16,132] {logging_mixin.py:104} INFO - [2021-04-06 18:37:16,132] {dag.py:2273} INFO - Setting next_dagrun for example_nested_branch_dag to 2021-04-04 00:00:00+00:00
[2021-04-06 18:37:16,136] {scheduler_job.py:190} INFO - Processing /Users/garonsmith/Desktop/airflow_study/airflow-etl-explore/.venv/lib/python3.8/site-packages/airflow/example_dags/example_nested_branch_dag.py took 0.053 seconds
[2021-04-06 18:37:47,268] {scheduler_job.py:182} INFO - Started process (PID=18442) to work on /Users/garonsmith/Desktop/airflow_study/airflow-etl-explore/.venv/lib/python3.8/site-packages/airflow/example_dags/example_nested_branch_dag.py
[2021-04-06 18:37:47,269] {scheduler_job.py:629} INFO - Processing file /Users/garonsmith/Desktop/airflow_study/airflow-etl-explore/.venv/lib/python3.8/site-packages/airflow/example_dags/example_nested_branch_dag.py for tasks to queue
[2021-04-06 18:37:47,269] {logging_mixin.py:104} INFO - [2021-04-06 18:37:47,269] {dagbag.py:448} INFO - Filling up the DagBag from /Users/garonsmith/Desktop/airflow_study/airflow-etl-explore/.venv/lib/python3.8/site-packages/airflow/example_dags/example_nested_branch_dag.py
[2021-04-06 18:37:47,276] {scheduler_job.py:639} INFO - DAG(s) dict_keys(['example_nested_branch_dag']) retrieved from /Users/garonsmith/Desktop/airflow_study/airflow-etl-explore/.venv/lib/python3.8/site-packages/airflow/example_dags/example_nested_branch_dag.py
[2021-04-06 18:37:47,309] {logging_mixin.py:104} INFO - [2021-04-06 18:37:47,309] {dag.py:1818} INFO - Sync 1 DAGs
[2021-04-06 18:37:47,320] {logging_mixin.py:104} INFO - [2021-04-06 18:37:47,320] {dag.py:2273} INFO - Setting next_dagrun for example_nested_branch_dag to 2021-04-04 00:00:00+00:00
[2021-04-06 18:37:47,326] {scheduler_job.py:190} INFO - Processing /Users/garonsmith/Desktop/airflow_study/airflow-etl-explore/.venv/lib/python3.8/site-packages/airflow/example_dags/example_nested_branch_dag.py took 0.058 seconds
[2021-04-06 18:38:18,275] {scheduler_job.py:182} INFO - Started process (PID=18528) to work on /Users/garonsmith/Desktop/airflow_study/airflow-etl-explore/.venv/lib/python3.8/site-packages/airflow/example_dags/example_nested_branch_dag.py
[2021-04-06 18:38:18,276] {scheduler_job.py:629} INFO - Processing file /Users/garonsmith/Desktop/airflow_study/airflow-etl-explore/.venv/lib/python3.8/site-packages/airflow/example_dags/example_nested_branch_dag.py for tasks to queue
[2021-04-06 18:38:18,276] {logging_mixin.py:104} INFO - [2021-04-06 18:38:18,276] {dagbag.py:448} INFO - Filling up the DagBag from /Users/garonsmith/Desktop/airflow_study/airflow-etl-explore/.venv/lib/python3.8/site-packages/airflow/example_dags/example_nested_branch_dag.py
[2021-04-06 18:38:18,282] {scheduler_job.py:639} INFO - DAG(s) dict_keys(['example_nested_branch_dag']) retrieved from /Users/garonsmith/Desktop/airflow_study/airflow-etl-explore/.venv/lib/python3.8/site-packages/airflow/example_dags/example_nested_branch_dag.py
[2021-04-06 18:38:18,310] {logging_mixin.py:104} INFO - [2021-04-06 18:38:18,310] {dag.py:1818} INFO - Sync 1 DAGs
[2021-04-06 18:38:18,320] {logging_mixin.py:104} INFO - [2021-04-06 18:38:18,320] {dag.py:2273} INFO - Setting next_dagrun for example_nested_branch_dag to 2021-04-04 00:00:00+00:00
[2021-04-06 18:38:18,325] {scheduler_job.py:190} INFO - Processing /Users/garonsmith/Desktop/airflow_study/airflow-etl-explore/.venv/lib/python3.8/site-packages/airflow/example_dags/example_nested_branch_dag.py took 0.050 seconds
[2021-04-06 18:38:49,575] {scheduler_job.py:182} INFO - Started process (PID=18624) to work on /Users/garonsmith/Desktop/airflow_study/airflow-etl-explore/.venv/lib/python3.8/site-packages/airflow/example_dags/example_nested_branch_dag.py
[2021-04-06 18:38:49,576] {scheduler_job.py:629} INFO - Processing file /Users/garonsmith/Desktop/airflow_study/airflow-etl-explore/.venv/lib/python3.8/site-packages/airflow/example_dags/example_nested_branch_dag.py for tasks to queue
[2021-04-06 18:38:49,576] {logging_mixin.py:104} INFO - [2021-04-06 18:38:49,576] {dagbag.py:448} INFO - Filling up the DagBag from /Users/garonsmith/Desktop/airflow_study/airflow-etl-explore/.venv/lib/python3.8/site-packages/airflow/example_dags/example_nested_branch_dag.py
[2021-04-06 18:38:49,582] {scheduler_job.py:639} INFO - DAG(s) dict_keys(['example_nested_branch_dag']) retrieved from /Users/garonsmith/Desktop/airflow_study/airflow-etl-explore/.venv/lib/python3.8/site-packages/airflow/example_dags/example_nested_branch_dag.py
[2021-04-06 18:38:49,612] {logging_mixin.py:104} INFO - [2021-04-06 18:38:49,611] {dag.py:1818} INFO - Sync 1 DAGs
[2021-04-06 18:38:49,622] {logging_mixin.py:104} INFO - [2021-04-06 18:38:49,622] {dag.py:2273} INFO - Setting next_dagrun for example_nested_branch_dag to 2021-04-04 00:00:00+00:00
[2021-04-06 18:38:49,627] {scheduler_job.py:190} INFO - Processing /Users/garonsmith/Desktop/airflow_study/airflow-etl-explore/.venv/lib/python3.8/site-packages/airflow/example_dags/example_nested_branch_dag.py took 0.052 seconds
[2021-04-06 18:39:21,190] {scheduler_job.py:182} INFO - Started process (PID=18721) to work on /Users/garonsmith/Desktop/airflow_study/airflow-etl-explore/.venv/lib/python3.8/site-packages/airflow/example_dags/example_nested_branch_dag.py
[2021-04-06 18:39:21,191] {scheduler_job.py:629} INFO - Processing file /Users/garonsmith/Desktop/airflow_study/airflow-etl-explore/.venv/lib/python3.8/site-packages/airflow/example_dags/example_nested_branch_dag.py for tasks to queue
[2021-04-06 18:39:21,191] {logging_mixin.py:104} INFO - [2021-04-06 18:39:21,191] {dagbag.py:448} INFO - Filling up the DagBag from /Users/garonsmith/Desktop/airflow_study/airflow-etl-explore/.venv/lib/python3.8/site-packages/airflow/example_dags/example_nested_branch_dag.py
[2021-04-06 18:39:21,197] {scheduler_job.py:639} INFO - DAG(s) dict_keys(['example_nested_branch_dag']) retrieved from /Users/garonsmith/Desktop/airflow_study/airflow-etl-explore/.venv/lib/python3.8/site-packages/airflow/example_dags/example_nested_branch_dag.py
[2021-04-06 18:39:21,242] {logging_mixin.py:104} INFO - [2021-04-06 18:39:21,242] {dag.py:1818} INFO - Sync 1 DAGs
[2021-04-06 18:39:21,252] {logging_mixin.py:104} INFO - [2021-04-06 18:39:21,252] {dag.py:2273} INFO - Setting next_dagrun for example_nested_branch_dag to 2021-04-04 00:00:00+00:00
[2021-04-06 18:39:21,270] {scheduler_job.py:190} INFO - Processing /Users/garonsmith/Desktop/airflow_study/airflow-etl-explore/.venv/lib/python3.8/site-packages/airflow/example_dags/example_nested_branch_dag.py took 0.080 seconds
[2021-04-06 18:39:52,320] {scheduler_job.py:182} INFO - Started process (PID=18834) to work on /Users/garonsmith/Desktop/airflow_study/airflow-etl-explore/.venv/lib/python3.8/site-packages/airflow/example_dags/example_nested_branch_dag.py
[2021-04-06 18:39:52,320] {scheduler_job.py:629} INFO - Processing file /Users/garonsmith/Desktop/airflow_study/airflow-etl-explore/.venv/lib/python3.8/site-packages/airflow/example_dags/example_nested_branch_dag.py for tasks to queue
[2021-04-06 18:39:52,320] {logging_mixin.py:104} INFO - [2021-04-06 18:39:52,320] {dagbag.py:448} INFO - Filling up the DagBag from /Users/garonsmith/Desktop/airflow_study/airflow-etl-explore/.venv/lib/python3.8/site-packages/airflow/example_dags/example_nested_branch_dag.py
[2021-04-06 18:39:52,326] {scheduler_job.py:639} INFO - DAG(s) dict_keys(['example_nested_branch_dag']) retrieved from /Users/garonsmith/Desktop/airflow_study/airflow-etl-explore/.venv/lib/python3.8/site-packages/airflow/example_dags/example_nested_branch_dag.py
[2021-04-06 18:39:52,368] {logging_mixin.py:104} INFO - [2021-04-06 18:39:52,368] {dag.py:1818} INFO - Sync 1 DAGs
[2021-04-06 18:39:52,381] {logging_mixin.py:104} INFO - [2021-04-06 18:39:52,381] {dag.py:2273} INFO - Setting next_dagrun for example_nested_branch_dag to 2021-04-04 00:00:00+00:00
[2021-04-06 18:39:52,387] {scheduler_job.py:190} INFO - Processing /Users/garonsmith/Desktop/airflow_study/airflow-etl-explore/.venv/lib/python3.8/site-packages/airflow/example_dags/example_nested_branch_dag.py took 0.068 seconds
[2021-04-06 18:40:24,608] {scheduler_job.py:182} INFO - Started process (PID=18949) to work on /Users/garonsmith/Desktop/airflow_study/airflow-etl-explore/.venv/lib/python3.8/site-packages/airflow/example_dags/example_nested_branch_dag.py
[2021-04-06 18:40:24,609] {scheduler_job.py:629} INFO - Processing file /Users/garonsmith/Desktop/airflow_study/airflow-etl-explore/.venv/lib/python3.8/site-packages/airflow/example_dags/example_nested_branch_dag.py for tasks to queue
[2021-04-06 18:40:24,609] {logging_mixin.py:104} INFO - [2021-04-06 18:40:24,609] {dagbag.py:448} INFO - Filling up the DagBag from /Users/garonsmith/Desktop/airflow_study/airflow-etl-explore/.venv/lib/python3.8/site-packages/airflow/example_dags/example_nested_branch_dag.py
[2021-04-06 18:40:24,614] {scheduler_job.py:639} INFO - DAG(s) dict_keys(['example_nested_branch_dag']) retrieved from /Users/garonsmith/Desktop/airflow_study/airflow-etl-explore/.venv/lib/python3.8/site-packages/airflow/example_dags/example_nested_branch_dag.py
[2021-04-06 18:40:24,653] {logging_mixin.py:104} INFO - [2021-04-06 18:40:24,653] {dag.py:1818} INFO - Sync 1 DAGs
[2021-04-06 18:40:24,665] {logging_mixin.py:104} INFO - [2021-04-06 18:40:24,665] {dag.py:2273} INFO - Setting next_dagrun for example_nested_branch_dag to 2021-04-04 00:00:00+00:00
[2021-04-06 18:40:24,672] {scheduler_job.py:190} INFO - Processing /Users/garonsmith/Desktop/airflow_study/airflow-etl-explore/.venv/lib/python3.8/site-packages/airflow/example_dags/example_nested_branch_dag.py took 0.064 seconds
[2021-04-06 18:40:55,931] {scheduler_job.py:182} INFO - Started process (PID=19030) to work on /Users/garonsmith/Desktop/airflow_study/airflow-etl-explore/.venv/lib/python3.8/site-packages/airflow/example_dags/example_nested_branch_dag.py
[2021-04-06 18:40:55,932] {scheduler_job.py:629} INFO - Processing file /Users/garonsmith/Desktop/airflow_study/airflow-etl-explore/.venv/lib/python3.8/site-packages/airflow/example_dags/example_nested_branch_dag.py for tasks to queue
[2021-04-06 18:40:55,932] {logging_mixin.py:104} INFO - [2021-04-06 18:40:55,932] {dagbag.py:448} INFO - Filling up the DagBag from /Users/garonsmith/Desktop/airflow_study/airflow-etl-explore/.venv/lib/python3.8/site-packages/airflow/example_dags/example_nested_branch_dag.py
[2021-04-06 18:40:55,939] {scheduler_job.py:639} INFO - DAG(s) dict_keys(['example_nested_branch_dag']) retrieved from /Users/garonsmith/Desktop/airflow_study/airflow-etl-explore/.venv/lib/python3.8/site-packages/airflow/example_dags/example_nested_branch_dag.py
[2021-04-06 18:40:55,979] {logging_mixin.py:104} INFO - [2021-04-06 18:40:55,979] {dag.py:1818} INFO - Sync 1 DAGs
[2021-04-06 18:40:56,010] {logging_mixin.py:104} INFO - [2021-04-06 18:40:56,010] {dag.py:2273} INFO - Setting next_dagrun for example_nested_branch_dag to 2021-04-04 00:00:00+00:00
[2021-04-06 18:40:56,017] {scheduler_job.py:190} INFO - Processing /Users/garonsmith/Desktop/airflow_study/airflow-etl-explore/.venv/lib/python3.8/site-packages/airflow/example_dags/example_nested_branch_dag.py took 0.087 seconds
[2021-04-06 18:41:27,597] {scheduler_job.py:182} INFO - Started process (PID=19123) to work on /Users/garonsmith/Desktop/airflow_study/airflow-etl-explore/.venv/lib/python3.8/site-packages/airflow/example_dags/example_nested_branch_dag.py
[2021-04-06 18:41:27,597] {scheduler_job.py:629} INFO - Processing file /Users/garonsmith/Desktop/airflow_study/airflow-etl-explore/.venv/lib/python3.8/site-packages/airflow/example_dags/example_nested_branch_dag.py for tasks to queue
[2021-04-06 18:41:27,597] {logging_mixin.py:104} INFO - [2021-04-06 18:41:27,597] {dagbag.py:448} INFO - Filling up the DagBag from /Users/garonsmith/Desktop/airflow_study/airflow-etl-explore/.venv/lib/python3.8/site-packages/airflow/example_dags/example_nested_branch_dag.py
[2021-04-06 18:41:27,604] {scheduler_job.py:639} INFO - DAG(s) dict_keys(['example_nested_branch_dag']) retrieved from /Users/garonsmith/Desktop/airflow_study/airflow-etl-explore/.venv/lib/python3.8/site-packages/airflow/example_dags/example_nested_branch_dag.py
[2021-04-06 18:41:27,651] {logging_mixin.py:104} INFO - [2021-04-06 18:41:27,651] {dag.py:1818} INFO - Sync 1 DAGs
[2021-04-06 18:41:27,666] {logging_mixin.py:104} INFO - [2021-04-06 18:41:27,666] {dag.py:2273} INFO - Setting next_dagrun for example_nested_branch_dag to 2021-04-04 00:00:00+00:00
[2021-04-06 18:41:27,673] {scheduler_job.py:190} INFO - Processing /Users/garonsmith/Desktop/airflow_study/airflow-etl-explore/.venv/lib/python3.8/site-packages/airflow/example_dags/example_nested_branch_dag.py took 0.076 seconds
[2021-04-06 18:41:59,145] {scheduler_job.py:182} INFO - Started process (PID=19233) to work on /Users/garonsmith/Desktop/airflow_study/airflow-etl-explore/.venv/lib/python3.8/site-packages/airflow/example_dags/example_nested_branch_dag.py
[2021-04-06 18:41:59,145] {scheduler_job.py:629} INFO - Processing file /Users/garonsmith/Desktop/airflow_study/airflow-etl-explore/.venv/lib/python3.8/site-packages/airflow/example_dags/example_nested_branch_dag.py for tasks to queue
[2021-04-06 18:41:59,146] {logging_mixin.py:104} INFO - [2021-04-06 18:41:59,146] {dagbag.py:448} INFO - Filling up the DagBag from /Users/garonsmith/Desktop/airflow_study/airflow-etl-explore/.venv/lib/python3.8/site-packages/airflow/example_dags/example_nested_branch_dag.py
[2021-04-06 18:41:59,152] {scheduler_job.py:639} INFO - DAG(s) dict_keys(['example_nested_branch_dag']) retrieved from /Users/garonsmith/Desktop/airflow_study/airflow-etl-explore/.venv/lib/python3.8/site-packages/airflow/example_dags/example_nested_branch_dag.py
[2021-04-06 18:41:59,200] {logging_mixin.py:104} INFO - [2021-04-06 18:41:59,200] {dag.py:1818} INFO - Sync 1 DAGs
[2021-04-06 18:41:59,212] {logging_mixin.py:104} INFO - [2021-04-06 18:41:59,212] {dag.py:2273} INFO - Setting next_dagrun for example_nested_branch_dag to 2021-04-04 00:00:00+00:00
[2021-04-06 18:41:59,216] {scheduler_job.py:190} INFO - Processing /Users/garonsmith/Desktop/airflow_study/airflow-etl-explore/.venv/lib/python3.8/site-packages/airflow/example_dags/example_nested_branch_dag.py took 0.072 seconds
[2021-04-06 18:42:30,475] {scheduler_job.py:182} INFO - Started process (PID=19326) to work on /Users/garonsmith/Desktop/airflow_study/airflow-etl-explore/.venv/lib/python3.8/site-packages/airflow/example_dags/example_nested_branch_dag.py
[2021-04-06 18:42:30,475] {scheduler_job.py:629} INFO - Processing file /Users/garonsmith/Desktop/airflow_study/airflow-etl-explore/.venv/lib/python3.8/site-packages/airflow/example_dags/example_nested_branch_dag.py for tasks to queue
[2021-04-06 18:42:30,476] {logging_mixin.py:104} INFO - [2021-04-06 18:42:30,476] {dagbag.py:448} INFO - Filling up the DagBag from /Users/garonsmith/Desktop/airflow_study/airflow-etl-explore/.venv/lib/python3.8/site-packages/airflow/example_dags/example_nested_branch_dag.py
[2021-04-06 18:42:30,482] {scheduler_job.py:639} INFO - DAG(s) dict_keys(['example_nested_branch_dag']) retrieved from /Users/garonsmith/Desktop/airflow_study/airflow-etl-explore/.venv/lib/python3.8/site-packages/airflow/example_dags/example_nested_branch_dag.py
[2021-04-06 18:42:30,531] {logging_mixin.py:104} INFO - [2021-04-06 18:42:30,531] {dag.py:1818} INFO - Sync 1 DAGs
[2021-04-06 18:42:30,558] {logging_mixin.py:104} INFO - [2021-04-06 18:42:30,558] {dag.py:2273} INFO - Setting next_dagrun for example_nested_branch_dag to 2021-04-04 00:00:00+00:00
[2021-04-06 18:42:30,563] {scheduler_job.py:190} INFO - Processing /Users/garonsmith/Desktop/airflow_study/airflow-etl-explore/.venv/lib/python3.8/site-packages/airflow/example_dags/example_nested_branch_dag.py took 0.089 seconds
[2021-04-06 18:43:02,424] {scheduler_job.py:182} INFO - Started process (PID=19421) to work on /Users/garonsmith/Desktop/airflow_study/airflow-etl-explore/.venv/lib/python3.8/site-packages/airflow/example_dags/example_nested_branch_dag.py
[2021-04-06 18:43:02,425] {scheduler_job.py:629} INFO - Processing file /Users/garonsmith/Desktop/airflow_study/airflow-etl-explore/.venv/lib/python3.8/site-packages/airflow/example_dags/example_nested_branch_dag.py for tasks to queue
[2021-04-06 18:43:02,425] {logging_mixin.py:104} INFO - [2021-04-06 18:43:02,425] {dagbag.py:448} INFO - Filling up the DagBag from /Users/garonsmith/Desktop/airflow_study/airflow-etl-explore/.venv/lib/python3.8/site-packages/airflow/example_dags/example_nested_branch_dag.py
[2021-04-06 18:43:02,431] {scheduler_job.py:639} INFO - DAG(s) dict_keys(['example_nested_branch_dag']) retrieved from /Users/garonsmith/Desktop/airflow_study/airflow-etl-explore/.venv/lib/python3.8/site-packages/airflow/example_dags/example_nested_branch_dag.py
[2021-04-06 18:43:02,476] {logging_mixin.py:104} INFO - [2021-04-06 18:43:02,476] {dag.py:1818} INFO - Sync 1 DAGs
[2021-04-06 18:43:02,487] {logging_mixin.py:104} INFO - [2021-04-06 18:43:02,487] {dag.py:2273} INFO - Setting next_dagrun for example_nested_branch_dag to 2021-04-04 00:00:00+00:00
[2021-04-06 18:43:02,505] {scheduler_job.py:190} INFO - Processing /Users/garonsmith/Desktop/airflow_study/airflow-etl-explore/.venv/lib/python3.8/site-packages/airflow/example_dags/example_nested_branch_dag.py took 0.081 seconds
[2021-04-06 18:43:33,287] {scheduler_job.py:182} INFO - Started process (PID=19536) to work on /Users/garonsmith/Desktop/airflow_study/airflow-etl-explore/.venv/lib/python3.8/site-packages/airflow/example_dags/example_nested_branch_dag.py
[2021-04-06 18:43:33,288] {scheduler_job.py:629} INFO - Processing file /Users/garonsmith/Desktop/airflow_study/airflow-etl-explore/.venv/lib/python3.8/site-packages/airflow/example_dags/example_nested_branch_dag.py for tasks to queue
[2021-04-06 18:43:33,288] {logging_mixin.py:104} INFO - [2021-04-06 18:43:33,288] {dagbag.py:448} INFO - Filling up the DagBag from /Users/garonsmith/Desktop/airflow_study/airflow-etl-explore/.venv/lib/python3.8/site-packages/airflow/example_dags/example_nested_branch_dag.py
[2021-04-06 18:43:33,294] {scheduler_job.py:639} INFO - DAG(s) dict_keys(['example_nested_branch_dag']) retrieved from /Users/garonsmith/Desktop/airflow_study/airflow-etl-explore/.venv/lib/python3.8/site-packages/airflow/example_dags/example_nested_branch_dag.py
[2021-04-06 18:43:33,334] {logging_mixin.py:104} INFO - [2021-04-06 18:43:33,334] {dag.py:1818} INFO - Sync 1 DAGs
[2021-04-06 18:43:33,365] {logging_mixin.py:104} INFO - [2021-04-06 18:43:33,365] {dag.py:2273} INFO - Setting next_dagrun for example_nested_branch_dag to 2021-04-04 00:00:00+00:00
[2021-04-06 18:43:33,371] {scheduler_job.py:190} INFO - Processing /Users/garonsmith/Desktop/airflow_study/airflow-etl-explore/.venv/lib/python3.8/site-packages/airflow/example_dags/example_nested_branch_dag.py took 0.084 seconds
[2021-04-06 18:43:48,473] {scheduler_job.py:182} INFO - Started process (PID=19615) to work on /Users/garonsmith/Desktop/airflow_study/airflow-etl-explore/.venv/lib/python3.8/site-packages/airflow/example_dags/example_nested_branch_dag.py
[2021-04-06 18:43:48,474] {scheduler_job.py:629} INFO - Processing file /Users/garonsmith/Desktop/airflow_study/airflow-etl-explore/.venv/lib/python3.8/site-packages/airflow/example_dags/example_nested_branch_dag.py for tasks to queue
[2021-04-06 18:43:48,474] {logging_mixin.py:104} INFO - [2021-04-06 18:43:48,474] {dagbag.py:448} INFO - Filling up the DagBag from /Users/garonsmith/Desktop/airflow_study/airflow-etl-explore/.venv/lib/python3.8/site-packages/airflow/example_dags/example_nested_branch_dag.py
[2021-04-06 18:43:48,481] {scheduler_job.py:639} INFO - DAG(s) dict_keys(['example_nested_branch_dag']) retrieved from /Users/garonsmith/Desktop/airflow_study/airflow-etl-explore/.venv/lib/python3.8/site-packages/airflow/example_dags/example_nested_branch_dag.py
[2021-04-06 18:43:48,512] {logging_mixin.py:104} INFO - [2021-04-06 18:43:48,512] {dag.py:1818} INFO - Sync 1 DAGs
[2021-04-06 18:43:48,561] {logging_mixin.py:104} INFO - [2021-04-06 18:43:48,561] {dag.py:2273} INFO - Setting next_dagrun for example_nested_branch_dag to 2021-04-04 00:00:00+00:00
[2021-04-06 18:43:48,566] {scheduler_job.py:190} INFO - Processing /Users/garonsmith/Desktop/airflow_study/airflow-etl-explore/.venv/lib/python3.8/site-packages/airflow/example_dags/example_nested_branch_dag.py took 0.094 seconds
[2021-04-06 18:44:19,397] {scheduler_job.py:182} INFO - Started process (PID=19708) to work on /Users/garonsmith/Desktop/airflow_study/airflow-etl-explore/.venv/lib/python3.8/site-packages/airflow/example_dags/example_nested_branch_dag.py
[2021-04-06 18:44:19,398] {scheduler_job.py:629} INFO - Processing file /Users/garonsmith/Desktop/airflow_study/airflow-etl-explore/.venv/lib/python3.8/site-packages/airflow/example_dags/example_nested_branch_dag.py for tasks to queue
[2021-04-06 18:44:19,398] {logging_mixin.py:104} INFO - [2021-04-06 18:44:19,398] {dagbag.py:448} INFO - Filling up the DagBag from /Users/garonsmith/Desktop/airflow_study/airflow-etl-explore/.venv/lib/python3.8/site-packages/airflow/example_dags/example_nested_branch_dag.py
[2021-04-06 18:44:19,405] {scheduler_job.py:639} INFO - DAG(s) dict_keys(['example_nested_branch_dag']) retrieved from /Users/garonsmith/Desktop/airflow_study/airflow-etl-explore/.venv/lib/python3.8/site-packages/airflow/example_dags/example_nested_branch_dag.py
[2021-04-06 18:44:19,455] {logging_mixin.py:104} INFO - [2021-04-06 18:44:19,455] {dag.py:1818} INFO - Sync 1 DAGs
[2021-04-06 18:44:19,468] {logging_mixin.py:104} INFO - [2021-04-06 18:44:19,468] {dag.py:2273} INFO - Setting next_dagrun for example_nested_branch_dag to 2021-04-04 00:00:00+00:00
[2021-04-06 18:44:19,475] {scheduler_job.py:190} INFO - Processing /Users/garonsmith/Desktop/airflow_study/airflow-etl-explore/.venv/lib/python3.8/site-packages/airflow/example_dags/example_nested_branch_dag.py took 0.078 seconds
[2021-04-06 18:44:50,818] {scheduler_job.py:182} INFO - Started process (PID=19796) to work on /Users/garonsmith/Desktop/airflow_study/airflow-etl-explore/.venv/lib/python3.8/site-packages/airflow/example_dags/example_nested_branch_dag.py
[2021-04-06 18:44:50,819] {scheduler_job.py:629} INFO - Processing file /Users/garonsmith/Desktop/airflow_study/airflow-etl-explore/.venv/lib/python3.8/site-packages/airflow/example_dags/example_nested_branch_dag.py for tasks to queue
[2021-04-06 18:44:50,819] {logging_mixin.py:104} INFO - [2021-04-06 18:44:50,819] {dagbag.py:448} INFO - Filling up the DagBag from /Users/garonsmith/Desktop/airflow_study/airflow-etl-explore/.venv/lib/python3.8/site-packages/airflow/example_dags/example_nested_branch_dag.py
[2021-04-06 18:44:50,825] {scheduler_job.py:639} INFO - DAG(s) dict_keys(['example_nested_branch_dag']) retrieved from /Users/garonsmith/Desktop/airflow_study/airflow-etl-explore/.venv/lib/python3.8/site-packages/airflow/example_dags/example_nested_branch_dag.py
[2021-04-06 18:44:50,855] {logging_mixin.py:104} INFO - [2021-04-06 18:44:50,855] {dag.py:1818} INFO - Sync 1 DAGs
[2021-04-06 18:44:50,866] {logging_mixin.py:104} INFO - [2021-04-06 18:44:50,866] {dag.py:2273} INFO - Setting next_dagrun for example_nested_branch_dag to 2021-04-04 00:00:00+00:00
[2021-04-06 18:44:50,872] {scheduler_job.py:190} INFO - Processing /Users/garonsmith/Desktop/airflow_study/airflow-etl-explore/.venv/lib/python3.8/site-packages/airflow/example_dags/example_nested_branch_dag.py took 0.054 seconds
[2021-04-06 18:45:22,047] {scheduler_job.py:182} INFO - Started process (PID=19883) to work on /Users/garonsmith/Desktop/airflow_study/airflow-etl-explore/.venv/lib/python3.8/site-packages/airflow/example_dags/example_nested_branch_dag.py
[2021-04-06 18:45:22,047] {scheduler_job.py:629} INFO - Processing file /Users/garonsmith/Desktop/airflow_study/airflow-etl-explore/.venv/lib/python3.8/site-packages/airflow/example_dags/example_nested_branch_dag.py for tasks to queue
[2021-04-06 18:45:22,048] {logging_mixin.py:104} INFO - [2021-04-06 18:45:22,048] {dagbag.py:448} INFO - Filling up the DagBag from /Users/garonsmith/Desktop/airflow_study/airflow-etl-explore/.venv/lib/python3.8/site-packages/airflow/example_dags/example_nested_branch_dag.py
[2021-04-06 18:45:22,054] {scheduler_job.py:639} INFO - DAG(s) dict_keys(['example_nested_branch_dag']) retrieved from /Users/garonsmith/Desktop/airflow_study/airflow-etl-explore/.venv/lib/python3.8/site-packages/airflow/example_dags/example_nested_branch_dag.py
[2021-04-06 18:45:22,088] {logging_mixin.py:104} INFO - [2021-04-06 18:45:22,088] {dag.py:1818} INFO - Sync 1 DAGs
[2021-04-06 18:45:22,112] {logging_mixin.py:104} INFO - [2021-04-06 18:45:22,111] {dag.py:2273} INFO - Setting next_dagrun for example_nested_branch_dag to 2021-04-04 00:00:00+00:00
[2021-04-06 18:45:22,117] {scheduler_job.py:190} INFO - Processing /Users/garonsmith/Desktop/airflow_study/airflow-etl-explore/.venv/lib/python3.8/site-packages/airflow/example_dags/example_nested_branch_dag.py took 0.070 seconds
[2021-04-06 18:45:53,105] {scheduler_job.py:182} INFO - Started process (PID=19978) to work on /Users/garonsmith/Desktop/airflow_study/airflow-etl-explore/.venv/lib/python3.8/site-packages/airflow/example_dags/example_nested_branch_dag.py
[2021-04-06 18:45:53,105] {scheduler_job.py:629} INFO - Processing file /Users/garonsmith/Desktop/airflow_study/airflow-etl-explore/.venv/lib/python3.8/site-packages/airflow/example_dags/example_nested_branch_dag.py for tasks to queue
[2021-04-06 18:45:53,105] {logging_mixin.py:104} INFO - [2021-04-06 18:45:53,105] {dagbag.py:448} INFO - Filling up the DagBag from /Users/garonsmith/Desktop/airflow_study/airflow-etl-explore/.venv/lib/python3.8/site-packages/airflow/example_dags/example_nested_branch_dag.py
[2021-04-06 18:45:53,112] {scheduler_job.py:639} INFO - DAG(s) dict_keys(['example_nested_branch_dag']) retrieved from /Users/garonsmith/Desktop/airflow_study/airflow-etl-explore/.venv/lib/python3.8/site-packages/airflow/example_dags/example_nested_branch_dag.py
[2021-04-06 18:45:53,157] {logging_mixin.py:104} INFO - [2021-04-06 18:45:53,157] {dag.py:1818} INFO - Sync 1 DAGs
[2021-04-06 18:45:53,172] {logging_mixin.py:104} INFO - [2021-04-06 18:45:53,172] {dag.py:2273} INFO - Setting next_dagrun for example_nested_branch_dag to 2021-04-04 00:00:00+00:00
[2021-04-06 18:45:53,179] {scheduler_job.py:190} INFO - Processing /Users/garonsmith/Desktop/airflow_study/airflow-etl-explore/.venv/lib/python3.8/site-packages/airflow/example_dags/example_nested_branch_dag.py took 0.075 seconds
[2021-04-06 18:46:24,078] {scheduler_job.py:182} INFO - Started process (PID=20069) to work on /Users/garonsmith/Desktop/airflow_study/airflow-etl-explore/.venv/lib/python3.8/site-packages/airflow/example_dags/example_nested_branch_dag.py
[2021-04-06 18:46:24,078] {scheduler_job.py:629} INFO - Processing file /Users/garonsmith/Desktop/airflow_study/airflow-etl-explore/.venv/lib/python3.8/site-packages/airflow/example_dags/example_nested_branch_dag.py for tasks to queue
[2021-04-06 18:46:24,079] {logging_mixin.py:104} INFO - [2021-04-06 18:46:24,078] {dagbag.py:448} INFO - Filling up the DagBag from /Users/garonsmith/Desktop/airflow_study/airflow-etl-explore/.venv/lib/python3.8/site-packages/airflow/example_dags/example_nested_branch_dag.py
[2021-04-06 18:46:24,084] {scheduler_job.py:639} INFO - DAG(s) dict_keys(['example_nested_branch_dag']) retrieved from /Users/garonsmith/Desktop/airflow_study/airflow-etl-explore/.venv/lib/python3.8/site-packages/airflow/example_dags/example_nested_branch_dag.py
[2021-04-06 18:46:24,137] {logging_mixin.py:104} INFO - [2021-04-06 18:46:24,137] {dag.py:1818} INFO - Sync 1 DAGs
[2021-04-06 18:46:24,168] {logging_mixin.py:104} INFO - [2021-04-06 18:46:24,168] {dag.py:2273} INFO - Setting next_dagrun for example_nested_branch_dag to 2021-04-04 00:00:00+00:00
[2021-04-06 18:46:24,175] {scheduler_job.py:190} INFO - Processing /Users/garonsmith/Desktop/airflow_study/airflow-etl-explore/.venv/lib/python3.8/site-packages/airflow/example_dags/example_nested_branch_dag.py took 0.098 seconds
[2021-04-06 18:46:55,133] {scheduler_job.py:182} INFO - Started process (PID=20157) to work on /Users/garonsmith/Desktop/airflow_study/airflow-etl-explore/.venv/lib/python3.8/site-packages/airflow/example_dags/example_nested_branch_dag.py
[2021-04-06 18:46:55,133] {scheduler_job.py:629} INFO - Processing file /Users/garonsmith/Desktop/airflow_study/airflow-etl-explore/.venv/lib/python3.8/site-packages/airflow/example_dags/example_nested_branch_dag.py for tasks to queue
[2021-04-06 18:46:55,133] {logging_mixin.py:104} INFO - [2021-04-06 18:46:55,133] {dagbag.py:448} INFO - Filling up the DagBag from /Users/garonsmith/Desktop/airflow_study/airflow-etl-explore/.venv/lib/python3.8/site-packages/airflow/example_dags/example_nested_branch_dag.py
[2021-04-06 18:46:55,140] {scheduler_job.py:639} INFO - DAG(s) dict_keys(['example_nested_branch_dag']) retrieved from /Users/garonsmith/Desktop/airflow_study/airflow-etl-explore/.venv/lib/python3.8/site-packages/airflow/example_dags/example_nested_branch_dag.py
[2021-04-06 18:46:55,189] {logging_mixin.py:104} INFO - [2021-04-06 18:46:55,189] {dag.py:1818} INFO - Sync 1 DAGs
[2021-04-06 18:46:55,218] {logging_mixin.py:104} INFO - [2021-04-06 18:46:55,218] {dag.py:2273} INFO - Setting next_dagrun for example_nested_branch_dag to 2021-04-04 00:00:00+00:00
[2021-04-06 18:46:55,225] {scheduler_job.py:190} INFO - Processing /Users/garonsmith/Desktop/airflow_study/airflow-etl-explore/.venv/lib/python3.8/site-packages/airflow/example_dags/example_nested_branch_dag.py took 0.093 seconds
[2021-04-06 18:47:26,335] {scheduler_job.py:182} INFO - Started process (PID=20245) to work on /Users/garonsmith/Desktop/airflow_study/airflow-etl-explore/.venv/lib/python3.8/site-packages/airflow/example_dags/example_nested_branch_dag.py
[2021-04-06 18:47:26,336] {scheduler_job.py:629} INFO - Processing file /Users/garonsmith/Desktop/airflow_study/airflow-etl-explore/.venv/lib/python3.8/site-packages/airflow/example_dags/example_nested_branch_dag.py for tasks to queue
[2021-04-06 18:47:26,336] {logging_mixin.py:104} INFO - [2021-04-06 18:47:26,336] {dagbag.py:448} INFO - Filling up the DagBag from /Users/garonsmith/Desktop/airflow_study/airflow-etl-explore/.venv/lib/python3.8/site-packages/airflow/example_dags/example_nested_branch_dag.py
[2021-04-06 18:47:26,341] {scheduler_job.py:639} INFO - DAG(s) dict_keys(['example_nested_branch_dag']) retrieved from /Users/garonsmith/Desktop/airflow_study/airflow-etl-explore/.venv/lib/python3.8/site-packages/airflow/example_dags/example_nested_branch_dag.py
[2021-04-06 18:47:26,384] {logging_mixin.py:104} INFO - [2021-04-06 18:47:26,384] {dag.py:1818} INFO - Sync 1 DAGs
[2021-04-06 18:47:26,394] {logging_mixin.py:104} INFO - [2021-04-06 18:47:26,394] {dag.py:2273} INFO - Setting next_dagrun for example_nested_branch_dag to 2021-04-04 00:00:00+00:00
[2021-04-06 18:47:26,410] {scheduler_job.py:190} INFO - Processing /Users/garonsmith/Desktop/airflow_study/airflow-etl-explore/.venv/lib/python3.8/site-packages/airflow/example_dags/example_nested_branch_dag.py took 0.075 seconds
[2021-04-06 18:47:58,021] {scheduler_job.py:182} INFO - Started process (PID=20332) to work on /Users/garonsmith/Desktop/airflow_study/airflow-etl-explore/.venv/lib/python3.8/site-packages/airflow/example_dags/example_nested_branch_dag.py
[2021-04-06 18:47:58,021] {scheduler_job.py:629} INFO - Processing file /Users/garonsmith/Desktop/airflow_study/airflow-etl-explore/.venv/lib/python3.8/site-packages/airflow/example_dags/example_nested_branch_dag.py for tasks to queue
[2021-04-06 18:47:58,021] {logging_mixin.py:104} INFO - [2021-04-06 18:47:58,021] {dagbag.py:448} INFO - Filling up the DagBag from /Users/garonsmith/Desktop/airflow_study/airflow-etl-explore/.venv/lib/python3.8/site-packages/airflow/example_dags/example_nested_branch_dag.py
[2021-04-06 18:47:58,027] {scheduler_job.py:639} INFO - DAG(s) dict_keys(['example_nested_branch_dag']) retrieved from /Users/garonsmith/Desktop/airflow_study/airflow-etl-explore/.venv/lib/python3.8/site-packages/airflow/example_dags/example_nested_branch_dag.py
[2021-04-06 18:47:58,058] {logging_mixin.py:104} INFO - [2021-04-06 18:47:58,058] {dag.py:1818} INFO - Sync 1 DAGs
[2021-04-06 18:47:58,071] {logging_mixin.py:104} INFO - [2021-04-06 18:47:58,071] {dag.py:2273} INFO - Setting next_dagrun for example_nested_branch_dag to 2021-04-04 00:00:00+00:00
[2021-04-06 18:47:58,076] {scheduler_job.py:190} INFO - Processing /Users/garonsmith/Desktop/airflow_study/airflow-etl-explore/.venv/lib/python3.8/site-packages/airflow/example_dags/example_nested_branch_dag.py took 0.055 seconds
[2021-04-06 18:48:28,724] {scheduler_job.py:182} INFO - Started process (PID=20418) to work on /Users/garonsmith/Desktop/airflow_study/airflow-etl-explore/.venv/lib/python3.8/site-packages/airflow/example_dags/example_nested_branch_dag.py
[2021-04-06 18:48:28,724] {scheduler_job.py:629} INFO - Processing file /Users/garonsmith/Desktop/airflow_study/airflow-etl-explore/.venv/lib/python3.8/site-packages/airflow/example_dags/example_nested_branch_dag.py for tasks to queue
[2021-04-06 18:48:28,724] {logging_mixin.py:104} INFO - [2021-04-06 18:48:28,724] {dagbag.py:448} INFO - Filling up the DagBag from /Users/garonsmith/Desktop/airflow_study/airflow-etl-explore/.venv/lib/python3.8/site-packages/airflow/example_dags/example_nested_branch_dag.py
[2021-04-06 18:48:28,730] {scheduler_job.py:639} INFO - DAG(s) dict_keys(['example_nested_branch_dag']) retrieved from /Users/garonsmith/Desktop/airflow_study/airflow-etl-explore/.venv/lib/python3.8/site-packages/airflow/example_dags/example_nested_branch_dag.py
[2021-04-06 18:48:28,760] {logging_mixin.py:104} INFO - [2021-04-06 18:48:28,760] {dag.py:1818} INFO - Sync 1 DAGs
[2021-04-06 18:48:28,770] {logging_mixin.py:104} INFO - [2021-04-06 18:48:28,770] {dag.py:2273} INFO - Setting next_dagrun for example_nested_branch_dag to 2021-04-04 00:00:00+00:00
[2021-04-06 18:48:28,775] {scheduler_job.py:190} INFO - Processing /Users/garonsmith/Desktop/airflow_study/airflow-etl-explore/.venv/lib/python3.8/site-packages/airflow/example_dags/example_nested_branch_dag.py took 0.052 seconds
[2021-04-06 18:48:59,527] {scheduler_job.py:182} INFO - Started process (PID=20501) to work on /Users/garonsmith/Desktop/airflow_study/airflow-etl-explore/.venv/lib/python3.8/site-packages/airflow/example_dags/example_nested_branch_dag.py
[2021-04-06 18:48:59,527] {scheduler_job.py:629} INFO - Processing file /Users/garonsmith/Desktop/airflow_study/airflow-etl-explore/.venv/lib/python3.8/site-packages/airflow/example_dags/example_nested_branch_dag.py for tasks to queue
[2021-04-06 18:48:59,527] {logging_mixin.py:104} INFO - [2021-04-06 18:48:59,527] {dagbag.py:448} INFO - Filling up the DagBag from /Users/garonsmith/Desktop/airflow_study/airflow-etl-explore/.venv/lib/python3.8/site-packages/airflow/example_dags/example_nested_branch_dag.py
[2021-04-06 18:48:59,533] {scheduler_job.py:639} INFO - DAG(s) dict_keys(['example_nested_branch_dag']) retrieved from /Users/garonsmith/Desktop/airflow_study/airflow-etl-explore/.venv/lib/python3.8/site-packages/airflow/example_dags/example_nested_branch_dag.py
[2021-04-06 18:48:59,590] {logging_mixin.py:104} INFO - [2021-04-06 18:48:59,590] {dag.py:1818} INFO - Sync 1 DAGs
[2021-04-06 18:48:59,621] {logging_mixin.py:104} INFO - [2021-04-06 18:48:59,621] {dag.py:2273} INFO - Setting next_dagrun for example_nested_branch_dag to 2021-04-04 00:00:00+00:00
[2021-04-06 18:48:59,627] {scheduler_job.py:190} INFO - Processing /Users/garonsmith/Desktop/airflow_study/airflow-etl-explore/.venv/lib/python3.8/site-packages/airflow/example_dags/example_nested_branch_dag.py took 0.101 seconds
[2021-04-06 18:49:11,859] {scheduler_job.py:182} INFO - Started process (PID=20652) to work on /Users/garonsmith/Desktop/airflow_study/airflow-etl-explore/.venv/lib/python3.8/site-packages/airflow/example_dags/example_nested_branch_dag.py
[2021-04-06 18:49:11,860] {scheduler_job.py:629} INFO - Processing file /Users/garonsmith/Desktop/airflow_study/airflow-etl-explore/.venv/lib/python3.8/site-packages/airflow/example_dags/example_nested_branch_dag.py for tasks to queue
[2021-04-06 18:49:11,860] {logging_mixin.py:104} INFO - [2021-04-06 18:49:11,860] {dagbag.py:448} INFO - Filling up the DagBag from /Users/garonsmith/Desktop/airflow_study/airflow-etl-explore/.venv/lib/python3.8/site-packages/airflow/example_dags/example_nested_branch_dag.py
[2021-04-06 18:49:11,866] {scheduler_job.py:639} INFO - DAG(s) dict_keys(['example_nested_branch_dag']) retrieved from /Users/garonsmith/Desktop/airflow_study/airflow-etl-explore/.venv/lib/python3.8/site-packages/airflow/example_dags/example_nested_branch_dag.py
[2021-04-06 18:49:11,878] {logging_mixin.py:104} INFO - [2021-04-06 18:49:11,878] {dag.py:1818} INFO - Sync 1 DAGs
[2021-04-06 18:49:11,918] {logging_mixin.py:104} INFO - [2021-04-06 18:49:11,918] {dag.py:2273} INFO - Setting next_dagrun for example_nested_branch_dag to 2021-04-04 00:00:00+00:00
[2021-04-06 18:49:11,923] {scheduler_job.py:190} INFO - Processing /Users/garonsmith/Desktop/airflow_study/airflow-etl-explore/.venv/lib/python3.8/site-packages/airflow/example_dags/example_nested_branch_dag.py took 0.064 seconds
[2021-04-06 18:49:30,488] {scheduler_job.py:182} INFO - Started process (PID=20678) to work on /Users/garonsmith/Desktop/airflow_study/airflow-etl-explore/.venv/lib/python3.8/site-packages/airflow/example_dags/example_nested_branch_dag.py
[2021-04-06 18:49:30,489] {scheduler_job.py:629} INFO - Processing file /Users/garonsmith/Desktop/airflow_study/airflow-etl-explore/.venv/lib/python3.8/site-packages/airflow/example_dags/example_nested_branch_dag.py for tasks to queue
[2021-04-06 18:49:30,490] {logging_mixin.py:104} INFO - [2021-04-06 18:49:30,490] {dagbag.py:448} INFO - Filling up the DagBag from /Users/garonsmith/Desktop/airflow_study/airflow-etl-explore/.venv/lib/python3.8/site-packages/airflow/example_dags/example_nested_branch_dag.py
[2021-04-06 18:49:30,496] {scheduler_job.py:639} INFO - DAG(s) dict_keys(['example_nested_branch_dag']) retrieved from /Users/garonsmith/Desktop/airflow_study/airflow-etl-explore/.venv/lib/python3.8/site-packages/airflow/example_dags/example_nested_branch_dag.py
[2021-04-06 18:49:30,563] {logging_mixin.py:104} INFO - [2021-04-06 18:49:30,563] {dag.py:1818} INFO - Sync 1 DAGs
[2021-04-06 18:49:30,577] {logging_mixin.py:104} INFO - [2021-04-06 18:49:30,577] {dag.py:2273} INFO - Setting next_dagrun for example_nested_branch_dag to 2021-04-04 00:00:00+00:00
[2021-04-06 18:49:30,583] {scheduler_job.py:190} INFO - Processing /Users/garonsmith/Desktop/airflow_study/airflow-etl-explore/.venv/lib/python3.8/site-packages/airflow/example_dags/example_nested_branch_dag.py took 0.095 seconds
[2021-04-06 18:49:43,268] {scheduler_job.py:182} INFO - Started process (PID=20820) to work on /Users/garonsmith/Desktop/airflow_study/airflow-etl-explore/.venv/lib/python3.8/site-packages/airflow/example_dags/example_nested_branch_dag.py
[2021-04-06 18:49:43,269] {scheduler_job.py:629} INFO - Processing file /Users/garonsmith/Desktop/airflow_study/airflow-etl-explore/.venv/lib/python3.8/site-packages/airflow/example_dags/example_nested_branch_dag.py for tasks to queue
[2021-04-06 18:49:43,269] {logging_mixin.py:104} INFO - [2021-04-06 18:49:43,269] {dagbag.py:448} INFO - Filling up the DagBag from /Users/garonsmith/Desktop/airflow_study/airflow-etl-explore/.venv/lib/python3.8/site-packages/airflow/example_dags/example_nested_branch_dag.py
[2021-04-06 18:49:43,276] {scheduler_job.py:639} INFO - DAG(s) dict_keys(['example_nested_branch_dag']) retrieved from /Users/garonsmith/Desktop/airflow_study/airflow-etl-explore/.venv/lib/python3.8/site-packages/airflow/example_dags/example_nested_branch_dag.py
[2021-04-06 18:49:43,289] {logging_mixin.py:104} INFO - [2021-04-06 18:49:43,289] {dag.py:1818} INFO - Sync 1 DAGs
[2021-04-06 18:49:43,322] {logging_mixin.py:104} INFO - [2021-04-06 18:49:43,321] {dag.py:2273} INFO - Setting next_dagrun for example_nested_branch_dag to 2021-04-04 00:00:00+00:00
[2021-04-06 18:49:43,326] {scheduler_job.py:190} INFO - Processing /Users/garonsmith/Desktop/airflow_study/airflow-etl-explore/.venv/lib/python3.8/site-packages/airflow/example_dags/example_nested_branch_dag.py took 0.059 seconds
[2021-04-06 18:50:01,572] {scheduler_job.py:182} INFO - Started process (PID=20854) to work on /Users/garonsmith/Desktop/airflow_study/airflow-etl-explore/.venv/lib/python3.8/site-packages/airflow/example_dags/example_nested_branch_dag.py
[2021-04-06 18:50:01,573] {scheduler_job.py:629} INFO - Processing file /Users/garonsmith/Desktop/airflow_study/airflow-etl-explore/.venv/lib/python3.8/site-packages/airflow/example_dags/example_nested_branch_dag.py for tasks to queue
[2021-04-06 18:50:01,573] {logging_mixin.py:104} INFO - [2021-04-06 18:50:01,573] {dagbag.py:448} INFO - Filling up the DagBag from /Users/garonsmith/Desktop/airflow_study/airflow-etl-explore/.venv/lib/python3.8/site-packages/airflow/example_dags/example_nested_branch_dag.py
[2021-04-06 18:50:01,579] {scheduler_job.py:639} INFO - DAG(s) dict_keys(['example_nested_branch_dag']) retrieved from /Users/garonsmith/Desktop/airflow_study/airflow-etl-explore/.venv/lib/python3.8/site-packages/airflow/example_dags/example_nested_branch_dag.py
[2021-04-06 18:50:01,613] {logging_mixin.py:104} INFO - [2021-04-06 18:50:01,612] {dag.py:1818} INFO - Sync 1 DAGs
[2021-04-06 18:50:01,624] {logging_mixin.py:104} INFO - [2021-04-06 18:50:01,624] {dag.py:2273} INFO - Setting next_dagrun for example_nested_branch_dag to 2021-04-04 00:00:00+00:00
[2021-04-06 18:50:01,629] {scheduler_job.py:190} INFO - Processing /Users/garonsmith/Desktop/airflow_study/airflow-etl-explore/.venv/lib/python3.8/site-packages/airflow/example_dags/example_nested_branch_dag.py took 0.057 seconds
[2021-04-06 18:50:14,294] {scheduler_job.py:182} INFO - Started process (PID=20991) to work on /Users/garonsmith/Desktop/airflow_study/airflow-etl-explore/.venv/lib/python3.8/site-packages/airflow/example_dags/example_nested_branch_dag.py
[2021-04-06 18:50:14,294] {scheduler_job.py:629} INFO - Processing file /Users/garonsmith/Desktop/airflow_study/airflow-etl-explore/.venv/lib/python3.8/site-packages/airflow/example_dags/example_nested_branch_dag.py for tasks to queue
[2021-04-06 18:50:14,295] {logging_mixin.py:104} INFO - [2021-04-06 18:50:14,295] {dagbag.py:448} INFO - Filling up the DagBag from /Users/garonsmith/Desktop/airflow_study/airflow-etl-explore/.venv/lib/python3.8/site-packages/airflow/example_dags/example_nested_branch_dag.py
[2021-04-06 18:50:14,302] {scheduler_job.py:639} INFO - DAG(s) dict_keys(['example_nested_branch_dag']) retrieved from /Users/garonsmith/Desktop/airflow_study/airflow-etl-explore/.venv/lib/python3.8/site-packages/airflow/example_dags/example_nested_branch_dag.py
[2021-04-06 18:50:14,320] {logging_mixin.py:104} INFO - [2021-04-06 18:50:14,320] {dag.py:1818} INFO - Sync 1 DAGs
[2021-04-06 18:50:14,368] {logging_mixin.py:104} INFO - [2021-04-06 18:50:14,368] {dag.py:2273} INFO - Setting next_dagrun for example_nested_branch_dag to 2021-04-04 00:00:00+00:00
[2021-04-06 18:50:14,372] {scheduler_job.py:190} INFO - Processing /Users/garonsmith/Desktop/airflow_study/airflow-etl-explore/.venv/lib/python3.8/site-packages/airflow/example_dags/example_nested_branch_dag.py took 0.079 seconds
[2021-04-06 18:50:32,453] {scheduler_job.py:182} INFO - Started process (PID=21019) to work on /Users/garonsmith/Desktop/airflow_study/airflow-etl-explore/.venv/lib/python3.8/site-packages/airflow/example_dags/example_nested_branch_dag.py
[2021-04-06 18:50:32,453] {scheduler_job.py:629} INFO - Processing file /Users/garonsmith/Desktop/airflow_study/airflow-etl-explore/.venv/lib/python3.8/site-packages/airflow/example_dags/example_nested_branch_dag.py for tasks to queue
[2021-04-06 18:50:32,453] {logging_mixin.py:104} INFO - [2021-04-06 18:50:32,453] {dagbag.py:448} INFO - Filling up the DagBag from /Users/garonsmith/Desktop/airflow_study/airflow-etl-explore/.venv/lib/python3.8/site-packages/airflow/example_dags/example_nested_branch_dag.py
[2021-04-06 18:50:32,459] {scheduler_job.py:639} INFO - DAG(s) dict_keys(['example_nested_branch_dag']) retrieved from /Users/garonsmith/Desktop/airflow_study/airflow-etl-explore/.venv/lib/python3.8/site-packages/airflow/example_dags/example_nested_branch_dag.py
[2021-04-06 18:50:32,490] {logging_mixin.py:104} INFO - [2021-04-06 18:50:32,490] {dag.py:1818} INFO - Sync 1 DAGs
[2021-04-06 18:50:32,522] {logging_mixin.py:104} INFO - [2021-04-06 18:50:32,521] {dag.py:2273} INFO - Setting next_dagrun for example_nested_branch_dag to 2021-04-04 00:00:00+00:00
[2021-04-06 18:50:32,528] {scheduler_job.py:190} INFO - Processing /Users/garonsmith/Desktop/airflow_study/airflow-etl-explore/.venv/lib/python3.8/site-packages/airflow/example_dags/example_nested_branch_dag.py took 0.076 seconds
[2021-04-06 18:50:45,828] {scheduler_job.py:182} INFO - Started process (PID=21158) to work on /Users/garonsmith/Desktop/airflow_study/airflow-etl-explore/.venv/lib/python3.8/site-packages/airflow/example_dags/example_nested_branch_dag.py
[2021-04-06 18:50:45,829] {scheduler_job.py:629} INFO - Processing file /Users/garonsmith/Desktop/airflow_study/airflow-etl-explore/.venv/lib/python3.8/site-packages/airflow/example_dags/example_nested_branch_dag.py for tasks to queue
[2021-04-06 18:50:45,829] {logging_mixin.py:104} INFO - [2021-04-06 18:50:45,829] {dagbag.py:448} INFO - Filling up the DagBag from /Users/garonsmith/Desktop/airflow_study/airflow-etl-explore/.venv/lib/python3.8/site-packages/airflow/example_dags/example_nested_branch_dag.py
[2021-04-06 18:50:45,834] {scheduler_job.py:639} INFO - DAG(s) dict_keys(['example_nested_branch_dag']) retrieved from /Users/garonsmith/Desktop/airflow_study/airflow-etl-explore/.venv/lib/python3.8/site-packages/airflow/example_dags/example_nested_branch_dag.py
[2021-04-06 18:50:45,863] {logging_mixin.py:104} INFO - [2021-04-06 18:50:45,863] {dag.py:1818} INFO - Sync 1 DAGs
[2021-04-06 18:50:45,890] {logging_mixin.py:104} INFO - [2021-04-06 18:50:45,890] {dag.py:2273} INFO - Setting next_dagrun for example_nested_branch_dag to 2021-04-04 00:00:00+00:00
[2021-04-06 18:50:45,895] {scheduler_job.py:190} INFO - Processing /Users/garonsmith/Desktop/airflow_study/airflow-etl-explore/.venv/lib/python3.8/site-packages/airflow/example_dags/example_nested_branch_dag.py took 0.067 seconds
[2021-04-06 18:51:03,705] {scheduler_job.py:182} INFO - Started process (PID=21187) to work on /Users/garonsmith/Desktop/airflow_study/airflow-etl-explore/.venv/lib/python3.8/site-packages/airflow/example_dags/example_nested_branch_dag.py
[2021-04-06 18:51:03,706] {scheduler_job.py:629} INFO - Processing file /Users/garonsmith/Desktop/airflow_study/airflow-etl-explore/.venv/lib/python3.8/site-packages/airflow/example_dags/example_nested_branch_dag.py for tasks to queue
[2021-04-06 18:51:03,706] {logging_mixin.py:104} INFO - [2021-04-06 18:51:03,706] {dagbag.py:448} INFO - Filling up the DagBag from /Users/garonsmith/Desktop/airflow_study/airflow-etl-explore/.venv/lib/python3.8/site-packages/airflow/example_dags/example_nested_branch_dag.py
[2021-04-06 18:51:03,712] {scheduler_job.py:639} INFO - DAG(s) dict_keys(['example_nested_branch_dag']) retrieved from /Users/garonsmith/Desktop/airflow_study/airflow-etl-explore/.venv/lib/python3.8/site-packages/airflow/example_dags/example_nested_branch_dag.py
[2021-04-06 18:51:03,766] {logging_mixin.py:104} INFO - [2021-04-06 18:51:03,765] {dag.py:1818} INFO - Sync 1 DAGs
[2021-04-06 18:51:03,779] {logging_mixin.py:104} INFO - [2021-04-06 18:51:03,779] {dag.py:2273} INFO - Setting next_dagrun for example_nested_branch_dag to 2021-04-04 00:00:00+00:00
[2021-04-06 18:51:03,785] {scheduler_job.py:190} INFO - Processing /Users/garonsmith/Desktop/airflow_study/airflow-etl-explore/.venv/lib/python3.8/site-packages/airflow/example_dags/example_nested_branch_dag.py took 0.080 seconds
[2021-04-06 18:51:16,900] {scheduler_job.py:182} INFO - Started process (PID=21318) to work on /Users/garonsmith/Desktop/airflow_study/airflow-etl-explore/.venv/lib/python3.8/site-packages/airflow/example_dags/example_nested_branch_dag.py
[2021-04-06 18:51:16,900] {scheduler_job.py:629} INFO - Processing file /Users/garonsmith/Desktop/airflow_study/airflow-etl-explore/.venv/lib/python3.8/site-packages/airflow/example_dags/example_nested_branch_dag.py for tasks to queue
[2021-04-06 18:51:16,900] {logging_mixin.py:104} INFO - [2021-04-06 18:51:16,900] {dagbag.py:448} INFO - Filling up the DagBag from /Users/garonsmith/Desktop/airflow_study/airflow-etl-explore/.venv/lib/python3.8/site-packages/airflow/example_dags/example_nested_branch_dag.py
[2021-04-06 18:51:16,906] {scheduler_job.py:639} INFO - DAG(s) dict_keys(['example_nested_branch_dag']) retrieved from /Users/garonsmith/Desktop/airflow_study/airflow-etl-explore/.venv/lib/python3.8/site-packages/airflow/example_dags/example_nested_branch_dag.py
[2021-04-06 18:51:16,920] {logging_mixin.py:104} INFO - [2021-04-06 18:51:16,919] {dag.py:1818} INFO - Sync 1 DAGs
[2021-04-06 18:51:16,945] {logging_mixin.py:104} INFO - [2021-04-06 18:51:16,945] {dag.py:2273} INFO - Setting next_dagrun for example_nested_branch_dag to 2021-04-04 00:00:00+00:00
[2021-04-06 18:51:16,966] {scheduler_job.py:190} INFO - Processing /Users/garonsmith/Desktop/airflow_study/airflow-etl-explore/.venv/lib/python3.8/site-packages/airflow/example_dags/example_nested_branch_dag.py took 0.067 seconds
[2021-04-06 18:51:34,867] {scheduler_job.py:182} INFO - Started process (PID=21353) to work on /Users/garonsmith/Desktop/airflow_study/airflow-etl-explore/.venv/lib/python3.8/site-packages/airflow/example_dags/example_nested_branch_dag.py
[2021-04-06 18:51:34,868] {scheduler_job.py:629} INFO - Processing file /Users/garonsmith/Desktop/airflow_study/airflow-etl-explore/.venv/lib/python3.8/site-packages/airflow/example_dags/example_nested_branch_dag.py for tasks to queue
[2021-04-06 18:51:34,868] {logging_mixin.py:104} INFO - [2021-04-06 18:51:34,868] {dagbag.py:448} INFO - Filling up the DagBag from /Users/garonsmith/Desktop/airflow_study/airflow-etl-explore/.venv/lib/python3.8/site-packages/airflow/example_dags/example_nested_branch_dag.py
[2021-04-06 18:51:34,874] {scheduler_job.py:639} INFO - DAG(s) dict_keys(['example_nested_branch_dag']) retrieved from /Users/garonsmith/Desktop/airflow_study/airflow-etl-explore/.venv/lib/python3.8/site-packages/airflow/example_dags/example_nested_branch_dag.py
[2021-04-06 18:51:34,913] {logging_mixin.py:104} INFO - [2021-04-06 18:51:34,913] {dag.py:1818} INFO - Sync 1 DAGs
[2021-04-06 18:51:34,923] {logging_mixin.py:104} INFO - [2021-04-06 18:51:34,923] {dag.py:2273} INFO - Setting next_dagrun for example_nested_branch_dag to 2021-04-04 00:00:00+00:00
[2021-04-06 18:51:34,927] {scheduler_job.py:190} INFO - Processing /Users/garonsmith/Desktop/airflow_study/airflow-etl-explore/.venv/lib/python3.8/site-packages/airflow/example_dags/example_nested_branch_dag.py took 0.060 seconds
[2021-04-06 18:51:48,031] {scheduler_job.py:182} INFO - Started process (PID=21483) to work on /Users/garonsmith/Desktop/airflow_study/airflow-etl-explore/.venv/lib/python3.8/site-packages/airflow/example_dags/example_nested_branch_dag.py
[2021-04-06 18:51:48,031] {scheduler_job.py:629} INFO - Processing file /Users/garonsmith/Desktop/airflow_study/airflow-etl-explore/.venv/lib/python3.8/site-packages/airflow/example_dags/example_nested_branch_dag.py for tasks to queue
[2021-04-06 18:51:48,031] {logging_mixin.py:104} INFO - [2021-04-06 18:51:48,031] {dagbag.py:448} INFO - Filling up the DagBag from /Users/garonsmith/Desktop/airflow_study/airflow-etl-explore/.venv/lib/python3.8/site-packages/airflow/example_dags/example_nested_branch_dag.py
[2021-04-06 18:51:48,037] {scheduler_job.py:639} INFO - DAG(s) dict_keys(['example_nested_branch_dag']) retrieved from /Users/garonsmith/Desktop/airflow_study/airflow-etl-explore/.venv/lib/python3.8/site-packages/airflow/example_dags/example_nested_branch_dag.py
[2021-04-06 18:51:48,092] {logging_mixin.py:104} INFO - [2021-04-06 18:51:48,092] {dag.py:1818} INFO - Sync 1 DAGs
[2021-04-06 18:51:48,120] {logging_mixin.py:104} INFO - [2021-04-06 18:51:48,120] {dag.py:2273} INFO - Setting next_dagrun for example_nested_branch_dag to 2021-04-04 00:00:00+00:00
[2021-04-06 18:51:48,126] {scheduler_job.py:190} INFO - Processing /Users/garonsmith/Desktop/airflow_study/airflow-etl-explore/.venv/lib/python3.8/site-packages/airflow/example_dags/example_nested_branch_dag.py took 0.096 seconds
[2021-04-06 18:52:05,890] {scheduler_job.py:182} INFO - Started process (PID=21523) to work on /Users/garonsmith/Desktop/airflow_study/airflow-etl-explore/.venv/lib/python3.8/site-packages/airflow/example_dags/example_nested_branch_dag.py
[2021-04-06 18:52:05,890] {scheduler_job.py:629} INFO - Processing file /Users/garonsmith/Desktop/airflow_study/airflow-etl-explore/.venv/lib/python3.8/site-packages/airflow/example_dags/example_nested_branch_dag.py for tasks to queue
[2021-04-06 18:52:05,891] {logging_mixin.py:104} INFO - [2021-04-06 18:52:05,890] {dagbag.py:448} INFO - Filling up the DagBag from /Users/garonsmith/Desktop/airflow_study/airflow-etl-explore/.venv/lib/python3.8/site-packages/airflow/example_dags/example_nested_branch_dag.py
[2021-04-06 18:52:05,896] {scheduler_job.py:639} INFO - DAG(s) dict_keys(['example_nested_branch_dag']) retrieved from /Users/garonsmith/Desktop/airflow_study/airflow-etl-explore/.venv/lib/python3.8/site-packages/airflow/example_dags/example_nested_branch_dag.py
[2021-04-06 18:52:05,927] {logging_mixin.py:104} INFO - [2021-04-06 18:52:05,926] {dag.py:1818} INFO - Sync 1 DAGs
[2021-04-06 18:52:05,976] {logging_mixin.py:104} INFO - [2021-04-06 18:52:05,976] {dag.py:2273} INFO - Setting next_dagrun for example_nested_branch_dag to 2021-04-04 00:00:00+00:00
[2021-04-06 18:52:05,981] {scheduler_job.py:190} INFO - Processing /Users/garonsmith/Desktop/airflow_study/airflow-etl-explore/.venv/lib/python3.8/site-packages/airflow/example_dags/example_nested_branch_dag.py took 0.092 seconds
[2021-04-06 18:52:37,482] {scheduler_job.py:182} INFO - Started process (PID=21622) to work on /Users/garonsmith/Desktop/airflow_study/airflow-etl-explore/.venv/lib/python3.8/site-packages/airflow/example_dags/example_nested_branch_dag.py
[2021-04-06 18:52:37,483] {scheduler_job.py:629} INFO - Processing file /Users/garonsmith/Desktop/airflow_study/airflow-etl-explore/.venv/lib/python3.8/site-packages/airflow/example_dags/example_nested_branch_dag.py for tasks to queue
[2021-04-06 18:52:37,483] {logging_mixin.py:104} INFO - [2021-04-06 18:52:37,483] {dagbag.py:448} INFO - Filling up the DagBag from /Users/garonsmith/Desktop/airflow_study/airflow-etl-explore/.venv/lib/python3.8/site-packages/airflow/example_dags/example_nested_branch_dag.py
[2021-04-06 18:52:37,490] {scheduler_job.py:639} INFO - DAG(s) dict_keys(['example_nested_branch_dag']) retrieved from /Users/garonsmith/Desktop/airflow_study/airflow-etl-explore/.venv/lib/python3.8/site-packages/airflow/example_dags/example_nested_branch_dag.py
[2021-04-06 18:52:37,543] {logging_mixin.py:104} INFO - [2021-04-06 18:52:37,543] {dag.py:1818} INFO - Sync 1 DAGs
[2021-04-06 18:52:37,571] {logging_mixin.py:104} INFO - [2021-04-06 18:52:37,571] {dag.py:2273} INFO - Setting next_dagrun for example_nested_branch_dag to 2021-04-04 00:00:00+00:00
[2021-04-06 18:52:37,578] {scheduler_job.py:190} INFO - Processing /Users/garonsmith/Desktop/airflow_study/airflow-etl-explore/.venv/lib/python3.8/site-packages/airflow/example_dags/example_nested_branch_dag.py took 0.097 seconds
[2021-04-06 18:53:08,663] {scheduler_job.py:182} INFO - Started process (PID=21711) to work on /Users/garonsmith/Desktop/airflow_study/airflow-etl-explore/.venv/lib/python3.8/site-packages/airflow/example_dags/example_nested_branch_dag.py
[2021-04-06 18:53:08,663] {scheduler_job.py:629} INFO - Processing file /Users/garonsmith/Desktop/airflow_study/airflow-etl-explore/.venv/lib/python3.8/site-packages/airflow/example_dags/example_nested_branch_dag.py for tasks to queue
[2021-04-06 18:53:08,663] {logging_mixin.py:104} INFO - [2021-04-06 18:53:08,663] {dagbag.py:448} INFO - Filling up the DagBag from /Users/garonsmith/Desktop/airflow_study/airflow-etl-explore/.venv/lib/python3.8/site-packages/airflow/example_dags/example_nested_branch_dag.py
[2021-04-06 18:53:08,671] {scheduler_job.py:639} INFO - DAG(s) dict_keys(['example_nested_branch_dag']) retrieved from /Users/garonsmith/Desktop/airflow_study/airflow-etl-explore/.venv/lib/python3.8/site-packages/airflow/example_dags/example_nested_branch_dag.py
[2021-04-06 18:53:08,717] {logging_mixin.py:104} INFO - [2021-04-06 18:53:08,717] {dag.py:1818} INFO - Sync 1 DAGs
[2021-04-06 18:53:08,730] {logging_mixin.py:104} INFO - [2021-04-06 18:53:08,730] {dag.py:2273} INFO - Setting next_dagrun for example_nested_branch_dag to 2021-04-04 00:00:00+00:00
[2021-04-06 18:53:08,736] {scheduler_job.py:190} INFO - Processing /Users/garonsmith/Desktop/airflow_study/airflow-etl-explore/.venv/lib/python3.8/site-packages/airflow/example_dags/example_nested_branch_dag.py took 0.074 seconds
[2021-04-06 18:53:39,550] {scheduler_job.py:182} INFO - Started process (PID=21810) to work on /Users/garonsmith/Desktop/airflow_study/airflow-etl-explore/.venv/lib/python3.8/site-packages/airflow/example_dags/example_nested_branch_dag.py
[2021-04-06 18:53:39,550] {scheduler_job.py:629} INFO - Processing file /Users/garonsmith/Desktop/airflow_study/airflow-etl-explore/.venv/lib/python3.8/site-packages/airflow/example_dags/example_nested_branch_dag.py for tasks to queue
[2021-04-06 18:53:39,551] {logging_mixin.py:104} INFO - [2021-04-06 18:53:39,551] {dagbag.py:448} INFO - Filling up the DagBag from /Users/garonsmith/Desktop/airflow_study/airflow-etl-explore/.venv/lib/python3.8/site-packages/airflow/example_dags/example_nested_branch_dag.py
[2021-04-06 18:53:39,556] {scheduler_job.py:639} INFO - DAG(s) dict_keys(['example_nested_branch_dag']) retrieved from /Users/garonsmith/Desktop/airflow_study/airflow-etl-explore/.venv/lib/python3.8/site-packages/airflow/example_dags/example_nested_branch_dag.py
[2021-04-06 18:53:39,597] {logging_mixin.py:104} INFO - [2021-04-06 18:53:39,597] {dag.py:1818} INFO - Sync 1 DAGs
[2021-04-06 18:53:39,624] {logging_mixin.py:104} INFO - [2021-04-06 18:53:39,624] {dag.py:2273} INFO - Setting next_dagrun for example_nested_branch_dag to 2021-04-04 00:00:00+00:00
[2021-04-06 18:53:39,667] {scheduler_job.py:190} INFO - Processing /Users/garonsmith/Desktop/airflow_study/airflow-etl-explore/.venv/lib/python3.8/site-packages/airflow/example_dags/example_nested_branch_dag.py took 0.117 seconds
[2021-04-06 18:54:11,021] {scheduler_job.py:182} INFO - Started process (PID=21912) to work on /Users/garonsmith/Desktop/airflow_study/airflow-etl-explore/.venv/lib/python3.8/site-packages/airflow/example_dags/example_nested_branch_dag.py
[2021-04-06 18:54:11,021] {scheduler_job.py:629} INFO - Processing file /Users/garonsmith/Desktop/airflow_study/airflow-etl-explore/.venv/lib/python3.8/site-packages/airflow/example_dags/example_nested_branch_dag.py for tasks to queue
[2021-04-06 18:54:11,021] {logging_mixin.py:104} INFO - [2021-04-06 18:54:11,021] {dagbag.py:448} INFO - Filling up the DagBag from /Users/garonsmith/Desktop/airflow_study/airflow-etl-explore/.venv/lib/python3.8/site-packages/airflow/example_dags/example_nested_branch_dag.py
[2021-04-06 18:54:11,027] {scheduler_job.py:639} INFO - DAG(s) dict_keys(['example_nested_branch_dag']) retrieved from /Users/garonsmith/Desktop/airflow_study/airflow-etl-explore/.venv/lib/python3.8/site-packages/airflow/example_dags/example_nested_branch_dag.py
[2021-04-06 18:54:11,068] {logging_mixin.py:104} INFO - [2021-04-06 18:54:11,068] {dag.py:1818} INFO - Sync 1 DAGs
[2021-04-06 18:54:11,078] {logging_mixin.py:104} INFO - [2021-04-06 18:54:11,078] {dag.py:2273} INFO - Setting next_dagrun for example_nested_branch_dag to 2021-04-04 00:00:00+00:00
[2021-04-06 18:54:11,084] {scheduler_job.py:190} INFO - Processing /Users/garonsmith/Desktop/airflow_study/airflow-etl-explore/.venv/lib/python3.8/site-packages/airflow/example_dags/example_nested_branch_dag.py took 0.064 seconds
