[2021-04-06 18:36:12,782] {scheduler_job.py:182} INFO - Started process (PID=17361) to work on /Users/garonsmith/Desktop/airflow_study/airflow-etl-explore/.venv/lib/python3.8/site-packages/airflow/example_dags/example_branch_python_dop_operator_3.py
[2021-04-06 18:36:12,782] {scheduler_job.py:629} INFO - Processing file /Users/garonsmith/Desktop/airflow_study/airflow-etl-explore/.venv/lib/python3.8/site-packages/airflow/example_dags/example_branch_python_dop_operator_3.py for tasks to queue
[2021-04-06 18:36:12,782] {logging_mixin.py:104} INFO - [2021-04-06 18:36:12,782] {dagbag.py:448} INFO - Filling up the DagBag from /Users/garonsmith/Desktop/airflow_study/airflow-etl-explore/.venv/lib/python3.8/site-packages/airflow/example_dags/example_branch_python_dop_operator_3.py
[2021-04-06 18:36:12,790] {scheduler_job.py:639} INFO - DAG(s) dict_keys(['example_branch_dop_operator_v3']) retrieved from /Users/garonsmith/Desktop/airflow_study/airflow-etl-explore/.venv/lib/python3.8/site-packages/airflow/example_dags/example_branch_python_dop_operator_3.py
[2021-04-06 18:36:12,823] {logging_mixin.py:104} INFO - [2021-04-06 18:36:12,823] {dag.py:1818} INFO - Sync 1 DAGs
[2021-04-06 18:36:12,839] {logging_mixin.py:104} INFO - [2021-04-06 18:36:12,839] {dag.py:2273} INFO - Setting next_dagrun for example_branch_dop_operator_v3 to 2021-04-04 00:00:00+00:00
[2021-04-06 18:36:12,845] {scheduler_job.py:190} INFO - Processing /Users/garonsmith/Desktop/airflow_study/airflow-etl-explore/.venv/lib/python3.8/site-packages/airflow/example_dags/example_branch_python_dop_operator_3.py took 0.064 seconds
[2021-04-06 18:36:43,575] {scheduler_job.py:182} INFO - Started process (PID=17452) to work on /Users/garonsmith/Desktop/airflow_study/airflow-etl-explore/.venv/lib/python3.8/site-packages/airflow/example_dags/example_branch_python_dop_operator_3.py
[2021-04-06 18:36:43,576] {scheduler_job.py:629} INFO - Processing file /Users/garonsmith/Desktop/airflow_study/airflow-etl-explore/.venv/lib/python3.8/site-packages/airflow/example_dags/example_branch_python_dop_operator_3.py for tasks to queue
[2021-04-06 18:36:43,576] {logging_mixin.py:104} INFO - [2021-04-06 18:36:43,576] {dagbag.py:448} INFO - Filling up the DagBag from /Users/garonsmith/Desktop/airflow_study/airflow-etl-explore/.venv/lib/python3.8/site-packages/airflow/example_dags/example_branch_python_dop_operator_3.py
[2021-04-06 18:36:43,584] {scheduler_job.py:639} INFO - DAG(s) dict_keys(['example_branch_dop_operator_v3']) retrieved from /Users/garonsmith/Desktop/airflow_study/airflow-etl-explore/.venv/lib/python3.8/site-packages/airflow/example_dags/example_branch_python_dop_operator_3.py
[2021-04-06 18:36:43,617] {logging_mixin.py:104} INFO - [2021-04-06 18:36:43,617] {dag.py:1818} INFO - Sync 1 DAGs
[2021-04-06 18:36:43,635] {logging_mixin.py:104} INFO - [2021-04-06 18:36:43,635] {dag.py:2273} INFO - Setting next_dagrun for example_branch_dop_operator_v3 to 2021-04-04 00:00:00+00:00
[2021-04-06 18:36:43,640] {scheduler_job.py:190} INFO - Processing /Users/garonsmith/Desktop/airflow_study/airflow-etl-explore/.venv/lib/python3.8/site-packages/airflow/example_dags/example_branch_python_dop_operator_3.py took 0.066 seconds
[2021-04-06 18:37:14,850] {scheduler_job.py:182} INFO - Started process (PID=18348) to work on /Users/garonsmith/Desktop/airflow_study/airflow-etl-explore/.venv/lib/python3.8/site-packages/airflow/example_dags/example_branch_python_dop_operator_3.py
[2021-04-06 18:37:14,852] {scheduler_job.py:629} INFO - Processing file /Users/garonsmith/Desktop/airflow_study/airflow-etl-explore/.venv/lib/python3.8/site-packages/airflow/example_dags/example_branch_python_dop_operator_3.py for tasks to queue
[2021-04-06 18:37:14,852] {logging_mixin.py:104} INFO - [2021-04-06 18:37:14,852] {dagbag.py:448} INFO - Filling up the DagBag from /Users/garonsmith/Desktop/airflow_study/airflow-etl-explore/.venv/lib/python3.8/site-packages/airflow/example_dags/example_branch_python_dop_operator_3.py
[2021-04-06 18:37:14,859] {scheduler_job.py:639} INFO - DAG(s) dict_keys(['example_branch_dop_operator_v3']) retrieved from /Users/garonsmith/Desktop/airflow_study/airflow-etl-explore/.venv/lib/python3.8/site-packages/airflow/example_dags/example_branch_python_dop_operator_3.py
[2021-04-06 18:37:14,894] {logging_mixin.py:104} INFO - [2021-04-06 18:37:14,894] {dag.py:1818} INFO - Sync 1 DAGs
[2021-04-06 18:37:14,909] {logging_mixin.py:104} INFO - [2021-04-06 18:37:14,909] {dag.py:2273} INFO - Setting next_dagrun for example_branch_dop_operator_v3 to 2021-04-04 00:00:00+00:00
[2021-04-06 18:37:14,919] {scheduler_job.py:190} INFO - Processing /Users/garonsmith/Desktop/airflow_study/airflow-etl-explore/.venv/lib/python3.8/site-packages/airflow/example_dags/example_branch_python_dop_operator_3.py took 0.069 seconds
[2021-04-06 18:37:46,045] {scheduler_job.py:182} INFO - Started process (PID=18433) to work on /Users/garonsmith/Desktop/airflow_study/airflow-etl-explore/.venv/lib/python3.8/site-packages/airflow/example_dags/example_branch_python_dop_operator_3.py
[2021-04-06 18:37:46,046] {scheduler_job.py:629} INFO - Processing file /Users/garonsmith/Desktop/airflow_study/airflow-etl-explore/.venv/lib/python3.8/site-packages/airflow/example_dags/example_branch_python_dop_operator_3.py for tasks to queue
[2021-04-06 18:37:46,046] {logging_mixin.py:104} INFO - [2021-04-06 18:37:46,046] {dagbag.py:448} INFO - Filling up the DagBag from /Users/garonsmith/Desktop/airflow_study/airflow-etl-explore/.venv/lib/python3.8/site-packages/airflow/example_dags/example_branch_python_dop_operator_3.py
[2021-04-06 18:37:46,052] {scheduler_job.py:639} INFO - DAG(s) dict_keys(['example_branch_dop_operator_v3']) retrieved from /Users/garonsmith/Desktop/airflow_study/airflow-etl-explore/.venv/lib/python3.8/site-packages/airflow/example_dags/example_branch_python_dop_operator_3.py
[2021-04-06 18:37:46,083] {logging_mixin.py:104} INFO - [2021-04-06 18:37:46,083] {dag.py:1818} INFO - Sync 1 DAGs
[2021-04-06 18:37:46,098] {logging_mixin.py:104} INFO - [2021-04-06 18:37:46,098] {dag.py:2273} INFO - Setting next_dagrun for example_branch_dop_operator_v3 to 2021-04-04 00:00:00+00:00
[2021-04-06 18:37:46,102] {scheduler_job.py:190} INFO - Processing /Users/garonsmith/Desktop/airflow_study/airflow-etl-explore/.venv/lib/python3.8/site-packages/airflow/example_dags/example_branch_python_dop_operator_3.py took 0.058 seconds
[2021-04-06 18:38:17,226] {scheduler_job.py:182} INFO - Started process (PID=18520) to work on /Users/garonsmith/Desktop/airflow_study/airflow-etl-explore/.venv/lib/python3.8/site-packages/airflow/example_dags/example_branch_python_dop_operator_3.py
[2021-04-06 18:38:17,226] {scheduler_job.py:629} INFO - Processing file /Users/garonsmith/Desktop/airflow_study/airflow-etl-explore/.venv/lib/python3.8/site-packages/airflow/example_dags/example_branch_python_dop_operator_3.py for tasks to queue
[2021-04-06 18:38:17,226] {logging_mixin.py:104} INFO - [2021-04-06 18:38:17,226] {dagbag.py:448} INFO - Filling up the DagBag from /Users/garonsmith/Desktop/airflow_study/airflow-etl-explore/.venv/lib/python3.8/site-packages/airflow/example_dags/example_branch_python_dop_operator_3.py
[2021-04-06 18:38:17,232] {scheduler_job.py:639} INFO - DAG(s) dict_keys(['example_branch_dop_operator_v3']) retrieved from /Users/garonsmith/Desktop/airflow_study/airflow-etl-explore/.venv/lib/python3.8/site-packages/airflow/example_dags/example_branch_python_dop_operator_3.py
[2021-04-06 18:38:17,269] {logging_mixin.py:104} INFO - [2021-04-06 18:38:17,268] {dag.py:1818} INFO - Sync 1 DAGs
[2021-04-06 18:38:17,287] {logging_mixin.py:104} INFO - [2021-04-06 18:38:17,287] {dag.py:2273} INFO - Setting next_dagrun for example_branch_dop_operator_v3 to 2021-04-04 00:00:00+00:00
[2021-04-06 18:38:17,293] {scheduler_job.py:190} INFO - Processing /Users/garonsmith/Desktop/airflow_study/airflow-etl-explore/.venv/lib/python3.8/site-packages/airflow/example_dags/example_branch_python_dop_operator_3.py took 0.068 seconds
[2021-04-06 18:38:48,545] {scheduler_job.py:182} INFO - Started process (PID=18616) to work on /Users/garonsmith/Desktop/airflow_study/airflow-etl-explore/.venv/lib/python3.8/site-packages/airflow/example_dags/example_branch_python_dop_operator_3.py
[2021-04-06 18:38:48,546] {scheduler_job.py:629} INFO - Processing file /Users/garonsmith/Desktop/airflow_study/airflow-etl-explore/.venv/lib/python3.8/site-packages/airflow/example_dags/example_branch_python_dop_operator_3.py for tasks to queue
[2021-04-06 18:38:48,546] {logging_mixin.py:104} INFO - [2021-04-06 18:38:48,546] {dagbag.py:448} INFO - Filling up the DagBag from /Users/garonsmith/Desktop/airflow_study/airflow-etl-explore/.venv/lib/python3.8/site-packages/airflow/example_dags/example_branch_python_dop_operator_3.py
[2021-04-06 18:38:48,551] {scheduler_job.py:639} INFO - DAG(s) dict_keys(['example_branch_dop_operator_v3']) retrieved from /Users/garonsmith/Desktop/airflow_study/airflow-etl-explore/.venv/lib/python3.8/site-packages/airflow/example_dags/example_branch_python_dop_operator_3.py
[2021-04-06 18:38:48,589] {logging_mixin.py:104} INFO - [2021-04-06 18:38:48,589] {dag.py:1818} INFO - Sync 1 DAGs
[2021-04-06 18:38:48,604] {logging_mixin.py:104} INFO - [2021-04-06 18:38:48,604] {dag.py:2273} INFO - Setting next_dagrun for example_branch_dop_operator_v3 to 2021-04-04 00:00:00+00:00
[2021-04-06 18:38:48,621] {scheduler_job.py:190} INFO - Processing /Users/garonsmith/Desktop/airflow_study/airflow-etl-explore/.venv/lib/python3.8/site-packages/airflow/example_dags/example_branch_python_dop_operator_3.py took 0.076 seconds
[2021-04-06 18:39:19,913] {scheduler_job.py:182} INFO - Started process (PID=18709) to work on /Users/garonsmith/Desktop/airflow_study/airflow-etl-explore/.venv/lib/python3.8/site-packages/airflow/example_dags/example_branch_python_dop_operator_3.py
[2021-04-06 18:39:19,914] {scheduler_job.py:629} INFO - Processing file /Users/garonsmith/Desktop/airflow_study/airflow-etl-explore/.venv/lib/python3.8/site-packages/airflow/example_dags/example_branch_python_dop_operator_3.py for tasks to queue
[2021-04-06 18:39:19,914] {logging_mixin.py:104} INFO - [2021-04-06 18:39:19,914] {dagbag.py:448} INFO - Filling up the DagBag from /Users/garonsmith/Desktop/airflow_study/airflow-etl-explore/.venv/lib/python3.8/site-packages/airflow/example_dags/example_branch_python_dop_operator_3.py
[2021-04-06 18:39:19,920] {scheduler_job.py:639} INFO - DAG(s) dict_keys(['example_branch_dop_operator_v3']) retrieved from /Users/garonsmith/Desktop/airflow_study/airflow-etl-explore/.venv/lib/python3.8/site-packages/airflow/example_dags/example_branch_python_dop_operator_3.py
[2021-04-06 18:39:19,967] {logging_mixin.py:104} INFO - [2021-04-06 18:39:19,967] {dag.py:1818} INFO - Sync 1 DAGs
[2021-04-06 18:39:19,986] {logging_mixin.py:104} INFO - [2021-04-06 18:39:19,986] {dag.py:2273} INFO - Setting next_dagrun for example_branch_dop_operator_v3 to 2021-04-04 00:00:00+00:00
[2021-04-06 18:39:19,992] {scheduler_job.py:190} INFO - Processing /Users/garonsmith/Desktop/airflow_study/airflow-etl-explore/.venv/lib/python3.8/site-packages/airflow/example_dags/example_branch_python_dop_operator_3.py took 0.079 seconds
[2021-04-06 18:39:51,003] {scheduler_job.py:182} INFO - Started process (PID=18821) to work on /Users/garonsmith/Desktop/airflow_study/airflow-etl-explore/.venv/lib/python3.8/site-packages/airflow/example_dags/example_branch_python_dop_operator_3.py
[2021-04-06 18:39:51,003] {scheduler_job.py:629} INFO - Processing file /Users/garonsmith/Desktop/airflow_study/airflow-etl-explore/.venv/lib/python3.8/site-packages/airflow/example_dags/example_branch_python_dop_operator_3.py for tasks to queue
[2021-04-06 18:39:51,004] {logging_mixin.py:104} INFO - [2021-04-06 18:39:51,004] {dagbag.py:448} INFO - Filling up the DagBag from /Users/garonsmith/Desktop/airflow_study/airflow-etl-explore/.venv/lib/python3.8/site-packages/airflow/example_dags/example_branch_python_dop_operator_3.py
[2021-04-06 18:39:51,009] {scheduler_job.py:639} INFO - DAG(s) dict_keys(['example_branch_dop_operator_v3']) retrieved from /Users/garonsmith/Desktop/airflow_study/airflow-etl-explore/.venv/lib/python3.8/site-packages/airflow/example_dags/example_branch_python_dop_operator_3.py
[2021-04-06 18:39:51,043] {logging_mixin.py:104} INFO - [2021-04-06 18:39:51,043] {dag.py:1818} INFO - Sync 1 DAGs
[2021-04-06 18:39:51,080] {logging_mixin.py:104} INFO - [2021-04-06 18:39:51,080] {dag.py:2273} INFO - Setting next_dagrun for example_branch_dop_operator_v3 to 2021-04-04 00:00:00+00:00
[2021-04-06 18:39:51,085] {scheduler_job.py:190} INFO - Processing /Users/garonsmith/Desktop/airflow_study/airflow-etl-explore/.venv/lib/python3.8/site-packages/airflow/example_dags/example_branch_python_dop_operator_3.py took 0.083 seconds
[2021-04-06 18:40:22,561] {scheduler_job.py:182} INFO - Started process (PID=18923) to work on /Users/garonsmith/Desktop/airflow_study/airflow-etl-explore/.venv/lib/python3.8/site-packages/airflow/example_dags/example_branch_python_dop_operator_3.py
[2021-04-06 18:40:22,561] {scheduler_job.py:629} INFO - Processing file /Users/garonsmith/Desktop/airflow_study/airflow-etl-explore/.venv/lib/python3.8/site-packages/airflow/example_dags/example_branch_python_dop_operator_3.py for tasks to queue
[2021-04-06 18:40:22,561] {logging_mixin.py:104} INFO - [2021-04-06 18:40:22,561] {dagbag.py:448} INFO - Filling up the DagBag from /Users/garonsmith/Desktop/airflow_study/airflow-etl-explore/.venv/lib/python3.8/site-packages/airflow/example_dags/example_branch_python_dop_operator_3.py
[2021-04-06 18:40:22,568] {scheduler_job.py:639} INFO - DAG(s) dict_keys(['example_branch_dop_operator_v3']) retrieved from /Users/garonsmith/Desktop/airflow_study/airflow-etl-explore/.venv/lib/python3.8/site-packages/airflow/example_dags/example_branch_python_dop_operator_3.py
[2021-04-06 18:40:22,603] {logging_mixin.py:104} INFO - [2021-04-06 18:40:22,603] {dag.py:1818} INFO - Sync 1 DAGs
[2021-04-06 18:40:22,621] {logging_mixin.py:104} INFO - [2021-04-06 18:40:22,621] {dag.py:2273} INFO - Setting next_dagrun for example_branch_dop_operator_v3 to 2021-04-04 00:00:00+00:00
[2021-04-06 18:40:22,627] {scheduler_job.py:190} INFO - Processing /Users/garonsmith/Desktop/airflow_study/airflow-etl-explore/.venv/lib/python3.8/site-packages/airflow/example_dags/example_branch_python_dop_operator_3.py took 0.067 seconds
[2021-04-06 18:40:53,801] {scheduler_job.py:182} INFO - Started process (PID=19011) to work on /Users/garonsmith/Desktop/airflow_study/airflow-etl-explore/.venv/lib/python3.8/site-packages/airflow/example_dags/example_branch_python_dop_operator_3.py
[2021-04-06 18:40:53,801] {scheduler_job.py:629} INFO - Processing file /Users/garonsmith/Desktop/airflow_study/airflow-etl-explore/.venv/lib/python3.8/site-packages/airflow/example_dags/example_branch_python_dop_operator_3.py for tasks to queue
[2021-04-06 18:40:53,801] {logging_mixin.py:104} INFO - [2021-04-06 18:40:53,801] {dagbag.py:448} INFO - Filling up the DagBag from /Users/garonsmith/Desktop/airflow_study/airflow-etl-explore/.venv/lib/python3.8/site-packages/airflow/example_dags/example_branch_python_dop_operator_3.py
[2021-04-06 18:40:53,807] {scheduler_job.py:639} INFO - DAG(s) dict_keys(['example_branch_dop_operator_v3']) retrieved from /Users/garonsmith/Desktop/airflow_study/airflow-etl-explore/.venv/lib/python3.8/site-packages/airflow/example_dags/example_branch_python_dop_operator_3.py
[2021-04-06 18:40:53,850] {logging_mixin.py:104} INFO - [2021-04-06 18:40:53,850] {dag.py:1818} INFO - Sync 1 DAGs
[2021-04-06 18:40:53,871] {logging_mixin.py:104} INFO - [2021-04-06 18:40:53,871] {dag.py:2273} INFO - Setting next_dagrun for example_branch_dop_operator_v3 to 2021-04-04 00:00:00+00:00
[2021-04-06 18:40:53,876] {scheduler_job.py:190} INFO - Processing /Users/garonsmith/Desktop/airflow_study/airflow-etl-explore/.venv/lib/python3.8/site-packages/airflow/example_dags/example_branch_python_dop_operator_3.py took 0.075 seconds
[2021-04-06 18:41:25,144] {scheduler_job.py:182} INFO - Started process (PID=19102) to work on /Users/garonsmith/Desktop/airflow_study/airflow-etl-explore/.venv/lib/python3.8/site-packages/airflow/example_dags/example_branch_python_dop_operator_3.py
[2021-04-06 18:41:25,144] {scheduler_job.py:629} INFO - Processing file /Users/garonsmith/Desktop/airflow_study/airflow-etl-explore/.venv/lib/python3.8/site-packages/airflow/example_dags/example_branch_python_dop_operator_3.py for tasks to queue
[2021-04-06 18:41:25,144] {logging_mixin.py:104} INFO - [2021-04-06 18:41:25,144] {dagbag.py:448} INFO - Filling up the DagBag from /Users/garonsmith/Desktop/airflow_study/airflow-etl-explore/.venv/lib/python3.8/site-packages/airflow/example_dags/example_branch_python_dop_operator_3.py
[2021-04-06 18:41:25,151] {scheduler_job.py:639} INFO - DAG(s) dict_keys(['example_branch_dop_operator_v3']) retrieved from /Users/garonsmith/Desktop/airflow_study/airflow-etl-explore/.venv/lib/python3.8/site-packages/airflow/example_dags/example_branch_python_dop_operator_3.py
[2021-04-06 18:41:25,201] {logging_mixin.py:104} INFO - [2021-04-06 18:41:25,200] {dag.py:1818} INFO - Sync 1 DAGs
[2021-04-06 18:41:25,220] {logging_mixin.py:104} INFO - [2021-04-06 18:41:25,220] {dag.py:2273} INFO - Setting next_dagrun for example_branch_dop_operator_v3 to 2021-04-04 00:00:00+00:00
[2021-04-06 18:41:25,226] {scheduler_job.py:190} INFO - Processing /Users/garonsmith/Desktop/airflow_study/airflow-etl-explore/.venv/lib/python3.8/site-packages/airflow/example_dags/example_branch_python_dop_operator_3.py took 0.083 seconds
[2021-04-06 18:41:56,731] {scheduler_job.py:182} INFO - Started process (PID=19212) to work on /Users/garonsmith/Desktop/airflow_study/airflow-etl-explore/.venv/lib/python3.8/site-packages/airflow/example_dags/example_branch_python_dop_operator_3.py
[2021-04-06 18:41:56,732] {scheduler_job.py:629} INFO - Processing file /Users/garonsmith/Desktop/airflow_study/airflow-etl-explore/.venv/lib/python3.8/site-packages/airflow/example_dags/example_branch_python_dop_operator_3.py for tasks to queue
[2021-04-06 18:41:56,732] {logging_mixin.py:104} INFO - [2021-04-06 18:41:56,732] {dagbag.py:448} INFO - Filling up the DagBag from /Users/garonsmith/Desktop/airflow_study/airflow-etl-explore/.venv/lib/python3.8/site-packages/airflow/example_dags/example_branch_python_dop_operator_3.py
[2021-04-06 18:41:56,740] {scheduler_job.py:639} INFO - DAG(s) dict_keys(['example_branch_dop_operator_v3']) retrieved from /Users/garonsmith/Desktop/airflow_study/airflow-etl-explore/.venv/lib/python3.8/site-packages/airflow/example_dags/example_branch_python_dop_operator_3.py
[2021-04-06 18:41:56,800] {logging_mixin.py:104} INFO - [2021-04-06 18:41:56,800] {dag.py:1818} INFO - Sync 1 DAGs
[2021-04-06 18:41:56,819] {logging_mixin.py:104} INFO - [2021-04-06 18:41:56,819] {dag.py:2273} INFO - Setting next_dagrun for example_branch_dop_operator_v3 to 2021-04-04 00:00:00+00:00
[2021-04-06 18:41:56,825] {scheduler_job.py:190} INFO - Processing /Users/garonsmith/Desktop/airflow_study/airflow-etl-explore/.venv/lib/python3.8/site-packages/airflow/example_dags/example_branch_python_dop_operator_3.py took 0.094 seconds
[2021-04-06 18:42:27,752] {scheduler_job.py:182} INFO - Started process (PID=19303) to work on /Users/garonsmith/Desktop/airflow_study/airflow-etl-explore/.venv/lib/python3.8/site-packages/airflow/example_dags/example_branch_python_dop_operator_3.py
[2021-04-06 18:42:27,752] {scheduler_job.py:629} INFO - Processing file /Users/garonsmith/Desktop/airflow_study/airflow-etl-explore/.venv/lib/python3.8/site-packages/airflow/example_dags/example_branch_python_dop_operator_3.py for tasks to queue
[2021-04-06 18:42:27,752] {logging_mixin.py:104} INFO - [2021-04-06 18:42:27,752] {dagbag.py:448} INFO - Filling up the DagBag from /Users/garonsmith/Desktop/airflow_study/airflow-etl-explore/.venv/lib/python3.8/site-packages/airflow/example_dags/example_branch_python_dop_operator_3.py
[2021-04-06 18:42:27,758] {scheduler_job.py:639} INFO - DAG(s) dict_keys(['example_branch_dop_operator_v3']) retrieved from /Users/garonsmith/Desktop/airflow_study/airflow-etl-explore/.venv/lib/python3.8/site-packages/airflow/example_dags/example_branch_python_dop_operator_3.py
[2021-04-06 18:42:27,802] {logging_mixin.py:104} INFO - [2021-04-06 18:42:27,802] {dag.py:1818} INFO - Sync 1 DAGs
[2021-04-06 18:42:27,821] {logging_mixin.py:104} INFO - [2021-04-06 18:42:27,821] {dag.py:2273} INFO - Setting next_dagrun for example_branch_dop_operator_v3 to 2021-04-04 00:00:00+00:00
[2021-04-06 18:42:27,827] {scheduler_job.py:190} INFO - Processing /Users/garonsmith/Desktop/airflow_study/airflow-etl-explore/.venv/lib/python3.8/site-packages/airflow/example_dags/example_branch_python_dop_operator_3.py took 0.076 seconds
[2021-04-06 18:42:58,730] {scheduler_job.py:182} INFO - Started process (PID=19395) to work on /Users/garonsmith/Desktop/airflow_study/airflow-etl-explore/.venv/lib/python3.8/site-packages/airflow/example_dags/example_branch_python_dop_operator_3.py
[2021-04-06 18:42:58,730] {scheduler_job.py:629} INFO - Processing file /Users/garonsmith/Desktop/airflow_study/airflow-etl-explore/.venv/lib/python3.8/site-packages/airflow/example_dags/example_branch_python_dop_operator_3.py for tasks to queue
[2021-04-06 18:42:58,731] {logging_mixin.py:104} INFO - [2021-04-06 18:42:58,731] {dagbag.py:448} INFO - Filling up the DagBag from /Users/garonsmith/Desktop/airflow_study/airflow-etl-explore/.venv/lib/python3.8/site-packages/airflow/example_dags/example_branch_python_dop_operator_3.py
[2021-04-06 18:42:58,738] {scheduler_job.py:639} INFO - DAG(s) dict_keys(['example_branch_dop_operator_v3']) retrieved from /Users/garonsmith/Desktop/airflow_study/airflow-etl-explore/.venv/lib/python3.8/site-packages/airflow/example_dags/example_branch_python_dop_operator_3.py
[2021-04-06 18:42:58,801] {logging_mixin.py:104} INFO - [2021-04-06 18:42:58,801] {dag.py:1818} INFO - Sync 1 DAGs
[2021-04-06 18:42:58,823] {logging_mixin.py:104} INFO - [2021-04-06 18:42:58,823] {dag.py:2273} INFO - Setting next_dagrun for example_branch_dop_operator_v3 to 2021-04-04 00:00:00+00:00
[2021-04-06 18:42:58,830] {scheduler_job.py:190} INFO - Processing /Users/garonsmith/Desktop/airflow_study/airflow-etl-explore/.venv/lib/python3.8/site-packages/airflow/example_dags/example_branch_python_dop_operator_3.py took 0.101 seconds
[2021-04-06 18:43:29,688] {scheduler_job.py:182} INFO - Started process (PID=19503) to work on /Users/garonsmith/Desktop/airflow_study/airflow-etl-explore/.venv/lib/python3.8/site-packages/airflow/example_dags/example_branch_python_dop_operator_3.py
[2021-04-06 18:43:29,688] {scheduler_job.py:629} INFO - Processing file /Users/garonsmith/Desktop/airflow_study/airflow-etl-explore/.venv/lib/python3.8/site-packages/airflow/example_dags/example_branch_python_dop_operator_3.py for tasks to queue
[2021-04-06 18:43:29,688] {logging_mixin.py:104} INFO - [2021-04-06 18:43:29,688] {dagbag.py:448} INFO - Filling up the DagBag from /Users/garonsmith/Desktop/airflow_study/airflow-etl-explore/.venv/lib/python3.8/site-packages/airflow/example_dags/example_branch_python_dop_operator_3.py
[2021-04-06 18:43:29,694] {scheduler_job.py:639} INFO - DAG(s) dict_keys(['example_branch_dop_operator_v3']) retrieved from /Users/garonsmith/Desktop/airflow_study/airflow-etl-explore/.venv/lib/python3.8/site-packages/airflow/example_dags/example_branch_python_dop_operator_3.py
[2021-04-06 18:43:29,728] {logging_mixin.py:104} INFO - [2021-04-06 18:43:29,728] {dag.py:1818} INFO - Sync 1 DAGs
[2021-04-06 18:43:29,743] {logging_mixin.py:104} INFO - [2021-04-06 18:43:29,743] {dag.py:2273} INFO - Setting next_dagrun for example_branch_dop_operator_v3 to 2021-04-04 00:00:00+00:00
[2021-04-06 18:43:29,755] {scheduler_job.py:190} INFO - Processing /Users/garonsmith/Desktop/airflow_study/airflow-etl-explore/.venv/lib/python3.8/site-packages/airflow/example_dags/example_branch_python_dop_operator_3.py took 0.067 seconds
[2021-04-06 18:43:48,474] {scheduler_job.py:182} INFO - Started process (PID=19614) to work on /Users/garonsmith/Desktop/airflow_study/airflow-etl-explore/.venv/lib/python3.8/site-packages/airflow/example_dags/example_branch_python_dop_operator_3.py
[2021-04-06 18:43:48,475] {scheduler_job.py:629} INFO - Processing file /Users/garonsmith/Desktop/airflow_study/airflow-etl-explore/.venv/lib/python3.8/site-packages/airflow/example_dags/example_branch_python_dop_operator_3.py for tasks to queue
[2021-04-06 18:43:48,475] {logging_mixin.py:104} INFO - [2021-04-06 18:43:48,475] {dagbag.py:448} INFO - Filling up the DagBag from /Users/garonsmith/Desktop/airflow_study/airflow-etl-explore/.venv/lib/python3.8/site-packages/airflow/example_dags/example_branch_python_dop_operator_3.py
[2021-04-06 18:43:48,481] {scheduler_job.py:639} INFO - DAG(s) dict_keys(['example_branch_dop_operator_v3']) retrieved from /Users/garonsmith/Desktop/airflow_study/airflow-etl-explore/.venv/lib/python3.8/site-packages/airflow/example_dags/example_branch_python_dop_operator_3.py
[2021-04-06 18:43:48,553] {logging_mixin.py:104} INFO - [2021-04-06 18:43:48,553] {dag.py:1818} INFO - Sync 1 DAGs
[2021-04-06 18:43:48,573] {logging_mixin.py:104} INFO - [2021-04-06 18:43:48,573] {dag.py:2273} INFO - Setting next_dagrun for example_branch_dop_operator_v3 to 2021-04-04 00:00:00+00:00
[2021-04-06 18:43:48,578] {scheduler_job.py:190} INFO - Processing /Users/garonsmith/Desktop/airflow_study/airflow-etl-explore/.venv/lib/python3.8/site-packages/airflow/example_dags/example_branch_python_dop_operator_3.py took 0.105 seconds
[2021-04-06 18:44:19,389] {scheduler_job.py:182} INFO - Started process (PID=19707) to work on /Users/garonsmith/Desktop/airflow_study/airflow-etl-explore/.venv/lib/python3.8/site-packages/airflow/example_dags/example_branch_python_dop_operator_3.py
[2021-04-06 18:44:19,390] {scheduler_job.py:629} INFO - Processing file /Users/garonsmith/Desktop/airflow_study/airflow-etl-explore/.venv/lib/python3.8/site-packages/airflow/example_dags/example_branch_python_dop_operator_3.py for tasks to queue
[2021-04-06 18:44:19,390] {logging_mixin.py:104} INFO - [2021-04-06 18:44:19,390] {dagbag.py:448} INFO - Filling up the DagBag from /Users/garonsmith/Desktop/airflow_study/airflow-etl-explore/.venv/lib/python3.8/site-packages/airflow/example_dags/example_branch_python_dop_operator_3.py
[2021-04-06 18:44:19,397] {scheduler_job.py:639} INFO - DAG(s) dict_keys(['example_branch_dop_operator_v3']) retrieved from /Users/garonsmith/Desktop/airflow_study/airflow-etl-explore/.venv/lib/python3.8/site-packages/airflow/example_dags/example_branch_python_dop_operator_3.py
[2021-04-06 18:44:19,436] {logging_mixin.py:104} INFO - [2021-04-06 18:44:19,436] {dag.py:1818} INFO - Sync 1 DAGs
[2021-04-06 18:44:19,470] {logging_mixin.py:104} INFO - [2021-04-06 18:44:19,470] {dag.py:2273} INFO - Setting next_dagrun for example_branch_dop_operator_v3 to 2021-04-04 00:00:00+00:00
[2021-04-06 18:44:19,475] {scheduler_job.py:190} INFO - Processing /Users/garonsmith/Desktop/airflow_study/airflow-etl-explore/.venv/lib/python3.8/site-packages/airflow/example_dags/example_branch_python_dop_operator_3.py took 0.086 seconds
[2021-04-06 18:44:50,498] {scheduler_job.py:182} INFO - Started process (PID=19794) to work on /Users/garonsmith/Desktop/airflow_study/airflow-etl-explore/.venv/lib/python3.8/site-packages/airflow/example_dags/example_branch_python_dop_operator_3.py
[2021-04-06 18:44:50,498] {scheduler_job.py:629} INFO - Processing file /Users/garonsmith/Desktop/airflow_study/airflow-etl-explore/.venv/lib/python3.8/site-packages/airflow/example_dags/example_branch_python_dop_operator_3.py for tasks to queue
[2021-04-06 18:44:50,499] {logging_mixin.py:104} INFO - [2021-04-06 18:44:50,499] {dagbag.py:448} INFO - Filling up the DagBag from /Users/garonsmith/Desktop/airflow_study/airflow-etl-explore/.venv/lib/python3.8/site-packages/airflow/example_dags/example_branch_python_dop_operator_3.py
[2021-04-06 18:44:50,504] {scheduler_job.py:639} INFO - DAG(s) dict_keys(['example_branch_dop_operator_v3']) retrieved from /Users/garonsmith/Desktop/airflow_study/airflow-etl-explore/.venv/lib/python3.8/site-packages/airflow/example_dags/example_branch_python_dop_operator_3.py
[2021-04-06 18:44:50,533] {logging_mixin.py:104} INFO - [2021-04-06 18:44:50,533] {dag.py:1818} INFO - Sync 1 DAGs
[2021-04-06 18:44:50,566] {logging_mixin.py:104} INFO - [2021-04-06 18:44:50,566] {dag.py:2273} INFO - Setting next_dagrun for example_branch_dop_operator_v3 to 2021-04-04 00:00:00+00:00
[2021-04-06 18:44:50,570] {scheduler_job.py:190} INFO - Processing /Users/garonsmith/Desktop/airflow_study/airflow-etl-explore/.venv/lib/python3.8/site-packages/airflow/example_dags/example_branch_python_dop_operator_3.py took 0.073 seconds
[2021-04-06 18:45:21,359] {scheduler_job.py:182} INFO - Started process (PID=19878) to work on /Users/garonsmith/Desktop/airflow_study/airflow-etl-explore/.venv/lib/python3.8/site-packages/airflow/example_dags/example_branch_python_dop_operator_3.py
[2021-04-06 18:45:21,359] {scheduler_job.py:629} INFO - Processing file /Users/garonsmith/Desktop/airflow_study/airflow-etl-explore/.venv/lib/python3.8/site-packages/airflow/example_dags/example_branch_python_dop_operator_3.py for tasks to queue
[2021-04-06 18:45:21,360] {logging_mixin.py:104} INFO - [2021-04-06 18:45:21,360] {dagbag.py:448} INFO - Filling up the DagBag from /Users/garonsmith/Desktop/airflow_study/airflow-etl-explore/.venv/lib/python3.8/site-packages/airflow/example_dags/example_branch_python_dop_operator_3.py
[2021-04-06 18:45:21,367] {scheduler_job.py:639} INFO - DAG(s) dict_keys(['example_branch_dop_operator_v3']) retrieved from /Users/garonsmith/Desktop/airflow_study/airflow-etl-explore/.venv/lib/python3.8/site-packages/airflow/example_dags/example_branch_python_dop_operator_3.py
[2021-04-06 18:45:21,405] {logging_mixin.py:104} INFO - [2021-04-06 18:45:21,404] {dag.py:1818} INFO - Sync 1 DAGs
[2021-04-06 18:45:21,421] {logging_mixin.py:104} INFO - [2021-04-06 18:45:21,420] {dag.py:2273} INFO - Setting next_dagrun for example_branch_dop_operator_v3 to 2021-04-04 00:00:00+00:00
[2021-04-06 18:45:21,428] {scheduler_job.py:190} INFO - Processing /Users/garonsmith/Desktop/airflow_study/airflow-etl-explore/.venv/lib/python3.8/site-packages/airflow/example_dags/example_branch_python_dop_operator_3.py took 0.070 seconds
[2021-04-06 18:45:52,328] {scheduler_job.py:182} INFO - Started process (PID=19973) to work on /Users/garonsmith/Desktop/airflow_study/airflow-etl-explore/.venv/lib/python3.8/site-packages/airflow/example_dags/example_branch_python_dop_operator_3.py
[2021-04-06 18:45:52,328] {scheduler_job.py:629} INFO - Processing file /Users/garonsmith/Desktop/airflow_study/airflow-etl-explore/.venv/lib/python3.8/site-packages/airflow/example_dags/example_branch_python_dop_operator_3.py for tasks to queue
[2021-04-06 18:45:52,328] {logging_mixin.py:104} INFO - [2021-04-06 18:45:52,328] {dagbag.py:448} INFO - Filling up the DagBag from /Users/garonsmith/Desktop/airflow_study/airflow-etl-explore/.venv/lib/python3.8/site-packages/airflow/example_dags/example_branch_python_dop_operator_3.py
[2021-04-06 18:45:52,335] {scheduler_job.py:639} INFO - DAG(s) dict_keys(['example_branch_dop_operator_v3']) retrieved from /Users/garonsmith/Desktop/airflow_study/airflow-etl-explore/.venv/lib/python3.8/site-packages/airflow/example_dags/example_branch_python_dop_operator_3.py
[2021-04-06 18:45:52,384] {logging_mixin.py:104} INFO - [2021-04-06 18:45:52,384] {dag.py:1818} INFO - Sync 1 DAGs
[2021-04-06 18:45:52,417] {logging_mixin.py:104} INFO - [2021-04-06 18:45:52,417] {dag.py:2273} INFO - Setting next_dagrun for example_branch_dop_operator_v3 to 2021-04-04 00:00:00+00:00
[2021-04-06 18:45:52,425] {scheduler_job.py:190} INFO - Processing /Users/garonsmith/Desktop/airflow_study/airflow-etl-explore/.venv/lib/python3.8/site-packages/airflow/example_dags/example_branch_python_dop_operator_3.py took 0.098 seconds
[2021-04-06 18:46:23,361] {scheduler_job.py:182} INFO - Started process (PID=20063) to work on /Users/garonsmith/Desktop/airflow_study/airflow-etl-explore/.venv/lib/python3.8/site-packages/airflow/example_dags/example_branch_python_dop_operator_3.py
[2021-04-06 18:46:23,362] {scheduler_job.py:629} INFO - Processing file /Users/garonsmith/Desktop/airflow_study/airflow-etl-explore/.venv/lib/python3.8/site-packages/airflow/example_dags/example_branch_python_dop_operator_3.py for tasks to queue
[2021-04-06 18:46:23,362] {logging_mixin.py:104} INFO - [2021-04-06 18:46:23,362] {dagbag.py:448} INFO - Filling up the DagBag from /Users/garonsmith/Desktop/airflow_study/airflow-etl-explore/.venv/lib/python3.8/site-packages/airflow/example_dags/example_branch_python_dop_operator_3.py
[2021-04-06 18:46:23,368] {scheduler_job.py:639} INFO - DAG(s) dict_keys(['example_branch_dop_operator_v3']) retrieved from /Users/garonsmith/Desktop/airflow_study/airflow-etl-explore/.venv/lib/python3.8/site-packages/airflow/example_dags/example_branch_python_dop_operator_3.py
[2021-04-06 18:46:23,406] {logging_mixin.py:104} INFO - [2021-04-06 18:46:23,406] {dag.py:1818} INFO - Sync 1 DAGs
[2021-04-06 18:46:23,424] {logging_mixin.py:104} INFO - [2021-04-06 18:46:23,423] {dag.py:2273} INFO - Setting next_dagrun for example_branch_dop_operator_v3 to 2021-04-04 00:00:00+00:00
[2021-04-06 18:46:23,457] {scheduler_job.py:190} INFO - Processing /Users/garonsmith/Desktop/airflow_study/airflow-etl-explore/.venv/lib/python3.8/site-packages/airflow/example_dags/example_branch_python_dop_operator_3.py took 0.096 seconds
[2021-04-06 18:46:54,409] {scheduler_job.py:182} INFO - Started process (PID=20151) to work on /Users/garonsmith/Desktop/airflow_study/airflow-etl-explore/.venv/lib/python3.8/site-packages/airflow/example_dags/example_branch_python_dop_operator_3.py
[2021-04-06 18:46:54,409] {scheduler_job.py:629} INFO - Processing file /Users/garonsmith/Desktop/airflow_study/airflow-etl-explore/.venv/lib/python3.8/site-packages/airflow/example_dags/example_branch_python_dop_operator_3.py for tasks to queue
[2021-04-06 18:46:54,409] {logging_mixin.py:104} INFO - [2021-04-06 18:46:54,409] {dagbag.py:448} INFO - Filling up the DagBag from /Users/garonsmith/Desktop/airflow_study/airflow-etl-explore/.venv/lib/python3.8/site-packages/airflow/example_dags/example_branch_python_dop_operator_3.py
[2021-04-06 18:46:54,416] {scheduler_job.py:639} INFO - DAG(s) dict_keys(['example_branch_dop_operator_v3']) retrieved from /Users/garonsmith/Desktop/airflow_study/airflow-etl-explore/.venv/lib/python3.8/site-packages/airflow/example_dags/example_branch_python_dop_operator_3.py
[2021-04-06 18:46:54,457] {logging_mixin.py:104} INFO - [2021-04-06 18:46:54,457] {dag.py:1818} INFO - Sync 1 DAGs
[2021-04-06 18:46:54,477] {logging_mixin.py:104} INFO - [2021-04-06 18:46:54,477] {dag.py:2273} INFO - Setting next_dagrun for example_branch_dop_operator_v3 to 2021-04-04 00:00:00+00:00
[2021-04-06 18:46:54,485] {scheduler_job.py:190} INFO - Processing /Users/garonsmith/Desktop/airflow_study/airflow-etl-explore/.venv/lib/python3.8/site-packages/airflow/example_dags/example_branch_python_dop_operator_3.py took 0.077 seconds
[2021-04-06 18:47:25,667] {scheduler_job.py:182} INFO - Started process (PID=20239) to work on /Users/garonsmith/Desktop/airflow_study/airflow-etl-explore/.venv/lib/python3.8/site-packages/airflow/example_dags/example_branch_python_dop_operator_3.py
[2021-04-06 18:47:25,667] {scheduler_job.py:629} INFO - Processing file /Users/garonsmith/Desktop/airflow_study/airflow-etl-explore/.venv/lib/python3.8/site-packages/airflow/example_dags/example_branch_python_dop_operator_3.py for tasks to queue
[2021-04-06 18:47:25,668] {logging_mixin.py:104} INFO - [2021-04-06 18:47:25,668] {dagbag.py:448} INFO - Filling up the DagBag from /Users/garonsmith/Desktop/airflow_study/airflow-etl-explore/.venv/lib/python3.8/site-packages/airflow/example_dags/example_branch_python_dop_operator_3.py
[2021-04-06 18:47:25,674] {scheduler_job.py:639} INFO - DAG(s) dict_keys(['example_branch_dop_operator_v3']) retrieved from /Users/garonsmith/Desktop/airflow_study/airflow-etl-explore/.venv/lib/python3.8/site-packages/airflow/example_dags/example_branch_python_dop_operator_3.py
[2021-04-06 18:47:25,710] {logging_mixin.py:104} INFO - [2021-04-06 18:47:25,710] {dag.py:1818} INFO - Sync 1 DAGs
[2021-04-06 18:47:25,728] {logging_mixin.py:104} INFO - [2021-04-06 18:47:25,728] {dag.py:2273} INFO - Setting next_dagrun for example_branch_dop_operator_v3 to 2021-04-04 00:00:00+00:00
[2021-04-06 18:47:25,734] {scheduler_job.py:190} INFO - Processing /Users/garonsmith/Desktop/airflow_study/airflow-etl-explore/.venv/lib/python3.8/site-packages/airflow/example_dags/example_branch_python_dop_operator_3.py took 0.067 seconds
[2021-04-06 18:47:57,372] {scheduler_job.py:182} INFO - Started process (PID=20325) to work on /Users/garonsmith/Desktop/airflow_study/airflow-etl-explore/.venv/lib/python3.8/site-packages/airflow/example_dags/example_branch_python_dop_operator_3.py
[2021-04-06 18:47:57,373] {scheduler_job.py:629} INFO - Processing file /Users/garonsmith/Desktop/airflow_study/airflow-etl-explore/.venv/lib/python3.8/site-packages/airflow/example_dags/example_branch_python_dop_operator_3.py for tasks to queue
[2021-04-06 18:47:57,373] {logging_mixin.py:104} INFO - [2021-04-06 18:47:57,373] {dagbag.py:448} INFO - Filling up the DagBag from /Users/garonsmith/Desktop/airflow_study/airflow-etl-explore/.venv/lib/python3.8/site-packages/airflow/example_dags/example_branch_python_dop_operator_3.py
[2021-04-06 18:47:57,379] {scheduler_job.py:639} INFO - DAG(s) dict_keys(['example_branch_dop_operator_v3']) retrieved from /Users/garonsmith/Desktop/airflow_study/airflow-etl-explore/.venv/lib/python3.8/site-packages/airflow/example_dags/example_branch_python_dop_operator_3.py
[2021-04-06 18:47:57,410] {logging_mixin.py:104} INFO - [2021-04-06 18:47:57,410] {dag.py:1818} INFO - Sync 1 DAGs
[2021-04-06 18:47:57,427] {logging_mixin.py:104} INFO - [2021-04-06 18:47:57,427] {dag.py:2273} INFO - Setting next_dagrun for example_branch_dop_operator_v3 to 2021-04-04 00:00:00+00:00
[2021-04-06 18:47:57,433] {scheduler_job.py:190} INFO - Processing /Users/garonsmith/Desktop/airflow_study/airflow-etl-explore/.venv/lib/python3.8/site-packages/airflow/example_dags/example_branch_python_dop_operator_3.py took 0.061 seconds
[2021-04-06 18:48:28,101] {scheduler_job.py:182} INFO - Started process (PID=20413) to work on /Users/garonsmith/Desktop/airflow_study/airflow-etl-explore/.venv/lib/python3.8/site-packages/airflow/example_dags/example_branch_python_dop_operator_3.py
[2021-04-06 18:48:28,102] {scheduler_job.py:629} INFO - Processing file /Users/garonsmith/Desktop/airflow_study/airflow-etl-explore/.venv/lib/python3.8/site-packages/airflow/example_dags/example_branch_python_dop_operator_3.py for tasks to queue
[2021-04-06 18:48:28,102] {logging_mixin.py:104} INFO - [2021-04-06 18:48:28,102] {dagbag.py:448} INFO - Filling up the DagBag from /Users/garonsmith/Desktop/airflow_study/airflow-etl-explore/.venv/lib/python3.8/site-packages/airflow/example_dags/example_branch_python_dop_operator_3.py
[2021-04-06 18:48:28,107] {scheduler_job.py:639} INFO - DAG(s) dict_keys(['example_branch_dop_operator_v3']) retrieved from /Users/garonsmith/Desktop/airflow_study/airflow-etl-explore/.venv/lib/python3.8/site-packages/airflow/example_dags/example_branch_python_dop_operator_3.py
[2021-04-06 18:48:28,140] {logging_mixin.py:104} INFO - [2021-04-06 18:48:28,139] {dag.py:1818} INFO - Sync 1 DAGs
[2021-04-06 18:48:28,177] {logging_mixin.py:104} INFO - [2021-04-06 18:48:28,177] {dag.py:2273} INFO - Setting next_dagrun for example_branch_dop_operator_v3 to 2021-04-04 00:00:00+00:00
[2021-04-06 18:48:28,185] {scheduler_job.py:190} INFO - Processing /Users/garonsmith/Desktop/airflow_study/airflow-etl-explore/.venv/lib/python3.8/site-packages/airflow/example_dags/example_branch_python_dop_operator_3.py took 0.084 seconds
[2021-04-06 18:48:59,527] {scheduler_job.py:182} INFO - Started process (PID=20500) to work on /Users/garonsmith/Desktop/airflow_study/airflow-etl-explore/.venv/lib/python3.8/site-packages/airflow/example_dags/example_branch_python_dop_operator_3.py
[2021-04-06 18:48:59,527] {scheduler_job.py:629} INFO - Processing file /Users/garonsmith/Desktop/airflow_study/airflow-etl-explore/.venv/lib/python3.8/site-packages/airflow/example_dags/example_branch_python_dop_operator_3.py for tasks to queue
[2021-04-06 18:48:59,527] {logging_mixin.py:104} INFO - [2021-04-06 18:48:59,527] {dagbag.py:448} INFO - Filling up the DagBag from /Users/garonsmith/Desktop/airflow_study/airflow-etl-explore/.venv/lib/python3.8/site-packages/airflow/example_dags/example_branch_python_dop_operator_3.py
[2021-04-06 18:48:59,533] {scheduler_job.py:639} INFO - DAG(s) dict_keys(['example_branch_dop_operator_v3']) retrieved from /Users/garonsmith/Desktop/airflow_study/airflow-etl-explore/.venv/lib/python3.8/site-packages/airflow/example_dags/example_branch_python_dop_operator_3.py
[2021-04-06 18:48:59,589] {logging_mixin.py:104} INFO - [2021-04-06 18:48:59,589] {dag.py:1818} INFO - Sync 1 DAGs
[2021-04-06 18:48:59,627] {logging_mixin.py:104} INFO - [2021-04-06 18:48:59,627] {dag.py:2273} INFO - Setting next_dagrun for example_branch_dop_operator_v3 to 2021-04-04 00:00:00+00:00
[2021-04-06 18:48:59,635] {scheduler_job.py:190} INFO - Processing /Users/garonsmith/Desktop/airflow_study/airflow-etl-explore/.venv/lib/python3.8/site-packages/airflow/example_dags/example_branch_python_dop_operator_3.py took 0.108 seconds
[2021-04-06 18:49:09,579] {scheduler_job.py:182} INFO - Started process (PID=20631) to work on /Users/garonsmith/Desktop/airflow_study/airflow-etl-explore/.venv/lib/python3.8/site-packages/airflow/example_dags/example_branch_python_dop_operator_3.py
[2021-04-06 18:49:09,580] {scheduler_job.py:629} INFO - Processing file /Users/garonsmith/Desktop/airflow_study/airflow-etl-explore/.venv/lib/python3.8/site-packages/airflow/example_dags/example_branch_python_dop_operator_3.py for tasks to queue
[2021-04-06 18:49:09,580] {logging_mixin.py:104} INFO - [2021-04-06 18:49:09,580] {dagbag.py:448} INFO - Filling up the DagBag from /Users/garonsmith/Desktop/airflow_study/airflow-etl-explore/.venv/lib/python3.8/site-packages/airflow/example_dags/example_branch_python_dop_operator_3.py
[2021-04-06 18:49:09,586] {scheduler_job.py:639} INFO - DAG(s) dict_keys(['example_branch_dop_operator_v3']) retrieved from /Users/garonsmith/Desktop/airflow_study/airflow-etl-explore/.venv/lib/python3.8/site-packages/airflow/example_dags/example_branch_python_dop_operator_3.py
[2021-04-06 18:49:09,632] {logging_mixin.py:104} INFO - [2021-04-06 18:49:09,632] {dag.py:1818} INFO - Sync 1 DAGs
[2021-04-06 18:49:09,646] {logging_mixin.py:104} INFO - [2021-04-06 18:49:09,646] {dag.py:2273} INFO - Setting next_dagrun for example_branch_dop_operator_v3 to 2021-04-04 00:00:00+00:00
[2021-04-06 18:49:09,663] {scheduler_job.py:190} INFO - Processing /Users/garonsmith/Desktop/airflow_study/airflow-etl-explore/.venv/lib/python3.8/site-packages/airflow/example_dags/example_branch_python_dop_operator_3.py took 0.084 seconds
[2021-04-06 18:49:30,489] {scheduler_job.py:182} INFO - Started process (PID=20677) to work on /Users/garonsmith/Desktop/airflow_study/airflow-etl-explore/.venv/lib/python3.8/site-packages/airflow/example_dags/example_branch_python_dop_operator_3.py
[2021-04-06 18:49:30,490] {scheduler_job.py:629} INFO - Processing file /Users/garonsmith/Desktop/airflow_study/airflow-etl-explore/.venv/lib/python3.8/site-packages/airflow/example_dags/example_branch_python_dop_operator_3.py for tasks to queue
[2021-04-06 18:49:30,490] {logging_mixin.py:104} INFO - [2021-04-06 18:49:30,490] {dagbag.py:448} INFO - Filling up the DagBag from /Users/garonsmith/Desktop/airflow_study/airflow-etl-explore/.venv/lib/python3.8/site-packages/airflow/example_dags/example_branch_python_dop_operator_3.py
[2021-04-06 18:49:30,497] {scheduler_job.py:639} INFO - DAG(s) dict_keys(['example_branch_dop_operator_v3']) retrieved from /Users/garonsmith/Desktop/airflow_study/airflow-etl-explore/.venv/lib/python3.8/site-packages/airflow/example_dags/example_branch_python_dop_operator_3.py
[2021-04-06 18:49:30,563] {logging_mixin.py:104} INFO - [2021-04-06 18:49:30,563] {dag.py:1818} INFO - Sync 1 DAGs
[2021-04-06 18:49:30,583] {logging_mixin.py:104} INFO - [2021-04-06 18:49:30,583] {dag.py:2273} INFO - Setting next_dagrun for example_branch_dop_operator_v3 to 2021-04-04 00:00:00+00:00
[2021-04-06 18:49:30,590] {scheduler_job.py:190} INFO - Processing /Users/garonsmith/Desktop/airflow_study/airflow-etl-explore/.venv/lib/python3.8/site-packages/airflow/example_dags/example_branch_python_dop_operator_3.py took 0.102 seconds
[2021-04-06 18:49:41,129] {scheduler_job.py:182} INFO - Started process (PID=20802) to work on /Users/garonsmith/Desktop/airflow_study/airflow-etl-explore/.venv/lib/python3.8/site-packages/airflow/example_dags/example_branch_python_dop_operator_3.py
[2021-04-06 18:49:41,130] {scheduler_job.py:629} INFO - Processing file /Users/garonsmith/Desktop/airflow_study/airflow-etl-explore/.venv/lib/python3.8/site-packages/airflow/example_dags/example_branch_python_dop_operator_3.py for tasks to queue
[2021-04-06 18:49:41,130] {logging_mixin.py:104} INFO - [2021-04-06 18:49:41,130] {dagbag.py:448} INFO - Filling up the DagBag from /Users/garonsmith/Desktop/airflow_study/airflow-etl-explore/.venv/lib/python3.8/site-packages/airflow/example_dags/example_branch_python_dop_operator_3.py
[2021-04-06 18:49:41,137] {scheduler_job.py:639} INFO - DAG(s) dict_keys(['example_branch_dop_operator_v3']) retrieved from /Users/garonsmith/Desktop/airflow_study/airflow-etl-explore/.venv/lib/python3.8/site-packages/airflow/example_dags/example_branch_python_dop_operator_3.py
[2021-04-06 18:49:41,165] {logging_mixin.py:104} INFO - [2021-04-06 18:49:41,165] {dag.py:1818} INFO - Sync 1 DAGs
[2021-04-06 18:49:41,200] {logging_mixin.py:104} INFO - [2021-04-06 18:49:41,200] {dag.py:2273} INFO - Setting next_dagrun for example_branch_dop_operator_v3 to 2021-04-04 00:00:00+00:00
[2021-04-06 18:49:41,215] {scheduler_job.py:190} INFO - Processing /Users/garonsmith/Desktop/airflow_study/airflow-etl-explore/.venv/lib/python3.8/site-packages/airflow/example_dags/example_branch_python_dop_operator_3.py took 0.086 seconds
[2021-04-06 18:50:01,571] {scheduler_job.py:182} INFO - Started process (PID=20853) to work on /Users/garonsmith/Desktop/airflow_study/airflow-etl-explore/.venv/lib/python3.8/site-packages/airflow/example_dags/example_branch_python_dop_operator_3.py
[2021-04-06 18:50:01,571] {scheduler_job.py:629} INFO - Processing file /Users/garonsmith/Desktop/airflow_study/airflow-etl-explore/.venv/lib/python3.8/site-packages/airflow/example_dags/example_branch_python_dop_operator_3.py for tasks to queue
[2021-04-06 18:50:01,572] {logging_mixin.py:104} INFO - [2021-04-06 18:50:01,572] {dagbag.py:448} INFO - Filling up the DagBag from /Users/garonsmith/Desktop/airflow_study/airflow-etl-explore/.venv/lib/python3.8/site-packages/airflow/example_dags/example_branch_python_dop_operator_3.py
[2021-04-06 18:50:01,577] {scheduler_job.py:639} INFO - DAG(s) dict_keys(['example_branch_dop_operator_v3']) retrieved from /Users/garonsmith/Desktop/airflow_study/airflow-etl-explore/.venv/lib/python3.8/site-packages/airflow/example_dags/example_branch_python_dop_operator_3.py
[2021-04-06 18:50:01,613] {logging_mixin.py:104} INFO - [2021-04-06 18:50:01,612] {dag.py:1818} INFO - Sync 1 DAGs
[2021-04-06 18:50:01,628] {logging_mixin.py:104} INFO - [2021-04-06 18:50:01,628] {dag.py:2273} INFO - Setting next_dagrun for example_branch_dop_operator_v3 to 2021-04-04 00:00:00+00:00
[2021-04-06 18:50:01,635] {scheduler_job.py:190} INFO - Processing /Users/garonsmith/Desktop/airflow_study/airflow-etl-explore/.venv/lib/python3.8/site-packages/airflow/example_dags/example_branch_python_dop_operator_3.py took 0.064 seconds
[2021-04-06 18:50:12,300] {scheduler_job.py:182} INFO - Started process (PID=20973) to work on /Users/garonsmith/Desktop/airflow_study/airflow-etl-explore/.venv/lib/python3.8/site-packages/airflow/example_dags/example_branch_python_dop_operator_3.py
[2021-04-06 18:50:12,300] {scheduler_job.py:629} INFO - Processing file /Users/garonsmith/Desktop/airflow_study/airflow-etl-explore/.venv/lib/python3.8/site-packages/airflow/example_dags/example_branch_python_dop_operator_3.py for tasks to queue
[2021-04-06 18:50:12,300] {logging_mixin.py:104} INFO - [2021-04-06 18:50:12,300] {dagbag.py:448} INFO - Filling up the DagBag from /Users/garonsmith/Desktop/airflow_study/airflow-etl-explore/.venv/lib/python3.8/site-packages/airflow/example_dags/example_branch_python_dop_operator_3.py
[2021-04-06 18:50:12,306] {scheduler_job.py:639} INFO - DAG(s) dict_keys(['example_branch_dop_operator_v3']) retrieved from /Users/garonsmith/Desktop/airflow_study/airflow-etl-explore/.venv/lib/python3.8/site-packages/airflow/example_dags/example_branch_python_dop_operator_3.py
[2021-04-06 18:50:12,320] {logging_mixin.py:104} INFO - [2021-04-06 18:50:12,320] {dag.py:1818} INFO - Sync 1 DAGs
[2021-04-06 18:50:12,353] {logging_mixin.py:104} INFO - [2021-04-06 18:50:12,353] {dag.py:2273} INFO - Setting next_dagrun for example_branch_dop_operator_v3 to 2021-04-04 00:00:00+00:00
[2021-04-06 18:50:12,365] {scheduler_job.py:190} INFO - Processing /Users/garonsmith/Desktop/airflow_study/airflow-etl-explore/.venv/lib/python3.8/site-packages/airflow/example_dags/example_branch_python_dop_operator_3.py took 0.065 seconds
[2021-04-06 18:50:32,454] {scheduler_job.py:182} INFO - Started process (PID=21018) to work on /Users/garonsmith/Desktop/airflow_study/airflow-etl-explore/.venv/lib/python3.8/site-packages/airflow/example_dags/example_branch_python_dop_operator_3.py
[2021-04-06 18:50:32,454] {scheduler_job.py:629} INFO - Processing file /Users/garonsmith/Desktop/airflow_study/airflow-etl-explore/.venv/lib/python3.8/site-packages/airflow/example_dags/example_branch_python_dop_operator_3.py for tasks to queue
[2021-04-06 18:50:32,455] {logging_mixin.py:104} INFO - [2021-04-06 18:50:32,455] {dagbag.py:448} INFO - Filling up the DagBag from /Users/garonsmith/Desktop/airflow_study/airflow-etl-explore/.venv/lib/python3.8/site-packages/airflow/example_dags/example_branch_python_dop_operator_3.py
[2021-04-06 18:50:32,460] {scheduler_job.py:639} INFO - DAG(s) dict_keys(['example_branch_dop_operator_v3']) retrieved from /Users/garonsmith/Desktop/airflow_study/airflow-etl-explore/.venv/lib/python3.8/site-packages/airflow/example_dags/example_branch_python_dop_operator_3.py
[2021-04-06 18:50:32,489] {logging_mixin.py:104} INFO - [2021-04-06 18:50:32,489] {dag.py:1818} INFO - Sync 1 DAGs
[2021-04-06 18:50:32,526] {logging_mixin.py:104} INFO - [2021-04-06 18:50:32,526] {dag.py:2273} INFO - Setting next_dagrun for example_branch_dop_operator_v3 to 2021-04-04 00:00:00+00:00
[2021-04-06 18:50:32,535] {scheduler_job.py:190} INFO - Processing /Users/garonsmith/Desktop/airflow_study/airflow-etl-explore/.venv/lib/python3.8/site-packages/airflow/example_dags/example_branch_python_dop_operator_3.py took 0.081 seconds
[2021-04-06 18:50:43,889] {scheduler_job.py:182} INFO - Started process (PID=21141) to work on /Users/garonsmith/Desktop/airflow_study/airflow-etl-explore/.venv/lib/python3.8/site-packages/airflow/example_dags/example_branch_python_dop_operator_3.py
[2021-04-06 18:50:43,889] {scheduler_job.py:629} INFO - Processing file /Users/garonsmith/Desktop/airflow_study/airflow-etl-explore/.venv/lib/python3.8/site-packages/airflow/example_dags/example_branch_python_dop_operator_3.py for tasks to queue
[2021-04-06 18:50:43,890] {logging_mixin.py:104} INFO - [2021-04-06 18:50:43,890] {dagbag.py:448} INFO - Filling up the DagBag from /Users/garonsmith/Desktop/airflow_study/airflow-etl-explore/.venv/lib/python3.8/site-packages/airflow/example_dags/example_branch_python_dop_operator_3.py
[2021-04-06 18:50:43,895] {scheduler_job.py:639} INFO - DAG(s) dict_keys(['example_branch_dop_operator_v3']) retrieved from /Users/garonsmith/Desktop/airflow_study/airflow-etl-explore/.venv/lib/python3.8/site-packages/airflow/example_dags/example_branch_python_dop_operator_3.py
[2021-04-06 18:50:43,962] {logging_mixin.py:104} INFO - [2021-04-06 18:50:43,962] {dag.py:1818} INFO - Sync 1 DAGs
[2021-04-06 18:50:43,984] {logging_mixin.py:104} INFO - [2021-04-06 18:50:43,984] {dag.py:2273} INFO - Setting next_dagrun for example_branch_dop_operator_v3 to 2021-04-04 00:00:00+00:00
[2021-04-06 18:50:43,989] {scheduler_job.py:190} INFO - Processing /Users/garonsmith/Desktop/airflow_study/airflow-etl-explore/.venv/lib/python3.8/site-packages/airflow/example_dags/example_branch_python_dop_operator_3.py took 0.101 seconds
[2021-04-06 18:51:03,705] {scheduler_job.py:182} INFO - Started process (PID=21186) to work on /Users/garonsmith/Desktop/airflow_study/airflow-etl-explore/.venv/lib/python3.8/site-packages/airflow/example_dags/example_branch_python_dop_operator_3.py
[2021-04-06 18:51:03,705] {scheduler_job.py:629} INFO - Processing file /Users/garonsmith/Desktop/airflow_study/airflow-etl-explore/.venv/lib/python3.8/site-packages/airflow/example_dags/example_branch_python_dop_operator_3.py for tasks to queue
[2021-04-06 18:51:03,706] {logging_mixin.py:104} INFO - [2021-04-06 18:51:03,706] {dagbag.py:448} INFO - Filling up the DagBag from /Users/garonsmith/Desktop/airflow_study/airflow-etl-explore/.venv/lib/python3.8/site-packages/airflow/example_dags/example_branch_python_dop_operator_3.py
[2021-04-06 18:51:03,711] {scheduler_job.py:639} INFO - DAG(s) dict_keys(['example_branch_dop_operator_v3']) retrieved from /Users/garonsmith/Desktop/airflow_study/airflow-etl-explore/.venv/lib/python3.8/site-packages/airflow/example_dags/example_branch_python_dop_operator_3.py
[2021-04-06 18:51:03,766] {logging_mixin.py:104} INFO - [2021-04-06 18:51:03,766] {dag.py:1818} INFO - Sync 1 DAGs
[2021-04-06 18:51:03,785] {logging_mixin.py:104} INFO - [2021-04-06 18:51:03,785] {dag.py:2273} INFO - Setting next_dagrun for example_branch_dop_operator_v3 to 2021-04-04 00:00:00+00:00
[2021-04-06 18:51:03,792] {scheduler_job.py:190} INFO - Processing /Users/garonsmith/Desktop/airflow_study/airflow-etl-explore/.venv/lib/python3.8/site-packages/airflow/example_dags/example_branch_python_dop_operator_3.py took 0.088 seconds
[2021-04-06 18:51:15,946] {scheduler_job.py:182} INFO - Started process (PID=21309) to work on /Users/garonsmith/Desktop/airflow_study/airflow-etl-explore/.venv/lib/python3.8/site-packages/airflow/example_dags/example_branch_python_dop_operator_3.py
[2021-04-06 18:51:15,947] {scheduler_job.py:629} INFO - Processing file /Users/garonsmith/Desktop/airflow_study/airflow-etl-explore/.venv/lib/python3.8/site-packages/airflow/example_dags/example_branch_python_dop_operator_3.py for tasks to queue
[2021-04-06 18:51:15,947] {logging_mixin.py:104} INFO - [2021-04-06 18:51:15,947] {dagbag.py:448} INFO - Filling up the DagBag from /Users/garonsmith/Desktop/airflow_study/airflow-etl-explore/.venv/lib/python3.8/site-packages/airflow/example_dags/example_branch_python_dop_operator_3.py
[2021-04-06 18:51:15,953] {scheduler_job.py:639} INFO - DAG(s) dict_keys(['example_branch_dop_operator_v3']) retrieved from /Users/garonsmith/Desktop/airflow_study/airflow-etl-explore/.venv/lib/python3.8/site-packages/airflow/example_dags/example_branch_python_dop_operator_3.py
[2021-04-06 18:51:15,971] {logging_mixin.py:104} INFO - [2021-04-06 18:51:15,971] {dag.py:1818} INFO - Sync 1 DAGs
[2021-04-06 18:51:16,006] {logging_mixin.py:104} INFO - [2021-04-06 18:51:16,006] {dag.py:2273} INFO - Setting next_dagrun for example_branch_dop_operator_v3 to 2021-04-04 00:00:00+00:00
[2021-04-06 18:51:16,016] {scheduler_job.py:190} INFO - Processing /Users/garonsmith/Desktop/airflow_study/airflow-etl-explore/.venv/lib/python3.8/site-packages/airflow/example_dags/example_branch_python_dop_operator_3.py took 0.071 seconds
[2021-04-06 18:51:34,869] {scheduler_job.py:182} INFO - Started process (PID=21352) to work on /Users/garonsmith/Desktop/airflow_study/airflow-etl-explore/.venv/lib/python3.8/site-packages/airflow/example_dags/example_branch_python_dop_operator_3.py
[2021-04-06 18:51:34,869] {scheduler_job.py:629} INFO - Processing file /Users/garonsmith/Desktop/airflow_study/airflow-etl-explore/.venv/lib/python3.8/site-packages/airflow/example_dags/example_branch_python_dop_operator_3.py for tasks to queue
[2021-04-06 18:51:34,869] {logging_mixin.py:104} INFO - [2021-04-06 18:51:34,869] {dagbag.py:448} INFO - Filling up the DagBag from /Users/garonsmith/Desktop/airflow_study/airflow-etl-explore/.venv/lib/python3.8/site-packages/airflow/example_dags/example_branch_python_dop_operator_3.py
[2021-04-06 18:51:34,875] {scheduler_job.py:639} INFO - DAG(s) dict_keys(['example_branch_dop_operator_v3']) retrieved from /Users/garonsmith/Desktop/airflow_study/airflow-etl-explore/.venv/lib/python3.8/site-packages/airflow/example_dags/example_branch_python_dop_operator_3.py
[2021-04-06 18:51:34,913] {logging_mixin.py:104} INFO - [2021-04-06 18:51:34,913] {dag.py:1818} INFO - Sync 1 DAGs
[2021-04-06 18:51:34,928] {logging_mixin.py:104} INFO - [2021-04-06 18:51:34,928] {dag.py:2273} INFO - Setting next_dagrun for example_branch_dop_operator_v3 to 2021-04-04 00:00:00+00:00
[2021-04-06 18:51:34,933] {scheduler_job.py:190} INFO - Processing /Users/garonsmith/Desktop/airflow_study/airflow-etl-explore/.venv/lib/python3.8/site-packages/airflow/example_dags/example_branch_python_dop_operator_3.py took 0.065 seconds
[2021-04-06 18:51:47,359] {scheduler_job.py:182} INFO - Started process (PID=21477) to work on /Users/garonsmith/Desktop/airflow_study/airflow-etl-explore/.venv/lib/python3.8/site-packages/airflow/example_dags/example_branch_python_dop_operator_3.py
[2021-04-06 18:51:47,359] {scheduler_job.py:629} INFO - Processing file /Users/garonsmith/Desktop/airflow_study/airflow-etl-explore/.venv/lib/python3.8/site-packages/airflow/example_dags/example_branch_python_dop_operator_3.py for tasks to queue
[2021-04-06 18:51:47,359] {logging_mixin.py:104} INFO - [2021-04-06 18:51:47,359] {dagbag.py:448} INFO - Filling up the DagBag from /Users/garonsmith/Desktop/airflow_study/airflow-etl-explore/.venv/lib/python3.8/site-packages/airflow/example_dags/example_branch_python_dop_operator_3.py
[2021-04-06 18:51:47,365] {scheduler_job.py:639} INFO - DAG(s) dict_keys(['example_branch_dop_operator_v3']) retrieved from /Users/garonsmith/Desktop/airflow_study/airflow-etl-explore/.venv/lib/python3.8/site-packages/airflow/example_dags/example_branch_python_dop_operator_3.py
[2021-04-06 18:51:47,413] {logging_mixin.py:104} INFO - [2021-04-06 18:51:47,413] {dag.py:1818} INFO - Sync 1 DAGs
[2021-04-06 18:51:47,429] {logging_mixin.py:104} INFO - [2021-04-06 18:51:47,428] {dag.py:2273} INFO - Setting next_dagrun for example_branch_dop_operator_v3 to 2021-04-04 00:00:00+00:00
[2021-04-06 18:51:47,433] {scheduler_job.py:190} INFO - Processing /Users/garonsmith/Desktop/airflow_study/airflow-etl-explore/.venv/lib/python3.8/site-packages/airflow/example_dags/example_branch_python_dop_operator_3.py took 0.075 seconds
[2021-04-06 18:52:05,889] {scheduler_job.py:182} INFO - Started process (PID=21522) to work on /Users/garonsmith/Desktop/airflow_study/airflow-etl-explore/.venv/lib/python3.8/site-packages/airflow/example_dags/example_branch_python_dop_operator_3.py
[2021-04-06 18:52:05,890] {scheduler_job.py:629} INFO - Processing file /Users/garonsmith/Desktop/airflow_study/airflow-etl-explore/.venv/lib/python3.8/site-packages/airflow/example_dags/example_branch_python_dop_operator_3.py for tasks to queue
[2021-04-06 18:52:05,890] {logging_mixin.py:104} INFO - [2021-04-06 18:52:05,890] {dagbag.py:448} INFO - Filling up the DagBag from /Users/garonsmith/Desktop/airflow_study/airflow-etl-explore/.venv/lib/python3.8/site-packages/airflow/example_dags/example_branch_python_dop_operator_3.py
[2021-04-06 18:52:05,895] {scheduler_job.py:639} INFO - DAG(s) dict_keys(['example_branch_dop_operator_v3']) retrieved from /Users/garonsmith/Desktop/airflow_study/airflow-etl-explore/.venv/lib/python3.8/site-packages/airflow/example_dags/example_branch_python_dop_operator_3.py
[2021-04-06 18:52:05,967] {logging_mixin.py:104} INFO - [2021-04-06 18:52:05,967] {dag.py:1818} INFO - Sync 1 DAGs
[2021-04-06 18:52:05,986] {logging_mixin.py:104} INFO - [2021-04-06 18:52:05,986] {dag.py:2273} INFO - Setting next_dagrun for example_branch_dop_operator_v3 to 2021-04-04 00:00:00+00:00
[2021-04-06 18:52:05,992] {scheduler_job.py:190} INFO - Processing /Users/garonsmith/Desktop/airflow_study/airflow-etl-explore/.venv/lib/python3.8/site-packages/airflow/example_dags/example_branch_python_dop_operator_3.py took 0.103 seconds
[2021-04-06 18:52:36,814] {scheduler_job.py:182} INFO - Started process (PID=21617) to work on /Users/garonsmith/Desktop/airflow_study/airflow-etl-explore/.venv/lib/python3.8/site-packages/airflow/example_dags/example_branch_python_dop_operator_3.py
[2021-04-06 18:52:36,814] {scheduler_job.py:629} INFO - Processing file /Users/garonsmith/Desktop/airflow_study/airflow-etl-explore/.venv/lib/python3.8/site-packages/airflow/example_dags/example_branch_python_dop_operator_3.py for tasks to queue
[2021-04-06 18:52:36,814] {logging_mixin.py:104} INFO - [2021-04-06 18:52:36,814] {dagbag.py:448} INFO - Filling up the DagBag from /Users/garonsmith/Desktop/airflow_study/airflow-etl-explore/.venv/lib/python3.8/site-packages/airflow/example_dags/example_branch_python_dop_operator_3.py
[2021-04-06 18:52:36,822] {scheduler_job.py:639} INFO - DAG(s) dict_keys(['example_branch_dop_operator_v3']) retrieved from /Users/garonsmith/Desktop/airflow_study/airflow-etl-explore/.venv/lib/python3.8/site-packages/airflow/example_dags/example_branch_python_dop_operator_3.py
[2021-04-06 18:52:36,865] {logging_mixin.py:104} INFO - [2021-04-06 18:52:36,864] {dag.py:1818} INFO - Sync 1 DAGs
[2021-04-06 18:52:36,883] {logging_mixin.py:104} INFO - [2021-04-06 18:52:36,883] {dag.py:2273} INFO - Setting next_dagrun for example_branch_dop_operator_v3 to 2021-04-04 00:00:00+00:00
[2021-04-06 18:52:36,888] {scheduler_job.py:190} INFO - Processing /Users/garonsmith/Desktop/airflow_study/airflow-etl-explore/.venv/lib/python3.8/site-packages/airflow/example_dags/example_branch_python_dop_operator_3.py took 0.075 seconds
[2021-04-06 18:53:07,962] {scheduler_job.py:182} INFO - Started process (PID=21705) to work on /Users/garonsmith/Desktop/airflow_study/airflow-etl-explore/.venv/lib/python3.8/site-packages/airflow/example_dags/example_branch_python_dop_operator_3.py
[2021-04-06 18:53:07,962] {scheduler_job.py:629} INFO - Processing file /Users/garonsmith/Desktop/airflow_study/airflow-etl-explore/.venv/lib/python3.8/site-packages/airflow/example_dags/example_branch_python_dop_operator_3.py for tasks to queue
[2021-04-06 18:53:07,963] {logging_mixin.py:104} INFO - [2021-04-06 18:53:07,963] {dagbag.py:448} INFO - Filling up the DagBag from /Users/garonsmith/Desktop/airflow_study/airflow-etl-explore/.venv/lib/python3.8/site-packages/airflow/example_dags/example_branch_python_dop_operator_3.py
[2021-04-06 18:53:07,969] {scheduler_job.py:639} INFO - DAG(s) dict_keys(['example_branch_dop_operator_v3']) retrieved from /Users/garonsmith/Desktop/airflow_study/airflow-etl-explore/.venv/lib/python3.8/site-packages/airflow/example_dags/example_branch_python_dop_operator_3.py
[2021-04-06 18:53:08,015] {logging_mixin.py:104} INFO - [2021-04-06 18:53:08,015] {dag.py:1818} INFO - Sync 1 DAGs
[2021-04-06 18:53:08,034] {logging_mixin.py:104} INFO - [2021-04-06 18:53:08,034] {dag.py:2273} INFO - Setting next_dagrun for example_branch_dop_operator_v3 to 2021-04-04 00:00:00+00:00
[2021-04-06 18:53:08,040] {scheduler_job.py:190} INFO - Processing /Users/garonsmith/Desktop/airflow_study/airflow-etl-explore/.venv/lib/python3.8/site-packages/airflow/example_dags/example_branch_python_dop_operator_3.py took 0.078 seconds
[2021-04-06 18:53:38,827] {scheduler_job.py:182} INFO - Started process (PID=21802) to work on /Users/garonsmith/Desktop/airflow_study/airflow-etl-explore/.venv/lib/python3.8/site-packages/airflow/example_dags/example_branch_python_dop_operator_3.py
[2021-04-06 18:53:38,828] {scheduler_job.py:629} INFO - Processing file /Users/garonsmith/Desktop/airflow_study/airflow-etl-explore/.venv/lib/python3.8/site-packages/airflow/example_dags/example_branch_python_dop_operator_3.py for tasks to queue
[2021-04-06 18:53:38,828] {logging_mixin.py:104} INFO - [2021-04-06 18:53:38,828] {dagbag.py:448} INFO - Filling up the DagBag from /Users/garonsmith/Desktop/airflow_study/airflow-etl-explore/.venv/lib/python3.8/site-packages/airflow/example_dags/example_branch_python_dop_operator_3.py
[2021-04-06 18:53:38,834] {scheduler_job.py:639} INFO - DAG(s) dict_keys(['example_branch_dop_operator_v3']) retrieved from /Users/garonsmith/Desktop/airflow_study/airflow-etl-explore/.venv/lib/python3.8/site-packages/airflow/example_dags/example_branch_python_dop_operator_3.py
[2021-04-06 18:53:38,895] {logging_mixin.py:104} INFO - [2021-04-06 18:53:38,895] {dag.py:1818} INFO - Sync 1 DAGs
[2021-04-06 18:53:38,929] {logging_mixin.py:104} INFO - [2021-04-06 18:53:38,929] {dag.py:2273} INFO - Setting next_dagrun for example_branch_dop_operator_v3 to 2021-04-04 00:00:00+00:00
[2021-04-06 18:53:38,968] {scheduler_job.py:190} INFO - Processing /Users/garonsmith/Desktop/airflow_study/airflow-etl-explore/.venv/lib/python3.8/site-packages/airflow/example_dags/example_branch_python_dop_operator_3.py took 0.142 seconds
[2021-04-06 18:54:10,341] {scheduler_job.py:182} INFO - Started process (PID=21906) to work on /Users/garonsmith/Desktop/airflow_study/airflow-etl-explore/.venv/lib/python3.8/site-packages/airflow/example_dags/example_branch_python_dop_operator_3.py
[2021-04-06 18:54:10,341] {scheduler_job.py:629} INFO - Processing file /Users/garonsmith/Desktop/airflow_study/airflow-etl-explore/.venv/lib/python3.8/site-packages/airflow/example_dags/example_branch_python_dop_operator_3.py for tasks to queue
[2021-04-06 18:54:10,341] {logging_mixin.py:104} INFO - [2021-04-06 18:54:10,341] {dagbag.py:448} INFO - Filling up the DagBag from /Users/garonsmith/Desktop/airflow_study/airflow-etl-explore/.venv/lib/python3.8/site-packages/airflow/example_dags/example_branch_python_dop_operator_3.py
[2021-04-06 18:54:10,347] {scheduler_job.py:639} INFO - DAG(s) dict_keys(['example_branch_dop_operator_v3']) retrieved from /Users/garonsmith/Desktop/airflow_study/airflow-etl-explore/.venv/lib/python3.8/site-packages/airflow/example_dags/example_branch_python_dop_operator_3.py
[2021-04-06 18:54:10,393] {logging_mixin.py:104} INFO - [2021-04-06 18:54:10,393] {dag.py:1818} INFO - Sync 1 DAGs
[2021-04-06 18:54:10,408] {logging_mixin.py:104} INFO - [2021-04-06 18:54:10,408] {dag.py:2273} INFO - Setting next_dagrun for example_branch_dop_operator_v3 to 2021-04-04 00:00:00+00:00
[2021-04-06 18:54:10,421] {scheduler_job.py:190} INFO - Processing /Users/garonsmith/Desktop/airflow_study/airflow-etl-explore/.venv/lib/python3.8/site-packages/airflow/example_dags/example_branch_python_dop_operator_3.py took 0.081 seconds
