[2021-04-06 18:36:19,979] {scheduler_job.py:182} INFO - Started process (PID=17432) to work on /Users/garonsmith/Desktop/airflow_study/airflow-etl-explore/.venv/lib/python3.8/site-packages/airflow/example_dags/example_python_operator.py
[2021-04-06 18:36:19,979] {scheduler_job.py:629} INFO - Processing file /Users/garonsmith/Desktop/airflow_study/airflow-etl-explore/.venv/lib/python3.8/site-packages/airflow/example_dags/example_python_operator.py for tasks to queue
[2021-04-06 18:36:19,979] {logging_mixin.py:104} INFO - [2021-04-06 18:36:19,979] {dagbag.py:448} INFO - Filling up the DagBag from /Users/garonsmith/Desktop/airflow_study/airflow-etl-explore/.venv/lib/python3.8/site-packages/airflow/example_dags/example_python_operator.py
[2021-04-06 18:36:19,984] {scheduler_job.py:639} INFO - DAG(s) dict_keys(['example_python_operator']) retrieved from /Users/garonsmith/Desktop/airflow_study/airflow-etl-explore/.venv/lib/python3.8/site-packages/airflow/example_dags/example_python_operator.py
[2021-04-06 18:36:20,018] {logging_mixin.py:104} INFO - [2021-04-06 18:36:20,018] {dag.py:1818} INFO - Sync 1 DAGs
[2021-04-06 18:36:20,025] {logging_mixin.py:104} INFO - [2021-04-06 18:36:20,025] {dag.py:2273} INFO - Setting next_dagrun for example_python_operator to None
[2021-04-06 18:36:20,030] {scheduler_job.py:190} INFO - Processing /Users/garonsmith/Desktop/airflow_study/airflow-etl-explore/.venv/lib/python3.8/site-packages/airflow/example_dags/example_python_operator.py took 0.052 seconds
[2021-04-06 18:36:51,386] {scheduler_job.py:182} INFO - Started process (PID=17518) to work on /Users/garonsmith/Desktop/airflow_study/airflow-etl-explore/.venv/lib/python3.8/site-packages/airflow/example_dags/example_python_operator.py
[2021-04-06 18:36:51,387] {scheduler_job.py:629} INFO - Processing file /Users/garonsmith/Desktop/airflow_study/airflow-etl-explore/.venv/lib/python3.8/site-packages/airflow/example_dags/example_python_operator.py for tasks to queue
[2021-04-06 18:36:51,387] {logging_mixin.py:104} INFO - [2021-04-06 18:36:51,387] {dagbag.py:448} INFO - Filling up the DagBag from /Users/garonsmith/Desktop/airflow_study/airflow-etl-explore/.venv/lib/python3.8/site-packages/airflow/example_dags/example_python_operator.py
[2021-04-06 18:36:51,394] {scheduler_job.py:639} INFO - DAG(s) dict_keys(['example_python_operator']) retrieved from /Users/garonsmith/Desktop/airflow_study/airflow-etl-explore/.venv/lib/python3.8/site-packages/airflow/example_dags/example_python_operator.py
[2021-04-06 18:36:51,430] {logging_mixin.py:104} INFO - [2021-04-06 18:36:51,430] {dag.py:1818} INFO - Sync 1 DAGs
[2021-04-06 18:36:51,436] {logging_mixin.py:104} INFO - [2021-04-06 18:36:51,436] {dag.py:2273} INFO - Setting next_dagrun for example_python_operator to None
[2021-04-06 18:36:51,442] {scheduler_job.py:190} INFO - Processing /Users/garonsmith/Desktop/airflow_study/airflow-etl-explore/.venv/lib/python3.8/site-packages/airflow/example_dags/example_python_operator.py took 0.057 seconds
[2021-04-06 18:37:22,075] {scheduler_job.py:182} INFO - Started process (PID=18415) to work on /Users/garonsmith/Desktop/airflow_study/airflow-etl-explore/.venv/lib/python3.8/site-packages/airflow/example_dags/example_python_operator.py
[2021-04-06 18:37:22,076] {scheduler_job.py:629} INFO - Processing file /Users/garonsmith/Desktop/airflow_study/airflow-etl-explore/.venv/lib/python3.8/site-packages/airflow/example_dags/example_python_operator.py for tasks to queue
[2021-04-06 18:37:22,076] {logging_mixin.py:104} INFO - [2021-04-06 18:37:22,076] {dagbag.py:448} INFO - Filling up the DagBag from /Users/garonsmith/Desktop/airflow_study/airflow-etl-explore/.venv/lib/python3.8/site-packages/airflow/example_dags/example_python_operator.py
[2021-04-06 18:37:22,081] {scheduler_job.py:639} INFO - DAG(s) dict_keys(['example_python_operator']) retrieved from /Users/garonsmith/Desktop/airflow_study/airflow-etl-explore/.venv/lib/python3.8/site-packages/airflow/example_dags/example_python_operator.py
[2021-04-06 18:37:22,112] {logging_mixin.py:104} INFO - [2021-04-06 18:37:22,111] {dag.py:1818} INFO - Sync 1 DAGs
[2021-04-06 18:37:22,118] {logging_mixin.py:104} INFO - [2021-04-06 18:37:22,118] {dag.py:2273} INFO - Setting next_dagrun for example_python_operator to None
[2021-04-06 18:37:22,123] {scheduler_job.py:190} INFO - Processing /Users/garonsmith/Desktop/airflow_study/airflow-etl-explore/.venv/lib/python3.8/site-packages/airflow/example_dags/example_python_operator.py took 0.049 seconds
[2021-04-06 18:37:52,940] {scheduler_job.py:182} INFO - Started process (PID=18493) to work on /Users/garonsmith/Desktop/airflow_study/airflow-etl-explore/.venv/lib/python3.8/site-packages/airflow/example_dags/example_python_operator.py
[2021-04-06 18:37:52,940] {scheduler_job.py:629} INFO - Processing file /Users/garonsmith/Desktop/airflow_study/airflow-etl-explore/.venv/lib/python3.8/site-packages/airflow/example_dags/example_python_operator.py for tasks to queue
[2021-04-06 18:37:52,940] {logging_mixin.py:104} INFO - [2021-04-06 18:37:52,940] {dagbag.py:448} INFO - Filling up the DagBag from /Users/garonsmith/Desktop/airflow_study/airflow-etl-explore/.venv/lib/python3.8/site-packages/airflow/example_dags/example_python_operator.py
[2021-04-06 18:37:52,945] {scheduler_job.py:639} INFO - DAG(s) dict_keys(['example_python_operator']) retrieved from /Users/garonsmith/Desktop/airflow_study/airflow-etl-explore/.venv/lib/python3.8/site-packages/airflow/example_dags/example_python_operator.py
[2021-04-06 18:37:52,979] {logging_mixin.py:104} INFO - [2021-04-06 18:37:52,979] {dag.py:1818} INFO - Sync 1 DAGs
[2021-04-06 18:37:52,986] {logging_mixin.py:104} INFO - [2021-04-06 18:37:52,986] {dag.py:2273} INFO - Setting next_dagrun for example_python_operator to None
[2021-04-06 18:37:52,991] {scheduler_job.py:190} INFO - Processing /Users/garonsmith/Desktop/airflow_study/airflow-etl-explore/.venv/lib/python3.8/site-packages/airflow/example_dags/example_python_operator.py took 0.053 seconds
[2021-04-06 18:38:24,114] {scheduler_job.py:182} INFO - Started process (PID=18582) to work on /Users/garonsmith/Desktop/airflow_study/airflow-etl-explore/.venv/lib/python3.8/site-packages/airflow/example_dags/example_python_operator.py
[2021-04-06 18:38:24,114] {scheduler_job.py:629} INFO - Processing file /Users/garonsmith/Desktop/airflow_study/airflow-etl-explore/.venv/lib/python3.8/site-packages/airflow/example_dags/example_python_operator.py for tasks to queue
[2021-04-06 18:38:24,114] {logging_mixin.py:104} INFO - [2021-04-06 18:38:24,114] {dagbag.py:448} INFO - Filling up the DagBag from /Users/garonsmith/Desktop/airflow_study/airflow-etl-explore/.venv/lib/python3.8/site-packages/airflow/example_dags/example_python_operator.py
[2021-04-06 18:38:24,119] {scheduler_job.py:639} INFO - DAG(s) dict_keys(['example_python_operator']) retrieved from /Users/garonsmith/Desktop/airflow_study/airflow-etl-explore/.venv/lib/python3.8/site-packages/airflow/example_dags/example_python_operator.py
[2021-04-06 18:38:24,159] {logging_mixin.py:104} INFO - [2021-04-06 18:38:24,159] {dag.py:1818} INFO - Sync 1 DAGs
[2021-04-06 18:38:24,166] {logging_mixin.py:104} INFO - [2021-04-06 18:38:24,166] {dag.py:2273} INFO - Setting next_dagrun for example_python_operator to None
[2021-04-06 18:38:24,172] {scheduler_job.py:190} INFO - Processing /Users/garonsmith/Desktop/airflow_study/airflow-etl-explore/.venv/lib/python3.8/site-packages/airflow/example_dags/example_python_operator.py took 0.059 seconds
[2021-04-06 18:38:55,026] {scheduler_job.py:182} INFO - Started process (PID=18675) to work on /Users/garonsmith/Desktop/airflow_study/airflow-etl-explore/.venv/lib/python3.8/site-packages/airflow/example_dags/example_python_operator.py
[2021-04-06 18:38:55,027] {scheduler_job.py:629} INFO - Processing file /Users/garonsmith/Desktop/airflow_study/airflow-etl-explore/.venv/lib/python3.8/site-packages/airflow/example_dags/example_python_operator.py for tasks to queue
[2021-04-06 18:38:55,027] {logging_mixin.py:104} INFO - [2021-04-06 18:38:55,027] {dagbag.py:448} INFO - Filling up the DagBag from /Users/garonsmith/Desktop/airflow_study/airflow-etl-explore/.venv/lib/python3.8/site-packages/airflow/example_dags/example_python_operator.py
[2021-04-06 18:38:55,032] {scheduler_job.py:639} INFO - DAG(s) dict_keys(['example_python_operator']) retrieved from /Users/garonsmith/Desktop/airflow_study/airflow-etl-explore/.venv/lib/python3.8/site-packages/airflow/example_dags/example_python_operator.py
[2021-04-06 18:38:55,063] {logging_mixin.py:104} INFO - [2021-04-06 18:38:55,063] {dag.py:1818} INFO - Sync 1 DAGs
[2021-04-06 18:38:55,069] {logging_mixin.py:104} INFO - [2021-04-06 18:38:55,069] {dag.py:2273} INFO - Setting next_dagrun for example_python_operator to None
[2021-04-06 18:38:55,074] {scheduler_job.py:190} INFO - Processing /Users/garonsmith/Desktop/airflow_study/airflow-etl-explore/.venv/lib/python3.8/site-packages/airflow/example_dags/example_python_operator.py took 0.048 seconds
[2021-04-06 18:39:25,992] {scheduler_job.py:182} INFO - Started process (PID=18771) to work on /Users/garonsmith/Desktop/airflow_study/airflow-etl-explore/.venv/lib/python3.8/site-packages/airflow/example_dags/example_python_operator.py
[2021-04-06 18:39:25,992] {scheduler_job.py:629} INFO - Processing file /Users/garonsmith/Desktop/airflow_study/airflow-etl-explore/.venv/lib/python3.8/site-packages/airflow/example_dags/example_python_operator.py for tasks to queue
[2021-04-06 18:39:25,992] {logging_mixin.py:104} INFO - [2021-04-06 18:39:25,992] {dagbag.py:448} INFO - Filling up the DagBag from /Users/garonsmith/Desktop/airflow_study/airflow-etl-explore/.venv/lib/python3.8/site-packages/airflow/example_dags/example_python_operator.py
[2021-04-06 18:39:25,998] {scheduler_job.py:639} INFO - DAG(s) dict_keys(['example_python_operator']) retrieved from /Users/garonsmith/Desktop/airflow_study/airflow-etl-explore/.venv/lib/python3.8/site-packages/airflow/example_dags/example_python_operator.py
[2021-04-06 18:39:26,068] {logging_mixin.py:104} INFO - [2021-04-06 18:39:26,068] {dag.py:1818} INFO - Sync 1 DAGs
[2021-04-06 18:39:26,075] {logging_mixin.py:104} INFO - [2021-04-06 18:39:26,075] {dag.py:2273} INFO - Setting next_dagrun for example_python_operator to None
[2021-04-06 18:39:26,082] {scheduler_job.py:190} INFO - Processing /Users/garonsmith/Desktop/airflow_study/airflow-etl-explore/.venv/lib/python3.8/site-packages/airflow/example_dags/example_python_operator.py took 0.091 seconds
[2021-04-06 18:39:57,368] {scheduler_job.py:182} INFO - Started process (PID=18884) to work on /Users/garonsmith/Desktop/airflow_study/airflow-etl-explore/.venv/lib/python3.8/site-packages/airflow/example_dags/example_python_operator.py
[2021-04-06 18:39:57,369] {scheduler_job.py:629} INFO - Processing file /Users/garonsmith/Desktop/airflow_study/airflow-etl-explore/.venv/lib/python3.8/site-packages/airflow/example_dags/example_python_operator.py for tasks to queue
[2021-04-06 18:39:57,369] {logging_mixin.py:104} INFO - [2021-04-06 18:39:57,369] {dagbag.py:448} INFO - Filling up the DagBag from /Users/garonsmith/Desktop/airflow_study/airflow-etl-explore/.venv/lib/python3.8/site-packages/airflow/example_dags/example_python_operator.py
[2021-04-06 18:39:57,377] {scheduler_job.py:639} INFO - DAG(s) dict_keys(['example_python_operator']) retrieved from /Users/garonsmith/Desktop/airflow_study/airflow-etl-explore/.venv/lib/python3.8/site-packages/airflow/example_dags/example_python_operator.py
[2021-04-06 18:39:57,424] {logging_mixin.py:104} INFO - [2021-04-06 18:39:57,423] {dag.py:1818} INFO - Sync 1 DAGs
[2021-04-06 18:39:57,434] {logging_mixin.py:104} INFO - [2021-04-06 18:39:57,433] {dag.py:2273} INFO - Setting next_dagrun for example_python_operator to None
[2021-04-06 18:39:57,467] {scheduler_job.py:190} INFO - Processing /Users/garonsmith/Desktop/airflow_study/airflow-etl-explore/.venv/lib/python3.8/site-packages/airflow/example_dags/example_python_operator.py took 0.100 seconds
[2021-04-06 18:40:28,315] {scheduler_job.py:182} INFO - Started process (PID=18980) to work on /Users/garonsmith/Desktop/airflow_study/airflow-etl-explore/.venv/lib/python3.8/site-packages/airflow/example_dags/example_python_operator.py
[2021-04-06 18:40:28,315] {scheduler_job.py:629} INFO - Processing file /Users/garonsmith/Desktop/airflow_study/airflow-etl-explore/.venv/lib/python3.8/site-packages/airflow/example_dags/example_python_operator.py for tasks to queue
[2021-04-06 18:40:28,315] {logging_mixin.py:104} INFO - [2021-04-06 18:40:28,315] {dagbag.py:448} INFO - Filling up the DagBag from /Users/garonsmith/Desktop/airflow_study/airflow-etl-explore/.venv/lib/python3.8/site-packages/airflow/example_dags/example_python_operator.py
[2021-04-06 18:40:28,320] {scheduler_job.py:639} INFO - DAG(s) dict_keys(['example_python_operator']) retrieved from /Users/garonsmith/Desktop/airflow_study/airflow-etl-explore/.venv/lib/python3.8/site-packages/airflow/example_dags/example_python_operator.py
[2021-04-06 18:40:28,352] {logging_mixin.py:104} INFO - [2021-04-06 18:40:28,352] {dag.py:1818} INFO - Sync 1 DAGs
[2021-04-06 18:40:28,357] {logging_mixin.py:104} INFO - [2021-04-06 18:40:28,357] {dag.py:2273} INFO - Setting next_dagrun for example_python_operator to None
[2021-04-06 18:40:28,362] {scheduler_job.py:190} INFO - Processing /Users/garonsmith/Desktop/airflow_study/airflow-etl-explore/.venv/lib/python3.8/site-packages/airflow/example_dags/example_python_operator.py took 0.048 seconds
[2021-04-06 18:40:59,407] {scheduler_job.py:182} INFO - Started process (PID=19059) to work on /Users/garonsmith/Desktop/airflow_study/airflow-etl-explore/.venv/lib/python3.8/site-packages/airflow/example_dags/example_python_operator.py
[2021-04-06 18:40:59,408] {scheduler_job.py:629} INFO - Processing file /Users/garonsmith/Desktop/airflow_study/airflow-etl-explore/.venv/lib/python3.8/site-packages/airflow/example_dags/example_python_operator.py for tasks to queue
[2021-04-06 18:40:59,408] {logging_mixin.py:104} INFO - [2021-04-06 18:40:59,408] {dagbag.py:448} INFO - Filling up the DagBag from /Users/garonsmith/Desktop/airflow_study/airflow-etl-explore/.venv/lib/python3.8/site-packages/airflow/example_dags/example_python_operator.py
[2021-04-06 18:40:59,413] {scheduler_job.py:639} INFO - DAG(s) dict_keys(['example_python_operator']) retrieved from /Users/garonsmith/Desktop/airflow_study/airflow-etl-explore/.venv/lib/python3.8/site-packages/airflow/example_dags/example_python_operator.py
[2021-04-06 18:40:59,450] {logging_mixin.py:104} INFO - [2021-04-06 18:40:59,450] {dag.py:1818} INFO - Sync 1 DAGs
[2021-04-06 18:40:59,456] {logging_mixin.py:104} INFO - [2021-04-06 18:40:59,456] {dag.py:2273} INFO - Setting next_dagrun for example_python_operator to None
[2021-04-06 18:40:59,461] {scheduler_job.py:190} INFO - Processing /Users/garonsmith/Desktop/airflow_study/airflow-etl-explore/.venv/lib/python3.8/site-packages/airflow/example_dags/example_python_operator.py took 0.054 seconds
[2021-04-06 18:41:30,695] {scheduler_job.py:182} INFO - Started process (PID=19152) to work on /Users/garonsmith/Desktop/airflow_study/airflow-etl-explore/.venv/lib/python3.8/site-packages/airflow/example_dags/example_python_operator.py
[2021-04-06 18:41:30,695] {scheduler_job.py:629} INFO - Processing file /Users/garonsmith/Desktop/airflow_study/airflow-etl-explore/.venv/lib/python3.8/site-packages/airflow/example_dags/example_python_operator.py for tasks to queue
[2021-04-06 18:41:30,696] {logging_mixin.py:104} INFO - [2021-04-06 18:41:30,696] {dagbag.py:448} INFO - Filling up the DagBag from /Users/garonsmith/Desktop/airflow_study/airflow-etl-explore/.venv/lib/python3.8/site-packages/airflow/example_dags/example_python_operator.py
[2021-04-06 18:41:30,702] {scheduler_job.py:639} INFO - DAG(s) dict_keys(['example_python_operator']) retrieved from /Users/garonsmith/Desktop/airflow_study/airflow-etl-explore/.venv/lib/python3.8/site-packages/airflow/example_dags/example_python_operator.py
[2021-04-06 18:41:30,751] {logging_mixin.py:104} INFO - [2021-04-06 18:41:30,751] {dag.py:1818} INFO - Sync 1 DAGs
[2021-04-06 18:41:30,759] {logging_mixin.py:104} INFO - [2021-04-06 18:41:30,759] {dag.py:2273} INFO - Setting next_dagrun for example_python_operator to None
[2021-04-06 18:41:30,766] {scheduler_job.py:190} INFO - Processing /Users/garonsmith/Desktop/airflow_study/airflow-etl-explore/.venv/lib/python3.8/site-packages/airflow/example_dags/example_python_operator.py took 0.072 seconds
[2021-04-06 18:42:01,627] {scheduler_job.py:182} INFO - Started process (PID=19255) to work on /Users/garonsmith/Desktop/airflow_study/airflow-etl-explore/.venv/lib/python3.8/site-packages/airflow/example_dags/example_python_operator.py
[2021-04-06 18:42:01,627] {scheduler_job.py:629} INFO - Processing file /Users/garonsmith/Desktop/airflow_study/airflow-etl-explore/.venv/lib/python3.8/site-packages/airflow/example_dags/example_python_operator.py for tasks to queue
[2021-04-06 18:42:01,628] {logging_mixin.py:104} INFO - [2021-04-06 18:42:01,628] {dagbag.py:448} INFO - Filling up the DagBag from /Users/garonsmith/Desktop/airflow_study/airflow-etl-explore/.venv/lib/python3.8/site-packages/airflow/example_dags/example_python_operator.py
[2021-04-06 18:42:01,633] {scheduler_job.py:639} INFO - DAG(s) dict_keys(['example_python_operator']) retrieved from /Users/garonsmith/Desktop/airflow_study/airflow-etl-explore/.venv/lib/python3.8/site-packages/airflow/example_dags/example_python_operator.py
[2021-04-06 18:42:01,682] {logging_mixin.py:104} INFO - [2021-04-06 18:42:01,682] {dag.py:1818} INFO - Sync 1 DAGs
[2021-04-06 18:42:01,704] {logging_mixin.py:104} INFO - [2021-04-06 18:42:01,704] {dag.py:2273} INFO - Setting next_dagrun for example_python_operator to None
[2021-04-06 18:42:01,710] {scheduler_job.py:190} INFO - Processing /Users/garonsmith/Desktop/airflow_study/airflow-etl-explore/.venv/lib/python3.8/site-packages/airflow/example_dags/example_python_operator.py took 0.084 seconds
[2021-04-06 18:42:32,467] {scheduler_job.py:182} INFO - Started process (PID=19346) to work on /Users/garonsmith/Desktop/airflow_study/airflow-etl-explore/.venv/lib/python3.8/site-packages/airflow/example_dags/example_python_operator.py
[2021-04-06 18:42:32,467] {scheduler_job.py:629} INFO - Processing file /Users/garonsmith/Desktop/airflow_study/airflow-etl-explore/.venv/lib/python3.8/site-packages/airflow/example_dags/example_python_operator.py for tasks to queue
[2021-04-06 18:42:32,467] {logging_mixin.py:104} INFO - [2021-04-06 18:42:32,467] {dagbag.py:448} INFO - Filling up the DagBag from /Users/garonsmith/Desktop/airflow_study/airflow-etl-explore/.venv/lib/python3.8/site-packages/airflow/example_dags/example_python_operator.py
[2021-04-06 18:42:32,473] {scheduler_job.py:639} INFO - DAG(s) dict_keys(['example_python_operator']) retrieved from /Users/garonsmith/Desktop/airflow_study/airflow-etl-explore/.venv/lib/python3.8/site-packages/airflow/example_dags/example_python_operator.py
[2021-04-06 18:42:32,522] {logging_mixin.py:104} INFO - [2021-04-06 18:42:32,522] {dag.py:1818} INFO - Sync 1 DAGs
[2021-04-06 18:42:32,528] {logging_mixin.py:104} INFO - [2021-04-06 18:42:32,528] {dag.py:2273} INFO - Setting next_dagrun for example_python_operator to None
[2021-04-06 18:42:32,551] {scheduler_job.py:190} INFO - Processing /Users/garonsmith/Desktop/airflow_study/airflow-etl-explore/.venv/lib/python3.8/site-packages/airflow/example_dags/example_python_operator.py took 0.084 seconds
[2021-04-06 18:43:03,864] {scheduler_job.py:182} INFO - Started process (PID=19434) to work on /Users/garonsmith/Desktop/airflow_study/airflow-etl-explore/.venv/lib/python3.8/site-packages/airflow/example_dags/example_python_operator.py
[2021-04-06 18:43:03,865] {scheduler_job.py:629} INFO - Processing file /Users/garonsmith/Desktop/airflow_study/airflow-etl-explore/.venv/lib/python3.8/site-packages/airflow/example_dags/example_python_operator.py for tasks to queue
[2021-04-06 18:43:03,865] {logging_mixin.py:104} INFO - [2021-04-06 18:43:03,865] {dagbag.py:448} INFO - Filling up the DagBag from /Users/garonsmith/Desktop/airflow_study/airflow-etl-explore/.venv/lib/python3.8/site-packages/airflow/example_dags/example_python_operator.py
[2021-04-06 18:43:03,870] {scheduler_job.py:639} INFO - DAG(s) dict_keys(['example_python_operator']) retrieved from /Users/garonsmith/Desktop/airflow_study/airflow-etl-explore/.venv/lib/python3.8/site-packages/airflow/example_dags/example_python_operator.py
[2021-04-06 18:43:03,905] {logging_mixin.py:104} INFO - [2021-04-06 18:43:03,905] {dag.py:1818} INFO - Sync 1 DAGs
[2021-04-06 18:43:03,912] {logging_mixin.py:104} INFO - [2021-04-06 18:43:03,912] {dag.py:2273} INFO - Setting next_dagrun for example_python_operator to None
[2021-04-06 18:43:03,918] {scheduler_job.py:190} INFO - Processing /Users/garonsmith/Desktop/airflow_study/airflow-etl-explore/.venv/lib/python3.8/site-packages/airflow/example_dags/example_python_operator.py took 0.054 seconds
[2021-04-06 18:43:34,665] {scheduler_job.py:182} INFO - Started process (PID=19548) to work on /Users/garonsmith/Desktop/airflow_study/airflow-etl-explore/.venv/lib/python3.8/site-packages/airflow/example_dags/example_python_operator.py
[2021-04-06 18:43:34,666] {scheduler_job.py:629} INFO - Processing file /Users/garonsmith/Desktop/airflow_study/airflow-etl-explore/.venv/lib/python3.8/site-packages/airflow/example_dags/example_python_operator.py for tasks to queue
[2021-04-06 18:43:34,666] {logging_mixin.py:104} INFO - [2021-04-06 18:43:34,666] {dagbag.py:448} INFO - Filling up the DagBag from /Users/garonsmith/Desktop/airflow_study/airflow-etl-explore/.venv/lib/python3.8/site-packages/airflow/example_dags/example_python_operator.py
[2021-04-06 18:43:34,671] {scheduler_job.py:639} INFO - DAG(s) dict_keys(['example_python_operator']) retrieved from /Users/garonsmith/Desktop/airflow_study/airflow-etl-explore/.venv/lib/python3.8/site-packages/airflow/example_dags/example_python_operator.py
[2021-04-06 18:43:34,725] {logging_mixin.py:104} INFO - [2021-04-06 18:43:34,725] {dag.py:1818} INFO - Sync 1 DAGs
[2021-04-06 18:43:34,731] {logging_mixin.py:104} INFO - [2021-04-06 18:43:34,731] {dag.py:2273} INFO - Setting next_dagrun for example_python_operator to None
[2021-04-06 18:43:34,754] {scheduler_job.py:190} INFO - Processing /Users/garonsmith/Desktop/airflow_study/airflow-etl-explore/.venv/lib/python3.8/site-packages/airflow/example_dags/example_python_operator.py took 0.089 seconds
[2021-04-06 18:43:54,793] {scheduler_job.py:182} INFO - Started process (PID=19672) to work on /Users/garonsmith/Desktop/airflow_study/airflow-etl-explore/.venv/lib/python3.8/site-packages/airflow/example_dags/example_python_operator.py
[2021-04-06 18:43:54,793] {scheduler_job.py:629} INFO - Processing file /Users/garonsmith/Desktop/airflow_study/airflow-etl-explore/.venv/lib/python3.8/site-packages/airflow/example_dags/example_python_operator.py for tasks to queue
[2021-04-06 18:43:54,794] {logging_mixin.py:104} INFO - [2021-04-06 18:43:54,794] {dagbag.py:448} INFO - Filling up the DagBag from /Users/garonsmith/Desktop/airflow_study/airflow-etl-explore/.venv/lib/python3.8/site-packages/airflow/example_dags/example_python_operator.py
[2021-04-06 18:43:54,798] {scheduler_job.py:639} INFO - DAG(s) dict_keys(['example_python_operator']) retrieved from /Users/garonsmith/Desktop/airflow_study/airflow-etl-explore/.venv/lib/python3.8/site-packages/airflow/example_dags/example_python_operator.py
[2021-04-06 18:43:54,812] {logging_mixin.py:104} INFO - [2021-04-06 18:43:54,812] {dag.py:1818} INFO - Sync 1 DAGs
[2021-04-06 18:43:54,833] {logging_mixin.py:104} INFO - [2021-04-06 18:43:54,833] {dag.py:2273} INFO - Setting next_dagrun for example_python_operator to None
[2021-04-06 18:43:54,854] {scheduler_job.py:190} INFO - Processing /Users/garonsmith/Desktop/airflow_study/airflow-etl-explore/.venv/lib/python3.8/site-packages/airflow/example_dags/example_python_operator.py took 0.061 seconds
[2021-04-06 18:44:25,982] {scheduler_job.py:182} INFO - Started process (PID=19762) to work on /Users/garonsmith/Desktop/airflow_study/airflow-etl-explore/.venv/lib/python3.8/site-packages/airflow/example_dags/example_python_operator.py
[2021-04-06 18:44:25,982] {scheduler_job.py:629} INFO - Processing file /Users/garonsmith/Desktop/airflow_study/airflow-etl-explore/.venv/lib/python3.8/site-packages/airflow/example_dags/example_python_operator.py for tasks to queue
[2021-04-06 18:44:25,982] {logging_mixin.py:104} INFO - [2021-04-06 18:44:25,982] {dagbag.py:448} INFO - Filling up the DagBag from /Users/garonsmith/Desktop/airflow_study/airflow-etl-explore/.venv/lib/python3.8/site-packages/airflow/example_dags/example_python_operator.py
[2021-04-06 18:44:25,987] {scheduler_job.py:639} INFO - DAG(s) dict_keys(['example_python_operator']) retrieved from /Users/garonsmith/Desktop/airflow_study/airflow-etl-explore/.venv/lib/python3.8/site-packages/airflow/example_dags/example_python_operator.py
[2021-04-06 18:44:26,055] {logging_mixin.py:104} INFO - [2021-04-06 18:44:26,055] {dag.py:1818} INFO - Sync 1 DAGs
[2021-04-06 18:44:26,062] {logging_mixin.py:104} INFO - [2021-04-06 18:44:26,062] {dag.py:2273} INFO - Setting next_dagrun for example_python_operator to None
[2021-04-06 18:44:26,072] {scheduler_job.py:190} INFO - Processing /Users/garonsmith/Desktop/airflow_study/airflow-etl-explore/.venv/lib/python3.8/site-packages/airflow/example_dags/example_python_operator.py took 0.091 seconds
[2021-04-06 18:44:56,677] {scheduler_job.py:182} INFO - Started process (PID=19848) to work on /Users/garonsmith/Desktop/airflow_study/airflow-etl-explore/.venv/lib/python3.8/site-packages/airflow/example_dags/example_python_operator.py
[2021-04-06 18:44:56,677] {scheduler_job.py:629} INFO - Processing file /Users/garonsmith/Desktop/airflow_study/airflow-etl-explore/.venv/lib/python3.8/site-packages/airflow/example_dags/example_python_operator.py for tasks to queue
[2021-04-06 18:44:56,677] {logging_mixin.py:104} INFO - [2021-04-06 18:44:56,677] {dagbag.py:448} INFO - Filling up the DagBag from /Users/garonsmith/Desktop/airflow_study/airflow-etl-explore/.venv/lib/python3.8/site-packages/airflow/example_dags/example_python_operator.py
[2021-04-06 18:44:56,682] {scheduler_job.py:639} INFO - DAG(s) dict_keys(['example_python_operator']) retrieved from /Users/garonsmith/Desktop/airflow_study/airflow-etl-explore/.venv/lib/python3.8/site-packages/airflow/example_dags/example_python_operator.py
[2021-04-06 18:44:56,757] {logging_mixin.py:104} INFO - [2021-04-06 18:44:56,757] {dag.py:1818} INFO - Sync 1 DAGs
[2021-04-06 18:44:56,765] {logging_mixin.py:104} INFO - [2021-04-06 18:44:56,765] {dag.py:2273} INFO - Setting next_dagrun for example_python_operator to None
[2021-04-06 18:44:56,776] {scheduler_job.py:190} INFO - Processing /Users/garonsmith/Desktop/airflow_study/airflow-etl-explore/.venv/lib/python3.8/site-packages/airflow/example_dags/example_python_operator.py took 0.100 seconds
[2021-04-06 18:45:27,697] {scheduler_job.py:182} INFO - Started process (PID=19935) to work on /Users/garonsmith/Desktop/airflow_study/airflow-etl-explore/.venv/lib/python3.8/site-packages/airflow/example_dags/example_python_operator.py
[2021-04-06 18:45:27,697] {scheduler_job.py:629} INFO - Processing file /Users/garonsmith/Desktop/airflow_study/airflow-etl-explore/.venv/lib/python3.8/site-packages/airflow/example_dags/example_python_operator.py for tasks to queue
[2021-04-06 18:45:27,697] {logging_mixin.py:104} INFO - [2021-04-06 18:45:27,697] {dagbag.py:448} INFO - Filling up the DagBag from /Users/garonsmith/Desktop/airflow_study/airflow-etl-explore/.venv/lib/python3.8/site-packages/airflow/example_dags/example_python_operator.py
[2021-04-06 18:45:27,703] {scheduler_job.py:639} INFO - DAG(s) dict_keys(['example_python_operator']) retrieved from /Users/garonsmith/Desktop/airflow_study/airflow-etl-explore/.venv/lib/python3.8/site-packages/airflow/example_dags/example_python_operator.py
[2021-04-06 18:45:27,755] {logging_mixin.py:104} INFO - [2021-04-06 18:45:27,755] {dag.py:1818} INFO - Sync 1 DAGs
[2021-04-06 18:45:27,764] {logging_mixin.py:104} INFO - [2021-04-06 18:45:27,764] {dag.py:2273} INFO - Setting next_dagrun for example_python_operator to None
[2021-04-06 18:45:27,771] {scheduler_job.py:190} INFO - Processing /Users/garonsmith/Desktop/airflow_study/airflow-etl-explore/.venv/lib/python3.8/site-packages/airflow/example_dags/example_python_operator.py took 0.075 seconds
[2021-04-06 18:45:58,734] {scheduler_job.py:182} INFO - Started process (PID=20025) to work on /Users/garonsmith/Desktop/airflow_study/airflow-etl-explore/.venv/lib/python3.8/site-packages/airflow/example_dags/example_python_operator.py
[2021-04-06 18:45:58,734] {scheduler_job.py:629} INFO - Processing file /Users/garonsmith/Desktop/airflow_study/airflow-etl-explore/.venv/lib/python3.8/site-packages/airflow/example_dags/example_python_operator.py for tasks to queue
[2021-04-06 18:45:58,735] {logging_mixin.py:104} INFO - [2021-04-06 18:45:58,735] {dagbag.py:448} INFO - Filling up the DagBag from /Users/garonsmith/Desktop/airflow_study/airflow-etl-explore/.venv/lib/python3.8/site-packages/airflow/example_dags/example_python_operator.py
[2021-04-06 18:45:58,741] {scheduler_job.py:639} INFO - DAG(s) dict_keys(['example_python_operator']) retrieved from /Users/garonsmith/Desktop/airflow_study/airflow-etl-explore/.venv/lib/python3.8/site-packages/airflow/example_dags/example_python_operator.py
[2021-04-06 18:45:58,786] {logging_mixin.py:104} INFO - [2021-04-06 18:45:58,786] {dag.py:1818} INFO - Sync 1 DAGs
[2021-04-06 18:45:58,810] {logging_mixin.py:104} INFO - [2021-04-06 18:45:58,810] {dag.py:2273} INFO - Setting next_dagrun for example_python_operator to None
[2021-04-06 18:45:58,816] {scheduler_job.py:190} INFO - Processing /Users/garonsmith/Desktop/airflow_study/airflow-etl-explore/.venv/lib/python3.8/site-packages/airflow/example_dags/example_python_operator.py took 0.082 seconds
[2021-04-06 18:46:29,437] {scheduler_job.py:182} INFO - Started process (PID=20116) to work on /Users/garonsmith/Desktop/airflow_study/airflow-etl-explore/.venv/lib/python3.8/site-packages/airflow/example_dags/example_python_operator.py
[2021-04-06 18:46:29,438] {scheduler_job.py:629} INFO - Processing file /Users/garonsmith/Desktop/airflow_study/airflow-etl-explore/.venv/lib/python3.8/site-packages/airflow/example_dags/example_python_operator.py for tasks to queue
[2021-04-06 18:46:29,438] {logging_mixin.py:104} INFO - [2021-04-06 18:46:29,438] {dagbag.py:448} INFO - Filling up the DagBag from /Users/garonsmith/Desktop/airflow_study/airflow-etl-explore/.venv/lib/python3.8/site-packages/airflow/example_dags/example_python_operator.py
[2021-04-06 18:46:29,443] {scheduler_job.py:639} INFO - DAG(s) dict_keys(['example_python_operator']) retrieved from /Users/garonsmith/Desktop/airflow_study/airflow-etl-explore/.venv/lib/python3.8/site-packages/airflow/example_dags/example_python_operator.py
[2021-04-06 18:46:29,485] {logging_mixin.py:104} INFO - [2021-04-06 18:46:29,485] {dag.py:1818} INFO - Sync 1 DAGs
[2021-04-06 18:46:29,507] {logging_mixin.py:104} INFO - [2021-04-06 18:46:29,507] {dag.py:2273} INFO - Setting next_dagrun for example_python_operator to None
[2021-04-06 18:46:29,513] {scheduler_job.py:190} INFO - Processing /Users/garonsmith/Desktop/airflow_study/airflow-etl-explore/.venv/lib/python3.8/site-packages/airflow/example_dags/example_python_operator.py took 0.076 seconds
[2021-04-06 18:47:00,803] {scheduler_job.py:182} INFO - Started process (PID=20202) to work on /Users/garonsmith/Desktop/airflow_study/airflow-etl-explore/.venv/lib/python3.8/site-packages/airflow/example_dags/example_python_operator.py
[2021-04-06 18:47:00,803] {scheduler_job.py:629} INFO - Processing file /Users/garonsmith/Desktop/airflow_study/airflow-etl-explore/.venv/lib/python3.8/site-packages/airflow/example_dags/example_python_operator.py for tasks to queue
[2021-04-06 18:47:00,804] {logging_mixin.py:104} INFO - [2021-04-06 18:47:00,804] {dagbag.py:448} INFO - Filling up the DagBag from /Users/garonsmith/Desktop/airflow_study/airflow-etl-explore/.venv/lib/python3.8/site-packages/airflow/example_dags/example_python_operator.py
[2021-04-06 18:47:00,811] {scheduler_job.py:639} INFO - DAG(s) dict_keys(['example_python_operator']) retrieved from /Users/garonsmith/Desktop/airflow_study/airflow-etl-explore/.venv/lib/python3.8/site-packages/airflow/example_dags/example_python_operator.py
[2021-04-06 18:47:00,858] {logging_mixin.py:104} INFO - [2021-04-06 18:47:00,858] {dag.py:1818} INFO - Sync 1 DAGs
[2021-04-06 18:47:00,865] {logging_mixin.py:104} INFO - [2021-04-06 18:47:00,865] {dag.py:2273} INFO - Setting next_dagrun for example_python_operator to None
[2021-04-06 18:47:00,871] {scheduler_job.py:190} INFO - Processing /Users/garonsmith/Desktop/airflow_study/airflow-etl-explore/.venv/lib/python3.8/site-packages/airflow/example_dags/example_python_operator.py took 0.069 seconds
[2021-04-06 18:47:31,576] {scheduler_job.py:182} INFO - Started process (PID=20287) to work on /Users/garonsmith/Desktop/airflow_study/airflow-etl-explore/.venv/lib/python3.8/site-packages/airflow/example_dags/example_python_operator.py
[2021-04-06 18:47:31,576] {scheduler_job.py:629} INFO - Processing file /Users/garonsmith/Desktop/airflow_study/airflow-etl-explore/.venv/lib/python3.8/site-packages/airflow/example_dags/example_python_operator.py for tasks to queue
[2021-04-06 18:47:31,576] {logging_mixin.py:104} INFO - [2021-04-06 18:47:31,576] {dagbag.py:448} INFO - Filling up the DagBag from /Users/garonsmith/Desktop/airflow_study/airflow-etl-explore/.venv/lib/python3.8/site-packages/airflow/example_dags/example_python_operator.py
[2021-04-06 18:47:31,581] {scheduler_job.py:639} INFO - DAG(s) dict_keys(['example_python_operator']) retrieved from /Users/garonsmith/Desktop/airflow_study/airflow-etl-explore/.venv/lib/python3.8/site-packages/airflow/example_dags/example_python_operator.py
[2021-04-06 18:47:31,627] {logging_mixin.py:104} INFO - [2021-04-06 18:47:31,627] {dag.py:1818} INFO - Sync 1 DAGs
[2021-04-06 18:47:31,633] {logging_mixin.py:104} INFO - [2021-04-06 18:47:31,633] {dag.py:2273} INFO - Setting next_dagrun for example_python_operator to None
[2021-04-06 18:47:31,638] {scheduler_job.py:190} INFO - Processing /Users/garonsmith/Desktop/airflow_study/airflow-etl-explore/.venv/lib/python3.8/site-packages/airflow/example_dags/example_python_operator.py took 0.063 seconds
[2021-04-06 18:48:02,698] {scheduler_job.py:182} INFO - Started process (PID=20373) to work on /Users/garonsmith/Desktop/airflow_study/airflow-etl-explore/.venv/lib/python3.8/site-packages/airflow/example_dags/example_python_operator.py
[2021-04-06 18:48:02,698] {scheduler_job.py:629} INFO - Processing file /Users/garonsmith/Desktop/airflow_study/airflow-etl-explore/.venv/lib/python3.8/site-packages/airflow/example_dags/example_python_operator.py for tasks to queue
[2021-04-06 18:48:02,699] {logging_mixin.py:104} INFO - [2021-04-06 18:48:02,699] {dagbag.py:448} INFO - Filling up the DagBag from /Users/garonsmith/Desktop/airflow_study/airflow-etl-explore/.venv/lib/python3.8/site-packages/airflow/example_dags/example_python_operator.py
[2021-04-06 18:48:02,704] {scheduler_job.py:639} INFO - DAG(s) dict_keys(['example_python_operator']) retrieved from /Users/garonsmith/Desktop/airflow_study/airflow-etl-explore/.venv/lib/python3.8/site-packages/airflow/example_dags/example_python_operator.py
[2021-04-06 18:48:02,740] {logging_mixin.py:104} INFO - [2021-04-06 18:48:02,740] {dag.py:1818} INFO - Sync 1 DAGs
[2021-04-06 18:48:02,762] {logging_mixin.py:104} INFO - [2021-04-06 18:48:02,762] {dag.py:2273} INFO - Setting next_dagrun for example_python_operator to None
[2021-04-06 18:48:02,768] {scheduler_job.py:190} INFO - Processing /Users/garonsmith/Desktop/airflow_study/airflow-etl-explore/.venv/lib/python3.8/site-packages/airflow/example_dags/example_python_operator.py took 0.070 seconds
[2021-04-06 18:48:33,790] {scheduler_job.py:182} INFO - Started process (PID=20458) to work on /Users/garonsmith/Desktop/airflow_study/airflow-etl-explore/.venv/lib/python3.8/site-packages/airflow/example_dags/example_python_operator.py
[2021-04-06 18:48:33,790] {scheduler_job.py:629} INFO - Processing file /Users/garonsmith/Desktop/airflow_study/airflow-etl-explore/.venv/lib/python3.8/site-packages/airflow/example_dags/example_python_operator.py for tasks to queue
[2021-04-06 18:48:33,791] {logging_mixin.py:104} INFO - [2021-04-06 18:48:33,791] {dagbag.py:448} INFO - Filling up the DagBag from /Users/garonsmith/Desktop/airflow_study/airflow-etl-explore/.venv/lib/python3.8/site-packages/airflow/example_dags/example_python_operator.py
[2021-04-06 18:48:33,795] {scheduler_job.py:639} INFO - DAG(s) dict_keys(['example_python_operator']) retrieved from /Users/garonsmith/Desktop/airflow_study/airflow-etl-explore/.venv/lib/python3.8/site-packages/airflow/example_dags/example_python_operator.py
[2021-04-06 18:48:33,862] {logging_mixin.py:104} INFO - [2021-04-06 18:48:33,862] {dag.py:1818} INFO - Sync 1 DAGs
[2021-04-06 18:48:33,871] {logging_mixin.py:104} INFO - [2021-04-06 18:48:33,871] {dag.py:2273} INFO - Setting next_dagrun for example_python_operator to None
[2021-04-06 18:48:33,878] {scheduler_job.py:190} INFO - Processing /Users/garonsmith/Desktop/airflow_study/airflow-etl-explore/.venv/lib/python3.8/site-packages/airflow/example_dags/example_python_operator.py took 0.088 seconds
[2021-04-06 18:49:05,197] {scheduler_job.py:182} INFO - Started process (PID=20565) to work on /Users/garonsmith/Desktop/airflow_study/airflow-etl-explore/.venv/lib/python3.8/site-packages/airflow/example_dags/example_python_operator.py
[2021-04-06 18:49:05,197] {scheduler_job.py:629} INFO - Processing file /Users/garonsmith/Desktop/airflow_study/airflow-etl-explore/.venv/lib/python3.8/site-packages/airflow/example_dags/example_python_operator.py for tasks to queue
[2021-04-06 18:49:05,197] {logging_mixin.py:104} INFO - [2021-04-06 18:49:05,197] {dagbag.py:448} INFO - Filling up the DagBag from /Users/garonsmith/Desktop/airflow_study/airflow-etl-explore/.venv/lib/python3.8/site-packages/airflow/example_dags/example_python_operator.py
[2021-04-06 18:49:05,203] {scheduler_job.py:639} INFO - DAG(s) dict_keys(['example_python_operator']) retrieved from /Users/garonsmith/Desktop/airflow_study/airflow-etl-explore/.venv/lib/python3.8/site-packages/airflow/example_dags/example_python_operator.py
[2021-04-06 18:49:05,242] {logging_mixin.py:104} INFO - [2021-04-06 18:49:05,242] {dag.py:1818} INFO - Sync 1 DAGs
[2021-04-06 18:49:05,264] {logging_mixin.py:104} INFO - [2021-04-06 18:49:05,263] {dag.py:2273} INFO - Setting next_dagrun for example_python_operator to None
[2021-04-06 18:49:05,270] {scheduler_job.py:190} INFO - Processing /Users/garonsmith/Desktop/airflow_study/airflow-etl-explore/.venv/lib/python3.8/site-packages/airflow/example_dags/example_python_operator.py took 0.074 seconds
[2021-04-06 18:49:06,759] {scheduler_job.py:182} INFO - Started process (PID=20591) to work on /Users/garonsmith/Desktop/airflow_study/airflow-etl-explore/.venv/lib/python3.8/site-packages/airflow/example_dags/example_python_operator.py
[2021-04-06 18:49:06,760] {scheduler_job.py:629} INFO - Processing file /Users/garonsmith/Desktop/airflow_study/airflow-etl-explore/.venv/lib/python3.8/site-packages/airflow/example_dags/example_python_operator.py for tasks to queue
[2021-04-06 18:49:06,760] {logging_mixin.py:104} INFO - [2021-04-06 18:49:06,760] {dagbag.py:448} INFO - Filling up the DagBag from /Users/garonsmith/Desktop/airflow_study/airflow-etl-explore/.venv/lib/python3.8/site-packages/airflow/example_dags/example_python_operator.py
[2021-04-06 18:49:06,766] {scheduler_job.py:639} INFO - DAG(s) dict_keys(['example_python_operator']) retrieved from /Users/garonsmith/Desktop/airflow_study/airflow-etl-explore/.venv/lib/python3.8/site-packages/airflow/example_dags/example_python_operator.py
[2021-04-06 18:49:06,778] {logging_mixin.py:104} INFO - [2021-04-06 18:49:06,778] {dag.py:1818} INFO - Sync 1 DAGs
[2021-04-06 18:49:06,815] {logging_mixin.py:104} INFO - [2021-04-06 18:49:06,815] {dag.py:2273} INFO - Setting next_dagrun for example_python_operator to None
[2021-04-06 18:49:06,820] {scheduler_job.py:190} INFO - Processing /Users/garonsmith/Desktop/airflow_study/airflow-etl-explore/.venv/lib/python3.8/site-packages/airflow/example_dags/example_python_operator.py took 0.061 seconds
[2021-04-06 18:49:36,342] {scheduler_job.py:182} INFO - Started process (PID=20733) to work on /Users/garonsmith/Desktop/airflow_study/airflow-etl-explore/.venv/lib/python3.8/site-packages/airflow/example_dags/example_python_operator.py
[2021-04-06 18:49:36,343] {scheduler_job.py:629} INFO - Processing file /Users/garonsmith/Desktop/airflow_study/airflow-etl-explore/.venv/lib/python3.8/site-packages/airflow/example_dags/example_python_operator.py for tasks to queue
[2021-04-06 18:49:36,344] {logging_mixin.py:104} INFO - [2021-04-06 18:49:36,343] {dagbag.py:448} INFO - Filling up the DagBag from /Users/garonsmith/Desktop/airflow_study/airflow-etl-explore/.venv/lib/python3.8/site-packages/airflow/example_dags/example_python_operator.py
[2021-04-06 18:49:36,350] {scheduler_job.py:639} INFO - DAG(s) dict_keys(['example_python_operator']) retrieved from /Users/garonsmith/Desktop/airflow_study/airflow-etl-explore/.venv/lib/python3.8/site-packages/airflow/example_dags/example_python_operator.py
[2021-04-06 18:49:36,393] {logging_mixin.py:104} INFO - [2021-04-06 18:49:36,393] {dag.py:1818} INFO - Sync 1 DAGs
[2021-04-06 18:49:36,414] {logging_mixin.py:104} INFO - [2021-04-06 18:49:36,414] {dag.py:2273} INFO - Setting next_dagrun for example_python_operator to None
[2021-04-06 18:49:36,423] {scheduler_job.py:190} INFO - Processing /Users/garonsmith/Desktop/airflow_study/airflow-etl-explore/.venv/lib/python3.8/site-packages/airflow/example_dags/example_python_operator.py took 0.081 seconds
[2021-04-06 18:49:38,152] {scheduler_job.py:182} INFO - Started process (PID=20762) to work on /Users/garonsmith/Desktop/airflow_study/airflow-etl-explore/.venv/lib/python3.8/site-packages/airflow/example_dags/example_python_operator.py
[2021-04-06 18:49:38,152] {scheduler_job.py:629} INFO - Processing file /Users/garonsmith/Desktop/airflow_study/airflow-etl-explore/.venv/lib/python3.8/site-packages/airflow/example_dags/example_python_operator.py for tasks to queue
[2021-04-06 18:49:38,152] {logging_mixin.py:104} INFO - [2021-04-06 18:49:38,152] {dagbag.py:448} INFO - Filling up the DagBag from /Users/garonsmith/Desktop/airflow_study/airflow-etl-explore/.venv/lib/python3.8/site-packages/airflow/example_dags/example_python_operator.py
[2021-04-06 18:49:38,158] {scheduler_job.py:639} INFO - DAG(s) dict_keys(['example_python_operator']) retrieved from /Users/garonsmith/Desktop/airflow_study/airflow-etl-explore/.venv/lib/python3.8/site-packages/airflow/example_dags/example_python_operator.py
[2021-04-06 18:49:38,170] {logging_mixin.py:104} INFO - [2021-04-06 18:49:38,170] {dag.py:1818} INFO - Sync 1 DAGs
[2021-04-06 18:49:38,215] {logging_mixin.py:104} INFO - [2021-04-06 18:49:38,215] {dag.py:2273} INFO - Setting next_dagrun for example_python_operator to None
[2021-04-06 18:49:38,220] {scheduler_job.py:190} INFO - Processing /Users/garonsmith/Desktop/airflow_study/airflow-etl-explore/.venv/lib/python3.8/site-packages/airflow/example_dags/example_python_operator.py took 0.069 seconds
[2021-04-06 18:50:07,653] {scheduler_job.py:182} INFO - Started process (PID=20912) to work on /Users/garonsmith/Desktop/airflow_study/airflow-etl-explore/.venv/lib/python3.8/site-packages/airflow/example_dags/example_python_operator.py
[2021-04-06 18:50:07,653] {scheduler_job.py:629} INFO - Processing file /Users/garonsmith/Desktop/airflow_study/airflow-etl-explore/.venv/lib/python3.8/site-packages/airflow/example_dags/example_python_operator.py for tasks to queue
[2021-04-06 18:50:07,653] {logging_mixin.py:104} INFO - [2021-04-06 18:50:07,653] {dagbag.py:448} INFO - Filling up the DagBag from /Users/garonsmith/Desktop/airflow_study/airflow-etl-explore/.venv/lib/python3.8/site-packages/airflow/example_dags/example_python_operator.py
[2021-04-06 18:50:07,658] {scheduler_job.py:639} INFO - DAG(s) dict_keys(['example_python_operator']) retrieved from /Users/garonsmith/Desktop/airflow_study/airflow-etl-explore/.venv/lib/python3.8/site-packages/airflow/example_dags/example_python_operator.py
[2021-04-06 18:50:07,692] {logging_mixin.py:104} INFO - [2021-04-06 18:50:07,692] {dag.py:1818} INFO - Sync 1 DAGs
[2021-04-06 18:50:07,715] {logging_mixin.py:104} INFO - [2021-04-06 18:50:07,715] {dag.py:2273} INFO - Setting next_dagrun for example_python_operator to None
[2021-04-06 18:50:07,721] {scheduler_job.py:190} INFO - Processing /Users/garonsmith/Desktop/airflow_study/airflow-etl-explore/.venv/lib/python3.8/site-packages/airflow/example_dags/example_python_operator.py took 0.069 seconds
[2021-04-06 18:50:09,618] {scheduler_job.py:182} INFO - Started process (PID=20939) to work on /Users/garonsmith/Desktop/airflow_study/airflow-etl-explore/.venv/lib/python3.8/site-packages/airflow/example_dags/example_python_operator.py
[2021-04-06 18:50:09,618] {scheduler_job.py:629} INFO - Processing file /Users/garonsmith/Desktop/airflow_study/airflow-etl-explore/.venv/lib/python3.8/site-packages/airflow/example_dags/example_python_operator.py for tasks to queue
[2021-04-06 18:50:09,618] {logging_mixin.py:104} INFO - [2021-04-06 18:50:09,618] {dagbag.py:448} INFO - Filling up the DagBag from /Users/garonsmith/Desktop/airflow_study/airflow-etl-explore/.venv/lib/python3.8/site-packages/airflow/example_dags/example_python_operator.py
[2021-04-06 18:50:09,623] {scheduler_job.py:639} INFO - DAG(s) dict_keys(['example_python_operator']) retrieved from /Users/garonsmith/Desktop/airflow_study/airflow-etl-explore/.venv/lib/python3.8/site-packages/airflow/example_dags/example_python_operator.py
[2021-04-06 18:50:09,638] {logging_mixin.py:104} INFO - [2021-04-06 18:50:09,638] {dag.py:1818} INFO - Sync 1 DAGs
[2021-04-06 18:50:09,665] {logging_mixin.py:104} INFO - [2021-04-06 18:50:09,665] {dag.py:2273} INFO - Setting next_dagrun for example_python_operator to None
[2021-04-06 18:50:09,670] {scheduler_job.py:190} INFO - Processing /Users/garonsmith/Desktop/airflow_study/airflow-etl-explore/.venv/lib/python3.8/site-packages/airflow/example_dags/example_python_operator.py took 0.053 seconds
[2021-04-06 18:50:38,439] {scheduler_job.py:182} INFO - Started process (PID=21073) to work on /Users/garonsmith/Desktop/airflow_study/airflow-etl-explore/.venv/lib/python3.8/site-packages/airflow/example_dags/example_python_operator.py
[2021-04-06 18:50:38,439] {scheduler_job.py:629} INFO - Processing file /Users/garonsmith/Desktop/airflow_study/airflow-etl-explore/.venv/lib/python3.8/site-packages/airflow/example_dags/example_python_operator.py for tasks to queue
[2021-04-06 18:50:38,440] {logging_mixin.py:104} INFO - [2021-04-06 18:50:38,440] {dagbag.py:448} INFO - Filling up the DagBag from /Users/garonsmith/Desktop/airflow_study/airflow-etl-explore/.venv/lib/python3.8/site-packages/airflow/example_dags/example_python_operator.py
[2021-04-06 18:50:38,445] {scheduler_job.py:639} INFO - DAG(s) dict_keys(['example_python_operator']) retrieved from /Users/garonsmith/Desktop/airflow_study/airflow-etl-explore/.venv/lib/python3.8/site-packages/airflow/example_dags/example_python_operator.py
[2021-04-06 18:50:38,512] {logging_mixin.py:104} INFO - [2021-04-06 18:50:38,512] {dag.py:1818} INFO - Sync 1 DAGs
[2021-04-06 18:50:38,519] {logging_mixin.py:104} INFO - [2021-04-06 18:50:38,519] {dag.py:2273} INFO - Setting next_dagrun for example_python_operator to None
[2021-04-06 18:50:38,526] {scheduler_job.py:190} INFO - Processing /Users/garonsmith/Desktop/airflow_study/airflow-etl-explore/.venv/lib/python3.8/site-packages/airflow/example_dags/example_python_operator.py took 0.087 seconds
[2021-04-06 18:50:41,193] {scheduler_job.py:182} INFO - Started process (PID=21107) to work on /Users/garonsmith/Desktop/airflow_study/airflow-etl-explore/.venv/lib/python3.8/site-packages/airflow/example_dags/example_python_operator.py
[2021-04-06 18:50:41,193] {scheduler_job.py:629} INFO - Processing file /Users/garonsmith/Desktop/airflow_study/airflow-etl-explore/.venv/lib/python3.8/site-packages/airflow/example_dags/example_python_operator.py for tasks to queue
[2021-04-06 18:50:41,193] {logging_mixin.py:104} INFO - [2021-04-06 18:50:41,193] {dagbag.py:448} INFO - Filling up the DagBag from /Users/garonsmith/Desktop/airflow_study/airflow-etl-explore/.venv/lib/python3.8/site-packages/airflow/example_dags/example_python_operator.py
[2021-04-06 18:50:41,198] {scheduler_job.py:639} INFO - DAG(s) dict_keys(['example_python_operator']) retrieved from /Users/garonsmith/Desktop/airflow_study/airflow-etl-explore/.venv/lib/python3.8/site-packages/airflow/example_dags/example_python_operator.py
[2021-04-06 18:50:41,223] {logging_mixin.py:104} INFO - [2021-04-06 18:50:41,222] {dag.py:1818} INFO - Sync 1 DAGs
[2021-04-06 18:50:41,262] {logging_mixin.py:104} INFO - [2021-04-06 18:50:41,262] {dag.py:2273} INFO - Setting next_dagrun for example_python_operator to None
[2021-04-06 18:50:41,268] {scheduler_job.py:190} INFO - Processing /Users/garonsmith/Desktop/airflow_study/airflow-etl-explore/.venv/lib/python3.8/site-packages/airflow/example_dags/example_python_operator.py took 0.075 seconds
[2021-04-06 18:51:09,400] {scheduler_job.py:182} INFO - Started process (PID=21241) to work on /Users/garonsmith/Desktop/airflow_study/airflow-etl-explore/.venv/lib/python3.8/site-packages/airflow/example_dags/example_python_operator.py
[2021-04-06 18:51:09,401] {scheduler_job.py:629} INFO - Processing file /Users/garonsmith/Desktop/airflow_study/airflow-etl-explore/.venv/lib/python3.8/site-packages/airflow/example_dags/example_python_operator.py for tasks to queue
[2021-04-06 18:51:09,401] {logging_mixin.py:104} INFO - [2021-04-06 18:51:09,401] {dagbag.py:448} INFO - Filling up the DagBag from /Users/garonsmith/Desktop/airflow_study/airflow-etl-explore/.venv/lib/python3.8/site-packages/airflow/example_dags/example_python_operator.py
[2021-04-06 18:51:09,407] {scheduler_job.py:639} INFO - DAG(s) dict_keys(['example_python_operator']) retrieved from /Users/garonsmith/Desktop/airflow_study/airflow-etl-explore/.venv/lib/python3.8/site-packages/airflow/example_dags/example_python_operator.py
[2021-04-06 18:51:09,445] {logging_mixin.py:104} INFO - [2021-04-06 18:51:09,444] {dag.py:1818} INFO - Sync 1 DAGs
[2021-04-06 18:51:09,468] {logging_mixin.py:104} INFO - [2021-04-06 18:51:09,468] {dag.py:2273} INFO - Setting next_dagrun for example_python_operator to None
[2021-04-06 18:51:09,475] {scheduler_job.py:190} INFO - Processing /Users/garonsmith/Desktop/airflow_study/airflow-etl-explore/.venv/lib/python3.8/site-packages/airflow/example_dags/example_python_operator.py took 0.076 seconds
[2021-04-06 18:51:12,874] {scheduler_job.py:182} INFO - Started process (PID=21280) to work on /Users/garonsmith/Desktop/airflow_study/airflow-etl-explore/.venv/lib/python3.8/site-packages/airflow/example_dags/example_python_operator.py
[2021-04-06 18:51:12,875] {scheduler_job.py:629} INFO - Processing file /Users/garonsmith/Desktop/airflow_study/airflow-etl-explore/.venv/lib/python3.8/site-packages/airflow/example_dags/example_python_operator.py for tasks to queue
[2021-04-06 18:51:12,875] {logging_mixin.py:104} INFO - [2021-04-06 18:51:12,875] {dagbag.py:448} INFO - Filling up the DagBag from /Users/garonsmith/Desktop/airflow_study/airflow-etl-explore/.venv/lib/python3.8/site-packages/airflow/example_dags/example_python_operator.py
[2021-04-06 18:51:12,880] {scheduler_job.py:639} INFO - DAG(s) dict_keys(['example_python_operator']) retrieved from /Users/garonsmith/Desktop/airflow_study/airflow-etl-explore/.venv/lib/python3.8/site-packages/airflow/example_dags/example_python_operator.py
[2021-04-06 18:51:12,894] {logging_mixin.py:104} INFO - [2021-04-06 18:51:12,894] {dag.py:1818} INFO - Sync 1 DAGs
[2021-04-06 18:51:12,923] {logging_mixin.py:104} INFO - [2021-04-06 18:51:12,923] {dag.py:2273} INFO - Setting next_dagrun for example_python_operator to None
[2021-04-06 18:51:12,929] {scheduler_job.py:190} INFO - Processing /Users/garonsmith/Desktop/airflow_study/airflow-etl-explore/.venv/lib/python3.8/site-packages/airflow/example_dags/example_python_operator.py took 0.056 seconds
[2021-04-06 18:51:40,456] {scheduler_job.py:182} INFO - Started process (PID=21410) to work on /Users/garonsmith/Desktop/airflow_study/airflow-etl-explore/.venv/lib/python3.8/site-packages/airflow/example_dags/example_python_operator.py
[2021-04-06 18:51:40,457] {scheduler_job.py:629} INFO - Processing file /Users/garonsmith/Desktop/airflow_study/airflow-etl-explore/.venv/lib/python3.8/site-packages/airflow/example_dags/example_python_operator.py for tasks to queue
[2021-04-06 18:51:40,457] {logging_mixin.py:104} INFO - [2021-04-06 18:51:40,457] {dagbag.py:448} INFO - Filling up the DagBag from /Users/garonsmith/Desktop/airflow_study/airflow-etl-explore/.venv/lib/python3.8/site-packages/airflow/example_dags/example_python_operator.py
[2021-04-06 18:51:40,465] {scheduler_job.py:639} INFO - DAG(s) dict_keys(['example_python_operator']) retrieved from /Users/garonsmith/Desktop/airflow_study/airflow-etl-explore/.venv/lib/python3.8/site-packages/airflow/example_dags/example_python_operator.py
[2021-04-06 18:51:40,515] {logging_mixin.py:104} INFO - [2021-04-06 18:51:40,515] {dag.py:1818} INFO - Sync 1 DAGs
[2021-04-06 18:51:40,522] {logging_mixin.py:104} INFO - [2021-04-06 18:51:40,522] {dag.py:2273} INFO - Setting next_dagrun for example_python_operator to None
[2021-04-06 18:51:40,527] {scheduler_job.py:190} INFO - Processing /Users/garonsmith/Desktop/airflow_study/airflow-etl-explore/.venv/lib/python3.8/site-packages/airflow/example_dags/example_python_operator.py took 0.072 seconds
[2021-04-06 18:51:43,903] {scheduler_job.py:182} INFO - Started process (PID=21446) to work on /Users/garonsmith/Desktop/airflow_study/airflow-etl-explore/.venv/lib/python3.8/site-packages/airflow/example_dags/example_python_operator.py
[2021-04-06 18:51:43,904] {scheduler_job.py:629} INFO - Processing file /Users/garonsmith/Desktop/airflow_study/airflow-etl-explore/.venv/lib/python3.8/site-packages/airflow/example_dags/example_python_operator.py for tasks to queue
[2021-04-06 18:51:43,904] {logging_mixin.py:104} INFO - [2021-04-06 18:51:43,904] {dagbag.py:448} INFO - Filling up the DagBag from /Users/garonsmith/Desktop/airflow_study/airflow-etl-explore/.venv/lib/python3.8/site-packages/airflow/example_dags/example_python_operator.py
[2021-04-06 18:51:43,910] {scheduler_job.py:639} INFO - DAG(s) dict_keys(['example_python_operator']) retrieved from /Users/garonsmith/Desktop/airflow_study/airflow-etl-explore/.venv/lib/python3.8/site-packages/airflow/example_dags/example_python_operator.py
[2021-04-06 18:51:43,922] {logging_mixin.py:104} INFO - [2021-04-06 18:51:43,922] {dag.py:1818} INFO - Sync 1 DAGs
[2021-04-06 18:51:43,965] {logging_mixin.py:104} INFO - [2021-04-06 18:51:43,965] {dag.py:2273} INFO - Setting next_dagrun for example_python_operator to None
[2021-04-06 18:51:44,014] {scheduler_job.py:190} INFO - Processing /Users/garonsmith/Desktop/airflow_study/airflow-etl-explore/.venv/lib/python3.8/site-packages/airflow/example_dags/example_python_operator.py took 0.112 seconds
[2021-04-06 18:52:11,189] {scheduler_job.py:182} INFO - Started process (PID=21564) to work on /Users/garonsmith/Desktop/airflow_study/airflow-etl-explore/.venv/lib/python3.8/site-packages/airflow/example_dags/example_python_operator.py
[2021-04-06 18:52:11,189] {scheduler_job.py:629} INFO - Processing file /Users/garonsmith/Desktop/airflow_study/airflow-etl-explore/.venv/lib/python3.8/site-packages/airflow/example_dags/example_python_operator.py for tasks to queue
[2021-04-06 18:52:11,190] {logging_mixin.py:104} INFO - [2021-04-06 18:52:11,189] {dagbag.py:448} INFO - Filling up the DagBag from /Users/garonsmith/Desktop/airflow_study/airflow-etl-explore/.venv/lib/python3.8/site-packages/airflow/example_dags/example_python_operator.py
[2021-04-06 18:52:11,194] {scheduler_job.py:639} INFO - DAG(s) dict_keys(['example_python_operator']) retrieved from /Users/garonsmith/Desktop/airflow_study/airflow-etl-explore/.venv/lib/python3.8/site-packages/airflow/example_dags/example_python_operator.py
[2021-04-06 18:52:11,267] {logging_mixin.py:104} INFO - [2021-04-06 18:52:11,267] {dag.py:1818} INFO - Sync 1 DAGs
[2021-04-06 18:52:11,276] {logging_mixin.py:104} INFO - [2021-04-06 18:52:11,276] {dag.py:2273} INFO - Setting next_dagrun for example_python_operator to None
[2021-04-06 18:52:11,282] {scheduler_job.py:190} INFO - Processing /Users/garonsmith/Desktop/airflow_study/airflow-etl-explore/.venv/lib/python3.8/site-packages/airflow/example_dags/example_python_operator.py took 0.093 seconds
[2021-04-06 18:52:41,994] {scheduler_job.py:182} INFO - Started process (PID=21657) to work on /Users/garonsmith/Desktop/airflow_study/airflow-etl-explore/.venv/lib/python3.8/site-packages/airflow/example_dags/example_python_operator.py
[2021-04-06 18:52:41,995] {scheduler_job.py:629} INFO - Processing file /Users/garonsmith/Desktop/airflow_study/airflow-etl-explore/.venv/lib/python3.8/site-packages/airflow/example_dags/example_python_operator.py for tasks to queue
[2021-04-06 18:52:41,995] {logging_mixin.py:104} INFO - [2021-04-06 18:52:41,995] {dagbag.py:448} INFO - Filling up the DagBag from /Users/garonsmith/Desktop/airflow_study/airflow-etl-explore/.venv/lib/python3.8/site-packages/airflow/example_dags/example_python_operator.py
[2021-04-06 18:52:42,001] {scheduler_job.py:639} INFO - DAG(s) dict_keys(['example_python_operator']) retrieved from /Users/garonsmith/Desktop/airflow_study/airflow-etl-explore/.venv/lib/python3.8/site-packages/airflow/example_dags/example_python_operator.py
[2021-04-06 18:52:42,047] {logging_mixin.py:104} INFO - [2021-04-06 18:52:42,047] {dag.py:1818} INFO - Sync 1 DAGs
[2021-04-06 18:52:42,070] {logging_mixin.py:104} INFO - [2021-04-06 18:52:42,069] {dag.py:2273} INFO - Setting next_dagrun for example_python_operator to None
[2021-04-06 18:52:42,077] {scheduler_job.py:190} INFO - Processing /Users/garonsmith/Desktop/airflow_study/airflow-etl-explore/.venv/lib/python3.8/site-packages/airflow/example_dags/example_python_operator.py took 0.084 seconds
[2021-04-06 18:53:13,262] {scheduler_job.py:182} INFO - Started process (PID=21746) to work on /Users/garonsmith/Desktop/airflow_study/airflow-etl-explore/.venv/lib/python3.8/site-packages/airflow/example_dags/example_python_operator.py
[2021-04-06 18:53:13,263] {scheduler_job.py:629} INFO - Processing file /Users/garonsmith/Desktop/airflow_study/airflow-etl-explore/.venv/lib/python3.8/site-packages/airflow/example_dags/example_python_operator.py for tasks to queue
[2021-04-06 18:53:13,263] {logging_mixin.py:104} INFO - [2021-04-06 18:53:13,263] {dagbag.py:448} INFO - Filling up the DagBag from /Users/garonsmith/Desktop/airflow_study/airflow-etl-explore/.venv/lib/python3.8/site-packages/airflow/example_dags/example_python_operator.py
[2021-04-06 18:53:13,268] {scheduler_job.py:639} INFO - DAG(s) dict_keys(['example_python_operator']) retrieved from /Users/garonsmith/Desktop/airflow_study/airflow-etl-explore/.venv/lib/python3.8/site-packages/airflow/example_dags/example_python_operator.py
[2021-04-06 18:53:13,317] {logging_mixin.py:104} INFO - [2021-04-06 18:53:13,316] {dag.py:1818} INFO - Sync 1 DAGs
[2021-04-06 18:53:13,326] {logging_mixin.py:104} INFO - [2021-04-06 18:53:13,326] {dag.py:2273} INFO - Setting next_dagrun for example_python_operator to None
[2021-04-06 18:53:13,335] {scheduler_job.py:190} INFO - Processing /Users/garonsmith/Desktop/airflow_study/airflow-etl-explore/.venv/lib/python3.8/site-packages/airflow/example_dags/example_python_operator.py took 0.073 seconds
[2021-04-06 18:53:44,477] {scheduler_job.py:182} INFO - Started process (PID=21853) to work on /Users/garonsmith/Desktop/airflow_study/airflow-etl-explore/.venv/lib/python3.8/site-packages/airflow/example_dags/example_python_operator.py
[2021-04-06 18:53:44,477] {scheduler_job.py:629} INFO - Processing file /Users/garonsmith/Desktop/airflow_study/airflow-etl-explore/.venv/lib/python3.8/site-packages/airflow/example_dags/example_python_operator.py for tasks to queue
[2021-04-06 18:53:44,477] {logging_mixin.py:104} INFO - [2021-04-06 18:53:44,477] {dagbag.py:448} INFO - Filling up the DagBag from /Users/garonsmith/Desktop/airflow_study/airflow-etl-explore/.venv/lib/python3.8/site-packages/airflow/example_dags/example_python_operator.py
[2021-04-06 18:53:44,483] {scheduler_job.py:639} INFO - DAG(s) dict_keys(['example_python_operator']) retrieved from /Users/garonsmith/Desktop/airflow_study/airflow-etl-explore/.venv/lib/python3.8/site-packages/airflow/example_dags/example_python_operator.py
[2021-04-06 18:53:44,517] {logging_mixin.py:104} INFO - [2021-04-06 18:53:44,517] {dag.py:1818} INFO - Sync 1 DAGs
[2021-04-06 18:53:44,524] {logging_mixin.py:104} INFO - [2021-04-06 18:53:44,524] {dag.py:2273} INFO - Setting next_dagrun for example_python_operator to None
[2021-04-06 18:53:44,531] {scheduler_job.py:190} INFO - Processing /Users/garonsmith/Desktop/airflow_study/airflow-etl-explore/.venv/lib/python3.8/site-packages/airflow/example_dags/example_python_operator.py took 0.055 seconds
[2021-04-06 18:54:15,416] {scheduler_job.py:182} INFO - Started process (PID=21952) to work on /Users/garonsmith/Desktop/airflow_study/airflow-etl-explore/.venv/lib/python3.8/site-packages/airflow/example_dags/example_python_operator.py
[2021-04-06 18:54:15,416] {scheduler_job.py:629} INFO - Processing file /Users/garonsmith/Desktop/airflow_study/airflow-etl-explore/.venv/lib/python3.8/site-packages/airflow/example_dags/example_python_operator.py for tasks to queue
[2021-04-06 18:54:15,417] {logging_mixin.py:104} INFO - [2021-04-06 18:54:15,417] {dagbag.py:448} INFO - Filling up the DagBag from /Users/garonsmith/Desktop/airflow_study/airflow-etl-explore/.venv/lib/python3.8/site-packages/airflow/example_dags/example_python_operator.py
[2021-04-06 18:54:15,421] {scheduler_job.py:639} INFO - DAG(s) dict_keys(['example_python_operator']) retrieved from /Users/garonsmith/Desktop/airflow_study/airflow-etl-explore/.venv/lib/python3.8/site-packages/airflow/example_dags/example_python_operator.py
[2021-04-06 18:54:15,470] {logging_mixin.py:104} INFO - [2021-04-06 18:54:15,470] {dag.py:1818} INFO - Sync 1 DAGs
[2021-04-06 18:54:15,479] {logging_mixin.py:104} INFO - [2021-04-06 18:54:15,479] {dag.py:2273} INFO - Setting next_dagrun for example_python_operator to None
[2021-04-06 18:54:15,484] {scheduler_job.py:190} INFO - Processing /Users/garonsmith/Desktop/airflow_study/airflow-etl-explore/.venv/lib/python3.8/site-packages/airflow/example_dags/example_python_operator.py took 0.069 seconds
