[2021-04-06 18:36:14,332] {scheduler_job.py:182} INFO - Started process (PID=17374) to work on /Users/garonsmith/Desktop/airflow_study/airflow-etl-explore/.venv/lib/python3.8/site-packages/airflow/example_dags/tutorial_taskflow_api_etl.py
[2021-04-06 18:36:14,332] {scheduler_job.py:629} INFO - Processing file /Users/garonsmith/Desktop/airflow_study/airflow-etl-explore/.venv/lib/python3.8/site-packages/airflow/example_dags/tutorial_taskflow_api_etl.py for tasks to queue
[2021-04-06 18:36:14,332] {logging_mixin.py:104} INFO - [2021-04-06 18:36:14,332] {dagbag.py:448} INFO - Filling up the DagBag from /Users/garonsmith/Desktop/airflow_study/airflow-etl-explore/.venv/lib/python3.8/site-packages/airflow/example_dags/tutorial_taskflow_api_etl.py
[2021-04-06 18:36:14,337] {scheduler_job.py:639} INFO - DAG(s) dict_keys(['tutorial_taskflow_api_etl']) retrieved from /Users/garonsmith/Desktop/airflow_study/airflow-etl-explore/.venv/lib/python3.8/site-packages/airflow/example_dags/tutorial_taskflow_api_etl.py
[2021-04-06 18:36:14,367] {logging_mixin.py:104} INFO - [2021-04-06 18:36:14,367] {dag.py:1818} INFO - Sync 1 DAGs
[2021-04-06 18:36:14,373] {logging_mixin.py:104} INFO - [2021-04-06 18:36:14,373] {dag.py:2273} INFO - Setting next_dagrun for tutorial_taskflow_api_etl to None
[2021-04-06 18:36:14,378] {scheduler_job.py:190} INFO - Processing /Users/garonsmith/Desktop/airflow_study/airflow-etl-explore/.venv/lib/python3.8/site-packages/airflow/example_dags/tutorial_taskflow_api_etl.py took 0.046 seconds
[2021-04-06 18:36:45,529] {scheduler_job.py:182} INFO - Started process (PID=17467) to work on /Users/garonsmith/Desktop/airflow_study/airflow-etl-explore/.venv/lib/python3.8/site-packages/airflow/example_dags/tutorial_taskflow_api_etl.py
[2021-04-06 18:36:45,530] {scheduler_job.py:629} INFO - Processing file /Users/garonsmith/Desktop/airflow_study/airflow-etl-explore/.venv/lib/python3.8/site-packages/airflow/example_dags/tutorial_taskflow_api_etl.py for tasks to queue
[2021-04-06 18:36:45,530] {logging_mixin.py:104} INFO - [2021-04-06 18:36:45,530] {dagbag.py:448} INFO - Filling up the DagBag from /Users/garonsmith/Desktop/airflow_study/airflow-etl-explore/.venv/lib/python3.8/site-packages/airflow/example_dags/tutorial_taskflow_api_etl.py
[2021-04-06 18:36:45,535] {scheduler_job.py:639} INFO - DAG(s) dict_keys(['tutorial_taskflow_api_etl']) retrieved from /Users/garonsmith/Desktop/airflow_study/airflow-etl-explore/.venv/lib/python3.8/site-packages/airflow/example_dags/tutorial_taskflow_api_etl.py
[2021-04-06 18:36:45,566] {logging_mixin.py:104} INFO - [2021-04-06 18:36:45,566] {dag.py:1818} INFO - Sync 1 DAGs
[2021-04-06 18:36:45,571] {logging_mixin.py:104} INFO - [2021-04-06 18:36:45,571] {dag.py:2273} INFO - Setting next_dagrun for tutorial_taskflow_api_etl to None
[2021-04-06 18:36:45,576] {scheduler_job.py:190} INFO - Processing /Users/garonsmith/Desktop/airflow_study/airflow-etl-explore/.venv/lib/python3.8/site-packages/airflow/example_dags/tutorial_taskflow_api_etl.py took 0.048 seconds
[2021-04-06 18:37:16,724] {scheduler_job.py:182} INFO - Started process (PID=18364) to work on /Users/garonsmith/Desktop/airflow_study/airflow-etl-explore/.venv/lib/python3.8/site-packages/airflow/example_dags/tutorial_taskflow_api_etl.py
[2021-04-06 18:37:16,724] {scheduler_job.py:629} INFO - Processing file /Users/garonsmith/Desktop/airflow_study/airflow-etl-explore/.venv/lib/python3.8/site-packages/airflow/example_dags/tutorial_taskflow_api_etl.py for tasks to queue
[2021-04-06 18:37:16,724] {logging_mixin.py:104} INFO - [2021-04-06 18:37:16,724] {dagbag.py:448} INFO - Filling up the DagBag from /Users/garonsmith/Desktop/airflow_study/airflow-etl-explore/.venv/lib/python3.8/site-packages/airflow/example_dags/tutorial_taskflow_api_etl.py
[2021-04-06 18:37:16,730] {scheduler_job.py:639} INFO - DAG(s) dict_keys(['tutorial_taskflow_api_etl']) retrieved from /Users/garonsmith/Desktop/airflow_study/airflow-etl-explore/.venv/lib/python3.8/site-packages/airflow/example_dags/tutorial_taskflow_api_etl.py
[2021-04-06 18:37:16,760] {logging_mixin.py:104} INFO - [2021-04-06 18:37:16,760] {dag.py:1818} INFO - Sync 1 DAGs
[2021-04-06 18:37:16,766] {logging_mixin.py:104} INFO - [2021-04-06 18:37:16,766] {dag.py:2273} INFO - Setting next_dagrun for tutorial_taskflow_api_etl to None
[2021-04-06 18:37:16,771] {scheduler_job.py:190} INFO - Processing /Users/garonsmith/Desktop/airflow_study/airflow-etl-explore/.venv/lib/python3.8/site-packages/airflow/example_dags/tutorial_taskflow_api_etl.py took 0.048 seconds
[2021-04-06 18:37:47,956] {scheduler_job.py:182} INFO - Started process (PID=18448) to work on /Users/garonsmith/Desktop/airflow_study/airflow-etl-explore/.venv/lib/python3.8/site-packages/airflow/example_dags/tutorial_taskflow_api_etl.py
[2021-04-06 18:37:47,957] {scheduler_job.py:629} INFO - Processing file /Users/garonsmith/Desktop/airflow_study/airflow-etl-explore/.venv/lib/python3.8/site-packages/airflow/example_dags/tutorial_taskflow_api_etl.py for tasks to queue
[2021-04-06 18:37:47,957] {logging_mixin.py:104} INFO - [2021-04-06 18:37:47,957] {dagbag.py:448} INFO - Filling up the DagBag from /Users/garonsmith/Desktop/airflow_study/airflow-etl-explore/.venv/lib/python3.8/site-packages/airflow/example_dags/tutorial_taskflow_api_etl.py
[2021-04-06 18:37:47,962] {scheduler_job.py:639} INFO - DAG(s) dict_keys(['tutorial_taskflow_api_etl']) retrieved from /Users/garonsmith/Desktop/airflow_study/airflow-etl-explore/.venv/lib/python3.8/site-packages/airflow/example_dags/tutorial_taskflow_api_etl.py
[2021-04-06 18:37:47,994] {logging_mixin.py:104} INFO - [2021-04-06 18:37:47,994] {dag.py:1818} INFO - Sync 1 DAGs
[2021-04-06 18:37:48,000] {logging_mixin.py:104} INFO - [2021-04-06 18:37:48,000] {dag.py:2273} INFO - Setting next_dagrun for tutorial_taskflow_api_etl to None
[2021-04-06 18:37:48,006] {scheduler_job.py:190} INFO - Processing /Users/garonsmith/Desktop/airflow_study/airflow-etl-explore/.venv/lib/python3.8/site-packages/airflow/example_dags/tutorial_taskflow_api_etl.py took 0.050 seconds
[2021-04-06 18:38:18,987] {scheduler_job.py:182} INFO - Started process (PID=18535) to work on /Users/garonsmith/Desktop/airflow_study/airflow-etl-explore/.venv/lib/python3.8/site-packages/airflow/example_dags/tutorial_taskflow_api_etl.py
[2021-04-06 18:38:18,987] {scheduler_job.py:629} INFO - Processing file /Users/garonsmith/Desktop/airflow_study/airflow-etl-explore/.venv/lib/python3.8/site-packages/airflow/example_dags/tutorial_taskflow_api_etl.py for tasks to queue
[2021-04-06 18:38:18,987] {logging_mixin.py:104} INFO - [2021-04-06 18:38:18,987] {dagbag.py:448} INFO - Filling up the DagBag from /Users/garonsmith/Desktop/airflow_study/airflow-etl-explore/.venv/lib/python3.8/site-packages/airflow/example_dags/tutorial_taskflow_api_etl.py
[2021-04-06 18:38:18,993] {scheduler_job.py:639} INFO - DAG(s) dict_keys(['tutorial_taskflow_api_etl']) retrieved from /Users/garonsmith/Desktop/airflow_study/airflow-etl-explore/.venv/lib/python3.8/site-packages/airflow/example_dags/tutorial_taskflow_api_etl.py
[2021-04-06 18:38:19,035] {logging_mixin.py:104} INFO - [2021-04-06 18:38:19,035] {dag.py:1818} INFO - Sync 1 DAGs
[2021-04-06 18:38:19,043] {logging_mixin.py:104} INFO - [2021-04-06 18:38:19,042] {dag.py:2273} INFO - Setting next_dagrun for tutorial_taskflow_api_etl to None
[2021-04-06 18:38:19,055] {scheduler_job.py:190} INFO - Processing /Users/garonsmith/Desktop/airflow_study/airflow-etl-explore/.venv/lib/python3.8/site-packages/airflow/example_dags/tutorial_taskflow_api_etl.py took 0.069 seconds
[2021-04-06 18:38:49,818] {scheduler_job.py:182} INFO - Started process (PID=18627) to work on /Users/garonsmith/Desktop/airflow_study/airflow-etl-explore/.venv/lib/python3.8/site-packages/airflow/example_dags/tutorial_taskflow_api_etl.py
[2021-04-06 18:38:49,818] {scheduler_job.py:629} INFO - Processing file /Users/garonsmith/Desktop/airflow_study/airflow-etl-explore/.venv/lib/python3.8/site-packages/airflow/example_dags/tutorial_taskflow_api_etl.py for tasks to queue
[2021-04-06 18:38:49,818] {logging_mixin.py:104} INFO - [2021-04-06 18:38:49,818] {dagbag.py:448} INFO - Filling up the DagBag from /Users/garonsmith/Desktop/airflow_study/airflow-etl-explore/.venv/lib/python3.8/site-packages/airflow/example_dags/tutorial_taskflow_api_etl.py
[2021-04-06 18:38:49,824] {scheduler_job.py:639} INFO - DAG(s) dict_keys(['tutorial_taskflow_api_etl']) retrieved from /Users/garonsmith/Desktop/airflow_study/airflow-etl-explore/.venv/lib/python3.8/site-packages/airflow/example_dags/tutorial_taskflow_api_etl.py
[2021-04-06 18:38:49,863] {logging_mixin.py:104} INFO - [2021-04-06 18:38:49,863] {dag.py:1818} INFO - Sync 1 DAGs
[2021-04-06 18:38:49,871] {logging_mixin.py:104} INFO - [2021-04-06 18:38:49,871] {dag.py:2273} INFO - Setting next_dagrun for tutorial_taskflow_api_etl to None
[2021-04-06 18:38:49,875] {scheduler_job.py:190} INFO - Processing /Users/garonsmith/Desktop/airflow_study/airflow-etl-explore/.venv/lib/python3.8/site-packages/airflow/example_dags/tutorial_taskflow_api_etl.py took 0.058 seconds
[2021-04-06 18:39:20,587] {scheduler_job.py:182} INFO - Started process (PID=18716) to work on /Users/garonsmith/Desktop/airflow_study/airflow-etl-explore/.venv/lib/python3.8/site-packages/airflow/example_dags/tutorial_taskflow_api_etl.py
[2021-04-06 18:39:20,587] {scheduler_job.py:629} INFO - Processing file /Users/garonsmith/Desktop/airflow_study/airflow-etl-explore/.venv/lib/python3.8/site-packages/airflow/example_dags/tutorial_taskflow_api_etl.py for tasks to queue
[2021-04-06 18:39:20,588] {logging_mixin.py:104} INFO - [2021-04-06 18:39:20,588] {dagbag.py:448} INFO - Filling up the DagBag from /Users/garonsmith/Desktop/airflow_study/airflow-etl-explore/.venv/lib/python3.8/site-packages/airflow/example_dags/tutorial_taskflow_api_etl.py
[2021-04-06 18:39:20,592] {scheduler_job.py:639} INFO - DAG(s) dict_keys(['tutorial_taskflow_api_etl']) retrieved from /Users/garonsmith/Desktop/airflow_study/airflow-etl-explore/.venv/lib/python3.8/site-packages/airflow/example_dags/tutorial_taskflow_api_etl.py
[2021-04-06 18:39:20,645] {logging_mixin.py:104} INFO - [2021-04-06 18:39:20,644] {dag.py:1818} INFO - Sync 1 DAGs
[2021-04-06 18:39:20,668] {logging_mixin.py:104} INFO - [2021-04-06 18:39:20,668] {dag.py:2273} INFO - Setting next_dagrun for tutorial_taskflow_api_etl to None
[2021-04-06 18:39:20,675] {scheduler_job.py:190} INFO - Processing /Users/garonsmith/Desktop/airflow_study/airflow-etl-explore/.venv/lib/python3.8/site-packages/airflow/example_dags/tutorial_taskflow_api_etl.py took 0.088 seconds
[2021-04-06 18:39:51,623] {scheduler_job.py:182} INFO - Started process (PID=18827) to work on /Users/garonsmith/Desktop/airflow_study/airflow-etl-explore/.venv/lib/python3.8/site-packages/airflow/example_dags/tutorial_taskflow_api_etl.py
[2021-04-06 18:39:51,624] {scheduler_job.py:629} INFO - Processing file /Users/garonsmith/Desktop/airflow_study/airflow-etl-explore/.venv/lib/python3.8/site-packages/airflow/example_dags/tutorial_taskflow_api_etl.py for tasks to queue
[2021-04-06 18:39:51,624] {logging_mixin.py:104} INFO - [2021-04-06 18:39:51,624] {dagbag.py:448} INFO - Filling up the DagBag from /Users/garonsmith/Desktop/airflow_study/airflow-etl-explore/.venv/lib/python3.8/site-packages/airflow/example_dags/tutorial_taskflow_api_etl.py
[2021-04-06 18:39:51,629] {scheduler_job.py:639} INFO - DAG(s) dict_keys(['tutorial_taskflow_api_etl']) retrieved from /Users/garonsmith/Desktop/airflow_study/airflow-etl-explore/.venv/lib/python3.8/site-packages/airflow/example_dags/tutorial_taskflow_api_etl.py
[2021-04-06 18:39:51,667] {logging_mixin.py:104} INFO - [2021-04-06 18:39:51,667] {dag.py:1818} INFO - Sync 1 DAGs
[2021-04-06 18:39:51,673] {logging_mixin.py:104} INFO - [2021-04-06 18:39:51,673] {dag.py:2273} INFO - Setting next_dagrun for tutorial_taskflow_api_etl to None
[2021-04-06 18:39:51,678] {scheduler_job.py:190} INFO - Processing /Users/garonsmith/Desktop/airflow_study/airflow-etl-explore/.venv/lib/python3.8/site-packages/airflow/example_dags/tutorial_taskflow_api_etl.py took 0.055 seconds
[2021-04-06 18:40:22,561] {scheduler_job.py:182} INFO - Started process (PID=18924) to work on /Users/garonsmith/Desktop/airflow_study/airflow-etl-explore/.venv/lib/python3.8/site-packages/airflow/example_dags/tutorial_taskflow_api_etl.py
[2021-04-06 18:40:22,561] {scheduler_job.py:629} INFO - Processing file /Users/garonsmith/Desktop/airflow_study/airflow-etl-explore/.venv/lib/python3.8/site-packages/airflow/example_dags/tutorial_taskflow_api_etl.py for tasks to queue
[2021-04-06 18:40:22,562] {logging_mixin.py:104} INFO - [2021-04-06 18:40:22,562] {dagbag.py:448} INFO - Filling up the DagBag from /Users/garonsmith/Desktop/airflow_study/airflow-etl-explore/.venv/lib/python3.8/site-packages/airflow/example_dags/tutorial_taskflow_api_etl.py
[2021-04-06 18:40:22,567] {scheduler_job.py:639} INFO - DAG(s) dict_keys(['tutorial_taskflow_api_etl']) retrieved from /Users/garonsmith/Desktop/airflow_study/airflow-etl-explore/.venv/lib/python3.8/site-packages/airflow/example_dags/tutorial_taskflow_api_etl.py
[2021-04-06 18:40:22,603] {logging_mixin.py:104} INFO - [2021-04-06 18:40:22,603] {dag.py:1818} INFO - Sync 1 DAGs
[2021-04-06 18:40:22,610] {logging_mixin.py:104} INFO - [2021-04-06 18:40:22,610] {dag.py:2273} INFO - Setting next_dagrun for tutorial_taskflow_api_etl to None
[2021-04-06 18:40:22,616] {scheduler_job.py:190} INFO - Processing /Users/garonsmith/Desktop/airflow_study/airflow-etl-explore/.venv/lib/python3.8/site-packages/airflow/example_dags/tutorial_taskflow_api_etl.py took 0.056 seconds
[2021-04-06 18:40:53,801] {scheduler_job.py:182} INFO - Started process (PID=19012) to work on /Users/garonsmith/Desktop/airflow_study/airflow-etl-explore/.venv/lib/python3.8/site-packages/airflow/example_dags/tutorial_taskflow_api_etl.py
[2021-04-06 18:40:53,801] {scheduler_job.py:629} INFO - Processing file /Users/garonsmith/Desktop/airflow_study/airflow-etl-explore/.venv/lib/python3.8/site-packages/airflow/example_dags/tutorial_taskflow_api_etl.py for tasks to queue
[2021-04-06 18:40:53,801] {logging_mixin.py:104} INFO - [2021-04-06 18:40:53,801] {dagbag.py:448} INFO - Filling up the DagBag from /Users/garonsmith/Desktop/airflow_study/airflow-etl-explore/.venv/lib/python3.8/site-packages/airflow/example_dags/tutorial_taskflow_api_etl.py
[2021-04-06 18:40:53,806] {scheduler_job.py:639} INFO - DAG(s) dict_keys(['tutorial_taskflow_api_etl']) retrieved from /Users/garonsmith/Desktop/airflow_study/airflow-etl-explore/.venv/lib/python3.8/site-packages/airflow/example_dags/tutorial_taskflow_api_etl.py
[2021-04-06 18:40:53,852] {logging_mixin.py:104} INFO - [2021-04-06 18:40:53,852] {dag.py:1818} INFO - Sync 1 DAGs
[2021-04-06 18:40:53,861] {logging_mixin.py:104} INFO - [2021-04-06 18:40:53,861] {dag.py:2273} INFO - Setting next_dagrun for tutorial_taskflow_api_etl to None
[2021-04-06 18:40:53,867] {scheduler_job.py:190} INFO - Processing /Users/garonsmith/Desktop/airflow_study/airflow-etl-explore/.venv/lib/python3.8/site-packages/airflow/example_dags/tutorial_taskflow_api_etl.py took 0.067 seconds
[2021-04-06 18:41:25,144] {scheduler_job.py:182} INFO - Started process (PID=19103) to work on /Users/garonsmith/Desktop/airflow_study/airflow-etl-explore/.venv/lib/python3.8/site-packages/airflow/example_dags/tutorial_taskflow_api_etl.py
[2021-04-06 18:41:25,144] {scheduler_job.py:629} INFO - Processing file /Users/garonsmith/Desktop/airflow_study/airflow-etl-explore/.venv/lib/python3.8/site-packages/airflow/example_dags/tutorial_taskflow_api_etl.py for tasks to queue
[2021-04-06 18:41:25,144] {logging_mixin.py:104} INFO - [2021-04-06 18:41:25,144] {dagbag.py:448} INFO - Filling up the DagBag from /Users/garonsmith/Desktop/airflow_study/airflow-etl-explore/.venv/lib/python3.8/site-packages/airflow/example_dags/tutorial_taskflow_api_etl.py
[2021-04-06 18:41:25,150] {scheduler_job.py:639} INFO - DAG(s) dict_keys(['tutorial_taskflow_api_etl']) retrieved from /Users/garonsmith/Desktop/airflow_study/airflow-etl-explore/.venv/lib/python3.8/site-packages/airflow/example_dags/tutorial_taskflow_api_etl.py
[2021-04-06 18:41:25,201] {logging_mixin.py:104} INFO - [2021-04-06 18:41:25,200] {dag.py:1818} INFO - Sync 1 DAGs
[2021-04-06 18:41:25,208] {logging_mixin.py:104} INFO - [2021-04-06 18:41:25,208] {dag.py:2273} INFO - Setting next_dagrun for tutorial_taskflow_api_etl to None
[2021-04-06 18:41:25,215] {scheduler_job.py:190} INFO - Processing /Users/garonsmith/Desktop/airflow_study/airflow-etl-explore/.venv/lib/python3.8/site-packages/airflow/example_dags/tutorial_taskflow_api_etl.py took 0.072 seconds
[2021-04-06 18:41:56,015] {scheduler_job.py:182} INFO - Started process (PID=19209) to work on /Users/garonsmith/Desktop/airflow_study/airflow-etl-explore/.venv/lib/python3.8/site-packages/airflow/example_dags/tutorial_taskflow_api_etl.py
[2021-04-06 18:41:56,015] {scheduler_job.py:629} INFO - Processing file /Users/garonsmith/Desktop/airflow_study/airflow-etl-explore/.venv/lib/python3.8/site-packages/airflow/example_dags/tutorial_taskflow_api_etl.py for tasks to queue
[2021-04-06 18:41:56,015] {logging_mixin.py:104} INFO - [2021-04-06 18:41:56,015] {dagbag.py:448} INFO - Filling up the DagBag from /Users/garonsmith/Desktop/airflow_study/airflow-etl-explore/.venv/lib/python3.8/site-packages/airflow/example_dags/tutorial_taskflow_api_etl.py
[2021-04-06 18:41:56,021] {scheduler_job.py:639} INFO - DAG(s) dict_keys(['tutorial_taskflow_api_etl']) retrieved from /Users/garonsmith/Desktop/airflow_study/airflow-etl-explore/.venv/lib/python3.8/site-packages/airflow/example_dags/tutorial_taskflow_api_etl.py
[2021-04-06 18:41:56,054] {logging_mixin.py:104} INFO - [2021-04-06 18:41:56,054] {dag.py:1818} INFO - Sync 1 DAGs
[2021-04-06 18:41:56,063] {logging_mixin.py:104} INFO - [2021-04-06 18:41:56,062] {dag.py:2273} INFO - Setting next_dagrun for tutorial_taskflow_api_etl to None
[2021-04-06 18:41:56,069] {scheduler_job.py:190} INFO - Processing /Users/garonsmith/Desktop/airflow_study/airflow-etl-explore/.venv/lib/python3.8/site-packages/airflow/example_dags/tutorial_taskflow_api_etl.py took 0.054 seconds
[2021-04-06 18:42:26,681] {scheduler_job.py:182} INFO - Started process (PID=19300) to work on /Users/garonsmith/Desktop/airflow_study/airflow-etl-explore/.venv/lib/python3.8/site-packages/airflow/example_dags/tutorial_taskflow_api_etl.py
[2021-04-06 18:42:26,681] {scheduler_job.py:629} INFO - Processing file /Users/garonsmith/Desktop/airflow_study/airflow-etl-explore/.venv/lib/python3.8/site-packages/airflow/example_dags/tutorial_taskflow_api_etl.py for tasks to queue
[2021-04-06 18:42:26,681] {logging_mixin.py:104} INFO - [2021-04-06 18:42:26,681] {dagbag.py:448} INFO - Filling up the DagBag from /Users/garonsmith/Desktop/airflow_study/airflow-etl-explore/.venv/lib/python3.8/site-packages/airflow/example_dags/tutorial_taskflow_api_etl.py
[2021-04-06 18:42:26,686] {scheduler_job.py:639} INFO - DAG(s) dict_keys(['tutorial_taskflow_api_etl']) retrieved from /Users/garonsmith/Desktop/airflow_study/airflow-etl-explore/.venv/lib/python3.8/site-packages/airflow/example_dags/tutorial_taskflow_api_etl.py
[2021-04-06 18:42:26,754] {logging_mixin.py:104} INFO - [2021-04-06 18:42:26,754] {dag.py:1818} INFO - Sync 1 DAGs
[2021-04-06 18:42:26,763] {logging_mixin.py:104} INFO - [2021-04-06 18:42:26,763] {dag.py:2273} INFO - Setting next_dagrun for tutorial_taskflow_api_etl to None
[2021-04-06 18:42:26,771] {scheduler_job.py:190} INFO - Processing /Users/garonsmith/Desktop/airflow_study/airflow-etl-explore/.venv/lib/python3.8/site-packages/airflow/example_dags/tutorial_taskflow_api_etl.py took 0.090 seconds
[2021-04-06 18:42:58,041] {scheduler_job.py:182} INFO - Started process (PID=19392) to work on /Users/garonsmith/Desktop/airflow_study/airflow-etl-explore/.venv/lib/python3.8/site-packages/airflow/example_dags/tutorial_taskflow_api_etl.py
[2021-04-06 18:42:58,041] {scheduler_job.py:629} INFO - Processing file /Users/garonsmith/Desktop/airflow_study/airflow-etl-explore/.venv/lib/python3.8/site-packages/airflow/example_dags/tutorial_taskflow_api_etl.py for tasks to queue
[2021-04-06 18:42:58,041] {logging_mixin.py:104} INFO - [2021-04-06 18:42:58,041] {dagbag.py:448} INFO - Filling up the DagBag from /Users/garonsmith/Desktop/airflow_study/airflow-etl-explore/.venv/lib/python3.8/site-packages/airflow/example_dags/tutorial_taskflow_api_etl.py
[2021-04-06 18:42:58,046] {scheduler_job.py:639} INFO - DAG(s) dict_keys(['tutorial_taskflow_api_etl']) retrieved from /Users/garonsmith/Desktop/airflow_study/airflow-etl-explore/.venv/lib/python3.8/site-packages/airflow/example_dags/tutorial_taskflow_api_etl.py
[2021-04-06 18:42:58,080] {logging_mixin.py:104} INFO - [2021-04-06 18:42:58,080] {dag.py:1818} INFO - Sync 1 DAGs
[2021-04-06 18:42:58,105] {logging_mixin.py:104} INFO - [2021-04-06 18:42:58,105] {dag.py:2273} INFO - Setting next_dagrun for tutorial_taskflow_api_etl to None
[2021-04-06 18:42:58,113] {scheduler_job.py:190} INFO - Processing /Users/garonsmith/Desktop/airflow_study/airflow-etl-explore/.venv/lib/python3.8/site-packages/airflow/example_dags/tutorial_taskflow_api_etl.py took 0.073 seconds
[2021-04-06 18:43:29,328] {scheduler_job.py:182} INFO - Started process (PID=19501) to work on /Users/garonsmith/Desktop/airflow_study/airflow-etl-explore/.venv/lib/python3.8/site-packages/airflow/example_dags/tutorial_taskflow_api_etl.py
[2021-04-06 18:43:29,328] {scheduler_job.py:629} INFO - Processing file /Users/garonsmith/Desktop/airflow_study/airflow-etl-explore/.venv/lib/python3.8/site-packages/airflow/example_dags/tutorial_taskflow_api_etl.py for tasks to queue
[2021-04-06 18:43:29,328] {logging_mixin.py:104} INFO - [2021-04-06 18:43:29,328] {dagbag.py:448} INFO - Filling up the DagBag from /Users/garonsmith/Desktop/airflow_study/airflow-etl-explore/.venv/lib/python3.8/site-packages/airflow/example_dags/tutorial_taskflow_api_etl.py
[2021-04-06 18:43:29,334] {scheduler_job.py:639} INFO - DAG(s) dict_keys(['tutorial_taskflow_api_etl']) retrieved from /Users/garonsmith/Desktop/airflow_study/airflow-etl-explore/.venv/lib/python3.8/site-packages/airflow/example_dags/tutorial_taskflow_api_etl.py
[2021-04-06 18:43:29,383] {logging_mixin.py:104} INFO - [2021-04-06 18:43:29,382] {dag.py:1818} INFO - Sync 1 DAGs
[2021-04-06 18:43:29,406] {logging_mixin.py:104} INFO - [2021-04-06 18:43:29,406] {dag.py:2273} INFO - Setting next_dagrun for tutorial_taskflow_api_etl to None
[2021-04-06 18:43:29,413] {scheduler_job.py:190} INFO - Processing /Users/garonsmith/Desktop/airflow_study/airflow-etl-explore/.venv/lib/python3.8/site-packages/airflow/example_dags/tutorial_taskflow_api_etl.py took 0.085 seconds
[2021-04-06 18:43:51,944] {scheduler_job.py:182} INFO - Started process (PID=19647) to work on /Users/garonsmith/Desktop/airflow_study/airflow-etl-explore/.venv/lib/python3.8/site-packages/airflow/example_dags/tutorial_taskflow_api_etl.py
[2021-04-06 18:43:51,944] {scheduler_job.py:629} INFO - Processing file /Users/garonsmith/Desktop/airflow_study/airflow-etl-explore/.venv/lib/python3.8/site-packages/airflow/example_dags/tutorial_taskflow_api_etl.py for tasks to queue
[2021-04-06 18:43:51,944] {logging_mixin.py:104} INFO - [2021-04-06 18:43:51,944] {dagbag.py:448} INFO - Filling up the DagBag from /Users/garonsmith/Desktop/airflow_study/airflow-etl-explore/.venv/lib/python3.8/site-packages/airflow/example_dags/tutorial_taskflow_api_etl.py
[2021-04-06 18:43:51,949] {scheduler_job.py:639} INFO - DAG(s) dict_keys(['tutorial_taskflow_api_etl']) retrieved from /Users/garonsmith/Desktop/airflow_study/airflow-etl-explore/.venv/lib/python3.8/site-packages/airflow/example_dags/tutorial_taskflow_api_etl.py
[2021-04-06 18:43:51,960] {logging_mixin.py:104} INFO - [2021-04-06 18:43:51,960] {dag.py:1818} INFO - Sync 1 DAGs
[2021-04-06 18:43:51,981] {logging_mixin.py:104} INFO - [2021-04-06 18:43:51,981] {dag.py:2273} INFO - Setting next_dagrun for tutorial_taskflow_api_etl to None
[2021-04-06 18:43:51,985] {scheduler_job.py:190} INFO - Processing /Users/garonsmith/Desktop/airflow_study/airflow-etl-explore/.venv/lib/python3.8/site-packages/airflow/example_dags/tutorial_taskflow_api_etl.py took 0.042 seconds
[2021-04-06 18:44:22,764] {scheduler_job.py:182} INFO - Started process (PID=19737) to work on /Users/garonsmith/Desktop/airflow_study/airflow-etl-explore/.venv/lib/python3.8/site-packages/airflow/example_dags/tutorial_taskflow_api_etl.py
[2021-04-06 18:44:22,764] {scheduler_job.py:629} INFO - Processing file /Users/garonsmith/Desktop/airflow_study/airflow-etl-explore/.venv/lib/python3.8/site-packages/airflow/example_dags/tutorial_taskflow_api_etl.py for tasks to queue
[2021-04-06 18:44:22,764] {logging_mixin.py:104} INFO - [2021-04-06 18:44:22,764] {dagbag.py:448} INFO - Filling up the DagBag from /Users/garonsmith/Desktop/airflow_study/airflow-etl-explore/.venv/lib/python3.8/site-packages/airflow/example_dags/tutorial_taskflow_api_etl.py
[2021-04-06 18:44:22,769] {scheduler_job.py:639} INFO - DAG(s) dict_keys(['tutorial_taskflow_api_etl']) retrieved from /Users/garonsmith/Desktop/airflow_study/airflow-etl-explore/.venv/lib/python3.8/site-packages/airflow/example_dags/tutorial_taskflow_api_etl.py
[2021-04-06 18:44:22,804] {logging_mixin.py:104} INFO - [2021-04-06 18:44:22,804] {dag.py:1818} INFO - Sync 1 DAGs
[2021-04-06 18:44:22,810] {logging_mixin.py:104} INFO - [2021-04-06 18:44:22,810] {dag.py:2273} INFO - Setting next_dagrun for tutorial_taskflow_api_etl to None
[2021-04-06 18:44:22,815] {scheduler_job.py:190} INFO - Processing /Users/garonsmith/Desktop/airflow_study/airflow-etl-explore/.venv/lib/python3.8/site-packages/airflow/example_dags/tutorial_taskflow_api_etl.py took 0.052 seconds
[2021-04-06 18:44:53,800] {scheduler_job.py:182} INFO - Started process (PID=19823) to work on /Users/garonsmith/Desktop/airflow_study/airflow-etl-explore/.venv/lib/python3.8/site-packages/airflow/example_dags/tutorial_taskflow_api_etl.py
[2021-04-06 18:44:53,800] {scheduler_job.py:629} INFO - Processing file /Users/garonsmith/Desktop/airflow_study/airflow-etl-explore/.venv/lib/python3.8/site-packages/airflow/example_dags/tutorial_taskflow_api_etl.py for tasks to queue
[2021-04-06 18:44:53,800] {logging_mixin.py:104} INFO - [2021-04-06 18:44:53,800] {dagbag.py:448} INFO - Filling up the DagBag from /Users/garonsmith/Desktop/airflow_study/airflow-etl-explore/.venv/lib/python3.8/site-packages/airflow/example_dags/tutorial_taskflow_api_etl.py
[2021-04-06 18:44:53,806] {scheduler_job.py:639} INFO - DAG(s) dict_keys(['tutorial_taskflow_api_etl']) retrieved from /Users/garonsmith/Desktop/airflow_study/airflow-etl-explore/.venv/lib/python3.8/site-packages/airflow/example_dags/tutorial_taskflow_api_etl.py
[2021-04-06 18:44:53,854] {logging_mixin.py:104} INFO - [2021-04-06 18:44:53,854] {dag.py:1818} INFO - Sync 1 DAGs
[2021-04-06 18:44:53,860] {logging_mixin.py:104} INFO - [2021-04-06 18:44:53,860] {dag.py:2273} INFO - Setting next_dagrun for tutorial_taskflow_api_etl to None
[2021-04-06 18:44:53,865] {scheduler_job.py:190} INFO - Processing /Users/garonsmith/Desktop/airflow_study/airflow-etl-explore/.venv/lib/python3.8/site-packages/airflow/example_dags/tutorial_taskflow_api_etl.py took 0.066 seconds
[2021-04-06 18:45:24,858] {scheduler_job.py:182} INFO - Started process (PID=19910) to work on /Users/garonsmith/Desktop/airflow_study/airflow-etl-explore/.venv/lib/python3.8/site-packages/airflow/example_dags/tutorial_taskflow_api_etl.py
[2021-04-06 18:45:24,858] {scheduler_job.py:629} INFO - Processing file /Users/garonsmith/Desktop/airflow_study/airflow-etl-explore/.venv/lib/python3.8/site-packages/airflow/example_dags/tutorial_taskflow_api_etl.py for tasks to queue
[2021-04-06 18:45:24,859] {logging_mixin.py:104} INFO - [2021-04-06 18:45:24,859] {dagbag.py:448} INFO - Filling up the DagBag from /Users/garonsmith/Desktop/airflow_study/airflow-etl-explore/.venv/lib/python3.8/site-packages/airflow/example_dags/tutorial_taskflow_api_etl.py
[2021-04-06 18:45:24,864] {scheduler_job.py:639} INFO - DAG(s) dict_keys(['tutorial_taskflow_api_etl']) retrieved from /Users/garonsmith/Desktop/airflow_study/airflow-etl-explore/.venv/lib/python3.8/site-packages/airflow/example_dags/tutorial_taskflow_api_etl.py
[2021-04-06 18:45:24,906] {logging_mixin.py:104} INFO - [2021-04-06 18:45:24,906] {dag.py:1818} INFO - Sync 1 DAGs
[2021-04-06 18:45:24,914] {logging_mixin.py:104} INFO - [2021-04-06 18:45:24,914] {dag.py:2273} INFO - Setting next_dagrun for tutorial_taskflow_api_etl to None
[2021-04-06 18:45:24,920] {scheduler_job.py:190} INFO - Processing /Users/garonsmith/Desktop/airflow_study/airflow-etl-explore/.venv/lib/python3.8/site-packages/airflow/example_dags/tutorial_taskflow_api_etl.py took 0.063 seconds
[2021-04-06 18:45:56,144] {scheduler_job.py:182} INFO - Started process (PID=20004) to work on /Users/garonsmith/Desktop/airflow_study/airflow-etl-explore/.venv/lib/python3.8/site-packages/airflow/example_dags/tutorial_taskflow_api_etl.py
[2021-04-06 18:45:56,144] {scheduler_job.py:629} INFO - Processing file /Users/garonsmith/Desktop/airflow_study/airflow-etl-explore/.venv/lib/python3.8/site-packages/airflow/example_dags/tutorial_taskflow_api_etl.py for tasks to queue
[2021-04-06 18:45:56,144] {logging_mixin.py:104} INFO - [2021-04-06 18:45:56,144] {dagbag.py:448} INFO - Filling up the DagBag from /Users/garonsmith/Desktop/airflow_study/airflow-etl-explore/.venv/lib/python3.8/site-packages/airflow/example_dags/tutorial_taskflow_api_etl.py
[2021-04-06 18:45:56,150] {scheduler_job.py:639} INFO - DAG(s) dict_keys(['tutorial_taskflow_api_etl']) retrieved from /Users/garonsmith/Desktop/airflow_study/airflow-etl-explore/.venv/lib/python3.8/site-packages/airflow/example_dags/tutorial_taskflow_api_etl.py
[2021-04-06 18:45:56,186] {logging_mixin.py:104} INFO - [2021-04-06 18:45:56,186] {dag.py:1818} INFO - Sync 1 DAGs
[2021-04-06 18:45:56,209] {logging_mixin.py:104} INFO - [2021-04-06 18:45:56,209] {dag.py:2273} INFO - Setting next_dagrun for tutorial_taskflow_api_etl to None
[2021-04-06 18:45:56,215] {scheduler_job.py:190} INFO - Processing /Users/garonsmith/Desktop/airflow_study/airflow-etl-explore/.venv/lib/python3.8/site-packages/airflow/example_dags/tutorial_taskflow_api_etl.py took 0.072 seconds
[2021-04-06 18:46:27,796] {scheduler_job.py:182} INFO - Started process (PID=20099) to work on /Users/garonsmith/Desktop/airflow_study/airflow-etl-explore/.venv/lib/python3.8/site-packages/airflow/example_dags/tutorial_taskflow_api_etl.py
[2021-04-06 18:46:27,797] {scheduler_job.py:629} INFO - Processing file /Users/garonsmith/Desktop/airflow_study/airflow-etl-explore/.venv/lib/python3.8/site-packages/airflow/example_dags/tutorial_taskflow_api_etl.py for tasks to queue
[2021-04-06 18:46:27,797] {logging_mixin.py:104} INFO - [2021-04-06 18:46:27,797] {dagbag.py:448} INFO - Filling up the DagBag from /Users/garonsmith/Desktop/airflow_study/airflow-etl-explore/.venv/lib/python3.8/site-packages/airflow/example_dags/tutorial_taskflow_api_etl.py
[2021-04-06 18:46:27,802] {scheduler_job.py:639} INFO - DAG(s) dict_keys(['tutorial_taskflow_api_etl']) retrieved from /Users/garonsmith/Desktop/airflow_study/airflow-etl-explore/.venv/lib/python3.8/site-packages/airflow/example_dags/tutorial_taskflow_api_etl.py
[2021-04-06 18:46:27,836] {logging_mixin.py:104} INFO - [2021-04-06 18:46:27,836] {dag.py:1818} INFO - Sync 1 DAGs
[2021-04-06 18:46:27,857] {logging_mixin.py:104} INFO - [2021-04-06 18:46:27,857] {dag.py:2273} INFO - Setting next_dagrun for tutorial_taskflow_api_etl to None
[2021-04-06 18:46:27,862] {scheduler_job.py:190} INFO - Processing /Users/garonsmith/Desktop/airflow_study/airflow-etl-explore/.venv/lib/python3.8/site-packages/airflow/example_dags/tutorial_taskflow_api_etl.py took 0.066 seconds
[2021-04-06 18:46:58,923] {scheduler_job.py:182} INFO - Started process (PID=20187) to work on /Users/garonsmith/Desktop/airflow_study/airflow-etl-explore/.venv/lib/python3.8/site-packages/airflow/example_dags/tutorial_taskflow_api_etl.py
[2021-04-06 18:46:58,923] {scheduler_job.py:629} INFO - Processing file /Users/garonsmith/Desktop/airflow_study/airflow-etl-explore/.venv/lib/python3.8/site-packages/airflow/example_dags/tutorial_taskflow_api_etl.py for tasks to queue
[2021-04-06 18:46:58,923] {logging_mixin.py:104} INFO - [2021-04-06 18:46:58,923] {dagbag.py:448} INFO - Filling up the DagBag from /Users/garonsmith/Desktop/airflow_study/airflow-etl-explore/.venv/lib/python3.8/site-packages/airflow/example_dags/tutorial_taskflow_api_etl.py
[2021-04-06 18:46:58,929] {scheduler_job.py:639} INFO - DAG(s) dict_keys(['tutorial_taskflow_api_etl']) retrieved from /Users/garonsmith/Desktop/airflow_study/airflow-etl-explore/.venv/lib/python3.8/site-packages/airflow/example_dags/tutorial_taskflow_api_etl.py
[2021-04-06 18:46:58,980] {logging_mixin.py:104} INFO - [2021-04-06 18:46:58,980] {dag.py:1818} INFO - Sync 1 DAGs
[2021-04-06 18:46:58,986] {logging_mixin.py:104} INFO - [2021-04-06 18:46:58,986] {dag.py:2273} INFO - Setting next_dagrun for tutorial_taskflow_api_etl to None
[2021-04-06 18:46:59,007] {scheduler_job.py:190} INFO - Processing /Users/garonsmith/Desktop/airflow_study/airflow-etl-explore/.venv/lib/python3.8/site-packages/airflow/example_dags/tutorial_taskflow_api_etl.py took 0.085 seconds
[2021-04-06 18:47:29,888] {scheduler_job.py:182} INFO - Started process (PID=20272) to work on /Users/garonsmith/Desktop/airflow_study/airflow-etl-explore/.venv/lib/python3.8/site-packages/airflow/example_dags/tutorial_taskflow_api_etl.py
[2021-04-06 18:47:29,889] {scheduler_job.py:629} INFO - Processing file /Users/garonsmith/Desktop/airflow_study/airflow-etl-explore/.venv/lib/python3.8/site-packages/airflow/example_dags/tutorial_taskflow_api_etl.py for tasks to queue
[2021-04-06 18:47:29,889] {logging_mixin.py:104} INFO - [2021-04-06 18:47:29,889] {dagbag.py:448} INFO - Filling up the DagBag from /Users/garonsmith/Desktop/airflow_study/airflow-etl-explore/.venv/lib/python3.8/site-packages/airflow/example_dags/tutorial_taskflow_api_etl.py
[2021-04-06 18:47:29,894] {scheduler_job.py:639} INFO - DAG(s) dict_keys(['tutorial_taskflow_api_etl']) retrieved from /Users/garonsmith/Desktop/airflow_study/airflow-etl-explore/.venv/lib/python3.8/site-packages/airflow/example_dags/tutorial_taskflow_api_etl.py
[2021-04-06 18:47:29,937] {logging_mixin.py:104} INFO - [2021-04-06 18:47:29,937] {dag.py:1818} INFO - Sync 1 DAGs
[2021-04-06 18:47:29,959] {logging_mixin.py:104} INFO - [2021-04-06 18:47:29,959] {dag.py:2273} INFO - Setting next_dagrun for tutorial_taskflow_api_etl to None
[2021-04-06 18:47:29,965] {scheduler_job.py:190} INFO - Processing /Users/garonsmith/Desktop/airflow_study/airflow-etl-explore/.venv/lib/python3.8/site-packages/airflow/example_dags/tutorial_taskflow_api_etl.py took 0.077 seconds
[2021-04-06 18:48:01,261] {scheduler_job.py:182} INFO - Started process (PID=20359) to work on /Users/garonsmith/Desktop/airflow_study/airflow-etl-explore/.venv/lib/python3.8/site-packages/airflow/example_dags/tutorial_taskflow_api_etl.py
[2021-04-06 18:48:01,262] {scheduler_job.py:629} INFO - Processing file /Users/garonsmith/Desktop/airflow_study/airflow-etl-explore/.venv/lib/python3.8/site-packages/airflow/example_dags/tutorial_taskflow_api_etl.py for tasks to queue
[2021-04-06 18:48:01,262] {logging_mixin.py:104} INFO - [2021-04-06 18:48:01,262] {dagbag.py:448} INFO - Filling up the DagBag from /Users/garonsmith/Desktop/airflow_study/airflow-etl-explore/.venv/lib/python3.8/site-packages/airflow/example_dags/tutorial_taskflow_api_etl.py
[2021-04-06 18:48:01,267] {scheduler_job.py:639} INFO - DAG(s) dict_keys(['tutorial_taskflow_api_etl']) retrieved from /Users/garonsmith/Desktop/airflow_study/airflow-etl-explore/.venv/lib/python3.8/site-packages/airflow/example_dags/tutorial_taskflow_api_etl.py
[2021-04-06 18:48:01,310] {logging_mixin.py:104} INFO - [2021-04-06 18:48:01,310] {dag.py:1818} INFO - Sync 1 DAGs
[2021-04-06 18:48:01,316] {logging_mixin.py:104} INFO - [2021-04-06 18:48:01,316] {dag.py:2273} INFO - Setting next_dagrun for tutorial_taskflow_api_etl to None
[2021-04-06 18:48:01,322] {scheduler_job.py:190} INFO - Processing /Users/garonsmith/Desktop/airflow_study/airflow-etl-explore/.venv/lib/python3.8/site-packages/airflow/example_dags/tutorial_taskflow_api_etl.py took 0.061 seconds
[2021-04-06 18:48:31,887] {scheduler_job.py:182} INFO - Started process (PID=20443) to work on /Users/garonsmith/Desktop/airflow_study/airflow-etl-explore/.venv/lib/python3.8/site-packages/airflow/example_dags/tutorial_taskflow_api_etl.py
[2021-04-06 18:48:31,887] {scheduler_job.py:629} INFO - Processing file /Users/garonsmith/Desktop/airflow_study/airflow-etl-explore/.venv/lib/python3.8/site-packages/airflow/example_dags/tutorial_taskflow_api_etl.py for tasks to queue
[2021-04-06 18:48:31,888] {logging_mixin.py:104} INFO - [2021-04-06 18:48:31,888] {dagbag.py:448} INFO - Filling up the DagBag from /Users/garonsmith/Desktop/airflow_study/airflow-etl-explore/.venv/lib/python3.8/site-packages/airflow/example_dags/tutorial_taskflow_api_etl.py
[2021-04-06 18:48:31,892] {scheduler_job.py:639} INFO - DAG(s) dict_keys(['tutorial_taskflow_api_etl']) retrieved from /Users/garonsmith/Desktop/airflow_study/airflow-etl-explore/.venv/lib/python3.8/site-packages/airflow/example_dags/tutorial_taskflow_api_etl.py
[2021-04-06 18:48:31,962] {logging_mixin.py:104} INFO - [2021-04-06 18:48:31,962] {dag.py:1818} INFO - Sync 1 DAGs
[2021-04-06 18:48:31,970] {logging_mixin.py:104} INFO - [2021-04-06 18:48:31,970] {dag.py:2273} INFO - Setting next_dagrun for tutorial_taskflow_api_etl to None
[2021-04-06 18:48:31,976] {scheduler_job.py:190} INFO - Processing /Users/garonsmith/Desktop/airflow_study/airflow-etl-explore/.venv/lib/python3.8/site-packages/airflow/example_dags/tutorial_taskflow_api_etl.py took 0.090 seconds
[2021-04-06 18:49:02,971] {scheduler_job.py:182} INFO - Started process (PID=20531) to work on /Users/garonsmith/Desktop/airflow_study/airflow-etl-explore/.venv/lib/python3.8/site-packages/airflow/example_dags/tutorial_taskflow_api_etl.py
[2021-04-06 18:49:02,971] {scheduler_job.py:629} INFO - Processing file /Users/garonsmith/Desktop/airflow_study/airflow-etl-explore/.venv/lib/python3.8/site-packages/airflow/example_dags/tutorial_taskflow_api_etl.py for tasks to queue
[2021-04-06 18:49:02,971] {logging_mixin.py:104} INFO - [2021-04-06 18:49:02,971] {dagbag.py:448} INFO - Filling up the DagBag from /Users/garonsmith/Desktop/airflow_study/airflow-etl-explore/.venv/lib/python3.8/site-packages/airflow/example_dags/tutorial_taskflow_api_etl.py
[2021-04-06 18:49:02,977] {scheduler_job.py:639} INFO - DAG(s) dict_keys(['tutorial_taskflow_api_etl']) retrieved from /Users/garonsmith/Desktop/airflow_study/airflow-etl-explore/.venv/lib/python3.8/site-packages/airflow/example_dags/tutorial_taskflow_api_etl.py
[2021-04-06 18:49:03,011] {logging_mixin.py:104} INFO - [2021-04-06 18:49:03,011] {dag.py:1818} INFO - Sync 1 DAGs
[2021-04-06 18:49:03,018] {logging_mixin.py:104} INFO - [2021-04-06 18:49:03,018] {dag.py:2273} INFO - Setting next_dagrun for tutorial_taskflow_api_etl to None
[2021-04-06 18:49:03,023] {scheduler_job.py:190} INFO - Processing /Users/garonsmith/Desktop/airflow_study/airflow-etl-explore/.venv/lib/python3.8/site-packages/airflow/example_dags/tutorial_taskflow_api_etl.py took 0.053 seconds
[2021-04-06 18:49:08,889] {scheduler_job.py:182} INFO - Started process (PID=20624) to work on /Users/garonsmith/Desktop/airflow_study/airflow-etl-explore/.venv/lib/python3.8/site-packages/airflow/example_dags/tutorial_taskflow_api_etl.py
[2021-04-06 18:49:08,889] {scheduler_job.py:629} INFO - Processing file /Users/garonsmith/Desktop/airflow_study/airflow-etl-explore/.venv/lib/python3.8/site-packages/airflow/example_dags/tutorial_taskflow_api_etl.py for tasks to queue
[2021-04-06 18:49:08,890] {logging_mixin.py:104} INFO - [2021-04-06 18:49:08,890] {dagbag.py:448} INFO - Filling up the DagBag from /Users/garonsmith/Desktop/airflow_study/airflow-etl-explore/.venv/lib/python3.8/site-packages/airflow/example_dags/tutorial_taskflow_api_etl.py
[2021-04-06 18:49:08,894] {scheduler_job.py:639} INFO - DAG(s) dict_keys(['tutorial_taskflow_api_etl']) retrieved from /Users/garonsmith/Desktop/airflow_study/airflow-etl-explore/.venv/lib/python3.8/site-packages/airflow/example_dags/tutorial_taskflow_api_etl.py
[2021-04-06 18:49:08,918] {logging_mixin.py:104} INFO - [2021-04-06 18:49:08,918] {dag.py:1818} INFO - Sync 1 DAGs
[2021-04-06 18:49:08,941] {logging_mixin.py:104} INFO - [2021-04-06 18:49:08,941] {dag.py:2273} INFO - Setting next_dagrun for tutorial_taskflow_api_etl to None
[2021-04-06 18:49:08,961] {scheduler_job.py:190} INFO - Processing /Users/garonsmith/Desktop/airflow_study/airflow-etl-explore/.venv/lib/python3.8/site-packages/airflow/example_dags/tutorial_taskflow_api_etl.py took 0.073 seconds
[2021-04-06 18:49:34,775] {scheduler_job.py:182} INFO - Started process (PID=20708) to work on /Users/garonsmith/Desktop/airflow_study/airflow-etl-explore/.venv/lib/python3.8/site-packages/airflow/example_dags/tutorial_taskflow_api_etl.py
[2021-04-06 18:49:34,776] {scheduler_job.py:629} INFO - Processing file /Users/garonsmith/Desktop/airflow_study/airflow-etl-explore/.venv/lib/python3.8/site-packages/airflow/example_dags/tutorial_taskflow_api_etl.py for tasks to queue
[2021-04-06 18:49:34,776] {logging_mixin.py:104} INFO - [2021-04-06 18:49:34,776] {dagbag.py:448} INFO - Filling up the DagBag from /Users/garonsmith/Desktop/airflow_study/airflow-etl-explore/.venv/lib/python3.8/site-packages/airflow/example_dags/tutorial_taskflow_api_etl.py
[2021-04-06 18:49:34,783] {scheduler_job.py:639} INFO - DAG(s) dict_keys(['tutorial_taskflow_api_etl']) retrieved from /Users/garonsmith/Desktop/airflow_study/airflow-etl-explore/.venv/lib/python3.8/site-packages/airflow/example_dags/tutorial_taskflow_api_etl.py
[2021-04-06 18:49:34,836] {logging_mixin.py:104} INFO - [2021-04-06 18:49:34,836] {dag.py:1818} INFO - Sync 1 DAGs
[2021-04-06 18:49:34,843] {logging_mixin.py:104} INFO - [2021-04-06 18:49:34,843] {dag.py:2273} INFO - Setting next_dagrun for tutorial_taskflow_api_etl to None
[2021-04-06 18:49:34,865] {scheduler_job.py:190} INFO - Processing /Users/garonsmith/Desktop/airflow_study/airflow-etl-explore/.venv/lib/python3.8/site-packages/airflow/example_dags/tutorial_taskflow_api_etl.py took 0.091 seconds
[2021-04-06 18:49:40,247] {scheduler_job.py:182} INFO - Started process (PID=20791) to work on /Users/garonsmith/Desktop/airflow_study/airflow-etl-explore/.venv/lib/python3.8/site-packages/airflow/example_dags/tutorial_taskflow_api_etl.py
[2021-04-06 18:49:40,248] {scheduler_job.py:629} INFO - Processing file /Users/garonsmith/Desktop/airflow_study/airflow-etl-explore/.venv/lib/python3.8/site-packages/airflow/example_dags/tutorial_taskflow_api_etl.py for tasks to queue
[2021-04-06 18:49:40,248] {logging_mixin.py:104} INFO - [2021-04-06 18:49:40,248] {dagbag.py:448} INFO - Filling up the DagBag from /Users/garonsmith/Desktop/airflow_study/airflow-etl-explore/.venv/lib/python3.8/site-packages/airflow/example_dags/tutorial_taskflow_api_etl.py
[2021-04-06 18:49:40,254] {scheduler_job.py:639} INFO - DAG(s) dict_keys(['tutorial_taskflow_api_etl']) retrieved from /Users/garonsmith/Desktop/airflow_study/airflow-etl-explore/.venv/lib/python3.8/site-packages/airflow/example_dags/tutorial_taskflow_api_etl.py
[2021-04-06 18:49:40,269] {logging_mixin.py:104} INFO - [2021-04-06 18:49:40,269] {dag.py:1818} INFO - Sync 1 DAGs
[2021-04-06 18:49:40,312] {logging_mixin.py:104} INFO - [2021-04-06 18:49:40,312] {dag.py:2273} INFO - Setting next_dagrun for tutorial_taskflow_api_etl to None
[2021-04-06 18:49:40,317] {scheduler_job.py:190} INFO - Processing /Users/garonsmith/Desktop/airflow_study/airflow-etl-explore/.venv/lib/python3.8/site-packages/airflow/example_dags/tutorial_taskflow_api_etl.py took 0.070 seconds
[2021-04-06 18:50:05,579] {scheduler_job.py:182} INFO - Started process (PID=20884) to work on /Users/garonsmith/Desktop/airflow_study/airflow-etl-explore/.venv/lib/python3.8/site-packages/airflow/example_dags/tutorial_taskflow_api_etl.py
[2021-04-06 18:50:05,580] {scheduler_job.py:629} INFO - Processing file /Users/garonsmith/Desktop/airflow_study/airflow-etl-explore/.venv/lib/python3.8/site-packages/airflow/example_dags/tutorial_taskflow_api_etl.py for tasks to queue
[2021-04-06 18:50:05,580] {logging_mixin.py:104} INFO - [2021-04-06 18:50:05,580] {dagbag.py:448} INFO - Filling up the DagBag from /Users/garonsmith/Desktop/airflow_study/airflow-etl-explore/.venv/lib/python3.8/site-packages/airflow/example_dags/tutorial_taskflow_api_etl.py
[2021-04-06 18:50:05,585] {scheduler_job.py:639} INFO - DAG(s) dict_keys(['tutorial_taskflow_api_etl']) retrieved from /Users/garonsmith/Desktop/airflow_study/airflow-etl-explore/.venv/lib/python3.8/site-packages/airflow/example_dags/tutorial_taskflow_api_etl.py
[2021-04-06 18:50:05,636] {logging_mixin.py:104} INFO - [2021-04-06 18:50:05,636] {dag.py:1818} INFO - Sync 1 DAGs
[2021-04-06 18:50:05,643] {logging_mixin.py:104} INFO - [2021-04-06 18:50:05,643] {dag.py:2273} INFO - Setting next_dagrun for tutorial_taskflow_api_etl to None
[2021-04-06 18:50:05,665] {scheduler_job.py:190} INFO - Processing /Users/garonsmith/Desktop/airflow_study/airflow-etl-explore/.venv/lib/python3.8/site-packages/airflow/example_dags/tutorial_taskflow_api_etl.py took 0.086 seconds
[2021-04-06 18:50:11,011] {scheduler_job.py:182} INFO - Started process (PID=20961) to work on /Users/garonsmith/Desktop/airflow_study/airflow-etl-explore/.venv/lib/python3.8/site-packages/airflow/example_dags/tutorial_taskflow_api_etl.py
[2021-04-06 18:50:11,011] {scheduler_job.py:629} INFO - Processing file /Users/garonsmith/Desktop/airflow_study/airflow-etl-explore/.venv/lib/python3.8/site-packages/airflow/example_dags/tutorial_taskflow_api_etl.py for tasks to queue
[2021-04-06 18:50:11,011] {logging_mixin.py:104} INFO - [2021-04-06 18:50:11,011] {dagbag.py:448} INFO - Filling up the DagBag from /Users/garonsmith/Desktop/airflow_study/airflow-etl-explore/.venv/lib/python3.8/site-packages/airflow/example_dags/tutorial_taskflow_api_etl.py
[2021-04-06 18:50:11,016] {scheduler_job.py:639} INFO - DAG(s) dict_keys(['tutorial_taskflow_api_etl']) retrieved from /Users/garonsmith/Desktop/airflow_study/airflow-etl-explore/.venv/lib/python3.8/site-packages/airflow/example_dags/tutorial_taskflow_api_etl.py
[2021-04-06 18:50:11,029] {logging_mixin.py:104} INFO - [2021-04-06 18:50:11,029] {dag.py:1818} INFO - Sync 1 DAGs
[2021-04-06 18:50:11,068] {logging_mixin.py:104} INFO - [2021-04-06 18:50:11,068] {dag.py:2273} INFO - Setting next_dagrun for tutorial_taskflow_api_etl to None
[2021-04-06 18:50:11,073] {scheduler_job.py:190} INFO - Processing /Users/garonsmith/Desktop/airflow_study/airflow-etl-explore/.venv/lib/python3.8/site-packages/airflow/example_dags/tutorial_taskflow_api_etl.py took 0.063 seconds
[2021-04-06 18:50:36,344] {scheduler_job.py:182} INFO - Started process (PID=21049) to work on /Users/garonsmith/Desktop/airflow_study/airflow-etl-explore/.venv/lib/python3.8/site-packages/airflow/example_dags/tutorial_taskflow_api_etl.py
[2021-04-06 18:50:36,345] {scheduler_job.py:629} INFO - Processing file /Users/garonsmith/Desktop/airflow_study/airflow-etl-explore/.venv/lib/python3.8/site-packages/airflow/example_dags/tutorial_taskflow_api_etl.py for tasks to queue
[2021-04-06 18:50:36,345] {logging_mixin.py:104} INFO - [2021-04-06 18:50:36,345] {dagbag.py:448} INFO - Filling up the DagBag from /Users/garonsmith/Desktop/airflow_study/airflow-etl-explore/.venv/lib/python3.8/site-packages/airflow/example_dags/tutorial_taskflow_api_etl.py
[2021-04-06 18:50:36,349] {scheduler_job.py:639} INFO - DAG(s) dict_keys(['tutorial_taskflow_api_etl']) retrieved from /Users/garonsmith/Desktop/airflow_study/airflow-etl-explore/.venv/lib/python3.8/site-packages/airflow/example_dags/tutorial_taskflow_api_etl.py
[2021-04-06 18:50:36,395] {logging_mixin.py:104} INFO - [2021-04-06 18:50:36,395] {dag.py:1818} INFO - Sync 1 DAGs
[2021-04-06 18:50:36,418] {logging_mixin.py:104} INFO - [2021-04-06 18:50:36,418] {dag.py:2273} INFO - Setting next_dagrun for tutorial_taskflow_api_etl to None
[2021-04-06 18:50:36,427] {scheduler_job.py:190} INFO - Processing /Users/garonsmith/Desktop/airflow_study/airflow-etl-explore/.venv/lib/python3.8/site-packages/airflow/example_dags/tutorial_taskflow_api_etl.py took 0.083 seconds
[2021-04-06 18:50:42,571] {scheduler_job.py:182} INFO - Started process (PID=21127) to work on /Users/garonsmith/Desktop/airflow_study/airflow-etl-explore/.venv/lib/python3.8/site-packages/airflow/example_dags/tutorial_taskflow_api_etl.py
[2021-04-06 18:50:42,572] {scheduler_job.py:629} INFO - Processing file /Users/garonsmith/Desktop/airflow_study/airflow-etl-explore/.venv/lib/python3.8/site-packages/airflow/example_dags/tutorial_taskflow_api_etl.py for tasks to queue
[2021-04-06 18:50:42,572] {logging_mixin.py:104} INFO - [2021-04-06 18:50:42,572] {dagbag.py:448} INFO - Filling up the DagBag from /Users/garonsmith/Desktop/airflow_study/airflow-etl-explore/.venv/lib/python3.8/site-packages/airflow/example_dags/tutorial_taskflow_api_etl.py
[2021-04-06 18:50:42,577] {scheduler_job.py:639} INFO - DAG(s) dict_keys(['tutorial_taskflow_api_etl']) retrieved from /Users/garonsmith/Desktop/airflow_study/airflow-etl-explore/.venv/lib/python3.8/site-packages/airflow/example_dags/tutorial_taskflow_api_etl.py
[2021-04-06 18:50:42,589] {logging_mixin.py:104} INFO - [2021-04-06 18:50:42,589] {dag.py:1818} INFO - Sync 1 DAGs
[2021-04-06 18:50:42,616] {logging_mixin.py:104} INFO - [2021-04-06 18:50:42,616] {dag.py:2273} INFO - Setting next_dagrun for tutorial_taskflow_api_etl to None
[2021-04-06 18:50:42,621] {scheduler_job.py:190} INFO - Processing /Users/garonsmith/Desktop/airflow_study/airflow-etl-explore/.venv/lib/python3.8/site-packages/airflow/example_dags/tutorial_taskflow_api_etl.py took 0.050 seconds
[2021-04-06 18:51:07,131] {scheduler_job.py:182} INFO - Started process (PID=21215) to work on /Users/garonsmith/Desktop/airflow_study/airflow-etl-explore/.venv/lib/python3.8/site-packages/airflow/example_dags/tutorial_taskflow_api_etl.py
[2021-04-06 18:51:07,131] {scheduler_job.py:629} INFO - Processing file /Users/garonsmith/Desktop/airflow_study/airflow-etl-explore/.venv/lib/python3.8/site-packages/airflow/example_dags/tutorial_taskflow_api_etl.py for tasks to queue
[2021-04-06 18:51:07,132] {logging_mixin.py:104} INFO - [2021-04-06 18:51:07,132] {dagbag.py:448} INFO - Filling up the DagBag from /Users/garonsmith/Desktop/airflow_study/airflow-etl-explore/.venv/lib/python3.8/site-packages/airflow/example_dags/tutorial_taskflow_api_etl.py
[2021-04-06 18:51:07,137] {scheduler_job.py:639} INFO - DAG(s) dict_keys(['tutorial_taskflow_api_etl']) retrieved from /Users/garonsmith/Desktop/airflow_study/airflow-etl-explore/.venv/lib/python3.8/site-packages/airflow/example_dags/tutorial_taskflow_api_etl.py
[2021-04-06 18:51:07,191] {logging_mixin.py:104} INFO - [2021-04-06 18:51:07,191] {dag.py:1818} INFO - Sync 1 DAGs
[2021-04-06 18:51:07,214] {logging_mixin.py:104} INFO - [2021-04-06 18:51:07,214] {dag.py:2273} INFO - Setting next_dagrun for tutorial_taskflow_api_etl to None
[2021-04-06 18:51:07,220] {scheduler_job.py:190} INFO - Processing /Users/garonsmith/Desktop/airflow_study/airflow-etl-explore/.venv/lib/python3.8/site-packages/airflow/example_dags/tutorial_taskflow_api_etl.py took 0.090 seconds
[2021-04-06 18:51:14,224] {scheduler_job.py:182} INFO - Started process (PID=21295) to work on /Users/garonsmith/Desktop/airflow_study/airflow-etl-explore/.venv/lib/python3.8/site-packages/airflow/example_dags/tutorial_taskflow_api_etl.py
[2021-04-06 18:51:14,225] {scheduler_job.py:629} INFO - Processing file /Users/garonsmith/Desktop/airflow_study/airflow-etl-explore/.venv/lib/python3.8/site-packages/airflow/example_dags/tutorial_taskflow_api_etl.py for tasks to queue
[2021-04-06 18:51:14,225] {logging_mixin.py:104} INFO - [2021-04-06 18:51:14,225] {dagbag.py:448} INFO - Filling up the DagBag from /Users/garonsmith/Desktop/airflow_study/airflow-etl-explore/.venv/lib/python3.8/site-packages/airflow/example_dags/tutorial_taskflow_api_etl.py
[2021-04-06 18:51:14,229] {scheduler_job.py:639} INFO - DAG(s) dict_keys(['tutorial_taskflow_api_etl']) retrieved from /Users/garonsmith/Desktop/airflow_study/airflow-etl-explore/.venv/lib/python3.8/site-packages/airflow/example_dags/tutorial_taskflow_api_etl.py
[2021-04-06 18:51:14,240] {logging_mixin.py:104} INFO - [2021-04-06 18:51:14,240] {dag.py:1818} INFO - Sync 1 DAGs
[2021-04-06 18:51:14,266] {logging_mixin.py:104} INFO - [2021-04-06 18:51:14,266] {dag.py:2273} INFO - Setting next_dagrun for tutorial_taskflow_api_etl to None
[2021-04-06 18:51:14,270] {scheduler_job.py:190} INFO - Processing /Users/garonsmith/Desktop/airflow_study/airflow-etl-explore/.venv/lib/python3.8/site-packages/airflow/example_dags/tutorial_taskflow_api_etl.py took 0.046 seconds
[2021-04-06 18:51:38,184] {scheduler_job.py:182} INFO - Started process (PID=21378) to work on /Users/garonsmith/Desktop/airflow_study/airflow-etl-explore/.venv/lib/python3.8/site-packages/airflow/example_dags/tutorial_taskflow_api_etl.py
[2021-04-06 18:51:38,187] {scheduler_job.py:629} INFO - Processing file /Users/garonsmith/Desktop/airflow_study/airflow-etl-explore/.venv/lib/python3.8/site-packages/airflow/example_dags/tutorial_taskflow_api_etl.py for tasks to queue
[2021-04-06 18:51:38,187] {logging_mixin.py:104} INFO - [2021-04-06 18:51:38,187] {dagbag.py:448} INFO - Filling up the DagBag from /Users/garonsmith/Desktop/airflow_study/airflow-etl-explore/.venv/lib/python3.8/site-packages/airflow/example_dags/tutorial_taskflow_api_etl.py
[2021-04-06 18:51:38,192] {scheduler_job.py:639} INFO - DAG(s) dict_keys(['tutorial_taskflow_api_etl']) retrieved from /Users/garonsmith/Desktop/airflow_study/airflow-etl-explore/.venv/lib/python3.8/site-packages/airflow/example_dags/tutorial_taskflow_api_etl.py
[2021-04-06 18:51:38,242] {logging_mixin.py:104} INFO - [2021-04-06 18:51:38,242] {dag.py:1818} INFO - Sync 1 DAGs
[2021-04-06 18:51:38,265] {logging_mixin.py:104} INFO - [2021-04-06 18:51:38,265] {dag.py:2273} INFO - Setting next_dagrun for tutorial_taskflow_api_etl to None
[2021-04-06 18:51:38,272] {scheduler_job.py:190} INFO - Processing /Users/garonsmith/Desktop/airflow_study/airflow-etl-explore/.venv/lib/python3.8/site-packages/airflow/example_dags/tutorial_taskflow_api_etl.py took 0.089 seconds
[2021-04-06 18:51:45,519] {scheduler_job.py:182} INFO - Started process (PID=21463) to work on /Users/garonsmith/Desktop/airflow_study/airflow-etl-explore/.venv/lib/python3.8/site-packages/airflow/example_dags/tutorial_taskflow_api_etl.py
[2021-04-06 18:51:45,519] {scheduler_job.py:629} INFO - Processing file /Users/garonsmith/Desktop/airflow_study/airflow-etl-explore/.venv/lib/python3.8/site-packages/airflow/example_dags/tutorial_taskflow_api_etl.py for tasks to queue
[2021-04-06 18:51:45,520] {logging_mixin.py:104} INFO - [2021-04-06 18:51:45,519] {dagbag.py:448} INFO - Filling up the DagBag from /Users/garonsmith/Desktop/airflow_study/airflow-etl-explore/.venv/lib/python3.8/site-packages/airflow/example_dags/tutorial_taskflow_api_etl.py
[2021-04-06 18:51:45,526] {scheduler_job.py:639} INFO - DAG(s) dict_keys(['tutorial_taskflow_api_etl']) retrieved from /Users/garonsmith/Desktop/airflow_study/airflow-etl-explore/.venv/lib/python3.8/site-packages/airflow/example_dags/tutorial_taskflow_api_etl.py
[2021-04-06 18:51:45,538] {logging_mixin.py:104} INFO - [2021-04-06 18:51:45,538] {dag.py:1818} INFO - Sync 1 DAGs
[2021-04-06 18:51:45,567] {logging_mixin.py:104} INFO - [2021-04-06 18:51:45,567] {dag.py:2273} INFO - Setting next_dagrun for tutorial_taskflow_api_etl to None
[2021-04-06 18:51:45,572] {scheduler_job.py:190} INFO - Processing /Users/garonsmith/Desktop/airflow_study/airflow-etl-explore/.venv/lib/python3.8/site-packages/airflow/example_dags/tutorial_taskflow_api_etl.py took 0.054 seconds
[2021-04-06 18:52:09,270] {scheduler_job.py:182} INFO - Started process (PID=21548) to work on /Users/garonsmith/Desktop/airflow_study/airflow-etl-explore/.venv/lib/python3.8/site-packages/airflow/example_dags/tutorial_taskflow_api_etl.py
[2021-04-06 18:52:09,270] {scheduler_job.py:629} INFO - Processing file /Users/garonsmith/Desktop/airflow_study/airflow-etl-explore/.venv/lib/python3.8/site-packages/airflow/example_dags/tutorial_taskflow_api_etl.py for tasks to queue
[2021-04-06 18:52:09,271] {logging_mixin.py:104} INFO - [2021-04-06 18:52:09,271] {dagbag.py:448} INFO - Filling up the DagBag from /Users/garonsmith/Desktop/airflow_study/airflow-etl-explore/.venv/lib/python3.8/site-packages/airflow/example_dags/tutorial_taskflow_api_etl.py
[2021-04-06 18:52:09,275] {scheduler_job.py:639} INFO - DAG(s) dict_keys(['tutorial_taskflow_api_etl']) retrieved from /Users/garonsmith/Desktop/airflow_study/airflow-etl-explore/.venv/lib/python3.8/site-packages/airflow/example_dags/tutorial_taskflow_api_etl.py
[2021-04-06 18:52:09,316] {logging_mixin.py:104} INFO - [2021-04-06 18:52:09,316] {dag.py:1818} INFO - Sync 1 DAGs
[2021-04-06 18:52:09,324] {logging_mixin.py:104} INFO - [2021-04-06 18:52:09,324] {dag.py:2273} INFO - Setting next_dagrun for tutorial_taskflow_api_etl to None
[2021-04-06 18:52:09,330] {scheduler_job.py:190} INFO - Processing /Users/garonsmith/Desktop/airflow_study/airflow-etl-explore/.venv/lib/python3.8/site-packages/airflow/example_dags/tutorial_taskflow_api_etl.py took 0.060 seconds
[2021-04-06 18:52:40,454] {scheduler_job.py:182} INFO - Started process (PID=21645) to work on /Users/garonsmith/Desktop/airflow_study/airflow-etl-explore/.venv/lib/python3.8/site-packages/airflow/example_dags/tutorial_taskflow_api_etl.py
[2021-04-06 18:52:40,455] {scheduler_job.py:629} INFO - Processing file /Users/garonsmith/Desktop/airflow_study/airflow-etl-explore/.venv/lib/python3.8/site-packages/airflow/example_dags/tutorial_taskflow_api_etl.py for tasks to queue
[2021-04-06 18:52:40,455] {logging_mixin.py:104} INFO - [2021-04-06 18:52:40,455] {dagbag.py:448} INFO - Filling up the DagBag from /Users/garonsmith/Desktop/airflow_study/airflow-etl-explore/.venv/lib/python3.8/site-packages/airflow/example_dags/tutorial_taskflow_api_etl.py
[2021-04-06 18:52:40,462] {scheduler_job.py:639} INFO - DAG(s) dict_keys(['tutorial_taskflow_api_etl']) retrieved from /Users/garonsmith/Desktop/airflow_study/airflow-etl-explore/.venv/lib/python3.8/site-packages/airflow/example_dags/tutorial_taskflow_api_etl.py
[2021-04-06 18:52:40,516] {logging_mixin.py:104} INFO - [2021-04-06 18:52:40,516] {dag.py:1818} INFO - Sync 1 DAGs
[2021-04-06 18:52:40,524] {logging_mixin.py:104} INFO - [2021-04-06 18:52:40,524] {dag.py:2273} INFO - Setting next_dagrun for tutorial_taskflow_api_etl to None
[2021-04-06 18:52:40,530] {scheduler_job.py:190} INFO - Processing /Users/garonsmith/Desktop/airflow_study/airflow-etl-explore/.venv/lib/python3.8/site-packages/airflow/example_dags/tutorial_taskflow_api_etl.py took 0.076 seconds
[2021-04-06 18:53:11,302] {scheduler_job.py:182} INFO - Started process (PID=21734) to work on /Users/garonsmith/Desktop/airflow_study/airflow-etl-explore/.venv/lib/python3.8/site-packages/airflow/example_dags/tutorial_taskflow_api_etl.py
[2021-04-06 18:53:11,303] {scheduler_job.py:629} INFO - Processing file /Users/garonsmith/Desktop/airflow_study/airflow-etl-explore/.venv/lib/python3.8/site-packages/airflow/example_dags/tutorial_taskflow_api_etl.py for tasks to queue
[2021-04-06 18:53:11,303] {logging_mixin.py:104} INFO - [2021-04-06 18:53:11,303] {dagbag.py:448} INFO - Filling up the DagBag from /Users/garonsmith/Desktop/airflow_study/airflow-etl-explore/.venv/lib/python3.8/site-packages/airflow/example_dags/tutorial_taskflow_api_etl.py
[2021-04-06 18:53:11,307] {scheduler_job.py:639} INFO - DAG(s) dict_keys(['tutorial_taskflow_api_etl']) retrieved from /Users/garonsmith/Desktop/airflow_study/airflow-etl-explore/.venv/lib/python3.8/site-packages/airflow/example_dags/tutorial_taskflow_api_etl.py
[2021-04-06 18:53:11,344] {logging_mixin.py:104} INFO - [2021-04-06 18:53:11,344] {dag.py:1818} INFO - Sync 1 DAGs
[2021-04-06 18:53:11,367] {logging_mixin.py:104} INFO - [2021-04-06 18:53:11,367] {dag.py:2273} INFO - Setting next_dagrun for tutorial_taskflow_api_etl to None
[2021-04-06 18:53:11,374] {scheduler_job.py:190} INFO - Processing /Users/garonsmith/Desktop/airflow_study/airflow-etl-explore/.venv/lib/python3.8/site-packages/airflow/example_dags/tutorial_taskflow_api_etl.py took 0.072 seconds
[2021-04-06 18:53:42,409] {scheduler_job.py:182} INFO - Started process (PID=21838) to work on /Users/garonsmith/Desktop/airflow_study/airflow-etl-explore/.venv/lib/python3.8/site-packages/airflow/example_dags/tutorial_taskflow_api_etl.py
[2021-04-06 18:53:42,410] {scheduler_job.py:629} INFO - Processing file /Users/garonsmith/Desktop/airflow_study/airflow-etl-explore/.venv/lib/python3.8/site-packages/airflow/example_dags/tutorial_taskflow_api_etl.py for tasks to queue
[2021-04-06 18:53:42,410] {logging_mixin.py:104} INFO - [2021-04-06 18:53:42,410] {dagbag.py:448} INFO - Filling up the DagBag from /Users/garonsmith/Desktop/airflow_study/airflow-etl-explore/.venv/lib/python3.8/site-packages/airflow/example_dags/tutorial_taskflow_api_etl.py
[2021-04-06 18:53:42,414] {scheduler_job.py:639} INFO - DAG(s) dict_keys(['tutorial_taskflow_api_etl']) retrieved from /Users/garonsmith/Desktop/airflow_study/airflow-etl-explore/.venv/lib/python3.8/site-packages/airflow/example_dags/tutorial_taskflow_api_etl.py
[2021-04-06 18:53:42,467] {logging_mixin.py:104} INFO - [2021-04-06 18:53:42,467] {dag.py:1818} INFO - Sync 1 DAGs
[2021-04-06 18:53:42,477] {logging_mixin.py:104} INFO - [2021-04-06 18:53:42,477] {dag.py:2273} INFO - Setting next_dagrun for tutorial_taskflow_api_etl to None
[2021-04-06 18:53:42,485] {scheduler_job.py:190} INFO - Processing /Users/garonsmith/Desktop/airflow_study/airflow-etl-explore/.venv/lib/python3.8/site-packages/airflow/example_dags/tutorial_taskflow_api_etl.py took 0.077 seconds
[2021-04-06 18:54:13,523] {scheduler_job.py:182} INFO - Started process (PID=21938) to work on /Users/garonsmith/Desktop/airflow_study/airflow-etl-explore/.venv/lib/python3.8/site-packages/airflow/example_dags/tutorial_taskflow_api_etl.py
[2021-04-06 18:54:13,523] {scheduler_job.py:629} INFO - Processing file /Users/garonsmith/Desktop/airflow_study/airflow-etl-explore/.venv/lib/python3.8/site-packages/airflow/example_dags/tutorial_taskflow_api_etl.py for tasks to queue
[2021-04-06 18:54:13,523] {logging_mixin.py:104} INFO - [2021-04-06 18:54:13,523] {dagbag.py:448} INFO - Filling up the DagBag from /Users/garonsmith/Desktop/airflow_study/airflow-etl-explore/.venv/lib/python3.8/site-packages/airflow/example_dags/tutorial_taskflow_api_etl.py
[2021-04-06 18:54:13,528] {scheduler_job.py:639} INFO - DAG(s) dict_keys(['tutorial_taskflow_api_etl']) retrieved from /Users/garonsmith/Desktop/airflow_study/airflow-etl-explore/.venv/lib/python3.8/site-packages/airflow/example_dags/tutorial_taskflow_api_etl.py
[2021-04-06 18:54:13,568] {logging_mixin.py:104} INFO - [2021-04-06 18:54:13,568] {dag.py:1818} INFO - Sync 1 DAGs
[2021-04-06 18:54:13,574] {logging_mixin.py:104} INFO - [2021-04-06 18:54:13,574] {dag.py:2273} INFO - Setting next_dagrun for tutorial_taskflow_api_etl to None
[2021-04-06 18:54:13,579] {scheduler_job.py:190} INFO - Processing /Users/garonsmith/Desktop/airflow_study/airflow-etl-explore/.venv/lib/python3.8/site-packages/airflow/example_dags/tutorial_taskflow_api_etl.py took 0.057 seconds
