[2021-04-06 18:36:15,959] {scheduler_job.py:182} INFO - Started process (PID=17392) to work on /Users/garonsmith/Desktop/airflow_study/airflow-etl-explore/.venv/lib/python3.8/site-packages/airflow/example_dags/tutorial_etl_dag.py
[2021-04-06 18:36:15,960] {scheduler_job.py:629} INFO - Processing file /Users/garonsmith/Desktop/airflow_study/airflow-etl-explore/.venv/lib/python3.8/site-packages/airflow/example_dags/tutorial_etl_dag.py for tasks to queue
[2021-04-06 18:36:15,960] {logging_mixin.py:104} INFO - [2021-04-06 18:36:15,960] {dagbag.py:448} INFO - Filling up the DagBag from /Users/garonsmith/Desktop/airflow_study/airflow-etl-explore/.venv/lib/python3.8/site-packages/airflow/example_dags/tutorial_etl_dag.py
[2021-04-06 18:36:15,964] {scheduler_job.py:639} INFO - DAG(s) dict_keys(['tutorial_etl_dag']) retrieved from /Users/garonsmith/Desktop/airflow_study/airflow-etl-explore/.venv/lib/python3.8/site-packages/airflow/example_dags/tutorial_etl_dag.py
[2021-04-06 18:36:15,996] {logging_mixin.py:104} INFO - [2021-04-06 18:36:15,996] {dag.py:1818} INFO - Sync 1 DAGs
[2021-04-06 18:36:16,003] {logging_mixin.py:104} INFO - [2021-04-06 18:36:16,002] {dag.py:2273} INFO - Setting next_dagrun for tutorial_etl_dag to None
[2021-04-06 18:36:16,007] {scheduler_job.py:190} INFO - Processing /Users/garonsmith/Desktop/airflow_study/airflow-etl-explore/.venv/lib/python3.8/site-packages/airflow/example_dags/tutorial_etl_dag.py took 0.048 seconds
[2021-04-06 18:36:46,803] {scheduler_job.py:182} INFO - Started process (PID=17480) to work on /Users/garonsmith/Desktop/airflow_study/airflow-etl-explore/.venv/lib/python3.8/site-packages/airflow/example_dags/tutorial_etl_dag.py
[2021-04-06 18:36:46,803] {scheduler_job.py:629} INFO - Processing file /Users/garonsmith/Desktop/airflow_study/airflow-etl-explore/.venv/lib/python3.8/site-packages/airflow/example_dags/tutorial_etl_dag.py for tasks to queue
[2021-04-06 18:36:46,804] {logging_mixin.py:104} INFO - [2021-04-06 18:36:46,804] {dagbag.py:448} INFO - Filling up the DagBag from /Users/garonsmith/Desktop/airflow_study/airflow-etl-explore/.venv/lib/python3.8/site-packages/airflow/example_dags/tutorial_etl_dag.py
[2021-04-06 18:36:46,809] {scheduler_job.py:639} INFO - DAG(s) dict_keys(['tutorial_etl_dag']) retrieved from /Users/garonsmith/Desktop/airflow_study/airflow-etl-explore/.venv/lib/python3.8/site-packages/airflow/example_dags/tutorial_etl_dag.py
[2021-04-06 18:36:46,836] {logging_mixin.py:104} INFO - [2021-04-06 18:36:46,836] {dag.py:1818} INFO - Sync 1 DAGs
[2021-04-06 18:36:46,842] {logging_mixin.py:104} INFO - [2021-04-06 18:36:46,842] {dag.py:2273} INFO - Setting next_dagrun for tutorial_etl_dag to None
[2021-04-06 18:36:46,846] {scheduler_job.py:190} INFO - Processing /Users/garonsmith/Desktop/airflow_study/airflow-etl-explore/.venv/lib/python3.8/site-packages/airflow/example_dags/tutorial_etl_dag.py took 0.044 seconds
[2021-04-06 18:37:17,998] {scheduler_job.py:182} INFO - Started process (PID=18377) to work on /Users/garonsmith/Desktop/airflow_study/airflow-etl-explore/.venv/lib/python3.8/site-packages/airflow/example_dags/tutorial_etl_dag.py
[2021-04-06 18:37:17,999] {scheduler_job.py:629} INFO - Processing file /Users/garonsmith/Desktop/airflow_study/airflow-etl-explore/.venv/lib/python3.8/site-packages/airflow/example_dags/tutorial_etl_dag.py for tasks to queue
[2021-04-06 18:37:17,999] {logging_mixin.py:104} INFO - [2021-04-06 18:37:17,999] {dagbag.py:448} INFO - Filling up the DagBag from /Users/garonsmith/Desktop/airflow_study/airflow-etl-explore/.venv/lib/python3.8/site-packages/airflow/example_dags/tutorial_etl_dag.py
[2021-04-06 18:37:18,004] {scheduler_job.py:639} INFO - DAG(s) dict_keys(['tutorial_etl_dag']) retrieved from /Users/garonsmith/Desktop/airflow_study/airflow-etl-explore/.venv/lib/python3.8/site-packages/airflow/example_dags/tutorial_etl_dag.py
[2021-04-06 18:37:18,035] {logging_mixin.py:104} INFO - [2021-04-06 18:37:18,034] {dag.py:1818} INFO - Sync 1 DAGs
[2021-04-06 18:37:18,041] {logging_mixin.py:104} INFO - [2021-04-06 18:37:18,041] {dag.py:2273} INFO - Setting next_dagrun for tutorial_etl_dag to None
[2021-04-06 18:37:18,045] {scheduler_job.py:190} INFO - Processing /Users/garonsmith/Desktop/airflow_study/airflow-etl-explore/.venv/lib/python3.8/site-packages/airflow/example_dags/tutorial_etl_dag.py took 0.048 seconds
[2021-04-06 18:37:49,664] {scheduler_job.py:182} INFO - Started process (PID=18463) to work on /Users/garonsmith/Desktop/airflow_study/airflow-etl-explore/.venv/lib/python3.8/site-packages/airflow/example_dags/tutorial_etl_dag.py
[2021-04-06 18:37:49,664] {scheduler_job.py:629} INFO - Processing file /Users/garonsmith/Desktop/airflow_study/airflow-etl-explore/.venv/lib/python3.8/site-packages/airflow/example_dags/tutorial_etl_dag.py for tasks to queue
[2021-04-06 18:37:49,665] {logging_mixin.py:104} INFO - [2021-04-06 18:37:49,665] {dagbag.py:448} INFO - Filling up the DagBag from /Users/garonsmith/Desktop/airflow_study/airflow-etl-explore/.venv/lib/python3.8/site-packages/airflow/example_dags/tutorial_etl_dag.py
[2021-04-06 18:37:49,669] {scheduler_job.py:639} INFO - DAG(s) dict_keys(['tutorial_etl_dag']) retrieved from /Users/garonsmith/Desktop/airflow_study/airflow-etl-explore/.venv/lib/python3.8/site-packages/airflow/example_dags/tutorial_etl_dag.py
[2021-04-06 18:37:49,702] {logging_mixin.py:104} INFO - [2021-04-06 18:37:49,702] {dag.py:1818} INFO - Sync 1 DAGs
[2021-04-06 18:37:49,709] {logging_mixin.py:104} INFO - [2021-04-06 18:37:49,709] {dag.py:2273} INFO - Setting next_dagrun for tutorial_etl_dag to None
[2021-04-06 18:37:49,713] {scheduler_job.py:190} INFO - Processing /Users/garonsmith/Desktop/airflow_study/airflow-etl-explore/.venv/lib/python3.8/site-packages/airflow/example_dags/tutorial_etl_dag.py took 0.050 seconds
[2021-04-06 18:38:20,983] {scheduler_job.py:182} INFO - Started process (PID=18554) to work on /Users/garonsmith/Desktop/airflow_study/airflow-etl-explore/.venv/lib/python3.8/site-packages/airflow/example_dags/tutorial_etl_dag.py
[2021-04-06 18:38:20,984] {scheduler_job.py:629} INFO - Processing file /Users/garonsmith/Desktop/airflow_study/airflow-etl-explore/.venv/lib/python3.8/site-packages/airflow/example_dags/tutorial_etl_dag.py for tasks to queue
[2021-04-06 18:38:20,984] {logging_mixin.py:104} INFO - [2021-04-06 18:38:20,984] {dagbag.py:448} INFO - Filling up the DagBag from /Users/garonsmith/Desktop/airflow_study/airflow-etl-explore/.venv/lib/python3.8/site-packages/airflow/example_dags/tutorial_etl_dag.py
[2021-04-06 18:38:20,988] {scheduler_job.py:639} INFO - DAG(s) dict_keys(['tutorial_etl_dag']) retrieved from /Users/garonsmith/Desktop/airflow_study/airflow-etl-explore/.venv/lib/python3.8/site-packages/airflow/example_dags/tutorial_etl_dag.py
[2021-04-06 18:38:21,023] {logging_mixin.py:104} INFO - [2021-04-06 18:38:21,022] {dag.py:1818} INFO - Sync 1 DAGs
[2021-04-06 18:38:21,029] {logging_mixin.py:104} INFO - [2021-04-06 18:38:21,029] {dag.py:2273} INFO - Setting next_dagrun for tutorial_etl_dag to None
[2021-04-06 18:38:21,033] {scheduler_job.py:190} INFO - Processing /Users/garonsmith/Desktop/airflow_study/airflow-etl-explore/.venv/lib/python3.8/site-packages/airflow/example_dags/tutorial_etl_dag.py took 0.050 seconds
[2021-04-06 18:38:52,145] {scheduler_job.py:182} INFO - Started process (PID=18648) to work on /Users/garonsmith/Desktop/airflow_study/airflow-etl-explore/.venv/lib/python3.8/site-packages/airflow/example_dags/tutorial_etl_dag.py
[2021-04-06 18:38:52,146] {scheduler_job.py:629} INFO - Processing file /Users/garonsmith/Desktop/airflow_study/airflow-etl-explore/.venv/lib/python3.8/site-packages/airflow/example_dags/tutorial_etl_dag.py for tasks to queue
[2021-04-06 18:38:52,146] {logging_mixin.py:104} INFO - [2021-04-06 18:38:52,146] {dagbag.py:448} INFO - Filling up the DagBag from /Users/garonsmith/Desktop/airflow_study/airflow-etl-explore/.venv/lib/python3.8/site-packages/airflow/example_dags/tutorial_etl_dag.py
[2021-04-06 18:38:52,150] {scheduler_job.py:639} INFO - DAG(s) dict_keys(['tutorial_etl_dag']) retrieved from /Users/garonsmith/Desktop/airflow_study/airflow-etl-explore/.venv/lib/python3.8/site-packages/airflow/example_dags/tutorial_etl_dag.py
[2021-04-06 18:38:52,189] {logging_mixin.py:104} INFO - [2021-04-06 18:38:52,189] {dag.py:1818} INFO - Sync 1 DAGs
[2021-04-06 18:38:52,195] {logging_mixin.py:104} INFO - [2021-04-06 18:38:52,195] {dag.py:2273} INFO - Setting next_dagrun for tutorial_etl_dag to None
[2021-04-06 18:38:52,212] {scheduler_job.py:190} INFO - Processing /Users/garonsmith/Desktop/airflow_study/airflow-etl-explore/.venv/lib/python3.8/site-packages/airflow/example_dags/tutorial_etl_dag.py took 0.068 seconds
[2021-04-06 18:39:23,857] {scheduler_job.py:182} INFO - Started process (PID=18746) to work on /Users/garonsmith/Desktop/airflow_study/airflow-etl-explore/.venv/lib/python3.8/site-packages/airflow/example_dags/tutorial_etl_dag.py
[2021-04-06 18:39:23,857] {scheduler_job.py:629} INFO - Processing file /Users/garonsmith/Desktop/airflow_study/airflow-etl-explore/.venv/lib/python3.8/site-packages/airflow/example_dags/tutorial_etl_dag.py for tasks to queue
[2021-04-06 18:39:23,858] {logging_mixin.py:104} INFO - [2021-04-06 18:39:23,858] {dagbag.py:448} INFO - Filling up the DagBag from /Users/garonsmith/Desktop/airflow_study/airflow-etl-explore/.venv/lib/python3.8/site-packages/airflow/example_dags/tutorial_etl_dag.py
[2021-04-06 18:39:23,862] {scheduler_job.py:639} INFO - DAG(s) dict_keys(['tutorial_etl_dag']) retrieved from /Users/garonsmith/Desktop/airflow_study/airflow-etl-explore/.venv/lib/python3.8/site-packages/airflow/example_dags/tutorial_etl_dag.py
[2021-04-06 18:39:23,897] {logging_mixin.py:104} INFO - [2021-04-06 18:39:23,897] {dag.py:1818} INFO - Sync 1 DAGs
[2021-04-06 18:39:23,920] {logging_mixin.py:104} INFO - [2021-04-06 18:39:23,920] {dag.py:2273} INFO - Setting next_dagrun for tutorial_etl_dag to None
[2021-04-06 18:39:23,925] {scheduler_job.py:190} INFO - Processing /Users/garonsmith/Desktop/airflow_study/airflow-etl-explore/.venv/lib/python3.8/site-packages/airflow/example_dags/tutorial_etl_dag.py took 0.068 seconds
[2021-04-06 18:39:55,322] {scheduler_job.py:182} INFO - Started process (PID=18868) to work on /Users/garonsmith/Desktop/airflow_study/airflow-etl-explore/.venv/lib/python3.8/site-packages/airflow/example_dags/tutorial_etl_dag.py
[2021-04-06 18:39:55,323] {scheduler_job.py:629} INFO - Processing file /Users/garonsmith/Desktop/airflow_study/airflow-etl-explore/.venv/lib/python3.8/site-packages/airflow/example_dags/tutorial_etl_dag.py for tasks to queue
[2021-04-06 18:39:55,323] {logging_mixin.py:104} INFO - [2021-04-06 18:39:55,323] {dagbag.py:448} INFO - Filling up the DagBag from /Users/garonsmith/Desktop/airflow_study/airflow-etl-explore/.venv/lib/python3.8/site-packages/airflow/example_dags/tutorial_etl_dag.py
[2021-04-06 18:39:55,328] {scheduler_job.py:639} INFO - DAG(s) dict_keys(['tutorial_etl_dag']) retrieved from /Users/garonsmith/Desktop/airflow_study/airflow-etl-explore/.venv/lib/python3.8/site-packages/airflow/example_dags/tutorial_etl_dag.py
[2021-04-06 18:39:55,366] {logging_mixin.py:104} INFO - [2021-04-06 18:39:55,366] {dag.py:1818} INFO - Sync 1 DAGs
[2021-04-06 18:39:55,374] {logging_mixin.py:104} INFO - [2021-04-06 18:39:55,374] {dag.py:2273} INFO - Setting next_dagrun for tutorial_etl_dag to None
[2021-04-06 18:39:55,379] {scheduler_job.py:190} INFO - Processing /Users/garonsmith/Desktop/airflow_study/airflow-etl-explore/.venv/lib/python3.8/site-packages/airflow/example_dags/tutorial_etl_dag.py took 0.057 seconds
[2021-04-06 18:40:26,907] {scheduler_job.py:182} INFO - Started process (PID=18968) to work on /Users/garonsmith/Desktop/airflow_study/airflow-etl-explore/.venv/lib/python3.8/site-packages/airflow/example_dags/tutorial_etl_dag.py
[2021-04-06 18:40:26,907] {scheduler_job.py:629} INFO - Processing file /Users/garonsmith/Desktop/airflow_study/airflow-etl-explore/.venv/lib/python3.8/site-packages/airflow/example_dags/tutorial_etl_dag.py for tasks to queue
[2021-04-06 18:40:26,907] {logging_mixin.py:104} INFO - [2021-04-06 18:40:26,907] {dagbag.py:448} INFO - Filling up the DagBag from /Users/garonsmith/Desktop/airflow_study/airflow-etl-explore/.venv/lib/python3.8/site-packages/airflow/example_dags/tutorial_etl_dag.py
[2021-04-06 18:40:26,913] {scheduler_job.py:639} INFO - DAG(s) dict_keys(['tutorial_etl_dag']) retrieved from /Users/garonsmith/Desktop/airflow_study/airflow-etl-explore/.venv/lib/python3.8/site-packages/airflow/example_dags/tutorial_etl_dag.py
[2021-04-06 18:40:26,951] {logging_mixin.py:104} INFO - [2021-04-06 18:40:26,951] {dag.py:1818} INFO - Sync 1 DAGs
[2021-04-06 18:40:26,958] {logging_mixin.py:104} INFO - [2021-04-06 18:40:26,958] {dag.py:2273} INFO - Setting next_dagrun for tutorial_etl_dag to None
[2021-04-06 18:40:26,963] {scheduler_job.py:190} INFO - Processing /Users/garonsmith/Desktop/airflow_study/airflow-etl-explore/.venv/lib/python3.8/site-packages/airflow/example_dags/tutorial_etl_dag.py took 0.057 seconds
[2021-04-06 18:40:59,048] {scheduler_job.py:182} INFO - Started process (PID=19056) to work on /Users/garonsmith/Desktop/airflow_study/airflow-etl-explore/.venv/lib/python3.8/site-packages/airflow/example_dags/tutorial_etl_dag.py
[2021-04-06 18:40:59,048] {scheduler_job.py:629} INFO - Processing file /Users/garonsmith/Desktop/airflow_study/airflow-etl-explore/.venv/lib/python3.8/site-packages/airflow/example_dags/tutorial_etl_dag.py for tasks to queue
[2021-04-06 18:40:59,048] {logging_mixin.py:104} INFO - [2021-04-06 18:40:59,048] {dagbag.py:448} INFO - Filling up the DagBag from /Users/garonsmith/Desktop/airflow_study/airflow-etl-explore/.venv/lib/python3.8/site-packages/airflow/example_dags/tutorial_etl_dag.py
[2021-04-06 18:40:59,052] {scheduler_job.py:639} INFO - DAG(s) dict_keys(['tutorial_etl_dag']) retrieved from /Users/garonsmith/Desktop/airflow_study/airflow-etl-explore/.venv/lib/python3.8/site-packages/airflow/example_dags/tutorial_etl_dag.py
[2021-04-06 18:40:59,081] {logging_mixin.py:104} INFO - [2021-04-06 18:40:59,081] {dag.py:1818} INFO - Sync 1 DAGs
[2021-04-06 18:40:59,102] {logging_mixin.py:104} INFO - [2021-04-06 18:40:59,102] {dag.py:2273} INFO - Setting next_dagrun for tutorial_etl_dag to None
[2021-04-06 18:40:59,106] {scheduler_job.py:190} INFO - Processing /Users/garonsmith/Desktop/airflow_study/airflow-etl-explore/.venv/lib/python3.8/site-packages/airflow/example_dags/tutorial_etl_dag.py took 0.059 seconds
[2021-04-06 18:41:31,467] {scheduler_job.py:182} INFO - Started process (PID=19158) to work on /Users/garonsmith/Desktop/airflow_study/airflow-etl-explore/.venv/lib/python3.8/site-packages/airflow/example_dags/tutorial_etl_dag.py
[2021-04-06 18:41:31,468] {scheduler_job.py:629} INFO - Processing file /Users/garonsmith/Desktop/airflow_study/airflow-etl-explore/.venv/lib/python3.8/site-packages/airflow/example_dags/tutorial_etl_dag.py for tasks to queue
[2021-04-06 18:41:31,468] {logging_mixin.py:104} INFO - [2021-04-06 18:41:31,468] {dagbag.py:448} INFO - Filling up the DagBag from /Users/garonsmith/Desktop/airflow_study/airflow-etl-explore/.venv/lib/python3.8/site-packages/airflow/example_dags/tutorial_etl_dag.py
[2021-04-06 18:41:31,473] {scheduler_job.py:639} INFO - DAG(s) dict_keys(['tutorial_etl_dag']) retrieved from /Users/garonsmith/Desktop/airflow_study/airflow-etl-explore/.venv/lib/python3.8/site-packages/airflow/example_dags/tutorial_etl_dag.py
[2021-04-06 18:41:31,527] {logging_mixin.py:104} INFO - [2021-04-06 18:41:31,527] {dag.py:1818} INFO - Sync 1 DAGs
[2021-04-06 18:41:31,555] {logging_mixin.py:104} INFO - [2021-04-06 18:41:31,555] {dag.py:2273} INFO - Setting next_dagrun for tutorial_etl_dag to None
[2021-04-06 18:41:31,561] {scheduler_job.py:190} INFO - Processing /Users/garonsmith/Desktop/airflow_study/airflow-etl-explore/.venv/lib/python3.8/site-packages/airflow/example_dags/tutorial_etl_dag.py took 0.096 seconds
[2021-04-06 18:42:02,307] {scheduler_job.py:182} INFO - Started process (PID=19262) to work on /Users/garonsmith/Desktop/airflow_study/airflow-etl-explore/.venv/lib/python3.8/site-packages/airflow/example_dags/tutorial_etl_dag.py
[2021-04-06 18:42:02,308] {scheduler_job.py:629} INFO - Processing file /Users/garonsmith/Desktop/airflow_study/airflow-etl-explore/.venv/lib/python3.8/site-packages/airflow/example_dags/tutorial_etl_dag.py for tasks to queue
[2021-04-06 18:42:02,308] {logging_mixin.py:104} INFO - [2021-04-06 18:42:02,308] {dagbag.py:448} INFO - Filling up the DagBag from /Users/garonsmith/Desktop/airflow_study/airflow-etl-explore/.venv/lib/python3.8/site-packages/airflow/example_dags/tutorial_etl_dag.py
[2021-04-06 18:42:02,312] {scheduler_job.py:639} INFO - DAG(s) dict_keys(['tutorial_etl_dag']) retrieved from /Users/garonsmith/Desktop/airflow_study/airflow-etl-explore/.venv/lib/python3.8/site-packages/airflow/example_dags/tutorial_etl_dag.py
[2021-04-06 18:42:02,350] {logging_mixin.py:104} INFO - [2021-04-06 18:42:02,350] {dag.py:1818} INFO - Sync 1 DAGs
[2021-04-06 18:42:02,360] {logging_mixin.py:104} INFO - [2021-04-06 18:42:02,360] {dag.py:2273} INFO - Setting next_dagrun for tutorial_etl_dag to None
[2021-04-06 18:42:02,367] {scheduler_job.py:190} INFO - Processing /Users/garonsmith/Desktop/airflow_study/airflow-etl-explore/.venv/lib/python3.8/site-packages/airflow/example_dags/tutorial_etl_dag.py took 0.060 seconds
[2021-04-06 18:42:33,174] {scheduler_job.py:182} INFO - Started process (PID=19352) to work on /Users/garonsmith/Desktop/airflow_study/airflow-etl-explore/.venv/lib/python3.8/site-packages/airflow/example_dags/tutorial_etl_dag.py
[2021-04-06 18:42:33,174] {scheduler_job.py:629} INFO - Processing file /Users/garonsmith/Desktop/airflow_study/airflow-etl-explore/.venv/lib/python3.8/site-packages/airflow/example_dags/tutorial_etl_dag.py for tasks to queue
[2021-04-06 18:42:33,174] {logging_mixin.py:104} INFO - [2021-04-06 18:42:33,174] {dagbag.py:448} INFO - Filling up the DagBag from /Users/garonsmith/Desktop/airflow_study/airflow-etl-explore/.venv/lib/python3.8/site-packages/airflow/example_dags/tutorial_etl_dag.py
[2021-04-06 18:42:33,179] {scheduler_job.py:639} INFO - DAG(s) dict_keys(['tutorial_etl_dag']) retrieved from /Users/garonsmith/Desktop/airflow_study/airflow-etl-explore/.venv/lib/python3.8/site-packages/airflow/example_dags/tutorial_etl_dag.py
[2021-04-06 18:42:33,225] {logging_mixin.py:104} INFO - [2021-04-06 18:42:33,225] {dag.py:1818} INFO - Sync 1 DAGs
[2021-04-06 18:42:33,232] {logging_mixin.py:104} INFO - [2021-04-06 18:42:33,231] {dag.py:2273} INFO - Setting next_dagrun for tutorial_etl_dag to None
[2021-04-06 18:42:33,252] {scheduler_job.py:190} INFO - Processing /Users/garonsmith/Desktop/airflow_study/airflow-etl-explore/.venv/lib/python3.8/site-packages/airflow/example_dags/tutorial_etl_dag.py took 0.079 seconds
[2021-04-06 18:43:05,492] {scheduler_job.py:182} INFO - Started process (PID=19449) to work on /Users/garonsmith/Desktop/airflow_study/airflow-etl-explore/.venv/lib/python3.8/site-packages/airflow/example_dags/tutorial_etl_dag.py
[2021-04-06 18:43:05,492] {scheduler_job.py:629} INFO - Processing file /Users/garonsmith/Desktop/airflow_study/airflow-etl-explore/.venv/lib/python3.8/site-packages/airflow/example_dags/tutorial_etl_dag.py for tasks to queue
[2021-04-06 18:43:05,493] {logging_mixin.py:104} INFO - [2021-04-06 18:43:05,492] {dagbag.py:448} INFO - Filling up the DagBag from /Users/garonsmith/Desktop/airflow_study/airflow-etl-explore/.venv/lib/python3.8/site-packages/airflow/example_dags/tutorial_etl_dag.py
[2021-04-06 18:43:05,497] {scheduler_job.py:639} INFO - DAG(s) dict_keys(['tutorial_etl_dag']) retrieved from /Users/garonsmith/Desktop/airflow_study/airflow-etl-explore/.venv/lib/python3.8/site-packages/airflow/example_dags/tutorial_etl_dag.py
[2021-04-06 18:43:05,527] {logging_mixin.py:104} INFO - [2021-04-06 18:43:05,527] {dag.py:1818} INFO - Sync 1 DAGs
[2021-04-06 18:43:05,533] {logging_mixin.py:104} INFO - [2021-04-06 18:43:05,533] {dag.py:2273} INFO - Setting next_dagrun for tutorial_etl_dag to None
[2021-04-06 18:43:05,554] {scheduler_job.py:190} INFO - Processing /Users/garonsmith/Desktop/airflow_study/airflow-etl-explore/.venv/lib/python3.8/site-packages/airflow/example_dags/tutorial_etl_dag.py took 0.063 seconds
[2021-04-06 18:43:37,048] {scheduler_job.py:182} INFO - Started process (PID=19568) to work on /Users/garonsmith/Desktop/airflow_study/airflow-etl-explore/.venv/lib/python3.8/site-packages/airflow/example_dags/tutorial_etl_dag.py
[2021-04-06 18:43:37,048] {scheduler_job.py:629} INFO - Processing file /Users/garonsmith/Desktop/airflow_study/airflow-etl-explore/.venv/lib/python3.8/site-packages/airflow/example_dags/tutorial_etl_dag.py for tasks to queue
[2021-04-06 18:43:37,048] {logging_mixin.py:104} INFO - [2021-04-06 18:43:37,048] {dagbag.py:448} INFO - Filling up the DagBag from /Users/garonsmith/Desktop/airflow_study/airflow-etl-explore/.venv/lib/python3.8/site-packages/airflow/example_dags/tutorial_etl_dag.py
[2021-04-06 18:43:37,053] {scheduler_job.py:639} INFO - DAG(s) dict_keys(['tutorial_etl_dag']) retrieved from /Users/garonsmith/Desktop/airflow_study/airflow-etl-explore/.venv/lib/python3.8/site-packages/airflow/example_dags/tutorial_etl_dag.py
[2021-04-06 18:43:37,085] {logging_mixin.py:104} INFO - [2021-04-06 18:43:37,085] {dag.py:1818} INFO - Sync 1 DAGs
[2021-04-06 18:43:37,105] {logging_mixin.py:104} INFO - [2021-04-06 18:43:37,105] {dag.py:2273} INFO - Setting next_dagrun for tutorial_etl_dag to None
[2021-04-06 18:43:37,110] {scheduler_job.py:190} INFO - Processing /Users/garonsmith/Desktop/airflow_study/airflow-etl-explore/.venv/lib/python3.8/site-packages/airflow/example_dags/tutorial_etl_dag.py took 0.063 seconds
[2021-04-06 18:43:55,167] {scheduler_job.py:182} INFO - Started process (PID=19675) to work on /Users/garonsmith/Desktop/airflow_study/airflow-etl-explore/.venv/lib/python3.8/site-packages/airflow/example_dags/tutorial_etl_dag.py
[2021-04-06 18:43:55,167] {scheduler_job.py:629} INFO - Processing file /Users/garonsmith/Desktop/airflow_study/airflow-etl-explore/.venv/lib/python3.8/site-packages/airflow/example_dags/tutorial_etl_dag.py for tasks to queue
[2021-04-06 18:43:55,168] {logging_mixin.py:104} INFO - [2021-04-06 18:43:55,168] {dagbag.py:448} INFO - Filling up the DagBag from /Users/garonsmith/Desktop/airflow_study/airflow-etl-explore/.venv/lib/python3.8/site-packages/airflow/example_dags/tutorial_etl_dag.py
[2021-04-06 18:43:55,172] {scheduler_job.py:639} INFO - DAG(s) dict_keys(['tutorial_etl_dag']) retrieved from /Users/garonsmith/Desktop/airflow_study/airflow-etl-explore/.venv/lib/python3.8/site-packages/airflow/example_dags/tutorial_etl_dag.py
[2021-04-06 18:43:55,202] {logging_mixin.py:104} INFO - [2021-04-06 18:43:55,202] {dag.py:1818} INFO - Sync 1 DAGs
[2021-04-06 18:43:55,209] {logging_mixin.py:104} INFO - [2021-04-06 18:43:55,209] {dag.py:2273} INFO - Setting next_dagrun for tutorial_etl_dag to None
[2021-04-06 18:43:55,213] {scheduler_job.py:190} INFO - Processing /Users/garonsmith/Desktop/airflow_study/airflow-etl-explore/.venv/lib/python3.8/site-packages/airflow/example_dags/tutorial_etl_dag.py took 0.047 seconds
[2021-04-06 18:44:25,980] {scheduler_job.py:182} INFO - Started process (PID=19763) to work on /Users/garonsmith/Desktop/airflow_study/airflow-etl-explore/.venv/lib/python3.8/site-packages/airflow/example_dags/tutorial_etl_dag.py
[2021-04-06 18:44:25,981] {scheduler_job.py:629} INFO - Processing file /Users/garonsmith/Desktop/airflow_study/airflow-etl-explore/.venv/lib/python3.8/site-packages/airflow/example_dags/tutorial_etl_dag.py for tasks to queue
[2021-04-06 18:44:25,981] {logging_mixin.py:104} INFO - [2021-04-06 18:44:25,981] {dagbag.py:448} INFO - Filling up the DagBag from /Users/garonsmith/Desktop/airflow_study/airflow-etl-explore/.venv/lib/python3.8/site-packages/airflow/example_dags/tutorial_etl_dag.py
[2021-04-06 18:44:25,985] {scheduler_job.py:639} INFO - DAG(s) dict_keys(['tutorial_etl_dag']) retrieved from /Users/garonsmith/Desktop/airflow_study/airflow-etl-explore/.venv/lib/python3.8/site-packages/airflow/example_dags/tutorial_etl_dag.py
[2021-04-06 18:44:26,053] {logging_mixin.py:104} INFO - [2021-04-06 18:44:26,053] {dag.py:1818} INFO - Sync 1 DAGs
[2021-04-06 18:44:26,061] {logging_mixin.py:104} INFO - [2021-04-06 18:44:26,061] {dag.py:2273} INFO - Setting next_dagrun for tutorial_etl_dag to None
[2021-04-06 18:44:26,065] {scheduler_job.py:190} INFO - Processing /Users/garonsmith/Desktop/airflow_study/airflow-etl-explore/.venv/lib/python3.8/site-packages/airflow/example_dags/tutorial_etl_dag.py took 0.085 seconds
[2021-04-06 18:44:56,680] {scheduler_job.py:182} INFO - Started process (PID=19849) to work on /Users/garonsmith/Desktop/airflow_study/airflow-etl-explore/.venv/lib/python3.8/site-packages/airflow/example_dags/tutorial_etl_dag.py
[2021-04-06 18:44:56,680] {scheduler_job.py:629} INFO - Processing file /Users/garonsmith/Desktop/airflow_study/airflow-etl-explore/.venv/lib/python3.8/site-packages/airflow/example_dags/tutorial_etl_dag.py for tasks to queue
[2021-04-06 18:44:56,680] {logging_mixin.py:104} INFO - [2021-04-06 18:44:56,680] {dagbag.py:448} INFO - Filling up the DagBag from /Users/garonsmith/Desktop/airflow_study/airflow-etl-explore/.venv/lib/python3.8/site-packages/airflow/example_dags/tutorial_etl_dag.py
[2021-04-06 18:44:56,685] {scheduler_job.py:639} INFO - DAG(s) dict_keys(['tutorial_etl_dag']) retrieved from /Users/garonsmith/Desktop/airflow_study/airflow-etl-explore/.venv/lib/python3.8/site-packages/airflow/example_dags/tutorial_etl_dag.py
[2021-04-06 18:44:56,754] {logging_mixin.py:104} INFO - [2021-04-06 18:44:56,754] {dag.py:1818} INFO - Sync 1 DAGs
[2021-04-06 18:44:56,764] {logging_mixin.py:104} INFO - [2021-04-06 18:44:56,764] {dag.py:2273} INFO - Setting next_dagrun for tutorial_etl_dag to None
[2021-04-06 18:44:56,769] {scheduler_job.py:190} INFO - Processing /Users/garonsmith/Desktop/airflow_study/airflow-etl-explore/.venv/lib/python3.8/site-packages/airflow/example_dags/tutorial_etl_dag.py took 0.089 seconds
[2021-04-06 18:45:28,361] {scheduler_job.py:182} INFO - Started process (PID=19940) to work on /Users/garonsmith/Desktop/airflow_study/airflow-etl-explore/.venv/lib/python3.8/site-packages/airflow/example_dags/tutorial_etl_dag.py
[2021-04-06 18:45:28,361] {scheduler_job.py:629} INFO - Processing file /Users/garonsmith/Desktop/airflow_study/airflow-etl-explore/.venv/lib/python3.8/site-packages/airflow/example_dags/tutorial_etl_dag.py for tasks to queue
[2021-04-06 18:45:28,361] {logging_mixin.py:104} INFO - [2021-04-06 18:45:28,361] {dagbag.py:448} INFO - Filling up the DagBag from /Users/garonsmith/Desktop/airflow_study/airflow-etl-explore/.venv/lib/python3.8/site-packages/airflow/example_dags/tutorial_etl_dag.py
[2021-04-06 18:45:28,366] {scheduler_job.py:639} INFO - DAG(s) dict_keys(['tutorial_etl_dag']) retrieved from /Users/garonsmith/Desktop/airflow_study/airflow-etl-explore/.venv/lib/python3.8/site-packages/airflow/example_dags/tutorial_etl_dag.py
[2021-04-06 18:45:28,405] {logging_mixin.py:104} INFO - [2021-04-06 18:45:28,404] {dag.py:1818} INFO - Sync 1 DAGs
[2021-04-06 18:45:28,411] {logging_mixin.py:104} INFO - [2021-04-06 18:45:28,411] {dag.py:2273} INFO - Setting next_dagrun for tutorial_etl_dag to None
[2021-04-06 18:45:28,416] {scheduler_job.py:190} INFO - Processing /Users/garonsmith/Desktop/airflow_study/airflow-etl-explore/.venv/lib/python3.8/site-packages/airflow/example_dags/tutorial_etl_dag.py took 0.056 seconds
[2021-04-06 18:45:59,635] {scheduler_job.py:182} INFO - Started process (PID=20034) to work on /Users/garonsmith/Desktop/airflow_study/airflow-etl-explore/.venv/lib/python3.8/site-packages/airflow/example_dags/tutorial_etl_dag.py
[2021-04-06 18:45:59,635] {scheduler_job.py:629} INFO - Processing file /Users/garonsmith/Desktop/airflow_study/airflow-etl-explore/.venv/lib/python3.8/site-packages/airflow/example_dags/tutorial_etl_dag.py for tasks to queue
[2021-04-06 18:45:59,635] {logging_mixin.py:104} INFO - [2021-04-06 18:45:59,635] {dagbag.py:448} INFO - Filling up the DagBag from /Users/garonsmith/Desktop/airflow_study/airflow-etl-explore/.venv/lib/python3.8/site-packages/airflow/example_dags/tutorial_etl_dag.py
[2021-04-06 18:45:59,641] {scheduler_job.py:639} INFO - DAG(s) dict_keys(['tutorial_etl_dag']) retrieved from /Users/garonsmith/Desktop/airflow_study/airflow-etl-explore/.venv/lib/python3.8/site-packages/airflow/example_dags/tutorial_etl_dag.py
[2021-04-06 18:45:59,685] {logging_mixin.py:104} INFO - [2021-04-06 18:45:59,685] {dag.py:1818} INFO - Sync 1 DAGs
[2021-04-06 18:45:59,709] {logging_mixin.py:104} INFO - [2021-04-06 18:45:59,709] {dag.py:2273} INFO - Setting next_dagrun for tutorial_etl_dag to None
[2021-04-06 18:45:59,713] {scheduler_job.py:190} INFO - Processing /Users/garonsmith/Desktop/airflow_study/airflow-etl-explore/.venv/lib/python3.8/site-packages/airflow/example_dags/tutorial_etl_dag.py took 0.079 seconds
[2021-04-06 18:46:31,194] {scheduler_job.py:182} INFO - Started process (PID=20131) to work on /Users/garonsmith/Desktop/airflow_study/airflow-etl-explore/.venv/lib/python3.8/site-packages/airflow/example_dags/tutorial_etl_dag.py
[2021-04-06 18:46:31,195] {scheduler_job.py:629} INFO - Processing file /Users/garonsmith/Desktop/airflow_study/airflow-etl-explore/.venv/lib/python3.8/site-packages/airflow/example_dags/tutorial_etl_dag.py for tasks to queue
[2021-04-06 18:46:31,195] {logging_mixin.py:104} INFO - [2021-04-06 18:46:31,195] {dagbag.py:448} INFO - Filling up the DagBag from /Users/garonsmith/Desktop/airflow_study/airflow-etl-explore/.venv/lib/python3.8/site-packages/airflow/example_dags/tutorial_etl_dag.py
[2021-04-06 18:46:31,199] {scheduler_job.py:639} INFO - DAG(s) dict_keys(['tutorial_etl_dag']) retrieved from /Users/garonsmith/Desktop/airflow_study/airflow-etl-explore/.venv/lib/python3.8/site-packages/airflow/example_dags/tutorial_etl_dag.py
[2021-04-06 18:46:31,232] {logging_mixin.py:104} INFO - [2021-04-06 18:46:31,232] {dag.py:1818} INFO - Sync 1 DAGs
[2021-04-06 18:46:31,238] {logging_mixin.py:104} INFO - [2021-04-06 18:46:31,238] {dag.py:2273} INFO - Setting next_dagrun for tutorial_etl_dag to None
[2021-04-06 18:46:31,259] {scheduler_job.py:190} INFO - Processing /Users/garonsmith/Desktop/airflow_study/airflow-etl-explore/.venv/lib/python3.8/site-packages/airflow/example_dags/tutorial_etl_dag.py took 0.066 seconds
[2021-04-06 18:47:02,616] {scheduler_job.py:182} INFO - Started process (PID=20217) to work on /Users/garonsmith/Desktop/airflow_study/airflow-etl-explore/.venv/lib/python3.8/site-packages/airflow/example_dags/tutorial_etl_dag.py
[2021-04-06 18:47:02,617] {scheduler_job.py:629} INFO - Processing file /Users/garonsmith/Desktop/airflow_study/airflow-etl-explore/.venv/lib/python3.8/site-packages/airflow/example_dags/tutorial_etl_dag.py for tasks to queue
[2021-04-06 18:47:02,617] {logging_mixin.py:104} INFO - [2021-04-06 18:47:02,617] {dagbag.py:448} INFO - Filling up the DagBag from /Users/garonsmith/Desktop/airflow_study/airflow-etl-explore/.venv/lib/python3.8/site-packages/airflow/example_dags/tutorial_etl_dag.py
[2021-04-06 18:47:02,621] {scheduler_job.py:639} INFO - DAG(s) dict_keys(['tutorial_etl_dag']) retrieved from /Users/garonsmith/Desktop/airflow_study/airflow-etl-explore/.venv/lib/python3.8/site-packages/airflow/example_dags/tutorial_etl_dag.py
[2021-04-06 18:47:02,657] {logging_mixin.py:104} INFO - [2021-04-06 18:47:02,656] {dag.py:1818} INFO - Sync 1 DAGs
[2021-04-06 18:47:02,663] {logging_mixin.py:104} INFO - [2021-04-06 18:47:02,663] {dag.py:2273} INFO - Setting next_dagrun for tutorial_etl_dag to None
[2021-04-06 18:47:02,667] {scheduler_job.py:190} INFO - Processing /Users/garonsmith/Desktop/airflow_study/airflow-etl-explore/.venv/lib/python3.8/site-packages/airflow/example_dags/tutorial_etl_dag.py took 0.052 seconds
[2021-04-06 18:47:33,754] {scheduler_job.py:182} INFO - Started process (PID=20304) to work on /Users/garonsmith/Desktop/airflow_study/airflow-etl-explore/.venv/lib/python3.8/site-packages/airflow/example_dags/tutorial_etl_dag.py
[2021-04-06 18:47:33,754] {scheduler_job.py:629} INFO - Processing file /Users/garonsmith/Desktop/airflow_study/airflow-etl-explore/.venv/lib/python3.8/site-packages/airflow/example_dags/tutorial_etl_dag.py for tasks to queue
[2021-04-06 18:47:33,754] {logging_mixin.py:104} INFO - [2021-04-06 18:47:33,754] {dagbag.py:448} INFO - Filling up the DagBag from /Users/garonsmith/Desktop/airflow_study/airflow-etl-explore/.venv/lib/python3.8/site-packages/airflow/example_dags/tutorial_etl_dag.py
[2021-04-06 18:47:33,758] {scheduler_job.py:639} INFO - DAG(s) dict_keys(['tutorial_etl_dag']) retrieved from /Users/garonsmith/Desktop/airflow_study/airflow-etl-explore/.venv/lib/python3.8/site-packages/airflow/example_dags/tutorial_etl_dag.py
[2021-04-06 18:47:33,808] {logging_mixin.py:104} INFO - [2021-04-06 18:47:33,807] {dag.py:1818} INFO - Sync 1 DAGs
[2021-04-06 18:47:33,814] {logging_mixin.py:104} INFO - [2021-04-06 18:47:33,814] {dag.py:2273} INFO - Setting next_dagrun for tutorial_etl_dag to None
[2021-04-06 18:47:33,819] {scheduler_job.py:190} INFO - Processing /Users/garonsmith/Desktop/airflow_study/airflow-etl-explore/.venv/lib/python3.8/site-packages/airflow/example_dags/tutorial_etl_dag.py took 0.066 seconds
[2021-04-06 18:48:04,488] {scheduler_job.py:182} INFO - Started process (PID=20389) to work on /Users/garonsmith/Desktop/airflow_study/airflow-etl-explore/.venv/lib/python3.8/site-packages/airflow/example_dags/tutorial_etl_dag.py
[2021-04-06 18:48:04,488] {scheduler_job.py:629} INFO - Processing file /Users/garonsmith/Desktop/airflow_study/airflow-etl-explore/.venv/lib/python3.8/site-packages/airflow/example_dags/tutorial_etl_dag.py for tasks to queue
[2021-04-06 18:48:04,489] {logging_mixin.py:104} INFO - [2021-04-06 18:48:04,489] {dagbag.py:448} INFO - Filling up the DagBag from /Users/garonsmith/Desktop/airflow_study/airflow-etl-explore/.venv/lib/python3.8/site-packages/airflow/example_dags/tutorial_etl_dag.py
[2021-04-06 18:48:04,493] {scheduler_job.py:639} INFO - DAG(s) dict_keys(['tutorial_etl_dag']) retrieved from /Users/garonsmith/Desktop/airflow_study/airflow-etl-explore/.venv/lib/python3.8/site-packages/airflow/example_dags/tutorial_etl_dag.py
[2021-04-06 18:48:04,534] {logging_mixin.py:104} INFO - [2021-04-06 18:48:04,534] {dag.py:1818} INFO - Sync 1 DAGs
[2021-04-06 18:48:04,540] {logging_mixin.py:104} INFO - [2021-04-06 18:48:04,540] {dag.py:2273} INFO - Setting next_dagrun for tutorial_etl_dag to None
[2021-04-06 18:48:04,559] {scheduler_job.py:190} INFO - Processing /Users/garonsmith/Desktop/airflow_study/airflow-etl-explore/.venv/lib/python3.8/site-packages/airflow/example_dags/tutorial_etl_dag.py took 0.072 seconds
[2021-04-06 18:48:36,352] {scheduler_job.py:182} INFO - Started process (PID=20476) to work on /Users/garonsmith/Desktop/airflow_study/airflow-etl-explore/.venv/lib/python3.8/site-packages/airflow/example_dags/tutorial_etl_dag.py
[2021-04-06 18:48:36,353] {scheduler_job.py:629} INFO - Processing file /Users/garonsmith/Desktop/airflow_study/airflow-etl-explore/.venv/lib/python3.8/site-packages/airflow/example_dags/tutorial_etl_dag.py for tasks to queue
[2021-04-06 18:48:36,353] {logging_mixin.py:104} INFO - [2021-04-06 18:48:36,353] {dagbag.py:448} INFO - Filling up the DagBag from /Users/garonsmith/Desktop/airflow_study/airflow-etl-explore/.venv/lib/python3.8/site-packages/airflow/example_dags/tutorial_etl_dag.py
[2021-04-06 18:48:36,357] {scheduler_job.py:639} INFO - DAG(s) dict_keys(['tutorial_etl_dag']) retrieved from /Users/garonsmith/Desktop/airflow_study/airflow-etl-explore/.venv/lib/python3.8/site-packages/airflow/example_dags/tutorial_etl_dag.py
[2021-04-06 18:48:36,385] {logging_mixin.py:104} INFO - [2021-04-06 18:48:36,384] {dag.py:1818} INFO - Sync 1 DAGs
[2021-04-06 18:48:36,390] {logging_mixin.py:104} INFO - [2021-04-06 18:48:36,390] {dag.py:2273} INFO - Setting next_dagrun for tutorial_etl_dag to None
[2021-04-06 18:48:36,410] {scheduler_job.py:190} INFO - Processing /Users/garonsmith/Desktop/airflow_study/airflow-etl-explore/.venv/lib/python3.8/site-packages/airflow/example_dags/tutorial_etl_dag.py took 0.058 seconds
[2021-04-06 18:49:07,171] {scheduler_job.py:182} INFO - Started process (PID=20595) to work on /Users/garonsmith/Desktop/airflow_study/airflow-etl-explore/.venv/lib/python3.8/site-packages/airflow/example_dags/tutorial_etl_dag.py
[2021-04-06 18:49:07,172] {scheduler_job.py:629} INFO - Processing file /Users/garonsmith/Desktop/airflow_study/airflow-etl-explore/.venv/lib/python3.8/site-packages/airflow/example_dags/tutorial_etl_dag.py for tasks to queue
[2021-04-06 18:49:07,172] {logging_mixin.py:104} INFO - [2021-04-06 18:49:07,172] {dagbag.py:448} INFO - Filling up the DagBag from /Users/garonsmith/Desktop/airflow_study/airflow-etl-explore/.venv/lib/python3.8/site-packages/airflow/example_dags/tutorial_etl_dag.py
[2021-04-06 18:49:07,177] {scheduler_job.py:639} INFO - DAG(s) dict_keys(['tutorial_etl_dag']) retrieved from /Users/garonsmith/Desktop/airflow_study/airflow-etl-explore/.venv/lib/python3.8/site-packages/airflow/example_dags/tutorial_etl_dag.py
[2021-04-06 18:49:07,211] {logging_mixin.py:104} INFO - [2021-04-06 18:49:07,211] {dag.py:1818} INFO - Sync 1 DAGs
[2021-04-06 18:49:07,219] {logging_mixin.py:104} INFO - [2021-04-06 18:49:07,219] {dag.py:2273} INFO - Setting next_dagrun for tutorial_etl_dag to None
[2021-04-06 18:49:07,224] {scheduler_job.py:190} INFO - Processing /Users/garonsmith/Desktop/airflow_study/airflow-etl-explore/.venv/lib/python3.8/site-packages/airflow/example_dags/tutorial_etl_dag.py took 0.053 seconds
[2021-04-06 18:49:11,557] {scheduler_job.py:182} INFO - Started process (PID=20649) to work on /Users/garonsmith/Desktop/airflow_study/airflow-etl-explore/.venv/lib/python3.8/site-packages/airflow/example_dags/tutorial_etl_dag.py
[2021-04-06 18:49:11,557] {scheduler_job.py:629} INFO - Processing file /Users/garonsmith/Desktop/airflow_study/airflow-etl-explore/.venv/lib/python3.8/site-packages/airflow/example_dags/tutorial_etl_dag.py for tasks to queue
[2021-04-06 18:49:11,557] {logging_mixin.py:104} INFO - [2021-04-06 18:49:11,557] {dagbag.py:448} INFO - Filling up the DagBag from /Users/garonsmith/Desktop/airflow_study/airflow-etl-explore/.venv/lib/python3.8/site-packages/airflow/example_dags/tutorial_etl_dag.py
[2021-04-06 18:49:11,562] {scheduler_job.py:639} INFO - DAG(s) dict_keys(['tutorial_etl_dag']) retrieved from /Users/garonsmith/Desktop/airflow_study/airflow-etl-explore/.venv/lib/python3.8/site-packages/airflow/example_dags/tutorial_etl_dag.py
[2021-04-06 18:49:11,590] {logging_mixin.py:104} INFO - [2021-04-06 18:49:11,590] {dag.py:1818} INFO - Sync 1 DAGs
[2021-04-06 18:49:11,613] {logging_mixin.py:104} INFO - [2021-04-06 18:49:11,613] {dag.py:2273} INFO - Setting next_dagrun for tutorial_etl_dag to None
[2021-04-06 18:49:11,618] {scheduler_job.py:190} INFO - Processing /Users/garonsmith/Desktop/airflow_study/airflow-etl-explore/.venv/lib/python3.8/site-packages/airflow/example_dags/tutorial_etl_dag.py took 0.062 seconds
[2021-04-06 18:49:38,114] {scheduler_job.py:182} INFO - Started process (PID=20761) to work on /Users/garonsmith/Desktop/airflow_study/airflow-etl-explore/.venv/lib/python3.8/site-packages/airflow/example_dags/tutorial_etl_dag.py
[2021-04-06 18:49:38,116] {scheduler_job.py:629} INFO - Processing file /Users/garonsmith/Desktop/airflow_study/airflow-etl-explore/.venv/lib/python3.8/site-packages/airflow/example_dags/tutorial_etl_dag.py for tasks to queue
[2021-04-06 18:49:38,116] {logging_mixin.py:104} INFO - [2021-04-06 18:49:38,116] {dagbag.py:448} INFO - Filling up the DagBag from /Users/garonsmith/Desktop/airflow_study/airflow-etl-explore/.venv/lib/python3.8/site-packages/airflow/example_dags/tutorial_etl_dag.py
[2021-04-06 18:49:38,122] {scheduler_job.py:639} INFO - DAG(s) dict_keys(['tutorial_etl_dag']) retrieved from /Users/garonsmith/Desktop/airflow_study/airflow-etl-explore/.venv/lib/python3.8/site-packages/airflow/example_dags/tutorial_etl_dag.py
[2021-04-06 18:49:38,160] {logging_mixin.py:104} INFO - [2021-04-06 18:49:38,160] {dag.py:1818} INFO - Sync 1 DAGs
[2021-04-06 18:49:38,168] {logging_mixin.py:104} INFO - [2021-04-06 18:49:38,168] {dag.py:2273} INFO - Setting next_dagrun for tutorial_etl_dag to None
[2021-04-06 18:49:38,173] {scheduler_job.py:190} INFO - Processing /Users/garonsmith/Desktop/airflow_study/airflow-etl-explore/.venv/lib/python3.8/site-packages/airflow/example_dags/tutorial_etl_dag.py took 0.059 seconds
[2021-04-06 18:49:42,570] {scheduler_job.py:182} INFO - Started process (PID=20814) to work on /Users/garonsmith/Desktop/airflow_study/airflow-etl-explore/.venv/lib/python3.8/site-packages/airflow/example_dags/tutorial_etl_dag.py
[2021-04-06 18:49:42,570] {scheduler_job.py:629} INFO - Processing file /Users/garonsmith/Desktop/airflow_study/airflow-etl-explore/.venv/lib/python3.8/site-packages/airflow/example_dags/tutorial_etl_dag.py for tasks to queue
[2021-04-06 18:49:42,570] {logging_mixin.py:104} INFO - [2021-04-06 18:49:42,570] {dagbag.py:448} INFO - Filling up the DagBag from /Users/garonsmith/Desktop/airflow_study/airflow-etl-explore/.venv/lib/python3.8/site-packages/airflow/example_dags/tutorial_etl_dag.py
[2021-04-06 18:49:42,576] {scheduler_job.py:639} INFO - DAG(s) dict_keys(['tutorial_etl_dag']) retrieved from /Users/garonsmith/Desktop/airflow_study/airflow-etl-explore/.venv/lib/python3.8/site-packages/airflow/example_dags/tutorial_etl_dag.py
[2021-04-06 18:49:42,611] {logging_mixin.py:104} INFO - [2021-04-06 18:49:42,610] {dag.py:1818} INFO - Sync 1 DAGs
[2021-04-06 18:49:42,621] {logging_mixin.py:104} INFO - [2021-04-06 18:49:42,620] {dag.py:2273} INFO - Setting next_dagrun for tutorial_etl_dag to None
[2021-04-06 18:49:42,625] {scheduler_job.py:190} INFO - Processing /Users/garonsmith/Desktop/airflow_study/airflow-etl-explore/.venv/lib/python3.8/site-packages/airflow/example_dags/tutorial_etl_dag.py took 0.056 seconds
[2021-04-06 18:50:09,004] {scheduler_job.py:182} INFO - Started process (PID=20932) to work on /Users/garonsmith/Desktop/airflow_study/airflow-etl-explore/.venv/lib/python3.8/site-packages/airflow/example_dags/tutorial_etl_dag.py
[2021-04-06 18:50:09,004] {scheduler_job.py:629} INFO - Processing file /Users/garonsmith/Desktop/airflow_study/airflow-etl-explore/.venv/lib/python3.8/site-packages/airflow/example_dags/tutorial_etl_dag.py for tasks to queue
[2021-04-06 18:50:09,004] {logging_mixin.py:104} INFO - [2021-04-06 18:50:09,004] {dagbag.py:448} INFO - Filling up the DagBag from /Users/garonsmith/Desktop/airflow_study/airflow-etl-explore/.venv/lib/python3.8/site-packages/airflow/example_dags/tutorial_etl_dag.py
[2021-04-06 18:50:09,008] {scheduler_job.py:639} INFO - DAG(s) dict_keys(['tutorial_etl_dag']) retrieved from /Users/garonsmith/Desktop/airflow_study/airflow-etl-explore/.venv/lib/python3.8/site-packages/airflow/example_dags/tutorial_etl_dag.py
[2021-04-06 18:50:09,038] {logging_mixin.py:104} INFO - [2021-04-06 18:50:09,038] {dag.py:1818} INFO - Sync 1 DAGs
[2021-04-06 18:50:09,044] {logging_mixin.py:104} INFO - [2021-04-06 18:50:09,044] {dag.py:2273} INFO - Setting next_dagrun for tutorial_etl_dag to None
[2021-04-06 18:50:09,065] {scheduler_job.py:190} INFO - Processing /Users/garonsmith/Desktop/airflow_study/airflow-etl-explore/.venv/lib/python3.8/site-packages/airflow/example_dags/tutorial_etl_dag.py took 0.062 seconds
[2021-04-06 18:50:13,648] {scheduler_job.py:182} INFO - Started process (PID=20985) to work on /Users/garonsmith/Desktop/airflow_study/airflow-etl-explore/.venv/lib/python3.8/site-packages/airflow/example_dags/tutorial_etl_dag.py
[2021-04-06 18:50:13,648] {scheduler_job.py:629} INFO - Processing file /Users/garonsmith/Desktop/airflow_study/airflow-etl-explore/.venv/lib/python3.8/site-packages/airflow/example_dags/tutorial_etl_dag.py for tasks to queue
[2021-04-06 18:50:13,649] {logging_mixin.py:104} INFO - [2021-04-06 18:50:13,648] {dagbag.py:448} INFO - Filling up the DagBag from /Users/garonsmith/Desktop/airflow_study/airflow-etl-explore/.venv/lib/python3.8/site-packages/airflow/example_dags/tutorial_etl_dag.py
[2021-04-06 18:50:13,653] {scheduler_job.py:639} INFO - DAG(s) dict_keys(['tutorial_etl_dag']) retrieved from /Users/garonsmith/Desktop/airflow_study/airflow-etl-explore/.venv/lib/python3.8/site-packages/airflow/example_dags/tutorial_etl_dag.py
[2021-04-06 18:50:13,687] {logging_mixin.py:104} INFO - [2021-04-06 18:50:13,686] {dag.py:1818} INFO - Sync 1 DAGs
[2021-04-06 18:50:13,692] {logging_mixin.py:104} INFO - [2021-04-06 18:50:13,692] {dag.py:2273} INFO - Setting next_dagrun for tutorial_etl_dag to None
[2021-04-06 18:50:13,713] {scheduler_job.py:190} INFO - Processing /Users/garonsmith/Desktop/airflow_study/airflow-etl-explore/.venv/lib/python3.8/site-packages/airflow/example_dags/tutorial_etl_dag.py took 0.065 seconds
[2021-04-06 18:50:39,900] {scheduler_job.py:182} INFO - Started process (PID=21097) to work on /Users/garonsmith/Desktop/airflow_study/airflow-etl-explore/.venv/lib/python3.8/site-packages/airflow/example_dags/tutorial_etl_dag.py
[2021-04-06 18:50:39,901] {scheduler_job.py:629} INFO - Processing file /Users/garonsmith/Desktop/airflow_study/airflow-etl-explore/.venv/lib/python3.8/site-packages/airflow/example_dags/tutorial_etl_dag.py for tasks to queue
[2021-04-06 18:50:39,901] {logging_mixin.py:104} INFO - [2021-04-06 18:50:39,901] {dagbag.py:448} INFO - Filling up the DagBag from /Users/garonsmith/Desktop/airflow_study/airflow-etl-explore/.venv/lib/python3.8/site-packages/airflow/example_dags/tutorial_etl_dag.py
[2021-04-06 18:50:39,905] {scheduler_job.py:639} INFO - DAG(s) dict_keys(['tutorial_etl_dag']) retrieved from /Users/garonsmith/Desktop/airflow_study/airflow-etl-explore/.venv/lib/python3.8/site-packages/airflow/example_dags/tutorial_etl_dag.py
[2021-04-06 18:50:39,937] {logging_mixin.py:104} INFO - [2021-04-06 18:50:39,937] {dag.py:1818} INFO - Sync 1 DAGs
[2021-04-06 18:50:39,944] {logging_mixin.py:104} INFO - [2021-04-06 18:50:39,944] {dag.py:2273} INFO - Setting next_dagrun for tutorial_etl_dag to None
[2021-04-06 18:50:39,968] {scheduler_job.py:190} INFO - Processing /Users/garonsmith/Desktop/airflow_study/airflow-etl-explore/.venv/lib/python3.8/site-packages/airflow/example_dags/tutorial_etl_dag.py took 0.068 seconds
[2021-04-06 18:50:44,550] {scheduler_job.py:182} INFO - Started process (PID=21147) to work on /Users/garonsmith/Desktop/airflow_study/airflow-etl-explore/.venv/lib/python3.8/site-packages/airflow/example_dags/tutorial_etl_dag.py
[2021-04-06 18:50:44,550] {scheduler_job.py:629} INFO - Processing file /Users/garonsmith/Desktop/airflow_study/airflow-etl-explore/.venv/lib/python3.8/site-packages/airflow/example_dags/tutorial_etl_dag.py for tasks to queue
[2021-04-06 18:50:44,551] {logging_mixin.py:104} INFO - [2021-04-06 18:50:44,551] {dagbag.py:448} INFO - Filling up the DagBag from /Users/garonsmith/Desktop/airflow_study/airflow-etl-explore/.venv/lib/python3.8/site-packages/airflow/example_dags/tutorial_etl_dag.py
[2021-04-06 18:50:44,555] {scheduler_job.py:639} INFO - DAG(s) dict_keys(['tutorial_etl_dag']) retrieved from /Users/garonsmith/Desktop/airflow_study/airflow-etl-explore/.venv/lib/python3.8/site-packages/airflow/example_dags/tutorial_etl_dag.py
[2021-04-06 18:50:44,593] {logging_mixin.py:104} INFO - [2021-04-06 18:50:44,592] {dag.py:1818} INFO - Sync 1 DAGs
[2021-04-06 18:50:44,616] {logging_mixin.py:104} INFO - [2021-04-06 18:50:44,616] {dag.py:2273} INFO - Setting next_dagrun for tutorial_etl_dag to None
[2021-04-06 18:50:44,623] {scheduler_job.py:190} INFO - Processing /Users/garonsmith/Desktop/airflow_study/airflow-etl-explore/.venv/lib/python3.8/site-packages/airflow/example_dags/tutorial_etl_dag.py took 0.074 seconds
[2021-04-06 18:51:10,855] {scheduler_job.py:182} INFO - Started process (PID=21263) to work on /Users/garonsmith/Desktop/airflow_study/airflow-etl-explore/.venv/lib/python3.8/site-packages/airflow/example_dags/tutorial_etl_dag.py
[2021-04-06 18:51:10,856] {scheduler_job.py:629} INFO - Processing file /Users/garonsmith/Desktop/airflow_study/airflow-etl-explore/.venv/lib/python3.8/site-packages/airflow/example_dags/tutorial_etl_dag.py for tasks to queue
[2021-04-06 18:51:10,856] {logging_mixin.py:104} INFO - [2021-04-06 18:51:10,856] {dagbag.py:448} INFO - Filling up the DagBag from /Users/garonsmith/Desktop/airflow_study/airflow-etl-explore/.venv/lib/python3.8/site-packages/airflow/example_dags/tutorial_etl_dag.py
[2021-04-06 18:51:10,860] {scheduler_job.py:639} INFO - DAG(s) dict_keys(['tutorial_etl_dag']) retrieved from /Users/garonsmith/Desktop/airflow_study/airflow-etl-explore/.venv/lib/python3.8/site-packages/airflow/example_dags/tutorial_etl_dag.py
[2021-04-06 18:51:10,892] {logging_mixin.py:104} INFO - [2021-04-06 18:51:10,892] {dag.py:1818} INFO - Sync 1 DAGs
[2021-04-06 18:51:10,917] {logging_mixin.py:104} INFO - [2021-04-06 18:51:10,917] {dag.py:2273} INFO - Setting next_dagrun for tutorial_etl_dag to None
[2021-04-06 18:51:10,923] {scheduler_job.py:190} INFO - Processing /Users/garonsmith/Desktop/airflow_study/airflow-etl-explore/.venv/lib/python3.8/site-packages/airflow/example_dags/tutorial_etl_dag.py took 0.068 seconds
[2021-04-06 18:51:15,534] {scheduler_job.py:182} INFO - Started process (PID=21306) to work on /Users/garonsmith/Desktop/airflow_study/airflow-etl-explore/.venv/lib/python3.8/site-packages/airflow/example_dags/tutorial_etl_dag.py
[2021-04-06 18:51:15,534] {scheduler_job.py:629} INFO - Processing file /Users/garonsmith/Desktop/airflow_study/airflow-etl-explore/.venv/lib/python3.8/site-packages/airflow/example_dags/tutorial_etl_dag.py for tasks to queue
[2021-04-06 18:51:15,534] {logging_mixin.py:104} INFO - [2021-04-06 18:51:15,534] {dagbag.py:448} INFO - Filling up the DagBag from /Users/garonsmith/Desktop/airflow_study/airflow-etl-explore/.venv/lib/python3.8/site-packages/airflow/example_dags/tutorial_etl_dag.py
[2021-04-06 18:51:15,539] {scheduler_job.py:639} INFO - DAG(s) dict_keys(['tutorial_etl_dag']) retrieved from /Users/garonsmith/Desktop/airflow_study/airflow-etl-explore/.venv/lib/python3.8/site-packages/airflow/example_dags/tutorial_etl_dag.py
[2021-04-06 18:51:15,586] {logging_mixin.py:104} INFO - [2021-04-06 18:51:15,586] {dag.py:1818} INFO - Sync 1 DAGs
[2021-04-06 18:51:15,593] {logging_mixin.py:104} INFO - [2021-04-06 18:51:15,593] {dag.py:2273} INFO - Setting next_dagrun for tutorial_etl_dag to None
[2021-04-06 18:51:15,614] {scheduler_job.py:190} INFO - Processing /Users/garonsmith/Desktop/airflow_study/airflow-etl-explore/.venv/lib/python3.8/site-packages/airflow/example_dags/tutorial_etl_dag.py took 0.081 seconds
[2021-04-06 18:51:41,885] {scheduler_job.py:182} INFO - Started process (PID=21428) to work on /Users/garonsmith/Desktop/airflow_study/airflow-etl-explore/.venv/lib/python3.8/site-packages/airflow/example_dags/tutorial_etl_dag.py
[2021-04-06 18:51:41,885] {scheduler_job.py:629} INFO - Processing file /Users/garonsmith/Desktop/airflow_study/airflow-etl-explore/.venv/lib/python3.8/site-packages/airflow/example_dags/tutorial_etl_dag.py for tasks to queue
[2021-04-06 18:51:41,885] {logging_mixin.py:104} INFO - [2021-04-06 18:51:41,885] {dagbag.py:448} INFO - Filling up the DagBag from /Users/garonsmith/Desktop/airflow_study/airflow-etl-explore/.venv/lib/python3.8/site-packages/airflow/example_dags/tutorial_etl_dag.py
[2021-04-06 18:51:41,890] {scheduler_job.py:639} INFO - DAG(s) dict_keys(['tutorial_etl_dag']) retrieved from /Users/garonsmith/Desktop/airflow_study/airflow-etl-explore/.venv/lib/python3.8/site-packages/airflow/example_dags/tutorial_etl_dag.py
[2021-04-06 18:51:41,940] {logging_mixin.py:104} INFO - [2021-04-06 18:51:41,939] {dag.py:1818} INFO - Sync 1 DAGs
[2021-04-06 18:51:41,963] {logging_mixin.py:104} INFO - [2021-04-06 18:51:41,963] {dag.py:2273} INFO - Setting next_dagrun for tutorial_etl_dag to None
[2021-04-06 18:51:41,969] {scheduler_job.py:190} INFO - Processing /Users/garonsmith/Desktop/airflow_study/airflow-etl-explore/.venv/lib/python3.8/site-packages/airflow/example_dags/tutorial_etl_dag.py took 0.085 seconds
[2021-04-06 18:51:46,912] {scheduler_job.py:182} INFO - Started process (PID=21474) to work on /Users/garonsmith/Desktop/airflow_study/airflow-etl-explore/.venv/lib/python3.8/site-packages/airflow/example_dags/tutorial_etl_dag.py
[2021-04-06 18:51:46,913] {scheduler_job.py:629} INFO - Processing file /Users/garonsmith/Desktop/airflow_study/airflow-etl-explore/.venv/lib/python3.8/site-packages/airflow/example_dags/tutorial_etl_dag.py for tasks to queue
[2021-04-06 18:51:46,913] {logging_mixin.py:104} INFO - [2021-04-06 18:51:46,913] {dagbag.py:448} INFO - Filling up the DagBag from /Users/garonsmith/Desktop/airflow_study/airflow-etl-explore/.venv/lib/python3.8/site-packages/airflow/example_dags/tutorial_etl_dag.py
[2021-04-06 18:51:46,918] {scheduler_job.py:639} INFO - DAG(s) dict_keys(['tutorial_etl_dag']) retrieved from /Users/garonsmith/Desktop/airflow_study/airflow-etl-explore/.venv/lib/python3.8/site-packages/airflow/example_dags/tutorial_etl_dag.py
[2021-04-06 18:51:46,964] {logging_mixin.py:104} INFO - [2021-04-06 18:51:46,963] {dag.py:1818} INFO - Sync 1 DAGs
[2021-04-06 18:51:46,970] {logging_mixin.py:104} INFO - [2021-04-06 18:51:46,970] {dag.py:2273} INFO - Setting next_dagrun for tutorial_etl_dag to None
[2021-04-06 18:51:46,974] {scheduler_job.py:190} INFO - Processing /Users/garonsmith/Desktop/airflow_study/airflow-etl-explore/.venv/lib/python3.8/site-packages/airflow/example_dags/tutorial_etl_dag.py took 0.063 seconds
[2021-04-06 18:52:13,084] {scheduler_job.py:182} INFO - Started process (PID=21576) to work on /Users/garonsmith/Desktop/airflow_study/airflow-etl-explore/.venv/lib/python3.8/site-packages/airflow/example_dags/tutorial_etl_dag.py
[2021-04-06 18:52:13,085] {scheduler_job.py:629} INFO - Processing file /Users/garonsmith/Desktop/airflow_study/airflow-etl-explore/.venv/lib/python3.8/site-packages/airflow/example_dags/tutorial_etl_dag.py for tasks to queue
[2021-04-06 18:52:13,085] {logging_mixin.py:104} INFO - [2021-04-06 18:52:13,085] {dagbag.py:448} INFO - Filling up the DagBag from /Users/garonsmith/Desktop/airflow_study/airflow-etl-explore/.venv/lib/python3.8/site-packages/airflow/example_dags/tutorial_etl_dag.py
[2021-04-06 18:52:13,090] {scheduler_job.py:639} INFO - DAG(s) dict_keys(['tutorial_etl_dag']) retrieved from /Users/garonsmith/Desktop/airflow_study/airflow-etl-explore/.venv/lib/python3.8/site-packages/airflow/example_dags/tutorial_etl_dag.py
[2021-04-06 18:52:13,141] {logging_mixin.py:104} INFO - [2021-04-06 18:52:13,141] {dag.py:1818} INFO - Sync 1 DAGs
[2021-04-06 18:52:13,164] {logging_mixin.py:104} INFO - [2021-04-06 18:52:13,164] {dag.py:2273} INFO - Setting next_dagrun for tutorial_etl_dag to None
[2021-04-06 18:52:13,193] {scheduler_job.py:190} INFO - Processing /Users/garonsmith/Desktop/airflow_study/airflow-etl-explore/.venv/lib/python3.8/site-packages/airflow/example_dags/tutorial_etl_dag.py took 0.109 seconds
[2021-04-06 18:52:44,137] {scheduler_job.py:182} INFO - Started process (PID=21673) to work on /Users/garonsmith/Desktop/airflow_study/airflow-etl-explore/.venv/lib/python3.8/site-packages/airflow/example_dags/tutorial_etl_dag.py
[2021-04-06 18:52:44,138] {scheduler_job.py:629} INFO - Processing file /Users/garonsmith/Desktop/airflow_study/airflow-etl-explore/.venv/lib/python3.8/site-packages/airflow/example_dags/tutorial_etl_dag.py for tasks to queue
[2021-04-06 18:52:44,139] {logging_mixin.py:104} INFO - [2021-04-06 18:52:44,139] {dagbag.py:448} INFO - Filling up the DagBag from /Users/garonsmith/Desktop/airflow_study/airflow-etl-explore/.venv/lib/python3.8/site-packages/airflow/example_dags/tutorial_etl_dag.py
[2021-04-06 18:52:44,144] {scheduler_job.py:639} INFO - DAG(s) dict_keys(['tutorial_etl_dag']) retrieved from /Users/garonsmith/Desktop/airflow_study/airflow-etl-explore/.venv/lib/python3.8/site-packages/airflow/example_dags/tutorial_etl_dag.py
[2021-04-06 18:52:44,191] {logging_mixin.py:104} INFO - [2021-04-06 18:52:44,191] {dag.py:1818} INFO - Sync 1 DAGs
[2021-04-06 18:52:44,197] {logging_mixin.py:104} INFO - [2021-04-06 18:52:44,197] {dag.py:2273} INFO - Setting next_dagrun for tutorial_etl_dag to None
[2021-04-06 18:52:44,218] {scheduler_job.py:190} INFO - Processing /Users/garonsmith/Desktop/airflow_study/airflow-etl-explore/.venv/lib/python3.8/site-packages/airflow/example_dags/tutorial_etl_dag.py took 0.082 seconds
[2021-04-06 18:53:14,976] {scheduler_job.py:182} INFO - Started process (PID=21760) to work on /Users/garonsmith/Desktop/airflow_study/airflow-etl-explore/.venv/lib/python3.8/site-packages/airflow/example_dags/tutorial_etl_dag.py
[2021-04-06 18:53:14,976] {scheduler_job.py:629} INFO - Processing file /Users/garonsmith/Desktop/airflow_study/airflow-etl-explore/.venv/lib/python3.8/site-packages/airflow/example_dags/tutorial_etl_dag.py for tasks to queue
[2021-04-06 18:53:14,976] {logging_mixin.py:104} INFO - [2021-04-06 18:53:14,976] {dagbag.py:448} INFO - Filling up the DagBag from /Users/garonsmith/Desktop/airflow_study/airflow-etl-explore/.venv/lib/python3.8/site-packages/airflow/example_dags/tutorial_etl_dag.py
[2021-04-06 18:53:14,981] {scheduler_job.py:639} INFO - DAG(s) dict_keys(['tutorial_etl_dag']) retrieved from /Users/garonsmith/Desktop/airflow_study/airflow-etl-explore/.venv/lib/python3.8/site-packages/airflow/example_dags/tutorial_etl_dag.py
[2021-04-06 18:53:15,015] {logging_mixin.py:104} INFO - [2021-04-06 18:53:15,015] {dag.py:1818} INFO - Sync 1 DAGs
[2021-04-06 18:53:15,024] {logging_mixin.py:104} INFO - [2021-04-06 18:53:15,024] {dag.py:2273} INFO - Setting next_dagrun for tutorial_etl_dag to None
[2021-04-06 18:53:15,029] {scheduler_job.py:190} INFO - Processing /Users/garonsmith/Desktop/airflow_study/airflow-etl-explore/.venv/lib/python3.8/site-packages/airflow/example_dags/tutorial_etl_dag.py took 0.054 seconds
[2021-04-06 18:53:46,160] {scheduler_job.py:182} INFO - Started process (PID=21867) to work on /Users/garonsmith/Desktop/airflow_study/airflow-etl-explore/.venv/lib/python3.8/site-packages/airflow/example_dags/tutorial_etl_dag.py
[2021-04-06 18:53:46,160] {scheduler_job.py:629} INFO - Processing file /Users/garonsmith/Desktop/airflow_study/airflow-etl-explore/.venv/lib/python3.8/site-packages/airflow/example_dags/tutorial_etl_dag.py for tasks to queue
[2021-04-06 18:53:46,160] {logging_mixin.py:104} INFO - [2021-04-06 18:53:46,160] {dagbag.py:448} INFO - Filling up the DagBag from /Users/garonsmith/Desktop/airflow_study/airflow-etl-explore/.venv/lib/python3.8/site-packages/airflow/example_dags/tutorial_etl_dag.py
[2021-04-06 18:53:46,165] {scheduler_job.py:639} INFO - DAG(s) dict_keys(['tutorial_etl_dag']) retrieved from /Users/garonsmith/Desktop/airflow_study/airflow-etl-explore/.venv/lib/python3.8/site-packages/airflow/example_dags/tutorial_etl_dag.py
[2021-04-06 18:53:46,196] {logging_mixin.py:104} INFO - [2021-04-06 18:53:46,196] {dag.py:1818} INFO - Sync 1 DAGs
[2021-04-06 18:53:46,218] {logging_mixin.py:104} INFO - [2021-04-06 18:53:46,218] {dag.py:2273} INFO - Setting next_dagrun for tutorial_etl_dag to None
[2021-04-06 18:53:46,224] {scheduler_job.py:190} INFO - Processing /Users/garonsmith/Desktop/airflow_study/airflow-etl-explore/.venv/lib/python3.8/site-packages/airflow/example_dags/tutorial_etl_dag.py took 0.065 seconds
