[2021-04-06 18:36:16,840] {scheduler_job.py:182} INFO - Started process (PID=17401) to work on /Users/garonsmith/Desktop/airflow_study/airflow-etl-explore/.venv/lib/python3.8/site-packages/airflow/example_dags/tutorial.py
[2021-04-06 18:36:16,841] {scheduler_job.py:629} INFO - Processing file /Users/garonsmith/Desktop/airflow_study/airflow-etl-explore/.venv/lib/python3.8/site-packages/airflow/example_dags/tutorial.py for tasks to queue
[2021-04-06 18:36:16,841] {logging_mixin.py:104} INFO - [2021-04-06 18:36:16,841] {dagbag.py:448} INFO - Filling up the DagBag from /Users/garonsmith/Desktop/airflow_study/airflow-etl-explore/.venv/lib/python3.8/site-packages/airflow/example_dags/tutorial.py
[2021-04-06 18:36:16,844] {scheduler_job.py:639} INFO - DAG(s) dict_keys(['tutorial']) retrieved from /Users/garonsmith/Desktop/airflow_study/airflow-etl-explore/.venv/lib/python3.8/site-packages/airflow/example_dags/tutorial.py
[2021-04-06 18:36:16,874] {logging_mixin.py:104} INFO - [2021-04-06 18:36:16,874] {dag.py:1818} INFO - Sync 1 DAGs
[2021-04-06 18:36:16,880] {logging_mixin.py:104} INFO - [2021-04-06 18:36:16,880] {dag.py:2273} INFO - Setting next_dagrun for tutorial to 2021-04-04 00:00:00+00:00
[2021-04-06 18:36:16,884] {scheduler_job.py:190} INFO - Processing /Users/garonsmith/Desktop/airflow_study/airflow-etl-explore/.venv/lib/python3.8/site-packages/airflow/example_dags/tutorial.py took 0.044 seconds
[2021-04-06 18:36:48,122] {scheduler_job.py:182} INFO - Started process (PID=17490) to work on /Users/garonsmith/Desktop/airflow_study/airflow-etl-explore/.venv/lib/python3.8/site-packages/airflow/example_dags/tutorial.py
[2021-04-06 18:36:48,123] {scheduler_job.py:629} INFO - Processing file /Users/garonsmith/Desktop/airflow_study/airflow-etl-explore/.venv/lib/python3.8/site-packages/airflow/example_dags/tutorial.py for tasks to queue
[2021-04-06 18:36:48,123] {logging_mixin.py:104} INFO - [2021-04-06 18:36:48,123] {dagbag.py:448} INFO - Filling up the DagBag from /Users/garonsmith/Desktop/airflow_study/airflow-etl-explore/.venv/lib/python3.8/site-packages/airflow/example_dags/tutorial.py
[2021-04-06 18:36:48,128] {scheduler_job.py:639} INFO - DAG(s) dict_keys(['tutorial']) retrieved from /Users/garonsmith/Desktop/airflow_study/airflow-etl-explore/.venv/lib/python3.8/site-packages/airflow/example_dags/tutorial.py
[2021-04-06 18:36:48,163] {logging_mixin.py:104} INFO - [2021-04-06 18:36:48,163] {dag.py:1818} INFO - Sync 1 DAGs
[2021-04-06 18:36:48,171] {logging_mixin.py:104} INFO - [2021-04-06 18:36:48,171] {dag.py:2273} INFO - Setting next_dagrun for tutorial to 2021-04-04 00:00:00+00:00
[2021-04-06 18:36:48,179] {scheduler_job.py:190} INFO - Processing /Users/garonsmith/Desktop/airflow_study/airflow-etl-explore/.venv/lib/python3.8/site-packages/airflow/example_dags/tutorial.py took 0.057 seconds
[2021-04-06 18:37:19,242] {scheduler_job.py:182} INFO - Started process (PID=18388) to work on /Users/garonsmith/Desktop/airflow_study/airflow-etl-explore/.venv/lib/python3.8/site-packages/airflow/example_dags/tutorial.py
[2021-04-06 18:37:19,243] {scheduler_job.py:629} INFO - Processing file /Users/garonsmith/Desktop/airflow_study/airflow-etl-explore/.venv/lib/python3.8/site-packages/airflow/example_dags/tutorial.py for tasks to queue
[2021-04-06 18:37:19,243] {logging_mixin.py:104} INFO - [2021-04-06 18:37:19,243] {dagbag.py:448} INFO - Filling up the DagBag from /Users/garonsmith/Desktop/airflow_study/airflow-etl-explore/.venv/lib/python3.8/site-packages/airflow/example_dags/tutorial.py
[2021-04-06 18:37:19,248] {scheduler_job.py:639} INFO - DAG(s) dict_keys(['tutorial']) retrieved from /Users/garonsmith/Desktop/airflow_study/airflow-etl-explore/.venv/lib/python3.8/site-packages/airflow/example_dags/tutorial.py
[2021-04-06 18:37:19,277] {logging_mixin.py:104} INFO - [2021-04-06 18:37:19,277] {dag.py:1818} INFO - Sync 1 DAGs
[2021-04-06 18:37:19,283] {logging_mixin.py:104} INFO - [2021-04-06 18:37:19,283] {dag.py:2273} INFO - Setting next_dagrun for tutorial to 2021-04-04 00:00:00+00:00
[2021-04-06 18:37:19,288] {scheduler_job.py:190} INFO - Processing /Users/garonsmith/Desktop/airflow_study/airflow-etl-explore/.venv/lib/python3.8/site-packages/airflow/example_dags/tutorial.py took 0.047 seconds
[2021-04-06 18:37:50,369] {scheduler_job.py:182} INFO - Started process (PID=18469) to work on /Users/garonsmith/Desktop/airflow_study/airflow-etl-explore/.venv/lib/python3.8/site-packages/airflow/example_dags/tutorial.py
[2021-04-06 18:37:50,369] {scheduler_job.py:629} INFO - Processing file /Users/garonsmith/Desktop/airflow_study/airflow-etl-explore/.venv/lib/python3.8/site-packages/airflow/example_dags/tutorial.py for tasks to queue
[2021-04-06 18:37:50,369] {logging_mixin.py:104} INFO - [2021-04-06 18:37:50,369] {dagbag.py:448} INFO - Filling up the DagBag from /Users/garonsmith/Desktop/airflow_study/airflow-etl-explore/.venv/lib/python3.8/site-packages/airflow/example_dags/tutorial.py
[2021-04-06 18:37:50,374] {scheduler_job.py:639} INFO - DAG(s) dict_keys(['tutorial']) retrieved from /Users/garonsmith/Desktop/airflow_study/airflow-etl-explore/.venv/lib/python3.8/site-packages/airflow/example_dags/tutorial.py
[2021-04-06 18:37:50,402] {logging_mixin.py:104} INFO - [2021-04-06 18:37:50,402] {dag.py:1818} INFO - Sync 1 DAGs
[2021-04-06 18:37:50,408] {logging_mixin.py:104} INFO - [2021-04-06 18:37:50,408] {dag.py:2273} INFO - Setting next_dagrun for tutorial to 2021-04-04 00:00:00+00:00
[2021-04-06 18:37:50,412] {scheduler_job.py:190} INFO - Processing /Users/garonsmith/Desktop/airflow_study/airflow-etl-explore/.venv/lib/python3.8/site-packages/airflow/example_dags/tutorial.py took 0.044 seconds
[2021-04-06 18:38:21,656] {scheduler_job.py:182} INFO - Started process (PID=18560) to work on /Users/garonsmith/Desktop/airflow_study/airflow-etl-explore/.venv/lib/python3.8/site-packages/airflow/example_dags/tutorial.py
[2021-04-06 18:38:21,656] {scheduler_job.py:629} INFO - Processing file /Users/garonsmith/Desktop/airflow_study/airflow-etl-explore/.venv/lib/python3.8/site-packages/airflow/example_dags/tutorial.py for tasks to queue
[2021-04-06 18:38:21,657] {logging_mixin.py:104} INFO - [2021-04-06 18:38:21,657] {dagbag.py:448} INFO - Filling up the DagBag from /Users/garonsmith/Desktop/airflow_study/airflow-etl-explore/.venv/lib/python3.8/site-packages/airflow/example_dags/tutorial.py
[2021-04-06 18:38:21,661] {scheduler_job.py:639} INFO - DAG(s) dict_keys(['tutorial']) retrieved from /Users/garonsmith/Desktop/airflow_study/airflow-etl-explore/.venv/lib/python3.8/site-packages/airflow/example_dags/tutorial.py
[2021-04-06 18:38:21,693] {logging_mixin.py:104} INFO - [2021-04-06 18:38:21,693] {dag.py:1818} INFO - Sync 1 DAGs
[2021-04-06 18:38:21,706] {logging_mixin.py:104} INFO - [2021-04-06 18:38:21,706] {dag.py:2273} INFO - Setting next_dagrun for tutorial to 2021-04-04 00:00:00+00:00
[2021-04-06 18:38:21,710] {scheduler_job.py:190} INFO - Processing /Users/garonsmith/Desktop/airflow_study/airflow-etl-explore/.venv/lib/python3.8/site-packages/airflow/example_dags/tutorial.py took 0.055 seconds
[2021-04-06 18:38:52,801] {scheduler_job.py:182} INFO - Started process (PID=18654) to work on /Users/garonsmith/Desktop/airflow_study/airflow-etl-explore/.venv/lib/python3.8/site-packages/airflow/example_dags/tutorial.py
[2021-04-06 18:38:52,801] {scheduler_job.py:629} INFO - Processing file /Users/garonsmith/Desktop/airflow_study/airflow-etl-explore/.venv/lib/python3.8/site-packages/airflow/example_dags/tutorial.py for tasks to queue
[2021-04-06 18:38:52,801] {logging_mixin.py:104} INFO - [2021-04-06 18:38:52,801] {dagbag.py:448} INFO - Filling up the DagBag from /Users/garonsmith/Desktop/airflow_study/airflow-etl-explore/.venv/lib/python3.8/site-packages/airflow/example_dags/tutorial.py
[2021-04-06 18:38:52,805] {scheduler_job.py:639} INFO - DAG(s) dict_keys(['tutorial']) retrieved from /Users/garonsmith/Desktop/airflow_study/airflow-etl-explore/.venv/lib/python3.8/site-packages/airflow/example_dags/tutorial.py
[2021-04-06 18:38:52,843] {logging_mixin.py:104} INFO - [2021-04-06 18:38:52,842] {dag.py:1818} INFO - Sync 1 DAGs
[2021-04-06 18:38:52,862] {logging_mixin.py:104} INFO - [2021-04-06 18:38:52,862] {dag.py:2273} INFO - Setting next_dagrun for tutorial to 2021-04-04 00:00:00+00:00
[2021-04-06 18:38:52,867] {scheduler_job.py:190} INFO - Processing /Users/garonsmith/Desktop/airflow_study/airflow-etl-explore/.venv/lib/python3.8/site-packages/airflow/example_dags/tutorial.py took 0.067 seconds
[2021-04-06 18:39:24,555] {scheduler_job.py:182} INFO - Started process (PID=18758) to work on /Users/garonsmith/Desktop/airflow_study/airflow-etl-explore/.venv/lib/python3.8/site-packages/airflow/example_dags/tutorial.py
[2021-04-06 18:39:24,555] {scheduler_job.py:629} INFO - Processing file /Users/garonsmith/Desktop/airflow_study/airflow-etl-explore/.venv/lib/python3.8/site-packages/airflow/example_dags/tutorial.py for tasks to queue
[2021-04-06 18:39:24,555] {logging_mixin.py:104} INFO - [2021-04-06 18:39:24,555] {dagbag.py:448} INFO - Filling up the DagBag from /Users/garonsmith/Desktop/airflow_study/airflow-etl-explore/.venv/lib/python3.8/site-packages/airflow/example_dags/tutorial.py
[2021-04-06 18:39:24,559] {scheduler_job.py:639} INFO - DAG(s) dict_keys(['tutorial']) retrieved from /Users/garonsmith/Desktop/airflow_study/airflow-etl-explore/.venv/lib/python3.8/site-packages/airflow/example_dags/tutorial.py
[2021-04-06 18:39:24,594] {logging_mixin.py:104} INFO - [2021-04-06 18:39:24,594] {dag.py:1818} INFO - Sync 1 DAGs
[2021-04-06 18:39:24,617] {logging_mixin.py:104} INFO - [2021-04-06 18:39:24,617] {dag.py:2273} INFO - Setting next_dagrun for tutorial to 2021-04-04 00:00:00+00:00
[2021-04-06 18:39:24,623] {scheduler_job.py:190} INFO - Processing /Users/garonsmith/Desktop/airflow_study/airflow-etl-explore/.venv/lib/python3.8/site-packages/airflow/example_dags/tutorial.py took 0.069 seconds
[2021-04-06 18:39:56,032] {scheduler_job.py:182} INFO - Started process (PID=18874) to work on /Users/garonsmith/Desktop/airflow_study/airflow-etl-explore/.venv/lib/python3.8/site-packages/airflow/example_dags/tutorial.py
[2021-04-06 18:39:56,032] {scheduler_job.py:629} INFO - Processing file /Users/garonsmith/Desktop/airflow_study/airflow-etl-explore/.venv/lib/python3.8/site-packages/airflow/example_dags/tutorial.py for tasks to queue
[2021-04-06 18:39:56,032] {logging_mixin.py:104} INFO - [2021-04-06 18:39:56,032] {dagbag.py:448} INFO - Filling up the DagBag from /Users/garonsmith/Desktop/airflow_study/airflow-etl-explore/.venv/lib/python3.8/site-packages/airflow/example_dags/tutorial.py
[2021-04-06 18:39:56,037] {scheduler_job.py:639} INFO - DAG(s) dict_keys(['tutorial']) retrieved from /Users/garonsmith/Desktop/airflow_study/airflow-etl-explore/.venv/lib/python3.8/site-packages/airflow/example_dags/tutorial.py
[2021-04-06 18:39:56,072] {logging_mixin.py:104} INFO - [2021-04-06 18:39:56,072] {dag.py:1818} INFO - Sync 1 DAGs
[2021-04-06 18:39:56,080] {logging_mixin.py:104} INFO - [2021-04-06 18:39:56,080] {dag.py:2273} INFO - Setting next_dagrun for tutorial to 2021-04-04 00:00:00+00:00
[2021-04-06 18:39:56,086] {scheduler_job.py:190} INFO - Processing /Users/garonsmith/Desktop/airflow_study/airflow-etl-explore/.venv/lib/python3.8/site-packages/airflow/example_dags/tutorial.py took 0.055 seconds
[2021-04-06 18:40:27,656] {scheduler_job.py:182} INFO - Started process (PID=18974) to work on /Users/garonsmith/Desktop/airflow_study/airflow-etl-explore/.venv/lib/python3.8/site-packages/airflow/example_dags/tutorial.py
[2021-04-06 18:40:27,656] {scheduler_job.py:629} INFO - Processing file /Users/garonsmith/Desktop/airflow_study/airflow-etl-explore/.venv/lib/python3.8/site-packages/airflow/example_dags/tutorial.py for tasks to queue
[2021-04-06 18:40:27,657] {logging_mixin.py:104} INFO - [2021-04-06 18:40:27,657] {dagbag.py:448} INFO - Filling up the DagBag from /Users/garonsmith/Desktop/airflow_study/airflow-etl-explore/.venv/lib/python3.8/site-packages/airflow/example_dags/tutorial.py
[2021-04-06 18:40:27,660] {scheduler_job.py:639} INFO - DAG(s) dict_keys(['tutorial']) retrieved from /Users/garonsmith/Desktop/airflow_study/airflow-etl-explore/.venv/lib/python3.8/site-packages/airflow/example_dags/tutorial.py
[2021-04-06 18:40:27,702] {logging_mixin.py:104} INFO - [2021-04-06 18:40:27,702] {dag.py:1818} INFO - Sync 1 DAGs
[2021-04-06 18:40:27,709] {logging_mixin.py:104} INFO - [2021-04-06 18:40:27,709] {dag.py:2273} INFO - Setting next_dagrun for tutorial to 2021-04-04 00:00:00+00:00
[2021-04-06 18:40:27,715] {scheduler_job.py:190} INFO - Processing /Users/garonsmith/Desktop/airflow_study/airflow-etl-explore/.venv/lib/python3.8/site-packages/airflow/example_dags/tutorial.py took 0.059 seconds
[2021-04-06 18:40:58,758] {scheduler_job.py:182} INFO - Started process (PID=19053) to work on /Users/garonsmith/Desktop/airflow_study/airflow-etl-explore/.venv/lib/python3.8/site-packages/airflow/example_dags/tutorial.py
[2021-04-06 18:40:58,758] {scheduler_job.py:629} INFO - Processing file /Users/garonsmith/Desktop/airflow_study/airflow-etl-explore/.venv/lib/python3.8/site-packages/airflow/example_dags/tutorial.py for tasks to queue
[2021-04-06 18:40:58,758] {logging_mixin.py:104} INFO - [2021-04-06 18:40:58,758] {dagbag.py:448} INFO - Filling up the DagBag from /Users/garonsmith/Desktop/airflow_study/airflow-etl-explore/.venv/lib/python3.8/site-packages/airflow/example_dags/tutorial.py
[2021-04-06 18:40:58,763] {scheduler_job.py:639} INFO - DAG(s) dict_keys(['tutorial']) retrieved from /Users/garonsmith/Desktop/airflow_study/airflow-etl-explore/.venv/lib/python3.8/site-packages/airflow/example_dags/tutorial.py
[2021-04-06 18:40:58,800] {logging_mixin.py:104} INFO - [2021-04-06 18:40:58,800] {dag.py:1818} INFO - Sync 1 DAGs
[2021-04-06 18:40:58,806] {logging_mixin.py:104} INFO - [2021-04-06 18:40:58,806] {dag.py:2273} INFO - Setting next_dagrun for tutorial to 2021-04-04 00:00:00+00:00
[2021-04-06 18:40:58,811] {scheduler_job.py:190} INFO - Processing /Users/garonsmith/Desktop/airflow_study/airflow-etl-explore/.venv/lib/python3.8/site-packages/airflow/example_dags/tutorial.py took 0.054 seconds
[2021-04-06 18:41:29,907] {scheduler_job.py:182} INFO - Started process (PID=19146) to work on /Users/garonsmith/Desktop/airflow_study/airflow-etl-explore/.venv/lib/python3.8/site-packages/airflow/example_dags/tutorial.py
[2021-04-06 18:41:29,907] {scheduler_job.py:629} INFO - Processing file /Users/garonsmith/Desktop/airflow_study/airflow-etl-explore/.venv/lib/python3.8/site-packages/airflow/example_dags/tutorial.py for tasks to queue
[2021-04-06 18:41:29,908] {logging_mixin.py:104} INFO - [2021-04-06 18:41:29,907] {dagbag.py:448} INFO - Filling up the DagBag from /Users/garonsmith/Desktop/airflow_study/airflow-etl-explore/.venv/lib/python3.8/site-packages/airflow/example_dags/tutorial.py
[2021-04-06 18:41:29,912] {scheduler_job.py:639} INFO - DAG(s) dict_keys(['tutorial']) retrieved from /Users/garonsmith/Desktop/airflow_study/airflow-etl-explore/.venv/lib/python3.8/site-packages/airflow/example_dags/tutorial.py
[2021-04-06 18:41:29,949] {logging_mixin.py:104} INFO - [2021-04-06 18:41:29,949] {dag.py:1818} INFO - Sync 1 DAGs
[2021-04-06 18:41:29,957] {logging_mixin.py:104} INFO - [2021-04-06 18:41:29,957] {dag.py:2273} INFO - Setting next_dagrun for tutorial to 2021-04-04 00:00:00+00:00
[2021-04-06 18:41:29,962] {scheduler_job.py:190} INFO - Processing /Users/garonsmith/Desktop/airflow_study/airflow-etl-explore/.venv/lib/python3.8/site-packages/airflow/example_dags/tutorial.py took 0.055 seconds
[2021-04-06 18:42:00,958] {scheduler_job.py:182} INFO - Started process (PID=19248) to work on /Users/garonsmith/Desktop/airflow_study/airflow-etl-explore/.venv/lib/python3.8/site-packages/airflow/example_dags/tutorial.py
[2021-04-06 18:42:00,958] {scheduler_job.py:629} INFO - Processing file /Users/garonsmith/Desktop/airflow_study/airflow-etl-explore/.venv/lib/python3.8/site-packages/airflow/example_dags/tutorial.py for tasks to queue
[2021-04-06 18:42:00,958] {logging_mixin.py:104} INFO - [2021-04-06 18:42:00,958] {dagbag.py:448} INFO - Filling up the DagBag from /Users/garonsmith/Desktop/airflow_study/airflow-etl-explore/.venv/lib/python3.8/site-packages/airflow/example_dags/tutorial.py
[2021-04-06 18:42:00,963] {scheduler_job.py:639} INFO - DAG(s) dict_keys(['tutorial']) retrieved from /Users/garonsmith/Desktop/airflow_study/airflow-etl-explore/.venv/lib/python3.8/site-packages/airflow/example_dags/tutorial.py
[2021-04-06 18:42:01,000] {logging_mixin.py:104} INFO - [2021-04-06 18:42:01,000] {dag.py:1818} INFO - Sync 1 DAGs
[2021-04-06 18:42:01,007] {logging_mixin.py:104} INFO - [2021-04-06 18:42:01,007] {dag.py:2273} INFO - Setting next_dagrun for tutorial to 2021-04-04 00:00:00+00:00
[2021-04-06 18:42:01,012] {scheduler_job.py:190} INFO - Processing /Users/garonsmith/Desktop/airflow_study/airflow-etl-explore/.venv/lib/python3.8/site-packages/airflow/example_dags/tutorial.py took 0.054 seconds
[2021-04-06 18:42:31,807] {scheduler_job.py:182} INFO - Started process (PID=19340) to work on /Users/garonsmith/Desktop/airflow_study/airflow-etl-explore/.venv/lib/python3.8/site-packages/airflow/example_dags/tutorial.py
[2021-04-06 18:42:31,808] {scheduler_job.py:629} INFO - Processing file /Users/garonsmith/Desktop/airflow_study/airflow-etl-explore/.venv/lib/python3.8/site-packages/airflow/example_dags/tutorial.py for tasks to queue
[2021-04-06 18:42:31,808] {logging_mixin.py:104} INFO - [2021-04-06 18:42:31,808] {dagbag.py:448} INFO - Filling up the DagBag from /Users/garonsmith/Desktop/airflow_study/airflow-etl-explore/.venv/lib/python3.8/site-packages/airflow/example_dags/tutorial.py
[2021-04-06 18:42:31,813] {scheduler_job.py:639} INFO - DAG(s) dict_keys(['tutorial']) retrieved from /Users/garonsmith/Desktop/airflow_study/airflow-etl-explore/.venv/lib/python3.8/site-packages/airflow/example_dags/tutorial.py
[2021-04-06 18:42:31,851] {logging_mixin.py:104} INFO - [2021-04-06 18:42:31,851] {dag.py:1818} INFO - Sync 1 DAGs
[2021-04-06 18:42:31,857] {logging_mixin.py:104} INFO - [2021-04-06 18:42:31,857] {dag.py:2273} INFO - Setting next_dagrun for tutorial to 2021-04-04 00:00:00+00:00
[2021-04-06 18:42:31,862] {scheduler_job.py:190} INFO - Processing /Users/garonsmith/Desktop/airflow_study/airflow-etl-explore/.venv/lib/python3.8/site-packages/airflow/example_dags/tutorial.py took 0.055 seconds
[2021-04-06 18:43:03,165] {scheduler_job.py:182} INFO - Started process (PID=19427) to work on /Users/garonsmith/Desktop/airflow_study/airflow-etl-explore/.venv/lib/python3.8/site-packages/airflow/example_dags/tutorial.py
[2021-04-06 18:43:03,165] {scheduler_job.py:629} INFO - Processing file /Users/garonsmith/Desktop/airflow_study/airflow-etl-explore/.venv/lib/python3.8/site-packages/airflow/example_dags/tutorial.py for tasks to queue
[2021-04-06 18:43:03,166] {logging_mixin.py:104} INFO - [2021-04-06 18:43:03,166] {dagbag.py:448} INFO - Filling up the DagBag from /Users/garonsmith/Desktop/airflow_study/airflow-etl-explore/.venv/lib/python3.8/site-packages/airflow/example_dags/tutorial.py
[2021-04-06 18:43:03,171] {scheduler_job.py:639} INFO - DAG(s) dict_keys(['tutorial']) retrieved from /Users/garonsmith/Desktop/airflow_study/airflow-etl-explore/.venv/lib/python3.8/site-packages/airflow/example_dags/tutorial.py
[2021-04-06 18:43:03,204] {logging_mixin.py:104} INFO - [2021-04-06 18:43:03,204] {dag.py:1818} INFO - Sync 1 DAGs
[2021-04-06 18:43:03,212] {logging_mixin.py:104} INFO - [2021-04-06 18:43:03,212] {dag.py:2273} INFO - Setting next_dagrun for tutorial to 2021-04-04 00:00:00+00:00
[2021-04-06 18:43:03,217] {scheduler_job.py:190} INFO - Processing /Users/garonsmith/Desktop/airflow_study/airflow-etl-explore/.venv/lib/python3.8/site-packages/airflow/example_dags/tutorial.py took 0.053 seconds
[2021-04-06 18:43:33,970] {scheduler_job.py:182} INFO - Started process (PID=19543) to work on /Users/garonsmith/Desktop/airflow_study/airflow-etl-explore/.venv/lib/python3.8/site-packages/airflow/example_dags/tutorial.py
[2021-04-06 18:43:33,971] {scheduler_job.py:629} INFO - Processing file /Users/garonsmith/Desktop/airflow_study/airflow-etl-explore/.venv/lib/python3.8/site-packages/airflow/example_dags/tutorial.py for tasks to queue
[2021-04-06 18:43:33,971] {logging_mixin.py:104} INFO - [2021-04-06 18:43:33,971] {dagbag.py:448} INFO - Filling up the DagBag from /Users/garonsmith/Desktop/airflow_study/airflow-etl-explore/.venv/lib/python3.8/site-packages/airflow/example_dags/tutorial.py
[2021-04-06 18:43:33,975] {scheduler_job.py:639} INFO - DAG(s) dict_keys(['tutorial']) retrieved from /Users/garonsmith/Desktop/airflow_study/airflow-etl-explore/.venv/lib/python3.8/site-packages/airflow/example_dags/tutorial.py
[2021-04-06 18:43:34,033] {logging_mixin.py:104} INFO - [2021-04-06 18:43:34,033] {dag.py:1818} INFO - Sync 1 DAGs
[2021-04-06 18:43:34,059] {logging_mixin.py:104} INFO - [2021-04-06 18:43:34,059] {dag.py:2273} INFO - Setting next_dagrun for tutorial to 2021-04-04 00:00:00+00:00
[2021-04-06 18:43:34,068] {scheduler_job.py:190} INFO - Processing /Users/garonsmith/Desktop/airflow_study/airflow-etl-explore/.venv/lib/python3.8/site-packages/airflow/example_dags/tutorial.py took 0.098 seconds
[2021-04-06 18:43:53,740] {scheduler_job.py:182} INFO - Started process (PID=19663) to work on /Users/garonsmith/Desktop/airflow_study/airflow-etl-explore/.venv/lib/python3.8/site-packages/airflow/example_dags/tutorial.py
[2021-04-06 18:43:53,740] {scheduler_job.py:629} INFO - Processing file /Users/garonsmith/Desktop/airflow_study/airflow-etl-explore/.venv/lib/python3.8/site-packages/airflow/example_dags/tutorial.py for tasks to queue
[2021-04-06 18:43:53,740] {logging_mixin.py:104} INFO - [2021-04-06 18:43:53,740] {dagbag.py:448} INFO - Filling up the DagBag from /Users/garonsmith/Desktop/airflow_study/airflow-etl-explore/.venv/lib/python3.8/site-packages/airflow/example_dags/tutorial.py
[2021-04-06 18:43:53,746] {scheduler_job.py:639} INFO - DAG(s) dict_keys(['tutorial']) retrieved from /Users/garonsmith/Desktop/airflow_study/airflow-etl-explore/.venv/lib/python3.8/site-packages/airflow/example_dags/tutorial.py
[2021-04-06 18:43:53,762] {logging_mixin.py:104} INFO - [2021-04-06 18:43:53,762] {dag.py:1818} INFO - Sync 1 DAGs
[2021-04-06 18:43:53,807] {logging_mixin.py:104} INFO - [2021-04-06 18:43:53,806] {dag.py:2273} INFO - Setting next_dagrun for tutorial to 2021-04-04 00:00:00+00:00
[2021-04-06 18:43:53,811] {scheduler_job.py:190} INFO - Processing /Users/garonsmith/Desktop/airflow_study/airflow-etl-explore/.venv/lib/python3.8/site-packages/airflow/example_dags/tutorial.py took 0.072 seconds
[2021-04-06 18:44:24,450] {scheduler_job.py:182} INFO - Started process (PID=19752) to work on /Users/garonsmith/Desktop/airflow_study/airflow-etl-explore/.venv/lib/python3.8/site-packages/airflow/example_dags/tutorial.py
[2021-04-06 18:44:24,450] {scheduler_job.py:629} INFO - Processing file /Users/garonsmith/Desktop/airflow_study/airflow-etl-explore/.venv/lib/python3.8/site-packages/airflow/example_dags/tutorial.py for tasks to queue
[2021-04-06 18:44:24,450] {logging_mixin.py:104} INFO - [2021-04-06 18:44:24,450] {dagbag.py:448} INFO - Filling up the DagBag from /Users/garonsmith/Desktop/airflow_study/airflow-etl-explore/.venv/lib/python3.8/site-packages/airflow/example_dags/tutorial.py
[2021-04-06 18:44:24,454] {scheduler_job.py:639} INFO - DAG(s) dict_keys(['tutorial']) retrieved from /Users/garonsmith/Desktop/airflow_study/airflow-etl-explore/.venv/lib/python3.8/site-packages/airflow/example_dags/tutorial.py
[2021-04-06 18:44:24,503] {logging_mixin.py:104} INFO - [2021-04-06 18:44:24,503] {dag.py:1818} INFO - Sync 1 DAGs
[2021-04-06 18:44:24,510] {logging_mixin.py:104} INFO - [2021-04-06 18:44:24,510] {dag.py:2273} INFO - Setting next_dagrun for tutorial to 2021-04-04 00:00:00+00:00
[2021-04-06 18:44:24,514] {scheduler_job.py:190} INFO - Processing /Users/garonsmith/Desktop/airflow_study/airflow-etl-explore/.venv/lib/python3.8/site-packages/airflow/example_dags/tutorial.py took 0.065 seconds
[2021-04-06 18:44:55,092] {scheduler_job.py:182} INFO - Started process (PID=19835) to work on /Users/garonsmith/Desktop/airflow_study/airflow-etl-explore/.venv/lib/python3.8/site-packages/airflow/example_dags/tutorial.py
[2021-04-06 18:44:55,092] {scheduler_job.py:629} INFO - Processing file /Users/garonsmith/Desktop/airflow_study/airflow-etl-explore/.venv/lib/python3.8/site-packages/airflow/example_dags/tutorial.py for tasks to queue
[2021-04-06 18:44:55,093] {logging_mixin.py:104} INFO - [2021-04-06 18:44:55,093] {dagbag.py:448} INFO - Filling up the DagBag from /Users/garonsmith/Desktop/airflow_study/airflow-etl-explore/.venv/lib/python3.8/site-packages/airflow/example_dags/tutorial.py
[2021-04-06 18:44:55,097] {scheduler_job.py:639} INFO - DAG(s) dict_keys(['tutorial']) retrieved from /Users/garonsmith/Desktop/airflow_study/airflow-etl-explore/.venv/lib/python3.8/site-packages/airflow/example_dags/tutorial.py
[2021-04-06 18:44:55,129] {logging_mixin.py:104} INFO - [2021-04-06 18:44:55,129] {dag.py:1818} INFO - Sync 1 DAGs
[2021-04-06 18:44:55,135] {logging_mixin.py:104} INFO - [2021-04-06 18:44:55,135] {dag.py:2273} INFO - Setting next_dagrun for tutorial to 2021-04-04 00:00:00+00:00
[2021-04-06 18:44:55,155] {scheduler_job.py:190} INFO - Processing /Users/garonsmith/Desktop/airflow_study/airflow-etl-explore/.venv/lib/python3.8/site-packages/airflow/example_dags/tutorial.py took 0.064 seconds
[2021-04-06 18:45:26,214] {scheduler_job.py:182} INFO - Started process (PID=19922) to work on /Users/garonsmith/Desktop/airflow_study/airflow-etl-explore/.venv/lib/python3.8/site-packages/airflow/example_dags/tutorial.py
[2021-04-06 18:45:26,215] {scheduler_job.py:629} INFO - Processing file /Users/garonsmith/Desktop/airflow_study/airflow-etl-explore/.venv/lib/python3.8/site-packages/airflow/example_dags/tutorial.py for tasks to queue
[2021-04-06 18:45:26,215] {logging_mixin.py:104} INFO - [2021-04-06 18:45:26,215] {dagbag.py:448} INFO - Filling up the DagBag from /Users/garonsmith/Desktop/airflow_study/airflow-etl-explore/.venv/lib/python3.8/site-packages/airflow/example_dags/tutorial.py
[2021-04-06 18:45:26,219] {scheduler_job.py:639} INFO - DAG(s) dict_keys(['tutorial']) retrieved from /Users/garonsmith/Desktop/airflow_study/airflow-etl-explore/.venv/lib/python3.8/site-packages/airflow/example_dags/tutorial.py
[2021-04-06 18:45:26,256] {logging_mixin.py:104} INFO - [2021-04-06 18:45:26,256] {dag.py:1818} INFO - Sync 1 DAGs
[2021-04-06 18:45:26,264] {logging_mixin.py:104} INFO - [2021-04-06 18:45:26,264] {dag.py:2273} INFO - Setting next_dagrun for tutorial to 2021-04-04 00:00:00+00:00
[2021-04-06 18:45:26,270] {scheduler_job.py:190} INFO - Processing /Users/garonsmith/Desktop/airflow_study/airflow-etl-explore/.venv/lib/python3.8/site-packages/airflow/example_dags/tutorial.py took 0.057 seconds
[2021-04-06 18:45:57,329] {scheduler_job.py:182} INFO - Started process (PID=20013) to work on /Users/garonsmith/Desktop/airflow_study/airflow-etl-explore/.venv/lib/python3.8/site-packages/airflow/example_dags/tutorial.py
[2021-04-06 18:45:57,329] {scheduler_job.py:629} INFO - Processing file /Users/garonsmith/Desktop/airflow_study/airflow-etl-explore/.venv/lib/python3.8/site-packages/airflow/example_dags/tutorial.py for tasks to queue
[2021-04-06 18:45:57,329] {logging_mixin.py:104} INFO - [2021-04-06 18:45:57,329] {dagbag.py:448} INFO - Filling up the DagBag from /Users/garonsmith/Desktop/airflow_study/airflow-etl-explore/.venv/lib/python3.8/site-packages/airflow/example_dags/tutorial.py
[2021-04-06 18:45:57,333] {scheduler_job.py:639} INFO - DAG(s) dict_keys(['tutorial']) retrieved from /Users/garonsmith/Desktop/airflow_study/airflow-etl-explore/.venv/lib/python3.8/site-packages/airflow/example_dags/tutorial.py
[2021-04-06 18:45:57,384] {logging_mixin.py:104} INFO - [2021-04-06 18:45:57,384] {dag.py:1818} INFO - Sync 1 DAGs
[2021-04-06 18:45:57,408] {logging_mixin.py:104} INFO - [2021-04-06 18:45:57,408] {dag.py:2273} INFO - Setting next_dagrun for tutorial to 2021-04-04 00:00:00+00:00
[2021-04-06 18:45:57,412] {scheduler_job.py:190} INFO - Processing /Users/garonsmith/Desktop/airflow_study/airflow-etl-explore/.venv/lib/python3.8/site-packages/airflow/example_dags/tutorial.py took 0.084 seconds
[2021-04-06 18:46:28,115] {scheduler_job.py:182} INFO - Started process (PID=20102) to work on /Users/garonsmith/Desktop/airflow_study/airflow-etl-explore/.venv/lib/python3.8/site-packages/airflow/example_dags/tutorial.py
[2021-04-06 18:46:28,116] {scheduler_job.py:629} INFO - Processing file /Users/garonsmith/Desktop/airflow_study/airflow-etl-explore/.venv/lib/python3.8/site-packages/airflow/example_dags/tutorial.py for tasks to queue
[2021-04-06 18:46:28,116] {logging_mixin.py:104} INFO - [2021-04-06 18:46:28,116] {dagbag.py:448} INFO - Filling up the DagBag from /Users/garonsmith/Desktop/airflow_study/airflow-etl-explore/.venv/lib/python3.8/site-packages/airflow/example_dags/tutorial.py
[2021-04-06 18:46:28,120] {scheduler_job.py:639} INFO - DAG(s) dict_keys(['tutorial']) retrieved from /Users/garonsmith/Desktop/airflow_study/airflow-etl-explore/.venv/lib/python3.8/site-packages/airflow/example_dags/tutorial.py
[2021-04-06 18:46:28,156] {logging_mixin.py:104} INFO - [2021-04-06 18:46:28,156] {dag.py:1818} INFO - Sync 1 DAGs
[2021-04-06 18:46:28,163] {logging_mixin.py:104} INFO - [2021-04-06 18:46:28,163] {dag.py:2273} INFO - Setting next_dagrun for tutorial to 2021-04-04 00:00:00+00:00
[2021-04-06 18:46:28,168] {scheduler_job.py:190} INFO - Processing /Users/garonsmith/Desktop/airflow_study/airflow-etl-explore/.venv/lib/python3.8/site-packages/airflow/example_dags/tutorial.py took 0.053 seconds
[2021-04-06 18:46:59,415] {scheduler_job.py:182} INFO - Started process (PID=20190) to work on /Users/garonsmith/Desktop/airflow_study/airflow-etl-explore/.venv/lib/python3.8/site-packages/airflow/example_dags/tutorial.py
[2021-04-06 18:46:59,415] {scheduler_job.py:629} INFO - Processing file /Users/garonsmith/Desktop/airflow_study/airflow-etl-explore/.venv/lib/python3.8/site-packages/airflow/example_dags/tutorial.py for tasks to queue
[2021-04-06 18:46:59,416] {logging_mixin.py:104} INFO - [2021-04-06 18:46:59,416] {dagbag.py:448} INFO - Filling up the DagBag from /Users/garonsmith/Desktop/airflow_study/airflow-etl-explore/.venv/lib/python3.8/site-packages/airflow/example_dags/tutorial.py
[2021-04-06 18:46:59,419] {scheduler_job.py:639} INFO - DAG(s) dict_keys(['tutorial']) retrieved from /Users/garonsmith/Desktop/airflow_study/airflow-etl-explore/.venv/lib/python3.8/site-packages/airflow/example_dags/tutorial.py
[2021-04-06 18:46:59,458] {logging_mixin.py:104} INFO - [2021-04-06 18:46:59,458] {dag.py:1818} INFO - Sync 1 DAGs
[2021-04-06 18:46:59,465] {logging_mixin.py:104} INFO - [2021-04-06 18:46:59,465] {dag.py:2273} INFO - Setting next_dagrun for tutorial to 2021-04-04 00:00:00+00:00
[2021-04-06 18:46:59,471] {scheduler_job.py:190} INFO - Processing /Users/garonsmith/Desktop/airflow_study/airflow-etl-explore/.venv/lib/python3.8/site-packages/airflow/example_dags/tutorial.py took 0.057 seconds
[2021-04-06 18:47:30,303] {scheduler_job.py:182} INFO - Started process (PID=20275) to work on /Users/garonsmith/Desktop/airflow_study/airflow-etl-explore/.venv/lib/python3.8/site-packages/airflow/example_dags/tutorial.py
[2021-04-06 18:47:30,303] {scheduler_job.py:629} INFO - Processing file /Users/garonsmith/Desktop/airflow_study/airflow-etl-explore/.venv/lib/python3.8/site-packages/airflow/example_dags/tutorial.py for tasks to queue
[2021-04-06 18:47:30,303] {logging_mixin.py:104} INFO - [2021-04-06 18:47:30,303] {dagbag.py:448} INFO - Filling up the DagBag from /Users/garonsmith/Desktop/airflow_study/airflow-etl-explore/.venv/lib/python3.8/site-packages/airflow/example_dags/tutorial.py
[2021-04-06 18:47:30,307] {scheduler_job.py:639} INFO - DAG(s) dict_keys(['tutorial']) retrieved from /Users/garonsmith/Desktop/airflow_study/airflow-etl-explore/.venv/lib/python3.8/site-packages/airflow/example_dags/tutorial.py
[2021-04-06 18:47:30,338] {logging_mixin.py:104} INFO - [2021-04-06 18:47:30,338] {dag.py:1818} INFO - Sync 1 DAGs
[2021-04-06 18:47:30,362] {logging_mixin.py:104} INFO - [2021-04-06 18:47:30,361] {dag.py:2273} INFO - Setting next_dagrun for tutorial to 2021-04-04 00:00:00+00:00
[2021-04-06 18:47:30,366] {scheduler_job.py:190} INFO - Processing /Users/garonsmith/Desktop/airflow_study/airflow-etl-explore/.venv/lib/python3.8/site-packages/airflow/example_dags/tutorial.py took 0.064 seconds
[2021-04-06 18:48:01,313] {scheduler_job.py:182} INFO - Started process (PID=20360) to work on /Users/garonsmith/Desktop/airflow_study/airflow-etl-explore/.venv/lib/python3.8/site-packages/airflow/example_dags/tutorial.py
[2021-04-06 18:48:01,313] {scheduler_job.py:629} INFO - Processing file /Users/garonsmith/Desktop/airflow_study/airflow-etl-explore/.venv/lib/python3.8/site-packages/airflow/example_dags/tutorial.py for tasks to queue
[2021-04-06 18:48:01,313] {logging_mixin.py:104} INFO - [2021-04-06 18:48:01,313] {dagbag.py:448} INFO - Filling up the DagBag from /Users/garonsmith/Desktop/airflow_study/airflow-etl-explore/.venv/lib/python3.8/site-packages/airflow/example_dags/tutorial.py
[2021-04-06 18:48:01,317] {scheduler_job.py:639} INFO - DAG(s) dict_keys(['tutorial']) retrieved from /Users/garonsmith/Desktop/airflow_study/airflow-etl-explore/.venv/lib/python3.8/site-packages/airflow/example_dags/tutorial.py
[2021-04-06 18:48:01,360] {logging_mixin.py:104} INFO - [2021-04-06 18:48:01,359] {dag.py:1818} INFO - Sync 1 DAGs
[2021-04-06 18:48:01,367] {logging_mixin.py:104} INFO - [2021-04-06 18:48:01,367] {dag.py:2273} INFO - Setting next_dagrun for tutorial to 2021-04-04 00:00:00+00:00
[2021-04-06 18:48:01,373] {scheduler_job.py:190} INFO - Processing /Users/garonsmith/Desktop/airflow_study/airflow-etl-explore/.venv/lib/python3.8/site-packages/airflow/example_dags/tutorial.py took 0.061 seconds
[2021-04-06 18:48:32,550] {scheduler_job.py:182} INFO - Started process (PID=20448) to work on /Users/garonsmith/Desktop/airflow_study/airflow-etl-explore/.venv/lib/python3.8/site-packages/airflow/example_dags/tutorial.py
[2021-04-06 18:48:32,551] {scheduler_job.py:629} INFO - Processing file /Users/garonsmith/Desktop/airflow_study/airflow-etl-explore/.venv/lib/python3.8/site-packages/airflow/example_dags/tutorial.py for tasks to queue
[2021-04-06 18:48:32,551] {logging_mixin.py:104} INFO - [2021-04-06 18:48:32,551] {dagbag.py:448} INFO - Filling up the DagBag from /Users/garonsmith/Desktop/airflow_study/airflow-etl-explore/.venv/lib/python3.8/site-packages/airflow/example_dags/tutorial.py
[2021-04-06 18:48:32,555] {scheduler_job.py:639} INFO - DAG(s) dict_keys(['tutorial']) retrieved from /Users/garonsmith/Desktop/airflow_study/airflow-etl-explore/.venv/lib/python3.8/site-packages/airflow/example_dags/tutorial.py
[2021-04-06 18:48:32,585] {logging_mixin.py:104} INFO - [2021-04-06 18:48:32,585] {dag.py:1818} INFO - Sync 1 DAGs
[2021-04-06 18:48:32,591] {logging_mixin.py:104} INFO - [2021-04-06 18:48:32,591] {dag.py:2273} INFO - Setting next_dagrun for tutorial to 2021-04-04 00:00:00+00:00
[2021-04-06 18:48:32,616] {scheduler_job.py:190} INFO - Processing /Users/garonsmith/Desktop/airflow_study/airflow-etl-explore/.venv/lib/python3.8/site-packages/airflow/example_dags/tutorial.py took 0.066 seconds
[2021-04-06 18:49:03,686] {scheduler_job.py:182} INFO - Started process (PID=20540) to work on /Users/garonsmith/Desktop/airflow_study/airflow-etl-explore/.venv/lib/python3.8/site-packages/airflow/example_dags/tutorial.py
[2021-04-06 18:49:03,687] {scheduler_job.py:629} INFO - Processing file /Users/garonsmith/Desktop/airflow_study/airflow-etl-explore/.venv/lib/python3.8/site-packages/airflow/example_dags/tutorial.py for tasks to queue
[2021-04-06 18:49:03,687] {logging_mixin.py:104} INFO - [2021-04-06 18:49:03,687] {dagbag.py:448} INFO - Filling up the DagBag from /Users/garonsmith/Desktop/airflow_study/airflow-etl-explore/.venv/lib/python3.8/site-packages/airflow/example_dags/tutorial.py
[2021-04-06 18:49:03,692] {scheduler_job.py:639} INFO - DAG(s) dict_keys(['tutorial']) retrieved from /Users/garonsmith/Desktop/airflow_study/airflow-etl-explore/.venv/lib/python3.8/site-packages/airflow/example_dags/tutorial.py
[2021-04-06 18:49:03,741] {logging_mixin.py:104} INFO - [2021-04-06 18:49:03,741] {dag.py:1818} INFO - Sync 1 DAGs
[2021-04-06 18:49:03,763] {logging_mixin.py:104} INFO - [2021-04-06 18:49:03,763] {dag.py:2273} INFO - Setting next_dagrun for tutorial to 2021-04-04 00:00:00+00:00
[2021-04-06 18:49:03,769] {scheduler_job.py:190} INFO - Processing /Users/garonsmith/Desktop/airflow_study/airflow-etl-explore/.venv/lib/python3.8/site-packages/airflow/example_dags/tutorial.py took 0.083 seconds
[2021-04-06 18:49:04,604] {scheduler_job.py:182} INFO - Started process (PID=20556) to work on /Users/garonsmith/Desktop/airflow_study/airflow-etl-explore/.venv/lib/python3.8/site-packages/airflow/example_dags/tutorial.py
[2021-04-06 18:49:04,604] {scheduler_job.py:629} INFO - Processing file /Users/garonsmith/Desktop/airflow_study/airflow-etl-explore/.venv/lib/python3.8/site-packages/airflow/example_dags/tutorial.py for tasks to queue
[2021-04-06 18:49:04,605] {logging_mixin.py:104} INFO - [2021-04-06 18:49:04,605] {dagbag.py:448} INFO - Filling up the DagBag from /Users/garonsmith/Desktop/airflow_study/airflow-etl-explore/.venv/lib/python3.8/site-packages/airflow/example_dags/tutorial.py
[2021-04-06 18:49:04,611] {scheduler_job.py:639} INFO - DAG(s) dict_keys(['tutorial']) retrieved from /Users/garonsmith/Desktop/airflow_study/airflow-etl-explore/.venv/lib/python3.8/site-packages/airflow/example_dags/tutorial.py
[2021-04-06 18:49:04,626] {logging_mixin.py:104} INFO - [2021-04-06 18:49:04,626] {dag.py:1818} INFO - Sync 1 DAGs
[2021-04-06 18:49:04,665] {logging_mixin.py:104} INFO - [2021-04-06 18:49:04,665] {dag.py:2273} INFO - Setting next_dagrun for tutorial to 2021-04-04 00:00:00+00:00
[2021-04-06 18:49:04,670] {scheduler_job.py:190} INFO - Processing /Users/garonsmith/Desktop/airflow_study/airflow-etl-explore/.venv/lib/python3.8/site-packages/airflow/example_dags/tutorial.py took 0.067 seconds
[2021-04-06 18:49:34,977] {scheduler_job.py:182} INFO - Started process (PID=20715) to work on /Users/garonsmith/Desktop/airflow_study/airflow-etl-explore/.venv/lib/python3.8/site-packages/airflow/example_dags/tutorial.py
[2021-04-06 18:49:34,978] {scheduler_job.py:629} INFO - Processing file /Users/garonsmith/Desktop/airflow_study/airflow-etl-explore/.venv/lib/python3.8/site-packages/airflow/example_dags/tutorial.py for tasks to queue
[2021-04-06 18:49:34,978] {logging_mixin.py:104} INFO - [2021-04-06 18:49:34,978] {dagbag.py:448} INFO - Filling up the DagBag from /Users/garonsmith/Desktop/airflow_study/airflow-etl-explore/.venv/lib/python3.8/site-packages/airflow/example_dags/tutorial.py
[2021-04-06 18:49:34,985] {scheduler_job.py:639} INFO - DAG(s) dict_keys(['tutorial']) retrieved from /Users/garonsmith/Desktop/airflow_study/airflow-etl-explore/.venv/lib/python3.8/site-packages/airflow/example_dags/tutorial.py
[2021-04-06 18:49:35,037] {logging_mixin.py:104} INFO - [2021-04-06 18:49:35,037] {dag.py:1818} INFO - Sync 1 DAGs
[2021-04-06 18:49:35,063] {logging_mixin.py:104} INFO - [2021-04-06 18:49:35,063] {dag.py:2273} INFO - Setting next_dagrun for tutorial to 2021-04-04 00:00:00+00:00
[2021-04-06 18:49:35,070] {scheduler_job.py:190} INFO - Processing /Users/garonsmith/Desktop/airflow_study/airflow-etl-explore/.venv/lib/python3.8/site-packages/airflow/example_dags/tutorial.py took 0.094 seconds
[2021-04-06 18:49:35,576] {scheduler_job.py:182} INFO - Started process (PID=20722) to work on /Users/garonsmith/Desktop/airflow_study/airflow-etl-explore/.venv/lib/python3.8/site-packages/airflow/example_dags/tutorial.py
[2021-04-06 18:49:35,576] {scheduler_job.py:629} INFO - Processing file /Users/garonsmith/Desktop/airflow_study/airflow-etl-explore/.venv/lib/python3.8/site-packages/airflow/example_dags/tutorial.py for tasks to queue
[2021-04-06 18:49:35,577] {logging_mixin.py:104} INFO - [2021-04-06 18:49:35,577] {dagbag.py:448} INFO - Filling up the DagBag from /Users/garonsmith/Desktop/airflow_study/airflow-etl-explore/.venv/lib/python3.8/site-packages/airflow/example_dags/tutorial.py
[2021-04-06 18:49:35,582] {scheduler_job.py:639} INFO - DAG(s) dict_keys(['tutorial']) retrieved from /Users/garonsmith/Desktop/airflow_study/airflow-etl-explore/.venv/lib/python3.8/site-packages/airflow/example_dags/tutorial.py
[2021-04-06 18:49:35,610] {logging_mixin.py:104} INFO - [2021-04-06 18:49:35,610] {dag.py:1818} INFO - Sync 1 DAGs
[2021-04-06 18:49:35,639] {logging_mixin.py:104} INFO - [2021-04-06 18:49:35,638] {dag.py:2273} INFO - Setting next_dagrun for tutorial to 2021-04-04 00:00:00+00:00
[2021-04-06 18:49:35,661] {scheduler_job.py:190} INFO - Processing /Users/garonsmith/Desktop/airflow_study/airflow-etl-explore/.venv/lib/python3.8/site-packages/airflow/example_dags/tutorial.py took 0.085 seconds
[2021-04-06 18:50:06,309] {scheduler_job.py:182} INFO - Started process (PID=20891) to work on /Users/garonsmith/Desktop/airflow_study/airflow-etl-explore/.venv/lib/python3.8/site-packages/airflow/example_dags/tutorial.py
[2021-04-06 18:50:06,309] {scheduler_job.py:629} INFO - Processing file /Users/garonsmith/Desktop/airflow_study/airflow-etl-explore/.venv/lib/python3.8/site-packages/airflow/example_dags/tutorial.py for tasks to queue
[2021-04-06 18:50:06,309] {logging_mixin.py:104} INFO - [2021-04-06 18:50:06,309] {dagbag.py:448} INFO - Filling up the DagBag from /Users/garonsmith/Desktop/airflow_study/airflow-etl-explore/.venv/lib/python3.8/site-packages/airflow/example_dags/tutorial.py
[2021-04-06 18:50:06,314] {scheduler_job.py:639} INFO - DAG(s) dict_keys(['tutorial']) retrieved from /Users/garonsmith/Desktop/airflow_study/airflow-etl-explore/.venv/lib/python3.8/site-packages/airflow/example_dags/tutorial.py
[2021-04-06 18:50:06,361] {logging_mixin.py:104} INFO - [2021-04-06 18:50:06,361] {dag.py:1818} INFO - Sync 1 DAGs
[2021-04-06 18:50:06,370] {logging_mixin.py:104} INFO - [2021-04-06 18:50:06,370] {dag.py:2273} INFO - Setting next_dagrun for tutorial to 2021-04-04 00:00:00+00:00
[2021-04-06 18:50:06,374] {scheduler_job.py:190} INFO - Processing /Users/garonsmith/Desktop/airflow_study/airflow-etl-explore/.venv/lib/python3.8/site-packages/airflow/example_dags/tutorial.py took 0.066 seconds
[2021-04-06 18:50:06,532] {scheduler_job.py:182} INFO - Started process (PID=20898) to work on /Users/garonsmith/Desktop/airflow_study/airflow-etl-explore/.venv/lib/python3.8/site-packages/airflow/example_dags/tutorial.py
[2021-04-06 18:50:06,532] {scheduler_job.py:629} INFO - Processing file /Users/garonsmith/Desktop/airflow_study/airflow-etl-explore/.venv/lib/python3.8/site-packages/airflow/example_dags/tutorial.py for tasks to queue
[2021-04-06 18:50:06,533] {logging_mixin.py:104} INFO - [2021-04-06 18:50:06,533] {dagbag.py:448} INFO - Filling up the DagBag from /Users/garonsmith/Desktop/airflow_study/airflow-etl-explore/.venv/lib/python3.8/site-packages/airflow/example_dags/tutorial.py
[2021-04-06 18:50:06,538] {scheduler_job.py:639} INFO - DAG(s) dict_keys(['tutorial']) retrieved from /Users/garonsmith/Desktop/airflow_study/airflow-etl-explore/.venv/lib/python3.8/site-packages/airflow/example_dags/tutorial.py
[2021-04-06 18:50:06,586] {logging_mixin.py:104} INFO - [2021-04-06 18:50:06,586] {dag.py:1818} INFO - Sync 1 DAGs
[2021-04-06 18:50:06,594] {logging_mixin.py:104} INFO - [2021-04-06 18:50:06,594] {dag.py:2273} INFO - Setting next_dagrun for tutorial to 2021-04-04 00:00:00+00:00
[2021-04-06 18:50:06,614] {scheduler_job.py:190} INFO - Processing /Users/garonsmith/Desktop/airflow_study/airflow-etl-explore/.venv/lib/python3.8/site-packages/airflow/example_dags/tutorial.py took 0.083 seconds
[2021-04-06 18:50:37,064] {scheduler_job.py:182} INFO - Started process (PID=21052) to work on /Users/garonsmith/Desktop/airflow_study/airflow-etl-explore/.venv/lib/python3.8/site-packages/airflow/example_dags/tutorial.py
[2021-04-06 18:50:37,064] {scheduler_job.py:629} INFO - Processing file /Users/garonsmith/Desktop/airflow_study/airflow-etl-explore/.venv/lib/python3.8/site-packages/airflow/example_dags/tutorial.py for tasks to queue
[2021-04-06 18:50:37,064] {logging_mixin.py:104} INFO - [2021-04-06 18:50:37,064] {dagbag.py:448} INFO - Filling up the DagBag from /Users/garonsmith/Desktop/airflow_study/airflow-etl-explore/.venv/lib/python3.8/site-packages/airflow/example_dags/tutorial.py
[2021-04-06 18:50:37,069] {scheduler_job.py:639} INFO - DAG(s) dict_keys(['tutorial']) retrieved from /Users/garonsmith/Desktop/airflow_study/airflow-etl-explore/.venv/lib/python3.8/site-packages/airflow/example_dags/tutorial.py
[2021-04-06 18:50:37,112] {logging_mixin.py:104} INFO - [2021-04-06 18:50:37,112] {dag.py:1818} INFO - Sync 1 DAGs
[2021-04-06 18:50:37,119] {logging_mixin.py:104} INFO - [2021-04-06 18:50:37,119] {dag.py:2273} INFO - Setting next_dagrun for tutorial to 2021-04-04 00:00:00+00:00
[2021-04-06 18:50:37,124] {scheduler_job.py:190} INFO - Processing /Users/garonsmith/Desktop/airflow_study/airflow-etl-explore/.venv/lib/python3.8/site-packages/airflow/example_dags/tutorial.py took 0.061 seconds
[2021-04-06 18:50:37,835] {scheduler_job.py:182} INFO - Started process (PID=21066) to work on /Users/garonsmith/Desktop/airflow_study/airflow-etl-explore/.venv/lib/python3.8/site-packages/airflow/example_dags/tutorial.py
[2021-04-06 18:50:37,836] {scheduler_job.py:629} INFO - Processing file /Users/garonsmith/Desktop/airflow_study/airflow-etl-explore/.venv/lib/python3.8/site-packages/airflow/example_dags/tutorial.py for tasks to queue
[2021-04-06 18:50:37,836] {logging_mixin.py:104} INFO - [2021-04-06 18:50:37,836] {dagbag.py:448} INFO - Filling up the DagBag from /Users/garonsmith/Desktop/airflow_study/airflow-etl-explore/.venv/lib/python3.8/site-packages/airflow/example_dags/tutorial.py
[2021-04-06 18:50:37,841] {scheduler_job.py:639} INFO - DAG(s) dict_keys(['tutorial']) retrieved from /Users/garonsmith/Desktop/airflow_study/airflow-etl-explore/.venv/lib/python3.8/site-packages/airflow/example_dags/tutorial.py
[2021-04-06 18:50:37,912] {logging_mixin.py:104} INFO - [2021-04-06 18:50:37,912] {dag.py:1818} INFO - Sync 1 DAGs
[2021-04-06 18:50:37,922] {logging_mixin.py:104} INFO - [2021-04-06 18:50:37,921] {dag.py:2273} INFO - Setting next_dagrun for tutorial to 2021-04-04 00:00:00+00:00
[2021-04-06 18:50:37,927] {scheduler_job.py:190} INFO - Processing /Users/garonsmith/Desktop/airflow_study/airflow-etl-explore/.venv/lib/python3.8/site-packages/airflow/example_dags/tutorial.py took 0.092 seconds
[2021-04-06 18:51:07,884] {scheduler_job.py:182} INFO - Started process (PID=21220) to work on /Users/garonsmith/Desktop/airflow_study/airflow-etl-explore/.venv/lib/python3.8/site-packages/airflow/example_dags/tutorial.py
[2021-04-06 18:51:07,885] {scheduler_job.py:629} INFO - Processing file /Users/garonsmith/Desktop/airflow_study/airflow-etl-explore/.venv/lib/python3.8/site-packages/airflow/example_dags/tutorial.py for tasks to queue
[2021-04-06 18:51:07,885] {logging_mixin.py:104} INFO - [2021-04-06 18:51:07,885] {dagbag.py:448} INFO - Filling up the DagBag from /Users/garonsmith/Desktop/airflow_study/airflow-etl-explore/.venv/lib/python3.8/site-packages/airflow/example_dags/tutorial.py
[2021-04-06 18:51:07,889] {scheduler_job.py:639} INFO - DAG(s) dict_keys(['tutorial']) retrieved from /Users/garonsmith/Desktop/airflow_study/airflow-etl-explore/.venv/lib/python3.8/site-packages/airflow/example_dags/tutorial.py
[2021-04-06 18:51:07,940] {logging_mixin.py:104} INFO - [2021-04-06 18:51:07,940] {dag.py:1818} INFO - Sync 1 DAGs
[2021-04-06 18:51:07,963] {logging_mixin.py:104} INFO - [2021-04-06 18:51:07,962] {dag.py:2273} INFO - Setting next_dagrun for tutorial to 2021-04-04 00:00:00+00:00
[2021-04-06 18:51:07,968] {scheduler_job.py:190} INFO - Processing /Users/garonsmith/Desktop/airflow_study/airflow-etl-explore/.venv/lib/python3.8/site-packages/airflow/example_dags/tutorial.py took 0.084 seconds
[2021-04-06 18:51:08,664] {scheduler_job.py:182} INFO - Started process (PID=21234) to work on /Users/garonsmith/Desktop/airflow_study/airflow-etl-explore/.venv/lib/python3.8/site-packages/airflow/example_dags/tutorial.py
[2021-04-06 18:51:08,664] {scheduler_job.py:629} INFO - Processing file /Users/garonsmith/Desktop/airflow_study/airflow-etl-explore/.venv/lib/python3.8/site-packages/airflow/example_dags/tutorial.py for tasks to queue
[2021-04-06 18:51:08,665] {logging_mixin.py:104} INFO - [2021-04-06 18:51:08,665] {dagbag.py:448} INFO - Filling up the DagBag from /Users/garonsmith/Desktop/airflow_study/airflow-etl-explore/.venv/lib/python3.8/site-packages/airflow/example_dags/tutorial.py
[2021-04-06 18:51:08,670] {scheduler_job.py:639} INFO - DAG(s) dict_keys(['tutorial']) retrieved from /Users/garonsmith/Desktop/airflow_study/airflow-etl-explore/.venv/lib/python3.8/site-packages/airflow/example_dags/tutorial.py
[2021-04-06 18:51:08,713] {logging_mixin.py:104} INFO - [2021-04-06 18:51:08,713] {dag.py:1818} INFO - Sync 1 DAGs
[2021-04-06 18:51:08,723] {logging_mixin.py:104} INFO - [2021-04-06 18:51:08,723] {dag.py:2273} INFO - Setting next_dagrun for tutorial to 2021-04-04 00:00:00+00:00
[2021-04-06 18:51:08,732] {scheduler_job.py:190} INFO - Processing /Users/garonsmith/Desktop/airflow_study/airflow-etl-explore/.venv/lib/python3.8/site-packages/airflow/example_dags/tutorial.py took 0.068 seconds
[2021-04-06 18:51:38,968] {scheduler_job.py:182} INFO - Started process (PID=21388) to work on /Users/garonsmith/Desktop/airflow_study/airflow-etl-explore/.venv/lib/python3.8/site-packages/airflow/example_dags/tutorial.py
[2021-04-06 18:51:38,968] {scheduler_job.py:629} INFO - Processing file /Users/garonsmith/Desktop/airflow_study/airflow-etl-explore/.venv/lib/python3.8/site-packages/airflow/example_dags/tutorial.py for tasks to queue
[2021-04-06 18:51:38,969] {logging_mixin.py:104} INFO - [2021-04-06 18:51:38,969] {dagbag.py:448} INFO - Filling up the DagBag from /Users/garonsmith/Desktop/airflow_study/airflow-etl-explore/.venv/lib/python3.8/site-packages/airflow/example_dags/tutorial.py
[2021-04-06 18:51:38,974] {scheduler_job.py:639} INFO - DAG(s) dict_keys(['tutorial']) retrieved from /Users/garonsmith/Desktop/airflow_study/airflow-etl-explore/.venv/lib/python3.8/site-packages/airflow/example_dags/tutorial.py
[2021-04-06 18:51:39,014] {logging_mixin.py:104} INFO - [2021-04-06 18:51:39,014] {dag.py:1818} INFO - Sync 1 DAGs
[2021-04-06 18:51:39,022] {logging_mixin.py:104} INFO - [2021-04-06 18:51:39,022] {dag.py:2273} INFO - Setting next_dagrun for tutorial to 2021-04-04 00:00:00+00:00
[2021-04-06 18:51:39,028] {scheduler_job.py:190} INFO - Processing /Users/garonsmith/Desktop/airflow_study/airflow-etl-explore/.venv/lib/python3.8/site-packages/airflow/example_dags/tutorial.py took 0.061 seconds
[2021-04-06 18:51:39,542] {scheduler_job.py:182} INFO - Started process (PID=21396) to work on /Users/garonsmith/Desktop/airflow_study/airflow-etl-explore/.venv/lib/python3.8/site-packages/airflow/example_dags/tutorial.py
[2021-04-06 18:51:39,542] {scheduler_job.py:629} INFO - Processing file /Users/garonsmith/Desktop/airflow_study/airflow-etl-explore/.venv/lib/python3.8/site-packages/airflow/example_dags/tutorial.py for tasks to queue
[2021-04-06 18:51:39,543] {logging_mixin.py:104} INFO - [2021-04-06 18:51:39,543] {dagbag.py:448} INFO - Filling up the DagBag from /Users/garonsmith/Desktop/airflow_study/airflow-etl-explore/.venv/lib/python3.8/site-packages/airflow/example_dags/tutorial.py
[2021-04-06 18:51:39,547] {scheduler_job.py:639} INFO - DAG(s) dict_keys(['tutorial']) retrieved from /Users/garonsmith/Desktop/airflow_study/airflow-etl-explore/.venv/lib/python3.8/site-packages/airflow/example_dags/tutorial.py
[2021-04-06 18:51:39,572] {logging_mixin.py:104} INFO - [2021-04-06 18:51:39,572] {dag.py:1818} INFO - Sync 1 DAGs
[2021-04-06 18:51:39,614] {logging_mixin.py:104} INFO - [2021-04-06 18:51:39,614] {dag.py:2273} INFO - Setting next_dagrun for tutorial to 2021-04-04 00:00:00+00:00
[2021-04-06 18:51:39,620] {scheduler_job.py:190} INFO - Processing /Users/garonsmith/Desktop/airflow_study/airflow-etl-explore/.venv/lib/python3.8/site-packages/airflow/example_dags/tutorial.py took 0.078 seconds
[2021-04-06 18:52:09,923] {scheduler_job.py:182} INFO - Started process (PID=21554) to work on /Users/garonsmith/Desktop/airflow_study/airflow-etl-explore/.venv/lib/python3.8/site-packages/airflow/example_dags/tutorial.py
[2021-04-06 18:52:09,924] {scheduler_job.py:629} INFO - Processing file /Users/garonsmith/Desktop/airflow_study/airflow-etl-explore/.venv/lib/python3.8/site-packages/airflow/example_dags/tutorial.py for tasks to queue
[2021-04-06 18:52:09,924] {logging_mixin.py:104} INFO - [2021-04-06 18:52:09,924] {dagbag.py:448} INFO - Filling up the DagBag from /Users/garonsmith/Desktop/airflow_study/airflow-etl-explore/.venv/lib/python3.8/site-packages/airflow/example_dags/tutorial.py
[2021-04-06 18:52:09,927] {scheduler_job.py:639} INFO - DAG(s) dict_keys(['tutorial']) retrieved from /Users/garonsmith/Desktop/airflow_study/airflow-etl-explore/.venv/lib/python3.8/site-packages/airflow/example_dags/tutorial.py
[2021-04-06 18:52:09,965] {logging_mixin.py:104} INFO - [2021-04-06 18:52:09,965] {dag.py:1818} INFO - Sync 1 DAGs
[2021-04-06 18:52:09,972] {logging_mixin.py:104} INFO - [2021-04-06 18:52:09,972] {dag.py:2273} INFO - Setting next_dagrun for tutorial to 2021-04-04 00:00:00+00:00
[2021-04-06 18:52:09,978] {scheduler_job.py:190} INFO - Processing /Users/garonsmith/Desktop/airflow_study/airflow-etl-explore/.venv/lib/python3.8/site-packages/airflow/example_dags/tutorial.py took 0.055 seconds
[2021-04-06 18:52:41,237] {scheduler_job.py:182} INFO - Started process (PID=21651) to work on /Users/garonsmith/Desktop/airflow_study/airflow-etl-explore/.venv/lib/python3.8/site-packages/airflow/example_dags/tutorial.py
[2021-04-06 18:52:41,237] {scheduler_job.py:629} INFO - Processing file /Users/garonsmith/Desktop/airflow_study/airflow-etl-explore/.venv/lib/python3.8/site-packages/airflow/example_dags/tutorial.py for tasks to queue
[2021-04-06 18:52:41,238] {logging_mixin.py:104} INFO - [2021-04-06 18:52:41,237] {dagbag.py:448} INFO - Filling up the DagBag from /Users/garonsmith/Desktop/airflow_study/airflow-etl-explore/.venv/lib/python3.8/site-packages/airflow/example_dags/tutorial.py
[2021-04-06 18:52:41,243] {scheduler_job.py:639} INFO - DAG(s) dict_keys(['tutorial']) retrieved from /Users/garonsmith/Desktop/airflow_study/airflow-etl-explore/.venv/lib/python3.8/site-packages/airflow/example_dags/tutorial.py
[2021-04-06 18:52:41,295] {logging_mixin.py:104} INFO - [2021-04-06 18:52:41,295] {dag.py:1818} INFO - Sync 1 DAGs
[2021-04-06 18:52:41,320] {logging_mixin.py:104} INFO - [2021-04-06 18:52:41,319] {dag.py:2273} INFO - Setting next_dagrun for tutorial to 2021-04-04 00:00:00+00:00
[2021-04-06 18:52:41,327] {scheduler_job.py:190} INFO - Processing /Users/garonsmith/Desktop/airflow_study/airflow-etl-explore/.venv/lib/python3.8/site-packages/airflow/example_dags/tutorial.py took 0.091 seconds
[2021-04-06 18:53:11,964] {scheduler_job.py:182} INFO - Started process (PID=21737) to work on /Users/garonsmith/Desktop/airflow_study/airflow-etl-explore/.venv/lib/python3.8/site-packages/airflow/example_dags/tutorial.py
[2021-04-06 18:53:11,965] {scheduler_job.py:629} INFO - Processing file /Users/garonsmith/Desktop/airflow_study/airflow-etl-explore/.venv/lib/python3.8/site-packages/airflow/example_dags/tutorial.py for tasks to queue
[2021-04-06 18:53:11,965] {logging_mixin.py:104} INFO - [2021-04-06 18:53:11,965] {dagbag.py:448} INFO - Filling up the DagBag from /Users/garonsmith/Desktop/airflow_study/airflow-etl-explore/.venv/lib/python3.8/site-packages/airflow/example_dags/tutorial.py
[2021-04-06 18:53:11,969] {scheduler_job.py:639} INFO - DAG(s) dict_keys(['tutorial']) retrieved from /Users/garonsmith/Desktop/airflow_study/airflow-etl-explore/.venv/lib/python3.8/site-packages/airflow/example_dags/tutorial.py
[2021-04-06 18:53:12,018] {logging_mixin.py:104} INFO - [2021-04-06 18:53:12,018] {dag.py:1818} INFO - Sync 1 DAGs
[2021-04-06 18:53:12,026] {logging_mixin.py:104} INFO - [2021-04-06 18:53:12,026] {dag.py:2273} INFO - Setting next_dagrun for tutorial to 2021-04-04 00:00:00+00:00
[2021-04-06 18:53:12,034] {scheduler_job.py:190} INFO - Processing /Users/garonsmith/Desktop/airflow_study/airflow-etl-explore/.venv/lib/python3.8/site-packages/airflow/example_dags/tutorial.py took 0.070 seconds
[2021-04-06 18:53:43,122] {scheduler_job.py:182} INFO - Started process (PID=21842) to work on /Users/garonsmith/Desktop/airflow_study/airflow-etl-explore/.venv/lib/python3.8/site-packages/airflow/example_dags/tutorial.py
[2021-04-06 18:53:43,122] {scheduler_job.py:629} INFO - Processing file /Users/garonsmith/Desktop/airflow_study/airflow-etl-explore/.venv/lib/python3.8/site-packages/airflow/example_dags/tutorial.py for tasks to queue
[2021-04-06 18:53:43,122] {logging_mixin.py:104} INFO - [2021-04-06 18:53:43,122] {dagbag.py:448} INFO - Filling up the DagBag from /Users/garonsmith/Desktop/airflow_study/airflow-etl-explore/.venv/lib/python3.8/site-packages/airflow/example_dags/tutorial.py
[2021-04-06 18:53:43,128] {scheduler_job.py:639} INFO - DAG(s) dict_keys(['tutorial']) retrieved from /Users/garonsmith/Desktop/airflow_study/airflow-etl-explore/.venv/lib/python3.8/site-packages/airflow/example_dags/tutorial.py
[2021-04-06 18:53:43,167] {logging_mixin.py:104} INFO - [2021-04-06 18:53:43,167] {dag.py:1818} INFO - Sync 1 DAGs
[2021-04-06 18:53:43,175] {logging_mixin.py:104} INFO - [2021-04-06 18:53:43,175] {dag.py:2273} INFO - Setting next_dagrun for tutorial to 2021-04-04 00:00:00+00:00
[2021-04-06 18:53:43,183] {scheduler_job.py:190} INFO - Processing /Users/garonsmith/Desktop/airflow_study/airflow-etl-explore/.venv/lib/python3.8/site-packages/airflow/example_dags/tutorial.py took 0.062 seconds
[2021-04-06 18:54:13,812] {scheduler_job.py:182} INFO - Started process (PID=21941) to work on /Users/garonsmith/Desktop/airflow_study/airflow-etl-explore/.venv/lib/python3.8/site-packages/airflow/example_dags/tutorial.py
[2021-04-06 18:54:13,813] {scheduler_job.py:629} INFO - Processing file /Users/garonsmith/Desktop/airflow_study/airflow-etl-explore/.venv/lib/python3.8/site-packages/airflow/example_dags/tutorial.py for tasks to queue
[2021-04-06 18:54:13,813] {logging_mixin.py:104} INFO - [2021-04-06 18:54:13,813] {dagbag.py:448} INFO - Filling up the DagBag from /Users/garonsmith/Desktop/airflow_study/airflow-etl-explore/.venv/lib/python3.8/site-packages/airflow/example_dags/tutorial.py
[2021-04-06 18:54:13,817] {scheduler_job.py:639} INFO - DAG(s) dict_keys(['tutorial']) retrieved from /Users/garonsmith/Desktop/airflow_study/airflow-etl-explore/.venv/lib/python3.8/site-packages/airflow/example_dags/tutorial.py
[2021-04-06 18:54:13,845] {logging_mixin.py:104} INFO - [2021-04-06 18:54:13,845] {dag.py:1818} INFO - Sync 1 DAGs
[2021-04-06 18:54:13,867] {logging_mixin.py:104} INFO - [2021-04-06 18:54:13,867] {dag.py:2273} INFO - Setting next_dagrun for tutorial to 2021-04-04 00:00:00+00:00
[2021-04-06 18:54:13,871] {scheduler_job.py:190} INFO - Processing /Users/garonsmith/Desktop/airflow_study/airflow-etl-explore/.venv/lib/python3.8/site-packages/airflow/example_dags/tutorial.py took 0.059 seconds
